Parsing...
Parsing: [0.010s CPU, 0.015s wall-clock]
Normalizing task... [0.000s CPU, 0.000s wall-clock]
Instantiating...
Generating Datalog program... [0.000s CPU, 0.001s wall-clock]
Normalizing Datalog program...
Normalizing Datalog program: [0.010s CPU, 0.005s wall-clock]
Preparing model... [0.000s CPU, 0.003s wall-clock]
Generated 68 rules.
Computing model... [0.020s CPU, 0.019s wall-clock]
606 relevant atoms
564 auxiliary atoms
1170 final queue length
1863 total queue pushes
Completing instantiation... [0.050s CPU, 0.057s wall-clock]
Instantiating: [0.080s CPU, 0.086s wall-clock]
Computing fact groups...
Finding invariants...
15 initial candidates
Finding invariants: [0.020s CPU, 0.004s wall-clock]
Checking invariant weight... [0.000s CPU, 0.000s wall-clock]
Instantiating groups... [0.000s CPU, 0.000s wall-clock]
Collecting mutex groups... [0.000s CPU, 0.000s wall-clock]
Choosing groups...
58 uncovered facts
Choosing groups: [0.000s CPU, 0.000s wall-clock]
Building translation key... [0.000s CPU, 0.000s wall-clock]
Computing fact groups: [0.020s CPU, 0.005s wall-clock]
Building STRIPS to SAS dictionary... [0.000s CPU, 0.000s wall-clock]
Building dictionary for full mutex groups... [0.000s CPU, 0.000s wall-clock]
Building mutex information...
Building mutex information: [0.000s CPU, 0.000s wall-clock]
Translating task...
Processing axioms...
Simplifying axioms... [0.000s CPU, 0.000s wall-clock]
Processing axioms: [0.000s CPU, 0.002s wall-clock]
Translating task: [0.030s CPU, 0.034s wall-clock]
613 effect conditions simplified
0 implied preconditions added
Detecting unreachable propositions...
0 operators removed
10 propositions removed
Detecting unreachable propositions: [0.010s CPU, 0.007s wall-clock]
Translator variables: 56
Translator derived variables: 0
Translator facts: 115
Translator goal facts: 2
Translator mutex groups: 2
Translator total mutex groups size: 7
Translator operators: 378
Translator axioms: 0
Translator task size: 2999
Translator peak memory: 34984 KB
Writing output... [0.010s CPU, 0.006s wall-clock]
Done! [0.160s CPU, 0.155s wall-clock]
real 0.44
user 0.20
sys 0.03
maxmem 10456
