This is a nonunit task.
reading input... [t=0s]
Simplifying transitions... done!
done reading input! [t=0.02s]
building causal graph...done! [t=0.02s]
packing state variables...Variables: 56
Bytes per state: 8
done! [t=0.02s]
done initalizing global data [t=0.02s]
Initializing Exploration...
Generating landmarks using the RPG/SAS+ approach
approx. reasonable orders
approx. obedient reasonable orders
Removed 0 reasonable or obedient reasonable orders
Landmarks generation time: 0.0211604s
Discovered 85 landmarks, of which 0 are disjunctive and 0 are conjunctive 
239 edges
Initializing LAMA-FF Synergy Object
Initializing landmarks count heuristic...
52 initial landmarks, 2 goal landmarks
Initializing Exploration...
Generating landmarks using the RPG/SAS+ approach
approx. reasonable orders
approx. obedient reasonable orders
Removed 0 reasonable or obedient reasonable orders
Landmarks generation time: 0.0170201s
Discovered 85 landmarks, of which 0 are disjunctive and 0 are conjunctive 
239 edges
Initializing LAMA-FF Synergy Object
Initializing landmarks count heuristic...
52 initial landmarks, 2 goal landmarks
Starting search: lazy_greedy(list(hff1, hlm1), preferred = list(hff1, hlm1), cost_type = 1, reopen_closed = false)
Conducting lazy best first search, (real) bound = 2147483647
Best heuristic value: 33/34 [g=0, 1 evaluated, 0 expanded, t=0.06s, 4928 KB]
Best heuristic value: 32/33 [g=1, 14 evaluated, 12 expanded, t=0.06s, 4928 KB]
Best heuristic value: 31/32 [g=4, 115 evaluated, 91 expanded, t=0.08s, 4928 KB]
Best heuristic value: 31/31 [g=5, 122 evaluated, 98 expanded, t=0.08s, 4928 KB]
Best heuristic value: 30/31 [g=5, 129 evaluated, 105 expanded, t=0.08s, 4928 KB]
Best heuristic value: 29/31 [g=6, 130 evaluated, 106 expanded, t=0.08s, 4928 KB]
Best heuristic value: 28/30 [g=7, 147 evaluated, 123 expanded, t=0.08s, 4928 KB]
Best heuristic value: 28/29 [g=10, 292 evaluated, 232 expanded, t=0.1s, 4928 KB]
Best heuristic value: 27/29 [g=11, 303 evaluated, 243 expanded, t=0.1s, 4928 KB]
Best heuristic value: 26/28 [g=12, 306 evaluated, 246 expanded, t=0.1s, 4928 KB]
Best heuristic value: 25/27 [g=16, 513 evaluated, 379 expanded, t=0.12s, 5060 KB]
Best heuristic value: 25/26 [g=18, 538 evaluated, 404 expanded, t=0.12s, 5060 KB]
Best heuristic value: 24/26 [g=21, 570 evaluated, 433 expanded, t=0.12s, 5060 KB]
Best heuristic value: 23/25 [g=25, 708 evaluated, 542 expanded, t=0.14s, 5060 KB]
Best heuristic value: 22/25 [g=25, 736 evaluated, 566 expanded, t=0.14s, 5060 KB]
Best heuristic value: 22/24 [g=26, 740 evaluated, 570 expanded, t=0.14s, 5060 KB]
Best heuristic value: 21/23 [g=27, 785 evaluated, 611 expanded, t=0.14s, 5060 KB]
Best heuristic value: 20/22 [g=37, 964 evaluated, 736 expanded, t=0.16s, 5188 KB]
Best heuristic value: 20/21 [g=37, 1002 evaluated, 767 expanded, t=0.16s, 5188 KB]
Best heuristic value: 20/20 [g=39, 1010 evaluated, 775 expanded, t=0.16s, 5188 KB]
Best heuristic value: 19/20 [g=39, 1014 evaluated, 779 expanded, t=0.16s, 5188 KB]
Best heuristic value: 18/20 [g=40, 1015 evaluated, 780 expanded, t=0.16s, 5188 KB]
Best heuristic value: 17/19 [g=41, 1025 evaluated, 790 expanded, t=0.16s, 5188 KB]
Best heuristic value: 17/18 [g=45, 1084 evaluated, 837 expanded, t=0.16s, 5188 KB]
Best heuristic value: 15/18 [g=45, 1092 evaluated, 845 expanded, t=0.16s, 5188 KB]
Best heuristic value: 14/18 [g=46, 1097 evaluated, 850 expanded, t=0.16s, 5188 KB]
Best heuristic value: 14/17 [g=47, 1102 evaluated, 855 expanded, t=0.16s, 5188 KB]
Best heuristic value: 14/16 [g=49, 1139 evaluated, 886 expanded, t=0.18s, 5188 KB]
Best heuristic value: 14/15 [g=50, 1140 evaluated, 887 expanded, t=0.18s, 5188 KB]
Best heuristic value: 13/15 [g=52, 1158 evaluated, 902 expanded, t=0.18s, 5188 KB]
Best heuristic value: 13/14 [g=53, 1160 evaluated, 904 expanded, t=0.18s, 5188 KB]
Best heuristic value: 12/13 [g=54, 1168 evaluated, 912 expanded, t=0.18s, 5188 KB]
Best heuristic value: 11/12 [g=55, 1169 evaluated, 913 expanded, t=0.18s, 5188 KB]
Best heuristic value: 10/12 [g=57, 1177 evaluated, 921 expanded, t=0.18s, 5188 KB]
Best heuristic value: 9/11 [g=58, 1179 evaluated, 923 expanded, t=0.18s, 5188 KB]
Best heuristic value: 8/11 [g=59, 1185 evaluated, 929 expanded, t=0.18s, 5320 KB]
Best heuristic value: 7/11 [g=60, 1189 evaluated, 933 expanded, t=0.18s, 5320 KB]
Best heuristic value: 6/10 [g=61, 1194 evaluated, 938 expanded, t=0.18s, 5320 KB]
Best heuristic value: 6/9 [g=62, 1198 evaluated, 942 expanded, t=0.18s, 5320 KB]
Best heuristic value: 6/8 [g=64, 1206 evaluated, 950 expanded, t=0.18s, 5320 KB]
Best heuristic value: 6/7 [g=65, 1207 evaluated, 951 expanded, t=0.18s, 5320 KB]
Best heuristic value: 6/6 [g=67, 1210 evaluated, 954 expanded, t=0.18s, 5320 KB]
Best heuristic value: 5/5 [g=68, 1211 evaluated, 955 expanded, t=0.18s, 5320 KB]
Best heuristic value: 4/5 [g=70, 1215 evaluated, 959 expanded, t=0.18s, 5320 KB]
Best heuristic value: 3/4 [g=71, 1216 evaluated, 960 expanded, t=0.18s, 5320 KB]
Best heuristic value: 3/3 [g=73, 1218 evaluated, 962 expanded, t=0.18s, 5320 KB]
Best heuristic value: 2/2 [g=74, 1219 evaluated, 963 expanded, t=0.18s, 5320 KB]
Best heuristic value: 1/1 [g=75, 1220 evaluated, 964 expanded, t=0.18s, 5320 KB]
Solution found!
Actual search time: 0.12s [t=0.18s]
slide-base-in b-0 carry-in table-in (1)
move-arm arm1 tray-a table-in (2)
eject-base b-0 arm1 table-in (1)
move-arm-holding arm1 table-in gasket-machine b-0 (2)
set-base b-0 arm1 gasket-machine (1)
move-arm arm1 gasket-machine inspection-machine (9)
assemble-with-machine b-0 gasket-machine insert-gasket nothing-done (2)
move-arm arm1 inspection-machine gasket-machine (5)
eject-base b-0 arm1 gasket-machine (1)
move-arm-holding arm1 gasket-machine inspection-machine b-0 (9)
move-arm-holding arm1 inspection-machine table2 b-0 (12)
set-base b-0 arm1 table2 (1)
move-arm arm1 table2 inspection-machine (2)
move-arm arm1 inspection-machine tray-a (3)
pickup-component part-a arm1 tray-a (1)
move-arm-holding arm1 tray-a inspection-machine part-a (11)
move-arm arm2 oiling-machine table2 (4)
eject-base b-0 arm2 table2 (1)
move-arm-holding arm2 table2 table1 b-0 (7)
set-base b-0 arm2 table1 (1)
move-arm arm2 table1 oiling-machine (4)
move-arm-holding arm1 inspection-machine table1 part-a (6)
assemble-with-arm part-a attatch-a insert-gasket b-0 arm1 table1 (2)
eject-base b-0 arm1 table1 (1)
move-arm-holding arm1 table1 inspection-machine b-0 (8)
move-arm-holding arm1 inspection-machine table2 b-0 (12)
set-base b-0 arm1 table2 (1)
move-arm arm1 table2 inspection-machine (2)
move-arm arm2 oiling-machine table2 (4)
eject-base b-0 arm2 table2 (1)
move-arm-holding arm2 table2 oiling-machine b-0 (10)
move-arm arm1 inspection-machine table1 (6)
move-arm-holding arm2 oiling-machine screw-machine-a b-0 (11)
set-base b-0 arm2 screw-machine-a (1)
assemble-with-machine b-0 screw-machine-a screw-a attatch-a (2)
eject-base b-0 arm2 screw-machine-a (1)
move-arm-holding arm2 screw-machine-a oiling-machine b-0 (3)
move-arm arm1 table1 inspection-machine (8)
set-base b-0 arm2 oiling-machine (1)
move-arm arm2 oiling-machine screw-machine-c (3)
assemble-with-machine b-0 oiling-machine oil-cylinder screw-a (3)
move-arm arm2 screw-machine-c oiling-machine (11)
eject-base b-0 arm2 oiling-machine (1)
move-arm-holding arm2 oiling-machine screw-machine-c b-0 (3)
move-arm-holding arm2 screw-machine-c table2 b-0 (2)
set-base b-0 arm2 table2 (1)
move-arm arm2 table2 screw-machine-c (12)
move-arm arm2 screw-machine-c tray-b (10)
pickup-component part-b arm2 tray-b (1)
move-arm-holding arm2 tray-b screw-machine-c part-b (4)
move-arm-holding arm2 screw-machine-c table2 part-b (2)
assemble-with-arm part-b attatch-b oil-cylinder b-0 arm2 table2 (2)
move-arm arm2 table2 tray-c (11)
pickup-component part-c arm2 tray-c (1)
move-arm-holding arm2 tray-c screw-machine-c part-c (2)
move-arm-holding arm2 screw-machine-c table2 part-c (2)
assemble-with-arm part-c attatch-c attatch-b b-0 arm2 table2 (3)
eject-base b-0 arm2 table2 (1)
move-arm-holding arm2 table2 screw-machine-c b-0 (12)
set-base b-0 arm2 screw-machine-c (1)
assemble-with-machine b-0 screw-machine-c screw-c attatch-c (3)
eject-base b-0 arm2 screw-machine-c (1)
move-arm-holding arm2 screw-machine-c table1 b-0 (8)
set-base b-0 arm2 table1 (1)
move-arm arm2 table1 oiling-machine (4)
move-arm arm1 inspection-machine table1 (6)
eject-base b-0 arm1 table1 (1)
move-arm-holding arm1 table1 inspection-machine b-0 (8)
set-base b-0 arm1 inspection-machine (1)
move-arm arm1 inspection-machine table-out (2)
assemble-with-machine b-0 inspection-machine inspect-base screw-c (3)
move-arm arm1 table-out inspection-machine (12)
eject-base b-0 arm1 inspection-machine (1)
move-arm-holding arm1 inspection-machine table-out b-0 (2)
set-base b-0 arm1 table-out (1)
slide-base-out b-0 table-out carry-out (1)
Plan length: 76 step(s).
Plan cost: 303
Initial state h value: 33/34.
Expanded 965 state(s).
Reopened 0 state(s).
Evaluated 1221 state(s).
Evaluations: 2442
Generated 11917 state(s).
Dead ends: 255 state(s).
Best solution cost so far: 303
Solution found - keep searching
Starting search: lazy_greedy(list(hff2, hlm2), preferred = list(hff2, hlm2), reopen_closed = false)
Conducting lazy best first search, (real) bound = 303
Switch from bucket-based to heap-based queue at key = 160, num_pushes = 118
Best heuristic value: 88/154 [g=0, 1 evaluated, 0 expanded, t=0.18s, 5320 KB]
Best heuristic value: 86/154 [g=3, 2 evaluated, 1 expanded, t=0.18s, 5320 KB]
Best heuristic value: 86/144 [g=12, 3 evaluated, 2 expanded, t=0.18s, 5320 KB]
Best heuristic value: 84/144 [g=14, 4 evaluated, 3 expanded, t=0.18s, 5320 KB]
Best heuristic value: 84/134 [g=23, 5 evaluated, 4 expanded, t=0.18s, 5320 KB]
Best heuristic value: 84/129 [g=35, 12 evaluated, 11 expanded, t=0.18s, 5320 KB]
Best heuristic value: 84/116 [g=22, 13 evaluated, 12 expanded, t=0.18s, 5320 KB]
Best heuristic value: 82/116 [g=15, 20 evaluated, 19 expanded, t=0.18s, 5320 KB]
Best heuristic value: 82/114 [g=23, 28 evaluated, 27 expanded, t=0.18s, 5320 KB]
Best heuristic value: 81/114 [g=28, 67 evaluated, 64 expanded, t=0.18s, 5444 KB]
Best heuristic value: 78/114 [g=30, 68 evaluated, 65 expanded, t=0.18s, 5444 KB]
Best heuristic value: 78/106 [g=38, 74 evaluated, 71 expanded, t=0.18s, 5444 KB]
Best heuristic value: 77/106 [g=31, 81 evaluated, 78 expanded, t=0.2s, 5444 KB]
Best heuristic value: 74/106 [g=40, 82 evaluated, 79 expanded, t=0.2s, 5444 KB]
Best heuristic value: 71/106 [g=42, 104 evaluated, 101 expanded, t=0.2s, 5444 KB]
Best heuristic value: 71/103 [g=54, 114 evaluated, 111 expanded, t=0.2s, 5444 KB]
Best heuristic value: 70/103 [g=57, 275 evaluated, 247 expanded, t=0.22s, 5444 KB]
Best heuristic value: 70/94 [g=69, 281 evaluated, 253 expanded, t=0.22s, 5444 KB]
Best heuristic value: 69/94 [g=58, 288 evaluated, 260 expanded, t=0.22s, 5572 KB]
Best heuristic value: 66/94 [g=60, 293 evaluated, 265 expanded, t=0.22s, 5572 KB]
Best heuristic value: 66/90 [g=100, 479 evaluated, 428 expanded, t=0.24s, 5572 KB]
Best heuristic value: 65/90 [g=107, 503 evaluated, 450 expanded, t=0.24s, 5572 KB]
Best heuristic value: 63/90 [g=109, 504 evaluated, 451 expanded, t=0.24s, 5572 KB]
Best heuristic value: 60/90 [g=118, 614 evaluated, 539 expanded, t=0.24s, 5572 KB]
Best heuristic value: 60/87 [g=130, 621 evaluated, 546 expanded, t=0.24s, 5572 KB]
Best heuristic value: 59/83 [g=133, 629 evaluated, 554 expanded, t=0.24s, 5572 KB]
Best heuristic value: 59/74 [g=145, 632 evaluated, 557 expanded, t=0.24s, 5572 KB]
Best heuristic value: 58/74 [g=134, 638 evaluated, 563 expanded, t=0.24s, 5696 KB]
Best heuristic value: 57/74 [g=137, 640 evaluated, 565 expanded, t=0.24s, 5696 KB]
Best heuristic value: 55/74 [g=140, 643 evaluated, 568 expanded, t=0.24s, 5696 KB]
Best heuristic value: 55/71 [g=148, 653 evaluated, 578 expanded, t=0.24s, 5696 KB]
Best heuristic value: 52/71 [g=142, 654 evaluated, 579 expanded, t=0.24s, 5696 KB]
Best heuristic value: 52/69 [g=152, 668 evaluated, 593 expanded, t=0.26s, 5696 KB]
Best heuristic value: 52/62 [g=164, 674 evaluated, 599 expanded, t=0.26s, 5696 KB]
Best heuristic value: 51/62 [g=166, 676 evaluated, 601 expanded, t=0.26s, 5696 KB]
Best heuristic value: 49/62 [g=167, 690 evaluated, 615 expanded, t=0.26s, 5696 KB]
Best heuristic value: 49/58 [g=168, 697 evaluated, 621 expanded, t=0.26s, 5696 KB]
Best heuristic value: 45/58 [g=170, 699 evaluated, 622 expanded, t=0.26s, 5696 KB]
Best heuristic value: 44/58 [g=185, 717 evaluated, 638 expanded, t=0.26s, 5696 KB]
Best heuristic value: 44/57 [g=186, 720 evaluated, 641 expanded, t=0.26s, 5696 KB]
Best heuristic value: 41/57 [g=190, 727 evaluated, 648 expanded, t=0.26s, 5696 KB]
Best heuristic value: 38/57 [g=192, 730 evaluated, 651 expanded, t=0.26s, 5696 KB]
Best heuristic value: 38/53 [g=212, 732 evaluated, 653 expanded, t=0.26s, 5696 KB]
Best heuristic value: 38/51 [g=213, 790 evaluated, 701 expanded, t=0.26s, 5696 KB]
Best heuristic value: 38/43 [g=216, 796 evaluated, 707 expanded, t=0.26s, 5696 KB]
Best heuristic value: 35/43 [g=223, 808 evaluated, 719 expanded, t=0.26s, 5696 KB]
Best heuristic value: 35/40 [g=246, 818 evaluated, 729 expanded, t=0.26s, 5696 KB]
Best heuristic value: 35/38 [g=247, 821 evaluated, 732 expanded, t=0.26s, 5696 KB]
Best heuristic value: 33/38 [g=249, 822 evaluated, 733 expanded, t=0.26s, 5696 KB]
Best heuristic value: 30/38 [g=251, 823 evaluated, 734 expanded, t=0.26s, 5696 KB]
Best heuristic value: 30/34 [g=249, 824 evaluated, 735 expanded, t=0.26s, 5696 KB]
Best heuristic value: 26/34 [g=256, 835 evaluated, 746 expanded, t=0.26s, 5696 KB]
Best heuristic value: 23/34 [g=268, 836 evaluated, 747 expanded, t=0.26s, 5696 KB]
Best heuristic value: 23/30 [g=280, 839 evaluated, 750 expanded, t=0.26s, 5696 KB]
Best heuristic value: 21/30 [g=283, 841 evaluated, 752 expanded, t=0.26s, 5696 KB]
Best heuristic value: 18/30 [g=286, 848 evaluated, 759 expanded, t=0.28s, 5696 KB]
Best heuristic value: 15/30 [g=273, 900 evaluated, 802 expanded, t=0.28s, 5820 KB]
Best heuristic value: 15/26 [g=285, 901 evaluated, 803 expanded, t=0.28s, 5820 KB]
Best heuristic value: 15/24 [g=286, 904 evaluated, 806 expanded, t=0.28s, 5820 KB]
Best heuristic value: 15/22 [g=285, 915 evaluated, 817 expanded, t=0.28s, 5820 KB]
Best heuristic value: 13/13 [g=300, 921 evaluated, 823 expanded, t=0.28s, 5820 KB]
Completely explored state space -- no solution!
Actual search time: 0.98s [t=1.16s]
Initial state h value: 88/154.
Expanded 7071 state(s).
Reopened 0 state(s).
Evaluated 8949 state(s).
Evaluations: 17898
Generated 86222 state(s).
Dead ends: 1878 state(s).
Best solution cost so far: 303
No solution found - keep searching
Starting search: lazy_wastar(list(hff2, hlm2), preferred = list(hff2, hlm2), w = 5)
Conducting lazy best first search, (real) bound = 303
Best heuristic value: 88/154 [g=0, 1 evaluated, 0 expanded, t=1.16s, 6736 KB]
Best heuristic value: 86/152 [g=1, 3 evaluated, 1 expanded, t=1.16s, 6736 KB]
Best heuristic value: 84/152 [g=3, 5 evaluated, 2 expanded, t=1.16s, 6736 KB]
Best heuristic value: 83/152 [g=4, 6 evaluated, 3 expanded, t=1.16s, 6736 KB]
Best heuristic value: 80/147 [g=6, 9 evaluated, 6 expanded, t=1.16s, 6736 KB]
Best heuristic value: 79/147 [g=7, 10 evaluated, 7 expanded, t=1.16s, 6736 KB]
Best heuristic value: 79/142 [g=8, 11 evaluated, 8 expanded, t=1.16s, 6736 KB]
Best heuristic value: 76/142 [g=9, 12 evaluated, 9 expanded, t=1.16s, 6736 KB]
Best heuristic value: 74/142 [g=11, 14 evaluated, 11 expanded, t=1.16s, 6736 KB]
Best heuristic value: 71/142 [g=13, 19 evaluated, 15 expanded, t=1.16s, 6736 KB]
Best heuristic value: 71/139 [g=11, 21 evaluated, 16 expanded, t=1.16s, 6736 KB]
Best heuristic value: 71/115 [g=18, 26 evaluated, 21 expanded, 2 reopened, t=1.16s, 6736 KB]
Best heuristic value: 71/103 [g=29, 38 evaluated, 32 expanded, 2 reopened, t=1.18s, 6736 KB]
Best heuristic value: 70/103 [g=28, 183 evaluated, 160 expanded, 67 reopened, t=1.18s, 6736 KB]
Best heuristic value: 69/103 [g=29, 185 evaluated, 162 expanded, 68 reopened, t=1.18s, 6736 KB]
Best heuristic value: 69/94 [g=45, 239 evaluated, 208 expanded, 81 reopened, t=1.2s, 6736 KB]
Best heuristic value: 66/94 [g=39, 269 evaluated, 234 expanded, 83 reopened, t=1.2s, 6736 KB]
Best heuristic value: 66/90 [g=61, 622 evaluated, 531 expanded, 212 reopened, t=1.24s, 6736 KB]
Best heuristic value: 63/90 [g=67, 644 evaluated, 553 expanded, 214 reopened, t=1.24s, 6736 KB]
Best heuristic value: 61/90 [g=47, 708 evaluated, 606 expanded, 225 reopened, t=1.24s, 6736 KB]
Best heuristic value: 58/90 [g=55, 717 evaluated, 614 expanded, 226 reopened, t=1.24s, 6736 KB]
Best heuristic value: 55/90 [g=58, 731 evaluated, 624 expanded, 226 reopened, t=1.24s, 6736 KB]
Best heuristic value: 55/74 [g=64, 732 evaluated, 625 expanded, 226 reopened, t=1.24s, 6736 KB]
Best heuristic value: 54/74 [g=74, 977 evaluated, 821 expanded, 316 reopened, t=1.26s, 6868 KB]
Best heuristic value: 52/74 [g=75, 980 evaluated, 824 expanded, 316 reopened, t=1.26s, 6868 KB]
Best heuristic value: 51/71 [g=76, 986 evaluated, 829 expanded, 317 reopened, t=1.26s, 6868 KB]
Best heuristic value: 51/62 [g=88, 993 evaluated, 836 expanded, 317 reopened, t=1.28s, 6868 KB]
Best heuristic value: 50/62 [g=81, 996 evaluated, 839 expanded, 317 reopened, t=1.28s, 6868 KB]
Best heuristic value: 47/62 [g=83, 1001 evaluated, 844 expanded, 317 reopened, t=1.28s, 6868 KB]
Best heuristic value: 47/57 [g=97, 1025 evaluated, 865 expanded, 317 reopened, t=1.28s, 7000 KB]
Best heuristic value: 44/57 [g=99, 1027 evaluated, 867 expanded, 317 reopened, t=1.28s, 7000 KB]
Best heuristic value: 41/57 [g=102, 1034 evaluated, 874 expanded, 318 reopened, t=1.28s, 7000 KB]
Best heuristic value: 38/57 [g=104, 1038 evaluated, 878 expanded, 318 reopened, t=1.28s, 7000 KB]
Best heuristic value: 38/53 [g=109, 1072 evaluated, 908 expanded, 333 reopened, t=1.28s, 7000 KB]
Best heuristic value: 38/52 [g=115, 1164 evaluated, 988 expanded, 356 reopened, t=1.3s, 7000 KB]
Best heuristic value: 38/43 [g=127, 1168 evaluated, 992 expanded, 356 reopened, t=1.3s, 7000 KB]
Best heuristic value: 35/43 [g=120, 1173 evaluated, 997 expanded, 356 reopened, t=1.3s, 7000 KB]
Best heuristic value: 33/43 [g=132, 1186 evaluated, 1010 expanded, 356 reopened, t=1.3s, 7000 KB]
Best heuristic value: 30/43 [g=134, 1187 evaluated, 1011 expanded, 356 reopened, t=1.3s, 7000 KB]
Best heuristic value: 30/34 [g=146, 1190 evaluated, 1014 expanded, 356 reopened, t=1.3s, 7000 KB]
Best heuristic value: 26/34 [g=139, 1193 evaluated, 1017 expanded, 356 reopened, t=1.3s, 7000 KB]
Best heuristic value: 24/34 [g=140, 1194 evaluated, 1018 expanded, 356 reopened, t=1.3s, 7128 KB]
Best heuristic value: 21/34 [g=153, 1205 evaluated, 1029 expanded, 356 reopened, t=1.3s, 7128 KB]
Best heuristic value: 19/34 [g=154, 1206 evaluated, 1030 expanded, 356 reopened, t=1.3s, 7128 KB]
Best heuristic value: 15/34 [g=157, 1210 evaluated, 1034 expanded, 356 reopened, t=1.3s, 7128 KB]
Best heuristic value: 15/33 [g=158, 1211 evaluated, 1035 expanded, 356 reopened, t=1.3s, 7128 KB]
Best heuristic value: 15/27 [g=166, 1216 evaluated, 1040 expanded, 356 reopened, t=1.3s, 7128 KB]
Best heuristic value: 15/25 [g=167, 1217 evaluated, 1041 expanded, 356 reopened, t=1.3s, 7128 KB]
Best heuristic value: 15/22 [g=169, 1218 evaluated, 1042 expanded, 356 reopened, t=1.3s, 7128 KB]
Best heuristic value: 13/13 [g=184, 1228 evaluated, 1052 expanded, 356 reopened, t=1.3s, 7128 KB]
Best heuristic value: 10/13 [g=187, 1231 evaluated, 1055 expanded, 356 reopened, t=1.3s, 7128 KB]
Best heuristic value: 6/13 [g=190, 1232 evaluated, 1056 expanded, 356 reopened, t=1.3s, 7128 KB]
Best heuristic value: 6/9 [g=188, 1233 evaluated, 1057 expanded, 356 reopened, t=1.3s, 7128 KB]
Best heuristic value: 6/7 [g=189, 1234 evaluated, 1058 expanded, 356 reopened, t=1.3s, 7256 KB]
Best heuristic value: 4/4 [g=191, 1235 evaluated, 1059 expanded, 356 reopened, t=1.3s, 7256 KB]
Best heuristic value: 2/2 [g=192, 1236 evaluated, 1060 expanded, 356 reopened, t=1.3s, 7256 KB]
Solution found!
Actual search time: 0.14s [t=1.3s]
slide-base-in b-0 carry-in table-in (1)
move-arm arm1 tray-a table-in (2)
eject-base b-0 arm1 table-in (1)
move-arm-holding arm1 table-in gasket-machine b-0 (2)
set-base b-0 arm1 gasket-machine (1)
move-arm arm1 gasket-machine table1 (2)
move-arm arm2 oiling-machine tray-c (2)
assemble-with-machine b-0 gasket-machine insert-gasket nothing-done (2)
move-arm arm1 table1 gasket-machine (12)
eject-base b-0 arm1 gasket-machine (1)
move-arm-holding arm1 gasket-machine table1 b-0 (2)
set-base b-0 arm1 table1 (1)
move-arm arm1 table1 tray-a (10)
pickup-component part-a arm1 tray-a (1)
move-arm-holding arm1 tray-a table1 part-a (4)
assemble-with-arm part-a attatch-a insert-gasket b-0 arm1 table1 (2)
eject-base b-0 arm1 table1 (1)
move-arm-holding arm1 table1 table2 b-0 (7)
set-base b-0 arm1 table2 (1)
move-arm arm1 table2 inspection-machine (2)
move-arm arm2 tray-c table2 (3)
eject-base b-0 arm2 table2 (1)
move-arm-holding arm2 table2 table1 b-0 (7)
move-arm-holding arm2 table1 screw-machine-a b-0 (2)
set-base b-0 arm2 screw-machine-a (1)
assemble-with-machine b-0 screw-machine-a screw-a attatch-a (2)
eject-base b-0 arm2 screw-machine-a (1)
move-arm-holding arm2 screw-machine-a tray-b b-0 (2)
move-arm arm1 inspection-machine table2 (12)
move-arm-holding arm2 tray-b oiling-machine b-0 (2)
set-base b-0 arm2 oiling-machine (1)
assemble-with-machine b-0 oiling-machine oil-cylinder screw-a (3)
eject-base b-0 arm2 oiling-machine (1)
move-arm arm1 table2 inspection-machine (2)
move-arm-holding arm2 oiling-machine table2 b-0 (4)
set-base b-0 arm2 table2 (1)
move-arm arm2 table2 tray-b (9)
pickup-component part-b arm2 tray-b (1)
move-arm-holding arm2 tray-b tray-c part-b (3)
move-arm-holding arm2 tray-c table2 part-b (3)
assemble-with-arm part-b attatch-b oil-cylinder b-0 arm2 table2 (2)
move-arm arm2 table2 tray-c (11)
pickup-component part-c arm2 tray-c (1)
move-arm-holding arm2 tray-c screw-machine-c part-c (2)
move-arm-holding arm2 screw-machine-c table2 part-c (2)
assemble-with-arm part-c attatch-c attatch-b b-0 arm2 table2 (3)
eject-base b-0 arm2 table2 (1)
move-arm-holding arm2 table2 table1 b-0 (7)
move-arm-holding arm2 table1 screw-machine-c b-0 (6)
set-base b-0 arm2 screw-machine-c (1)
assemble-with-machine b-0 screw-machine-c screw-c attatch-c (3)
eject-base b-0 arm2 screw-machine-c (1)
move-arm-holding arm2 screw-machine-c table1 b-0 (8)
set-base b-0 arm2 table1 (1)
move-arm arm2 table1 screw-machine-a (2)
move-arm arm1 inspection-machine table1 (6)
eject-base b-0 arm1 table1 (1)
move-arm-holding arm1 table1 inspection-machine b-0 (8)
set-base b-0 arm1 inspection-machine (1)
assemble-with-machine b-0 inspection-machine inspect-base screw-c (3)
eject-base b-0 arm1 inspection-machine (1)
move-arm-holding arm1 inspection-machine table-out b-0 (2)
set-base b-0 arm1 table-out (1)
slide-base-out b-0 table-out carry-out (1)
Plan length: 64 step(s).
Plan cost: 193
Initial state h value: 88/154.
Expanded 1061 state(s).
Reopened 356 state(s).
Evaluated 1237 state(s).
Evaluations: 2474
Generated 13184 state(s).
Dead ends: 175 state(s).
Best solution cost so far: 193
Solution found - keep searching
Starting search: lazy_wastar(list(hff2, hlm2), preferred = list(hff2, hlm2), w = 3)
Conducting lazy best first search, (real) bound = 193
Best heuristic value: 88/154 [g=0, 1 evaluated, 0 expanded, t=1.3s, 7380 KB]
Best heuristic value: 86/152 [g=1, 3 evaluated, 1 expanded, t=1.3s, 7380 KB]
Best heuristic value: 84/152 [g=3, 5 evaluated, 2 expanded, t=1.3s, 7380 KB]
Best heuristic value: 83/152 [g=4, 6 evaluated, 3 expanded, t=1.3s, 7380 KB]
Best heuristic value: 80/147 [g=6, 9 evaluated, 6 expanded, t=1.3s, 7512 KB]
Best heuristic value: 79/147 [g=7, 10 evaluated, 7 expanded, t=1.3s, 7512 KB]
Best heuristic value: 79/142 [g=8, 11 evaluated, 8 expanded, t=1.3s, 7512 KB]
Best heuristic value: 76/142 [g=9, 12 evaluated, 9 expanded, t=1.3s, 7512 KB]
Best heuristic value: 74/142 [g=11, 14 evaluated, 11 expanded, t=1.3s, 7512 KB]
Best heuristic value: 71/142 [g=13, 19 evaluated, 15 expanded, t=1.3s, 7512 KB]
Best heuristic value: 71/139 [g=11, 21 evaluated, 16 expanded, t=1.3s, 7512 KB]
Best heuristic value: 71/115 [g=18, 26 evaluated, 21 expanded, 2 reopened, t=1.3s, 7512 KB]
Best heuristic value: 71/103 [g=29, 35 evaluated, 30 expanded, 2 reopened, t=1.3s, 7512 KB]
Best heuristic value: 70/103 [g=14, 174 evaluated, 150 expanded, 59 reopened, t=1.32s, 7644 KB]
Best heuristic value: 69/103 [g=15, 175 evaluated, 151 expanded, 59 reopened, t=1.32s, 7644 KB]
Best heuristic value: 69/94 [g=31, 213 evaluated, 182 expanded, 62 reopened, t=1.32s, 7644 KB]
Best heuristic value: 66/94 [g=25, 232 evaluated, 199 expanded, 62 reopened, t=1.32s, 7776 KB]
Best heuristic value: 63/94 [g=32, 476 evaluated, 402 expanded, 143 reopened, t=1.34s, 7776 KB]
Best heuristic value: 61/94 [g=33, 478 evaluated, 404 expanded, 144 reopened, t=1.34s, 7776 KB]
Best heuristic value: 61/92 [g=40, 488 evaluated, 412 expanded, 147 reopened, t=1.34s, 7776 KB]
Best heuristic value: 58/92 [g=41, 492 evaluated, 415 expanded, 148 reopened, t=1.34s, 7776 KB]
Best heuristic value: 58/74 [g=50, 505 evaluated, 425 expanded, 148 reopened, t=1.34s, 7776 KB]
Best heuristic value: 55/74 [g=44, 506 evaluated, 426 expanded, 148 reopened, t=1.34s, 7776 KB]
Best heuristic value: 54/74 [g=56, 707 evaluated, 586 expanded, 208 reopened, t=1.38s, 7904 KB]
Best heuristic value: 52/74 [g=57, 710 evaluated, 589 expanded, 208 reopened, t=1.38s, 7904 KB]
Best heuristic value: 51/71 [g=58, 716 evaluated, 594 expanded, 209 reopened, t=1.38s, 7904 KB]
Best heuristic value: 51/62 [g=70, 724 evaluated, 601 expanded, 209 reopened, t=1.38s, 7904 KB]
Best heuristic value: 50/62 [g=63, 728 evaluated, 605 expanded, 209 reopened, t=1.38s, 7904 KB]
Best heuristic value: 47/62 [g=65, 732 evaluated, 609 expanded, 209 reopened, t=1.38s, 7904 KB]
Best heuristic value: 47/57 [g=79, 756 evaluated, 631 expanded, 210 reopened, t=1.38s, 7904 KB]
Best heuristic value: 44/57 [g=81, 758 evaluated, 633 expanded, 210 reopened, t=1.38s, 7904 KB]
Best heuristic value: 41/57 [g=84, 766 evaluated, 641 expanded, 210 reopened, t=1.38s, 7904 KB]
Best heuristic value: 38/57 [g=86, 769 evaluated, 644 expanded, 210 reopened, t=1.38s, 7904 KB]
Best heuristic value: 38/53 [g=91, 805 evaluated, 677 expanded, 229 reopened, t=1.38s, 7904 KB]
Best heuristic value: 38/52 [g=84, 949 evaluated, 811 expanded, 308 reopened, t=1.4s, 7904 KB]
Best heuristic value: 38/43 [g=96, 954 evaluated, 816 expanded, 308 reopened, t=1.4s, 7904 KB]
Best heuristic value: 35/43 [g=89, 958 evaluated, 820 expanded, 308 reopened, t=1.4s, 7904 KB]
Best heuristic value: 33/43 [g=101, 975 evaluated, 837 expanded, 311 reopened, t=1.4s, 7904 KB]
Best heuristic value: 30/43 [g=103, 976 evaluated, 838 expanded, 311 reopened, t=1.4s, 7904 KB]
Best heuristic value: 30/34 [g=115, 981 evaluated, 843 expanded, 311 reopened, t=1.4s, 7904 KB]
Best heuristic value: 26/34 [g=108, 982 evaluated, 844 expanded, 311 reopened, t=1.4s, 8028 KB]
Best heuristic value: 24/34 [g=109, 984 evaluated, 846 expanded, 311 reopened, t=1.4s, 8028 KB]
Best heuristic value: 21/34 [g=122, 996 evaluated, 858 expanded, 311 reopened, t=1.4s, 8028 KB]
Best heuristic value: 19/34 [g=123, 997 evaluated, 859 expanded, 311 reopened, t=1.4s, 8028 KB]
Best heuristic value: 15/34 [g=126, 1001 evaluated, 863 expanded, 311 reopened, t=1.4s, 8028 KB]
Best heuristic value: 15/33 [g=127, 1002 evaluated, 864 expanded, 311 reopened, t=1.4s, 8028 KB]
Best heuristic value: 15/27 [g=135, 1007 evaluated, 869 expanded, 311 reopened, t=1.4s, 8028 KB]
Best heuristic value: 15/25 [g=136, 1009 evaluated, 871 expanded, 311 reopened, t=1.4s, 8028 KB]
Best heuristic value: 15/22 [g=138, 1010 evaluated, 872 expanded, 311 reopened, t=1.4s, 8028 KB]
Best heuristic value: 13/13 [g=153, 1019 evaluated, 881 expanded, 311 reopened, t=1.4s, 8028 KB]
Best heuristic value: 10/13 [g=156, 1024 evaluated, 886 expanded, 311 reopened, t=1.4s, 8028 KB]
Best heuristic value: 9/9 [g=157, 1025 evaluated, 887 expanded, 311 reopened, t=1.4s, 8028 KB]
Best heuristic value: 7/7 [g=158, 1026 evaluated, 888 expanded, 311 reopened, t=1.4s, 8028 KB]
Best heuristic value: 4/4 [g=160, 1027 evaluated, 889 expanded, 311 reopened, t=1.4s, 8028 KB]
Best heuristic value: 2/2 [g=161, 1028 evaluated, 890 expanded, 311 reopened, t=1.4s, 8028 KB]
Solution found!
Actual search time: 0.1s [t=1.4s]
slide-base-in b-0 carry-in table-in (1)
move-arm arm1 tray-a table-in (2)
eject-base b-0 arm1 table-in (1)
move-arm-holding arm1 table-in gasket-machine b-0 (2)
set-base b-0 arm1 gasket-machine (1)
move-arm arm2 oiling-machine tray-c (2)
assemble-with-machine b-0 gasket-machine insert-gasket nothing-done (2)
eject-base b-0 arm1 gasket-machine (1)
move-arm-holding arm1 gasket-machine table1 b-0 (2)
set-base b-0 arm1 table1 (1)
move-arm arm1 table1 tray-a (10)
pickup-component part-a arm1 tray-a (1)
move-arm-holding arm1 tray-a table1 part-a (4)
assemble-with-arm part-a attatch-a insert-gasket b-0 arm1 table1 (2)
move-arm arm1 table1 inspection-machine (8)
move-arm arm2 tray-c table1 (9)
eject-base b-0 arm2 table1 (1)
move-arm-holding arm2 table1 screw-machine-a b-0 (2)
set-base b-0 arm2 screw-machine-a (1)
assemble-with-machine b-0 screw-machine-a screw-a attatch-a (2)
eject-base b-0 arm2 screw-machine-a (1)
move-arm-holding arm2 screw-machine-a oiling-machine b-0 (3)
set-base b-0 arm2 oiling-machine (1)
assemble-with-machine b-0 oiling-machine oil-cylinder screw-a (3)
eject-base b-0 arm2 oiling-machine (1)
move-arm-holding arm2 oiling-machine table2 b-0 (4)
set-base b-0 arm2 table2 (1)
move-arm arm2 table2 table1 (7)
move-arm arm2 table1 tray-b (3)
pickup-component part-b arm2 tray-b (1)
move-arm-holding arm2 tray-b table2 part-b (5)
assemble-with-arm part-b attatch-b oil-cylinder b-0 arm2 table2 (2)
move-arm arm2 table2 tray-c (11)
pickup-component part-c arm2 tray-c (1)
move-arm-holding arm2 tray-c screw-machine-c part-c (2)
move-arm-holding arm2 screw-machine-c table2 part-c (2)
assemble-with-arm part-c attatch-c attatch-b b-0 arm2 table2 (3)
eject-base b-0 arm2 table2 (1)
move-arm-holding arm2 table2 table1 b-0 (7)
move-arm-holding arm2 table1 screw-machine-c b-0 (6)
set-base b-0 arm2 screw-machine-c (1)
assemble-with-machine b-0 screw-machine-c screw-c attatch-c (3)
eject-base b-0 arm2 screw-machine-c (1)
move-arm-holding arm2 screw-machine-c table1 b-0 (8)
set-base b-0 arm2 table1 (1)
move-arm arm2 table1 screw-machine-a (2)
move-arm arm1 inspection-machine table1 (6)
eject-base b-0 arm1 table1 (1)
move-arm-holding arm1 table1 inspection-machine b-0 (8)
set-base b-0 arm1 inspection-machine (1)
assemble-with-machine b-0 inspection-machine inspect-base screw-c (3)
eject-base b-0 arm1 inspection-machine (1)
move-arm-holding arm1 inspection-machine table-out b-0 (2)
set-base b-0 arm1 table-out (1)
slide-base-out b-0 table-out carry-out (1)
Plan length: 55 step(s).
Plan cost: 160
Initial state h value: 88/154.
Expanded 891 state(s).
Reopened 311 state(s).
Evaluated 1029 state(s).
Evaluations: 2058
Generated 11102 state(s).
Dead ends: 137 state(s).
Best solution cost so far: 160
Solution found - keep searching
Starting search: lazy_wastar(list(hff2, hlm2), preferred = list(hff2, hlm2), w = 2)
Conducting lazy best first search, (real) bound = 160
Best heuristic value: 88/154 [g=0, 1 evaluated, 0 expanded, t=1.4s, 8152 KB]
Best heuristic value: 86/152 [g=1, 3 evaluated, 1 expanded, t=1.4s, 8288 KB]
Best heuristic value: 84/152 [g=3, 5 evaluated, 2 expanded, t=1.4s, 8288 KB]
Best heuristic value: 83/152 [g=4, 6 evaluated, 3 expanded, t=1.4s, 8288 KB]
Best heuristic value: 80/147 [g=6, 9 evaluated, 6 expanded, t=1.4s, 8288 KB]
Best heuristic value: 79/147 [g=7, 10 evaluated, 7 expanded, t=1.4s, 8288 KB]
Best heuristic value: 79/142 [g=8, 11 evaluated, 8 expanded, t=1.4s, 8288 KB]
Best heuristic value: 76/142 [g=9, 13 evaluated, 10 expanded, t=1.4s, 8288 KB]
Best heuristic value: 74/142 [g=11, 15 evaluated, 12 expanded, t=1.4s, 8288 KB]
Best heuristic value: 71/142 [g=13, 20 evaluated, 16 expanded, t=1.4s, 8288 KB]
Best heuristic value: 71/139 [g=11, 22 evaluated, 17 expanded, t=1.4s, 8288 KB]
Best heuristic value: 71/115 [g=18, 30 evaluated, 25 expanded, 3 reopened, t=1.4s, 8288 KB]
Best heuristic value: 71/103 [g=29, 39 evaluated, 34 expanded, 3 reopened, t=1.4s, 8416 KB]
Best heuristic value: 70/103 [g=14, 92 evaluated, 78 expanded, 14 reopened, t=1.42s, 8416 KB]
Best heuristic value: 69/103 [g=15, 93 evaluated, 79 expanded, 14 reopened, t=1.42s, 8416 KB]
Best heuristic value: 69/94 [g=31, 144 evaluated, 123 expanded, 16 reopened, t=1.42s, 8416 KB]
Best heuristic value: 66/94 [g=25, 154 evaluated, 129 expanded, 16 reopened, t=1.42s, 8416 KB]
Best heuristic value: 63/94 [g=32, 616 evaluated, 543 expanded, 263 reopened, t=1.46s, 8540 KB]
Best heuristic value: 61/94 [g=33, 618 evaluated, 545 expanded, 263 reopened, t=1.46s, 8540 KB]
Best heuristic value: 61/92 [g=40, 628 evaluated, 553 expanded, 266 reopened, t=1.46s, 8540 KB]
Best heuristic value: 58/92 [g=42, 631 evaluated, 555 expanded, 266 reopened, t=1.46s, 8540 KB]
Best heuristic value: 58/74 [g=50, 645 evaluated, 565 expanded, 267 reopened, t=1.48s, 8540 KB]
Best heuristic value: 55/74 [g=45, 652 evaluated, 571 expanded, 267 reopened, t=1.48s, 8540 KB]
Best heuristic value: 54/74 [g=70, 818 evaluated, 714 expanded, 321 reopened, t=1.48s, 8672 KB]
Best heuristic value: 52/74 [g=71, 820 evaluated, 716 expanded, 321 reopened, t=1.48s, 8672 KB]
Best heuristic value: 51/71 [g=72, 824 evaluated, 719 expanded, 321 reopened, t=1.5s, 8672 KB]
Best heuristic value: 51/62 [g=84, 832 evaluated, 727 expanded, 323 reopened, t=1.5s, 8672 KB]
Best heuristic value: 48/62 [g=92, 848 evaluated, 743 expanded, 327 reopened, t=1.5s, 8672 KB]
Best heuristic value: 47/62 [g=93, 853 evaluated, 748 expanded, 328 reopened, t=1.5s, 8672 KB]
Best heuristic value: 47/57 [g=93, 855 evaluated, 750 expanded, 328 reopened, t=1.5s, 8672 KB]
Best heuristic value: 44/57 [g=95, 856 evaluated, 751 expanded, 328 reopened, t=1.5s, 8672 KB]
Best heuristic value: 41/57 [g=97, 870 evaluated, 765 expanded, 331 reopened, t=1.5s, 8672 KB]
Best heuristic value: 41/53 [g=105, 933 evaluated, 826 expanded, 364 reopened, t=1.5s, 8672 KB]
Best heuristic value: 38/53 [g=107, 935 evaluated, 827 expanded, 364 reopened, t=1.5s, 8672 KB]
Best heuristic value: 38/52 [g=82, 1251 evaluated, 1121 expanded, 582 reopened, t=1.54s, 8796 KB]
Best heuristic value: 38/43 [g=94, 1255 evaluated, 1125 expanded, 582 reopened, t=1.54s, 8796 KB]
Best heuristic value: 35/43 [g=86, 1276 evaluated, 1146 expanded, 592 reopened, t=1.54s, 8796 KB]
Best heuristic value: 33/43 [g=98, 1343 evaluated, 1209 expanded, 614 reopened, t=1.54s, 8796 KB]
Best heuristic value: 30/43 [g=100, 1344 evaluated, 1210 expanded, 614 reopened, t=1.54s, 8796 KB]
Best heuristic value: 26/43 [g=104, 1352 evaluated, 1218 expanded, 616 reopened, t=1.54s, 8796 KB]
Best heuristic value: 24/43 [g=105, 1354 evaluated, 1220 expanded, 616 reopened, t=1.54s, 8796 KB]
Best heuristic value: 24/34 [g=112, 1356 evaluated, 1222 expanded, 616 reopened, t=1.54s, 8796 KB]
Best heuristic value: 21/34 [g=118, 1370 evaluated, 1236 expanded, 616 reopened, t=1.56s, 8796 KB]
Best heuristic value: 19/34 [g=119, 1371 evaluated, 1237 expanded, 616 reopened, t=1.56s, 8796 KB]
Best heuristic value: 15/34 [g=122, 1376 evaluated, 1242 expanded, 616 reopened, t=1.56s, 8796 KB]
Best heuristic value: 15/33 [g=123, 1377 evaluated, 1243 expanded, 616 reopened, t=1.56s, 8796 KB]
Best heuristic value: 15/27 [g=131, 1382 evaluated, 1248 expanded, 616 reopened, t=1.56s, 8796 KB]
Best heuristic value: 15/25 [g=132, 1384 evaluated, 1250 expanded, 616 reopened, t=1.56s, 8796 KB]
Best heuristic value: 15/22 [g=134, 1385 evaluated, 1251 expanded, 616 reopened, t=1.56s, 8796 KB]
Best heuristic value: 13/13 [g=148, 1438 evaluated, 1304 expanded, 645 reopened, t=1.56s, 8796 KB]
Best heuristic value: 10/13 [g=151, 1443 evaluated, 1309 expanded, 645 reopened, t=1.56s, 8796 KB]
Best heuristic value: 9/9 [g=152, 1444 evaluated, 1310 expanded, 645 reopened, t=1.56s, 8796 KB]
Best heuristic value: 7/7 [g=153, 1445 evaluated, 1311 expanded, 645 reopened, t=1.56s, 8796 KB]
Best heuristic value: 4/4 [g=155, 1446 evaluated, 1312 expanded, 645 reopened, t=1.56s, 8796 KB]
Best heuristic value: 2/2 [g=156, 1447 evaluated, 1313 expanded, 645 reopened, t=1.56s, 8796 KB]
Solution found!
Actual search time: 0.16s [t=1.56s]
slide-base-in b-0 carry-in table-in (1)
move-arm arm1 tray-a table-in (2)
eject-base b-0 arm1 table-in (1)
move-arm-holding arm1 table-in gasket-machine b-0 (2)
set-base b-0 arm1 gasket-machine (1)
move-arm arm2 oiling-machine tray-c (2)
assemble-with-machine b-0 gasket-machine insert-gasket nothing-done (2)
eject-base b-0 arm1 gasket-machine (1)
move-arm-holding arm1 gasket-machine table1 b-0 (2)
set-base b-0 arm1 table1 (1)
move-arm arm1 table1 tray-a (10)
pickup-component part-a arm1 tray-a (1)
move-arm-holding arm1 tray-a table1 part-a (4)
assemble-with-arm part-a attatch-a insert-gasket b-0 arm1 table1 (2)
move-arm arm1 table1 inspection-machine (8)
move-arm arm2 tray-c table1 (9)
eject-base b-0 arm2 table1 (1)
move-arm-holding arm2 table1 screw-machine-a b-0 (2)
set-base b-0 arm2 screw-machine-a (1)
assemble-with-machine b-0 screw-machine-a screw-a attatch-a (2)
eject-base b-0 arm2 screw-machine-a (1)
move-arm-holding arm2 screw-machine-a oiling-machine b-0 (3)
set-base b-0 arm2 oiling-machine (1)
assemble-with-machine b-0 oiling-machine oil-cylinder screw-a (3)
eject-base b-0 arm2 oiling-machine (1)
move-arm-holding arm2 oiling-machine table2 b-0 (4)
set-base b-0 arm2 table2 (1)
move-arm arm2 table2 tray-b (9)
pickup-component part-b arm2 tray-b (1)
move-arm-holding arm2 tray-b table2 part-b (5)
assemble-with-arm part-b attatch-b oil-cylinder b-0 arm2 table2 (2)
move-arm arm2 table2 tray-c (11)
pickup-component part-c arm2 tray-c (1)
move-arm-holding arm2 tray-c table2 part-c (3)
assemble-with-arm part-c attatch-c attatch-b b-0 arm2 table2 (3)
eject-base b-0 arm2 table2 (1)
move-arm-holding arm2 table2 screw-machine-c b-0 (12)
set-base b-0 arm2 screw-machine-c (1)
assemble-with-machine b-0 screw-machine-c screw-c attatch-c (3)
eject-base b-0 arm2 screw-machine-c (1)
move-arm-holding arm2 screw-machine-c table1 b-0 (8)
set-base b-0 arm2 table1 (1)
move-arm arm2 table1 screw-machine-a (2)
move-arm arm1 inspection-machine table1 (6)
eject-base b-0 arm1 table1 (1)
move-arm-holding arm1 table1 inspection-machine b-0 (8)
set-base b-0 arm1 inspection-machine (1)
assemble-with-machine b-0 inspection-machine inspect-base screw-c (3)
eject-base b-0 arm1 inspection-machine (1)
move-arm-holding arm1 inspection-machine table-out b-0 (2)
set-base b-0 arm1 table-out (1)
slide-base-out b-0 table-out carry-out (1)
Plan length: 52 step(s).
Plan cost: 157
Initial state h value: 88/154.
Expanded 1314 state(s).
Reopened 645 state(s).
Evaluated 1448 state(s).
Evaluations: 2896
Generated 16289 state(s).
Dead ends: 133 state(s).
Best solution cost so far: 157
Solution found - keep searching
Starting search: lazy_wastar(list(hff2, hlm2), preferred = list(hff2, hlm2), w = 1)
Conducting lazy best first search, (real) bound = 157
Best heuristic value: 88/154 [g=0, 1 evaluated, 0 expanded, t=1.56s, 8924 KB]
Best heuristic value: 86/152 [g=1, 3 evaluated, 1 expanded, t=1.56s, 9060 KB]
Best heuristic value: 84/152 [g=3, 5 evaluated, 2 expanded, t=1.56s, 9060 KB]
Best heuristic value: 83/152 [g=4, 6 evaluated, 3 expanded, t=1.56s, 9060 KB]
Best heuristic value: 82/152 [g=5, 16 evaluated, 11 expanded, t=1.56s, 9060 KB]
Best heuristic value: 81/152 [g=6, 18 evaluated, 13 expanded, t=1.56s, 9060 KB]
Best heuristic value: 80/147 [g=6, 24 evaluated, 17 expanded, t=1.56s, 9060 KB]
Best heuristic value: 79/147 [g=7, 25 evaluated, 18 expanded, t=1.56s, 9060 KB]
Best heuristic value: 79/142 [g=8, 26 evaluated, 19 expanded, t=1.56s, 9060 KB]
Best heuristic value: 78/142 [g=10, 28 evaluated, 21 expanded, t=1.56s, 9060 KB]
Best heuristic value: 77/142 [g=9, 30 evaluated, 23 expanded, t=1.56s, 9060 KB]
Best heuristic value: 76/142 [g=9, 37 evaluated, 28 expanded, t=1.56s, 9060 KB]
Best heuristic value: 74/142 [g=11, 38 evaluated, 29 expanded, t=1.56s, 9060 KB]
Best heuristic value: 73/139 [g=11, 40 evaluated, 30 expanded, t=1.56s, 9060 KB]
Best heuristic value: 71/139 [g=13, 41 evaluated, 31 expanded, t=1.56s, 9060 KB]
Best heuristic value: 71/124 [g=12, 56 evaluated, 43 expanded, t=1.56s, 9060 KB]
Best heuristic value: 70/124 [g=14, 58 evaluated, 45 expanded, t=1.56s, 9060 KB]
Best heuristic value: 69/124 [g=15, 59 evaluated, 46 expanded, t=1.56s, 9060 KB]
Best heuristic value: 69/106 [g=19, 66 evaluated, 51 expanded, t=1.56s, 9060 KB]
Best heuristic value: 69/94 [g=30, 84 evaluated, 67 expanded, 1 reopened, t=1.56s, 9060 KB]
Best heuristic value: 68/94 [g=22, 386 evaluated, 343 expanded, 134 reopened, t=1.6s, 9184 KB]
Best heuristic value: 66/94 [g=24, 388 evaluated, 345 expanded, 134 reopened, t=1.6s, 9184 KB]
Best heuristic value: 65/94 [g=30, 1112 evaluated, 972 expanded, 444 reopened, t=1.68s, 9444 KB]
Best heuristic value: 63/94 [g=31, 1113 evaluated, 973 expanded, 444 reopened, t=1.68s, 9444 KB]
Best heuristic value: 61/94 [g=33, 1114 evaluated, 974 expanded, 444 reopened, t=1.68s, 9444 KB]
Best heuristic value: 61/86 [g=38, 1123 evaluated, 981 expanded, 445 reopened, t=1.68s, 9444 KB]
Best heuristic value: 60/86 [g=40, 1125 evaluated, 983 expanded, 445 reopened, t=1.68s, 9444 KB]
Best heuristic value: 58/86 [g=42, 1136 evaluated, 991 expanded, 445 reopened, t=1.68s, 9444 KB]
Best heuristic value: 58/74 [g=49, 1139 evaluated, 992 expanded, 445 reopened, t=1.68s, 9444 KB]
Best heuristic value: 55/74 [g=54, 1247 evaluated, 1082 expanded, 481 reopened, t=1.68s, 9444 KB]
Best heuristic value: 54/74 [g=55, 1249 evaluated, 1084 expanded, 481 reopened, t=1.68s, 9444 KB]
Best heuristic value: 52/74 [g=56, 1251 evaluated, 1086 expanded, 481 reopened, t=1.68s, 9444 KB]
Best heuristic value: 51/71 [g=57, 1254 evaluated, 1089 expanded, 481 reopened, t=1.7s, 9444 KB]
Best heuristic value: 49/71 [g=61, 1273 evaluated, 1108 expanded, 484 reopened, t=1.7s, 9444 KB]
Best heuristic value: 49/62 [g=69, 1279 evaluated, 1114 expanded, 486 reopened, t=1.7s, 9444 KB]
Best heuristic value: 48/62 [g=62, 1284 evaluated, 1119 expanded, 486 reopened, t=1.7s, 9444 KB]
Best heuristic value: 47/62 [g=63, 1285 evaluated, 1120 expanded, 486 reopened, t=1.7s, 9444 KB]
Best heuristic value: 45/62 [g=64, 1287 evaluated, 1122 expanded, 486 reopened, t=1.7s, 9444 KB]
Best heuristic value: 44/62 [g=65, 1290 evaluated, 1125 expanded, 486 reopened, t=1.7s, 9444 KB]
Best heuristic value: 44/57 [g=78, 1318 evaluated, 1151 expanded, 492 reopened, t=1.7s, 9444 KB]
Best heuristic value: 41/57 [g=67, 1360 evaluated, 1192 expanded, 510 reopened, t=1.7s, 9444 KB]
Best heuristic value: 38/57 [g=69, 1363 evaluated, 1195 expanded, 511 reopened, t=1.7s, 9444 KB]
Best heuristic value: 38/53 [g=89, 1493 evaluated, 1293 expanded, 541 reopened, t=1.72s, 9576 KB]
Best heuristic value: 38/43 [g=96, 2573 evaluated, 2204 expanded, 1055 reopened, t=1.82s, 9700 KB]
Best heuristic value: 35/43 [g=85, 3020 evaluated, 2575 expanded, 1261 reopened, t=1.88s, 9832 KB]
Best heuristic value: 33/43 [g=98, 3033 evaluated, 2587 expanded, 1263 reopened, t=1.88s, 9832 KB]
Best heuristic value: 30/43 [g=100, 3034 evaluated, 2588 expanded, 1263 reopened, t=1.88s, 9832 KB]
Best heuristic value: 30/34 [g=112, 3041 evaluated, 2595 expanded, 1264 reopened, t=1.88s, 9832 KB]
Best heuristic value: 26/34 [g=104, 3200 evaluated, 2738 expanded, 1331 reopened, t=1.9s, 9832 KB]
Best heuristic value: 24/34 [g=105, 3201 evaluated, 2739 expanded, 1331 reopened, t=1.9s, 9832 KB]
Best heuristic value: 21/34 [g=118, 3212 evaluated, 2750 expanded, 1331 reopened, t=1.9s, 9832 KB]
Best heuristic value: 19/34 [g=119, 3213 evaluated, 2751 expanded, 1331 reopened, t=1.9s, 9832 KB]
Best heuristic value: 15/34 [g=122, 3219 evaluated, 2757 expanded, 1331 reopened, t=1.9s, 9832 KB]
Best heuristic value: 15/33 [g=123, 3220 evaluated, 2758 expanded, 1331 reopened, t=1.9s, 9832 KB]
Best heuristic value: 15/27 [g=131, 3228 evaluated, 2766 expanded, 1331 reopened, t=1.9s, 9832 KB]
Best heuristic value: 15/25 [g=132, 3229 evaluated, 2767 expanded, 1331 reopened, t=1.9s, 9832 KB]
Best heuristic value: 15/22 [g=134, 3231 evaluated, 2769 expanded, 1332 reopened, t=1.9s, 9832 KB]
Best heuristic value: 13/13 [g=147, 4328 evaluated, 3736 expanded, 1897 reopened, t=2.02s, 10096 KB]
Best heuristic value: 10/13 [g=150, 4331 evaluated, 3739 expanded, 1897 reopened, t=2.02s, 10096 KB]
Best heuristic value: 9/9 [g=151, 4332 evaluated, 3740 expanded, 1897 reopened, t=2.02s, 10096 KB]
Best heuristic value: 7/7 [g=152, 4333 evaluated, 3741 expanded, 1897 reopened, t=2.02s, 10096 KB]
Best heuristic value: 4/4 [g=154, 4334 evaluated, 3742 expanded, 1897 reopened, t=2.02s, 10096 KB]
Best heuristic value: 2/2 [g=155, 4335 evaluated, 3743 expanded, 1897 reopened, t=2.02s, 10096 KB]
Solution found!
Actual search time: 0.46s [t=2.02s]
slide-base-in b-0 carry-in table-in (1)
move-arm arm1 tray-a table-in (2)
eject-base b-0 arm1 table-in (1)
move-arm-holding arm1 table-in gasket-machine b-0 (2)
set-base b-0 arm1 gasket-machine (1)
assemble-with-machine b-0 gasket-machine insert-gasket nothing-done (2)
eject-base b-0 arm1 gasket-machine (1)
move-arm-holding arm1 gasket-machine table1 b-0 (2)
set-base b-0 arm1 table1 (1)
move-arm arm1 table1 tray-a (10)
pickup-component part-a arm1 tray-a (1)
move-arm-holding arm1 tray-a table1 part-a (4)
assemble-with-arm part-a attatch-a insert-gasket b-0 arm1 table1 (2)
move-arm arm1 table1 inspection-machine (8)
move-arm arm2 oiling-machine table1 (10)
eject-base b-0 arm2 table1 (1)
move-arm-holding arm2 table1 screw-machine-a b-0 (2)
set-base b-0 arm2 screw-machine-a (1)
assemble-with-machine b-0 screw-machine-a screw-a attatch-a (2)
eject-base b-0 arm2 screw-machine-a (1)
move-arm-holding arm2 screw-machine-a oiling-machine b-0 (3)
set-base b-0 arm2 oiling-machine (1)
assemble-with-machine b-0 oiling-machine oil-cylinder screw-a (3)
eject-base b-0 arm2 oiling-machine (1)
move-arm-holding arm2 oiling-machine table2 b-0 (4)
set-base b-0 arm2 table2 (1)
move-arm arm2 table2 tray-b (9)
pickup-component part-b arm2 tray-b (1)
move-arm-holding arm2 tray-b table2 part-b (5)
assemble-with-arm part-b attatch-b oil-cylinder b-0 arm2 table2 (2)
move-arm arm2 table2 tray-c (11)
pickup-component part-c arm2 tray-c (1)
move-arm-holding arm2 tray-c table2 part-c (3)
assemble-with-arm part-c attatch-c attatch-b b-0 arm2 table2 (3)
eject-base b-0 arm2 table2 (1)
move-arm-holding arm2 table2 screw-machine-c b-0 (12)
set-base b-0 arm2 screw-machine-c (1)
assemble-with-machine b-0 screw-machine-c screw-c attatch-c (3)
eject-base b-0 arm2 screw-machine-c (1)
move-arm-holding arm2 screw-machine-c table1 b-0 (8)
set-base b-0 arm2 table1 (1)
move-arm arm2 table1 screw-machine-a (2)
move-arm arm1 inspection-machine table1 (6)
eject-base b-0 arm1 table1 (1)
move-arm-holding arm1 table1 inspection-machine b-0 (8)
set-base b-0 arm1 inspection-machine (1)
assemble-with-machine b-0 inspection-machine inspect-base screw-c (3)
eject-base b-0 arm1 inspection-machine (1)
move-arm-holding arm1 inspection-machine table-out b-0 (2)
set-base b-0 arm1 table-out (1)
slide-base-out b-0 table-out carry-out (1)
Plan length: 51 step(s).
Plan cost: 156
Initial state h value: 88/154.
Expanded 3744 state(s).
Reopened 1897 state(s).
Evaluated 4336 state(s).
Evaluations: 8672
Generated 46119 state(s).
Dead ends: 591 state(s).
Best solution cost so far: 156
Solution found - keep searching
Starting search: lazy_wastar(list(hff2, hlm2), preferred = list(hff2, hlm2), w = 1)
Conducting lazy best first search, (real) bound = 156
Best heuristic value: 88/154 [g=0, 1 evaluated, 0 expanded, t=2.02s, 10232 KB]
Best heuristic value: 86/152 [g=1, 3 evaluated, 1 expanded, t=2.02s, 10232 KB]
Best heuristic value: 84/152 [g=3, 5 evaluated, 2 expanded, t=2.02s, 10232 KB]
Best heuristic value: 83/152 [g=4, 6 evaluated, 3 expanded, t=2.02s, 10232 KB]
Best heuristic value: 82/152 [g=5, 16 evaluated, 11 expanded, t=2.02s, 10232 KB]
Best heuristic value: 81/152 [g=6, 18 evaluated, 13 expanded, t=2.02s, 10232 KB]
Best heuristic value: 80/147 [g=6, 24 evaluated, 17 expanded, t=2.02s, 10232 KB]
Best heuristic value: 79/147 [g=7, 25 evaluated, 18 expanded, t=2.02s, 10232 KB]
Best heuristic value: 79/142 [g=8, 26 evaluated, 19 expanded, t=2.02s, 10232 KB]
Best heuristic value: 78/142 [g=10, 28 evaluated, 21 expanded, t=2.02s, 10232 KB]
Best heuristic value: 77/142 [g=9, 30 evaluated, 23 expanded, t=2.02s, 10232 KB]
Best heuristic value: 76/142 [g=9, 37 evaluated, 28 expanded, t=2.02s, 10232 KB]
Best heuristic value: 74/142 [g=11, 38 evaluated, 29 expanded, t=2.02s, 10232 KB]
Best heuristic value: 73/139 [g=11, 40 evaluated, 30 expanded, t=2.02s, 10232 KB]
Best heuristic value: 71/139 [g=13, 41 evaluated, 31 expanded, t=2.02s, 10232 KB]
Best heuristic value: 71/124 [g=12, 56 evaluated, 43 expanded, t=2.02s, 10232 KB]
Best heuristic value: 70/124 [g=14, 58 evaluated, 45 expanded, t=2.02s, 10232 KB]
Best heuristic value: 69/124 [g=15, 59 evaluated, 46 expanded, t=2.02s, 10232 KB]
Best heuristic value: 69/106 [g=19, 66 evaluated, 51 expanded, t=2.02s, 10232 KB]
Best heuristic value: 69/94 [g=30, 84 evaluated, 67 expanded, 1 reopened, t=2.02s, 10364 KB]
Best heuristic value: 68/94 [g=22, 386 evaluated, 343 expanded, 134 reopened, t=2.06s, 10364 KB]
Best heuristic value: 66/94 [g=24, 388 evaluated, 345 expanded, 134 reopened, t=2.06s, 10364 KB]
Best heuristic value: 65/94 [g=30, 1112 evaluated, 972 expanded, 444 reopened, t=2.14s, 10624 KB]
Best heuristic value: 63/94 [g=31, 1113 evaluated, 973 expanded, 444 reopened, t=2.14s, 10624 KB]
Best heuristic value: 61/94 [g=33, 1114 evaluated, 974 expanded, 444 reopened, t=2.14s, 10624 KB]
Best heuristic value: 61/86 [g=38, 1123 evaluated, 981 expanded, 445 reopened, t=2.14s, 10624 KB]
Best heuristic value: 60/86 [g=40, 1125 evaluated, 983 expanded, 445 reopened, t=2.14s, 10624 KB]
Best heuristic value: 58/86 [g=42, 1136 evaluated, 991 expanded, 445 reopened, t=2.14s, 10624 KB]
Best heuristic value: 58/74 [g=49, 1139 evaluated, 992 expanded, 445 reopened, t=2.14s, 10624 KB]
Best heuristic value: 55/74 [g=54, 1247 evaluated, 1082 expanded, 481 reopened, t=2.14s, 10624 KB]
Best heuristic value: 54/74 [g=55, 1249 evaluated, 1084 expanded, 481 reopened, t=2.14s, 10624 KB]
Best heuristic value: 52/74 [g=56, 1251 evaluated, 1086 expanded, 481 reopened, t=2.14s, 10624 KB]
Best heuristic value: 51/71 [g=57, 1254 evaluated, 1089 expanded, 481 reopened, t=2.14s, 10624 KB]
Best heuristic value: 49/71 [g=61, 1273 evaluated, 1108 expanded, 484 reopened, t=2.16s, 10752 KB]
Best heuristic value: 49/62 [g=69, 1279 evaluated, 1114 expanded, 486 reopened, t=2.16s, 10752 KB]
Best heuristic value: 48/62 [g=62, 1284 evaluated, 1119 expanded, 486 reopened, t=2.16s, 10752 KB]
Best heuristic value: 47/62 [g=63, 1285 evaluated, 1120 expanded, 486 reopened, t=2.16s, 10752 KB]
Best heuristic value: 45/62 [g=64, 1287 evaluated, 1122 expanded, 486 reopened, t=2.16s, 10752 KB]
Best heuristic value: 44/62 [g=65, 1290 evaluated, 1125 expanded, 486 reopened, t=2.16s, 10752 KB]
Best heuristic value: 44/57 [g=78, 1318 evaluated, 1151 expanded, 492 reopened, t=2.16s, 10752 KB]
Best heuristic value: 41/57 [g=67, 1360 evaluated, 1192 expanded, 510 reopened, t=2.16s, 10752 KB]
Best heuristic value: 38/57 [g=69, 1363 evaluated, 1195 expanded, 511 reopened, t=2.16s, 10752 KB]
Best heuristic value: 38/53 [g=89, 1493 evaluated, 1293 expanded, 541 reopened, t=2.18s, 10752 KB]
Best heuristic value: 38/43 [g=96, 2573 evaluated, 2204 expanded, 1055 reopened, t=2.28s, 11004 KB]
Best heuristic value: 35/43 [g=85, 3020 evaluated, 2575 expanded, 1261 reopened, t=2.34s, 11136 KB]
Best heuristic value: 33/43 [g=98, 3033 evaluated, 2587 expanded, 1263 reopened, t=2.34s, 11136 KB]
Best heuristic value: 30/43 [g=100, 3034 evaluated, 2588 expanded, 1263 reopened, t=2.34s, 11136 KB]
Best heuristic value: 30/34 [g=112, 3041 evaluated, 2595 expanded, 1264 reopened, t=2.34s, 11136 KB]
Best heuristic value: 26/34 [g=104, 3200 evaluated, 2738 expanded, 1331 reopened, t=2.36s, 11136 KB]
Best heuristic value: 24/34 [g=105, 3201 evaluated, 2739 expanded, 1331 reopened, t=2.36s, 11136 KB]
Best heuristic value: 21/34 [g=118, 3212 evaluated, 2750 expanded, 1331 reopened, t=2.36s, 11136 KB]
Best heuristic value: 19/34 [g=119, 3213 evaluated, 2751 expanded, 1331 reopened, t=2.36s, 11136 KB]
Best heuristic value: 15/34 [g=122, 3219 evaluated, 2757 expanded, 1331 reopened, t=2.36s, 11136 KB]
Best heuristic value: 15/33 [g=123, 3220 evaluated, 2758 expanded, 1331 reopened, t=2.36s, 11136 KB]
Best heuristic value: 15/27 [g=131, 3228 evaluated, 2766 expanded, 1331 reopened, t=2.36s, 11136 KB]
Best heuristic value: 15/25 [g=132, 3229 evaluated, 2767 expanded, 1331 reopened, t=2.36s, 11136 KB]
Best heuristic value: 15/22 [g=134, 3231 evaluated, 2769 expanded, 1332 reopened, t=2.36s, 11136 KB]
Best heuristic value: 13/13 [g=147, 4328 evaluated, 3736 expanded, 1897 reopened, t=2.48s, 11260 KB]
Best heuristic value: 10/13 [g=150, 4331 evaluated, 3739 expanded, 1897 reopened, t=2.48s, 11260 KB]
Best heuristic value: 9/9 [g=151, 4332 evaluated, 3740 expanded, 1897 reopened, t=2.48s, 11260 KB]
Best heuristic value: 7/7 [g=152, 4333 evaluated, 3741 expanded, 1897 reopened, t=2.48s, 11260 KB]
Best heuristic value: 4/4 [g=154, 4334 evaluated, 3742 expanded, 1897 reopened, t=2.48s, 11260 KB]
Best heuristic value: 2/2 [g=155, 4335 evaluated, 3743 expanded, 1897 reopened, t=2.48s, 11260 KB]
Solution found!
Actual search time: 1.2s [t=3.22s]
slide-base-in b-0 carry-in table-in (1)
move-arm arm1 tray-a table-in (2)
eject-base b-0 arm1 table-in (1)
move-arm-holding arm1 table-in gasket-machine b-0 (2)
set-base b-0 arm1 gasket-machine (1)
assemble-with-machine b-0 gasket-machine insert-gasket nothing-done (2)
eject-base b-0 arm1 gasket-machine (1)
move-arm-holding arm1 gasket-machine table1 b-0 (2)
set-base b-0 arm1 table1 (1)
move-arm arm1 table1 tray-a (10)
pickup-component part-a arm1 tray-a (1)
move-arm-holding arm1 tray-a table1 part-a (4)
assemble-with-arm part-a attatch-a insert-gasket b-0 arm1 table1 (2)
move-arm arm1 table1 inspection-machine (8)
move-arm arm2 oiling-machine table1 (10)
eject-base b-0 arm2 table1 (1)
move-arm-holding arm2 table1 screw-machine-a b-0 (2)
set-base b-0 arm2 screw-machine-a (1)
assemble-with-machine b-0 screw-machine-a screw-a attatch-a (2)
eject-base b-0 arm2 screw-machine-a (1)
move-arm-holding arm2 screw-machine-a oiling-machine b-0 (3)
set-base b-0 arm2 oiling-machine (1)
assemble-with-machine b-0 oiling-machine oil-cylinder screw-a (3)
eject-base b-0 arm2 oiling-machine (1)
move-arm-holding arm2 oiling-machine table2 b-0 (4)
set-base b-0 arm2 table2 (1)
move-arm arm2 table2 tray-b (9)
pickup-component part-b arm2 tray-b (1)
move-arm-holding arm2 tray-b table2 part-b (5)
assemble-with-arm part-b attatch-b oil-cylinder b-0 arm2 table2 (2)
move-arm arm2 table2 tray-c (11)
pickup-component part-c arm2 tray-c (1)
move-arm-holding arm2 tray-c table2 part-c (3)
assemble-with-arm part-c attatch-c attatch-b b-0 arm2 table2 (3)
eject-base b-0 arm2 table2 (1)
move-arm-holding arm2 table2 screw-machine-c b-0 (12)
set-base b-0 arm2 screw-machine-c (1)
assemble-with-machine b-0 screw-machine-c screw-c attatch-c (3)
eject-base b-0 arm2 screw-machine-c (1)
move-arm-holding arm2 screw-machine-c table2 b-0 (2)
set-base b-0 arm2 table2 (1)
move-arm arm2 table2 table1 (7)
move-arm arm1 inspection-machine table2 (12)
eject-base b-0 arm1 table2 (1)
move-arm-holding arm1 table2 inspection-machine b-0 (2)
set-base b-0 arm1 inspection-machine (1)
assemble-with-machine b-0 inspection-machine inspect-base screw-c (3)
eject-base b-0 arm1 inspection-machine (1)
move-arm-holding arm1 inspection-machine table-out b-0 (2)
set-base b-0 arm1 table-out (1)
slide-base-out b-0 table-out carry-out (1)
Plan length: 51 step(s).
Plan cost: 155
Initial state h value: 88/154.
Expanded 9700 state(s).
Reopened 5752 state(s).
Evaluated 10852 state(s).
Evaluations: 21704
Generated 119372 state(s).
Dead ends: 1151 state(s).
Best solution cost so far: 155
Solution found - keep searching
Starting search: lazy_wastar(list(hff2, hlm2), preferred = list(hff2, hlm2), w = 1)
Conducting lazy best first search, (real) bound = 155
Best heuristic value: 88/154 [g=0, 1 evaluated, 0 expanded, t=3.22s, 12412 KB]
Best heuristic value: 86/152 [g=1, 3 evaluated, 1 expanded, t=3.22s, 12412 KB]
Best heuristic value: 84/152 [g=3, 5 evaluated, 2 expanded, t=3.22s, 12412 KB]
Best heuristic value: 83/152 [g=4, 6 evaluated, 3 expanded, t=3.22s, 12412 KB]
Best heuristic value: 82/152 [g=5, 16 evaluated, 11 expanded, t=3.24s, 12412 KB]
Best heuristic value: 81/152 [g=6, 18 evaluated, 13 expanded, t=3.24s, 12412 KB]
Best heuristic value: 80/147 [g=6, 24 evaluated, 17 expanded, t=3.24s, 12412 KB]
Best heuristic value: 79/147 [g=7, 25 evaluated, 18 expanded, t=3.24s, 12412 KB]
Best heuristic value: 79/142 [g=8, 26 evaluated, 19 expanded, t=3.24s, 12412 KB]
Best heuristic value: 78/142 [g=10, 28 evaluated, 21 expanded, t=3.24s, 12412 KB]
Best heuristic value: 77/142 [g=9, 30 evaluated, 23 expanded, t=3.24s, 12412 KB]
Best heuristic value: 76/142 [g=9, 37 evaluated, 28 expanded, t=3.24s, 12412 KB]
Best heuristic value: 74/142 [g=11, 38 evaluated, 29 expanded, t=3.24s, 12412 KB]
Best heuristic value: 73/139 [g=11, 40 evaluated, 30 expanded, t=3.24s, 12412 KB]
Best heuristic value: 71/139 [g=13, 41 evaluated, 31 expanded, t=3.24s, 12412 KB]
Best heuristic value: 71/124 [g=12, 56 evaluated, 43 expanded, t=3.24s, 12412 KB]
Best heuristic value: 70/124 [g=14, 58 evaluated, 45 expanded, t=3.24s, 12412 KB]
Best heuristic value: 69/124 [g=15, 59 evaluated, 46 expanded, t=3.24s, 12412 KB]
Best heuristic value: 69/106 [g=19, 66 evaluated, 51 expanded, t=3.24s, 12412 KB]
Best heuristic value: 69/94 [g=30, 84 evaluated, 67 expanded, 1 reopened, t=3.24s, 12544 KB]
Best heuristic value: 68/94 [g=22, 386 evaluated, 343 expanded, 134 reopened, t=3.28s, 12544 KB]
Best heuristic value: 66/94 [g=24, 388 evaluated, 345 expanded, 134 reopened, t=3.28s, 12544 KB]
Best heuristic value: 65/94 [g=30, 1112 evaluated, 972 expanded, 444 reopened, t=3.36s, 12804 KB]
Best heuristic value: 63/94 [g=31, 1113 evaluated, 973 expanded, 444 reopened, t=3.36s, 12804 KB]
Best heuristic value: 61/94 [g=33, 1114 evaluated, 974 expanded, 444 reopened, t=3.36s, 12804 KB]
Best heuristic value: 61/86 [g=38, 1123 evaluated, 981 expanded, 445 reopened, t=3.36s, 12804 KB]
Best heuristic value: 60/86 [g=40, 1125 evaluated, 983 expanded, 445 reopened, t=3.36s, 12804 KB]
Best heuristic value: 58/86 [g=42, 1136 evaluated, 991 expanded, 445 reopened, t=3.36s, 12804 KB]
Best heuristic value: 58/74 [g=49, 1139 evaluated, 992 expanded, 445 reopened, t=3.36s, 12804 KB]
Best heuristic value: 55/74 [g=54, 1247 evaluated, 1082 expanded, 481 reopened, t=3.36s, 12804 KB]
Best heuristic value: 54/74 [g=55, 1249 evaluated, 1084 expanded, 481 reopened, t=3.36s, 12804 KB]
Best heuristic value: 52/74 [g=56, 1251 evaluated, 1086 expanded, 481 reopened, t=3.36s, 12804 KB]
Best heuristic value: 51/71 [g=57, 1254 evaluated, 1089 expanded, 481 reopened, t=3.36s, 12804 KB]
Best heuristic value: 49/71 [g=61, 1273 evaluated, 1108 expanded, 484 reopened, t=3.38s, 12804 KB]
Best heuristic value: 49/62 [g=69, 1279 evaluated, 1114 expanded, 486 reopened, t=3.38s, 12804 KB]
Best heuristic value: 48/62 [g=62, 1284 evaluated, 1119 expanded, 486 reopened, t=3.38s, 12804 KB]
Best heuristic value: 47/62 [g=63, 1285 evaluated, 1120 expanded, 486 reopened, t=3.38s, 12804 KB]
Best heuristic value: 45/62 [g=64, 1287 evaluated, 1122 expanded, 486 reopened, t=3.38s, 12804 KB]
Best heuristic value: 44/62 [g=65, 1290 evaluated, 1125 expanded, 486 reopened, t=3.38s, 12804 KB]
Best heuristic value: 44/57 [g=78, 1318 evaluated, 1151 expanded, 492 reopened, t=3.38s, 12936 KB]
Best heuristic value: 41/57 [g=67, 1360 evaluated, 1192 expanded, 510 reopened, t=3.38s, 12936 KB]
Best heuristic value: 38/57 [g=69, 1363 evaluated, 1195 expanded, 511 reopened, t=3.38s, 12936 KB]
Best heuristic value: 38/53 [g=89, 1493 evaluated, 1293 expanded, 541 reopened, t=3.4s, 12936 KB]
Best heuristic value: 38/43 [g=96, 2573 evaluated, 2204 expanded, 1055 reopened, t=3.5s, 13188 KB]
Best heuristic value: 35/43 [g=85, 3020 evaluated, 2575 expanded, 1261 reopened, t=3.56s, 13188 KB]
Best heuristic value: 33/43 [g=98, 3033 evaluated, 2587 expanded, 1263 reopened, t=3.56s, 13316 KB]
Best heuristic value: 30/43 [g=100, 3034 evaluated, 2588 expanded, 1263 reopened, t=3.56s, 13316 KB]
Best heuristic value: 30/34 [g=112, 3041 evaluated, 2595 expanded, 1264 reopened, t=3.56s, 13316 KB]
Best heuristic value: 26/34 [g=104, 3200 evaluated, 2738 expanded, 1331 reopened, t=3.58s, 13316 KB]
Best heuristic value: 24/34 [g=105, 3201 evaluated, 2739 expanded, 1331 reopened, t=3.58s, 13316 KB]
Best heuristic value: 21/34 [g=118, 3212 evaluated, 2750 expanded, 1331 reopened, t=3.58s, 13316 KB]
Best heuristic value: 19/34 [g=119, 3213 evaluated, 2751 expanded, 1331 reopened, t=3.58s, 13316 KB]
Best heuristic value: 15/34 [g=122, 3219 evaluated, 2757 expanded, 1331 reopened, t=3.58s, 13316 KB]
Best heuristic value: 15/33 [g=123, 3220 evaluated, 2758 expanded, 1331 reopened, t=3.58s, 13316 KB]
Best heuristic value: 15/27 [g=131, 3228 evaluated, 2766 expanded, 1331 reopened, t=3.58s, 13316 KB]
Best heuristic value: 15/25 [g=132, 3229 evaluated, 2767 expanded, 1331 reopened, t=3.58s, 13316 KB]
Best heuristic value: 15/22 [g=134, 3231 evaluated, 2769 expanded, 1332 reopened, t=3.58s, 13316 KB]
Best heuristic value: 13/13 [g=147, 4328 evaluated, 3736 expanded, 1897 reopened, t=3.7s, 13440 KB]
Best heuristic value: 10/13 [g=150, 4331 evaluated, 3739 expanded, 1897 reopened, t=3.7s, 13440 KB]
Best heuristic value: 9/9 [g=151, 4332 evaluated, 3740 expanded, 1897 reopened, t=3.7s, 13440 KB]
Best heuristic value: 7/7 [g=152, 4333 evaluated, 3741 expanded, 1897 reopened, t=3.7s, 13440 KB]
Best heuristic value: 4/4 [g=154, 4334 evaluated, 3742 expanded, 1897 reopened, t=3.7s, 13440 KB]
Best heuristic value: 2/2 [g=154, 10736 evaluated, 9588 expanded, 5654 reopened, t=4.42s, 14332 KB]
Completely explored state space -- no solution!
Actual search time: 2.88s [t=6.1s]
Initial state h value: 88/154.
Expanded 21634 state(s).
Reopened 13140 state(s).
Evaluated 23774 state(s).
Evaluations: 47548
Generated 263354 state(s).
Dead ends: 2140 state(s).
Best solution cost so far: 155
No solution found - keep searching
Actual search time: 6.04s [t=6.1s]
Cumulative statistics:
Expanded 46380 state(s).
Reopened 22101 state(s).
Evaluated 52846 state(s).
Evaluations: 105692
Generated 567559 state(s).
Dead ends: 0 state(s).
Search time: 6.04s
Total time: 6.1s
Solution found.
Peak memory: 14848 KB
real 6.81
user 6.10
sys 0.04
maxmem 12376
