Parsing... [0.010s CPU, 0.008s wall-clock]
Normalizing task... [0.000s CPU, 0.000s wall-clock]
Instantiating...
Generating Datalog program... [0.000s CPU, 0.001s wall-clock]
Normalizing Datalog program...
Normalizing Datalog program: [0.010s CPU, 0.007s wall-clock]
Preparing model... [0.000s CPU, 0.003s wall-clock]
Generated 68 rules.
Computing model... [0.050s CPU, 0.048s wall-clock]
1067 relevant atoms
1529 auxiliary atoms
2596 final queue length
3991 total queue pushes
Completing instantiation... [0.120s CPU, 0.127s wall-clock]
Instantiating: [0.180s CPU, 0.188s wall-clock]
Computing fact groups...
Finding invariants...
15 initial candidates
Finding invariants: [0.010s CPU, 0.005s wall-clock]
Checking invariant weight... [0.000s CPU, 0.000s wall-clock]
Instantiating groups... [0.000s CPU, 0.000s wall-clock]
Collecting mutex groups... [0.000s CPU, 0.000s wall-clock]
Choosing groups...
118 uncovered facts
Choosing groups: [0.000s CPU, 0.000s wall-clock]
Building translation key... [0.000s CPU, 0.001s wall-clock]
Computing fact groups: [0.010s CPU, 0.008s wall-clock]
Building STRIPS to SAS dictionary... [0.000s CPU, 0.000s wall-clock]
Building dictionary for full mutex groups... [0.000s CPU, 0.001s wall-clock]
Building mutex information...
Building mutex information: [0.000s CPU, 0.000s wall-clock]
Translating task...
Processing axioms...
Simplifying axioms... [0.000s CPU, 0.000s wall-clock]
Processing axioms: [0.010s CPU, 0.005s wall-clock]
Translating task: [0.060s CPU, 0.062s wall-clock]
91 implied effects removed
594 effect conditions simplified
0 implied preconditions added
Detecting unreachable propositions...
0 operators removed
16 propositions removed
Detecting unreachable propositions: [0.020s CPU, 0.013s wall-clock]
Translator variables: 113
Translator derived variables: 0
Translator facts: 235
Translator mutex groups: 2
Translator total mutex groups size: 13
Translator operators: 768
Translator task size: 6044
Translator peak memory: 47208 KB
Writing output... [0.020s CPU, 0.012s wall-clock]
Done! [0.300s CPU, 0.298s wall-clock]
