Parsing... [0.010s CPU, 0.012s wall-clock]
Normalizing task... [0.000s CPU, 0.001s wall-clock]
Instantiating...
Generating Datalog program... [0.000s CPU, 0.003s wall-clock]
Normalizing Datalog program...
Normalizing Datalog program: [0.010s CPU, 0.009s wall-clock]
Preparing model... [0.010s CPU, 0.009s wall-clock]
Generated 68 rules.
Computing model... [0.690s CPU, 0.693s wall-clock]
10427 relevant atoms
20789 auxiliary atoms
31216 final queue length
46651 total queue pushes
Completing instantiation... [2.180s CPU, 2.191s wall-clock]
Instantiating: [2.910s CPU, 2.932s wall-clock]
Computing fact groups...
Finding invariants...
15 initial candidates
Finding invariants: [0.010s CPU, 0.010s wall-clock]
Checking invariant weight... [0.000s CPU, 0.000s wall-clock]
Instantiating groups... [0.010s CPU, 0.001s wall-clock]
Collecting mutex groups... [0.000s CPU, 0.001s wall-clock]
Choosing groups...
1318 uncovered facts
Choosing groups: [0.000s CPU, 0.003s wall-clock]
Building translation key... [0.010s CPU, 0.009s wall-clock]
Computing fact groups: [0.050s CPU, 0.051s wall-clock]
Building STRIPS to SAS dictionary... [0.010s CPU, 0.004s wall-clock]
Building dictionary for full mutex groups... [0.000s CPU, 0.004s wall-clock]
Building mutex information...
Building mutex information: [0.010s CPU, 0.006s wall-clock]
Translating task...
Processing axioms...
Simplifying axioms... [0.000s CPU, 0.000s wall-clock]
Processing axioms: [0.060s CPU, 0.064s wall-clock]
Translating task: [0.920s CPU, 0.915s wall-clock]
931 implied effects removed
6354 effect conditions simplified
0 implied preconditions added
Detecting unreachable propositions...
0 operators removed
136 propositions removed
Detecting unreachable propositions: [0.160s CPU, 0.170s wall-clock]
Translator variables: 1253
Translator derived variables: 0
Translator facts: 2635
Translator mutex groups: 2
Translator total mutex groups size: 133
Translator operators: 8568
Translator task size: 66944
Translator peak memory: 100180 KB
Writing output... [0.150s CPU, 0.156s wall-clock]
Done! [4.300s CPU, 4.327s wall-clock]
