Parsing... [0.030s CPU, 0.027s wall-clock]
Normalizing task... [0.000s CPU, 0.002s wall-clock]
Instantiating...
Generating Datalog program... [0.000s CPU, 0.008s wall-clock]
Normalizing Datalog program...
Normalizing Datalog program: [0.020s CPU, 0.012s wall-clock]
Preparing model... [0.030s CPU, 0.032s wall-clock]
Generated 68 rules.
Computing model... [3.550s CPU, 3.593s wall-clock]
40379 relevant atoms
82421 auxiliary atoms
122800 final queue length
183163 total queue pushes
Completing instantiation... [11.040s CPU, 11.051s wall-clock]
Instantiating: [14.800s CPU, 14.866s wall-clock]
Computing fact groups...
Finding invariants...
15 initial candidates
Finding invariants: [0.020s CPU, 0.029s wall-clock]
Checking invariant weight... [0.010s CPU, 0.001s wall-clock]
Instantiating groups... [0.000s CPU, 0.004s wall-clock]
Collecting mutex groups... [0.010s CPU, 0.013s wall-clock]
Choosing groups...
5158 uncovered facts
Choosing groups: [0.010s CPU, 0.008s wall-clock]
Building translation key... [0.040s CPU, 0.045s wall-clock]
Computing fact groups: [0.250s CPU, 0.247s wall-clock]
Building STRIPS to SAS dictionary... [0.020s CPU, 0.025s wall-clock]
Building dictionary for full mutex groups... [0.550s CPU, 0.548s wall-clock]
Building mutex information...
Building mutex information: [0.030s CPU, 0.023s wall-clock]
Translating task...
Processing axioms...
Simplifying axioms... [0.000s CPU, 0.000s wall-clock]
Processing axioms: [0.280s CPU, 0.289s wall-clock]
Translating task: [4.870s CPU, 4.870s wall-clock]
3619 implied effects removed
24786 effect conditions simplified
0 implied preconditions added
Detecting unreachable propositions...
0 operators removed
520 propositions removed
Detecting unreachable propositions: [0.810s CPU, 0.812s wall-clock]
Translator variables: 4901
Translator derived variables: 0
Translator facts: 10315
Translator mutex groups: 2
Translator total mutex groups size: 517
Translator operators: 33528
Translator task size: 261824
Translator peak memory: 271092 KB
Writing output... [1.020s CPU, 1.022s wall-clock]
Done! [22.780s CPU, 22.841s wall-clock]
