Parsing... [0.000s CPU, 0.009s wall-clock]
Normalizing task... [0.010s CPU, 0.001s wall-clock]
Instantiating...
Generating Datalog program... [0.000s CPU, 0.001s wall-clock]
Normalizing Datalog program...
Normalizing Datalog program: [0.000s CPU, 0.005s wall-clock]
Preparing model... [0.010s CPU, 0.004s wall-clock]
Generated 68 rules.
Computing model... [0.020s CPU, 0.027s wall-clock]
731 relevant atoms
814 auxiliary atoms
1545 final queue length
2360 total queue pushes
Completing instantiation... [0.110s CPU, 0.099s wall-clock]
Instantiating: [0.140s CPU, 0.138s wall-clock]
Computing fact groups...
Finding invariants...
15 initial candidates
Finding invariants: [0.000s CPU, 0.005s wall-clock]
Checking invariant weight... [0.000s CPU, 0.000s wall-clock]
Instantiating groups... [0.000s CPU, 0.000s wall-clock]
Collecting mutex groups... [0.000s CPU, 0.000s wall-clock]
Choosing groups...
80 uncovered facts
Choosing groups: [0.000s CPU, 0.000s wall-clock]
Building translation key... [0.000s CPU, 0.001s wall-clock]
Computing fact groups: [0.000s CPU, 0.007s wall-clock]
Building STRIPS to SAS dictionary... [0.000s CPU, 0.000s wall-clock]
Building dictionary for full mutex groups... [0.000s CPU, 0.000s wall-clock]
Building mutex information...
Building mutex information: [0.000s CPU, 0.000s wall-clock]
Translating task...
Processing axioms...
Simplifying axioms... [0.000s CPU, 0.000s wall-clock]
Processing axioms: [0.010s CPU, 0.002s wall-clock]
Translating task: [0.040s CPU, 0.036s wall-clock]
60 implied effects removed
360 effect conditions simplified
0 implied preconditions added
Detecting unreachable propositions...
0 operators removed
11 propositions removed
Detecting unreachable propositions: [0.000s CPU, 0.007s wall-clock]
Translator variables: 79
Translator derived variables: 0
Translator facts: 161
Translator mutex groups: 3
Translator total mutex groups size: 9
Translator operators: 450
Translator task size: 3598
Translator peak memory: 45236 KB
Writing output... [0.010s CPU, 0.007s wall-clock]
Done! [0.200s CPU, 0.206s wall-clock]
