Dispatcher selected state size 1.
This is a nonunit task.
Simplifying transitions... done!
Initializing Exploration...
Generating landmarks using the RPG/SAS+ approach
approx. reasonable orders
approx. obedient reasonable orders
Removed 0 reasonable or obedient reasonable orders
Landmarks generation time: 0.0189395s
Discovered 102 landmarks, of which 1 are disjunctive and 0 are conjunctive 
329 edges
Initializing LAMA-FF Synergy Object
Initializing landmarks count heuristic...
62 initial landmarks, 2 goal landmarks
Initializing Exploration...
Generating landmarks using the RPG/SAS+ approach
approx. reasonable orders
approx. obedient reasonable orders
Removed 0 reasonable or obedient reasonable orders
Landmarks generation time: 0.0183503s
Discovered 102 landmarks, of which 1 are disjunctive and 0 are conjunctive 
329 edges
Initializing LAMA-FF Synergy Object
Initializing landmarks count heuristic...
62 initial landmarks, 2 goal landmarks
Starting search: lazy_greedy(list(hff1, hlm1), preferred = list(hff1, hlm1), cost_type = 1, reopen_closed = false)
Conducting lazy best first search, (real) bound = 2147483647
Best heuristic value: 40/45 [g=0, 1 evaluated, 0 expanded, t=0.05s]
Best heuristic value: 39/44 [g=1, 2 evaluated, 1 expanded, t=0.05s]
Best heuristic value: 39/43 [g=2, 5 evaluated, 4 expanded, t=0.05s]
Best heuristic value: 38/43 [g=2, 7 evaluated, 6 expanded, t=0.05s]
Best heuristic value: 38/41 [g=5, 176 evaluated, 152 expanded, t=0.07s]
Best heuristic value: 37/41 [g=6, 178 evaluated, 154 expanded, t=0.07s]
Best heuristic value: 36/41 [g=7, 191 evaluated, 167 expanded, t=0.08s]
Best heuristic value: 35/41 [g=8, 200 evaluated, 176 expanded, t=0.08s]
Best heuristic value: 34/40 [g=13, 3926 evaluated, 2797 expanded, t=0.58s]
Best heuristic value: 33/40 [g=14, 3937 evaluated, 2808 expanded, t=0.58s]
Best heuristic value: 33/39 [g=15, 3944 evaluated, 2815 expanded, t=0.58s]
Best heuristic value: 33/38 [g=16, 3960 evaluated, 2831 expanded, t=0.58s]
Best heuristic value: 32/38 [g=17, 3975 evaluated, 2846 expanded, t=0.58s]
Best heuristic value: 31/38 [g=19, 4215 evaluated, 3061 expanded, t=0.62s]
Best heuristic value: 31/37 [g=28, 8207 evaluated, 5849 expanded, t=1.15s]
Best heuristic value: 30/36 [g=29, 8208 evaluated, 5850 expanded, t=1.15s]
Best heuristic value: 29/35 [g=30, 8209 evaluated, 5851 expanded, t=1.15s]
Best heuristic value: 28/34 [g=31, 8210 evaluated, 5852 expanded, t=1.15s]
Best heuristic value: 28/33 [g=32, 8211 evaluated, 5853 expanded, t=1.15s]
Best heuristic value: 27/33 [g=33, 8214 evaluated, 5856 expanded, t=1.15s]
Best heuristic value: 26/33 [g=35, 8271 evaluated, 5913 expanded, t=1.16s]
Best heuristic value: 25/32 [g=40, 9192 evaluated, 6582 expanded, t=1.27s]
Best heuristic value: 25/30 [g=43, 9250 evaluated, 6637 expanded, t=1.28s]
Best heuristic value: 24/30 [g=44, 9252 evaluated, 6638 expanded, t=1.28s]
Best heuristic value: 23/30 [g=45, 9256 evaluated, 6641 expanded, t=1.28s]
Best heuristic value: 22/29 [g=52, 9964 evaluated, 7123 expanded, t=1.36s]
Best heuristic value: 22/28 [g=54, 9975 evaluated, 7134 expanded, t=1.37s]
Best heuristic value: 21/27 [g=55, 9981 evaluated, 7140 expanded, t=1.37s]
Best heuristic value: 20/27 [g=56, 9984 evaluated, 7143 expanded, t=1.37s]
Best heuristic value: 20/26 [g=64, 10920 evaluated, 7850 expanded, t=1.48s]
Best heuristic value: 19/25 [g=65, 10921 evaluated, 7851 expanded, t=1.48s]
Best heuristic value: 18/24 [g=66, 10922 evaluated, 7852 expanded, t=1.48s]
Best heuristic value: 17/23 [g=67, 10923 evaluated, 7853 expanded, t=1.48s]
Best heuristic value: 16/22 [g=68, 10929 evaluated, 7859 expanded, t=1.48s]
Best heuristic value: 15/22 [g=69, 10933 evaluated, 7863 expanded, t=1.49s]
Best heuristic value: 14/21 [g=70, 10943 evaluated, 7873 expanded, t=1.49s]
Best heuristic value: 14/20 [g=71, 10944 evaluated, 7874 expanded, t=1.49s]
Best heuristic value: 14/18 [g=75, 11009 evaluated, 7935 expanded, t=1.5s]
Best heuristic value: 14/16 [g=77, 11016 evaluated, 7942 expanded, t=1.5s]
Best heuristic value: 13/16 [g=78, 11017 evaluated, 7943 expanded, t=1.5s]
Best heuristic value: 12/16 [g=79, 11021 evaluated, 7946 expanded, t=1.5s]
Best heuristic value: 12/15 [g=81, 11069 evaluated, 7982 expanded, t=1.5s]
Best heuristic value: 11/14 [g=82, 11070 evaluated, 7983 expanded, t=1.5s]
Best heuristic value: 10/13 [g=83, 11071 evaluated, 7984 expanded, t=1.5s]
Best heuristic value: 9/12 [g=84, 11072 evaluated, 7985 expanded, t=1.5s]
Best heuristic value: 8/11 [g=85, 11073 evaluated, 7986 expanded, t=1.5s]
Best heuristic value: 7/11 [g=87, 11079 evaluated, 7991 expanded, t=1.5s]
Best heuristic value: 6/10 [g=93, 11137 evaluated, 8039 expanded, t=1.51s]
Best heuristic value: 6/9 [g=94, 11138 evaluated, 8040 expanded, t=1.51s]
Best heuristic value: 6/8 [g=96, 11145 evaluated, 8047 expanded, t=1.51s]
Best heuristic value: 6/7 [g=97, 11146 evaluated, 8048 expanded, t=1.51s]
Best heuristic value: 6/6 [g=99, 11149 evaluated, 8051 expanded, t=1.51s]
Best heuristic value: 5/5 [g=100, 11151 evaluated, 8053 expanded, t=1.51s]
Best heuristic value: 4/5 [g=102, 11155 evaluated, 8056 expanded, t=1.51s]
Best heuristic value: 4/4 [g=103, 11159 evaluated, 8059 expanded, t=1.52s]
Best heuristic value: 3/4 [g=104, 11160 evaluated, 8060 expanded, t=1.52s]
Best heuristic value: 3/3 [g=104, 11161 evaluated, 8061 expanded, t=1.52s]
Best heuristic value: 2/2 [g=105, 11162 evaluated, 8062 expanded, t=1.52s]
Best heuristic value: 1/1 [g=106, 11163 evaluated, 8063 expanded, t=1.52s]
Solution found!
Actual search time: 1.47s [t=1.52s]
slide-base-in b-0 carry-in table-in (1)
move-arm a3 tb23 table-out (3)
move-arm a1 t1 table-in (3)
eject-base b-0 a1 table-in (1)
move-arm-holding a1 table-in tb13 b-0 (3)
move-arm-holding a1 tb13 tb12 b-0 (3)
set-base b-0 a1 tb12 (1)
move-arm a1 tb12 m5 (4)
move-arm a2 m4 tb12 (3)
eject-base b-0 a2 tb12 (1)
move-arm-holding a2 tb12 m1 b-0 (2)
set-base b-0 a2 m1 (1)
assemble-with-machine b-0 m1 j1 nothing-done (3)
eject-base b-0 a2 m1 (1)
move-arm-holding a2 m1 tb23 b-0 (3)
set-base b-0 a2 tb23 (1)
move-arm a2 tb23 tb-for-p2 (3)
move-arm a3 table-out tb23 (3)
eject-base b-0 a3 tb23 (1)
move-arm-holding a3 tb23 tb13 b-0 (2)
set-base b-0 a3 tb13 (1)
move-arm a3 tb13 table-out (4)
move-arm a1 m5 tb13 (4)
eject-base b-0 a1 tb13 (1)
move-arm-holding a1 tb13 tb-for-p1 b-0 (4)
set-base b-0 a1 tb-for-p1 (1)
move-arm a1 tb-for-p1 t1 (3)
pickup-component p1 a1 t1 (1)
move-arm-holding a1 t1 tb-for-p1 p1 (3)
assemble-with-arm p1 j2 j1 b-0 a1 tb-for-p1 (3)
eject-base b-0 a1 tb-for-p1 (1)
move-arm-holding a1 tb-for-p1 tb13 b-0 (4)
set-base b-0 a1 tb13 (1)
move-arm a1 tb13 m3 (2)
move-arm a3 table-out tb13 (4)
eject-base b-0 a3 tb13 (1)
move-arm-holding a3 tb13 m2 b-0 (3)
set-base b-0 a3 m2 (1)
move-arm a3 m2 table-out (2)
assemble-with-machine b-0 m2 j3 j2 (3)
move-arm a3 table-out m2 (2)
eject-base b-0 a3 m2 (1)
move-arm-holding a3 m2 table-out b-0 (2)
move-arm-holding a3 table-out tb13 b-0 (4)
set-base b-0 a3 tb13 (1)
move-arm a3 tb13 table-out (4)
move-arm a1 m3 tb13 (2)
eject-base b-0 a1 tb13 (1)
move-arm-holding a1 tb13 m3 b-0 (2)
set-base b-0 a1 m3 (1)
move-arm a1 m3 m5 (3)
assemble-with-machine b-0 m3 j4 j3 (2)
move-arm a1 m5 m3 (3)
eject-base b-0 a1 m3 (1)
move-arm-holding a1 m3 m5 b-0 (3)
move-arm-holding a1 m5 tb12 b-0 (4)
set-base b-0 a1 tb12 (1)
move-arm a1 tb12 m5 (4)
move-arm a2 tb-for-p2 tb12 (4)
eject-base b-0 a2 tb12 (1)
move-arm-holding a2 tb12 tb-for-p2 b-0 (4)
set-base b-0 a2 tb-for-p2 (1)
move-arm a2 tb-for-p2 t2 (2)
pickup-component p2 a2 t2 (1)
move-arm-holding a2 t2 tb-for-p2 p2 (2)
assemble-with-arm p2 j5 j4 b-0 a2 tb-for-p2 (3)
eject-base b-0 a2 tb-for-p2 (1)
move-arm-holding a2 tb-for-p2 m4 b-0 (2)
set-base b-0 a2 m4 (1)
assemble-with-machine b-0 m4 j6 j5 (3)
eject-base b-0 a2 m4 (1)
move-arm-holding a2 m4 tb23 b-0 (2)
set-base b-0 a2 tb23 (1)
move-arm a2 tb23 m1 (3)
move-arm a3 table-out tb23 (3)
eject-base b-0 a3 tb23 (1)
move-arm-holding a3 tb23 table-out b-0 (3)
move-arm-holding a3 table-out tb-for-p3 b-0 (3)
set-base b-0 a3 tb-for-p3 (1)
move-arm a3 tb-for-p3 t3 (2)
pickup-component p3 a3 t3 (1)
move-arm-holding a3 t3 tb-for-p3 p3 (2)
assemble-with-arm p3 j7 j6 b-0 a3 tb-for-p3 (2)
eject-base b-0 a3 tb-for-p3 (1)
move-arm-holding a3 tb-for-p3 table-out b-0 (3)
move-arm-holding a3 table-out tb13 b-0 (4)
set-base b-0 a3 tb13 (1)
move-arm a3 tb13 table-out (4)
move-arm a1 m5 tb13 (4)
eject-base b-0 a1 tb13 (1)
move-arm-holding a1 tb13 m5 b-0 (4)
set-base b-0 a1 m5 (1)
assemble-with-machine b-0 m5 j8 j7 (3)
eject-base b-0 a1 m5 (1)
move-arm-holding a1 m5 tb13 b-0 (4)
set-base b-0 a1 tb13 (1)
move-arm a1 tb13 m3 (2)
move-arm a3 table-out tb13 (4)
eject-base b-0 a3 tb13 (1)
move-arm-holding a3 tb13 table-out b-0 (4)
move-arm-holding a3 table-out m6 b-0 (4)
set-base b-0 a3 m6 (1)
assemble-with-machine b-0 m6 j9 j8 (3)
eject-base b-0 a3 m6 (1)
move-arm-holding a3 m6 table-out b-0 (4)
set-base b-0 a3 table-out (1)
slide-base-out b-0 table-out carry-out (1)
Plan length: 107 step(s).
Plan cost: 239
Initial state h value: 40/45.
Expanded 8064 state(s).
Reopened 0 state(s).
Evaluated 11164 state(s).
Evaluations: 22328
Generated 138625 state(s).
Dead ends: 3099 state(s).
Best solution cost so far: 239
Solution found - keep searching
Starting search: lazy_greedy(list(hff2, hlm2), preferred = list(hff2, hlm2), reopen_closed = false)
Conducting lazy best first search, (real) bound = 239
Switch from bucket-based to heap-based queue at key = 163, num_pushes = 162
Best heuristic value: 108/136 [g=0, 1 evaluated, 0 expanded, t=1.52s]
Best heuristic value: 106/134 [g=1, 2 evaluated, 1 expanded, t=1.52s]
Best heuristic value: 104/134 [g=4, 3 evaluated, 2 expanded, t=1.52s]
Best heuristic value: 103/134 [g=5, 4 evaluated, 3 expanded, t=1.52s]
Best heuristic value: 103/131 [g=8, 6 evaluated, 5 expanded, t=1.52s]
Best heuristic value: 100/127 [g=10, 9 evaluated, 8 expanded, t=1.52s]
Best heuristic value: 100/124 [g=12, 10 evaluated, 9 expanded, t=1.52s]
Best heuristic value: 97/123 [g=14, 11 evaluated, 10 expanded, t=1.52s]
Best heuristic value: 96/123 [g=17, 16 evaluated, 15 expanded, t=1.52s]
Best heuristic value: 95/122 [g=18, 18 evaluated, 17 expanded, t=1.52s]
Best heuristic value: 94/122 [g=19, 25 evaluated, 24 expanded, t=1.52s]
Best heuristic value: 94/121 [g=20, 32 evaluated, 31 expanded, t=1.52s]
Best heuristic value: 91/121 [g=22, 33 evaluated, 32 expanded, t=1.52s]
Best heuristic value: 91/120 [g=22, 56 evaluated, 54 expanded, t=1.52s]
Best heuristic value: 88/118 [g=50, 2325 evaluated, 1821 expanded, t=1.81s]
Best heuristic value: 87/118 [g=51, 2326 evaluated, 1822 expanded, t=1.81s]
Best heuristic value: 87/112 [g=54, 2327 evaluated, 1823 expanded, t=1.81s]
Best heuristic value: 86/111 [g=56, 2330 evaluated, 1826 expanded, t=1.81s]
Best heuristic value: 84/111 [g=58, 2339 evaluated, 1835 expanded, t=1.81s]
Best heuristic value: 83/111 [g=59, 2355 evaluated, 1851 expanded, t=1.81s]
Best heuristic value: 82/111 [g=59, 2386 evaluated, 1881 expanded, t=1.82s]
Best heuristic value: 80/111 [g=71, 3046 evaluated, 2408 expanded, t=1.9s]
Best heuristic value: 80/110 [g=82, 5454 evaluated, 3899 expanded, t=2.23s]
Best heuristic value: 80/109 [g=85, 5455 evaluated, 3900 expanded, t=2.23s]
Best heuristic value: 76/105 [g=88, 5456 evaluated, 3901 expanded, t=2.23s]
Best heuristic value: 74/103 [g=89, 5457 evaluated, 3902 expanded, t=2.23s]
Best heuristic value: 74/98 [g=93, 5458 evaluated, 3903 expanded, t=2.23s]
Best heuristic value: 71/96 [g=95, 5461 evaluated, 3906 expanded, t=2.23s]
Best heuristic value: 68/96 [g=99, 5479 evaluated, 3924 expanded, t=2.24s]
Best heuristic value: 67/93 [g=107, 5830 evaluated, 4234 expanded, t=2.28s]
Best heuristic value: 66/93 [g=108, 5831 evaluated, 4235 expanded, t=2.28s]
Best heuristic value: 63/88 [g=110, 5832 evaluated, 4236 expanded, t=2.28s]
Best heuristic value: 62/88 [g=111, 5833 evaluated, 4237 expanded, t=2.28s]
Best heuristic value: 62/86 [g=114, 5835 evaluated, 4238 expanded, t=2.28s]
Best heuristic value: 59/86 [g=115, 5836 evaluated, 4239 expanded, t=2.28s]
Best heuristic value: 59/85 [g=121, 6107 evaluated, 4454 expanded, t=2.32s]
Best heuristic value: 59/82 [g=129, 6213 evaluated, 4532 expanded, t=2.34s]
Best heuristic value: 57/80 [g=130, 6214 evaluated, 4533 expanded, t=2.34s]
Best heuristic value: 54/80 [g=133, 6219 evaluated, 4538 expanded, t=2.34s]
Best heuristic value: 52/80 [g=134, 6227 evaluated, 4546 expanded, t=2.34s]
Best heuristic value: 52/79 [g=138, 6424 evaluated, 4701 expanded, t=2.36s]
Best heuristic value: 51/79 [g=149, 6479 evaluated, 4750 expanded, t=2.37s]
Best heuristic value: 50/79 [g=163, 7496 evaluated, 5466 expanded, t=2.51s]
Best heuristic value: 47/79 [g=165, 7497 evaluated, 5467 expanded, t=2.51s]
Best heuristic value: 43/76 [g=168, 7498 evaluated, 5468 expanded, t=2.51s]
Best heuristic value: 41/74 [g=169, 7499 evaluated, 5469 expanded, t=2.51s]
Best heuristic value: 41/68 [g=172, 7500 evaluated, 5470 expanded, t=2.51s]
Best heuristic value: 40/68 [g=174, 7503 evaluated, 5473 expanded, t=2.51s]
Best heuristic value: 40/67 [g=175, 7508 evaluated, 5478 expanded, t=2.51s]
Best heuristic value: 40/65 [g=178, 7511 evaluated, 5481 expanded, t=2.51s]
Best heuristic value: 40/64 [g=180, 7512 evaluated, 5482 expanded, t=2.51s]
Best heuristic value: 38/64 [g=175, 7513 evaluated, 5483 expanded, t=2.51s]
Best heuristic value: 38/63 [g=183, 7521 evaluated, 5491 expanded, t=2.51s]
Best heuristic value: 34/63 [g=178, 7526 evaluated, 5496 expanded, t=2.51s]
Best heuristic value: 34/61 [g=182, 7537 evaluated, 5507 expanded, t=2.51s]
Best heuristic value: 34/59 [g=183, 7538 evaluated, 5508 expanded, t=2.51s]
Best heuristic value: 34/58 [g=185, 7540 evaluated, 5510 expanded, t=2.51s]
Best heuristic value: 34/57 [g=188, 7551 evaluated, 5521 expanded, t=2.52s]
Best heuristic value: 34/55 [g=195, 7586 evaluated, 5555 expanded, t=2.52s]
Best heuristic value: 33/49 [g=199, 7597 evaluated, 5566 expanded, t=2.52s]
Best heuristic value: 32/49 [g=200, 7598 evaluated, 5567 expanded, t=2.52s]
Best heuristic value: 32/47 [g=203, 7600 evaluated, 5568 expanded, t=2.52s]
Best heuristic value: 29/47 [g=204, 7601 evaluated, 5569 expanded, t=2.52s]
Best heuristic value: 29/46 [g=205, 7607 evaluated, 5574 expanded, t=2.52s]
Best heuristic value: 29/45 [g=209, 7647 evaluated, 5604 expanded, t=2.53s]
Best heuristic value: 27/41 [g=211, 7648 evaluated, 5605 expanded, t=2.53s]
Best heuristic value: 24/38 [g=213, 7649 evaluated, 5606 expanded, t=2.53s]
Best heuristic value: 22/36 [g=214, 7650 evaluated, 5607 expanded, t=2.53s]
Best heuristic value: 19/35 [g=217, 7651 evaluated, 5608 expanded, t=2.53s]
Best heuristic value: 19/33 [g=221, 7653 evaluated, 5610 expanded, t=2.53s]
Best heuristic value: 16/33 [g=222, 7659 evaluated, 5615 expanded, t=2.53s]
Best heuristic value: 15/29 [g=238, 7702 evaluated, 5651 expanded, t=2.54s]
Best heuristic value: 14/29 [g=236, 14141 evaluated, 10680 expanded, t=3.55s]
Completely explored state space -- no solution!
Actual search time: 12.95s [t=14.47s]
Initial state h value: 108/136.
Expanded 44530 state(s).
Reopened 0 state(s).
Evaluated 63297 state(s).
Evaluations: 126594
Generated 756618 state(s).
Dead ends: 18767 state(s).
Best solution cost so far: 239
No solution found - keep searching
Starting search: lazy_wastar(list(hff2, hlm2), preferred = list(hff2, hlm2), w = 5)
Conducting lazy best first search, (real) bound = 239
Best heuristic value: 108/136 [g=0, 1 evaluated, 0 expanded, t=14.47s]
Best heuristic value: 106/134 [g=1, 2 evaluated, 1 expanded, t=14.47s]
Best heuristic value: 106/131 [g=3, 4 evaluated, 2 expanded, t=14.47s]
Best heuristic value: 104/131 [g=3, 6 evaluated, 3 expanded, t=14.47s]
Best heuristic value: 103/130 [g=5, 7 evaluated, 4 expanded, t=14.47s]
Best heuristic value: 101/130 [g=7, 9 evaluated, 5 expanded, t=14.47s]
Best heuristic value: 101/128 [g=7, 11 evaluated, 7 expanded, t=14.47s]
Best heuristic value: 99/128 [g=9, 15 evaluated, 11 expanded, t=14.47s]
Best heuristic value: 99/127 [g=9, 21 evaluated, 17 expanded, t=14.47s]
Best heuristic value: 99/126 [g=11, 28 evaluated, 24 expanded, t=14.48s]
Best heuristic value: 99/125 [g=13, 39 evaluated, 34 expanded, t=14.48s]
Best heuristic value: 98/125 [g=12, 47 evaluated, 40 expanded, 1 reopened, t=14.48s]
Best heuristic value: 95/125 [g=14, 51 evaluated, 44 expanded, 1 reopened, t=14.48s]
Best heuristic value: 94/125 [g=15, 53 evaluated, 46 expanded, 1 reopened, t=14.48s]
Best heuristic value: 94/123 [g=18, 67 evaluated, 58 expanded, 1 reopened, t=14.48s]
Best heuristic value: 94/122 [g=18, 69 evaluated, 59 expanded, 1 reopened, t=14.48s]
Best heuristic value: 94/121 [g=20, 77 evaluated, 66 expanded, 1 reopened, t=14.48s]
Best heuristic value: 94/120 [g=22, 90 evaluated, 78 expanded, 3 reopened, t=14.48s]
Best heuristic value: 93/120 [g=20, 213 evaluated, 187 expanded, 36 reopened, t=14.5s]
Best heuristic value: 91/120 [g=22, 220 evaluated, 192 expanded, 36 reopened, t=14.5s]
Best heuristic value: 89/120 [g=36, 2085 evaluated, 1729 expanded, 706 reopened, t=14.78s]
Best heuristic value: 85/118 [g=39, 2095 evaluated, 1737 expanded, 706 reopened, t=14.78s]
Best heuristic value: 85/116 [g=44, 2168 evaluated, 1792 expanded, 706 reopened, t=14.8s]
Best heuristic value: 85/112 [g=46, 2171 evaluated, 1794 expanded, 706 reopened, t=14.8s]
Best heuristic value: 85/111 [g=48, 2177 evaluated, 1799 expanded, 706 reopened, t=14.8s]
Best heuristic value: 84/111 [g=50, 2187 evaluated, 1808 expanded, 706 reopened, t=14.8s]
Best heuristic value: 82/111 [g=51, 2206 evaluated, 1826 expanded, 706 reopened, t=14.8s]
Best heuristic value: 80/111 [g=60, 2969 evaluated, 2454 expanded, 783 reopened, t=14.9s]
Best heuristic value: 80/110 [g=61, 7977 evaluated, 6726 expanded, 3392 reopened, t=15.6s]
Best heuristic value: 80/109 [g=63, 7981 evaluated, 6728 expanded, 3392 reopened, t=15.6s]
Best heuristic value: 80/106 [g=66, 7990 evaluated, 6735 expanded, 3392 reopened, t=15.61s]
Best heuristic value: 76/105 [g=68, 8031 evaluated, 6764 expanded, 3394 reopened, t=15.61s]
Best heuristic value: 74/103 [g=69, 8032 evaluated, 6765 expanded, 3394 reopened, t=15.61s]
Best heuristic value: 71/100 [g=71, 8036 evaluated, 6767 expanded, 3394 reopened, t=15.61s]
Best heuristic value: 71/96 [g=74, 8047 evaluated, 6774 expanded, 3394 reopened, t=15.62s]
Best heuristic value: 68/96 [g=75, 8076 evaluated, 6796 expanded, 3396 reopened, t=15.62s]
Best heuristic value: 64/93 [g=92, 9416 evaluated, 7979 expanded, 4053 reopened, t=15.8s]
Best heuristic value: 63/88 [g=97, 9458 evaluated, 8017 expanded, 4053 reopened, t=15.8s]
Best heuristic value: 62/88 [g=98, 9459 evaluated, 8018 expanded, 4053 reopened, t=15.8s]
Best heuristic value: 62/87 [g=99, 9466 evaluated, 8024 expanded, 4053 reopened, t=15.81s]
Best heuristic value: 59/87 [g=100, 9468 evaluated, 8026 expanded, 4053 reopened, t=15.81s]
Best heuristic value: 59/86 [g=101, 9474 evaluated, 8030 expanded, 4053 reopened, t=15.81s]
Best heuristic value: 59/85 [g=106, 9821 evaluated, 8334 expanded, 4196 reopened, t=15.86s]
Best heuristic value: 59/82 [g=113, 10084 evaluated, 8529 expanded, 4251 reopened, t=15.89s]
Best heuristic value: 57/80 [g=114, 10085 evaluated, 8530 expanded, 4251 reopened, t=15.89s]
Best heuristic value: 54/80 [g=117, 10094 evaluated, 8539 expanded, 4251 reopened, t=15.89s]
Best heuristic value: 52/80 [g=118, 10095 evaluated, 8540 expanded, 4251 reopened, t=15.89s]
Best heuristic value: 52/79 [g=122, 10294 evaluated, 8699 expanded, 4257 reopened, t=15.92s]
Best heuristic value: 51/79 [g=131, 10350 evaluated, 8750 expanded, 4258 reopened, t=15.92s]
Best heuristic value: 49/75 [g=137, 11635 evaluated, 9760 expanded, 4629 reopened, t=16.1s]
Best heuristic value: 49/73 [g=139, 11637 evaluated, 9762 expanded, 4629 reopened, t=16.1s]
Best heuristic value: 45/71 [g=140, 11640 evaluated, 9765 expanded, 4629 reopened, t=16.11s]
Best heuristic value: 43/69 [g=141, 11641 evaluated, 9766 expanded, 4629 reopened, t=16.11s]
Best heuristic value: 42/64 [g=143, 11643 evaluated, 9768 expanded, 4629 reopened, t=16.11s]
Best heuristic value: 40/64 [g=144, 11644 evaluated, 9769 expanded, 4629 reopened, t=16.11s]
Best heuristic value: 40/63 [g=145, 11645 evaluated, 9770 expanded, 4629 reopened, t=16.11s]
Best heuristic value: 36/60 [g=147, 11655 evaluated, 9780 expanded, 4629 reopened, t=16.11s]
Best heuristic value: 36/58 [g=148, 11656 evaluated, 9781 expanded, 4629 reopened, t=16.11s]
Best heuristic value: 36/57 [g=150, 11657 evaluated, 9782 expanded, 4629 reopened, t=16.11s]
Best heuristic value: 36/55 [g=157, 11725 evaluated, 9842 expanded, 4631 reopened, t=16.12s]
Best heuristic value: 36/49 [g=160, 11729 evaluated, 9845 expanded, 4631 reopened, t=16.12s]
Best heuristic value: 35/47 [g=162, 11731 evaluated, 9847 expanded, 4631 reopened, t=16.12s]
Best heuristic value: 34/47 [g=163, 11733 evaluated, 9849 expanded, 4631 reopened, t=16.12s]
Best heuristic value: 34/46 [g=164, 11734 evaluated, 9850 expanded, 4631 reopened, t=16.12s]
Best heuristic value: 31/46 [g=165, 11749 evaluated, 9865 expanded, 4632 reopened, t=16.12s]
Best heuristic value: 31/45 [g=168, 11759 evaluated, 9874 expanded, 4635 reopened, t=16.12s]
Best heuristic value: 29/41 [g=170, 11761 evaluated, 9876 expanded, 4635 reopened, t=16.12s]
Best heuristic value: 26/38 [g=172, 11762 evaluated, 9877 expanded, 4635 reopened, t=16.12s]
Best heuristic value: 24/36 [g=173, 11763 evaluated, 9878 expanded, 4635 reopened, t=16.12s]
Best heuristic value: 21/33 [g=175, 11764 evaluated, 9879 expanded, 4635 reopened, t=16.12s]
Best heuristic value: 18/33 [g=180, 11771 evaluated, 9886 expanded, 4635 reopened, t=16.12s]
Best heuristic value: 15/29 [g=193, 11839 evaluated, 9946 expanded, 4656 reopened, t=16.14s]
Best heuristic value: 15/27 [g=194, 11840 evaluated, 9947 expanded, 4656 reopened, t=16.14s]
Best heuristic value: 15/25 [g=198, 11843 evaluated, 9950 expanded, 4656 reopened, t=16.14s]
Best heuristic value: 15/23 [g=199, 11844 evaluated, 9951 expanded, 4656 reopened, t=16.14s]
Best heuristic value: 15/20 [g=201, 11846 evaluated, 9953 expanded, 4656 reopened, t=16.14s]
Best heuristic value: 15/18 [g=204, 11849 evaluated, 9956 expanded, 4656 reopened, t=16.14s]
Best heuristic value: 13/15 [g=206, 11851 evaluated, 9958 expanded, 4656 reopened, t=16.14s]
Best heuristic value: 9/11 [g=210, 11854 evaluated, 9961 expanded, 4656 reopened, t=16.14s]
Best heuristic value: 7/9 [g=211, 11855 evaluated, 9962 expanded, 4656 reopened, t=16.14s]
Best heuristic value: 4/4 [g=215, 11856 evaluated, 9963 expanded, 4656 reopened, t=16.14s]
Best heuristic value: 2/2 [g=216, 11857 evaluated, 9964 expanded, 4656 reopened, t=16.14s]
Solution found!
Actual search time: 1.67s [t=16.14s]
slide-base-in b-0 carry-in table-in (1)
move-arm a3 tb23 tb13 (2)
move-arm a3 tb13 m6 (2)
move-arm a1 t1 m3 (2)
move-arm a2 m4 tb-for-p2 (2)
move-arm a1 m3 table-in (2)
eject-base b-0 a1 table-in (1)
move-arm-holding a1 table-in tb-for-p1 b-0 (2)
move-arm a2 tb-for-p2 t2 (2)
move-arm a3 m6 tb-for-p3 (2)
move-arm-holding a1 tb-for-p1 tb12 b-0 (4)
set-base b-0 a1 tb12 (1)
move-arm a1 tb12 m3 (2)
move-arm a3 tb-for-p3 t3 (2)
move-arm a2 t2 tb12 (3)
eject-base b-0 a2 tb12 (1)
move-arm-holding a2 tb12 m1 b-0 (2)
set-base b-0 a2 m1 (1)
move-arm a2 m1 t2 (2)
assemble-with-machine b-0 m1 j1 nothing-done (3)
move-arm a2 t2 m1 (2)
eject-base b-0 a2 m1 (1)
move-arm-holding a2 m1 tb12 b-0 (2)
set-base b-0 a2 tb12 (1)
move-arm a2 tb12 t2 (3)
move-arm a1 m3 tb12 (2)
eject-base b-0 a1 tb12 (1)
move-arm-holding a1 tb12 m3 b-0 (2)
move-arm-holding a1 m3 tb-for-p1 b-0 (3)
set-base b-0 a1 tb-for-p1 (1)
move-arm a1 tb-for-p1 t1 (3)
pickup-component p1 a1 t1 (1)
move-arm-holding a1 t1 m5 p1 (2)
move-arm-holding a1 m5 tb-for-p1 p1 (2)
assemble-with-arm p1 j2 j1 b-0 a1 tb-for-p1 (3)
eject-base b-0 a1 tb-for-p1 (1)
move-arm-holding a1 tb-for-p1 tb13 b-0 (4)
set-base b-0 a1 tb13 (1)
move-arm a1 tb13 m3 (2)
move-arm a2 t2 tb-for-p2 (2)
move-arm a3 t3 tb13 (4)
eject-base b-0 a3 tb13 (1)
move-arm-holding a3 tb13 m2 b-0 (3)
set-base b-0 a3 m2 (1)
move-arm a3 m2 table-out (2)
assemble-with-machine b-0 m2 j3 j2 (3)
move-arm a3 table-out m2 (2)
eject-base b-0 a3 m2 (1)
move-arm-holding a3 m2 table-out b-0 (2)
move-arm-holding a3 table-out tb13 b-0 (4)
set-base b-0 a3 tb13 (1)
move-arm a3 tb13 tb-for-p3 (3)
move-arm a1 m3 tb13 (2)
eject-base b-0 a1 tb13 (1)
move-arm-holding a1 tb13 m3 b-0 (2)
set-base b-0 a1 m3 (1)
assemble-with-machine b-0 m3 j4 j3 (2)
eject-base b-0 a1 m3 (1)
move-arm-holding a1 m3 tb12 b-0 (2)
set-base b-0 a1 tb12 (1)
move-arm a1 tb12 m5 (4)
move-arm a2 tb-for-p2 tb12 (4)
eject-base b-0 a2 tb12 (1)
move-arm-holding a2 tb12 tb23 b-0 (2)
move-arm-holding a2 tb23 tb-for-p2 b-0 (3)
set-base b-0 a2 tb-for-p2 (1)
move-arm a2 tb-for-p2 t2 (2)
pickup-component p2 a2 t2 (1)
move-arm-holding a2 t2 tb-for-p2 p2 (2)
assemble-with-arm p2 j5 j4 b-0 a2 tb-for-p2 (3)
eject-base b-0 a2 tb-for-p2 (1)
move-arm-holding a2 tb-for-p2 m4 b-0 (2)
set-base b-0 a2 m4 (1)
assemble-with-machine b-0 m4 j6 j5 (3)
eject-base b-0 a2 m4 (1)
move-arm-holding a2 m4 tb23 b-0 (2)
set-base b-0 a2 tb23 (1)
move-arm a2 tb23 tb12 (2)
move-arm a3 tb-for-p3 tb23 (4)
eject-base b-0 a3 tb23 (1)
move-arm-holding a3 tb23 tb13 b-0 (2)
move-arm-holding a3 tb13 m6 b-0 (2)
move-arm-holding a3 m6 tb-for-p3 b-0 (2)
set-base b-0 a3 tb-for-p3 (1)
move-arm a3 tb-for-p3 t3 (2)
pickup-component p3 a3 t3 (1)
move-arm-holding a3 t3 tb-for-p3 p3 (2)
assemble-with-arm p3 j7 j6 b-0 a3 tb-for-p3 (2)
eject-base b-0 a3 tb-for-p3 (1)
move-arm-holding a3 tb-for-p3 tb13 b-0 (3)
set-base b-0 a3 tb13 (1)
move-arm a3 tb13 m6 (2)
move-arm a1 m5 tb13 (4)
eject-base b-0 a1 tb13 (1)
move-arm-holding a1 tb13 m3 b-0 (2)
move-arm-holding a1 m3 m5 b-0 (3)
set-base b-0 a1 m5 (1)
assemble-with-machine b-0 m5 j8 j7 (3)
eject-base b-0 a1 m5 (1)
move-arm-holding a1 m5 tb13 b-0 (4)
set-base b-0 a1 tb13 (1)
move-arm a1 tb13 m3 (2)
move-arm a3 m6 tb13 (2)
eject-base b-0 a3 tb13 (1)
move-arm-holding a3 tb13 m6 b-0 (2)
set-base b-0 a3 m6 (1)
assemble-with-machine b-0 m6 j9 j8 (3)
eject-base b-0 a3 m6 (1)
move-arm-holding a3 m6 table-out b-0 (4)
set-base b-0 a3 table-out (1)
slide-base-out b-0 table-out carry-out (1)
Plan length: 111 step(s).
Plan cost: 217
Initial state h value: 108/136.
Expanded 9965 state(s).
Reopened 4656 state(s).
Evaluated 11858 state(s).
Evaluations: 23716
Generated 173129 state(s).
Dead ends: 1892 state(s).
Best solution cost so far: 217
Solution found - keep searching
Starting search: lazy_wastar(list(hff2, hlm2), preferred = list(hff2, hlm2), w = 3)
Conducting lazy best first search, (real) bound = 217
Best heuristic value: 108/136 [g=0, 1 evaluated, 0 expanded, t=16.14s]
Best heuristic value: 106/134 [g=1, 2 evaluated, 1 expanded, t=16.14s]
Best heuristic value: 106/131 [g=3, 4 evaluated, 2 expanded, t=16.14s]
Best heuristic value: 104/131 [g=3, 6 evaluated, 3 expanded, t=16.14s]
Best heuristic value: 103/130 [g=5, 7 evaluated, 4 expanded, t=16.14s]
Best heuristic value: 101/130 [g=7, 9 evaluated, 5 expanded, t=16.14s]
Best heuristic value: 101/128 [g=7, 11 evaluated, 7 expanded, t=16.14s]
Best heuristic value: 99/128 [g=9, 15 evaluated, 11 expanded, t=16.14s]
Best heuristic value: 99/127 [g=9, 21 evaluated, 17 expanded, t=16.14s]
Best heuristic value: 99/126 [g=11, 28 evaluated, 24 expanded, t=16.14s]
Best heuristic value: 99/125 [g=13, 39 evaluated, 34 expanded, t=16.14s]
Best heuristic value: 98/125 [g=12, 47 evaluated, 40 expanded, 1 reopened, t=16.14s]
Best heuristic value: 95/125 [g=14, 51 evaluated, 44 expanded, 1 reopened, t=16.14s]
Best heuristic value: 94/125 [g=15, 53 evaluated, 46 expanded, 1 reopened, t=16.15s]
Best heuristic value: 94/123 [g=18, 65 evaluated, 58 expanded, 1 reopened, t=16.15s]
Best heuristic value: 94/122 [g=18, 67 evaluated, 59 expanded, 1 reopened, t=16.15s]
Best heuristic value: 94/121 [g=20, 75 evaluated, 66 expanded, 1 reopened, t=16.15s]
Best heuristic value: 94/120 [g=22, 90 evaluated, 80 expanded, 5 reopened, t=16.15s]
Best heuristic value: 91/120 [g=19, 166 evaluated, 148 expanded, 12 reopened, t=16.16s]
Best heuristic value: 89/120 [g=31, 3227 evaluated, 2813 expanded, 1579 reopened, t=16.59s]
Best heuristic value: 85/118 [g=34, 3238 evaluated, 2822 expanded, 1579 reopened, t=16.59s]
Best heuristic value: 85/116 [g=39, 3311 evaluated, 2877 expanded, 1579 reopened, t=16.6s]
Best heuristic value: 85/112 [g=41, 3314 evaluated, 2879 expanded, 1579 reopened, t=16.6s]
Best heuristic value: 85/111 [g=43, 3320 evaluated, 2884 expanded, 1579 reopened, t=16.6s]
Best heuristic value: 84/111 [g=45, 3330 evaluated, 2893 expanded, 1579 reopened, t=16.6s]
Best heuristic value: 82/111 [g=46, 3356 evaluated, 2917 expanded, 1579 reopened, t=16.6s]
Best heuristic value: 80/111 [g=54, 4981 evaluated, 4308 expanded, 2304 reopened, t=16.82s]
Best heuristic value: 80/110 [g=56, 7273 evaluated, 6110 expanded, 2960 reopened, t=17.13s]
Best heuristic value: 80/109 [g=58, 7281 evaluated, 6116 expanded, 2960 reopened, t=17.13s]
Best heuristic value: 80/106 [g=58, 7289 evaluated, 6122 expanded, 2960 reopened, t=17.14s]
Best heuristic value: 76/105 [g=63, 7347 evaluated, 6165 expanded, 2961 reopened, t=17.15s]
Best heuristic value: 74/103 [g=64, 7348 evaluated, 6166 expanded, 2961 reopened, t=17.15s]
Best heuristic value: 71/100 [g=66, 7352 evaluated, 6168 expanded, 2961 reopened, t=17.15s]
Best heuristic value: 71/96 [g=69, 7363 evaluated, 6175 expanded, 2961 reopened, t=17.15s]
Best heuristic value: 68/96 [g=70, 7392 evaluated, 6197 expanded, 2963 reopened, t=17.15s]
Best heuristic value: 64/93 [g=87, 8824 evaluated, 7410 expanded, 3506 reopened, t=17.35s]
Best heuristic value: 63/88 [g=92, 8866 evaluated, 7448 expanded, 3506 reopened, t=17.35s]
Best heuristic value: 62/88 [g=93, 8867 evaluated, 7449 expanded, 3506 reopened, t=17.35s]
Best heuristic value: 62/87 [g=94, 8874 evaluated, 7455 expanded, 3506 reopened, t=17.35s]
Best heuristic value: 59/87 [g=95, 8876 evaluated, 7457 expanded, 3506 reopened, t=17.35s]
Best heuristic value: 59/86 [g=96, 8882 evaluated, 7461 expanded, 3506 reopened, t=17.36s]
Best heuristic value: 59/85 [g=101, 9154 evaluated, 7696 expanded, 3594 reopened, t=17.39s]
Best heuristic value: 59/82 [g=108, 9467 evaluated, 7920 expanded, 3636 reopened, t=17.43s]
Best heuristic value: 57/80 [g=109, 9468 evaluated, 7921 expanded, 3636 reopened, t=17.43s]
Best heuristic value: 54/80 [g=112, 9477 evaluated, 7930 expanded, 3636 reopened, t=17.44s]
Best heuristic value: 52/80 [g=113, 9478 evaluated, 7931 expanded, 3636 reopened, t=17.44s]
Best heuristic value: 52/79 [g=117, 9661 evaluated, 8080 expanded, 3643 reopened, t=17.46s]
Best heuristic value: 51/79 [g=125, 9892 evaluated, 8265 expanded, 3686 reopened, t=17.49s]
Best heuristic value: 49/76 [g=129, 13080 evaluated, 11085 expanded, 5547 reopened, t=17.95s]
Best heuristic value: 49/74 [g=131, 13081 evaluated, 11086 expanded, 5547 reopened, t=17.95s]
Best heuristic value: 45/72 [g=132, 13084 evaluated, 11089 expanded, 5547 reopened, t=17.95s]
Best heuristic value: 43/70 [g=133, 13085 evaluated, 11090 expanded, 5547 reopened, t=17.95s]
Best heuristic value: 42/65 [g=135, 13086 evaluated, 11091 expanded, 5547 reopened, t=17.95s]
Best heuristic value: 40/65 [g=136, 13087 evaluated, 11092 expanded, 5547 reopened, t=17.95s]
Best heuristic value: 40/64 [g=137, 13088 evaluated, 11093 expanded, 5547 reopened, t=17.95s]
Best heuristic value: 40/63 [g=139, 13095 evaluated, 11100 expanded, 5547 reopened, t=17.95s]
Best heuristic value: 36/61 [g=139, 13096 evaluated, 11101 expanded, 5547 reopened, t=17.95s]
Best heuristic value: 36/59 [g=140, 13097 evaluated, 11102 expanded, 5547 reopened, t=17.95s]
Best heuristic value: 36/58 [g=142, 13098 evaluated, 11103 expanded, 5547 reopened, t=17.95s]
Best heuristic value: 36/57 [g=144, 13105 evaluated, 11110 expanded, 5547 reopened, t=17.95s]
Best heuristic value: 36/53 [g=145, 13136 evaluated, 11137 expanded, 5551 reopened, t=17.95s]
Best heuristic value: 36/49 [g=151, 13147 evaluated, 11148 expanded, 5551 reopened, t=17.95s]
Best heuristic value: 35/47 [g=153, 13150 evaluated, 11151 expanded, 5551 reopened, t=17.95s]
Best heuristic value: 34/47 [g=154, 13152 evaluated, 11153 expanded, 5551 reopened, t=17.95s]
Best heuristic value: 34/46 [g=155, 13153 evaluated, 11154 expanded, 5551 reopened, t=17.95s]
Best heuristic value: 31/46 [g=156, 13163 evaluated, 11164 expanded, 5553 reopened, t=17.96s]
Best heuristic value: 31/45 [g=159, 13180 evaluated, 11179 expanded, 5557 reopened, t=17.96s]
Best heuristic value: 29/41 [g=161, 13181 evaluated, 11180 expanded, 5557 reopened, t=17.96s]
Best heuristic value: 26/38 [g=163, 13182 evaluated, 11181 expanded, 5557 reopened, t=17.96s]
Best heuristic value: 24/36 [g=164, 13183 evaluated, 11182 expanded, 5557 reopened, t=17.96s]
Best heuristic value: 21/33 [g=166, 13184 evaluated, 11183 expanded, 5557 reopened, t=17.96s]
Best heuristic value: 18/33 [g=171, 13191 evaluated, 11190 expanded, 5557 reopened, t=17.96s]
Best heuristic value: 15/29 [g=184, 13253 evaluated, 11246 expanded, 5574 reopened, t=17.97s]
Best heuristic value: 15/27 [g=185, 13254 evaluated, 11247 expanded, 5574 reopened, t=17.97s]
Best heuristic value: 15/25 [g=189, 13257 evaluated, 11250 expanded, 5574 reopened, t=17.97s]
Best heuristic value: 15/23 [g=190, 13258 evaluated, 11251 expanded, 5574 reopened, t=17.97s]
Best heuristic value: 15/20 [g=192, 13260 evaluated, 11253 expanded, 5574 reopened, t=17.97s]
Best heuristic value: 15/18 [g=195, 13263 evaluated, 11256 expanded, 5574 reopened, t=17.97s]
Best heuristic value: 13/15 [g=197, 13265 evaluated, 11258 expanded, 5574 reopened, t=17.97s]
Best heuristic value: 9/11 [g=201, 13270 evaluated, 11263 expanded, 5574 reopened, t=17.97s]
Best heuristic value: 7/9 [g=202, 13271 evaluated, 11264 expanded, 5574 reopened, t=17.97s]
Best heuristic value: 4/4 [g=206, 13272 evaluated, 11265 expanded, 5574 reopened, t=17.97s]
Best heuristic value: 2/2 [g=207, 13273 evaluated, 11266 expanded, 5574 reopened, t=17.97s]
Solution found!
Actual search time: 1.83s [t=17.97s]
slide-base-in b-0 carry-in table-in (1)
move-arm a3 tb23 tb13 (2)
move-arm a3 tb13 m6 (2)
move-arm a1 t1 m3 (2)
move-arm a2 m4 tb-for-p2 (2)
move-arm a1 m3 table-in (2)
eject-base b-0 a1 table-in (1)
move-arm-holding a1 table-in tb12 b-0 (3)
set-base b-0 a1 tb12 (1)
move-arm a1 tb12 m3 (2)
move-arm a3 m6 t3 (3)
move-arm a2 tb-for-p2 tb12 (4)
eject-base b-0 a2 tb12 (1)
move-arm-holding a2 tb12 m1 b-0 (2)
set-base b-0 a2 m1 (1)
move-arm a2 m1 t2 (2)
assemble-with-machine b-0 m1 j1 nothing-done (3)
move-arm a2 t2 m1 (2)
eject-base b-0 a2 m1 (1)
move-arm-holding a2 m1 tb12 b-0 (2)
set-base b-0 a2 tb12 (1)
move-arm a2 tb12 t2 (3)
move-arm a1 m3 tb12 (2)
eject-base b-0 a1 tb12 (1)
move-arm-holding a1 tb12 m3 b-0 (2)
move-arm-holding a1 m3 tb-for-p1 b-0 (3)
set-base b-0 a1 tb-for-p1 (1)
move-arm a1 tb-for-p1 t1 (3)
pickup-component p1 a1 t1 (1)
move-arm-holding a1 t1 m5 p1 (2)
move-arm-holding a1 m5 tb-for-p1 p1 (2)
assemble-with-arm p1 j2 j1 b-0 a1 tb-for-p1 (3)
eject-base b-0 a1 tb-for-p1 (1)
move-arm-holding a1 tb-for-p1 tb13 b-0 (4)
set-base b-0 a1 tb13 (1)
move-arm a1 tb13 m3 (2)
move-arm a2 t2 tb-for-p2 (2)
move-arm a3 t3 tb13 (4)
eject-base b-0 a3 tb13 (1)
move-arm-holding a3 tb13 m2 b-0 (3)
set-base b-0 a3 m2 (1)
move-arm a3 m2 table-out (2)
assemble-with-machine b-0 m2 j3 j2 (3)
move-arm a3 table-out m2 (2)
eject-base b-0 a3 m2 (1)
move-arm-holding a3 m2 tb13 b-0 (3)
set-base b-0 a3 tb13 (1)
move-arm a3 tb13 m6 (2)
move-arm a1 m3 tb13 (2)
eject-base b-0 a1 tb13 (1)
move-arm-holding a1 tb13 m3 b-0 (2)
set-base b-0 a1 m3 (1)
assemble-with-machine b-0 m3 j4 j3 (2)
eject-base b-0 a1 m3 (1)
move-arm-holding a1 m3 tb12 b-0 (2)
set-base b-0 a1 tb12 (1)
move-arm a1 tb12 m5 (4)
move-arm a2 tb-for-p2 tb12 (4)
eject-base b-0 a2 tb12 (1)
move-arm-holding a2 tb12 tb23 b-0 (2)
move-arm-holding a2 tb23 m4 b-0 (2)
move-arm-holding a2 m4 tb-for-p2 b-0 (2)
set-base b-0 a2 tb-for-p2 (1)
move-arm a2 tb-for-p2 t2 (2)
pickup-component p2 a2 t2 (1)
move-arm-holding a2 t2 tb-for-p2 p2 (2)
assemble-with-arm p2 j5 j4 b-0 a2 tb-for-p2 (3)
eject-base b-0 a2 tb-for-p2 (1)
move-arm-holding a2 tb-for-p2 m4 b-0 (2)
set-base b-0 a2 m4 (1)
assemble-with-machine b-0 m4 j6 j5 (3)
eject-base b-0 a2 m4 (1)
move-arm-holding a2 m4 tb23 b-0 (2)
set-base b-0 a2 tb23 (1)
move-arm a2 tb23 m4 (2)
move-arm a3 m6 tb23 (3)
eject-base b-0 a3 tb23 (1)
move-arm-holding a3 tb23 tb13 b-0 (2)
move-arm-holding a3 tb13 m6 b-0 (2)
move-arm-holding a3 m6 tb-for-p3 b-0 (2)
set-base b-0 a3 tb-for-p3 (1)
move-arm a3 tb-for-p3 t3 (2)
pickup-component p3 a3 t3 (1)
move-arm-holding a3 t3 tb-for-p3 p3 (2)
assemble-with-arm p3 j7 j6 b-0 a3 tb-for-p3 (2)
eject-base b-0 a3 tb-for-p3 (1)
move-arm-holding a3 tb-for-p3 tb13 b-0 (3)
set-base b-0 a3 tb13 (1)
move-arm a3 tb13 m6 (2)
move-arm a1 m5 tb13 (4)
eject-base b-0 a1 tb13 (1)
move-arm-holding a1 tb13 m3 b-0 (2)
move-arm-holding a1 m3 m5 b-0 (3)
set-base b-0 a1 m5 (1)
assemble-with-machine b-0 m5 j8 j7 (3)
eject-base b-0 a1 m5 (1)
move-arm-holding a1 m5 tb13 b-0 (4)
set-base b-0 a1 tb13 (1)
move-arm a1 tb13 m3 (2)
move-arm a3 m6 tb13 (2)
eject-base b-0 a3 tb13 (1)
move-arm-holding a3 tb13 m6 b-0 (2)
set-base b-0 a3 m6 (1)
assemble-with-machine b-0 m6 j9 j8 (3)
eject-base b-0 a3 m6 (1)
move-arm-holding a3 m6 table-out b-0 (4)
set-base b-0 a3 table-out (1)
slide-base-out b-0 table-out carry-out (1)
Plan length: 108 step(s).
Plan cost: 208
Initial state h value: 108/136.
Expanded 11267 state(s).
Reopened 5574 state(s).
Evaluated 13274 state(s).
Evaluations: 26548
Generated 195702 state(s).
Dead ends: 2006 state(s).
Best solution cost so far: 208
Solution found - keep searching
Starting search: lazy_wastar(list(hff2, hlm2), preferred = list(hff2, hlm2), w = 2)
Conducting lazy best first search, (real) bound = 208
Best heuristic value: 108/136 [g=0, 1 evaluated, 0 expanded, t=17.97s]
Best heuristic value: 106/134 [g=1, 2 evaluated, 1 expanded, t=17.97s]
Best heuristic value: 106/131 [g=3, 4 evaluated, 2 expanded, t=17.97s]
Best heuristic value: 104/131 [g=3, 6 evaluated, 3 expanded, t=17.97s]
Best heuristic value: 103/130 [g=5, 7 evaluated, 4 expanded, t=17.97s]
Best heuristic value: 103/129 [g=5, 11 evaluated, 7 expanded, t=17.97s]
Best heuristic value: 101/129 [g=5, 13 evaluated, 9 expanded, t=17.97s]
Best heuristic value: 101/128 [g=7, 14 evaluated, 10 expanded, t=17.97s]
Best heuristic value: 99/128 [g=7, 20 evaluated, 16 expanded, t=17.98s]
Best heuristic value: 99/127 [g=9, 28 evaluated, 24 expanded, t=17.98s]
Best heuristic value: 99/126 [g=11, 52 evaluated, 46 expanded, t=17.98s]
Best heuristic value: 98/126 [g=11, 71 evaluated, 64 expanded, t=17.98s]
Best heuristic value: 98/125 [g=13, 74 evaluated, 66 expanded, t=17.98s]
Best heuristic value: 95/125 [g=13, 77 evaluated, 68 expanded, t=17.98s]
Best heuristic value: 94/125 [g=14, 79 evaluated, 70 expanded, t=17.98s]
Best heuristic value: 94/124 [g=17, 98 evaluated, 89 expanded, t=17.99s]
Best heuristic value: 94/123 [g=17, 100 evaluated, 91 expanded, t=17.99s]
Best heuristic value: 94/122 [g=19, 104 evaluated, 95 expanded, t=17.99s]
Best heuristic value: 94/121 [g=20, 135 evaluated, 123 expanded, 2 reopened, t=17.99s]
Best heuristic value: 91/121 [g=18, 152 evaluated, 135 expanded, 2 reopened, t=17.99s]
Best heuristic value: 91/120 [g=22, 162 evaluated, 145 expanded, 2 reopened, t=17.99s]
Best heuristic value: 89/120 [g=26, 4376 evaluated, 3868 expanded, 2556 reopened, t=18.59s]
Best heuristic value: 85/119 [g=29, 4385 evaluated, 3876 expanded, 2556 reopened, t=18.6s]
Best heuristic value: 85/118 [g=31, 4392 evaluated, 3882 expanded, 2556 reopened, t=18.6s]
Best heuristic value: 85/117 [g=34, 4611 evaluated, 4063 expanded, 2612 reopened, t=18.62s]
Best heuristic value: 84/114 [g=34, 4616 evaluated, 4068 expanded, 2614 reopened, t=18.62s]
Best heuristic value: 84/113 [g=36, 4621 evaluated, 4073 expanded, 2615 reopened, t=18.62s]
Best heuristic value: 83/113 [g=37, 4622 evaluated, 4074 expanded, 2615 reopened, t=18.62s]
Best heuristic value: 83/112 [g=37, 4627 evaluated, 4079 expanded, 2615 reopened, t=18.63s]
Best heuristic value: 83/111 [g=39, 4638 evaluated, 4090 expanded, 2615 reopened, t=18.63s]
Best heuristic value: 82/111 [g=40, 4677 evaluated, 4123 expanded, 2618 reopened, t=18.63s]
Best heuristic value: 80/111 [g=45, 7014 evaluated, 6137 expanded, 3796 reopened, t=18.96s]
Best heuristic value: 80/110 [g=45, 19836 evaluated, 17836 expanded, 12080 reopened, t=20.96s]
Best heuristic value: 80/109 [g=47, 19843 evaluated, 17841 expanded, 12081 reopened, t=20.96s]
Best heuristic value: 80/106 [g=47, 19847 evaluated, 17843 expanded, 12081 reopened, t=20.96s]
Best heuristic value: 76/105 [g=51, 19977 evaluated, 17945 expanded, 12095 reopened, t=20.98s]
Best heuristic value: 74/103 [g=52, 19978 evaluated, 17946 expanded, 12095 reopened, t=20.98s]
Best heuristic value: 71/100 [g=54, 19982 evaluated, 17948 expanded, 12095 reopened, t=20.98s]
Best heuristic value: 71/96 [g=57, 19993 evaluated, 17955 expanded, 12095 reopened, t=20.98s]
Best heuristic value: 68/96 [g=58, 20022 evaluated, 17977 expanded, 12097 reopened, t=20.99s]
Best heuristic value: 67/93 [g=73, 21574 evaluated, 19224 expanded, 12524 reopened, t=21.21s]
Best heuristic value: 66/93 [g=74, 21575 evaluated, 19225 expanded, 12524 reopened, t=21.21s]
Best heuristic value: 64/93 [g=75, 21576 evaluated, 19226 expanded, 12524 reopened, t=21.21s]
Best heuristic value: 63/88 [g=76, 21593 evaluated, 19242 expanded, 12525 reopened, t=21.21s]
Best heuristic value: 62/88 [g=77, 21594 evaluated, 19243 expanded, 12525 reopened, t=21.21s]
Best heuristic value: 62/87 [g=78, 21601 evaluated, 19249 expanded, 12525 reopened, t=21.21s]
Best heuristic value: 59/87 [g=79, 21603 evaluated, 19251 expanded, 12525 reopened, t=21.21s]
Best heuristic value: 59/86 [g=80, 21611 evaluated, 19257 expanded, 12525 reopened, t=21.21s]
Best heuristic value: 59/85 [g=85, 21831 evaluated, 19437 expanded, 12561 reopened, t=21.23s]
Best heuristic value: 59/82 [g=89, 22353 evaluated, 19881 expanded, 12827 reopened, t=21.31s]
Best heuristic value: 57/80 [g=90, 22354 evaluated, 19882 expanded, 12827 reopened, t=21.31s]
Best heuristic value: 54/80 [g=93, 22363 evaluated, 19891 expanded, 12827 reopened, t=21.31s]
Best heuristic value: 52/80 [g=94, 22364 evaluated, 19892 expanded, 12827 reopened, t=21.31s]
Best heuristic value: 52/79 [g=98, 22545 evaluated, 20046 expanded, 12834 reopened, t=21.33s]
Best heuristic value: 51/79 [g=104, 23417 evaluated, 20744 expanded, 13079 reopened, t=21.45s]
Best heuristic value: 49/76 [g=105, 47781 evaluated, 42955 expanded, 29160 reopened, t=25.29s]
Best heuristic value: 49/74 [g=107, 47782 evaluated, 42956 expanded, 29160 reopened, t=25.29s]
Best heuristic value: 45/72 [g=108, 47785 evaluated, 42959 expanded, 29160 reopened, t=25.29s]
Best heuristic value: 43/70 [g=109, 47786 evaluated, 42960 expanded, 29160 reopened, t=25.29s]
Best heuristic value: 42/65 [g=111, 47787 evaluated, 42961 expanded, 29160 reopened, t=25.29s]
Best heuristic value: 40/65 [g=112, 47788 evaluated, 42962 expanded, 29160 reopened, t=25.29s]
Best heuristic value: 40/64 [g=113, 47789 evaluated, 42963 expanded, 29160 reopened, t=25.29s]
Best heuristic value: 36/61 [g=115, 47796 evaluated, 42970 expanded, 29160 reopened, t=25.29s]
Best heuristic value: 36/59 [g=116, 47797 evaluated, 42971 expanded, 29160 reopened, t=25.29s]
Best heuristic value: 36/58 [g=118, 47798 evaluated, 42972 expanded, 29160 reopened, t=25.29s]
Best heuristic value: 36/57 [g=120, 47807 evaluated, 42981 expanded, 29160 reopened, t=25.29s]
Best heuristic value: 36/53 [g=121, 47826 evaluated, 42997 expanded, 29163 reopened, t=25.3s]
Best heuristic value: 36/49 [g=127, 47850 evaluated, 43020 expanded, 29164 reopened, t=25.3s]
Best heuristic value: 35/47 [g=129, 47852 evaluated, 43022 expanded, 29164 reopened, t=25.3s]
Best heuristic value: 34/47 [g=130, 47853 evaluated, 43023 expanded, 29164 reopened, t=25.3s]
Best heuristic value: 34/46 [g=131, 47854 evaluated, 43024 expanded, 29164 reopened, t=25.3s]
Best heuristic value: 31/46 [g=132, 47864 evaluated, 43033 expanded, 29166 reopened, t=25.3s]
Best heuristic value: 31/45 [g=134, 47903 evaluated, 43070 expanded, 29178 reopened, t=25.3s]
Best heuristic value: 29/41 [g=136, 47904 evaluated, 43071 expanded, 29178 reopened, t=25.3s]
Best heuristic value: 26/38 [g=138, 47905 evaluated, 43072 expanded, 29178 reopened, t=25.3s]
Best heuristic value: 24/36 [g=139, 47906 evaluated, 43073 expanded, 29178 reopened, t=25.3s]
Best heuristic value: 21/33 [g=141, 47907 evaluated, 43074 expanded, 29178 reopened, t=25.3s]
Best heuristic value: 18/33 [g=146, 47914 evaluated, 43081 expanded, 29178 reopened, t=25.31s]
Best heuristic value: 15/29 [g=159, 48003 evaluated, 43162 expanded, 29191 reopened, t=25.32s]
Best heuristic value: 15/27 [g=160, 48004 evaluated, 43163 expanded, 29191 reopened, t=25.32s]
Best heuristic value: 15/25 [g=164, 48007 evaluated, 43166 expanded, 29191 reopened, t=25.32s]
Best heuristic value: 15/23 [g=165, 48009 evaluated, 43168 expanded, 29191 reopened, t=25.32s]
Best heuristic value: 15/20 [g=167, 48011 evaluated, 43170 expanded, 29191 reopened, t=25.32s]
Best heuristic value: 15/18 [g=170, 48014 evaluated, 43173 expanded, 29191 reopened, t=25.32s]
Best heuristic value: 13/15 [g=172, 48015 evaluated, 43174 expanded, 29191 reopened, t=25.32s]
Best heuristic value: 9/11 [g=176, 48020 evaluated, 43179 expanded, 29191 reopened, t=25.32s]
Best heuristic value: 7/9 [g=177, 48021 evaluated, 43180 expanded, 29191 reopened, t=25.32s]
Best heuristic value: 4/4 [g=181, 48022 evaluated, 43181 expanded, 29191 reopened, t=25.32s]
Best heuristic value: 2/2 [g=182, 48023 evaluated, 43182 expanded, 29191 reopened, t=25.32s]
Solution found!
Actual search time: 7.35s [t=25.32s]
slide-base-in b-0 carry-in table-in (1)
move-arm a3 tb23 m2 (2)
move-arm a1 t1 table-in (3)
eject-base b-0 a1 table-in (1)
move-arm-holding a1 table-in tb12 b-0 (3)
set-base b-0 a1 tb12 (1)
move-arm a1 tb12 m3 (2)
move-arm a2 m4 tb12 (3)
eject-base b-0 a2 tb12 (1)
move-arm-holding a2 tb12 m1 b-0 (2)
set-base b-0 a2 m1 (1)
assemble-with-machine b-0 m1 j1 nothing-done (3)
eject-base b-0 a2 m1 (1)
move-arm-holding a2 m1 tb12 b-0 (2)
set-base b-0 a2 tb12 (1)
move-arm a2 tb12 t2 (3)
move-arm a1 m3 tb12 (2)
eject-base b-0 a1 tb12 (1)
move-arm-holding a1 tb12 tb-for-p1 b-0 (4)
set-base b-0 a1 tb-for-p1 (1)
move-arm a1 tb-for-p1 t1 (3)
pickup-component p1 a1 t1 (1)
move-arm-holding a1 t1 tb-for-p1 p1 (3)
assemble-with-arm p1 j2 j1 b-0 a1 tb-for-p1 (3)
eject-base b-0 a1 tb-for-p1 (1)
move-arm-holding a1 tb-for-p1 tb13 b-0 (4)
set-base b-0 a1 tb13 (1)
move-arm a1 tb13 m3 (2)
move-arm a3 m2 tb13 (3)
eject-base b-0 a3 tb13 (1)
move-arm-holding a3 tb13 m2 b-0 (3)
set-base b-0 a3 m2 (1)
assemble-with-machine b-0 m2 j3 j2 (3)
eject-base b-0 a3 m2 (1)
move-arm-holding a3 m2 tb13 b-0 (3)
set-base b-0 a3 tb13 (1)
move-arm a3 tb13 m6 (2)
move-arm a1 m3 tb13 (2)
eject-base b-0 a1 tb13 (1)
move-arm-holding a1 tb13 m3 b-0 (2)
set-base b-0 a1 m3 (1)
assemble-with-machine b-0 m3 j4 j3 (2)
eject-base b-0 a1 m3 (1)
move-arm-holding a1 m3 tb12 b-0 (2)
set-base b-0 a1 tb12 (1)
move-arm a1 tb12 m5 (4)
move-arm a2 t2 tb12 (3)
eject-base b-0 a2 tb12 (1)
move-arm-holding a2 tb12 tb23 b-0 (2)
move-arm-holding a2 tb23 tb-for-p2 b-0 (3)
set-base b-0 a2 tb-for-p2 (1)
move-arm a2 tb-for-p2 t2 (2)
pickup-component p2 a2 t2 (1)
move-arm-holding a2 t2 tb-for-p2 p2 (2)
assemble-with-arm p2 j5 j4 b-0 a2 tb-for-p2 (3)
eject-base b-0 a2 tb-for-p2 (1)
move-arm-holding a2 tb-for-p2 m4 b-0 (2)
set-base b-0 a2 m4 (1)
assemble-with-machine b-0 m4 j6 j5 (3)
eject-base b-0 a2 m4 (1)
move-arm-holding a2 m4 tb23 b-0 (2)
set-base b-0 a2 tb23 (1)
move-arm a2 tb23 m4 (2)
move-arm a3 m6 tb23 (3)
eject-base b-0 a3 tb23 (1)
move-arm-holding a3 tb23 tb13 b-0 (2)
move-arm-holding a3 tb13 tb-for-p3 b-0 (3)
set-base b-0 a3 tb-for-p3 (1)
move-arm a3 tb-for-p3 t3 (2)
pickup-component p3 a3 t3 (1)
move-arm-holding a3 t3 tb-for-p3 p3 (2)
assemble-with-arm p3 j7 j6 b-0 a3 tb-for-p3 (2)
eject-base b-0 a3 tb-for-p3 (1)
move-arm-holding a3 tb-for-p3 tb13 b-0 (3)
set-base b-0 a3 tb13 (1)
move-arm a3 tb13 m6 (2)
move-arm a1 m5 tb13 (4)
eject-base b-0 a1 tb13 (1)
move-arm-holding a1 tb13 m3 b-0 (2)
move-arm-holding a1 m3 m5 b-0 (3)
set-base b-0 a1 m5 (1)
assemble-with-machine b-0 m5 j8 j7 (3)
eject-base b-0 a1 m5 (1)
move-arm-holding a1 m5 tb13 b-0 (4)
set-base b-0 a1 tb13 (1)
move-arm a1 tb13 m3 (2)
move-arm a3 m6 tb13 (2)
eject-base b-0 a3 tb13 (1)
move-arm-holding a3 tb13 m6 b-0 (2)
set-base b-0 a3 m6 (1)
assemble-with-machine b-0 m6 j9 j8 (3)
eject-base b-0 a3 m6 (1)
move-arm-holding a3 m6 table-out b-0 (4)
set-base b-0 a3 table-out (1)
slide-base-out b-0 table-out carry-out (1)
Plan length: 95 step(s).
Plan cost: 183
Initial state h value: 108/136.
Expanded 43183 state(s).
Reopened 29191 state(s).
Evaluated 48024 state(s).
Evaluations: 96048
Generated 747507 state(s).
Dead ends: 4840 state(s).
Best solution cost so far: 183
Solution found - keep searching
Starting search: lazy_wastar(list(hff2, hlm2), preferred = list(hff2, hlm2), w = 1)
Conducting lazy best first search, (real) bound = 183
Best heuristic value: 108/136 [g=0, 1 evaluated, 0 expanded, t=25.32s]
Best heuristic value: 106/134 [g=1, 2 evaluated, 1 expanded, t=25.32s]
Best heuristic value: 106/131 [g=3, 5 evaluated, 2 expanded, t=25.32s]
Best heuristic value: 104/131 [g=3, 7 evaluated, 3 expanded, t=25.32s]
Best heuristic value: 103/130 [g=5, 8 evaluated, 4 expanded, t=25.32s]
Best heuristic value: 103/129 [g=5, 13 evaluated, 8 expanded, t=25.32s]
Best heuristic value: 101/129 [g=5, 14 evaluated, 9 expanded, t=25.32s]
Best heuristic value: 99/129 [g=7, 23 evaluated, 15 expanded, t=25.32s]
Best heuristic value: 99/128 [g=7, 26 evaluated, 18 expanded, t=25.32s]
Best heuristic value: 99/127 [g=9, 45 evaluated, 36 expanded, 2 reopened, t=25.33s]
Best heuristic value: 98/127 [g=9, 87 evaluated, 66 expanded, 10 reopened, t=25.33s]
Best heuristic value: 98/126 [g=10, 99 evaluated, 78 expanded, 13 reopened, t=25.34s]
Best heuristic value: 97/126 [g=9, 117 evaluated, 94 expanded, 14 reopened, t=25.34s]
Best heuristic value: 96/126 [g=10, 118 evaluated, 95 expanded, 14 reopened, t=25.34s]
Best heuristic value: 95/126 [g=11, 124 evaluated, 101 expanded, 14 reopened, t=25.34s]
Best heuristic value: 94/126 [g=12, 125 evaluated, 102 expanded, 14 reopened, t=25.34s]
Best heuristic value: 94/124 [g=9, 137 evaluated, 114 expanded, 14 reopened, t=25.34s]
Best heuristic value: 94/123 [g=11, 140 evaluated, 117 expanded, 14 reopened, t=25.34s]
Best heuristic value: 94/122 [g=12, 151 evaluated, 128 expanded, 14 reopened, t=25.34s]
Best heuristic value: 93/122 [g=14, 164 evaluated, 139 expanded, 14 reopened, t=25.34s]
Best heuristic value: 93/121 [g=14, 174 evaluated, 145 expanded, 14 reopened, t=25.34s]
Best heuristic value: 91/121 [g=15, 249 evaluated, 207 expanded, 19 reopened, t=25.36s]
Best heuristic value: 91/120 [g=15, 268 evaluated, 226 expanded, 19 reopened, t=25.36s]
Best heuristic value: 89/120 [g=22, 4669 evaluated, 3813 expanded, 1588 reopened, t=26.02s]
Best heuristic value: 85/119 [g=25, 4781 evaluated, 3900 expanded, 1654 reopened, t=26.04s]
Best heuristic value: 85/118 [g=27, 4785 evaluated, 3903 expanded, 1654 reopened, t=26.04s]
Best heuristic value: 85/117 [g=26, 5182 evaluated, 4200 expanded, 1740 reopened, t=26.12s]
Best heuristic value: 84/114 [g=26, 5186 evaluated, 4204 expanded, 1740 reopened, t=26.12s]
Best heuristic value: 84/113 [g=28, 5191 evaluated, 4209 expanded, 1740 reopened, t=26.12s]
Best heuristic value: 83/113 [g=29, 5192 evaluated, 4210 expanded, 1740 reopened, t=26.12s]
Best heuristic value: 83/112 [g=29, 5195 evaluated, 4213 expanded, 1740 reopened, t=26.12s]
Best heuristic value: 83/111 [g=31, 5212 evaluated, 4230 expanded, 1746 reopened, t=26.12s]
Best heuristic value: 82/111 [g=32, 5283 evaluated, 4295 expanded, 1754 reopened, t=26.13s]
Best heuristic value: 80/111 [g=39, 13030 evaluated, 10409 expanded, 4207 reopened, t=27.6s]
Best heuristic value: 80/108 [g=44, 17228 evaluated, 13449 expanded, 5365 reopened, t=28.56s]
Best heuristic value: 80/107 [g=46, 17231 evaluated, 13451 expanded, 5365 reopened, t=28.56s]
Best heuristic value: 80/106 [g=47, 17239 evaluated, 13458 expanded, 5365 reopened, t=28.56s]
Best heuristic value: 76/106 [g=48, 19549 evaluated, 15242 expanded, 6203 reopened, t=29.06s]
Best heuristic value: 74/105 [g=49, 19550 evaluated, 15243 expanded, 6203 reopened, t=29.06s]
Best heuristic value: 74/104 [g=51, 19553 evaluated, 15244 expanded, 6203 reopened, t=29.06s]
Best heuristic value: 71/102 [g=51, 19554 evaluated, 15245 expanded, 6203 reopened, t=29.06s]
Best heuristic value: 71/101 [g=53, 19557 evaluated, 15247 expanded, 6203 reopened, t=29.06s]
Best heuristic value: 71/98 [g=54, 19564 evaluated, 15252 expanded, 6203 reopened, t=29.06s]
Best heuristic value: 71/97 [g=56, 19571 evaluated, 15258 expanded, 6203 reopened, t=29.06s]
Best heuristic value: 71/96 [g=57, 19586 evaluated, 15270 expanded, 6203 reopened, t=29.06s]
Best heuristic value: 68/96 [g=55, 19611 evaluated, 15292 expanded, 6215 reopened, t=29.07s]
Best heuristic value: 68/93 [g=64, 24252 evaluated, 19188 expanded, 8287 reopened, t=29.92s]
Best heuristic value: 66/93 [g=66, 24254 evaluated, 19190 expanded, 8287 reopened, t=29.92s]
Best heuristic value: 65/88 [g=67, 24263 evaluated, 19199 expanded, 8287 reopened, t=29.92s]
Best heuristic value: 64/88 [g=68, 24264 evaluated, 19200 expanded, 8287 reopened, t=29.92s]
Best heuristic value: 63/88 [g=69, 24267 evaluated, 19203 expanded, 8287 reopened, t=29.92s]
Best heuristic value: 63/87 [g=69, 24268 evaluated, 19204 expanded, 8287 reopened, t=29.92s]
Best heuristic value: 63/86 [g=70, 24273 evaluated, 19208 expanded, 8287 reopened, t=29.92s]
Best heuristic value: 62/86 [g=70, 24278 evaluated, 19213 expanded, 8287 reopened, t=29.92s]
Best heuristic value: 61/86 [g=70, 24279 evaluated, 19214 expanded, 8287 reopened, t=29.92s]
Best heuristic value: 59/86 [g=72, 24311 evaluated, 19242 expanded, 8288 reopened, t=29.92s]
Best heuristic value: 59/85 [g=73, 24375 evaluated, 19298 expanded, 8295 reopened, t=29.94s]
Best heuristic value: 59/83 [g=79, 30167 evaluated, 24252 expanded, 10937 reopened, t=31.16s]
Best heuristic value: 59/81 [g=80, 30168 evaluated, 24253 expanded, 10937 reopened, t=31.16s]
Best heuristic value: 57/81 [g=82, 30172 evaluated, 24257 expanded, 10937 reopened, t=31.16s]
Best heuristic value: 57/80 [g=82, 30173 evaluated, 24258 expanded, 10937 reopened, t=31.16s]
Best heuristic value: 56/80 [g=83, 30179 evaluated, 24264 expanded, 10937 reopened, t=31.16s]
Best heuristic value: 54/80 [g=83, 30237 evaluated, 24311 expanded, 10944 reopened, t=31.16s]
Best heuristic value: 52/80 [g=84, 30506 evaluated, 24520 expanded, 11002 reopened, t=31.2s]
Best heuristic value: 52/79 [g=88, 37619 evaluated, 30312 expanded, 13975 reopened, t=32.6s]
Best heuristic value: 51/79 [g=96, 42834 evaluated, 34400 expanded, 15618 reopened, t=33.87s]
Best heuristic value: 49/76 [g=99, 44987 evaluated, 36067 expanded, 16220 reopened, t=34.36s]
Best heuristic value: 49/74 [g=101, 44988 evaluated, 36068 expanded, 16220 reopened, t=34.36s]
Best heuristic value: 49/73 [g=103, 44992 evaluated, 36072 expanded, 16220 reopened, t=34.36s]
Best heuristic value: 45/72 [g=102, 44993 evaluated, 36073 expanded, 16220 reopened, t=34.36s]
Best heuristic value: 43/70 [g=103, 44994 evaluated, 36074 expanded, 16220 reopened, t=34.36s]
Best heuristic value: 42/65 [g=105, 44995 evaluated, 36075 expanded, 16220 reopened, t=34.36s]
Best heuristic value: 40/65 [g=106, 44996 evaluated, 36076 expanded, 16220 reopened, t=34.36s]
Best heuristic value: 40/64 [g=107, 44997 evaluated, 36077 expanded, 16220 reopened, t=34.36s]
Best heuristic value: 40/63 [g=108, 45011 evaluated, 36091 expanded, 16222 reopened, t=34.37s]
Best heuristic value: 36/61 [g=109, 45016 evaluated, 36096 expanded, 16222 reopened, t=34.37s]
Best heuristic value: 36/59 [g=110, 45017 evaluated, 36097 expanded, 16222 reopened, t=34.37s]
Best heuristic value: 36/58 [g=112, 45018 evaluated, 36098 expanded, 16222 reopened, t=34.37s]
Best heuristic value: 36/57 [g=114, 45030 evaluated, 36110 expanded, 16222 reopened, t=34.37s]
Best heuristic value: 36/53 [g=115, 45058 evaluated, 36134 expanded, 16223 reopened, t=34.37s]
Best heuristic value: 36/49 [g=121, 45160 evaluated, 36226 expanded, 16224 reopened, t=34.39s]
Best heuristic value: 35/47 [g=123, 45162 evaluated, 36228 expanded, 16224 reopened, t=34.39s]
Best heuristic value: 34/47 [g=124, 45163 evaluated, 36229 expanded, 16224 reopened, t=34.39s]
Best heuristic value: 34/46 [g=125, 45164 evaluated, 36230 expanded, 16224 reopened, t=34.39s]
Best heuristic value: 31/46 [g=126, 45171 evaluated, 36237 expanded, 16226 reopened, t=34.39s]
Best heuristic value: 31/45 [g=128, 45193 evaluated, 36258 expanded, 16231 reopened, t=34.39s]
Best heuristic value: 29/41 [g=130, 45197 evaluated, 36261 expanded, 16231 reopened, t=34.39s]
Best heuristic value: 26/38 [g=132, 45198 evaluated, 36262 expanded, 16231 reopened, t=34.39s]
Best heuristic value: 24/36 [g=133, 45199 evaluated, 36263 expanded, 16231 reopened, t=34.39s]
Best heuristic value: 21/33 [g=135, 45200 evaluated, 36264 expanded, 16231 reopened, t=34.39s]
Best heuristic value: 18/33 [g=140, 45216 evaluated, 36280 expanded, 16233 reopened, t=34.4s]
Best heuristic value: 15/29 [g=147, 48832 evaluated, 39434 expanded, 17703 reopened, t=34.94s]
Best heuristic value: 15/27 [g=148, 48833 evaluated, 39435 expanded, 17703 reopened, t=34.94s]
Best heuristic value: 15/25 [g=152, 48836 evaluated, 39438 expanded, 17703 reopened, t=34.94s]
Best heuristic value: 15/23 [g=153, 48837 evaluated, 39439 expanded, 17703 reopened, t=34.94s]
Best heuristic value: 15/20 [g=155, 48838 evaluated, 39440 expanded, 17703 reopened, t=34.94s]
Best heuristic value: 15/18 [g=158, 48840 evaluated, 39442 expanded, 17703 reopened, t=34.94s]
Best heuristic value: 13/15 [g=160, 48841 evaluated, 39443 expanded, 17703 reopened, t=34.94s]
Best heuristic value: 9/11 [g=164, 48847 evaluated, 39449 expanded, 17703 reopened, t=34.94s]
Best heuristic value: 7/9 [g=165, 48848 evaluated, 39450 expanded, 17703 reopened, t=34.94s]
Best heuristic value: 4/4 [g=169, 48849 evaluated, 39451 expanded, 17703 reopened, t=34.94s]
Best heuristic value: 2/2 [g=170, 48850 evaluated, 39452 expanded, 17703 reopened, t=34.94s]
Solution found!
Actual search time: 9.62s [t=34.94s]
slide-base-in b-0 carry-in table-in (1)
move-arm a1 t1 table-in (3)
eject-base b-0 a1 table-in (1)
move-arm-holding a1 table-in tb12 b-0 (3)
set-base b-0 a1 tb12 (1)
move-arm a1 tb12 m3 (2)
move-arm a2 m4 tb12 (3)
eject-base b-0 a2 tb12 (1)
move-arm-holding a2 tb12 m1 b-0 (2)
set-base b-0 a2 m1 (1)
assemble-with-machine b-0 m1 j1 nothing-done (3)
eject-base b-0 a2 m1 (1)
move-arm-holding a2 m1 tb12 b-0 (2)
set-base b-0 a2 tb12 (1)
move-arm a2 tb12 m1 (2)
move-arm a1 m3 tb12 (2)
eject-base b-0 a1 tb12 (1)
move-arm-holding a1 tb12 tb-for-p1 b-0 (4)
set-base b-0 a1 tb-for-p1 (1)
move-arm a1 tb-for-p1 t1 (3)
pickup-component p1 a1 t1 (1)
move-arm-holding a1 t1 tb-for-p1 p1 (3)
assemble-with-arm p1 j2 j1 b-0 a1 tb-for-p1 (3)
eject-base b-0 a1 tb-for-p1 (1)
move-arm-holding a1 tb-for-p1 tb13 b-0 (4)
set-base b-0 a1 tb13 (1)
move-arm a1 tb13 m3 (2)
move-arm a3 tb23 tb13 (2)
eject-base b-0 a3 tb13 (1)
move-arm-holding a3 tb13 m2 b-0 (3)
set-base b-0 a3 m2 (1)
assemble-with-machine b-0 m2 j3 j2 (3)
eject-base b-0 a3 m2 (1)
move-arm-holding a3 m2 tb13 b-0 (3)
set-base b-0 a3 tb13 (1)
move-arm a3 tb13 m6 (2)
move-arm a1 m3 tb13 (2)
eject-base b-0 a1 tb13 (1)
move-arm-holding a1 tb13 m3 b-0 (2)
set-base b-0 a1 m3 (1)
assemble-with-machine b-0 m3 j4 j3 (2)
eject-base b-0 a1 m3 (1)
move-arm-holding a1 m3 tb12 b-0 (2)
set-base b-0 a1 tb12 (1)
move-arm a1 tb12 m3 (2)
move-arm a2 m1 tb12 (2)
eject-base b-0 a2 tb12 (1)
move-arm-holding a2 tb12 tb-for-p2 b-0 (4)
set-base b-0 a2 tb-for-p2 (1)
move-arm a2 tb-for-p2 t2 (2)
pickup-component p2 a2 t2 (1)
move-arm-holding a2 t2 tb-for-p2 p2 (2)
assemble-with-arm p2 j5 j4 b-0 a2 tb-for-p2 (3)
eject-base b-0 a2 tb-for-p2 (1)
move-arm-holding a2 tb-for-p2 m4 b-0 (2)
set-base b-0 a2 m4 (1)
assemble-with-machine b-0 m4 j6 j5 (3)
eject-base b-0 a2 m4 (1)
move-arm-holding a2 m4 tb23 b-0 (2)
set-base b-0 a2 tb23 (1)
move-arm a2 tb23 m4 (2)
move-arm a3 m6 tb23 (3)
eject-base b-0 a3 tb23 (1)
move-arm-holding a3 tb23 tb-for-p3 b-0 (4)
set-base b-0 a3 tb-for-p3 (1)
move-arm a3 tb-for-p3 t3 (2)
pickup-component p3 a3 t3 (1)
move-arm-holding a3 t3 tb-for-p3 p3 (2)
assemble-with-arm p3 j7 j6 b-0 a3 tb-for-p3 (2)
eject-base b-0 a3 tb-for-p3 (1)
move-arm-holding a3 tb-for-p3 tb13 b-0 (3)
set-base b-0 a3 tb13 (1)
move-arm a3 tb13 m6 (2)
move-arm a1 m3 tb13 (2)
eject-base b-0 a1 tb13 (1)
move-arm-holding a1 tb13 m5 b-0 (4)
set-base b-0 a1 m5 (1)
assemble-with-machine b-0 m5 j8 j7 (3)
eject-base b-0 a1 m5 (1)
move-arm-holding a1 m5 tb13 b-0 (4)
set-base b-0 a1 tb13 (1)
move-arm a1 tb13 m3 (2)
move-arm a3 m6 tb13 (2)
eject-base b-0 a3 tb13 (1)
move-arm-holding a3 tb13 m6 b-0 (2)
set-base b-0 a3 m6 (1)
assemble-with-machine b-0 m6 j9 j8 (3)
eject-base b-0 a3 m6 (1)
move-arm-holding a3 m6 table-out b-0 (4)
set-base b-0 a3 table-out (1)
slide-base-out b-0 table-out carry-out (1)
Plan length: 91 step(s).
Plan cost: 171
Initial state h value: 108/136.
Expanded 39453 state(s).
Reopened 17703 state(s).
Evaluated 48851 state(s).
Evaluations: 97702
Generated 673201 state(s).
Dead ends: 9397 state(s).
Best solution cost so far: 171
Solution found - keep searching
Starting search: lazy_wastar(list(hff2, hlm2), preferred = list(hff2, hlm2), w = 1)
Conducting lazy best first search, (real) bound = 171
Best heuristic value: 108/136 [g=0, 1 evaluated, 0 expanded, t=34.94s]
Best heuristic value: 106/134 [g=1, 2 evaluated, 1 expanded, t=34.94s]
Best heuristic value: 106/131 [g=3, 5 evaluated, 2 expanded, t=34.94s]
Best heuristic value: 104/131 [g=3, 7 evaluated, 3 expanded, t=34.94s]
Best heuristic value: 103/130 [g=5, 8 evaluated, 4 expanded, t=34.94s]
Best heuristic value: 103/129 [g=5, 13 evaluated, 8 expanded, t=34.94s]
Best heuristic value: 101/129 [g=5, 14 evaluated, 9 expanded, t=34.94s]
Best heuristic value: 99/129 [g=7, 23 evaluated, 15 expanded, t=34.94s]
Best heuristic value: 99/128 [g=7, 26 evaluated, 18 expanded, t=34.94s]
Best heuristic value: 99/127 [g=9, 45 evaluated, 36 expanded, 2 reopened, t=34.95s]
Best heuristic value: 98/127 [g=9, 87 evaluated, 66 expanded, 10 reopened, t=34.95s]
Best heuristic value: 98/126 [g=10, 99 evaluated, 78 expanded, 13 reopened, t=34.95s]
Best heuristic value: 97/126 [g=9, 117 evaluated, 94 expanded, 14 reopened, t=34.96s]
Best heuristic value: 96/126 [g=10, 118 evaluated, 95 expanded, 14 reopened, t=34.96s]
Best heuristic value: 95/126 [g=11, 124 evaluated, 101 expanded, 14 reopened, t=34.96s]
Best heuristic value: 94/126 [g=12, 125 evaluated, 102 expanded, 14 reopened, t=34.96s]
Best heuristic value: 94/124 [g=9, 137 evaluated, 114 expanded, 14 reopened, t=34.96s]
Best heuristic value: 94/123 [g=11, 140 evaluated, 117 expanded, 14 reopened, t=34.96s]
Best heuristic value: 94/122 [g=12, 151 evaluated, 128 expanded, 14 reopened, t=34.96s]
Best heuristic value: 93/122 [g=14, 164 evaluated, 139 expanded, 14 reopened, t=34.96s]
Best heuristic value: 93/121 [g=14, 174 evaluated, 145 expanded, 14 reopened, t=34.96s]
Best heuristic value: 91/121 [g=15, 249 evaluated, 207 expanded, 19 reopened, t=34.97s]
Best heuristic value: 91/120 [g=15, 268 evaluated, 226 expanded, 19 reopened, t=34.98s]
Best heuristic value: 89/120 [g=22, 4669 evaluated, 3813 expanded, 1588 reopened, t=35.64s]
Best heuristic value: 85/119 [g=25, 4781 evaluated, 3900 expanded, 1654 reopened, t=35.66s]
Best heuristic value: 85/118 [g=27, 4785 evaluated, 3903 expanded, 1654 reopened, t=35.66s]
Best heuristic value: 85/117 [g=26, 5182 evaluated, 4200 expanded, 1740 reopened, t=35.74s]
Best heuristic value: 84/114 [g=26, 5186 evaluated, 4204 expanded, 1740 reopened, t=35.74s]
Best heuristic value: 84/113 [g=28, 5191 evaluated, 4209 expanded, 1740 reopened, t=35.74s]
Best heuristic value: 83/113 [g=29, 5192 evaluated, 4210 expanded, 1740 reopened, t=35.74s]
Best heuristic value: 83/112 [g=29, 5195 evaluated, 4213 expanded, 1740 reopened, t=35.74s]
Best heuristic value: 83/111 [g=31, 5212 evaluated, 4230 expanded, 1746 reopened, t=35.74s]
Best heuristic value: 82/111 [g=32, 5283 evaluated, 4295 expanded, 1754 reopened, t=35.75s]
Best heuristic value: 80/111 [g=39, 13030 evaluated, 10409 expanded, 4207 reopened, t=37.25s]
Best heuristic value: 80/108 [g=44, 17228 evaluated, 13449 expanded, 5365 reopened, t=38.22s]
Best heuristic value: 80/107 [g=46, 17231 evaluated, 13451 expanded, 5365 reopened, t=38.22s]
Best heuristic value: 80/106 [g=47, 17239 evaluated, 13458 expanded, 5365 reopened, t=38.23s]
Best heuristic value: 76/106 [g=48, 19549 evaluated, 15242 expanded, 6203 reopened, t=38.74s]
Best heuristic value: 74/105 [g=49, 19550 evaluated, 15243 expanded, 6203 reopened, t=38.74s]
Best heuristic value: 74/104 [g=51, 19553 evaluated, 15244 expanded, 6203 reopened, t=38.74s]
Best heuristic value: 71/102 [g=51, 19554 evaluated, 15245 expanded, 6203 reopened, t=38.74s]
Best heuristic value: 71/101 [g=53, 19557 evaluated, 15247 expanded, 6203 reopened, t=38.74s]
Best heuristic value: 71/98 [g=54, 19564 evaluated, 15252 expanded, 6203 reopened, t=38.74s]
Best heuristic value: 71/97 [g=56, 19571 evaluated, 15258 expanded, 6203 reopened, t=38.74s]
Best heuristic value: 71/96 [g=57, 19586 evaluated, 15270 expanded, 6203 reopened, t=38.74s]
Best heuristic value: 68/96 [g=55, 19611 evaluated, 15292 expanded, 6215 reopened, t=38.74s]
Best heuristic value: 68/93 [g=64, 24252 evaluated, 19188 expanded, 8287 reopened, t=39.6s]
Best heuristic value: 66/93 [g=66, 24254 evaluated, 19190 expanded, 8287 reopened, t=39.6s]
Best heuristic value: 65/88 [g=67, 24263 evaluated, 19199 expanded, 8287 reopened, t=39.6s]
Best heuristic value: 64/88 [g=68, 24264 evaluated, 19200 expanded, 8287 reopened, t=39.6s]
Best heuristic value: 63/88 [g=69, 24267 evaluated, 19203 expanded, 8287 reopened, t=39.6s]
Best heuristic value: 63/87 [g=69, 24268 evaluated, 19204 expanded, 8287 reopened, t=39.6s]
Best heuristic value: 63/86 [g=70, 24273 evaluated, 19208 expanded, 8287 reopened, t=39.6s]
Best heuristic value: 62/86 [g=70, 24278 evaluated, 19213 expanded, 8287 reopened, t=39.6s]
Best heuristic value: 61/86 [g=70, 24279 evaluated, 19214 expanded, 8287 reopened, t=39.6s]
Best heuristic value: 59/86 [g=72, 24311 evaluated, 19242 expanded, 8288 reopened, t=39.61s]
Best heuristic value: 59/85 [g=73, 24375 evaluated, 19298 expanded, 8295 reopened, t=39.62s]
Best heuristic value: 59/83 [g=79, 30167 evaluated, 24252 expanded, 10937 reopened, t=40.87s]
Best heuristic value: 59/81 [g=80, 30168 evaluated, 24253 expanded, 10937 reopened, t=40.87s]
Best heuristic value: 57/81 [g=82, 30172 evaluated, 24257 expanded, 10937 reopened, t=40.87s]
Best heuristic value: 57/80 [g=82, 30173 evaluated, 24258 expanded, 10937 reopened, t=40.87s]
Best heuristic value: 56/80 [g=83, 30179 evaluated, 24264 expanded, 10937 reopened, t=40.87s]
Best heuristic value: 54/80 [g=83, 30237 evaluated, 24311 expanded, 10944 reopened, t=40.88s]
Best heuristic value: 52/80 [g=84, 30506 evaluated, 24520 expanded, 11002 reopened, t=40.92s]
Best heuristic value: 52/79 [g=88, 37619 evaluated, 30312 expanded, 13975 reopened, t=42.35s]
Best heuristic value: 51/79 [g=96, 42834 evaluated, 34400 expanded, 15618 reopened, t=43.65s]
Best heuristic value: 49/76 [g=99, 44987 evaluated, 36067 expanded, 16220 reopened, t=44.16s]
Best heuristic value: 49/74 [g=101, 44988 evaluated, 36068 expanded, 16220 reopened, t=44.16s]
Best heuristic value: 49/73 [g=103, 44992 evaluated, 36072 expanded, 16220 reopened, t=44.16s]
Best heuristic value: 45/72 [g=102, 44993 evaluated, 36073 expanded, 16220 reopened, t=44.16s]
Best heuristic value: 43/70 [g=103, 44994 evaluated, 36074 expanded, 16220 reopened, t=44.16s]
Best heuristic value: 42/65 [g=105, 44995 evaluated, 36075 expanded, 16220 reopened, t=44.16s]
Best heuristic value: 40/65 [g=106, 44996 evaluated, 36076 expanded, 16220 reopened, t=44.16s]
Best heuristic value: 40/64 [g=107, 44997 evaluated, 36077 expanded, 16220 reopened, t=44.16s]
Best heuristic value: 40/63 [g=108, 45011 evaluated, 36091 expanded, 16222 reopened, t=44.16s]
Best heuristic value: 36/61 [g=109, 45016 evaluated, 36096 expanded, 16222 reopened, t=44.16s]
Best heuristic value: 36/59 [g=110, 45017 evaluated, 36097 expanded, 16222 reopened, t=44.16s]
Best heuristic value: 36/58 [g=112, 45018 evaluated, 36098 expanded, 16222 reopened, t=44.16s]
Best heuristic value: 36/57 [g=114, 45030 evaluated, 36110 expanded, 16222 reopened, t=44.17s]
Best heuristic value: 36/53 [g=115, 45058 evaluated, 36134 expanded, 16223 reopened, t=44.17s]
Best heuristic value: 36/49 [g=121, 45160 evaluated, 36226 expanded, 16224 reopened, t=44.18s]
Best heuristic value: 35/47 [g=123, 45162 evaluated, 36228 expanded, 16224 reopened, t=44.18s]
Best heuristic value: 34/47 [g=124, 45163 evaluated, 36229 expanded, 16224 reopened, t=44.18s]
Best heuristic value: 34/46 [g=125, 45164 evaluated, 36230 expanded, 16224 reopened, t=44.18s]
Best heuristic value: 31/46 [g=126, 45171 evaluated, 36237 expanded, 16226 reopened, t=44.19s]
Best heuristic value: 31/45 [g=128, 45193 evaluated, 36258 expanded, 16231 reopened, t=44.19s]
Best heuristic value: 29/41 [g=130, 45197 evaluated, 36261 expanded, 16231 reopened, t=44.19s]
Best heuristic value: 26/38 [g=132, 45198 evaluated, 36262 expanded, 16231 reopened, t=44.19s]
Best heuristic value: 24/36 [g=133, 45199 evaluated, 36263 expanded, 16231 reopened, t=44.19s]
Best heuristic value: 21/33 [g=135, 45200 evaluated, 36264 expanded, 16231 reopened, t=44.19s]
Best heuristic value: 18/33 [g=140, 45216 evaluated, 36280 expanded, 16233 reopened, t=44.19s]
Best heuristic value: 15/29 [g=147, 48832 evaluated, 39434 expanded, 17703 reopened, t=44.76s]
Best heuristic value: 15/27 [g=148, 48833 evaluated, 39435 expanded, 17703 reopened, t=44.76s]
Best heuristic value: 15/25 [g=152, 48836 evaluated, 39438 expanded, 17703 reopened, t=44.76s]
Best heuristic value: 15/23 [g=153, 48837 evaluated, 39439 expanded, 17703 reopened, t=44.76s]
Best heuristic value: 15/20 [g=155, 48838 evaluated, 39440 expanded, 17703 reopened, t=44.76s]
Best heuristic value: 15/18 [g=158, 48840 evaluated, 39442 expanded, 17703 reopened, t=44.76s]
Best heuristic value: 13/15 [g=160, 48841 evaluated, 39443 expanded, 17703 reopened, t=44.76s]
Best heuristic value: 9/11 [g=164, 48847 evaluated, 39449 expanded, 17703 reopened, t=44.76s]
Best heuristic value: 7/9 [g=165, 48848 evaluated, 39450 expanded, 17703 reopened, t=44.76s]
Best heuristic value: 4/4 [g=169, 48849 evaluated, 39451 expanded, 17703 reopened, t=44.76s]
Best heuristic value: 2/2 [g=170, 48850 evaluated, 39452 expanded, 17703 reopened, t=44.76s]
Completely explored state space -- no solution!
Actual search time: 35.26s [t=70.2s]
Initial state h value: 108/136.
Expanded 128126 state(s).
Reopened 67175 state(s).
Evaluated 150728 state(s).
Evaluations: 301456
Generated 2182160 state(s).
Dead ends: 22602 state(s).
Best solution cost so far: 171
No solution found - keep searching
Actual search time: 70.15s [t=70.2s]
Cumulative statistics:
Expanded 284588 state(s).
Reopened 124299 state(s).
Evaluated 347196 state(s).
Evaluations: 694392
Generated 4866942 state(s).
Dead ends: 0 state(s).
Search time: 70.15s
Total time: 70.2s
Solution found.
Peak memory: 146428 KB
