Dispatcher selected state size 1.
This is a nonunit task.
Simplifying transitions... done!
Initializing Exploration...
Generating landmarks using the RPG/SAS+ approach
approx. reasonable orders
approx. obedient reasonable orders
Removed 0 reasonable or obedient reasonable orders
Landmarks generation time: 0.100324s
Discovered 240 landmarks, of which 1 are disjunctive and 0 are conjunctive 
1242 edges
Initializing LAMA-FF Synergy Object
Initializing landmarks count heuristic...
128 initial landmarks, 8 goal landmarks
Initializing Exploration...
Generating landmarks using the RPG/SAS+ approach
approx. reasonable orders
approx. obedient reasonable orders
Removed 0 reasonable or obedient reasonable orders
Landmarks generation time: 0.101842s
Discovered 240 landmarks, of which 1 are disjunctive and 0 are conjunctive 
1242 edges
Initializing LAMA-FF Synergy Object
Initializing landmarks count heuristic...
128 initial landmarks, 8 goal landmarks
Starting search: lazy_greedy(list(hff1, hlm1), preferred = list(hff1, hlm1), cost_type = 1, reopen_closed = false)
Conducting lazy best first search, (real) bound = 2147483647
Best heuristic value: 112/123 [g=0, 1 evaluated, 0 expanded, t=0.24s]
Best heuristic value: 112/122 [g=1, 2 evaluated, 1 expanded, t=0.24s]
Best heuristic value: 112/121 [g=2, 7 evaluated, 6 expanded, t=0.24s]
Best heuristic value: 111/121 [g=1, 10 evaluated, 9 expanded, t=0.24s]
Best heuristic value: 110/121 [g=5, 222 evaluated, 202 expanded, t=0.29s]
Best heuristic value: 110/120 [g=6, 223 evaluated, 203 expanded, t=0.29s]
Best heuristic value: 110/119 [g=6, 228 evaluated, 208 expanded, t=0.29s]
Best heuristic value: 109/119 [g=10, 1084 evaluated, 1020 expanded, t=0.5s]
Best heuristic value: 109/118 [g=13, 1477 evaluated, 1395 expanded, t=0.59s]
Best heuristic value: 109/117 [g=14, 1737 evaluated, 1647 expanded, t=0.66s]
Best heuristic value: 108/117 [g=19, 2652 evaluated, 2477 expanded, t=0.89s]
Best heuristic value: 108/116 [g=20, 2654 evaluated, 2479 expanded, t=0.89s]
Best heuristic value: 107/115 [g=21, 2661 evaluated, 2486 expanded, t=0.9s]
Best heuristic value: 106/115 [g=26, 3336 evaluated, 3081 expanded, t=1.08s]
Best heuristic value: 106/114 [g=28, 3439 evaluated, 3179 expanded, t=1.1s]
Best heuristic value: 106/113 [g=29, 3562 evaluated, 3293 expanded, t=1.14s]
Best heuristic value: 105/113 [g=29, 5540 evaluated, 4918 expanded, t=1.68s]
Best heuristic value: 104/113 [g=40, 11961 evaluated, 10132 expanded, t=3.75s]
Best heuristic value: 103/113 [g=46, 12470 evaluated, 10568 expanded, t=3.93s]
Best heuristic value: 102/113 [g=51, 16055 evaluated, 13390 expanded, t=5.03s]
Best heuristic value: 101/113 [g=52, 16060 evaluated, 13395 expanded, t=5.03s]
Best heuristic value: 101/111 [g=60, 41332 evaluated, 34130 expanded, t=13.41s]
Best heuristic value: 100/111 [g=63, 124009 evaluated, 98702 expanded, t=42.4s]
Best heuristic value: 99/111 [g=64, 124013 evaluated, 98706 expanded, t=42.4s]
Best heuristic value: 98/111 [g=70, 125216 evaluated, 99810 expanded, t=42.77s]
Best heuristic value: 98/110 [g=76, 215434 evaluated, 171229 expanded, t=74.49s]
Best heuristic value: 98/109 [g=77, 215437 evaluated, 171232 expanded, t=74.49s]
Best heuristic value: 98/108 [g=87, 241205 evaluated, 190275 expanded, t=82.96s]
Best heuristic value: 97/108 [g=89, 241217 evaluated, 190285 expanded, t=82.97s]
Best heuristic value: 97/107 [g=90, 241228 evaluated, 190295 expanded, t=82.97s]
Best heuristic value: 96/107 [g=99, 246800 evaluated, 194597 expanded, t=84.87s]
Best heuristic value: 95/107 [g=91, 361203 evaluated, 272474 expanded, t=128.21s]
Best heuristic value: 94/107 [g=107, 462254 evaluated, 349538 expanded, t=163.03s]
Best heuristic value: 93/107 [g=108, 462260 evaluated, 349544 expanded, t=163.04s]
Best heuristic value: 91/107 [g=111, 462455 evaluated, 349715 expanded, t=163.1s]
Best heuristic value: 90/107 [g=112, 462466 evaluated, 349724 expanded, t=163.1s]
Best heuristic value: 89/107 [g=118, 488568 evaluated, 368567 expanded, t=172.47s]
Best heuristic value: 88/107 [g=136, 515145 evaluated, 388445 expanded, t=183.45s]
Best heuristic value: 88/106 [g=113, 557990 evaluated, 419052 expanded, t=201.59s]
Best heuristic value: 88/104 [g=115, 558068 evaluated, 419124 expanded, t=201.62s]
Best heuristic value: 87/104 [g=148, 633380 evaluated, 473397 expanded, t=233.54s]
Best heuristic value: 86/104 [g=164, 706619 evaluated, 525024 expanded, t=265.67s]
Best heuristic value: 85/104 [g=165, 706638 evaluated, 525043 expanded, t=265.68s]
Best heuristic value: 84/104 [g=170, 707762 evaluated, 525914 expanded, t=266.15s]
Best heuristic value: 83/104 [g=178, 711347 evaluated, 528542 expanded, t=267.71s]
Best heuristic value: 82/104 [g=179, 711362 evaluated, 528555 expanded, t=267.71s]
Best heuristic value: 81/104 [g=182, 714978 evaluated, 531000 expanded, t=269.3s]
Best heuristic value: 80/104 [g=190, 717865 evaluated, 532949 expanded, t=270.65s]
Best heuristic value: 79/104 [g=191, 717866 evaluated, 532950 expanded, t=270.65s]
Best heuristic value: 78/104 [g=195, 718267 evaluated, 533321 expanded, t=270.82s]
Best heuristic value: 78/103 [g=201, 721896 evaluated, 536344 expanded, t=272.43s]
Best heuristic value: 77/103 [g=202, 721901 evaluated, 536349 expanded, t=272.43s]
Best heuristic value: 77/102 [g=203, 721907 evaluated, 536355 expanded, t=272.43s]
Best heuristic value: 76/102 [g=212, 726840 evaluated, 540527 expanded, t=274.55s]
Best heuristic value: 76/101 [g=209, 728419 evaluated, 541819 expanded, t=275.23s]
Best heuristic value: 76/100 [g=210, 728420 evaluated, 541820 expanded, t=275.23s]
Best heuristic value: 75/100 [g=215, 729731 evaluated, 542986 expanded, t=275.76s]
Best heuristic value: 74/100 [g=225, 735244 evaluated, 547561 expanded, t=278.14s]
Best heuristic value: 74/99 [g=220, 740227 evaluated, 551639 expanded, t=280.29s]
Best heuristic value: 74/98 [g=221, 740228 evaluated, 551640 expanded, t=280.29s]
Best heuristic value: 73/98 [g=226, 741471 evaluated, 552749 expanded, t=280.81s]
Best heuristic value: 72/98 [g=236, 747077 evaluated, 557420 expanded, t=283.23s]
Best heuristic value: 72/97 [g=232, 768894 evaluated, 574942 expanded, t=292.84s]
Best heuristic value: 72/96 [g=234, 768911 evaluated, 574957 expanded, t=292.85s]
Best heuristic value: 71/95 [g=241, 782403 evaluated, 585501 expanded, t=298.83s]
Best heuristic value: 70/95 [g=242, 782419 evaluated, 585516 expanded, t=298.84s]
Best heuristic value: 70/94 [g=243, 782525 evaluated, 585607 expanded, t=298.88s]
Best heuristic value: 69/94 [g=248, 789322 evaluated, 591224 expanded, t=303.58s]
Best heuristic value: 68/94 [g=257, 818616 evaluated, 613691 expanded, t=316.99s]
Best heuristic value: 68/93 [g=256, 860828 evaluated, 646623 expanded, t=336.29s]
Best heuristic value: 68/92 [g=258, 860906 evaluated, 646700 expanded, t=336.32s]
Best heuristic value: 67/92 [g=263, 861886 evaluated, 647516 expanded, t=336.75s]
Best heuristic value: 66/92 [g=267, 865061 evaluated, 650288 expanded, t=338.18s]
Best heuristic value: 65/91 [g=269, 865106 evaluated, 650331 expanded, t=338.2s]
Best heuristic value: 64/90 [g=270, 865112 evaluated, 650337 expanded, t=338.2s]
Best heuristic value: 63/90 [g=274, 865484 evaluated, 650701 expanded, t=338.36s]
Best heuristic value: 62/89 [g=285, 892467 evaluated, 675487 expanded, t=350.69s]
Best heuristic value: 62/88 [g=288, 892849 evaluated, 675849 expanded, t=350.87s]
Best heuristic value: 62/87 [g=292, 893207 evaluated, 676190 expanded, t=351.03s]
Best heuristic value: 62/86 [g=294, 893449 evaluated, 676429 expanded, t=351.13s]
Best heuristic value: 61/85 [g=298, 893827 evaluated, 676796 expanded, t=351.29s]
Best heuristic value: 60/84 [g=299, 893831 evaluated, 676800 expanded, t=351.3s]
Best heuristic value: 58/84 [g=301, 893861 evaluated, 676830 expanded, t=351.31s]
Best heuristic value: 58/83 [g=308, 902547 evaluated, 684693 expanded, t=356.75s]
Best heuristic value: 58/82 [g=315, 903594 evaluated, 685653 expanded, t=357.37s]
Best heuristic value: 57/82 [g=318, 909921 evaluated, 691251 expanded, t=361.23s]
Best heuristic value: 56/82 [g=322, 910350 evaluated, 691661 expanded, t=361.46s]
Best heuristic value: 56/81 [g=335, 934580 evaluated, 713899 expanded, t=376.42s]
Best heuristic value: 55/81 [g=336, 934595 evaluated, 713914 expanded, t=376.43s]
Best heuristic value: 55/80 [g=337, 934669 evaluated, 713988 expanded, t=376.48s]
Best heuristic value: 55/79 [g=340, 934795 evaluated, 714113 expanded, t=376.56s]
Best heuristic value: 54/79 [g=344, 934943 evaluated, 714259 expanded, t=376.66s]
Best heuristic value: 54/78 [g=345, 934949 evaluated, 714265 expanded, t=376.67s]
Best heuristic value: 54/77 [g=347, 935132 evaluated, 714445 expanded, t=376.77s]
Best heuristic value: 52/77 [g=348, 935141 evaluated, 714454 expanded, t=376.77s]
Best heuristic value: 52/76 [g=349, 935149 evaluated, 714462 expanded, t=376.78s]
Best heuristic value: 52/75 [g=351, 935183 evaluated, 714496 expanded, t=376.8s]
Best heuristic value: 51/74 [g=352, 935184 evaluated, 714497 expanded, t=376.8s]
Best heuristic value: 50/74 [g=353, 935186 evaluated, 714499 expanded, t=376.8s]
Best heuristic value: 50/73 [g=359, 936173 evaluated, 715448 expanded, t=377.46s]
Best heuristic value: 48/73 [g=365, 937163 evaluated, 716345 expanded, t=378.1s]
Best heuristic value: 48/72 [g=366, 937164 evaluated, 716346 expanded, t=378.1s]
Best heuristic value: 48/71 [g=370, 937606 evaluated, 716767 expanded, t=378.35s]
Best heuristic value: 47/71 [g=375, 940810 evaluated, 719636 expanded, t=380.34s]
Best heuristic value: 47/70 [g=376, 940814 evaluated, 719640 expanded, t=380.34s]
Best heuristic value: 46/70 [g=379, 941008 evaluated, 719833 expanded, t=380.47s]
Best heuristic value: 46/69 [g=380, 941494 evaluated, 720306 expanded, t=380.78s]
Best heuristic value: 45/68 [g=401, 990308 evaluated, 763801 expanded, t=411.86s]
Best heuristic value: 44/68 [g=405, 990728 evaluated, 764201 expanded, t=412.07s]
Best heuristic value: 44/67 [g=405, 991300 evaluated, 764708 expanded, t=412.38s]
Best heuristic value: 43/67 [g=416, 1034635 evaluated, 803568 expanded, t=439.92s]
Best heuristic value: 43/66 [g=419, 1034787 evaluated, 803717 expanded, t=440.01s]
Best heuristic value: 43/65 [g=423, 1035834 evaluated, 804677 expanded, t=440.6s]
Best heuristic value: 43/64 [g=426, 1036078 evaluated, 804919 expanded, t=440.75s]
Best heuristic value: 42/64 [g=430, 1036819 evaluated, 805641 expanded, t=441.17s]
Best heuristic value: 42/62 [g=434, 1054899 evaluated, 821928 expanded, t=452.64s]
Best heuristic value: 41/62 [g=439, 1055094 evaluated, 822094 expanded, t=452.75s]
Best heuristic value: 40/62 [g=448, 1064315 evaluated, 829978 expanded, t=458.28s]
Best heuristic value: 39/62 [g=453, 1064952 evaluated, 830543 expanded, t=458.68s]
Best heuristic value: 39/60 [g=452, 1065941 evaluated, 831362 expanded, t=459.24s]
Best heuristic value: 39/59 [g=452, 1065943 evaluated, 831364 expanded, t=459.24s]
Best heuristic value: 39/58 [g=454, 1065987 evaluated, 831408 expanded, t=459.27s]
Best heuristic value: 39/57 [g=458, 1066951 evaluated, 832302 expanded, t=459.86s]
Best heuristic value: 39/56 [g=459, 1066954 evaluated, 832305 expanded, t=459.86s]
Best heuristic value: 37/56 [g=461, 1066975 evaluated, 832326 expanded, t=459.87s]
Best heuristic value: 37/55 [g=474, 1075990 evaluated, 839840 expanded, t=465.15s]
Best heuristic value: 36/54 [g=475, 1075991 evaluated, 839841 expanded, t=465.15s]
Best heuristic value: 35/53 [g=476, 1075992 evaluated, 839842 expanded, t=465.15s]
Best heuristic value: 35/51 [g=478, 1076035 evaluated, 839885 expanded, t=465.18s]
Best heuristic value: 34/51 [g=480, 1076112 evaluated, 839961 expanded, t=465.23s]
Best heuristic value: 34/50 [g=486, 1081738 evaluated, 844801 expanded, t=468.75s]
Best heuristic value: 33/50 [g=487, 1081741 evaluated, 844804 expanded, t=468.75s]
Best heuristic value: 33/49 [g=488, 1081785 evaluated, 844848 expanded, t=468.78s]
Best heuristic value: 32/48 [g=488, 1081787 evaluated, 844850 expanded, t=468.78s]
Best heuristic value: 31/47 [g=495, 1087221 evaluated, 849219 expanded, t=471.76s]
Best heuristic value: 31/45 [g=497, 1087253 evaluated, 849251 expanded, t=471.78s]
Best heuristic value: 30/45 [g=503, 1088497 evaluated, 850294 expanded, t=472.52s]
Best heuristic value: 30/44 [g=515, 1109561 evaluated, 868166 expanded, t=484.81s]
Best heuristic value: 30/43 [g=516, 1109563 evaluated, 868167 expanded, t=484.81s]
Best heuristic value: 29/43 [g=518, 1109622 evaluated, 868211 expanded, t=484.85s]
Best heuristic value: 28/43 [g=527, 1110024 evaluated, 868500 expanded, t=485.05s]
Best heuristic value: 27/42 [g=528, 1110031 evaluated, 868506 expanded, t=485.05s]
Best heuristic value: 27/41 [g=532, 1110142 evaluated, 868613 expanded, t=485.12s]
Best heuristic value: 27/40 [g=533, 1110143 evaluated, 868614 expanded, t=485.12s]
Best heuristic value: 27/39 [g=536, 1110535 evaluated, 868960 expanded, t=485.35s]
Best heuristic value: 26/39 [g=537, 1111802 evaluated, 869961 expanded, t=486s]
Best heuristic value: 25/39 [g=539, 1111813 evaluated, 869971 expanded, t=486.01s]
Best heuristic value: 24/38 [g=547, 1112411 evaluated, 870370 expanded, t=486.31s]
Best heuristic value: 23/38 [g=548, 1112412 evaluated, 870371 expanded, t=486.31s]
Best heuristic value: 23/37 [g=549, 1112413 evaluated, 870372 expanded, t=486.31s]
Best heuristic value: 22/35 [g=551, 1112427 evaluated, 870386 expanded, t=486.32s]
Best heuristic value: 21/35 [g=552, 1112429 evaluated, 870388 expanded, t=486.33s]
Best heuristic value: 20/35 [g=555, 1112474 evaluated, 870432 expanded, t=486.35s]
Best heuristic value: 19/35 [g=556, 1112484 evaluated, 870442 expanded, t=486.36s]
Best heuristic value: 18/35 [g=560, 1112536 evaluated, 870491 expanded, t=486.39s]
Best heuristic value: 17/34 [g=561, 1112542 evaluated, 870497 expanded, t=486.39s]
Best heuristic value: 17/33 [g=565, 1112597 evaluated, 870551 expanded, t=486.43s]
Best heuristic value: 17/32 [g=565, 1112603 evaluated, 870557 expanded, t=486.43s]
Best heuristic value: 17/31 [g=568, 1112812 evaluated, 870746 expanded, t=486.56s]
Best heuristic value: 16/31 [g=570, 1112830 evaluated, 870763 expanded, t=486.57s]
Best heuristic value: 16/30 [g=578, 1113140 evaluated, 870984 expanded, t=486.72s]
Best heuristic value: 15/30 [g=579, 1113144 evaluated, 870988 expanded, t=486.73s]
Best heuristic value: 15/29 [g=580, 1113156 evaluated, 871000 expanded, t=486.73s]
Best heuristic value: 14/27 [g=582, 1113174 evaluated, 871018 expanded, t=486.75s]
Best heuristic value: 13/27 [g=583, 1113175 evaluated, 871019 expanded, t=486.75s]
Best heuristic value: 13/26 [g=593, 1114643 evaluated, 872119 expanded, t=487.61s]
Best heuristic value: 13/25 [g=594, 1114644 evaluated, 872120 expanded, t=487.61s]
Best heuristic value: 12/24 [g=595, 1114645 evaluated, 872121 expanded, t=487.62s]
Best heuristic value: 12/23 [g=596, 1114646 evaluated, 872122 expanded, t=487.62s]
Best heuristic value: 12/22 [g=597, 1114657 evaluated, 872133 expanded, t=487.62s]
Best heuristic value: 11/22 [g=596, 1114659 evaluated, 872135 expanded, t=487.62s]
Best heuristic value: 10/21 [g=599, 1114686 evaluated, 872162 expanded, t=487.64s]
Best heuristic value: 10/20 [g=600, 1114687 evaluated, 872163 expanded, t=487.64s]
Best heuristic value: 9/20 [g=601, 1114698 evaluated, 872174 expanded, t=487.64s]
Best heuristic value: 9/18 [g=605, 1114747 evaluated, 872222 expanded, t=487.68s]
Best heuristic value: 9/16 [g=607, 1114755 evaluated, 872230 expanded, t=487.68s]
Best heuristic value: 8/16 [g=609, 1114771 evaluated, 872245 expanded, t=487.69s]
Best heuristic value: 8/15 [g=611, 1114821 evaluated, 872289 expanded, t=487.72s]
Best heuristic value: 7/14 [g=612, 1114822 evaluated, 872290 expanded, t=487.72s]
Best heuristic value: 6/13 [g=613, 1114823 evaluated, 872291 expanded, t=487.72s]
Best heuristic value: 6/12 [g=614, 1114824 evaluated, 872292 expanded, t=487.72s]
Best heuristic value: 6/11 [g=615, 1114825 evaluated, 872293 expanded, t=487.72s]
Best heuristic value: 5/11 [g=616, 1114827 evaluated, 872295 expanded, t=487.72s]
Best heuristic value: 4/10 [g=623, 1114895 evaluated, 872352 expanded, t=487.76s]
Best heuristic value: 4/9 [g=624, 1114896 evaluated, 872353 expanded, t=487.76s]
Best heuristic value: 4/8 [g=626, 1114903 evaluated, 872360 expanded, t=487.77s]
Best heuristic value: 4/7 [g=627, 1114904 evaluated, 872361 expanded, t=487.77s]
Best heuristic value: 4/6 [g=629, 1114907 evaluated, 872364 expanded, t=487.77s]
Best heuristic value: 4/5 [g=630, 1114909 evaluated, 872366 expanded, t=487.77s]
Best heuristic value: 3/5 [g=631, 1114911 evaluated, 872368 expanded, t=487.77s]
Best heuristic value: 2/4 [g=633, 1114918 evaluated, 872373 expanded, t=487.78s]
Best heuristic value: 2/3 [g=634, 1114919 evaluated, 872374 expanded, t=487.78s]
Best heuristic value: 2/2 [g=635, 1114920 evaluated, 872375 expanded, t=487.78s]
Best heuristic value: 1/1 [g=636, 1114922 evaluated, 872377 expanded, t=487.78s]
Solution found!
Actual search time: 487.54s [t=487.78s]
slide-base-in b-3 carry-in table-in (1)
move-arm a3 tb23 tb13 (2)
move-arm a1 t1 table-in (3)
eject-base b-3 a1 table-in (1)
move-arm a3 tb13 m2 (3)
slide-base-in b-2 carry-in table-in (1)
move-arm-holding a1 table-in tb13 b-3 (3)
set-base b-3 a1 tb13 (1)
move-arm a1 tb13 table-in (3)
eject-base b-2 a1 table-in (1)
move-arm-holding a1 table-in m5 b-2 (3)
set-base b-2 a1 m5 (1)
move-arm a1 m5 tb13 (4)
slide-base-in b-1 carry-in table-in (1)
eject-base b-3 a1 tb13 (1)
move-arm-holding a1 tb13 m3 b-3 (2)
set-base b-3 a1 m3 (1)
move-arm a1 m3 table-in (2)
eject-base b-1 a1 table-in (1)
move-arm-holding a1 table-in m3 b-1 (2)
slide-base-in b-0 carry-in table-in (1)
move-arm-holding a1 m3 tb13 b-1 (2)
set-base b-1 a1 tb13 (1)
move-arm a1 tb13 table-in (3)
eject-base b-0 a1 table-in (1)
move-arm-holding a1 table-in m3 b-0 (2)
move-arm-holding a1 m3 tb12 b-0 (2)
set-base b-0 a1 tb12 (1)
move-arm a1 tb12 m3 (2)
eject-base b-3 a1 m3 (1)
move-arm-holding a1 m3 tb-for-p1 b-3 (3)
set-base b-3 a1 tb-for-p1 (1)
move-arm a1 tb-for-p1 m5 (2)
eject-base b-2 a1 m5 (1)
move-arm-holding a1 m5 m3 b-2 (3)
set-base b-2 a1 m3 (1)
move-arm a1 m3 tb-for-p1 (3)
eject-base b-3 a1 tb-for-p1 (1)
move-arm-holding a1 tb-for-p1 m5 b-3 (2)
set-base b-3 a1 m5 (1)
move-arm a3 m2 table-out (2)
move-arm a1 m5 m3 (3)
eject-base b-2 a1 m3 (1)
move-arm a2 m4 m1 (4)
move-arm-holding a1 m3 tb-for-p1 b-2 (3)
set-base b-2 a1 tb-for-p1 (1)
move-arm a2 m1 tb12 (2)
eject-base b-0 a2 tb12 (1)
move-arm-holding a2 tb12 m1 b-0 (2)
set-base b-0 a2 m1 (1)
assemble-with-machine b-0 m1 j1 nothing-done (3)
eject-base b-0 a2 m1 (1)
move-arm-holding a2 m1 tb-for-p2 b-0 (3)
eject-base b-2 a1 tb-for-p1 (1)
move-arm-holding a1 tb-for-p1 tb12 b-2 (4)
set-base b-2 a1 tb12 (1)
move-arm a1 tb12 m5 (4)
set-base b-0 a2 tb-for-p2 (1)
move-arm a2 tb-for-p2 tb12 (4)
eject-base b-2 a2 tb12 (1)
move-arm-holding a2 tb12 m1 b-2 (2)
set-base b-2 a2 m1 (1)
assemble-with-machine b-2 m1 j1 nothing-done (3)
eject-base b-2 a2 m1 (1)
move-arm-holding a2 m1 tb23 b-2 (3)
set-base b-2 a2 tb23 (1)
move-arm a2 tb23 tb-for-p2 (3)
eject-base b-0 a2 tb-for-p2 (1)
move-arm-holding a2 tb-for-p2 m4 b-0 (2)
set-base b-0 a2 m4 (1)
eject-base b-3 a1 m5 (1)
move-arm-holding a1 m5 tb12 b-3 (4)
set-base b-3 a1 tb12 (1)
move-arm a1 tb12 m3 (2)
move-arm a2 m4 tb12 (3)
eject-base b-3 a2 tb12 (1)
move-arm-holding a2 tb12 m4 b-3 (3)
move-arm-holding a2 m4 m1 b-3 (4)
set-base b-3 a2 m1 (1)
assemble-with-machine b-3 m1 j1 nothing-done (3)
eject-base b-3 a2 m1 (1)
move-arm-holding a2 m1 tb-for-p2 b-3 (3)
set-base b-3 a2 tb-for-p2 (1)
move-arm a2 tb-for-p2 m4 (2)
eject-base b-0 a2 m4 (1)
move-arm-holding a2 m4 tb12 b-0 (3)
set-base b-0 a2 tb12 (1)
move-arm a2 tb12 tb-for-p2 (4)
eject-base b-3 a2 tb-for-p2 (1)
move-arm-holding a2 tb-for-p2 m4 b-3 (2)
set-base b-3 a2 m4 (1)
move-arm a1 m3 tb12 (2)
eject-base b-0 a1 tb12 (1)
move-arm-holding a1 tb12 m5 b-0 (4)
set-base b-0 a1 m5 (1)
move-arm a1 m5 tb13 (4)
eject-base b-1 a1 tb13 (1)
move-arm-holding a1 tb13 m3 b-1 (2)
set-base b-1 a1 m3 (1)
move-arm a1 m3 m5 (3)
eject-base b-0 a1 m5 (1)
move-arm-holding a1 m5 tb-for-p1 b-0 (2)
set-base b-0 a1 tb-for-p1 (1)
move-arm a1 tb-for-p1 m3 (3)
eject-base b-1 a1 m3 (1)
move-arm-holding a1 m3 m5 b-1 (3)
set-base b-1 a1 m5 (1)
move-arm a1 m5 tb-for-p1 (2)
eject-base b-0 a1 tb-for-p1 (1)
move-arm-holding a1 tb-for-p1 m3 b-0 (3)
set-base b-0 a1 m3 (1)
move-arm a1 m3 m5 (3)
eject-base b-1 a1 m5 (1)
move-arm-holding a1 m5 t1 b-1 (2)
move-arm a3 table-out m6 (4)
move-arm-holding a1 t1 tb-for-p1 b-1 (3)
move-arm a2 m4 tb-for-p2 (2)
set-base b-1 a1 tb-for-p1 (1)
move-arm a2 tb-for-p2 tb23 (3)
eject-base b-2 a2 tb23 (1)
move-arm-holding a2 tb23 m4 b-2 (2)
move-arm-holding a2 m4 tb-for-p2 b-2 (2)
set-base b-2 a2 tb-for-p2 (1)
move-arm a2 tb-for-p2 m4 (2)
eject-base b-3 a2 m4 (1)
move-arm-holding a2 m4 m1 b-3 (4)
set-base b-3 a2 m1 (1)
move-arm a2 m1 tb-for-p2 (3)
eject-base b-2 a2 tb-for-p2 (1)
move-arm-holding a2 tb-for-p2 m4 b-2 (2)
set-base b-2 a2 m4 (1)
move-arm a2 m4 m1 (4)
eject-base b-3 a2 m1 (1)
move-arm-holding a2 m1 tb23 b-3 (3)
set-base b-3 a2 tb23 (1)
move-arm a2 tb23 m1 (3)
move-arm a3 m6 tb23 (3)
eject-base b-3 a3 tb23 (1)
move-arm-holding a3 tb23 table-out b-3 (3)
move-arm-holding a3 table-out tb13 b-3 (4)
set-base b-3 a3 tb13 (1)
move-arm a3 tb13 table-out (4)
move-arm a1 tb-for-p1 tb13 (4)
eject-base b-3 a1 tb13 (1)
move-arm-holding a1 tb13 tb-for-p1 b-3 (4)
move-arm-holding a1 tb-for-p1 m5 b-3 (2)
set-base b-3 a1 m5 (1)
move-arm a1 m5 tb-for-p1 (2)
eject-base b-1 a1 tb-for-p1 (1)
move-arm-holding a1 tb-for-p1 tb13 b-1 (4)
set-base b-1 a1 tb13 (1)
move-arm a1 tb13 tb-for-p1 (4)
move-arm a3 table-out tb13 (4)
eject-base b-1 a3 tb13 (1)
move-arm-holding a3 tb13 m2 b-1 (3)
move-arm-holding a3 m2 tb23 b-1 (2)
set-base b-1 a3 tb23 (1)
move-arm a3 tb23 table-out (3)
move-arm a2 m1 tb23 (3)
eject-base b-1 a2 tb23 (1)
move-arm-holding a2 tb23 m4 b-1 (2)
move-arm-holding a2 m4 m1 b-1 (4)
set-base b-1 a2 m1 (1)
move-arm a2 m1 m4 (4)
assemble-with-machine b-1 m1 j1 nothing-done (3)
move-arm a2 m4 m1 (4)
eject-base b-1 a2 m1 (1)
move-arm-holding a2 m1 m4 b-1 (4)
move-arm-holding a2 m4 tb-for-p2 b-1 (2)
set-base b-1 a2 tb-for-p2 (1)
move-arm a2 tb-for-p2 m4 (2)
eject-base b-2 a2 m4 (1)
move-arm-holding a2 m4 tb23 b-2 (2)
set-base b-2 a2 tb23 (1)
move-arm a2 tb23 tb-for-p2 (3)
eject-base b-1 a2 tb-for-p2 (1)
move-arm-holding a2 tb-for-p2 m4 b-1 (2)
set-base b-1 a2 m4 (1)
move-arm a2 m4 tb-for-p2 (2)
move-arm a3 table-out tb23 (3)
eject-base b-2 a3 tb23 (1)
move-arm-holding a3 tb23 tb13 b-2 (2)
set-base b-2 a3 tb13 (1)
move-arm a3 tb13 m2 (3)
move-arm a1 tb-for-p1 tb13 (4)
eject-base b-2 a1 tb13 (1)
move-arm-holding a1 tb13 tb-for-p1 b-2 (4)
set-base b-2 a1 tb-for-p1 (1)
move-arm a1 tb-for-p1 t1 (3)
pickup-component p1 a1 t1 (1)
move-arm-holding a1 t1 tb-for-p1 p1 (3)
assemble-with-arm p1 j2 j1 b-2 a1 tb-for-p1 (3)
eject-base b-2 a1 tb-for-p1 (1)
move-arm-holding a1 tb-for-p1 tb13 b-2 (4)
set-base b-2 a1 tb13 (1)
move-arm a1 tb13 tb-for-p1 (4)
move-arm a3 m2 tb13 (3)
eject-base b-2 a3 tb13 (1)
move-arm-holding a3 tb13 m2 b-2 (3)
set-base b-2 a3 m2 (1)
assemble-with-machine b-2 m2 j3 j2 (3)
eject-base b-2 a3 m2 (1)
move-arm-holding a3 m2 table-out b-2 (2)
move-arm a1 tb-for-p1 m5 (2)
eject-base b-3 a1 m5 (1)
move-arm-holding a1 m5 tb-for-p1 b-3 (2)
set-base b-3 a1 tb-for-p1 (1)
move-arm a1 tb-for-p1 t1 (3)
pickup-component p1 a1 t1 (1)
move-arm-holding a1 t1 tb-for-p1 p1 (3)
assemble-with-arm p1 j2 j1 b-3 a1 tb-for-p1 (3)
eject-base b-3 a1 tb-for-p1 (1)
move-arm-holding a1 tb-for-p1 m5 b-3 (2)
set-base b-3 a1 m5 (1)
move-arm a1 m5 m3 (3)
eject-base b-0 a1 m3 (1)
move-arm-holding a1 m3 tb-for-p1 b-0 (3)
set-base b-0 a1 tb-for-p1 (1)
move-arm a1 tb-for-p1 t1 (3)
pickup-component p1 a1 t1 (1)
move-arm-holding a1 t1 tb-for-p1 p1 (3)
assemble-with-arm p1 j2 j1 b-0 a1 tb-for-p1 (3)
eject-base b-0 a1 tb-for-p1 (1)
move-arm-holding a1 tb-for-p1 tb13 b-0 (4)
set-base b-0 a1 tb13 (1)
move-arm a1 tb13 tb-for-p1 (4)
set-base b-2 a3 table-out (1)
move-arm a3 table-out tb13 (4)
eject-base b-0 a3 tb13 (1)
move-arm-holding a3 tb13 m2 b-0 (3)
set-base b-0 a3 m2 (1)
assemble-with-machine b-0 m2 j3 j2 (3)
eject-base b-0 a3 m2 (1)
move-arm-holding a3 m2 tb13 b-0 (3)
set-base b-0 a3 tb13 (1)
move-arm a3 tb13 m2 (3)
move-arm a1 tb-for-p1 tb13 (4)
eject-base b-0 a1 tb13 (1)
move-arm-holding a1 tb13 m3 b-0 (2)
set-base b-0 a1 m3 (1)
assemble-with-machine b-0 m3 j4 j3 (2)
eject-base b-0 a1 m3 (1)
move-arm-holding a1 m3 m5 b-0 (3)
move-arm-holding a1 m5 tb12 b-0 (4)
set-base b-0 a1 tb12 (1)
move-arm a1 tb12 tb-for-p1 (4)
move-arm a3 m2 table-out (2)
eject-base b-2 a3 table-out (1)
move-arm-holding a3 table-out tb13 b-2 (4)
set-base b-2 a3 tb13 (1)
move-arm a3 tb13 m2 (3)
move-arm a1 tb-for-p1 tb13 (4)
eject-base b-2 a1 tb13 (1)
move-arm-holding a1 tb13 m3 b-2 (2)
set-base b-2 a1 m3 (1)
assemble-with-machine b-2 m3 j4 j3 (2)
eject-base b-2 a1 m3 (1)
move-arm-holding a1 m3 m5 b-2 (3)
move-arm-holding a1 m5 tb-for-p1 b-2 (2)
set-base b-2 a1 tb-for-p1 (1)
move-arm a1 tb-for-p1 t1 (3)
pickup-component p1 a1 t1 (1)
move-arm-holding a1 t1 tb-for-p1 p1 (3)
move-arm a2 tb-for-p2 tb12 (4)
eject-base b-0 a2 tb12 (1)
move-arm-holding a2 tb12 tb-for-p2 b-0 (4)
set-base b-0 a2 tb-for-p2 (1)
move-arm a2 tb-for-p2 t2 (2)
pickup-component p2 a2 t2 (1)
move-arm-holding a2 t2 tb-for-p2 p2 (2)
assemble-with-arm p2 j5 j4 b-0 a2 tb-for-p2 (3)
eject-base b-0 a2 tb-for-p2 (1)
move-arm-holding a2 tb-for-p2 tb23 b-0 (3)
set-base b-0 a2 tb23 (1)
move-arm a2 tb23 m4 (2)
eject-base b-1 a2 m4 (1)
move-arm-holding a2 m4 tb-for-p2 b-1 (2)
set-base b-1 a2 tb-for-p2 (1)
move-arm a2 tb-for-p2 tb23 (3)
eject-base b-0 a2 tb23 (1)
move-arm-holding a2 tb23 tb-for-p2 b-0 (3)
move-arm-holding a2 tb-for-p2 m4 b-0 (2)
set-base b-0 a2 m4 (1)
move-arm a2 m4 tb-for-p2 (2)
assemble-with-machine b-0 m4 j6 j5 (3)
move-arm a2 tb-for-p2 m4 (2)
eject-base b-0 a2 m4 (1)
move-arm-holding a2 m4 tb-for-p2 b-0 (2)
move-arm-holding a2 tb-for-p2 tb23 b-0 (3)
set-base b-0 a2 tb23 (1)
move-arm a2 tb23 tb-for-p2 (3)
move-arm a3 m2 tb23 (2)
eject-base b-0 a3 tb23 (1)
move-arm-holding a3 tb23 tb13 b-0 (2)
move-arm-holding a3 tb13 tb-for-p3 b-0 (3)
set-base b-0 a3 tb-for-p3 (1)
move-arm a3 tb-for-p3 t3 (2)
pickup-component p3 a3 t3 (1)
move-arm-holding a3 t3 tb-for-p3 p3 (2)
assemble-with-arm p3 j7 j6 b-0 a3 tb-for-p3 (2)
eject-base b-0 a3 tb-for-p3 (1)
eject-base b-1 a2 tb-for-p2 (1)
move-arm-holding a2 tb-for-p2 m4 b-1 (2)
set-base b-1 a2 m4 (1)
move-arm a2 m4 tb-for-p2 (2)
move-arm-holding a3 tb-for-p3 table-out b-0 (3)
assemble-with-arm p1 j2 j1 b-2 a1 tb-for-p1 (3)
eject-base b-2 a1 tb-for-p1 (1)
move-arm-holding a1 tb-for-p1 tb12 b-2 (4)
set-base b-2 a1 tb12 (1)
move-arm a1 tb12 tb-for-p1 (4)
move-arm a2 tb-for-p2 tb12 (4)
eject-base b-2 a2 tb12 (1)
move-arm-holding a2 tb12 tb-for-p2 b-2 (4)
set-base b-2 a2 tb-for-p2 (1)
move-arm a2 tb-for-p2 t2 (2)
pickup-component p2 a2 t2 (1)
move-arm-holding a2 t2 tb-for-p2 p2 (2)
assemble-with-arm p2 j5 j4 b-2 a2 tb-for-p2 (3)
move-arm a2 tb-for-p2 t2 (2)
pickup-component p2 a2 t2 (1)
move-arm-holding a2 t2 tb-for-p2 p2 (2)
move-arm a1 tb-for-p1 m5 (2)
eject-base b-3 a1 m5 (1)
move-arm-holding a1 m5 m3 b-3 (3)
set-base b-3 a1 m3 (1)
move-arm a1 m3 tb-for-p1 (3)
move-arm-holding a3 table-out tb13 b-0 (4)
set-base b-0 a3 tb13 (1)
move-arm a3 tb13 m2 (3)
move-arm a1 tb-for-p1 tb13 (4)
eject-base b-0 a1 tb13 (1)
move-arm-holding a1 tb13 m5 b-0 (4)
set-base b-0 a1 m5 (1)
assemble-with-machine b-0 m5 j8 j7 (3)
eject-base b-0 a1 m5 (1)
move-arm-holding a1 m5 m3 b-0 (3)
move-arm-holding a1 m3 tb13 b-0 (2)
set-base b-0 a1 tb13 (1)
move-arm a1 tb13 m3 (2)
move-arm a1 m3 tb-for-p1 (3)
move-arm a3 m2 tb13 (3)
eject-base b-0 a3 tb13 (1)
move-arm-holding a3 tb13 m2 b-0 (3)
move-arm-holding a3 m2 m6 b-0 (4)
set-base b-0 a3 m6 (1)
assemble-with-machine b-0 m6 j9 j8 (3)
eject-base b-0 a3 m6 (1)
move-arm-holding a3 m6 table-out b-0 (4)
set-base b-0 a3 table-out (1)
move-arm a3 table-out tb13 (4)
slide-base-out b-0 table-out carry-out (1)
move-arm a3 tb13 m2 (3)
move-arm a1 tb-for-p1 m3 (3)
eject-base b-3 a1 m3 (1)
move-arm-holding a1 m3 tb13 b-3 (2)
set-base b-3 a1 tb13 (1)
move-arm a1 tb13 tb-for-p1 (4)
move-arm a3 m2 tb13 (3)
eject-base b-3 a3 tb13 (1)
move-arm-holding a3 tb13 table-out b-3 (4)
move-arm-holding a3 table-out m2 b-3 (2)
set-base b-3 a3 m2 (1)
assemble-with-machine b-3 m2 j3 j2 (3)
eject-base b-3 a3 m2 (1)
move-arm-holding a3 m2 table-out b-3 (2)
move-arm-holding a3 table-out tb13 b-3 (4)
set-base b-3 a3 tb13 (1)
move-arm a3 tb13 table-out (4)
move-arm a1 tb-for-p1 tb13 (4)
eject-base b-3 a1 tb13 (1)
move-arm-holding a1 tb13 m3 b-3 (2)
set-base b-3 a1 m3 (1)
assemble-with-machine b-3 m3 j4 j3 (2)
eject-base b-3 a1 m3 (1)
move-arm-holding a1 m3 tb13 b-3 (2)
move-arm-holding a1 tb13 tb-for-p1 b-3 (4)
set-base b-3 a1 tb-for-p1 (1)
move-arm a1 tb-for-p1 t1 (3)
pickup-component p1 a1 t1 (1)
move-arm-holding a1 t1 tb-for-p1 p1 (3)
assemble-with-arm p2 j5 j4 b-2 a2 tb-for-p2 (3)
eject-base b-2 a2 tb-for-p2 (1)
move-arm-holding a2 tb-for-p2 tb23 b-2 (3)
set-base b-2 a2 tb23 (1)
move-arm a2 tb23 tb-for-p2 (3)
move-arm a3 table-out tb23 (3)
eject-base b-2 a3 tb23 (1)
move-arm-holding a3 tb23 table-out b-2 (3)
assemble-with-arm p1 j2 j1 b-3 a1 tb-for-p1 (3)
eject-base b-3 a1 tb-for-p1 (1)
move-arm-holding a1 tb-for-p1 tb12 b-3 (4)
set-base b-3 a1 tb12 (1)
move-arm a1 tb12 tb-for-p1 (4)
move-arm a2 tb-for-p2 tb12 (4)
eject-base b-3 a2 tb12 (1)
move-arm-holding a2 tb12 tb-for-p2 b-3 (4)
set-base b-3 a2 tb-for-p2 (1)
move-arm a2 tb-for-p2 t2 (2)
pickup-component p2 a2 t2 (1)
move-arm-holding a2 t2 tb-for-p2 p2 (2)
assemble-with-arm p2 j5 j4 b-3 a2 tb-for-p2 (3)
eject-base b-3 a2 tb-for-p2 (1)
move-arm-holding a2 tb-for-p2 tb23 b-3 (3)
set-base b-3 a2 tb23 (1)
move-arm a2 tb23 m4 (2)
eject-base b-1 a2 m4 (1)
move-arm-holding a2 m4 tb-for-p2 b-1 (2)
set-base b-1 a2 tb-for-p2 (1)
move-arm a2 tb-for-p2 tb23 (3)
eject-base b-3 a2 tb23 (1)
move-arm-holding a2 tb23 tb-for-p2 b-3 (3)
move-arm-holding a2 tb-for-p2 m4 b-3 (2)
set-base b-3 a2 m4 (1)
move-arm a2 m4 tb-for-p2 (2)
assemble-with-machine b-3 m4 j6 j5 (3)
move-arm a2 tb-for-p2 m4 (2)
eject-base b-3 a2 m4 (1)
move-arm-holding a2 m4 tb-for-p2 b-3 (2)
move-arm-holding a2 tb-for-p2 tb12 b-3 (4)
set-base b-3 a2 tb12 (1)
move-arm a2 tb12 tb-for-p2 (4)
eject-base b-1 a2 tb-for-p2 (1)
move-arm a1 tb-for-p1 tb12 (4)
eject-base b-3 a1 tb12 (1)
move-arm-holding a1 tb12 tb13 b-3 (3)
move-arm-holding a1 tb13 m5 b-3 (4)
set-base b-3 a1 m5 (1)
move-arm a1 m5 tb-for-p1 (2)
move-arm-holding a2 tb-for-p2 tb23 b-1 (3)
set-base b-1 a2 tb23 (1)
move-arm a2 tb23 tb-for-p2 (3)
set-base b-2 a3 table-out (1)
move-arm a3 table-out tb23 (3)
eject-base b-1 a3 tb23 (1)
move-arm-holding a3 tb23 m2 b-1 (2)
set-base b-1 a3 m2 (1)
move-arm a3 m2 table-out (2)
eject-base b-2 a3 table-out (1)
move-arm-holding a3 table-out tb23 b-2 (3)
set-base b-2 a3 tb23 (1)
move-arm a3 tb23 table-out (3)
move-arm a2 tb-for-p2 tb23 (3)
eject-base b-2 a2 tb23 (1)
move-arm-holding a2 tb23 m4 b-2 (2)
set-base b-2 a2 m4 (1)
assemble-with-machine b-2 m4 j6 j5 (3)
eject-base b-2 a2 m4 (1)
move-arm-holding a2 m4 tb23 b-2 (2)
set-base b-2 a2 tb23 (1)
move-arm a2 tb23 tb-for-p2 (3)
move-arm a3 table-out tb23 (3)
eject-base b-2 a3 tb23 (1)
move-arm-holding a3 tb23 tb13 b-2 (2)
move-arm-holding a3 tb13 tb-for-p3 b-2 (3)
set-base b-2 a3 tb-for-p3 (1)
move-arm a3 tb-for-p3 t3 (2)
pickup-component p3 a3 t3 (1)
move-arm-holding a3 t3 tb-for-p3 p3 (2)
assemble-with-arm p3 j7 j6 b-2 a3 tb-for-p3 (2)
eject-base b-2 a3 tb-for-p3 (1)
move-arm-holding a3 tb-for-p3 m6 b-2 (2)
set-base b-2 a3 m6 (1)
move-arm a3 m6 m2 (4)
eject-base b-1 a3 m2 (1)
move-arm-holding a3 m2 tb13 b-1 (3)
set-base b-1 a3 tb13 (1)
move-arm a3 tb13 table-out (4)
move-arm a1 tb-for-p1 tb13 (4)
eject-base b-1 a1 tb13 (1)
move-arm-holding a1 tb13 tb-for-p1 b-1 (4)
set-base b-1 a1 tb-for-p1 (1)
move-arm a1 tb-for-p1 t1 (3)
pickup-component p1 a1 t1 (1)
move-arm-holding a1 t1 tb-for-p1 p1 (3)
assemble-with-arm p1 j2 j1 b-1 a1 tb-for-p1 (3)
eject-base b-1 a1 tb-for-p1 (1)
move-arm-holding a1 tb-for-p1 m5 b-1 (2)
move-arm-holding a1 m5 tb13 b-1 (4)
set-base b-1 a1 tb13 (1)
move-arm a1 tb13 m5 (4)
move-arm a3 table-out tb13 (4)
eject-base b-1 a3 tb13 (1)
move-arm-holding a3 tb13 m2 b-1 (3)
set-base b-1 a3 m2 (1)
assemble-with-machine b-1 m2 j3 j2 (3)
eject-base b-1 a3 m2 (1)
move-arm-holding a3 m2 tb13 b-1 (3)
set-base b-1 a3 tb13 (1)
move-arm a3 tb13 table-out (4)
move-arm a1 m5 tb13 (4)
eject-base b-1 a1 tb13 (1)
move-arm-holding a1 tb13 m3 b-1 (2)
set-base b-1 a1 m3 (1)
assemble-with-machine b-1 m3 j4 j3 (2)
eject-base b-1 a1 m3 (1)
move-arm-holding a1 m3 m5 b-1 (3)
move-arm-holding a1 m5 tb13 b-1 (4)
set-base b-1 a1 tb13 (1)
move-arm a1 tb13 m5 (4)
move-arm a3 table-out tb13 (4)
eject-base b-1 a3 tb13 (1)
move-arm-holding a3 tb13 table-out b-1 (4)
eject-base b-3 a1 m5 (1)
move-arm-holding a1 m5 tb13 b-3 (4)
set-base b-3 a1 tb13 (1)
move-arm a1 tb13 m5 (4)
set-base b-1 a3 table-out (1)
move-arm a3 table-out tb13 (4)
eject-base b-3 a3 tb13 (1)
move-arm-holding a3 tb13 table-out b-3 (4)
move-arm-holding a3 table-out tb-for-p3 b-3 (3)
set-base b-3 a3 tb-for-p3 (1)
move-arm a3 tb-for-p3 t3 (2)
pickup-component p3 a3 t3 (1)
move-arm-holding a3 t3 tb-for-p3 p3 (2)
assemble-with-arm p3 j7 j6 b-3 a3 tb-for-p3 (2)
eject-base b-3 a3 tb-for-p3 (1)
move-arm-holding a3 tb-for-p3 table-out b-3 (3)
move-arm-holding a3 table-out tb13 b-3 (4)
set-base b-3 a3 tb13 (1)
move-arm a3 tb13 table-out (4)
eject-base b-1 a3 table-out (1)
move-arm a1 m5 tb13 (4)
eject-base b-3 a1 tb13 (1)
move-arm-holding a1 tb13 m5 b-3 (4)
set-base b-3 a1 m5 (1)
assemble-with-machine b-3 m5 j8 j7 (3)
eject-base b-3 a1 m5 (1)
move-arm-holding a1 m5 tb13 b-3 (4)
set-base b-3 a1 tb13 (1)
move-arm a1 tb13 m5 (4)
move-arm-holding a3 table-out tb-for-p3 b-1 (3)
set-base b-1 a3 tb-for-p3 (1)
move-arm a3 tb-for-p3 tb13 (3)
eject-base b-3 a3 tb13 (1)
move-arm-holding a3 tb13 table-out b-3 (4)
set-base b-3 a3 table-out (1)
move-arm a3 table-out m6 (4)
eject-base b-2 a3 m6 (1)
move-arm-holding a3 m6 tb13 b-2 (2)
set-base b-2 a3 tb13 (1)
move-arm a3 tb13 table-out (4)
eject-base b-3 a3 table-out (1)
move-arm-holding a3 table-out m6 b-3 (4)
set-base b-3 a3 m6 (1)
assemble-with-machine b-3 m6 j9 j8 (3)
eject-base b-3 a3 m6 (1)
move-arm-holding a3 m6 table-out b-3 (4)
set-base b-3 a3 table-out (1)
slide-base-out b-3 table-out carry-out (1)
move-arm a3 table-out tb-for-p3 (3)
eject-base b-1 a3 tb-for-p3 (1)
move-arm-holding a3 tb-for-p3 m6 b-1 (2)
set-base b-1 a3 m6 (1)
move-arm a3 m6 tb-for-p3 (2)
move-arm a1 m5 tb13 (4)
eject-base b-2 a1 tb13 (1)
move-arm-holding a1 tb13 m5 b-2 (4)
set-base b-2 a1 m5 (1)
assemble-with-machine b-2 m5 j8 j7 (3)
eject-base b-2 a1 m5 (1)
move-arm-holding a1 m5 tb13 b-2 (4)
set-base b-2 a1 tb13 (1)
move-arm a1 tb13 m5 (4)
move-arm a3 tb-for-p3 tb13 (3)
eject-base b-2 a3 tb13 (1)
move-arm-holding a3 tb13 table-out b-2 (4)
set-base b-2 a3 table-out (1)
move-arm a3 table-out m6 (4)
eject-base b-1 a3 m6 (1)
move-arm-holding a3 m6 tb-for-p3 b-1 (2)
set-base b-1 a3 tb-for-p3 (1)
move-arm a3 tb-for-p3 table-out (3)
eject-base b-2 a3 table-out (1)
move-arm-holding a3 table-out m6 b-2 (4)
set-base b-2 a3 m6 (1)
assemble-with-machine b-2 m6 j9 j8 (3)
eject-base b-2 a3 m6 (1)
move-arm-holding a3 m6 table-out b-2 (4)
set-base b-2 a3 table-out (1)
slide-base-out b-2 table-out carry-out (1)
move-arm a3 table-out tb-for-p3 (3)
eject-base b-1 a3 tb-for-p3 (1)
move-arm-holding a3 tb-for-p3 tb23 b-1 (4)
set-base b-1 a3 tb23 (1)
move-arm a3 tb23 table-out (3)
move-arm a2 tb-for-p2 tb23 (3)
eject-base b-1 a2 tb23 (1)
move-arm-holding a2 tb23 tb-for-p2 b-1 (3)
set-base b-1 a2 tb-for-p2 (1)
move-arm a2 tb-for-p2 t2 (2)
pickup-component p2 a2 t2 (1)
move-arm-holding a2 t2 tb-for-p2 p2 (2)
assemble-with-arm p2 j5 j4 b-1 a2 tb-for-p2 (3)
eject-base b-1 a2 tb-for-p2 (1)
move-arm-holding a2 tb-for-p2 m4 b-1 (2)
set-base b-1 a2 m4 (1)
assemble-with-machine b-1 m4 j6 j5 (3)
eject-base b-1 a2 m4 (1)
move-arm a3 table-out tb-for-p3 (3)
move-arm-holding a2 m4 tb23 b-1 (2)
set-base b-1 a2 tb23 (1)
move-arm a2 tb23 m1 (3)
move-arm a3 tb-for-p3 tb23 (4)
eject-base b-1 a3 tb23 (1)
move-arm-holding a3 tb23 table-out b-1 (3)
move-arm-holding a3 table-out tb-for-p3 b-1 (3)
set-base b-1 a3 tb-for-p3 (1)
move-arm a3 tb-for-p3 t3 (2)
pickup-component p3 a3 t3 (1)
move-arm-holding a3 t3 tb-for-p3 p3 (2)
assemble-with-arm p3 j7 j6 b-1 a3 tb-for-p3 (2)
eject-base b-1 a3 tb-for-p3 (1)
move-arm-holding a3 tb-for-p3 table-out b-1 (3)
move-arm-holding a3 table-out tb13 b-1 (4)
set-base b-1 a3 tb13 (1)
move-arm a3 tb13 table-out (4)
move-arm a1 m5 tb13 (4)
eject-base b-1 a1 tb13 (1)
move-arm-holding a1 tb13 m5 b-1 (4)
set-base b-1 a1 m5 (1)
assemble-with-machine b-1 m5 j8 j7 (3)
eject-base b-1 a1 m5 (1)
move-arm-holding a1 m5 tb13 b-1 (4)
set-base b-1 a1 tb13 (1)
move-arm a1 tb13 m3 (2)
move-arm a3 table-out tb13 (4)
eject-base b-1 a3 tb13 (1)
move-arm-holding a3 tb13 table-out b-1 (4)
move-arm-holding a3 table-out m6 b-1 (4)
set-base b-1 a3 m6 (1)
assemble-with-machine b-1 m6 j9 j8 (3)
eject-base b-1 a3 m6 (1)
move-arm-holding a3 m6 table-out b-1 (4)
set-base b-1 a3 table-out (1)
slide-base-out b-1 table-out carry-out (1)
Plan length: 637 step(s).
Plan cost: 1362
Initial state h value: 112/123.
Expanded 872378 state(s).
Reopened 0 state(s).
Evaluated 1114923 state(s).
Evaluations: 2229846
Generated 15517610 state(s).
Dead ends: 242544 state(s).
Best solution cost so far: 1362
Solution found - keep searching
Starting search: lazy_greedy(list(hff2, hlm2), preferred = list(hff2, hlm2), reopen_closed = false)
Conducting lazy best first search, (real) bound = 1362
Best heuristic value: 300/340 [g=0, 1 evaluated, 0 expanded, t=487.78s]
Best heuristic value: 299/338 [g=1, 2 evaluated, 1 expanded, t=487.78s]
Best heuristic value: 297/338 [g=4, 3 evaluated, 2 expanded, t=487.78s]
Best heuristic value: 295/338 [g=5, 4 evaluated, 3 expanded, t=487.78s]
Best heuristic value: 295/335 [g=3, 7 evaluated, 6 expanded, t=487.78s]
Best heuristic value: 292/334 [g=8, 10 evaluated, 9 expanded, t=487.78s]
Switch from bucket-based to heap-based queue at key = 333, num_pushes = 321
Best heuristic value: 291/330 [g=9, 12 evaluated, 11 expanded, t=487.78s]
Best heuristic value: 290/330 [g=12, 19 evaluated, 18 expanded, t=487.79s]
Best heuristic value: 289/329 [g=13, 21 evaluated, 20 expanded, t=487.79s]
Best heuristic value: 289/327 [g=15, 30 evaluated, 29 expanded, t=487.79s]
Best heuristic value: 289/326 [g=17, 44 evaluated, 43 expanded, t=487.8s]
Best heuristic value: 289/325 [g=20, 65 evaluated, 63 expanded, t=487.8s]
Best heuristic value: 287/325 [g=24, 303 evaluated, 278 expanded, t=487.89s]
Best heuristic value: 287/323 [g=26, 304 evaluated, 279 expanded, t=487.89s]
Best heuristic value: 286/321 [g=27, 310 evaluated, 285 expanded, t=487.9s]
Best heuristic value: 284/321 [g=35, 1089 evaluated, 960 expanded, t=488.18s]
Best heuristic value: 284/319 [g=37, 1090 evaluated, 961 expanded, t=488.18s]
Best heuristic value: 282/317 [g=38, 1097 evaluated, 968 expanded, t=488.18s]
Best heuristic value: 281/317 [g=45, 1537 evaluated, 1345 expanded, t=488.34s]
Best heuristic value: 278/312 [g=47, 1538 evaluated, 1346 expanded, t=488.34s]
Best heuristic value: 277/312 [g=52, 2149 evaluated, 1853 expanded, t=488.58s]
Best heuristic value: 276/312 [g=89, 17602 evaluated, 14727 expanded, t=494.55s]
Best heuristic value: 275/312 [g=98, 17630 evaluated, 14753 expanded, t=494.57s]
Best heuristic value: 274/312 [g=171, 38956 evaluated, 32574 expanded, t=503.24s]
Best heuristic value: 270/312 [g=175, 39042 evaluated, 32649 expanded, t=503.27s]
Best heuristic value: 268/312 [g=176, 39043 evaluated, 32650 expanded, t=503.27s]
Best heuristic value: 268/307 [g=184, 39682 evaluated, 33257 expanded, t=503.52s]
Best heuristic value: 268/306 [g=186, 39699 evaluated, 33274 expanded, t=503.53s]
Best heuristic value: 265/306 [g=212, 45403 evaluated, 38142 expanded, t=505.86s]
Best heuristic value: 264/306 [g=222, 45918 evaluated, 38578 expanded, t=506.06s]
Best heuristic value: 262/306 [g=227, 47136 evaluated, 39617 expanded, t=506.55s]
Best heuristic value: 261/306 [g=262, 49464 evaluated, 41595 expanded, t=507.59s]
Best heuristic value: 257/306 [g=266, 49539 evaluated, 41665 expanded, t=507.62s]
Best heuristic value: 255/306 [g=267, 49545 evaluated, 41671 expanded, t=507.62s]
Best heuristic value: 255/301 [g=275, 51920 evaluated, 43768 expanded, t=508.58s]
Best heuristic value: 255/300 [g=277, 51938 evaluated, 43786 expanded, t=508.59s]
Best heuristic value: 254/300 [g=305, 54500 evaluated, 45984 expanded, t=509.63s]
Best heuristic value: 253/300 [g=320, 55541 evaluated, 46851 expanded, t=510.06s]
Best heuristic value: 250/300 [g=322, 55545 evaluated, 46855 expanded, t=510.06s]
Best heuristic value: 249/300 [g=331, 55939 evaluated, 47186 expanded, t=510.21s]
Best heuristic value: 247/300 [g=345, 86399 evaluated, 72215 expanded, t=523.31s]
Best heuristic value: 245/300 [g=346, 86402 evaluated, 72218 expanded, t=523.31s]
Best heuristic value: 244/300 [g=367, 87139 evaluated, 72917 expanded, t=523.61s]
Best heuristic value: 244/299 [g=359, 88638 evaluated, 74330 expanded, t=524.23s]
Best heuristic value: 244/298 [g=361, 88654 evaluated, 74345 expanded, t=524.23s]
Best heuristic value: 241/297 [g=383, 103551 evaluated, 87560 expanded, t=530.77s]
Best heuristic value: 239/297 [g=386, 103552 evaluated, 87561 expanded, t=530.77s]
Best heuristic value: 239/295 [g=385, 103560 evaluated, 87569 expanded, t=530.78s]
Best heuristic value: 239/294 [g=387, 103568 evaluated, 87577 expanded, t=530.78s]
Best heuristic value: 239/293 [g=390, 103593 evaluated, 87599 expanded, t=530.79s]
Best heuristic value: 237/293 [g=393, 104258 evaluated, 88181 expanded, t=531.06s]
Best heuristic value: 237/290 [g=394, 104588 evaluated, 88426 expanded, t=531.2s]
Best heuristic value: 237/288 [g=418, 105408 evaluated, 89143 expanded, t=531.53s]
Best heuristic value: 236/288 [g=418, 105632 evaluated, 89343 expanded, t=531.62s]
Best heuristic value: 235/288 [g=419, 106388 evaluated, 90029 expanded, t=531.93s]
Best heuristic value: 233/288 [g=422, 106394 evaluated, 90034 expanded, t=531.94s]
Best heuristic value: 233/284 [g=428, 106407 evaluated, 90047 expanded, t=531.94s]
Best heuristic value: 232/284 [g=428, 106797 evaluated, 90393 expanded, t=532.1s]
Best heuristic value: 231/284 [g=429, 109452 evaluated, 92762 expanded, t=533.18s]
Best heuristic value: 230/284 [g=435, 109594 evaluated, 92884 expanded, t=533.24s]
Best heuristic value: 230/282 [g=463, 115285 evaluated, 97841 expanded, t=535.63s]
Best heuristic value: 229/282 [g=469, 116350 evaluated, 98809 expanded, t=536.07s]
Best heuristic value: 227/282 [g=472, 116352 evaluated, 98810 expanded, t=536.07s]
Best heuristic value: 227/278 [g=475, 116354 evaluated, 98812 expanded, t=536.07s]
Best heuristic value: 226/278 [g=478, 116756 evaluated, 99170 expanded, t=536.24s]
Best heuristic value: 225/278 [g=481, 119512 evaluated, 101640 expanded, t=537.39s]
Best heuristic value: 224/278 [g=487, 119660 evaluated, 101770 expanded, t=537.45s]
Best heuristic value: 220/278 [g=505, 138685 evaluated, 118492 expanded, t=545.57s]
Best heuristic value: 218/278 [g=506, 138694 evaluated, 118501 expanded, t=545.58s]
Best heuristic value: 218/275 [g=522, 139595 evaluated, 119287 expanded, t=545.96s]
Best heuristic value: 218/274 [g=524, 139602 evaluated, 119293 expanded, t=545.96s]
Best heuristic value: 218/273 [g=529, 139759 evaluated, 119438 expanded, t=546.03s]
Best heuristic value: 218/272 [g=531, 139775 evaluated, 119453 expanded, t=546.04s]
Best heuristic value: 218/269 [g=544, 141548 evaluated, 121033 expanded, t=546.78s]
Best heuristic value: 218/267 [g=554, 142089 evaluated, 121506 expanded, t=547.01s]
Best heuristic value: 216/267 [g=558, 142108 evaluated, 121523 expanded, t=547.02s]
Best heuristic value: 214/267 [g=561, 143110 evaluated, 122410 expanded, t=547.44s]
Best heuristic value: 213/267 [g=588, 147809 evaluated, 126628 expanded, t=549.46s]
Best heuristic value: 212/267 [g=584, 161555 evaluated, 138518 expanded, t=555.55s]
Best heuristic value: 209/267 [g=586, 161561 evaluated, 138524 expanded, t=555.55s]
Best heuristic value: 206/267 [g=589, 161569 evaluated, 138532 expanded, t=555.55s]
Best heuristic value: 204/267 [g=590, 161580 evaluated, 138543 expanded, t=555.56s]
Best heuristic value: 203/267 [g=595, 161913 evaluated, 138863 expanded, t=555.71s]
Best heuristic value: 202/267 [g=598, 161923 evaluated, 138873 expanded, t=555.71s]
Best heuristic value: 198/267 [g=601, 161940 evaluated, 138889 expanded, t=555.72s]
Best heuristic value: 198/266 [g=604, 161942 evaluated, 138891 expanded, t=555.72s]
Best heuristic value: 198/264 [g=611, 162150 evaluated, 139085 expanded, t=555.82s]
Best heuristic value: 197/264 [g=618, 162179 evaluated, 139113 expanded, t=555.83s]
Best heuristic value: 197/261 [g=622, 162184 evaluated, 139118 expanded, t=555.83s]
Best heuristic value: 197/258 [g=625, 162187 evaluated, 139121 expanded, t=555.83s]
Best heuristic value: 197/257 [g=627, 162204 evaluated, 139138 expanded, t=555.84s]
Best heuristic value: 197/252 [g=632, 162303 evaluated, 139229 expanded, t=555.89s]
Best heuristic value: 197/251 [g=634, 162305 evaluated, 139231 expanded, t=555.89s]
Best heuristic value: 197/250 [g=636, 162322 evaluated, 139247 expanded, t=555.9s]
Best heuristic value: 197/248 [g=640, 162383 evaluated, 139303 expanded, t=555.93s]
Best heuristic value: 197/245 [g=642, 162386 evaluated, 139306 expanded, t=555.93s]
Best heuristic value: 195/245 [g=645, 162388 evaluated, 139308 expanded, t=555.93s]
Best heuristic value: 193/245 [g=647, 162393 evaluated, 139313 expanded, t=555.93s]
Best heuristic value: 191/245 [g=648, 162404 evaluated, 139324 expanded, t=555.94s]
Best heuristic value: 189/245 [g=651, 162420 evaluated, 139339 expanded, t=555.95s]
Best heuristic value: 188/245 [g=653, 162436 evaluated, 139354 expanded, t=555.96s]
Best heuristic value: 188/244 [g=669, 163548 evaluated, 140360 expanded, t=556.59s]
Best heuristic value: 187/244 [g=693, 167877 evaluated, 143993 expanded, t=559.2s]
Best heuristic value: 183/244 [g=701, 168006 evaluated, 144116 expanded, t=559.27s]
Best heuristic value: 181/244 [g=702, 168012 evaluated, 144122 expanded, t=559.28s]
Best heuristic value: 181/240 [g=711, 179370 evaluated, 153702 expanded, t=565.7s]
Best heuristic value: 181/239 [g=713, 179389 evaluated, 153721 expanded, t=565.71s]
Best heuristic value: 181/238 [g=715, 179412 evaluated, 153743 expanded, t=565.73s]
Best heuristic value: 180/238 [g=733, 195845 evaluated, 168316 expanded, t=575.87s]
Best heuristic value: 180/235 [g=728, 204106 evaluated, 175320 expanded, t=581.57s]
Best heuristic value: 178/235 [g=737, 204154 evaluated, 175367 expanded, t=581.6s]
Best heuristic value: 178/233 [g=738, 206471 evaluated, 177460 expanded, t=582.98s]
Best heuristic value: 177/233 [g=744, 206625 evaluated, 177605 expanded, t=583.08s]
Best heuristic value: 176/233 [g=749, 210881 evaluated, 181386 expanded, t=585.6s]
Best heuristic value: 175/233 [g=757, 220180 evaluated, 189740 expanded, t=591.25s]
Best heuristic value: 172/233 [g=771, 236321 evaluated, 203865 expanded, t=601.26s]
Best heuristic value: 170/233 [g=772, 236327 evaluated, 203871 expanded, t=601.27s]
Best heuristic value: 169/233 [g=777, 236530 evaluated, 204063 expanded, t=601.4s]
Best heuristic value: 168/233 [g=780, 236541 evaluated, 204073 expanded, t=601.4s]
Best heuristic value: 164/233 [g=783, 236556 evaluated, 204087 expanded, t=601.41s]
Best heuristic value: 164/231 [g=793, 236870 evaluated, 204398 expanded, t=601.62s]
Best heuristic value: 163/231 [g=794, 236896 evaluated, 204424 expanded, t=601.64s]
Best heuristic value: 163/229 [g=797, 236902 evaluated, 204430 expanded, t=601.64s]
Best heuristic value: 163/225 [g=800, 236903 evaluated, 204431 expanded, t=601.64s]
Best heuristic value: 163/224 [g=802, 236924 evaluated, 204452 expanded, t=601.65s]
Best heuristic value: 163/219 [g=807, 237120 evaluated, 204637 expanded, t=601.78s]
Best heuristic value: 163/218 [g=809, 237122 evaluated, 204639 expanded, t=601.78s]
Best heuristic value: 163/217 [g=811, 237139 evaluated, 204655 expanded, t=601.79s]
Best heuristic value: 163/215 [g=815, 237294 evaluated, 204803 expanded, t=601.89s]
Best heuristic value: 163/212 [g=817, 237298 evaluated, 204807 expanded, t=601.9s]
Best heuristic value: 162/212 [g=821, 237433 evaluated, 204935 expanded, t=601.98s]
Best heuristic value: 160/212 [g=822, 237441 evaluated, 204943 expanded, t=601.98s]
Best heuristic value: 157/212 [g=825, 237454 evaluated, 204956 expanded, t=601.99s]
Best heuristic value: 155/212 [g=855, 238950 evaluated, 206276 expanded, t=602.83s]
Best heuristic value: 154/212 [g=878, 244779 evaluated, 211203 expanded, t=606.2s]
Best heuristic value: 154/208 [g=884, 317504 evaluated, 272670 expanded, t=650.22s]
Best heuristic value: 153/208 [g=887, 317517 evaluated, 272683 expanded, t=650.23s]
Best heuristic value: 151/208 [g=890, 317530 evaluated, 272695 expanded, t=650.23s]
Best heuristic value: 150/208 [g=892, 317544 evaluated, 272709 expanded, t=650.24s]
Best heuristic value: 150/207 [g=898, 319611 evaluated, 274422 expanded, t=651.49s]
Best heuristic value: 150/206 [g=900, 319627 evaluated, 274438 expanded, t=651.5s]
Best heuristic value: 150/204 [g=906, 321227 evaluated, 275815 expanded, t=652.51s]
Best heuristic value: 150/203 [g=916, 321494 evaluated, 276061 expanded, t=652.69s]
Best heuristic value: 150/202 [g=920, 321530 evaluated, 276094 expanded, t=652.71s]
Best heuristic value: 149/202 [g=926, 321741 evaluated, 276282 expanded, t=652.83s]
Best heuristic value: 149/198 [g=942, 323613 evaluated, 277800 expanded, t=653.83s]
Best heuristic value: 148/198 [g=950, 323645 evaluated, 277830 expanded, t=653.85s]
Best heuristic value: 146/198 [g=958, 323788 evaluated, 277964 expanded, t=653.94s]
Best heuristic value: 143/198 [g=959, 323793 evaluated, 277969 expanded, t=653.94s]
Best heuristic value: 143/194 [g=965, 323796 evaluated, 277972 expanded, t=653.95s]
Best heuristic value: 143/193 [g=967, 323814 evaluated, 277990 expanded, t=653.96s]
Best heuristic value: 143/192 [g=970, 323835 evaluated, 278010 expanded, t=653.97s]
Best heuristic value: 141/192 [g=969, 323941 evaluated, 278109 expanded, t=654.04s]
Best heuristic value: 140/192 [g=986, 324369 evaluated, 278478 expanded, t=654.31s]
Best heuristic value: 139/192 [g=977, 326778 evaluated, 280437 expanded, t=655.74s]
Best heuristic value: 135/192 [g=980, 326802 evaluated, 280461 expanded, t=655.75s]
Best heuristic value: 135/190 [g=983, 326803 evaluated, 280462 expanded, t=655.76s]
Best heuristic value: 135/189 [g=985, 326821 evaluated, 280480 expanded, t=655.76s]
Best heuristic value: 135/188 [g=988, 326843 evaluated, 280501 expanded, t=655.78s]
Best heuristic value: 135/187 [g=988, 327374 evaluated, 280959 expanded, t=656.13s]
Best heuristic value: 135/186 [g=991, 327393 evaluated, 280977 expanded, t=656.14s]
Best heuristic value: 135/184 [g=997, 327561 evaluated, 281123 expanded, t=656.25s]
Best heuristic value: 135/183 [g=1003, 327790 evaluated, 281328 expanded, t=656.4s]
Best heuristic value: 135/182 [g=1006, 327823 evaluated, 281358 expanded, t=656.42s]
Best heuristic value: 135/178 [g=1009, 327837 evaluated, 281371 expanded, t=656.42s]
Best heuristic value: 133/178 [g=1015, 327855 evaluated, 281389 expanded, t=656.44s]
Best heuristic value: 132/178 [g=1017, 327868 evaluated, 281401 expanded, t=656.44s]
Best heuristic value: 130/178 [g=1025, 328015 evaluated, 281539 expanded, t=656.54s]
Best heuristic value: 127/178 [g=1026, 328019 evaluated, 281543 expanded, t=656.54s]
Best heuristic value: 127/174 [g=1032, 328024 evaluated, 281548 expanded, t=656.54s]
Best heuristic value: 127/173 [g=1034, 328042 evaluated, 281566 expanded, t=656.55s]
Best heuristic value: 127/172 [g=1037, 328063 evaluated, 281586 expanded, t=656.56s]
Best heuristic value: 125/172 [g=1036, 328169 evaluated, 281685 expanded, t=656.63s]
Best heuristic value: 123/172 [g=1051, 331365 evaluated, 284392 expanded, t=658.68s]
Best heuristic value: 119/172 [g=1055, 331410 evaluated, 284433 expanded, t=658.7s]
Best heuristic value: 117/172 [g=1056, 331415 evaluated, 284438 expanded, t=658.7s]
Best heuristic value: 114/172 [g=1059, 331427 evaluated, 284450 expanded, t=658.71s]
Best heuristic value: 114/171 [g=1064, 331450 evaluated, 284473 expanded, t=658.72s]
Best heuristic value: 114/164 [g=1077, 332991 evaluated, 285958 expanded, t=659.63s]
Best heuristic value: 114/163 [g=1079, 333014 evaluated, 285981 expanded, t=659.65s]
Best heuristic value: 114/162 [g=1094, 333787 evaluated, 286677 expanded, t=660.13s]
Best heuristic value: 112/161 [g=1097, 333788 evaluated, 286678 expanded, t=660.13s]
Best heuristic value: 108/157 [g=1100, 333789 evaluated, 286679 expanded, t=660.13s]
Best heuristic value: 108/154 [g=1103, 333790 evaluated, 286680 expanded, t=660.13s]
Best heuristic value: 108/148 [g=1104, 333856 evaluated, 286745 expanded, t=660.17s]
Best heuristic value: 106/148 [g=1108, 333981 evaluated, 286861 expanded, t=660.25s]
Best heuristic value: 103/148 [g=1123, 340052 evaluated, 292148 expanded, t=664.07s]
Best heuristic value: 101/148 [g=1124, 340057 evaluated, 292153 expanded, t=664.08s]
Best heuristic value: 101/143 [g=1132, 340130 evaluated, 292226 expanded, t=664.12s]
Best heuristic value: 101/142 [g=1134, 340143 evaluated, 292239 expanded, t=664.13s]
Best heuristic value: 100/142 [g=1145, 340839 evaluated, 292856 expanded, t=664.54s]
Best heuristic value: 100/139 [g=1150, 341114 evaluated, 293100 expanded, t=664.71s]
Best heuristic value: 99/139 [g=1152, 341123 evaluated, 293109 expanded, t=664.72s]
Best heuristic value: 97/139 [g=1157, 341312 evaluated, 293281 expanded, t=664.84s]
Best heuristic value: 97/137 [g=1160, 341333 evaluated, 293301 expanded, t=664.86s]
Best heuristic value: 95/137 [g=1165, 341431 evaluated, 293390 expanded, t=664.92s]
Best heuristic value: 95/133 [g=1207, 353752 evaluated, 304459 expanded, t=672.84s]
Best heuristic value: 93/133 [g=1210, 353753 evaluated, 304460 expanded, t=672.84s]
Best heuristic value: 93/131 [g=1209, 353755 evaluated, 304462 expanded, t=672.84s]
Best heuristic value: 90/131 [g=1211, 353759 evaluated, 304466 expanded, t=672.85s]
Best heuristic value: 89/131 [g=1221, 353918 evaluated, 304618 expanded, t=672.95s]
Best heuristic value: 87/131 [g=1228, 354089 evaluated, 304780 expanded, t=673.06s]
Best heuristic value: 84/131 [g=1233, 354108 evaluated, 304799 expanded, t=673.06s]
Best heuristic value: 80/128 [g=1236, 354120 evaluated, 304811 expanded, t=673.07s]
Best heuristic value: 80/127 [g=1238, 354124 evaluated, 304815 expanded, t=673.07s]
Best heuristic value: 80/126 [g=1241, 354145 evaluated, 304836 expanded, t=673.09s]
Best heuristic value: 80/125 [g=1244, 354163 evaluated, 304854 expanded, t=673.1s]
Best heuristic value: 79/125 [g=1251, 355299 evaluated, 305890 expanded, t=673.82s]
Best heuristic value: 78/125 [g=1265, 355895 evaluated, 306441 expanded, t=674.16s]
Best heuristic value: 78/124 [g=1263, 356129 evaluated, 306657 expanded, t=674.3s]
Best heuristic value: 76/124 [g=1267, 356134 evaluated, 306662 expanded, t=674.3s]
Best heuristic value: 76/122 [g=1267, 356135 evaluated, 306663 expanded, t=674.3s]
Best heuristic value: 74/122 [g=1268, 356143 evaluated, 306671 expanded, t=674.31s]
Best heuristic value: 74/115 [g=1283, 356424 evaluated, 306950 expanded, t=674.47s]
Best heuristic value: 73/115 [g=1292, 357883 evaluated, 308326 expanded, t=675.34s]
Best heuristic value: 69/115 [g=1295, 357890 evaluated, 308333 expanded, t=675.35s]
Best heuristic value: 69/114 [g=1303, 358027 evaluated, 308469 expanded, t=675.44s]
Best heuristic value: 69/113 [g=1305, 358043 evaluated, 308485 expanded, t=675.44s]
Best heuristic value: 69/110 [g=1312, 358127 evaluated, 308568 expanded, t=675.5s]
Best heuristic value: 69/109 [g=1314, 358130 evaluated, 308571 expanded, t=675.5s]
Best heuristic value: 68/109 [g=1316, 358131 evaluated, 308572 expanded, t=675.5s]
Best heuristic value: 68/106 [g=1316, 358136 evaluated, 308577 expanded, t=675.5s]
Best heuristic value: 64/105 [g=1324, 358255 evaluated, 308691 expanded, t=675.56s]
Best heuristic value: 64/103 [g=1328, 358259 evaluated, 308695 expanded, t=675.56s]
Best heuristic value: 62/103 [g=1325, 358261 evaluated, 308697 expanded, t=675.56s]
Best heuristic value: 62/101 [g=1329, 358268 evaluated, 308704 expanded, t=675.57s]
Best heuristic value: 60/101 [g=1330, 358273 evaluated, 308709 expanded, t=675.57s]
Best heuristic value: 57/97 [g=1331, 358279 evaluated, 308715 expanded, t=675.58s]
Best heuristic value: 57/96 [g=1333, 358289 evaluated, 308725 expanded, t=675.58s]
Best heuristic value: 54/96 [g=1352, 358635 evaluated, 309054 expanded, t=675.79s]
Best heuristic value: 54/93 [g=1348, 358833 evaluated, 309216 expanded, t=675.9s]
Best heuristic value: 51/88 [g=1351, 358835 evaluated, 309218 expanded, t=675.9s]
Best heuristic value: 51/86 [g=1355, 358837 evaluated, 309220 expanded, t=675.9s]
Best heuristic value: 48/86 [g=1353, 358846 evaluated, 309229 expanded, t=675.9s]
Best heuristic value: 45/86 [g=1358, 358869 evaluated, 309251 expanded, t=675.92s]
Best heuristic value: 45/85 [g=1360, 359022 evaluated, 309381 expanded, t=676s]
Failed to allocate memory. Released memory buffer.
Memory limit has been reached.
Failed to allocate memory. Released memory buffer.
Memory limit has been reached.
