Dispatcher selected state size 1.
This is a nonunit task.
Simplifying transitions... done!
Initializing Exploration...
Generating landmarks using the RPG/SAS+ approach
approx. reasonable orders
approx. obedient reasonable orders
Removed 0 reasonable or obedient reasonable orders
Landmarks generation time: 0.0379423s
Discovered 148 landmarks, of which 1 are disjunctive and 0 are conjunctive 
628 edges
Initializing LAMA-FF Synergy Object
Initializing landmarks count heuristic...
84 initial landmarks, 4 goal landmarks
Initializing Exploration...
Generating landmarks using the RPG/SAS+ approach
approx. reasonable orders
approx. obedient reasonable orders
Removed 0 reasonable or obedient reasonable orders
Landmarks generation time: 0.0392281s
Discovered 148 landmarks, of which 1 are disjunctive and 0 are conjunctive 
628 edges
Initializing LAMA-FF Synergy Object
Initializing landmarks count heuristic...
84 initial landmarks, 4 goal landmarks
Starting search: lazy_greedy(list(hff1, hlm1), preferred = list(hff1, hlm1), cost_type = 1, reopen_closed = false)
Conducting lazy best first search, (real) bound = 2147483647
Best heuristic value: 64/71 [g=0, 1 evaluated, 0 expanded, t=0.1s]
Best heuristic value: 64/70 [g=1, 2 evaluated, 1 expanded, t=0.1s]
Best heuristic value: 64/69 [g=2, 7 evaluated, 6 expanded, t=0.1s]
Best heuristic value: 63/69 [g=1, 10 evaluated, 9 expanded, t=0.1s]
Best heuristic value: 62/69 [g=5, 195 evaluated, 176 expanded, t=0.13s]
Best heuristic value: 62/68 [g=6, 196 evaluated, 177 expanded, t=0.13s]
Best heuristic value: 61/67 [g=6, 201 evaluated, 182 expanded, t=0.13s]
Best heuristic value: 60/67 [g=11, 1012 evaluated, 909 expanded, t=0.27s]
Best heuristic value: 60/65 [g=13, 1052 evaluated, 949 expanded, t=0.28s]
Best heuristic value: 59/65 [g=21, 4186 evaluated, 3491 expanded, t=0.86s]
Best heuristic value: 58/65 [g=24, 4344 evaluated, 3641 expanded, t=0.88s]
Best heuristic value: 57/65 [g=25, 4356 evaluated, 3653 expanded, t=0.88s]
Best heuristic value: 56/65 [g=30, 5156 evaluated, 4291 expanded, t=1.02s]
Best heuristic value: 55/65 [g=31, 5166 evaluated, 4301 expanded, t=1.02s]
Best heuristic value: 55/63 [g=35, 8089 evaluated, 6652 expanded, t=1.57s]
Best heuristic value: 54/63 [g=39, 8353 evaluated, 6883 expanded, t=1.61s]
Best heuristic value: 53/63 [g=40, 8359 evaluated, 6889 expanded, t=1.61s]
Best heuristic value: 53/62 [g=41, 9472 evaluated, 7773 expanded, t=1.81s]
Best heuristic value: 53/61 [g=42, 9473 evaluated, 7774 expanded, t=1.81s]
Best heuristic value: 51/61 [g=44, 9494 evaluated, 7795 expanded, t=1.82s]
Best heuristic value: 50/61 [g=46, 9555 evaluated, 7856 expanded, t=1.82s]
Best heuristic value: 49/61 [g=47, 9574 evaluated, 7875 expanded, t=1.82s]
Best heuristic value: 48/61 [g=50, 10050 evaluated, 8256 expanded, t=1.91s]
Best heuristic value: 47/61 [g=60, 19187 evaluated, 15534 expanded, t=3.76s]
Best heuristic value: 46/61 [g=61, 19201 evaluated, 15547 expanded, t=3.76s]
Best heuristic value: 46/60 [g=65, 19731 evaluated, 15946 expanded, t=3.86s]
Best heuristic value: 46/59 [g=68, 21244 evaluated, 17193 expanded, t=4.17s]
Best heuristic value: 46/58 [g=68, 21250 evaluated, 17199 expanded, t=4.17s]
Best heuristic value: 45/58 [g=72, 21383 evaluated, 17319 expanded, t=4.19s]
Best heuristic value: 45/57 [g=74, 21575 evaluated, 17492 expanded, t=4.23s]
Best heuristic value: 44/56 [g=75, 21576 evaluated, 17493 expanded, t=4.23s]
Best heuristic value: 43/55 [g=76, 21577 evaluated, 17494 expanded, t=4.23s]
Best heuristic value: 43/53 [g=78, 21591 evaluated, 17508 expanded, t=4.23s]
Best heuristic value: 42/53 [g=80, 21654 evaluated, 17571 expanded, t=4.24s]
Best heuristic value: 41/53 [g=86, 25284 evaluated, 20440 expanded, t=5.01s]
Best heuristic value: 41/51 [g=90, 25502 evaluated, 20639 expanded, t=5.06s]
Best heuristic value: 40/51 [g=94, 25664 evaluated, 20782 expanded, t=5.08s]
Best heuristic value: 39/50 [g=99, 31766 evaluated, 25497 expanded, t=6.33s]
Best heuristic value: 39/49 [g=101, 31779 evaluated, 25510 expanded, t=6.33s]
Best heuristic value: 38/49 [g=110, 36306 evaluated, 29235 expanded, t=7.24s]
Best heuristic value: 37/49 [g=120, 46110 evaluated, 36787 expanded, t=9.25s]
Best heuristic value: 36/49 [g=121, 46114 evaluated, 36791 expanded, t=9.25s]
Best heuristic value: 36/48 [g=125, 46275 evaluated, 36936 expanded, t=9.29s]
Best heuristic value: 36/46 [g=131, 47026 evaluated, 37521 expanded, t=9.43s]
Best heuristic value: 35/46 [g=130, 48329 evaluated, 38519 expanded, t=9.68s]
Best heuristic value: 34/45 [g=131, 48334 evaluated, 38524 expanded, t=9.68s]
Best heuristic value: 34/43 [g=133, 48360 evaluated, 38550 expanded, t=9.69s]
Best heuristic value: 33/43 [g=142, 53858 evaluated, 43015 expanded, t=10.93s]
Best heuristic value: 32/43 [g=143, 53862 evaluated, 43019 expanded, t=10.93s]
Best heuristic value: 30/43 [g=145, 53896 evaluated, 43053 expanded, t=10.94s]
Best heuristic value: 29/42 [g=148, 54058 evaluated, 43210 expanded, t=10.97s]
Best heuristic value: 28/42 [g=149, 54062 evaluated, 43214 expanded, t=10.97s]
Best heuristic value: 28/41 [g=150, 54085 evaluated, 43237 expanded, t=10.98s]
Best heuristic value: 28/40 [g=153, 54427 evaluated, 43554 expanded, t=11.05s]
Best heuristic value: 28/39 [g=153, 54429 evaluated, 43556 expanded, t=11.05s]
Best heuristic value: 28/38 [g=155, 54462 evaluated, 43589 expanded, t=11.06s]
Best heuristic value: 28/37 [g=156, 54468 evaluated, 43595 expanded, t=11.06s]
Best heuristic value: 27/36 [g=160, 54804 evaluated, 43888 expanded, t=11.12s]
Best heuristic value: 26/35 [g=161, 54807 evaluated, 43891 expanded, t=11.12s]
Best heuristic value: 24/35 [g=163, 54836 evaluated, 43920 expanded, t=11.13s]
Best heuristic value: 23/35 [g=174, 57794 evaluated, 46342 expanded, t=11.86s]
Best heuristic value: 22/35 [g=189, 59051 evaluated, 47264 expanded, t=12.15s]
Best heuristic value: 21/35 [g=191, 59708 evaluated, 47682 expanded, t=12.3s]
Best heuristic value: 20/35 [g=195, 59789 evaluated, 47756 expanded, t=12.32s]
Best heuristic value: 19/34 [g=196, 59796 evaluated, 47762 expanded, t=12.33s]
Best heuristic value: 19/33 [g=200, 59875 evaluated, 47839 expanded, t=12.35s]
Best heuristic value: 19/32 [g=200, 59878 evaluated, 47842 expanded, t=12.35s]
Best heuristic value: 19/31 [g=204, 60089 evaluated, 48035 expanded, t=12.41s]
Best heuristic value: 18/31 [g=206, 60105 evaluated, 48050 expanded, t=12.41s]
Best heuristic value: 18/30 [g=214, 60397 evaluated, 48251 expanded, t=12.47s]
Best heuristic value: 17/30 [g=215, 60398 evaluated, 48252 expanded, t=12.47s]
Best heuristic value: 17/29 [g=216, 60445 evaluated, 48299 expanded, t=12.49s]
Best heuristic value: 16/28 [g=218, 60461 evaluated, 48315 expanded, t=12.49s]
Best heuristic value: 15/27 [g=219, 60462 evaluated, 48316 expanded, t=12.49s]
Best heuristic value: 14/27 [g=230, 61741 evaluated, 49303 expanded, t=12.8s]
Best heuristic value: 14/26 [g=230, 61780 evaluated, 49342 expanded, t=12.81s]
Best heuristic value: 14/25 [g=231, 61781 evaluated, 49343 expanded, t=12.81s]
Best heuristic value: 13/24 [g=232, 61782 evaluated, 49344 expanded, t=12.81s]
Best heuristic value: 12/23 [g=233, 61783 evaluated, 49345 expanded, t=12.81s]
Best heuristic value: 11/22 [g=234, 61790 evaluated, 49352 expanded, t=12.81s]
Best heuristic value: 10/22 [g=235, 61795 evaluated, 49357 expanded, t=12.81s]
Best heuristic value: 9/21 [g=236, 61806 evaluated, 49368 expanded, t=12.81s]
Best heuristic value: 9/20 [g=237, 61807 evaluated, 49369 expanded, t=12.81s]
Best heuristic value: 9/18 [g=241, 61884 evaluated, 49444 expanded, t=12.83s]
Best heuristic value: 9/16 [g=243, 61892 evaluated, 49452 expanded, t=12.84s]
Best heuristic value: 8/16 [g=245, 61911 evaluated, 49470 expanded, t=12.84s]
Best heuristic value: 8/15 [g=247, 61962 evaluated, 49515 expanded, t=12.85s]
Best heuristic value: 7/14 [g=248, 61963 evaluated, 49516 expanded, t=12.85s]
Best heuristic value: 6/13 [g=249, 61964 evaluated, 49517 expanded, t=12.85s]
Best heuristic value: 6/12 [g=250, 61965 evaluated, 49518 expanded, t=12.85s]
Best heuristic value: 6/11 [g=251, 61966 evaluated, 49519 expanded, t=12.85s]
Best heuristic value: 5/11 [g=252, 61968 evaluated, 49521 expanded, t=12.85s]
Best heuristic value: 4/10 [g=259, 62036 evaluated, 49578 expanded, t=12.87s]
Best heuristic value: 4/9 [g=260, 62037 evaluated, 49579 expanded, t=12.87s]
Best heuristic value: 4/8 [g=262, 62044 evaluated, 49586 expanded, t=12.87s]
Best heuristic value: 4/7 [g=263, 62045 evaluated, 49587 expanded, t=12.87s]
Best heuristic value: 4/6 [g=265, 62048 evaluated, 49590 expanded, t=12.87s]
Best heuristic value: 4/5 [g=266, 62050 evaluated, 49592 expanded, t=12.87s]
Best heuristic value: 3/5 [g=267, 62052 evaluated, 49594 expanded, t=12.87s]
Best heuristic value: 2/4 [g=269, 62059 evaluated, 49599 expanded, t=12.87s]
Best heuristic value: 2/3 [g=270, 62060 evaluated, 49600 expanded, t=12.87s]
Best heuristic value: 2/2 [g=271, 62061 evaluated, 49601 expanded, t=12.87s]
Best heuristic value: 1/1 [g=272, 62063 evaluated, 49603 expanded, t=12.87s]
Solution found!
Actual search time: 12.78s [t=12.88s]
slide-base-in b-1 carry-in table-in (1)
move-arm a3 tb23 tb13 (2)
move-arm a1 t1 table-in (3)
eject-base b-1 a1 table-in (1)
move-arm a3 tb13 m2 (3)
slide-base-in b-0 carry-in table-in (1)
move-arm-holding a1 table-in tb13 b-1 (3)
set-base b-1 a1 tb13 (1)
move-arm a1 tb13 table-in (3)
eject-base b-0 a1 table-in (1)
move-arm-holding a1 table-in m5 b-0 (3)
set-base b-0 a1 m5 (1)
move-arm a1 m5 tb13 (4)
eject-base b-1 a1 tb13 (1)
move-arm-holding a1 tb13 m3 b-1 (2)
set-base b-1 a1 m3 (1)
move-arm a1 m3 m5 (3)
eject-base b-0 a1 m5 (1)
move-arm-holding a1 m5 tb12 b-0 (4)
set-base b-0 a1 tb12 (1)
move-arm a1 tb12 m3 (2)
eject-base b-1 a1 m3 (1)
move-arm-holding a1 m3 m5 b-1 (3)
set-base b-1 a1 m5 (1)
move-arm a1 m5 tb-for-p1 (2)
move-arm a2 m4 tb12 (3)
eject-base b-0 a2 tb12 (1)
move-arm-holding a2 tb12 m1 b-0 (2)
set-base b-0 a2 m1 (1)
assemble-with-machine b-0 m1 j1 nothing-done (3)
eject-base b-0 a2 m1 (1)
move-arm-holding a2 m1 tb12 b-0 (2)
set-base b-0 a2 tb12 (1)
move-arm a2 tb12 m1 (2)
move-arm a1 tb-for-p1 tb13 (4)
move-arm a1 tb13 tb12 (3)
eject-base b-0 a1 tb12 (1)
move-arm-holding a1 tb12 tb-for-p1 b-0 (4)
set-base b-0 a1 tb-for-p1 (1)
move-arm a1 tb-for-p1 t1 (3)
pickup-component p1 a1 t1 (1)
move-arm-holding a1 t1 tb-for-p1 p1 (3)
assemble-with-arm p1 j2 j1 b-0 a1 tb-for-p1 (3)
eject-base b-0 a1 tb-for-p1 (1)
move-arm-holding a1 tb-for-p1 m3 b-0 (3)
set-base b-0 a1 m3 (1)
move-arm a1 m3 m5 (3)
eject-base b-1 a1 m5 (1)
move-arm-holding a1 m5 tb-for-p1 b-1 (2)
set-base b-1 a1 tb-for-p1 (1)
move-arm a3 m2 m6 (4)
eject-base b-1 a1 tb-for-p1 (1)
move-arm-holding a1 tb-for-p1 tb12 b-1 (4)
set-base b-1 a1 tb12 (1)
move-arm a1 tb12 tb-for-p1 (4)
move-arm a2 m1 tb12 (2)
eject-base b-1 a2 tb12 (1)
move-arm-holding a2 tb12 m1 b-1 (2)
set-base b-1 a2 m1 (1)
move-arm a2 m1 tb-for-p2 (3)
assemble-with-machine b-1 m1 j1 nothing-done (3)
move-arm a2 tb-for-p2 m1 (3)
eject-base b-1 a2 m1 (1)
move-arm-holding a2 m1 tb23 b-1 (3)
move-arm-holding a2 tb23 tb12 b-1 (2)
set-base b-1 a2 tb12 (1)
move-arm a2 tb12 tb-for-p2 (4)
move-arm a1 tb-for-p1 tb13 (4)
move-arm a1 tb13 tb12 (3)
eject-base b-1 a1 tb12 (1)
move-arm-holding a1 tb12 tb-for-p1 b-1 (4)
set-base b-1 a1 tb-for-p1 (1)
move-arm a1 tb-for-p1 t1 (3)
pickup-component p1 a1 t1 (1)
move-arm-holding a1 t1 tb-for-p1 p1 (3)
assemble-with-arm p1 j2 j1 b-1 a1 tb-for-p1 (3)
eject-base b-1 a1 tb-for-p1 (1)
move-arm-holding a1 tb-for-p1 tb13 b-1 (4)
set-base b-1 a1 tb13 (1)
move-arm a1 tb13 tb12 (3)
move-arm a3 m6 tb13 (2)
eject-base b-1 a3 tb13 (1)
move-arm-holding a3 tb13 m2 b-1 (3)
set-base b-1 a3 m2 (1)
assemble-with-machine b-1 m2 j3 j2 (3)
eject-base b-1 a3 m2 (1)
move-arm-holding a3 m2 table-out b-1 (2)
move-arm-holding a3 table-out tb13 b-1 (4)
set-base b-1 a3 tb13 (1)
move-arm a3 tb13 table-out (4)
move-arm a1 tb12 m3 (2)
eject-base b-0 a1 m3 (1)
move-arm-holding a1 m3 m5 b-0 (3)
set-base b-0 a1 m5 (1)
move-arm a1 m5 tb13 (4)
eject-base b-1 a1 tb13 (1)
move-arm-holding a1 tb13 m3 b-1 (2)
set-base b-1 a1 m3 (1)
assemble-with-machine b-1 m3 j4 j3 (2)
eject-base b-1 a1 m3 (1)
move-arm-holding a1 m3 tb13 b-1 (2)
set-base b-1 a1 tb13 (1)
move-arm a1 tb13 m5 (4)
eject-base b-0 a1 m5 (1)
move-arm-holding a1 m5 m3 b-0 (3)
set-base b-0 a1 m3 (1)
move-arm a1 m3 tb13 (2)
eject-base b-1 a1 tb13 (1)
move-arm-holding a1 tb13 m5 b-1 (4)
set-base b-1 a1 m5 (1)
move-arm a1 m5 m3 (3)
eject-base b-0 a1 m3 (1)
move-arm-holding a1 m3 tb13 b-0 (2)
set-base b-0 a1 tb13 (1)
move-arm a1 tb13 tb12 (3)
move-arm a3 table-out tb13 (4)
eject-base b-0 a3 tb13 (1)
move-arm-holding a3 tb13 m2 b-0 (3)
set-base b-0 a3 m2 (1)
move-arm a3 m2 table-out (2)
assemble-with-machine b-0 m2 j3 j2 (3)
move-arm a3 table-out m2 (2)
eject-base b-0 a3 m2 (1)
move-arm-holding a3 m2 tb13 b-0 (3)
set-base b-0 a3 tb13 (1)
move-arm a3 tb13 table-out (4)
move-arm a1 tb12 tb13 (3)
eject-base b-0 a1 tb13 (1)
move-arm-holding a1 tb13 m3 b-0 (2)
set-base b-0 a1 m3 (1)
assemble-with-machine b-0 m3 j4 j3 (2)
eject-base b-0 a1 m3 (1)
move-arm-holding a1 m3 m5 b-0 (3)
move-arm-holding a1 m5 tb12 b-0 (4)
set-base b-0 a1 tb12 (1)
move-arm a1 tb12 m5 (4)
move-arm a2 tb-for-p2 tb12 (4)
eject-base b-0 a2 tb12 (1)
move-arm-holding a2 tb12 tb-for-p2 b-0 (4)
set-base b-0 a2 tb-for-p2 (1)
move-arm a2 tb-for-p2 t2 (2)
pickup-component p2 a2 t2 (1)
move-arm-holding a2 t2 tb-for-p2 p2 (2)
assemble-with-arm p2 j5 j4 b-0 a2 tb-for-p2 (3)
eject-base b-0 a2 tb-for-p2 (1)
move-arm-holding a2 tb-for-p2 m4 b-0 (2)
set-base b-0 a2 m4 (1)
assemble-with-machine b-0 m4 j6 j5 (3)
eject-base b-0 a2 m4 (1)
move-arm-holding a2 m4 tb23 b-0 (2)
set-base b-0 a2 tb23 (1)
move-arm a2 tb23 tb-for-p2 (3)
move-arm a3 table-out tb23 (3)
eject-base b-0 a3 tb23 (1)
move-arm-holding a3 tb23 tb13 b-0 (2)
move-arm-holding a3 tb13 table-out b-0 (4)
move-arm-holding a3 table-out tb-for-p3 b-0 (3)
set-base b-0 a3 tb-for-p3 (1)
move-arm a3 tb-for-p3 t3 (2)
pickup-component p3 a3 t3 (1)
move-arm-holding a3 t3 tb-for-p3 p3 (2)
assemble-with-arm p3 j7 j6 b-0 a3 tb-for-p3 (2)
eject-base b-0 a3 tb-for-p3 (1)
move-arm-holding a3 tb-for-p3 table-out b-0 (3)
eject-base b-1 a1 m5 (1)
move-arm-holding a1 m5 tb13 b-1 (4)
set-base b-1 a1 tb13 (1)
move-arm a1 tb13 m5 (4)
set-base b-0 a3 table-out (1)
move-arm a3 table-out tb13 (4)
eject-base b-1 a3 tb13 (1)
move-arm-holding a3 tb13 table-out b-1 (4)
move-arm-holding a3 table-out tb-for-p3 b-1 (3)
set-base b-1 a3 tb-for-p3 (1)
move-arm a3 tb-for-p3 table-out (3)
eject-base b-0 a3 table-out (1)
move-arm-holding a3 table-out m6 b-0 (4)
set-base b-0 a3 m6 (1)
move-arm a3 m6 tb-for-p3 (2)
eject-base b-1 a3 tb-for-p3 (1)
move-arm-holding a3 tb-for-p3 table-out b-1 (3)
set-base b-1 a3 table-out (1)
move-arm a3 table-out m6 (4)
eject-base b-0 a3 m6 (1)
move-arm-holding a3 m6 tb13 b-0 (2)
set-base b-0 a3 tb13 (1)
move-arm a3 tb13 table-out (4)
eject-base b-1 a3 table-out (1)
move-arm-holding a3 table-out m6 b-1 (4)
set-base b-1 a3 m6 (1)
move-arm a3 m6 tb-for-p3 (2)
move-arm a1 m5 tb13 (4)
eject-base b-0 a1 tb13 (1)
move-arm-holding a1 tb13 m5 b-0 (4)
set-base b-0 a1 m5 (1)
assemble-with-machine b-0 m5 j8 j7 (3)
eject-base b-0 a1 m5 (1)
move-arm-holding a1 m5 tb13 b-0 (4)
set-base b-0 a1 tb13 (1)
move-arm a1 tb13 m5 (4)
move-arm a3 tb-for-p3 tb13 (3)
eject-base b-0 a3 tb13 (1)
move-arm-holding a3 tb13 m6 b-0 (2)
move-arm-holding a3 m6 table-out b-0 (4)
set-base b-0 a3 table-out (1)
move-arm a3 table-out m6 (4)
eject-base b-1 a3 m6 (1)
move-arm-holding a3 m6 tb-for-p3 b-1 (2)
set-base b-1 a3 tb-for-p3 (1)
move-arm a3 tb-for-p3 table-out (3)
eject-base b-0 a3 table-out (1)
move-arm-holding a3 table-out m6 b-0 (4)
set-base b-0 a3 m6 (1)
assemble-with-machine b-0 m6 j9 j8 (3)
eject-base b-0 a3 m6 (1)
move-arm-holding a3 m6 table-out b-0 (4)
set-base b-0 a3 table-out (1)
move-arm a3 table-out tb-for-p3 (3)
slide-base-out b-0 table-out carry-out (1)
eject-base b-1 a3 tb-for-p3 (1)
move-arm-holding a3 tb-for-p3 tb23 b-1 (4)
set-base b-1 a3 tb23 (1)
move-arm a3 tb23 table-out (3)
move-arm a3 table-out tb-for-p3 (3)
move-arm a2 tb-for-p2 tb23 (3)
eject-base b-1 a2 tb23 (1)
move-arm-holding a2 tb23 tb-for-p2 b-1 (3)
set-base b-1 a2 tb-for-p2 (1)
move-arm a2 tb-for-p2 t2 (2)
pickup-component p2 a2 t2 (1)
move-arm-holding a2 t2 tb-for-p2 p2 (2)
assemble-with-arm p2 j5 j4 b-1 a2 tb-for-p2 (3)
eject-base b-1 a2 tb-for-p2 (1)
move-arm-holding a2 tb-for-p2 m4 b-1 (2)
set-base b-1 a2 m4 (1)
assemble-with-machine b-1 m4 j6 j5 (3)
eject-base b-1 a2 m4 (1)
move-arm-holding a2 m4 tb23 b-1 (2)
set-base b-1 a2 tb23 (1)
move-arm a2 tb23 m1 (3)
move-arm a3 tb-for-p3 tb23 (4)
eject-base b-1 a3 tb23 (1)
move-arm-holding a3 tb23 table-out b-1 (3)
move-arm-holding a3 table-out tb-for-p3 b-1 (3)
set-base b-1 a3 tb-for-p3 (1)
move-arm a3 tb-for-p3 t3 (2)
pickup-component p3 a3 t3 (1)
move-arm-holding a3 t3 tb-for-p3 p3 (2)
assemble-with-arm p3 j7 j6 b-1 a3 tb-for-p3 (2)
eject-base b-1 a3 tb-for-p3 (1)
move-arm-holding a3 tb-for-p3 table-out b-1 (3)
move-arm-holding a3 table-out tb13 b-1 (4)
set-base b-1 a3 tb13 (1)
move-arm a3 tb13 table-out (4)
move-arm a1 m5 tb13 (4)
eject-base b-1 a1 tb13 (1)
move-arm-holding a1 tb13 m5 b-1 (4)
set-base b-1 a1 m5 (1)
assemble-with-machine b-1 m5 j8 j7 (3)
eject-base b-1 a1 m5 (1)
move-arm-holding a1 m5 tb13 b-1 (4)
set-base b-1 a1 tb13 (1)
move-arm a1 tb13 m3 (2)
move-arm a3 table-out tb13 (4)
eject-base b-1 a3 tb13 (1)
move-arm-holding a3 tb13 table-out b-1 (4)
move-arm-holding a3 table-out m6 b-1 (4)
set-base b-1 a3 m6 (1)
assemble-with-machine b-1 m6 j9 j8 (3)
eject-base b-1 a3 m6 (1)
move-arm-holding a3 m6 table-out b-1 (4)
set-base b-1 a3 table-out (1)
slide-base-out b-1 table-out carry-out (1)
Plan length: 273 step(s).
Plan cost: 589
Initial state h value: 64/71.
Expanded 49604 state(s).
Reopened 0 state(s).
Evaluated 62064 state(s).
Evaluations: 124128
Generated 861995 state(s).
Dead ends: 12459 state(s).
Best solution cost so far: 589
Solution found - keep searching
Starting search: lazy_greedy(list(hff2, hlm2), preferred = list(hff2, hlm2), reopen_closed = false)
Conducting lazy best first search, (real) bound = 589
Switch from bucket-based to heap-based queue at key = 221, num_pushes = 215
Best heuristic value: 172/204 [g=0, 1 evaluated, 0 expanded, t=12.88s]
Best heuristic value: 171/202 [g=1, 2 evaluated, 1 expanded, t=12.88s]
Best heuristic value: 169/202 [g=4, 3 evaluated, 2 expanded, t=12.88s]
Best heuristic value: 167/202 [g=5, 4 evaluated, 3 expanded, t=12.88s]
Best heuristic value: 167/199 [g=3, 7 evaluated, 6 expanded, t=12.88s]
Best heuristic value: 164/198 [g=8, 10 evaluated, 9 expanded, t=12.88s]
Best heuristic value: 162/194 [g=9, 12 evaluated, 11 expanded, t=12.88s]
Best heuristic value: 161/194 [g=12, 19 evaluated, 18 expanded, t=12.88s]
Best heuristic value: 160/193 [g=13, 21 evaluated, 20 expanded, t=12.88s]
Best heuristic value: 160/191 [g=15, 30 evaluated, 29 expanded, t=12.88s]
Best heuristic value: 160/190 [g=17, 44 evaluated, 43 expanded, t=12.89s]
Best heuristic value: 160/189 [g=20, 65 evaluated, 63 expanded, t=12.89s]
Best heuristic value: 159/189 [g=24, 303 evaluated, 278 expanded, t=12.93s]
Best heuristic value: 156/189 [g=26, 304 evaluated, 279 expanded, t=12.93s]
Best heuristic value: 156/188 [g=28, 305 evaluated, 280 expanded, t=12.93s]
Best heuristic value: 156/187 [g=29, 312 evaluated, 287 expanded, t=12.94s]
Best heuristic value: 156/185 [g=28, 320 evaluated, 295 expanded, t=12.94s]
Best heuristic value: 156/184 [g=33, 376 evaluated, 343 expanded, t=12.95s]
Best heuristic value: 155/184 [g=46, 1749 evaluated, 1412 expanded, t=13.21s]
Best heuristic value: 152/184 [g=49, 1750 evaluated, 1413 expanded, t=13.21s]
Best heuristic value: 149/184 [g=53, 1933 evaluated, 1573 expanded, t=13.24s]
Best heuristic value: 146/184 [g=55, 1946 evaluated, 1586 expanded, t=13.24s]
Best heuristic value: 144/184 [g=67, 2274 evaluated, 1862 expanded, t=13.31s]
Best heuristic value: 141/184 [g=74, 3025 evaluated, 2417 expanded, t=13.45s]
Best heuristic value: 139/184 [g=75, 3030 evaluated, 2422 expanded, t=13.45s]
Best heuristic value: 139/183 [g=84, 5321 evaluated, 4195 expanded, t=13.9s]
Best heuristic value: 139/179 [g=86, 5323 evaluated, 4197 expanded, t=13.9s]
Best heuristic value: 139/178 [g=88, 5339 evaluated, 4213 expanded, t=13.9s]
Best heuristic value: 136/178 [g=98, 5540 evaluated, 4364 expanded, t=13.94s]
Best heuristic value: 136/177 [g=102, 5693 evaluated, 4501 expanded, t=13.97s]
Best heuristic value: 133/176 [g=105, 5694 evaluated, 4502 expanded, t=13.97s]
Best heuristic value: 131/176 [g=108, 5695 evaluated, 4503 expanded, t=13.97s]
Best heuristic value: 131/173 [g=108, 5709 evaluated, 4517 expanded, t=13.97s]
Best heuristic value: 131/172 [g=112, 5757 evaluated, 4560 expanded, t=13.98s]
Best heuristic value: 129/172 [g=116, 5802 evaluated, 4601 expanded, t=13.99s]
Best heuristic value: 126/172 [g=133, 14577 evaluated, 11505 expanded, t=15.85s]
Best heuristic value: 124/172 [g=134, 14582 evaluated, 11510 expanded, t=15.85s]
Best heuristic value: 124/167 [g=146, 14949 evaluated, 11831 expanded, t=15.93s]
Best heuristic value: 124/166 [g=148, 14965 evaluated, 11845 expanded, t=15.93s]
Best heuristic value: 123/163 [g=156, 15428 evaluated, 12237 expanded, t=16.03s]
Best heuristic value: 120/163 [g=159, 15442 evaluated, 12250 expanded, t=16.03s]
Best heuristic value: 118/163 [g=168, 15893 evaluated, 12632 expanded, t=16.12s]
Best heuristic value: 118/162 [g=171, 15909 evaluated, 12646 expanded, t=16.13s]
Best heuristic value: 118/161 [g=162, 16135 evaluated, 12812 expanded, t=16.17s]
Best heuristic value: 115/161 [g=180, 26005 evaluated, 20679 expanded, t=18.35s]
Best heuristic value: 112/161 [g=183, 26010 evaluated, 20684 expanded, t=18.35s]
Best heuristic value: 110/161 [g=184, 26015 evaluated, 20689 expanded, t=18.35s]
Best heuristic value: 106/161 [g=190, 26152 evaluated, 20819 expanded, t=18.38s]
Best heuristic value: 104/161 [g=194, 26173 evaluated, 20840 expanded, t=18.38s]
Best heuristic value: 104/159 [g=204, 26451 evaluated, 21111 expanded, t=18.44s]
Best heuristic value: 104/154 [g=210, 26586 evaluated, 21243 expanded, t=18.47s]
Best heuristic value: 104/153 [g=214, 26598 evaluated, 21255 expanded, t=18.47s]
Best heuristic value: 104/152 [g=216, 26615 evaluated, 21272 expanded, t=18.48s]
Best heuristic value: 104/147 [g=221, 26686 evaluated, 21337 expanded, t=18.49s]
Best heuristic value: 104/146 [g=223, 26690 evaluated, 21341 expanded, t=18.49s]
Best heuristic value: 104/145 [g=225, 26697 evaluated, 21348 expanded, t=18.49s]
Best heuristic value: 104/143 [g=229, 26761 evaluated, 21409 expanded, t=18.51s]
Best heuristic value: 104/140 [g=231, 26766 evaluated, 21414 expanded, t=18.51s]
Best heuristic value: 102/140 [g=233, 26770 evaluated, 21418 expanded, t=18.51s]
Best heuristic value: 100/140 [g=234, 26779 evaluated, 21427 expanded, t=18.51s]
Best heuristic value: 97/140 [g=236, 26796 evaluated, 21443 expanded, t=18.52s]
Best heuristic value: 94/140 [g=239, 26809 evaluated, 21456 expanded, t=18.52s]
Best heuristic value: 92/140 [g=264, 28916 evaluated, 23149 expanded, t=19.06s]
Best heuristic value: 89/140 [g=298, 33337 evaluated, 26729 expanded, t=20.21s]
Best heuristic value: 87/140 [g=322, 35815 evaluated, 28797 expanded, t=20.8s]
Best heuristic value: 84/140 [g=351, 36455 evaluated, 29399 expanded, t=20.98s]
Best heuristic value: 81/139 [g=357, 36742 evaluated, 29678 expanded, t=21.05s]
Best heuristic value: 78/139 [g=359, 36752 evaluated, 29688 expanded, t=21.06s]
Best heuristic value: 78/138 [g=359, 36754 evaluated, 29690 expanded, t=21.06s]
Best heuristic value: 76/138 [g=368, 36987 evaluated, 29914 expanded, t=21.12s]
Best heuristic value: 76/137 [g=371, 37004 evaluated, 29931 expanded, t=21.12s]
Best heuristic value: 74/137 [g=384, 37139 evaluated, 30065 expanded, t=21.16s]
Best heuristic value: 74/136 [g=395, 38687 evaluated, 31476 expanded, t=21.57s]
Best heuristic value: 74/134 [g=398, 38691 evaluated, 31480 expanded, t=21.57s]
Best heuristic value: 74/132 [g=402, 38716 evaluated, 31505 expanded, t=21.58s]
Best heuristic value: 74/128 [g=408, 38815 evaluated, 31603 expanded, t=21.61s]
Best heuristic value: 73/128 [g=410, 38816 evaluated, 31604 expanded, t=21.61s]
Best heuristic value: 70/128 [g=413, 38831 evaluated, 31619 expanded, t=21.61s]
Best heuristic value: 70/126 [g=413, 38895 evaluated, 31683 expanded, t=21.63s]
Best heuristic value: 70/124 [g=417, 38919 evaluated, 31707 expanded, t=21.64s]
Best heuristic value: 69/122 [g=418, 38920 evaluated, 31708 expanded, t=21.64s]
Best heuristic value: 66/122 [g=421, 38930 evaluated, 31718 expanded, t=21.64s]
Best heuristic value: 66/121 [g=426, 39203 evaluated, 31973 expanded, t=21.71s]
Best heuristic value: 66/120 [g=428, 39219 evaluated, 31989 expanded, t=21.71s]
Best heuristic value: 62/120 [g=444, 40177 evaluated, 32808 expanded, t=21.94s]
Best heuristic value: 60/120 [g=445, 40178 evaluated, 32809 expanded, t=21.94s]
Best heuristic value: 60/115 [g=448, 40179 evaluated, 32810 expanded, t=21.94s]
Best heuristic value: 59/114 [g=450, 40182 evaluated, 32813 expanded, t=21.94s]
Best heuristic value: 59/113 [g=453, 40184 evaluated, 32815 expanded, t=21.94s]
Best heuristic value: 59/112 [g=453, 40192 evaluated, 32823 expanded, t=21.95s]
Best heuristic value: 59/111 [g=456, 40197 evaluated, 32828 expanded, t=21.95s]
Best heuristic value: 57/111 [g=452, 40198 evaluated, 32829 expanded, t=21.95s]
Best heuristic value: 56/111 [g=453, 40281 evaluated, 32909 expanded, t=21.97s]
Best heuristic value: 56/110 [g=487, 42153 evaluated, 34467 expanded, t=22.46s]
Best heuristic value: 55/109 [g=490, 42154 evaluated, 34468 expanded, t=22.46s]
Best heuristic value: 51/105 [g=493, 42155 evaluated, 34469 expanded, t=22.46s]
Best heuristic value: 51/103 [g=494, 42156 evaluated, 34470 expanded, t=22.46s]
Best heuristic value: 51/98 [g=498, 42157 evaluated, 34471 expanded, t=22.46s]
Best heuristic value: 51/96 [g=500, 42161 evaluated, 34475 expanded, t=22.46s]
Best heuristic value: 49/96 [g=501, 42174 evaluated, 34488 expanded, t=22.46s]
Best heuristic value: 48/93 [g=512, 42795 evaluated, 35060 expanded, t=22.63s]
Best heuristic value: 45/93 [g=516, 42806 evaluated, 35071 expanded, t=22.63s]
Best heuristic value: 45/88 [g=515, 42808 evaluated, 35073 expanded, t=22.64s]
Best heuristic value: 45/86 [g=519, 42810 evaluated, 35075 expanded, t=22.64s]
Best heuristic value: 43/86 [g=522, 42844 evaluated, 35109 expanded, t=22.64s]
Best heuristic value: 43/85 [g=526, 43056 evaluated, 35305 expanded, t=22.7s]
Best heuristic value: 40/82 [g=534, 43111 evaluated, 35358 expanded, t=22.71s]
Best heuristic value: 40/80 [g=535, 43112 evaluated, 35359 expanded, t=22.71s]
Best heuristic value: 38/80 [g=539, 43136 evaluated, 35383 expanded, t=22.72s]
Best heuristic value: 38/79 [g=542, 43256 evaluated, 35498 expanded, t=22.75s]
Best heuristic value: 37/79 [g=559, 44032 evaluated, 36115 expanded, t=22.96s]
Best heuristic value: 36/75 [g=560, 44264 evaluated, 36328 expanded, t=23.03s]
Best heuristic value: 32/71 [g=563, 44265 evaluated, 36329 expanded, t=23.03s]
Best heuristic value: 30/69 [g=564, 44266 evaluated, 36330 expanded, t=23.03s]
Best heuristic value: 30/63 [g=567, 44267 evaluated, 36331 expanded, t=23.03s]
Best heuristic value: 29/63 [g=569, 44270 evaluated, 36334 expanded, t=23.03s]
Best heuristic value: 27/63 [g=570, 44281 evaluated, 36345 expanded, t=23.03s]
Best heuristic value: 23/60 [g=573, 44294 evaluated, 36358 expanded, t=23.03s]
Best heuristic value: 23/58 [g=574, 44295 evaluated, 36359 expanded, t=23.03s]
Best heuristic value: 23/57 [g=576, 44296 evaluated, 36360 expanded, t=23.03s]
Best heuristic value: 23/55 [g=583, 44333 evaluated, 36396 expanded, t=23.04s]
Best heuristic value: 23/49 [g=587, 44342 evaluated, 36405 expanded, t=23.05s]
Best heuristic value: 23/47 [g=587, 44346 evaluated, 36409 expanded, t=23.05s]
Best heuristic value: 23/46 [g=588, 44352 evaluated, 36415 expanded, t=23.05s]
/home/asai/repos/downward/src/search/downward: 196 行:  2527 強制終了            "$PLANNER" --heuristic "hlm1,hff1=lm_ff_syn(lm_rhw(
                    reasonable_orders=true,lm_cost_type=1,cost_type=1))" --heuristic "hlm2,hff2=lm_ff_syn(lm_rhw(
                    reasonable_orders=true,lm_cost_type=2,cost_type=2))" --search "iterated([
                    lazy_greedy([hff1,hlm1],preferred=[hff1,hlm1],
                                cost_type=1,reopen_closed=false),
                    lazy_greedy([hff2,hlm2],preferred=[hff2,hlm2],
                                reopen_closed=false),
                    lazy_wastar([hff2,hlm2],preferred=[hff2,hlm2],w=5),
                    lazy_wastar([hff2,hlm2],preferred=[hff2,hlm2],w=3),
                    lazy_wastar([hff2,hlm2],preferred=[hff2,hlm2],w=2),
                    lazy_wastar([hff2,hlm2],preferred=[hff2,hlm2],w=1)],
                    repeat_last=true,continue_on_fail=true)" "$@" < $TEMPFILE
