Parsing... [0.010s CPU, 0.011s wall-clock]
Normalizing task... [0.000s CPU, 0.001s wall-clock]
Instantiating...
Generating Datalog program... [0.000s CPU, 0.002s wall-clock]
Normalizing Datalog program...
Normalizing Datalog program: [0.010s CPU, 0.008s wall-clock]
Preparing model... [0.000s CPU, 0.005s wall-clock]
Generated 68 rules.
Computing model... [0.230s CPU, 0.235s wall-clock]
3911 relevant atoms
8254 auxiliary atoms
12165 final queue length
17840 total queue pushes
Completing instantiation... [0.800s CPU, 0.802s wall-clock]
Instantiating: [1.050s CPU, 1.061s wall-clock]
Computing fact groups...
Finding invariants...
15 initial candidates
Finding invariants: [0.010s CPU, 0.007s wall-clock]
Checking invariant weight... [0.000s CPU, 0.000s wall-clock]
Instantiating groups... [0.000s CPU, 0.000s wall-clock]
Collecting mutex groups... [0.000s CPU, 0.000s wall-clock]
Choosing groups...
470 uncovered facts
Choosing groups: [0.000s CPU, 0.002s wall-clock]
Building translation key... [0.000s CPU, 0.003s wall-clock]
Computing fact groups: [0.020s CPU, 0.021s wall-clock]
Building STRIPS to SAS dictionary... [0.010s CPU, 0.001s wall-clock]
Building dictionary for full mutex groups... [0.000s CPU, 0.001s wall-clock]
Building mutex information...
Building mutex information: [0.000s CPU, 0.001s wall-clock]
Translating task...
Processing axioms...
Simplifying axioms... [0.000s CPU, 0.000s wall-clock]
Processing axioms: [0.020s CPU, 0.023s wall-clock]
Translating task: [0.330s CPU, 0.333s wall-clock]
360 implied effects removed
2340 effect conditions simplified
0 implied preconditions added
Detecting unreachable propositions...
0 operators removed
41 propositions removed
Detecting unreachable propositions: [0.060s CPU, 0.059s wall-clock]
Translator variables: 454
Translator derived variables: 0
Translator facts: 956
Translator mutex groups: 3
Translator total mutex groups size: 54
Translator operators: 3135
Translator task size: 24508
Translator peak memory: 63436 KB
Writing output... [0.050s CPU, 0.055s wall-clock]
Done! [1.560s CPU, 1.570s wall-clock]
