Parsing... [0.010s CPU, 0.005s wall-clock]
Normalizing task... [0.000s CPU, 0.000s wall-clock]
Instantiating...
Generating Datalog program... [0.000s CPU, 0.001s wall-clock]
Normalizing Datalog program...
Normalizing Datalog program: [0.010s CPU, 0.008s wall-clock]
Preparing model... [0.000s CPU, 0.003s wall-clock]
Generated 90 rules.
Computing model... [0.010s CPU, 0.009s wall-clock]
173 relevant atoms
269 auxiliary atoms
442 final queue length
546 total queue pushes
Completing instantiation... [0.010s CPU, 0.004s wall-clock]
Instantiating: [0.030s CPU, 0.026s wall-clock]
Computing fact groups...
Finding invariants...
35 initial candidates
Finding invariants: [0.000s CPU, 0.007s wall-clock]
Checking invariant weight... [0.000s CPU, 0.000s wall-clock]
Instantiating groups... [0.000s CPU, 0.000s wall-clock]
Collecting mutex groups... [0.000s CPU, 0.000s wall-clock]
Choosing groups...
17 uncovered facts
Choosing groups: [0.000s CPU, 0.000s wall-clock]
Building translation key... [0.000s CPU, 0.000s wall-clock]
Computing fact groups: [0.000s CPU, 0.009s wall-clock]
Building STRIPS to SAS dictionary... [0.000s CPU, 0.000s wall-clock]
Building dictionary for full mutex groups... [0.000s CPU, 0.000s wall-clock]
Building mutex information...
Building mutex information: [0.000s CPU, 0.000s wall-clock]
Translating task...
Processing axioms...
Simplifying axioms... [0.000s CPU, 0.000s wall-clock]
Processing axioms: [0.000s CPU, 0.000s wall-clock]
Translating task: [0.010s CPU, 0.004s wall-clock]
60 implied effects removed
0 effect conditions simplified
0 implied preconditions added
Detecting unreachable propositions...
0 operators removed
12 propositions removed
Detecting unreachable propositions: [0.000s CPU, 0.001s wall-clock]
Translator variables: 23
Translator derived variables: 0
Translator facts: 48
Translator mutex groups: 9
Translator total mutex groups size: 20
Translator operators: 63
Translator task size: 363
Translator peak memory: 42064 KB
Writing output... [0.000s CPU, 0.060s wall-clock]
Done! [0.050s CPU, 0.106s wall-clock]
