Dispatcher selected state size 1.
This is a unit task.
Simplifying transitions... done!
Initializing Exploration...
Generating landmarks using the RPG/SAS+ approach
approx. reasonable orders
approx. obedient reasonable orders
Removed 0 reasonable or obedient reasonable orders
Landmarks generation time: 0.00671782s
Discovered 53 landmarks, of which 2 are disjunctive and 0 are conjunctive 
93 edges
Initializing LAMA-FF Synergy Object
Initializing landmarks count heuristic...
26 initial landmarks, 10 goal landmarks
Starting search: lazy_greedy(list(hff, hlm), preferred = list(hff, hlm))
Conducting lazy best first search, (real) bound = 2147483647
Best heuristic value: 27/28 [g=0, 1 evaluated, 0 expanded, t=0.01s]
Best heuristic value: 26/27 [g=1, 2 evaluated, 1 expanded, t=0.01s]
Best heuristic value: 25/25 [g=2, 6 evaluated, 5 expanded, t=0.01s]
Best heuristic value: 24/24 [g=4, 28 evaluated, 27 expanded, t=0.02s]
Best heuristic value: 23/23 [g=6, 56 evaluated, 55 expanded, t=0.02s]
Best heuristic value: 22/22 [g=8, 82 evaluated, 81 expanded, t=0.02s]
Best heuristic value: 21/21 [g=9, 87 evaluated, 86 expanded, t=0.02s]
Best heuristic value: 20/20 [g=11, 119 evaluated, 118 expanded, t=0.02s]
Best heuristic value: 19/19 [g=13, 148 evaluated, 147 expanded, t=0.02s]
Best heuristic value: 18/18 [g=16, 178 evaluated, 177 expanded, t=0.02s]
Best heuristic value: 17/17 [g=17, 180 evaluated, 179 expanded, t=0.02s]
Best heuristic value: 16/16 [g=18, 182 evaluated, 181 expanded, t=0.02s]
Best heuristic value: 15/15 [g=19, 184 evaluated, 183 expanded, t=0.02s]
Best heuristic value: 14/14 [g=22, 215 evaluated, 214 expanded, t=0.03s]
Best heuristic value: 13/14 [g=23, 223 evaluated, 222 expanded, t=0.03s]
Best heuristic value: 13/13 [g=24, 227 evaluated, 226 expanded, t=0.03s]
Best heuristic value: 12/13 [g=25, 240 evaluated, 239 expanded, t=0.03s]
Best heuristic value: 11/12 [g=27, 262 evaluated, 261 expanded, t=0.03s]
Best heuristic value: 11/11 [g=28, 270 evaluated, 269 expanded, t=0.03s]
Best heuristic value: 10/10 [g=29, 278 evaluated, 277 expanded, t=0.03s]
Best heuristic value: 9/9 [g=30, 286 evaluated, 285 expanded, t=0.03s]
Best heuristic value: 8/8 [g=31, 294 evaluated, 293 expanded, t=0.03s]
Best heuristic value: 7/7 [g=33, 303 evaluated, 302 expanded, t=0.03s]
Best heuristic value: 6/6 [g=35, 311 evaluated, 310 expanded, t=0.03s]
Best heuristic value: 5/5 [g=37, 318 evaluated, 317 expanded, t=0.03s]
Best heuristic value: 4/4 [g=39, 324 evaluated, 323 expanded, t=0.03s]
Best heuristic value: 3/3 [g=41, 329 evaluated, 328 expanded, t=0.03s]
Best heuristic value: 2/2 [g=43, 333 evaluated, 332 expanded, t=0.04s]
Best heuristic value: 1/1 [g=45, 336 evaluated, 335 expanded, t=0.04s]
Solution found!
Actual search time: 0.03s [t=0.04s]
navigate rover0 waypoint1 waypoint0 (1)
calibrate rover0 camera1 objective1 waypoint0 (1)
sample_rock rover0 rover0store waypoint0 (1)
drop rover0 rover0store (1)
take_image rover0 waypoint0 objective0 camera1 colour (1)
calibrate rover0 camera1 objective1 waypoint0 (1)
take_image rover0 waypoint0 objective1 camera1 low_res (1)
calibrate rover0 camera1 objective1 waypoint0 (1)
take_image rover0 waypoint0 objective0 camera1 low_res (1)
sample_soil rover1 rover1store waypoint4 (1)
drop rover1 rover1store (1)
communicate_soil_data rover1 general waypoint4 waypoint4 waypoint3 (1)
end_communication rover1 general colour waypoint4 waypoint3 (1)
navigate rover0 waypoint0 waypoint3 (1)
sample_rock rover0 rover0store waypoint3 (1)
navigate rover0 waypoint3 waypoint0 (1)
drop rover0 rover0store (1)
navigate rover0 waypoint0 waypoint2 (1)
sample_rock rover0 rover0store waypoint2 (1)
navigate rover1 waypoint4 waypoint5 (1)
sample_soil rover1 rover1store waypoint5 (1)
drop rover1 rover1store (1)
communicate_soil_data rover1 general waypoint5 waypoint5 waypoint3 (1)
end_communication rover1 general colour waypoint5 waypoint3 (1)
navigate rover1 waypoint5 waypoint2 (1)
sample_soil rover1 rover1store waypoint2 (1)
drop rover1 rover1store (1)
navigate rover1 waypoint2 waypoint5 (1)
navigate rover1 waypoint5 waypoint4 (1)
navigate rover1 waypoint4 waypoint1 (1)
sample_soil rover1 rover1store waypoint1 (1)
communicate_soil_data rover1 general waypoint2 waypoint1 waypoint3 (1)
end_communication rover1 general colour waypoint1 waypoint3 (1)
communicate_soil_data rover1 general waypoint1 waypoint1 waypoint3 (1)
end_communication rover1 general colour waypoint1 waypoint3 (1)
communicate_rock_data rover0 general waypoint3 waypoint2 waypoint3 (1)
end_communication rover0 general colour waypoint2 waypoint3 (1)
communicate_rock_data rover0 general waypoint2 waypoint2 waypoint3 (1)
end_communication rover0 general colour waypoint2 waypoint3 (1)
communicate_rock_data rover0 general waypoint0 waypoint2 waypoint3 (1)
end_communication rover0 general colour waypoint2 waypoint3 (1)
communicate_image_data rover0 general objective1 low_res waypoint2 waypoint3 (1)
end_communication rover0 general colour waypoint2 waypoint3 (1)
communicate_image_data rover0 general objective0 low_res waypoint2 waypoint3 (1)
end_communication rover0 general colour waypoint2 waypoint3 (1)
communicate_image_data rover0 general objective0 colour waypoint2 waypoint3 (1)
Plan length: 46 step(s).
Plan cost: 46
Initial state h value: 27/28.
Expanded 336 state(s).
Reopened 0 state(s).
Evaluated 337 state(s).
Evaluations: 674
Generated 4839 state(s).
Dead ends: 0 state(s).
Best solution cost so far: 46
Solution found - keep searching
Starting search: lazy_wastar(list(hff, hlm), preferred = list(hff, hlm), w = 5)
Conducting lazy best first search, (real) bound = 46
Best heuristic value: 27/28 [g=0, 1 evaluated, 0 expanded, t=0.04s]
Best heuristic value: 26/27 [g=1, 2 evaluated, 1 expanded, t=0.04s]
Best heuristic value: 25/25 [g=2, 6 evaluated, 5 expanded, t=0.04s]
Best heuristic value: 24/24 [g=4, 28 evaluated, 27 expanded, t=0.04s]
Best heuristic value: 23/23 [g=6, 56 evaluated, 55 expanded, t=0.04s]
Best heuristic value: 22/22 [g=8, 82 evaluated, 81 expanded, t=0.04s]
Best heuristic value: 21/21 [g=9, 87 evaluated, 86 expanded, t=0.04s]
Best heuristic value: 20/20 [g=11, 119 evaluated, 118 expanded, t=0.04s]
Best heuristic value: 19/19 [g=13, 148 evaluated, 147 expanded, t=0.04s]
Best heuristic value: 18/18 [g=16, 178 evaluated, 177 expanded, t=0.04s]
Best heuristic value: 17/17 [g=17, 180 evaluated, 179 expanded, t=0.04s]
Best heuristic value: 16/16 [g=18, 182 evaluated, 181 expanded, t=0.04s]
Best heuristic value: 15/15 [g=19, 184 evaluated, 183 expanded, t=0.04s]
Best heuristic value: 14/14 [g=22, 215 evaluated, 214 expanded, t=0.05s]
Best heuristic value: 13/14 [g=23, 223 evaluated, 222 expanded, t=0.05s]
Best heuristic value: 13/13 [g=24, 227 evaluated, 226 expanded, t=0.05s]
Best heuristic value: 12/13 [g=25, 240 evaluated, 239 expanded, t=0.05s]
Best heuristic value: 11/12 [g=27, 262 evaluated, 261 expanded, t=0.05s]
Best heuristic value: 11/11 [g=28, 270 evaluated, 269 expanded, t=0.05s]
Best heuristic value: 10/10 [g=29, 278 evaluated, 277 expanded, t=0.05s]
Best heuristic value: 9/9 [g=30, 286 evaluated, 285 expanded, t=0.05s]
Best heuristic value: 8/8 [g=31, 294 evaluated, 293 expanded, t=0.05s]
Best heuristic value: 7/7 [g=33, 303 evaluated, 302 expanded, t=0.05s]
Best heuristic value: 6/6 [g=35, 311 evaluated, 310 expanded, t=0.05s]
Best heuristic value: 5/5 [g=37, 318 evaluated, 317 expanded, t=0.06s]
Best heuristic value: 4/4 [g=39, 324 evaluated, 323 expanded, t=0.06s]
Best heuristic value: 3/3 [g=41, 329 evaluated, 328 expanded, t=0.06s]
Best heuristic value: 2/2 [g=43, 333 evaluated, 332 expanded, t=0.06s]
Best heuristic value: 1/1 [g=45, 336 evaluated, 335 expanded, t=0.06s]
Solution found!
Actual search time: 9.55s [t=9.59s]
navigate rover0 waypoint1 waypoint0 (1)
calibrate rover0 camera1 objective1 waypoint0 (1)
sample_rock rover0 rover0store waypoint0 (1)
drop rover0 rover0store (1)
take_image rover0 waypoint0 objective0 camera1 colour (1)
calibrate rover0 camera1 objective1 waypoint0 (1)
take_image rover0 waypoint0 objective1 camera1 low_res (1)
calibrate rover0 camera1 objective1 waypoint0 (1)
take_image rover0 waypoint0 objective0 camera1 low_res (1)
sample_soil rover1 rover1store waypoint4 (1)
drop rover1 rover1store (1)
communicate_soil_data rover1 general waypoint4 waypoint4 waypoint3 (1)
end_communication rover1 general colour waypoint4 waypoint3 (1)
navigate rover0 waypoint0 waypoint3 (1)
sample_rock rover0 rover0store waypoint3 (1)
navigate rover0 waypoint3 waypoint0 (1)
drop rover0 rover0store (1)
navigate rover0 waypoint0 waypoint2 (1)
sample_rock rover0 rover0store waypoint2 (1)
navigate rover1 waypoint4 waypoint1 (1)
sample_soil rover1 rover1store waypoint1 (1)
drop rover1 rover1store (1)
navigate rover1 waypoint1 waypoint4 (1)
navigate rover1 waypoint4 waypoint5 (1)
sample_soil rover1 rover1store waypoint5 (1)
drop rover1 rover1store (1)
navigate rover1 waypoint5 waypoint2 (1)
sample_soil rover1 rover1store waypoint2 (1)
communicate_soil_data rover1 general waypoint5 waypoint2 waypoint3 (1)
end_communication rover1 general colour waypoint2 waypoint3 (1)
communicate_rock_data rover0 general waypoint3 waypoint2 waypoint3 (1)
end_communication rover0 general colour waypoint2 waypoint3 (1)
communicate_soil_data rover1 general waypoint2 waypoint2 waypoint3 (1)
end_communication rover1 general colour waypoint2 waypoint3 (1)
communicate_soil_data rover1 general waypoint1 waypoint2 waypoint3 (1)
end_communication rover1 general colour waypoint2 waypoint3 (1)
communicate_rock_data rover0 general waypoint2 waypoint2 waypoint3 (1)
end_communication rover0 general colour waypoint2 waypoint3 (1)
communicate_rock_data rover0 general waypoint0 waypoint2 waypoint3 (1)
end_communication rover0 general colour waypoint2 waypoint3 (1)
communicate_image_data rover0 general objective1 low_res waypoint2 waypoint3 (1)
end_communication rover0 general colour waypoint2 waypoint3 (1)
communicate_image_data rover0 general objective0 low_res waypoint2 waypoint3 (1)
end_communication rover0 general colour waypoint2 waypoint3 (1)
communicate_image_data rover0 general objective0 colour waypoint2 waypoint3 (1)
Plan length: 45 step(s).
Plan cost: 45
Initial state h value: 27/28.
Expanded 74570 state(s).
Reopened 4662 state(s).
Evaluated 74571 state(s).
Evaluations: 149142
Generated 1228816 state(s).
Dead ends: 0 state(s).
Best solution cost so far: 45
Solution found - keep searching
Starting search: lazy_wastar(list(hff, hlm), preferred = list(hff, hlm), w = 3)
Conducting lazy best first search, (real) bound = 45
Best heuristic value: 27/28 [g=0, 1 evaluated, 0 expanded, t=9.59s]
Best heuristic value: 26/27 [g=1, 2 evaluated, 1 expanded, t=9.59s]
Best heuristic value: 25/25 [g=2, 6 evaluated, 5 expanded, t=9.6s]
Best heuristic value: 24/24 [g=4, 28 evaluated, 27 expanded, t=9.6s]
Best heuristic value: 23/23 [g=6, 56 evaluated, 55 expanded, t=9.6s]
Best heuristic value: 22/22 [g=8, 82 evaluated, 81 expanded, t=9.6s]
Best heuristic value: 21/21 [g=9, 87 evaluated, 86 expanded, t=9.6s]
Best heuristic value: 20/20 [g=11, 119 evaluated, 118 expanded, t=9.6s]
Best heuristic value: 19/19 [g=13, 148 evaluated, 147 expanded, t=9.6s]
Best heuristic value: 18/18 [g=16, 184 evaluated, 183 expanded, t=9.61s]
Best heuristic value: 17/17 [g=17, 186 evaluated, 185 expanded, t=9.61s]
Best heuristic value: 16/16 [g=18, 188 evaluated, 187 expanded, t=9.61s]
Best heuristic value: 15/15 [g=19, 190 evaluated, 189 expanded, t=9.61s]
Best heuristic value: 14/14 [g=22, 227 evaluated, 226 expanded, t=9.61s]
Best heuristic value: 13/14 [g=23, 235 evaluated, 234 expanded, t=9.61s]
Best heuristic value: 13/13 [g=24, 239 evaluated, 238 expanded, t=9.61s]
Best heuristic value: 12/13 [g=25, 252 evaluated, 251 expanded, t=9.61s]
Best heuristic value: 11/12 [g=27, 274 evaluated, 273 expanded, t=9.61s]
Best heuristic value: 11/11 [g=28, 282 evaluated, 281 expanded, t=9.62s]
Best heuristic value: 10/10 [g=29, 290 evaluated, 289 expanded, t=9.62s]
Best heuristic value: 9/9 [g=30, 298 evaluated, 297 expanded, t=9.62s]
Best heuristic value: 8/8 [g=31, 306 evaluated, 305 expanded, t=9.62s]
Best heuristic value: 7/7 [g=33, 315 evaluated, 314 expanded, t=9.62s]
Best heuristic value: 6/6 [g=35, 323 evaluated, 322 expanded, t=9.62s]
Best heuristic value: 5/5 [g=37, 330 evaluated, 329 expanded, t=9.62s]
Best heuristic value: 4/4 [g=39, 343 evaluated, 342 expanded, t=9.62s]
Best heuristic value: 3/3 [g=41, 348 evaluated, 347 expanded, t=9.62s]
Best heuristic value: 2/2 [g=43, 352 evaluated, 351 expanded, t=9.62s]
Best heuristic value: 1/1 [g=44, 58734 evaluated, 58733 expanded, 820 reopened, t=18.89s]
Failed to allocate memory. Released memory buffer.
Memory limit has been reached.
Failed to allocate memory. Released memory buffer.
Memory limit has been reached.
