Parsing... [0.020s CPU, 0.033s wall-clock]
Normalizing task... [0.000s CPU, 0.011s wall-clock]
Instantiating...
Generating Datalog program... [0.000s CPU, 0.009s wall-clock]
Normalizing Datalog program...
Normalizing Datalog program: [0.020s CPU, 0.023s wall-clock]
Preparing model... [0.030s CPU, 0.050s wall-clock]
Generated 94 rules.
Computing model... [0.120s CPU, 0.124s wall-clock]
386 relevant atoms
1131 auxiliary atoms
1517 final queue length
1686 total queue pushes
Completing instantiation... [0.020s CPU, 0.022s wall-clock]
Instantiating: [0.200s CPU, 0.233s wall-clock]
Computing fact groups...
Finding invariants...
35 initial candidates
Finding invariants: [0.050s CPU, 0.052s wall-clock]
Checking invariant weight... [0.000s CPU, 0.001s wall-clock]
Instantiating groups... [0.000s CPU, 0.001s wall-clock]
Collecting mutex groups... [0.000s CPU, 0.000s wall-clock]
Choosing groups...
22 uncovered facts
Choosing groups: [0.000s CPU, 0.002s wall-clock]
Building translation key... [0.000s CPU, 0.000s wall-clock]
Computing fact groups: [0.050s CPU, 0.057s wall-clock]
Building STRIPS to SAS dictionary... [0.000s CPU, 0.001s wall-clock]
Building dictionary for full mutex groups... [0.000s CPU, 0.001s wall-clock]
Building mutex information...
Building mutex information: [0.000s CPU, 0.001s wall-clock]
Translating task...
Processing axioms...
Simplifying axioms... [0.000s CPU, 0.001s wall-clock]
Processing axioms: [0.010s CPU, 0.006s wall-clock]
Translating task: [0.020s CPU, 0.018s wall-clock]
0 implied effects removed
0 effect conditions simplified
0 implied preconditions added
Detecting unreachable propositions...
0 operators removed
12 propositions removed
Detecting unreachable propositions: [0.000s CPU, 0.003s wall-clock]
Translator variables: 34
Translator derived variables: 0
Translator facts: 90
Translator mutex groups: 12
Translator total mutex groups size: 46
Translator operators: 178
Translator task size: 1199
Translator peak memory: 43692 KB
Writing output... [0.010s CPU, 0.004s wall-clock]
Done! [0.300s CPU, 0.371s wall-clock]
