Dispatcher selected state size 1.
This is a unit task.
Simplifying transitions... done!
Initializing Exploration...
Generating landmarks using the RPG/SAS+ approach
approx. reasonable orders
approx. obedient reasonable orders
Removed 0 reasonable or obedient reasonable orders
Landmarks generation time: 0.00356054s
Discovered 26 landmarks, of which 8 are disjunctive and 0 are conjunctive 
27 edges
Initializing LAMA-FF Synergy Object
Initializing landmarks count heuristic...
12 initial landmarks, 6 goal landmarks
Starting search: lazy_greedy(list(hff, hlm), preferred = list(hff, hlm))
Conducting lazy best first search, (real) bound = 2147483647
Best heuristic value: 14/15 [g=0, 1 evaluated, 0 expanded, t=0.01s]
Best heuristic value: 13/14 [g=1, 2 evaluated, 1 expanded, t=0.01s]
Best heuristic value: 13/13 [g=2, 3 evaluated, 2 expanded, t=0.01s]
Best heuristic value: 12/13 [g=2, 5 evaluated, 4 expanded, t=0.01s]
Best heuristic value: 12/12 [g=3, 7 evaluated, 6 expanded, t=0.01s]
Best heuristic value: 11/12 [g=3, 10 evaluated, 9 expanded, t=0.01s]
Best heuristic value: 11/11 [g=4, 12 evaluated, 11 expanded, t=0.01s]
Best heuristic value: 10/11 [g=4, 15 evaluated, 14 expanded, t=0.01s]
Best heuristic value: 9/11 [g=5, 22 evaluated, 21 expanded, t=0.01s]
Best heuristic value: 9/10 [g=6, 27 evaluated, 26 expanded, t=0.01s]
Best heuristic value: 8/10 [g=6, 34 evaluated, 33 expanded, t=0.01s]
Best heuristic value: 8/9 [g=8, 54 evaluated, 53 expanded, t=0.01s]
Best heuristic value: 7/9 [g=8, 55 evaluated, 54 expanded, t=0.01s]
Best heuristic value: 7/8 [g=9, 64 evaluated, 63 expanded, t=0.01s]
Best heuristic value: 6/8 [g=10, 76 evaluated, 75 expanded, t=0.01s]
Best heuristic value: 6/7 [g=11, 81 evaluated, 80 expanded, t=0.01s]
Best heuristic value: 6/6 [g=13, 99 evaluated, 98 expanded, t=0.01s]
Best heuristic value: 5/6 [g=12, 101 evaluated, 100 expanded, t=0.01s]
Best heuristic value: 5/5 [g=14, 108 evaluated, 107 expanded, t=0.01s]
Best heuristic value: 4/4 [g=16, 118 evaluated, 117 expanded, t=0.01s]
Best heuristic value: 3/3 [g=18, 123 evaluated, 122 expanded, t=0.01s]
Best heuristic value: 2/2 [g=20, 127 evaluated, 126 expanded, t=0.01s]
Best heuristic value: 1/1 [g=22, 130 evaluated, 129 expanded, t=0.01s]
Solution found!
Actual search time: 0s [t=0.01s]
sample_rock rover1 rover1store waypoint3 (1)
sample_rock rover0 rover0store waypoint2 (1)
calibrate rover0 camera0 objective0 waypoint2 (1)
take_image rover0 waypoint2 objective0 camera0 high_res (1)
sample_soil rover2 rover2store waypoint4 (1)
navigate rover0 waypoint2 waypoint1 (1)
communicate_soil_data rover2 general waypoint4 waypoint4 waypoint3 (1)
end_communication rover2 general colour waypoint4 waypoint3 (1)
drop rover0 rover0store (1)
sample_soil rover0 rover0store waypoint1 (1)
navigate rover1 waypoint3 waypoint4 (1)
navigate rover0 waypoint1 waypoint2 (1)
drop rover2 rover2store (1)
sample_rock rover2 rover2store waypoint4 (1)
communicate_rock_data rover1 general waypoint3 waypoint4 waypoint3 (1)
end_communication rover2 general colour waypoint4 waypoint3 (1)
communicate_rock_data rover0 general waypoint2 waypoint2 waypoint3 (1)
end_communication rover0 general colour waypoint2 waypoint3 (1)
communicate_rock_data rover2 general waypoint4 waypoint4 waypoint3 (1)
end_communication rover2 general colour waypoint4 waypoint3 (1)
communicate_image_data rover0 general objective0 high_res waypoint2 waypoint3 (1)
end_communication rover0 general colour waypoint2 waypoint3 (1)
communicate_soil_data rover0 general waypoint1 waypoint2 waypoint3 (1)
Plan length: 23 step(s).
Plan cost: 23
Initial state h value: 14/15.
Expanded 130 state(s).
Reopened 0 state(s).
Evaluated 131 state(s).
Evaluations: 262
Generated 2325 state(s).
Dead ends: 0 state(s).
Best solution cost so far: 23
Solution found - keep searching
Starting search: lazy_wastar(list(hff, hlm), preferred = list(hff, hlm), w = 5)
Conducting lazy best first search, (real) bound = 23
Best heuristic value: 14/15 [g=0, 1 evaluated, 0 expanded, t=0.01s]
Best heuristic value: 13/14 [g=1, 2 evaluated, 1 expanded, t=0.01s]
Best heuristic value: 13/13 [g=2, 3 evaluated, 2 expanded, t=0.01s]
Best heuristic value: 12/13 [g=2, 5 evaluated, 4 expanded, t=0.01s]
Best heuristic value: 12/12 [g=3, 7 evaluated, 6 expanded, t=0.01s]
Best heuristic value: 11/12 [g=3, 10 evaluated, 9 expanded, t=0.01s]
Best heuristic value: 11/11 [g=4, 12 evaluated, 11 expanded, t=0.01s]
Best heuristic value: 10/11 [g=4, 15 evaluated, 14 expanded, t=0.01s]
Best heuristic value: 9/11 [g=5, 22 evaluated, 21 expanded, t=0.01s]
Best heuristic value: 9/10 [g=6, 27 evaluated, 26 expanded, t=0.01s]
Best heuristic value: 8/10 [g=6, 34 evaluated, 33 expanded, t=0.02s]
Best heuristic value: 8/9 [g=8, 54 evaluated, 53 expanded, t=0.02s]
Best heuristic value: 7/9 [g=8, 55 evaluated, 54 expanded, t=0.02s]
Best heuristic value: 7/8 [g=9, 64 evaluated, 63 expanded, t=0.02s]
Best heuristic value: 6/8 [g=10, 76 evaluated, 75 expanded, t=0.02s]
Best heuristic value: 6/7 [g=11, 81 evaluated, 80 expanded, t=0.02s]
Best heuristic value: 6/6 [g=13, 99 evaluated, 98 expanded, t=0.02s]
Best heuristic value: 5/6 [g=12, 101 evaluated, 100 expanded, t=0.02s]
Best heuristic value: 5/5 [g=14, 108 evaluated, 107 expanded, t=0.02s]
Best heuristic value: 4/4 [g=16, 118 evaluated, 117 expanded, t=0.02s]
Best heuristic value: 3/3 [g=18, 123 evaluated, 122 expanded, t=0.02s]
Best heuristic value: 2/2 [g=20, 127 evaluated, 126 expanded, t=0.02s]
Best heuristic value: 1/1 [g=22, 130 evaluated, 129 expanded, t=0.02s]
Failed to allocate memory. Released memory buffer.
Memory limit has been reached.
Failed to allocate memory. Released memory buffer.
Memory limit has been reached.
