Parsing... [0.030s CPU, 0.035s wall-clock]
Normalizing task... [0.010s CPU, 0.002s wall-clock]
Instantiating...
Generating Datalog program... [0.010s CPU, 0.005s wall-clock]
Normalizing Datalog program...
Normalizing Datalog program: [0.030s CPU, 0.062s wall-clock]
Preparing model... [0.020s CPU, 0.017s wall-clock]
Generated 94 rules.
Computing model... [0.150s CPU, 0.148s wall-clock]
667 relevant atoms
1760 auxiliary atoms
2427 final queue length
2783 total queue pushes
Completing instantiation... [0.080s CPU, 0.081s wall-clock]
Instantiating: [0.300s CPU, 0.324s wall-clock]
Computing fact groups...
Finding invariants...
35 initial candidates
Finding invariants: [0.040s CPU, 0.044s wall-clock]
Checking invariant weight... [0.010s CPU, 0.003s wall-clock]
Instantiating groups... [0.000s CPU, 0.004s wall-clock]
Collecting mutex groups... [0.000s CPU, 0.000s wall-clock]
Choosing groups...
49 uncovered facts
Choosing groups: [0.000s CPU, 0.000s wall-clock]
Building translation key... [0.000s CPU, 0.001s wall-clock]
Computing fact groups: [0.050s CPU, 0.055s wall-clock]
Building STRIPS to SAS dictionary... [0.000s CPU, 0.000s wall-clock]
Building dictionary for full mutex groups... [0.000s CPU, 0.001s wall-clock]
Building mutex information...
Building mutex information: [0.000s CPU, 0.001s wall-clock]
Translating task...
Processing axioms...
Simplifying axioms... [0.000s CPU, 0.000s wall-clock]
Processing axioms: [0.010s CPU, 0.007s wall-clock]
Translating task: [0.060s CPU, 0.056s wall-clock]
0 implied effects removed
0 effect conditions simplified
0 implied preconditions added
Detecting unreachable propositions...
0 operators removed
15 propositions removed
Detecting unreachable propositions: [0.030s CPU, 0.026s wall-clock]
Translator variables: 64
Translator derived variables: 0
Translator facts: 159
Translator mutex groups: 15
Translator total mutex groups size: 61
Translator operators: 376
Translator task size: 2634
Translator peak memory: 45212 KB
Writing output... [0.030s CPU, 0.026s wall-clock]
Done! [0.520s CPU, 0.543s wall-clock]
