Dispatcher selected state size 1.
This is a unit task.
Simplifying transitions... done!
Initializing Exploration...
Generating landmarks using the RPG/SAS+ approach
approx. reasonable orders
approx. obedient reasonable orders
Removed 0 reasonable or obedient reasonable orders
Landmarks generation time: 0.00794827s
Discovered 42 landmarks, of which 9 are disjunctive and 0 are conjunctive 
61 edges
Initializing LAMA-FF Synergy Object
Initializing landmarks count heuristic...
18 initial landmarks, 8 goal landmarks
Starting search: lazy_greedy(list(hff, hlm), preferred = list(hff, hlm))
Conducting lazy best first search, (real) bound = 2147483647
Best heuristic value: 24/27 [g=0, 1 evaluated, 0 expanded, t=0.02s]
Best heuristic value: 23/24 [g=1, 2 evaluated, 1 expanded, t=0.02s]
Best heuristic value: 22/23 [g=2, 3 evaluated, 2 expanded, t=0.02s]
Best heuristic value: 22/22 [g=3, 5 evaluated, 4 expanded, t=0.02s]
Best heuristic value: 21/22 [g=3, 7 evaluated, 6 expanded, t=0.02s]
Best heuristic value: 21/21 [g=4, 8 evaluated, 7 expanded, t=0.02s]
Best heuristic value: 20/21 [g=4, 13 evaluated, 12 expanded, t=0.02s]
Best heuristic value: 20/20 [g=5, 14 evaluated, 13 expanded, t=0.02s]
Best heuristic value: 19/20 [g=5, 19 evaluated, 18 expanded, t=0.02s]
Best heuristic value: 19/19 [g=6, 22 evaluated, 21 expanded, t=0.02s]
Best heuristic value: 18/19 [g=6, 27 evaluated, 26 expanded, t=0.02s]
Best heuristic value: 17/19 [g=7, 35 evaluated, 34 expanded, t=0.02s]
Best heuristic value: 17/18 [g=8, 44 evaluated, 43 expanded, t=0.03s]
Best heuristic value: 17/17 [g=9, 50 evaluated, 49 expanded, t=0.03s]
Best heuristic value: 16/17 [g=9, 53 evaluated, 52 expanded, t=0.03s]
Best heuristic value: 15/17 [g=11, 67 evaluated, 66 expanded, t=0.03s]
Best heuristic value: 15/16 [g=11, 68 evaluated, 67 expanded, t=0.03s]
Best heuristic value: 14/16 [g=13, 83 evaluated, 82 expanded, t=0.03s]
Best heuristic value: 14/15 [g=14, 84 evaluated, 83 expanded, t=0.03s]
Best heuristic value: 14/14 [g=15, 89 evaluated, 88 expanded, t=0.03s]
Best heuristic value: 13/13 [g=16, 94 evaluated, 93 expanded, t=0.03s]
Best heuristic value: 12/12 [g=18, 101 evaluated, 100 expanded, t=0.03s]
Best heuristic value: 11/11 [g=20, 107 evaluated, 106 expanded, t=0.03s]
Best heuristic value: 10/10 [g=22, 114 evaluated, 113 expanded, t=0.03s]
Best heuristic value: 9/10 [g=24, 119 evaluated, 118 expanded, t=0.03s]
Best heuristic value: 8/9 [g=26, 122 evaluated, 121 expanded, t=0.03s]
Best heuristic value: 8/8 [g=27, 123 evaluated, 122 expanded, t=0.03s]
Best heuristic value: 7/8 [g=28, 124 evaluated, 123 expanded, t=0.04s]
Best heuristic value: 7/7 [g=29, 125 evaluated, 124 expanded, t=0.04s]
Best heuristic value: 6/6 [g=31, 131 evaluated, 130 expanded, t=0.04s]
Best heuristic value: 5/6 [g=32, 134 evaluated, 133 expanded, t=0.04s]
Best heuristic value: 4/6 [g=33, 136 evaluated, 135 expanded, t=0.04s]
Best heuristic value: 3/5 [g=34, 137 evaluated, 136 expanded, t=0.04s]
Best heuristic value: 3/4 [g=35, 138 evaluated, 137 expanded, t=0.04s]
Best heuristic value: 3/3 [g=36, 139 evaluated, 138 expanded, t=0.04s]
Best heuristic value: 2/2 [g=38, 143 evaluated, 142 expanded, t=0.04s]
Best heuristic value: 1/1 [g=40, 146 evaluated, 145 expanded, t=0.04s]
Solution found!
Actual search time: 0.02s [t=0.04s]
sample_soil rover2 rover2store waypoint0 (1)
navigate rover2 waypoint0 waypoint6 (1)
navigate rover3 waypoint2 waypoint1 (1)
navigate rover3 waypoint1 waypoint4 (1)
sample_soil rover3 rover3store waypoint4 (1)
calibrate rover3 camera0 objective2 waypoint4 (1)
take_image rover3 waypoint4 objective2 camera0 low_res (1)
communicate_soil_data rover2 general waypoint0 waypoint6 waypoint4 (1)
end_communication rover2 general colour waypoint6 waypoint4 (1)
drop rover2 rover2store (1)
sample_soil rover2 rover2store waypoint6 (1)
communicate_soil_data rover2 general waypoint6 waypoint6 waypoint4 (1)
end_communication rover2 general colour waypoint6 waypoint4 (1)
navigate rover3 waypoint4 waypoint1 (1)
calibrate rover3 camera0 objective2 waypoint1 (1)
take_image rover3 waypoint1 objective2 camera0 colour (1)
communicate_soil_data rover3 general waypoint4 waypoint1 waypoint4 (1)
end_communication rover3 general colour waypoint1 waypoint4 (1)
communicate_image_data rover3 general objective2 low_res waypoint1 waypoint4 (1)
end_communication rover3 general colour waypoint1 waypoint4 (1)
communicate_image_data rover3 general objective2 colour waypoint1 waypoint4 (1)
end_communication rover3 general colour waypoint1 waypoint4 (1)
navigate rover1 waypoint2 waypoint1 (1)
navigate rover1 waypoint1 waypoint3 (1)
sample_rock rover1 rover1store waypoint3 (1)
drop rover1 rover1store (1)
navigate rover1 waypoint3 waypoint1 (1)
navigate rover1 waypoint1 waypoint2 (1)
navigate rover1 waypoint2 waypoint6 (1)
sample_rock rover1 rover1store waypoint6 (1)
drop rover1 rover1store (1)
navigate rover1 waypoint6 waypoint2 (1)
navigate rover1 waypoint2 waypoint0 (1)
sample_rock rover1 rover1store waypoint0 (1)
navigate rover1 waypoint0 waypoint2 (1)
navigate rover1 waypoint2 waypoint6 (1)
communicate_rock_data rover1 general waypoint6 waypoint6 waypoint4 (1)
end_communication rover1 general colour waypoint6 waypoint4 (1)
communicate_rock_data rover1 general waypoint3 waypoint6 waypoint4 (1)
end_communication rover1 general colour waypoint6 waypoint4 (1)
communicate_rock_data rover1 general waypoint0 waypoint6 waypoint4 (1)
Plan length: 41 step(s).
Plan cost: 41
Initial state h value: 24/27.
Expanded 146 state(s).
Reopened 0 state(s).
Evaluated 147 state(s).
Evaluations: 294
Generated 3482 state(s).
Dead ends: 0 state(s).
Best solution cost so far: 41
Solution found - keep searching
Starting search: lazy_wastar(list(hff, hlm), preferred = list(hff, hlm), w = 5)
Conducting lazy best first search, (real) bound = 41
Best heuristic value: 24/27 [g=0, 1 evaluated, 0 expanded, t=0.04s]
Best heuristic value: 23/24 [g=1, 2 evaluated, 1 expanded, t=0.04s]
Best heuristic value: 22/23 [g=2, 3 evaluated, 2 expanded, t=0.04s]
Best heuristic value: 22/22 [g=3, 5 evaluated, 4 expanded, t=0.04s]
Best heuristic value: 21/22 [g=3, 7 evaluated, 6 expanded, t=0.04s]
Best heuristic value: 21/21 [g=4, 8 evaluated, 7 expanded, t=0.04s]
Best heuristic value: 20/21 [g=4, 13 evaluated, 12 expanded, t=0.04s]
Best heuristic value: 20/20 [g=5, 14 evaluated, 13 expanded, t=0.04s]
Best heuristic value: 19/20 [g=5, 19 evaluated, 18 expanded, t=0.04s]
Best heuristic value: 19/19 [g=6, 22 evaluated, 21 expanded, t=0.04s]
Best heuristic value: 18/19 [g=6, 27 evaluated, 26 expanded, t=0.04s]
Best heuristic value: 17/19 [g=7, 35 evaluated, 34 expanded, t=0.04s]
Best heuristic value: 17/18 [g=8, 44 evaluated, 43 expanded, t=0.04s]
Best heuristic value: 17/17 [g=9, 50 evaluated, 49 expanded, t=0.04s]
Best heuristic value: 16/17 [g=9, 53 evaluated, 52 expanded, t=0.04s]
Best heuristic value: 15/17 [g=11, 67 evaluated, 66 expanded, t=0.04s]
Best heuristic value: 15/16 [g=11, 68 evaluated, 67 expanded, t=0.04s]
Best heuristic value: 14/16 [g=13, 83 evaluated, 82 expanded, t=0.04s]
Best heuristic value: 14/15 [g=14, 84 evaluated, 83 expanded, t=0.04s]
Best heuristic value: 14/14 [g=15, 89 evaluated, 88 expanded, t=0.04s]
Best heuristic value: 13/13 [g=16, 94 evaluated, 93 expanded, t=0.04s]
Best heuristic value: 12/12 [g=18, 101 evaluated, 100 expanded, t=0.04s]
Best heuristic value: 11/11 [g=20, 107 evaluated, 106 expanded, t=0.05s]
Best heuristic value: 10/10 [g=22, 114 evaluated, 113 expanded, t=0.05s]
Best heuristic value: 9/10 [g=24, 119 evaluated, 118 expanded, t=0.05s]
Best heuristic value: 8/9 [g=26, 122 evaluated, 121 expanded, t=0.05s]
Best heuristic value: 8/8 [g=27, 123 evaluated, 122 expanded, t=0.05s]
Best heuristic value: 7/8 [g=28, 124 evaluated, 123 expanded, t=0.05s]
Best heuristic value: 7/7 [g=29, 125 evaluated, 124 expanded, t=0.05s]
Best heuristic value: 6/6 [g=31, 131 evaluated, 130 expanded, t=0.05s]
Best heuristic value: 5/6 [g=32, 134 evaluated, 133 expanded, t=0.05s]
Best heuristic value: 4/6 [g=33, 136 evaluated, 135 expanded, t=0.05s]
Best heuristic value: 3/5 [g=34, 137 evaluated, 136 expanded, t=0.05s]
Best heuristic value: 3/4 [g=35, 138 evaluated, 137 expanded, t=0.05s]
Best heuristic value: 3/3 [g=36, 139 evaluated, 138 expanded, t=0.05s]
Best heuristic value: 2/2 [g=38, 143 evaluated, 142 expanded, t=0.05s]
Best heuristic value: 1/1 [g=40, 146 evaluated, 145 expanded, t=0.05s]
Solution found!
Actual search time: 0.02s [t=0.06s]
sample_soil rover2 rover2store waypoint0 (1)
navigate rover2 waypoint0 waypoint6 (1)
navigate rover3 waypoint2 waypoint1 (1)
navigate rover3 waypoint1 waypoint4 (1)
sample_soil rover3 rover3store waypoint4 (1)
calibrate rover3 camera0 objective2 waypoint4 (1)
take_image rover3 waypoint4 objective2 camera0 low_res (1)
communicate_soil_data rover2 general waypoint0 waypoint6 waypoint4 (1)
end_communication rover2 general colour waypoint6 waypoint4 (1)
drop rover2 rover2store (1)
sample_soil rover2 rover2store waypoint6 (1)
communicate_soil_data rover2 general waypoint6 waypoint6 waypoint4 (1)
end_communication rover2 general colour waypoint6 waypoint4 (1)
navigate rover3 waypoint4 waypoint1 (1)
calibrate rover3 camera0 objective2 waypoint1 (1)
take_image rover3 waypoint1 objective2 camera0 colour (1)
communicate_soil_data rover3 general waypoint4 waypoint1 waypoint4 (1)
end_communication rover3 general colour waypoint1 waypoint4 (1)
communicate_image_data rover3 general objective2 low_res waypoint1 waypoint4 (1)
end_communication rover3 general colour waypoint1 waypoint4 (1)
communicate_image_data rover3 general objective2 colour waypoint1 waypoint4 (1)
end_communication rover3 general colour waypoint1 waypoint4 (1)
navigate rover1 waypoint2 waypoint1 (1)
navigate rover1 waypoint1 waypoint3 (1)
sample_rock rover1 rover1store waypoint3 (1)
drop rover1 rover1store (1)
navigate rover1 waypoint3 waypoint1 (1)
navigate rover1 waypoint1 waypoint2 (1)
navigate rover1 waypoint2 waypoint0 (1)
sample_rock rover1 rover1store waypoint0 (1)
drop rover1 rover1store (1)
navigate rover1 waypoint0 waypoint2 (1)
navigate rover1 waypoint2 waypoint6 (1)
sample_rock rover1 rover1store waypoint6 (1)
communicate_rock_data rover1 general waypoint6 waypoint6 waypoint4 (1)
end_communication rover1 general colour waypoint6 waypoint4 (1)
communicate_rock_data rover1 general waypoint3 waypoint6 waypoint4 (1)
end_communication rover1 general colour waypoint6 waypoint4 (1)
communicate_rock_data rover1 general waypoint0 waypoint6 waypoint4 (1)
Plan length: 39 step(s).
Plan cost: 39
Initial state h value: 24/27.
Expanded 203 state(s).
Reopened 8 state(s).
Evaluated 204 state(s).
Evaluations: 408
Generated 4959 state(s).
Dead ends: 0 state(s).
Best solution cost so far: 39
Solution found - keep searching
Starting search: lazy_wastar(list(hff, hlm), preferred = list(hff, hlm), w = 3)
Conducting lazy best first search, (real) bound = 39
Best heuristic value: 24/27 [g=0, 1 evaluated, 0 expanded, t=0.06s]
Best heuristic value: 23/24 [g=1, 2 evaluated, 1 expanded, t=0.06s]
Best heuristic value: 22/23 [g=2, 3 evaluated, 2 expanded, t=0.06s]
Best heuristic value: 22/22 [g=3, 5 evaluated, 4 expanded, t=0.06s]
Best heuristic value: 21/22 [g=3, 7 evaluated, 6 expanded, t=0.06s]
Best heuristic value: 21/21 [g=4, 8 evaluated, 7 expanded, t=0.06s]
Best heuristic value: 20/21 [g=4, 13 evaluated, 12 expanded, t=0.06s]
Best heuristic value: 20/20 [g=5, 14 evaluated, 13 expanded, t=0.06s]
Best heuristic value: 19/20 [g=5, 19 evaluated, 18 expanded, t=0.06s]
Best heuristic value: 19/19 [g=6, 22 evaluated, 21 expanded, t=0.06s]
Best heuristic value: 18/19 [g=6, 27 evaluated, 26 expanded, t=0.06s]
Best heuristic value: 17/19 [g=7, 35 evaluated, 34 expanded, t=0.06s]
Best heuristic value: 17/18 [g=8, 44 evaluated, 43 expanded, t=0.06s]
Best heuristic value: 17/17 [g=9, 50 evaluated, 49 expanded, t=0.06s]
Best heuristic value: 16/17 [g=9, 53 evaluated, 52 expanded, t=0.06s]
Best heuristic value: 15/17 [g=11, 67 evaluated, 66 expanded, t=0.06s]
Best heuristic value: 15/16 [g=11, 68 evaluated, 67 expanded, t=0.06s]
Best heuristic value: 14/16 [g=13, 83 evaluated, 82 expanded, t=0.06s]
Best heuristic value: 14/15 [g=14, 84 evaluated, 83 expanded, t=0.06s]
Best heuristic value: 14/14 [g=15, 89 evaluated, 88 expanded, t=0.06s]
Best heuristic value: 13/13 [g=16, 94 evaluated, 93 expanded, t=0.06s]
Best heuristic value: 12/12 [g=18, 101 evaluated, 100 expanded, t=0.07s]
Best heuristic value: 11/11 [g=20, 107 evaluated, 106 expanded, t=0.07s]
Best heuristic value: 10/10 [g=22, 114 evaluated, 113 expanded, t=0.07s]
Best heuristic value: 9/10 [g=24, 119 evaluated, 118 expanded, t=0.07s]
Best heuristic value: 8/9 [g=26, 122 evaluated, 121 expanded, t=0.07s]
Best heuristic value: 8/8 [g=27, 123 evaluated, 122 expanded, t=0.07s]
Best heuristic value: 7/8 [g=28, 124 evaluated, 123 expanded, t=0.07s]
Best heuristic value: 7/7 [g=29, 125 evaluated, 124 expanded, t=0.07s]
Best heuristic value: 6/6 [g=31, 133 evaluated, 132 expanded, t=0.07s]
Best heuristic value: 5/6 [g=32, 136 evaluated, 135 expanded, t=0.07s]
Best heuristic value: 4/6 [g=33, 138 evaluated, 137 expanded, t=0.07s]
Best heuristic value: 3/5 [g=34, 139 evaluated, 138 expanded, t=0.07s]
Best heuristic value: 3/4 [g=35, 140 evaluated, 139 expanded, t=0.07s]
Best heuristic value: 3/3 [g=36, 141 evaluated, 140 expanded, t=0.07s]
Best heuristic value: 2/2 [g=38, 145 evaluated, 144 expanded, t=0.07s]
Best heuristic value: 1/2 [g=38, 164 evaluated, 163 expanded, t=0.07s]
Best heuristic value: 1/1 [g=38, 191 evaluated, 190 expanded, 5 reopened, t=0.08s]
Solution found!
Actual search time: 0.02s [t=0.08s]
sample_soil rover2 rover2store waypoint0 (1)
navigate rover2 waypoint0 waypoint6 (1)
navigate rover3 waypoint2 waypoint1 (1)
navigate rover3 waypoint1 waypoint4 (1)
sample_soil rover3 rover3store waypoint4 (1)
calibrate rover3 camera0 objective2 waypoint4 (1)
take_image rover3 waypoint4 objective2 camera0 low_res (1)
communicate_soil_data rover2 general waypoint0 waypoint6 waypoint4 (1)
end_communication rover2 general colour waypoint6 waypoint4 (1)
drop rover2 rover2store (1)
sample_soil rover2 rover2store waypoint6 (1)
communicate_soil_data rover2 general waypoint6 waypoint6 waypoint4 (1)
end_communication rover2 general colour waypoint6 waypoint4 (1)
navigate rover3 waypoint4 waypoint1 (1)
calibrate rover3 camera0 objective2 waypoint1 (1)
take_image rover3 waypoint1 objective2 camera0 colour (1)
communicate_soil_data rover3 general waypoint4 waypoint1 waypoint4 (1)
end_communication rover3 general colour waypoint1 waypoint4 (1)
communicate_image_data rover3 general objective2 low_res waypoint1 waypoint4 (1)
end_communication rover3 general colour waypoint1 waypoint4 (1)
communicate_image_data rover3 general objective2 colour waypoint1 waypoint4 (1)
end_communication rover3 general colour waypoint1 waypoint4 (1)
navigate rover1 waypoint2 waypoint6 (1)
sample_rock rover1 rover1store waypoint6 (1)
drop rover1 rover1store (1)
navigate rover1 waypoint6 waypoint2 (1)
navigate rover1 waypoint2 waypoint0 (1)
sample_rock rover1 rover1store waypoint0 (1)
navigate rover1 waypoint0 waypoint2 (1)
drop rover1 rover1store (1)
navigate rover1 waypoint2 waypoint1 (1)
navigate rover1 waypoint1 waypoint3 (1)
sample_rock rover1 rover1store waypoint3 (1)
communicate_rock_data rover1 general waypoint6 waypoint3 waypoint4 (1)
end_communication rover1 general colour waypoint3 waypoint4 (1)
communicate_rock_data rover1 general waypoint3 waypoint3 waypoint4 (1)
end_communication rover1 general colour waypoint3 waypoint4 (1)
communicate_rock_data rover1 general waypoint0 waypoint3 waypoint4 (1)
Plan length: 38 step(s).
Plan cost: 38
Initial state h value: 24/27.
Expanded 296 state(s).
Reopened 20 state(s).
Evaluated 297 state(s).
Evaluations: 594
Generated 7364 state(s).
Dead ends: 0 state(s).
Best solution cost so far: 38
Solution found - keep searching
Starting search: lazy_wastar(list(hff, hlm), preferred = list(hff, hlm), w = 2)
Conducting lazy best first search, (real) bound = 38
Best heuristic value: 24/27 [g=0, 1 evaluated, 0 expanded, t=0.08s]
Best heuristic value: 23/24 [g=1, 2 evaluated, 1 expanded, t=0.08s]
Best heuristic value: 22/23 [g=2, 3 evaluated, 2 expanded, t=0.08s]
Best heuristic value: 22/22 [g=3, 5 evaluated, 4 expanded, t=0.08s]
Best heuristic value: 21/22 [g=3, 7 evaluated, 6 expanded, t=0.08s]
Best heuristic value: 21/21 [g=4, 8 evaluated, 7 expanded, t=0.08s]
Best heuristic value: 20/21 [g=4, 13 evaluated, 12 expanded, t=0.08s]
Best heuristic value: 20/20 [g=5, 14 evaluated, 13 expanded, t=0.08s]
Best heuristic value: 19/20 [g=5, 19 evaluated, 18 expanded, t=0.08s]
Best heuristic value: 19/19 [g=6, 22 evaluated, 21 expanded, t=0.09s]
Best heuristic value: 18/19 [g=6, 27 evaluated, 26 expanded, t=0.09s]
Best heuristic value: 17/19 [g=7, 35 evaluated, 34 expanded, t=0.09s]
Best heuristic value: 17/18 [g=8, 50 evaluated, 49 expanded, t=0.09s]
Best heuristic value: 17/17 [g=9, 56 evaluated, 55 expanded, t=0.09s]
Best heuristic value: 16/17 [g=9, 61 evaluated, 60 expanded, t=0.09s]
Best heuristic value: 16/16 [g=11, 83 evaluated, 82 expanded, t=0.09s]
Best heuristic value: 15/16 [g=12, 89 evaluated, 88 expanded, t=0.09s]
Best heuristic value: 15/15 [g=12, 122 evaluated, 121 expanded, t=0.1s]
Best heuristic value: 14/14 [g=14, 143 evaluated, 142 expanded, t=0.1s]
Best heuristic value: 13/13 [g=16, 207 evaluated, 206 expanded, t=0.1s]
Best heuristic value: 12/12 [g=18, 315 evaluated, 314 expanded, t=0.12s]
Best heuristic value: 11/12 [g=20, 387 evaluated, 386 expanded, t=0.12s]
Best heuristic value: 11/11 [g=20, 736 evaluated, 735 expanded, t=0.15s]
Best heuristic value: 10/10 [g=22, 954 evaluated, 953 expanded, t=0.18s]
Best heuristic value: 9/10 [g=24, 1126 evaluated, 1125 expanded, t=0.19s]
Best heuristic value: 9/9 [g=24, 2633 evaluated, 2632 expanded, t=0.34s]
Best heuristic value: 8/8 [g=26, 2782 evaluated, 2781 expanded, t=0.36s]
Best heuristic value: 7/8 [g=28, 2851 evaluated, 2850 expanded, t=0.37s]
Best heuristic value: 6/8 [g=27, 4538 evaluated, 4537 expanded, 21 reopened, t=0.58s]
Best heuristic value: 6/7 [g=28, 4554 evaluated, 4553 expanded, 21 reopened, t=0.59s]
Best heuristic value: 6/6 [g=30, 4592 evaluated, 4591 expanded, 21 reopened, t=0.59s]
Best heuristic value: 5/5 [g=32, 4690 evaluated, 4689 expanded, 21 reopened, t=0.61s]
Best heuristic value: 4/4 [g=34, 4862 evaluated, 4861 expanded, 21 reopened, t=0.66s]
Best heuristic value: 3/3 [g=36, 4919 evaluated, 4918 expanded, 21 reopened, t=0.68s]
Best heuristic value: 2/2 [g=35, 9248 evaluated, 9247 expanded, 85 reopened, t=1.56s]
Best heuristic value: 1/1 [g=37, 10399 evaluated, 10398 expanded, 262 reopened, t=1.7s]
Failed to allocate memory. Released memory buffer.
Memory limit has been reached.
Failed to allocate memory. Released memory buffer.
Memory limit has been reached.
