Parsing... [0.000s CPU, 0.008s wall-clock]
Normalizing task... [0.000s CPU, 0.000s wall-clock]
Instantiating...
Generating Datalog program... [0.010s CPU, 0.002s wall-clock]
Normalizing Datalog program...
Normalizing Datalog program: [0.000s CPU, 0.011s wall-clock]
Preparing model... [0.020s CPU, 0.008s wall-clock]
Generated 94 rules.
Computing model... [0.060s CPU, 0.061s wall-clock]
723 relevant atoms
1913 auxiliary atoms
2636 final queue length
2992 total queue pushes
Completing instantiation... [0.040s CPU, 0.048s wall-clock]
Instantiating: [0.140s CPU, 0.138s wall-clock]
Computing fact groups...
Finding invariants...
35 initial candidates
Finding invariants: [0.010s CPU, 0.014s wall-clock]
Checking invariant weight... [0.000s CPU, 0.001s wall-clock]
Instantiating groups... [0.010s CPU, 0.001s wall-clock]
Collecting mutex groups... [0.000s CPU, 0.000s wall-clock]
Choosing groups...
56 uncovered facts
Choosing groups: [0.000s CPU, 0.000s wall-clock]
Building translation key... [0.000s CPU, 0.001s wall-clock]
Computing fact groups: [0.020s CPU, 0.018s wall-clock]
Building STRIPS to SAS dictionary... [0.000s CPU, 0.000s wall-clock]
Building dictionary for full mutex groups... [0.000s CPU, 0.000s wall-clock]
Building mutex information...
Building mutex information: [0.000s CPU, 0.000s wall-clock]
Translating task...
Processing axioms...
Simplifying axioms... [0.000s CPU, 0.000s wall-clock]
Processing axioms: [0.000s CPU, 0.003s wall-clock]
Translating task: [0.030s CPU, 0.027s wall-clock]
0 implied effects removed
0 effect conditions simplified
0 implied preconditions added
Detecting unreachable propositions...
0 operators removed
20 propositions removed
Detecting unreachable propositions: [0.000s CPU, 0.009s wall-clock]
Translator variables: 73
Translator derived variables: 0
Translator facts: 171
Translator mutex groups: 17
Translator total mutex groups size: 59
Translator operators: 398
Translator task size: 2552
Translator peak memory: 45260 KB
Writing output... [0.020s CPU, 0.011s wall-clock]
Done! [0.220s CPU, 0.215s wall-clock]
