Parsing... [0.060s CPU, 0.050s wall-clock]
Normalizing task... [0.000s CPU, 0.001s wall-clock]
Instantiating...
Generating Datalog program... [0.010s CPU, 0.013s wall-clock]
Normalizing Datalog program...
Normalizing Datalog program: [0.010s CPU, 0.010s wall-clock]
Preparing model... [0.050s CPU, 0.055s wall-clock]
Generated 94 rules.
Computing model... [11.620s CPU, 11.624s wall-clock]
39555 relevant atoms
488791 auxiliary atoms
528346 final queue length
559675 total queue pushes
Completing instantiation... [4.510s CPU, 4.495s wall-clock]
Instantiating: [16.560s CPU, 16.569s wall-clock]
Computing fact groups...
Finding invariants...
35 initial candidates
Finding invariants: [0.050s CPU, 0.047s wall-clock]
Checking invariant weight... [0.010s CPU, 0.007s wall-clock]
Instantiating groups... [0.040s CPU, 0.045s wall-clock]
Collecting mutex groups... [0.000s CPU, 0.003s wall-clock]
Choosing groups...
485 uncovered facts
Choosing groups: [0.020s CPU, 0.012s wall-clock]
Building translation key... [0.000s CPU, 0.007s wall-clock]
Computing fact groups: [0.150s CPU, 0.152s wall-clock]
Building STRIPS to SAS dictionary... [0.010s CPU, 0.005s wall-clock]
Building dictionary for full mutex groups... [0.000s CPU, 0.005s wall-clock]
Building mutex information...
Building mutex information: [0.010s CPU, 0.004s wall-clock]
Translating task...
Processing axioms...
Simplifying axioms... [0.000s CPU, 0.000s wall-clock]
Processing axioms: [0.200s CPU, 0.203s wall-clock]
Translating task: [2.580s CPU, 2.586s wall-clock]
0 implied effects removed
0 effect conditions simplified
0 implied preconditions added
Detecting unreachable propositions...
0 operators removed
124 propositions removed
Detecting unreachable propositions: [0.470s CPU, 0.467s wall-clock]
Translator variables: 600
Translator derived variables: 0
Translator facts: 2852
Translator mutex groups: 115
Translator total mutex groups size: 1882
Translator operators: 32519
Translator task size: 196418
Translator peak memory: 407864 KB
Writing output... [0.540s CPU, 0.542s wall-clock]
Done! [20.620s CPU, 20.623s wall-clock]
