Dispatcher selected state size 1.
This is a unit task.
Simplifying transitions... done!
Initializing Exploration...
Generating landmarks using the RPG/SAS+ approach
approx. reasonable orders
approx. obedient reasonable orders
Removed 0 reasonable or obedient reasonable orders
Landmarks generation time: 3.38921s
Discovered 139 landmarks, of which 9 are disjunctive and 0 are conjunctive 
144 edges
Initializing LAMA-FF Synergy Object
Initializing landmarks count heuristic...
67 initial landmarks, 63 goal landmarks
Starting search: lazy_greedy(list(hff, hlm), preferred = list(hff, hlm))
Conducting lazy best first search, (real) bound = 2147483647
Best heuristic value: 72/207 [g=0, 1 evaluated, 0 expanded, t=4.44s]
Best heuristic value: 71/207 [g=1, 5 evaluated, 4 expanded, t=4.46s]
Best heuristic value: 70/207 [g=2, 12 evaluated, 11 expanded, t=4.51s]
Best heuristic value: 70/206 [g=1, 19 evaluated, 18 expanded, t=4.56s]
Best heuristic value: 69/206 [g=3, 20 evaluated, 19 expanded, t=4.57s]
Best heuristic value: 69/205 [g=4, 28 evaluated, 27 expanded, t=4.62s]
Best heuristic value: 68/205 [g=4, 32 evaluated, 31 expanded, t=4.65s]
Best heuristic value: 68/204 [g=5, 35 evaluated, 34 expanded, t=4.68s]
Best heuristic value: 67/204 [g=5, 36 evaluated, 35 expanded, t=4.69s]
Best heuristic value: 67/203 [g=6, 43 evaluated, 42 expanded, t=4.73s]
Best heuristic value: 66/203 [g=6, 50 evaluated, 49 expanded, t=4.78s]
Best heuristic value: 66/202 [g=7, 60 evaluated, 59 expanded, t=4.85s]
Best heuristic value: 65/202 [g=7, 63 evaluated, 62 expanded, t=4.87s]
Best heuristic value: 64/202 [g=8, 83 evaluated, 82 expanded, t=5.01s]
Best heuristic value: 64/199 [g=8, 84 evaluated, 83 expanded, t=5.02s]
Best heuristic value: 63/199 [g=9, 100 evaluated, 99 expanded, t=5.13s]
Best heuristic value: 63/198 [g=9, 111 evaluated, 110 expanded, t=5.2s]
Best heuristic value: 63/197 [g=10, 141 evaluated, 140 expanded, t=5.42s]
Best heuristic value: 63/195 [g=11, 170 evaluated, 169 expanded, t=5.63s]
Best heuristic value: 63/194 [g=12, 212 evaluated, 211 expanded, t=5.92s]
Best heuristic value: 63/193 [g=14, 284 evaluated, 283 expanded, t=6.43s]
Best heuristic value: 63/192 [g=15, 353 evaluated, 352 expanded, t=6.91s]
Best heuristic value: 63/191 [g=17, 511 evaluated, 510 expanded, t=8.02s]
Best heuristic value: 63/190 [g=19, 668 evaluated, 667 expanded, t=9.12s]
Best heuristic value: 63/189 [g=21, 824 evaluated, 823 expanded, t=10.21s]
Best heuristic value: 63/188 [g=23, 1055 evaluated, 1054 expanded, t=11.83s]
Best heuristic value: 63/187 [g=24, 1095 evaluated, 1094 expanded, t=12.11s]
Best heuristic value: 63/186 [g=26, 1349 evaluated, 1348 expanded, t=13.89s]
Best heuristic value: 63/185 [g=27, 1353 evaluated, 1352 expanded, t=13.92s]
Best heuristic value: 63/184 [g=29, 1574 evaluated, 1573 expanded, t=15.4s]
Best heuristic value: 63/183 [g=31, 1769 evaluated, 1768 expanded, t=16.69s]
Best heuristic value: 63/181 [g=33, 1882 evaluated, 1881 expanded, t=17.42s]
Best heuristic value: 63/180 [g=35, 1991 evaluated, 1990 expanded, t=18.11s]
Best heuristic value: 63/179 [g=37, 2095 evaluated, 2094 expanded, t=18.77s]
Best heuristic value: 63/178 [g=41, 2229 evaluated, 2228 expanded, t=19.61s]
Best heuristic value: 63/177 [g=45, 2366 evaluated, 2365 expanded, t=20.41s]
Best heuristic value: 63/176 [g=47, 2421 evaluated, 2420 expanded, t=20.73s]
Best heuristic value: 63/175 [g=49, 2483 evaluated, 2482 expanded, t=21.09s]
Best heuristic value: 63/174 [g=50, 2505 evaluated, 2504 expanded, t=21.23s]
Best heuristic value: 63/173 [g=52, 2597 evaluated, 2596 expanded, t=21.76s]
Best heuristic value: 63/172 [g=54, 2774 evaluated, 2773 expanded, t=22.83s]
Best heuristic value: 63/171 [g=57, 3051 evaluated, 3050 expanded, t=24.6s]
Best heuristic value: 62/171 [g=60, 3251 evaluated, 3250 expanded, t=25.9s]
Best heuristic value: 62/170 [g=60, 3260 evaluated, 3259 expanded, t=25.94s]
Best heuristic value: 61/170 [g=61, 3265 evaluated, 3264 expanded, t=25.97s]
Best heuristic value: 60/170 [g=62, 3278 evaluated, 3277 expanded, t=26.04s]
Best heuristic value: 60/169 [g=63, 3482 evaluated, 3481 expanded, t=27.14s]
Best heuristic value: 59/169 [g=64, 3483 evaluated, 3482 expanded, t=27.14s]
Best heuristic value: 58/169 [g=65, 3487 evaluated, 3486 expanded, t=27.16s]
Best heuristic value: 57/169 [g=66, 3491 evaluated, 3490 expanded, t=27.18s]
Best heuristic value: 57/168 [g=67, 3493 evaluated, 3492 expanded, t=27.2s]
Best heuristic value: 57/167 [g=68, 3500 evaluated, 3499 expanded, t=27.23s]
Best heuristic value: 57/166 [g=69, 3512 evaluated, 3511 expanded, t=27.29s]
Best heuristic value: 57/165 [g=70, 3522 evaluated, 3521 expanded, t=27.34s]
Best heuristic value: 57/164 [g=71, 3539 evaluated, 3538 expanded, t=27.43s]
Best heuristic value: 57/163 [g=72, 3592 evaluated, 3591 expanded, t=27.71s]
Best heuristic value: 57/162 [g=73, 3651 evaluated, 3650 expanded, t=28.02s]
Best heuristic value: 57/161 [g=74, 3709 evaluated, 3708 expanded, t=28.32s]
Best heuristic value: 57/159 [g=76, 3776 evaluated, 3775 expanded, t=28.67s]
Best heuristic value: 56/158 [g=78, 3845 evaluated, 3844 expanded, t=29.04s]
Best heuristic value: 56/157 [g=80, 3991 evaluated, 3990 expanded, t=29.8s]
Best heuristic value: 56/156 [g=81, 4053 evaluated, 4052 expanded, t=30.12s]
Best heuristic value: 55/156 [g=80, 4101 evaluated, 4100 expanded, t=30.38s]
Best heuristic value: 55/155 [g=84, 4239 evaluated, 4238 expanded, t=31.11s]
Best heuristic value: 54/155 [g=82, 4416 evaluated, 4415 expanded, t=32.04s]
Best heuristic value: 54/154 [g=87, 4603 evaluated, 4602 expanded, t=33.02s]
Best heuristic value: 53/154 [g=89, 4911 evaluated, 4910 expanded, t=34.6s]
Best heuristic value: 53/153 [g=90, 4916 evaluated, 4915 expanded, t=34.63s]
Best heuristic value: 52/153 [g=91, 5129 evaluated, 5128 expanded, t=35.76s]
Best heuristic value: 52/152 [g=93, 5152 evaluated, 5151 expanded, t=35.87s]
Best heuristic value: 51/152 [g=95, 5385 evaluated, 5384 expanded, t=37.05s]
Best heuristic value: 51/151 [g=96, 5390 evaluated, 5389 expanded, t=37.08s]
Best heuristic value: 50/151 [g=97, 5592 evaluated, 5591 expanded, t=38.14s]
Best heuristic value: 50/150 [g=99, 5627 evaluated, 5626 expanded, t=38.32s]
Best heuristic value: 49/150 [g=101, 5872 evaluated, 5871 expanded, t=39.57s]
Best heuristic value: 49/149 [g=102, 5895 evaluated, 5894 expanded, t=39.68s]
Best heuristic value: 48/149 [g=104, 6179 evaluated, 6178 expanded, t=41.19s]
Best heuristic value: 48/148 [g=105, 6193 evaluated, 6192 expanded, t=41.26s]
Best heuristic value: 47/147 [g=107, 6317 evaluated, 6316 expanded, t=41.88s]
Best heuristic value: 47/146 [g=108, 6331 evaluated, 6330 expanded, t=41.95s]
Best heuristic value: 46/146 [g=110, 6453 evaluated, 6452 expanded, t=42.57s]
Best heuristic value: 46/145 [g=111, 6471 evaluated, 6470 expanded, t=42.66s]
Best heuristic value: 45/144 [g=113, 6507 evaluated, 6506 expanded, t=42.85s]
Best heuristic value: 45/143 [g=115, 6763 evaluated, 6762 expanded, t=44.19s]
Best heuristic value: 45/142 [g=116, 6784 evaluated, 6783 expanded, t=44.3s]
Best heuristic value: 44/142 [g=115, 6865 evaluated, 6864 expanded, t=44.73s]
Best heuristic value: 44/141 [g=119, 7240 evaluated, 7239 expanded, t=46.66s]
Best heuristic value: 43/140 [g=121, 7379 evaluated, 7378 expanded, t=47.39s]
Best heuristic value: 43/139 [g=123, 7579 evaluated, 7578 expanded, t=48.4s]
Best heuristic value: 42/139 [g=123, 7665 evaluated, 7664 expanded, t=48.83s]
Best heuristic value: 42/138 [g=126, 9314 evaluated, 9313 expanded, t=57.44s]
Best heuristic value: 42/137 [g=130, 10442 evaluated, 10441 expanded, t=63.25s]
Best heuristic value: 42/135 [g=135, 11777 evaluated, 11776 expanded, t=70.35s]
Best heuristic value: 41/135 [g=136, 11779 evaluated, 11778 expanded, t=70.37s]
Best heuristic value: 41/134 [g=138, 11972 evaluated, 11971 expanded, t=71.43s]
Best heuristic value: 41/133 [g=142, 13230 evaluated, 13229 expanded, t=78.17s]
Best heuristic value: 40/133 [g=144, 13488 evaluated, 13487 expanded, t=79.5s]
Best heuristic value: 40/132 [g=145, 13499 evaluated, 13498 expanded, t=79.56s]
Best heuristic value: 39/132 [g=147, 13820 evaluated, 13819 expanded, t=81.21s]
Best heuristic value: 39/131 [g=148, 13831 evaluated, 13830 expanded, t=81.27s]
Best heuristic value: 39/130 [g=153, 14502 evaluated, 14501 expanded, t=84.79s]
Best heuristic value: 39/129 [g=155, 15269 evaluated, 15268 expanded, t=88.94s]
Best heuristic value: 39/128 [g=157, 15398 evaluated, 15397 expanded, t=89.59s]
Best heuristic value: 39/127 [g=159, 16029 evaluated, 16028 expanded, t=92.98s]
Best heuristic value: 39/126 [g=161, 16157 evaluated, 16156 expanded, t=93.64s]
Best heuristic value: 38/125 [g=164, 16671 evaluated, 16670 expanded, t=96.4s]
Best heuristic value: 38/124 [g=166, 16729 evaluated, 16728 expanded, t=96.7s]
Best heuristic value: 38/123 [g=168, 16827 evaluated, 16826 expanded, t=97.21s]
Best heuristic value: 38/122 [g=170, 16897 evaluated, 16896 expanded, t=97.6s]
Best heuristic value: 38/121 [g=172, 16993 evaluated, 16992 expanded, t=98.09s]
Best heuristic value: 38/120 [g=174, 17064 evaluated, 17063 expanded, t=98.46s]
Best heuristic value: 38/119 [g=176, 17194 evaluated, 17193 expanded, t=99.13s]
Best heuristic value: 38/118 [g=177, 17211 evaluated, 17210 expanded, t=99.21s]
Best heuristic value: 38/117 [g=180, 17586 evaluated, 17585 expanded, t=101.2s]
Best heuristic value: 38/116 [g=182, 17667 evaluated, 17666 expanded, t=101.64s]
Best heuristic value: 38/115 [g=184, 17831 evaluated, 17830 expanded, t=102.5s]
Best heuristic value: 37/115 [g=186, 18336 evaluated, 18335 expanded, t=105.23s]
Best heuristic value: 37/114 [g=187, 18347 evaluated, 18346 expanded, t=105.28s]
Best heuristic value: 36/114 [g=189, 18639 evaluated, 18638 expanded, t=106.83s]
Best heuristic value: 36/113 [g=190, 18650 evaluated, 18649 expanded, t=106.88s]
Best heuristic value: 35/112 [g=192, 18768 evaluated, 18767 expanded, t=107.49s]
Best heuristic value: 35/111 [g=195, 19023 evaluated, 19022 expanded, t=108.84s]
Best heuristic value: 35/110 [g=196, 19028 evaluated, 19027 expanded, t=108.87s]
Best heuristic value: 35/108 [g=200, 19342 evaluated, 19341 expanded, t=110.52s]
Best heuristic value: 34/108 [g=195, 19363 evaluated, 19362 expanded, t=110.62s]
Best heuristic value: 34/107 [g=202, 19396 evaluated, 19395 expanded, t=110.79s]
Best heuristic value: 34/106 [g=205, 19724 evaluated, 19723 expanded, t=112.51s]
Best heuristic value: 33/106 [g=207, 20029 evaluated, 20028 expanded, t=114.13s]
Best heuristic value: 33/105 [g=208, 20039 evaluated, 20038 expanded, t=114.18s]
Best heuristic value: 32/105 [g=210, 20229 evaluated, 20228 expanded, t=115.19s]
Best heuristic value: 32/104 [g=211, 20240 evaluated, 20239 expanded, t=115.24s]
Best heuristic value: 31/104 [g=213, 20417 evaluated, 20416 expanded, t=116.18s]
Best heuristic value: 31/103 [g=214, 20428 evaluated, 20427 expanded, t=116.23s]
Best heuristic value: 30/102 [g=216, 20510 evaluated, 20509 expanded, t=116.65s]
Best heuristic value: 30/101 [g=219, 20753 evaluated, 20752 expanded, t=118.06s]
Best heuristic value: 30/100 [g=220, 20931 evaluated, 20930 expanded, t=119.06s]
Best heuristic value: 30/99 [g=222, 21806 evaluated, 21805 expanded, t=124.12s]
Best heuristic value: 29/99 [g=222, 22980 evaluated, 22979 expanded, t=130.98s]
Best heuristic value: 29/98 [g=227, 23814 evaluated, 23813 expanded, t=135.67s]
Best heuristic value: 29/97 [g=229, 24466 evaluated, 24465 expanded, t=139.45s]
Best heuristic value: 29/96 [g=237, 26543 evaluated, 26542 expanded, t=151.58s]
Best heuristic value: 29/95 [g=238, 26547 evaluated, 26546 expanded, t=151.6s]
Best heuristic value: 28/94 [g=240, 26561 evaluated, 26560 expanded, t=151.67s]
Best heuristic value: 27/93 [g=242, 26590 evaluated, 26589 expanded, t=151.81s]
Best heuristic value: 27/92 [g=245, 26777 evaluated, 26776 expanded, t=152.85s]
Best heuristic value: 27/91 [g=246, 26905 evaluated, 26904 expanded, t=153.54s]
Best heuristic value: 26/91 [g=248, 28286 evaluated, 28285 expanded, t=161.36s]
Best heuristic value: 26/90 [g=252, 28812 evaluated, 28811 expanded, t=164.19s]
Best heuristic value: 26/89 [g=253, 28819 evaluated, 28818 expanded, t=164.22s]
Best heuristic value: 26/88 [g=255, 32122 evaluated, 32121 expanded, t=182.69s]
Best heuristic value: 25/88 [g=255, 32336 evaluated, 32335 expanded, t=183.87s]
Best heuristic value: 25/87 [g=260, 32836 evaluated, 32835 expanded, t=186.57s]
Best heuristic value: 25/86 [g=261, 33210 evaluated, 33209 expanded, t=188.66s]
Best heuristic value: 25/85 [g=271, 35025 evaluated, 35024 expanded, t=198.83s]
Best heuristic value: 25/84 [g=273, 35036 evaluated, 35035 expanded, t=198.89s]
Best heuristic value: 25/83 [g=276, 35138 evaluated, 35137 expanded, t=199.44s]
Best heuristic value: 25/82 [g=277, 35141 evaluated, 35140 expanded, t=199.46s]
Best heuristic value: 24/81 [g=279, 35159 evaluated, 35158 expanded, t=199.54s]
Best heuristic value: 23/80 [g=281, 35195 evaluated, 35194 expanded, t=199.73s]
Best heuristic value: 22/79 [g=283, 35229 evaluated, 35228 expanded, t=199.9s]
Best heuristic value: 22/78 [g=287, 35552 evaluated, 35551 expanded, t=201.73s]
Best heuristic value: 22/77 [g=294, 36068 evaluated, 36067 expanded, t=204.6s]
Best heuristic value: 22/76 [g=295, 36071 evaluated, 36070 expanded, t=204.61s]
Best heuristic value: 22/75 [g=296, 36074 evaluated, 36073 expanded, t=204.62s]
Best heuristic value: 21/75 [g=298, 36209 evaluated, 36208 expanded, t=205.34s]
Best heuristic value: 21/74 [g=299, 36213 evaluated, 36212 expanded, t=205.36s]
Best heuristic value: 20/73 [g=301, 36232 evaluated, 36231 expanded, t=205.45s]
Best heuristic value: 20/72 [g=306, 36440 evaluated, 36439 expanded, t=206.59s]
Best heuristic value: 20/71 [g=307, 36442 evaluated, 36441 expanded, t=206.6s]
Best heuristic value: 20/70 [g=309, 36452 evaluated, 36451 expanded, t=206.65s]
Best heuristic value: 20/69 [g=310, 36454 evaluated, 36453 expanded, t=206.66s]
Best heuristic value: 19/68 [g=312, 36467 evaluated, 36466 expanded, t=206.72s]
Best heuristic value: 19/67 [g=316, 36527 evaluated, 36526 expanded, t=207.04s]
Best heuristic value: 19/66 [g=317, 36528 evaluated, 36527 expanded, t=207.04s]
Best heuristic value: 18/65 [g=320, 36600 evaluated, 36599 expanded, t=207.44s]
Best heuristic value: 18/64 [g=326, 36754 evaluated, 36753 expanded, t=208.3s]
Best heuristic value: 18/62 [g=327, 36755 evaluated, 36754 expanded, t=208.3s]
Best heuristic value: 18/61 [g=328, 36756 evaluated, 36755 expanded, t=208.3s]
Best heuristic value: 18/60 [g=331, 36799 evaluated, 36798 expanded, t=208.53s]
Best heuristic value: 18/59 [g=332, 36801 evaluated, 36800 expanded, t=208.54s]
Best heuristic value: 18/58 [g=333, 36802 evaluated, 36801 expanded, t=208.54s]
Best heuristic value: 17/57 [g=335, 36836 evaluated, 36835 expanded, t=208.72s]
Best heuristic value: 16/56 [g=337, 36844 evaluated, 36843 expanded, t=208.76s]
Best heuristic value: 16/55 [g=341, 37049 evaluated, 37048 expanded, t=209.88s]
Best heuristic value: 16/54 [g=342, 37050 evaluated, 37049 expanded, t=209.88s]
Best heuristic value: 16/53 [g=343, 37052 evaluated, 37051 expanded, t=209.89s]
Best heuristic value: 15/53 [g=350, 37199 evaluated, 37198 expanded, t=210.67s]
Best heuristic value: 14/52 [g=353, 37212 evaluated, 37211 expanded, t=210.74s]
Best heuristic value: 14/51 [g=356, 37228 evaluated, 37227 expanded, t=210.82s]
Best heuristic value: 14/50 [g=357, 37229 evaluated, 37228 expanded, t=210.83s]
Best heuristic value: 13/49 [g=359, 37307 evaluated, 37306 expanded, t=211.26s]
Best heuristic value: 13/48 [g=362, 37319 evaluated, 37318 expanded, t=211.32s]
Best heuristic value: 13/47 [g=363, 37320 evaluated, 37319 expanded, t=211.33s]
Best heuristic value: 12/46 [g=365, 37383 evaluated, 37382 expanded, t=211.68s]
Best heuristic value: 12/45 [g=372, 37428 evaluated, 37427 expanded, t=211.92s]
Best heuristic value: 12/44 [g=373, 37429 evaluated, 37428 expanded, t=211.92s]
Best heuristic value: 11/43 [g=375, 37438 evaluated, 37437 expanded, t=211.97s]
Best heuristic value: 11/42 [g=381, 37496 evaluated, 37495 expanded, t=212.27s]
Best heuristic value: 11/41 [g=382, 37499 evaluated, 37498 expanded, t=212.28s]
Best heuristic value: 11/40 [g=385, 37534 evaluated, 37533 expanded, t=212.45s]
Best heuristic value: 11/39 [g=386, 37541 evaluated, 37540 expanded, t=212.49s]
Best heuristic value: 10/38 [g=388, 37575 evaluated, 37574 expanded, t=212.66s]
Best heuristic value: 10/37 [g=392, 37615 evaluated, 37614 expanded, t=212.88s]
Best heuristic value: 10/36 [g=394, 37628 evaluated, 37627 expanded, t=212.95s]
Best heuristic value: 10/35 [g=395, 37632 evaluated, 37631 expanded, t=212.97s]
Best heuristic value: 10/34 [g=397, 37640 evaluated, 37639 expanded, t=213.01s]
Best heuristic value: 10/33 [g=400, 37682 evaluated, 37681 expanded, t=213.23s]
Best heuristic value: 10/32 [g=401, 37685 evaluated, 37684 expanded, t=213.24s]
Best heuristic value: 9/31 [g=403, 37698 evaluated, 37697 expanded, t=213.31s]
Best heuristic value: 8/30 [g=405, 37711 evaluated, 37710 expanded, t=213.37s]
Best heuristic value: 8/29 [g=408, 37722 evaluated, 37721 expanded, t=213.42s]
Best heuristic value: 8/28 [g=411, 37740 evaluated, 37739 expanded, t=213.52s]
Best heuristic value: 8/27 [g=412, 37741 evaluated, 37740 expanded, t=213.52s]
Best heuristic value: 8/26 [g=413, 37743 evaluated, 37742 expanded, t=213.53s]
Best heuristic value: 7/25 [g=415, 37764 evaluated, 37763 expanded, t=213.65s]
Best heuristic value: 6/24 [g=417, 37780 evaluated, 37779 expanded, t=213.73s]
Best heuristic value: 6/23 [g=422, 37798 evaluated, 37797 expanded, t=213.82s]
Best heuristic value: 6/22 [g=423, 37799 evaluated, 37798 expanded, t=213.83s]
Best heuristic value: 6/21 [g=424, 37801 evaluated, 37800 expanded, t=213.84s]
Best heuristic value: 6/20 [g=425, 37803 evaluated, 37802 expanded, t=213.85s]
Best heuristic value: 5/19 [g=427, 37820 evaluated, 37819 expanded, t=213.93s]
Best heuristic value: 5/18 [g=432, 37836 evaluated, 37835 expanded, t=214.01s]
Best heuristic value: 5/17 [g=433, 37839 evaluated, 37838 expanded, t=214.03s]
Best heuristic value: 4/16 [g=435, 37852 evaluated, 37851 expanded, t=214.1s]
Best heuristic value: 4/15 [g=441, 37869 evaluated, 37868 expanded, t=214.19s]
Best heuristic value: 3/14 [g=443, 37879 evaluated, 37878 expanded, t=214.24s]
Best heuristic value: 3/13 [g=449, 37896 evaluated, 37895 expanded, t=214.34s]
Best heuristic value: 3/12 [g=450, 37900 evaluated, 37899 expanded, t=214.35s]
Best heuristic value: 3/11 [g=455, 37925 evaluated, 37924 expanded, t=214.48s]
Best heuristic value: 3/10 [g=458, 37941 evaluated, 37940 expanded, t=214.55s]
Best heuristic value: 3/9 [g=459, 37942 evaluated, 37941 expanded, t=214.56s]
Best heuristic value: 3/8 [g=460, 37943 evaluated, 37942 expanded, t=214.56s]
Best heuristic value: 2/8 [g=461, 37946 evaluated, 37945 expanded, t=214.57s]
Best heuristic value: 2/7 [g=462, 37947 evaluated, 37946 expanded, t=214.58s]
Best heuristic value: 2/6 [g=463, 37950 evaluated, 37949 expanded, t=214.59s]
Best heuristic value: 1/6 [g=464, 37955 evaluated, 37954 expanded, t=214.61s]
Best heuristic value: 1/5 [g=465, 37957 evaluated, 37956 expanded, t=214.62s]
Best heuristic value: 1/4 [g=469, 37964 evaluated, 37963 expanded, t=214.64s]
Best heuristic value: 1/3 [g=470, 37966 evaluated, 37965 expanded, t=214.65s]
Best heuristic value: 1/2 [g=471, 37967 evaluated, 37966 expanded, t=214.66s]
Best heuristic value: 1/1 [g=472, 37968 evaluated, 37967 expanded, t=214.66s]
Solution found!
Actual search time: 210.23s [t=214.66s]
navigate rover9 waypoint63 waypoint44 (1)
navigate rover9 waypoint44 waypoint77 (1)
sample_rock rover9 rover9store waypoint77 (1)
navigate rover9 waypoint77 waypoint44 (1)
navigate rover9 waypoint44 waypoint63 (1)
navigate rover9 waypoint63 waypoint64 (1)
calibrate rover13 camera8 objective4 waypoint46 (1)
navigate rover10 waypoint73 waypoint65 (1)
navigate rover0 waypoint60 waypoint39 (1)
navigate rover0 waypoint39 waypoint58 (1)
navigate rover8 waypoint78 waypoint54 (1)
navigate rover6 waypoint16 waypoint27 (1)
communicate_rock_data rover9 general waypoint77 waypoint64 waypoint84 (1)
end_communication rover7 general colour waypoint64 waypoint84 (1)
navigate rover5 waypoint43 waypoint88 (1)
take_image rover13 waypoint46 objective4 camera8 colour (1)
calibrate rover13 camera8 objective4 waypoint46 (1)
take_image rover13 waypoint46 objective3 camera8 colour (1)
calibrate rover13 camera8 objective4 waypoint46 (1)
take_image rover13 waypoint46 objective11 camera8 low_res (1)
calibrate rover13 camera8 objective4 waypoint46 (1)
navigate rover6 waypoint27 waypoint85 (1)
sample_soil rover6 rover6store waypoint85 (1)
navigate rover6 waypoint85 waypoint27 (1)
navigate rover6 waypoint27 waypoint78 (1)
communicate_soil_data rover6 general waypoint85 waypoint78 waypoint84 (1)
end_communication rover7 general colour waypoint64 waypoint84 (1)
sample_soil rover0 rover0store waypoint58 (1)
drop rover0 rover0store (1)
communicate_soil_data rover0 general waypoint58 waypoint58 waypoint84 (1)
end_communication rover7 general colour waypoint64 waypoint84 (1)
navigate rover3 waypoint93 waypoint35 (1)
navigate rover3 waypoint35 waypoint39 (1)
take_image rover13 waypoint46 objective6 camera8 high_res (1)
calibrate rover13 camera8 objective4 waypoint46 (1)
take_image rover13 waypoint46 objective1 camera8 high_res (1)
calibrate rover13 camera8 objective4 waypoint46 (1)
navigate rover5 waypoint88 waypoint91 (1)
sample_rock rover5 rover5store waypoint91 (1)
communicate_rock_data rover5 general waypoint91 waypoint91 waypoint84 (1)
end_communication rover7 general colour waypoint64 waypoint84 (1)
navigate rover10 waypoint65 waypoint1 (1)
calibrate rover10 camera0 objective8 waypoint1 (1)
take_image rover10 waypoint1 objective2 camera0 low_res (1)
calibrate rover10 camera0 objective8 waypoint1 (1)
take_image rover10 waypoint1 objective13 camera0 low_res (1)
calibrate rover10 camera0 objective8 waypoint1 (1)
take_image rover10 waypoint1 objective12 camera0 low_res (1)
calibrate rover10 camera0 objective8 waypoint1 (1)
take_image rover10 waypoint1 objective10 camera0 low_res (1)
sample_soil rover10 rover10store waypoint1 (1)
drop rover10 rover10store (1)
navigate rover10 waypoint1 waypoint8 (1)
sample_soil rover10 rover10store waypoint8 (1)
communicate_image_data rover10 general objective2 low_res waypoint8 waypoint84 (1)
end_communication rover7 general colour waypoint64 waypoint84 (1)
end_communication rover10 general colour waypoint8 waypoint84 (1)
communicate_image_data rover10 general objective13 low_res waypoint8 waypoint84 (1)
end_communication rover7 general colour waypoint64 waypoint84 (1)
navigate rover13 waypoint46 waypoint61 (1)
navigate rover13 waypoint61 waypoint55 (1)
sample_rock rover13 rover13store waypoint55 (1)
navigate rover12 waypoint4 waypoint47 (1)
navigate rover12 waypoint47 waypoint91 (1)
navigate rover12 waypoint91 waypoint74 (1)
sample_rock rover12 rover12store waypoint74 (1)
navigate rover4 waypoint32 waypoint24 (1)
navigate rover12 waypoint74 waypoint91 (1)
navigate rover13 waypoint55 waypoint61 (1)
drop rover13 rover13store (1)
end_communication rover10 general colour waypoint8 waypoint84 (1)
calibrate rover1 camera13 objective10 waypoint25 (1)
navigate rover1 waypoint25 waypoint17 (1)
navigate rover1 waypoint17 waypoint1 (1)
sample_rock rover13 rover13store waypoint61 (1)
navigate rover13 waypoint61 waypoint46 (1)
communicate_rock_data rover12 general waypoint74 waypoint91 waypoint84 (1)
end_communication rover7 general colour waypoint64 waypoint84 (1)
take_image rover1 waypoint1 objective13 camera13 high_res (1)
calibrate rover1 camera13 objective10 waypoint1 (1)
take_image rover1 waypoint1 objective12 camera13 high_res (1)
communicate_rock_data rover13 general waypoint61 waypoint46 waypoint84 (1)
end_communication rover7 general colour waypoint64 waypoint84 (1)
end_communication rover13 general colour waypoint46 waypoint84 (1)
communicate_rock_data rover13 general waypoint55 waypoint46 waypoint84 (1)
end_communication rover7 general colour waypoint64 waypoint84 (1)
end_communication rover13 general colour waypoint46 waypoint84 (1)
communicate_image_data rover13 general objective4 colour waypoint46 waypoint84 (1)
end_communication rover7 general colour waypoint64 waypoint84 (1)
communicate_image_data rover10 general objective12 low_res waypoint8 waypoint84 (1)
end_communication rover7 general colour waypoint64 waypoint84 (1)
end_communication rover13 general colour waypoint46 waypoint84 (1)
end_communication rover10 general colour waypoint8 waypoint84 (1)
communicate_image_data rover13 general objective3 colour waypoint46 waypoint84 (1)
end_communication rover7 general colour waypoint64 waypoint84 (1)
communicate_image_data rover10 general objective10 low_res waypoint8 waypoint84 (1)
end_communication rover7 general colour waypoint64 waypoint84 (1)
end_communication rover13 general colour waypoint46 waypoint84 (1)
end_communication rover10 general colour waypoint8 waypoint84 (1)
communicate_image_data rover13 general objective11 low_res waypoint46 waypoint84 (1)
end_communication rover7 general colour waypoint64 waypoint84 (1)
end_communication rover13 general colour waypoint46 waypoint84 (1)
communicate_soil_data rover10 general waypoint1 waypoint8 waypoint84 (1)
end_communication rover7 general colour waypoint64 waypoint84 (1)
end_communication rover10 general colour waypoint8 waypoint84 (1)
communicate_soil_data rover10 general waypoint8 waypoint8 waypoint84 (1)
end_communication rover7 general colour waypoint64 waypoint84 (1)
navigate rover2 waypoint47 waypoint89 (1)
communicate_image_data rover13 general objective6 high_res waypoint46 waypoint84 (1)
end_communication rover7 general colour waypoint64 waypoint84 (1)
end_communication rover13 general colour waypoint46 waypoint84 (1)
communicate_image_data rover13 general objective1 high_res waypoint46 waypoint84 (1)
end_communication rover7 general colour waypoint64 waypoint84 (1)
sample_soil rover2 rover2store waypoint89 (1)
navigate rover2 waypoint89 waypoint47 (1)
navigate rover2 waypoint47 waypoint91 (1)
communicate_image_data rover1 general objective13 high_res waypoint1 waypoint84 (1)
end_communication rover7 general colour waypoint64 waypoint84 (1)
end_communication rover1 general colour waypoint1 waypoint84 (1)
communicate_image_data rover1 general objective12 high_res waypoint1 waypoint84 (1)
end_communication rover7 general colour waypoint64 waypoint84 (1)
communicate_soil_data rover2 general waypoint89 waypoint91 waypoint84 (1)
end_communication rover7 general colour waypoint64 waypoint84 (1)
end_communication rover2 general colour waypoint91 waypoint84 (1)
drop rover2 rover2store (1)
sample_soil rover2 rover2store waypoint91 (1)
navigate rover2 waypoint91 waypoint47 (1)
drop rover2 rover2store (1)
navigate rover2 waypoint47 waypoint5 (1)
navigate rover2 waypoint5 waypoint60 (1)
navigate rover8 waypoint54 waypoint90 (1)
drop rover6 rover6store (1)
sample_soil rover6 rover6store waypoint78 (1)
end_communication rover6 general colour waypoint78 waypoint84 (1)
communicate_soil_data rover6 general waypoint78 waypoint78 waypoint84 (1)
end_communication rover7 general colour waypoint64 waypoint84 (1)
navigate rover8 waypoint90 waypoint54 (1)
navigate rover8 waypoint54 waypoint78 (1)
navigate rover8 waypoint78 waypoint46 (1)
navigate rover2 waypoint60 waypoint23 (1)
sample_soil rover2 rover2store waypoint23 (1)
drop rover2 rover2store (1)
communicate_soil_data rover2 general waypoint91 waypoint23 waypoint84 (1)
end_communication rover7 general colour waypoint64 waypoint84 (1)
end_communication rover2 general colour waypoint23 waypoint84 (1)
communicate_soil_data rover2 general waypoint23 waypoint23 waypoint84 (1)
end_communication rover7 general colour waypoint64 waypoint84 (1)
end_communication rover2 general colour waypoint23 waypoint84 (1)
navigate rover2 waypoint23 waypoint60 (1)
navigate rover2 waypoint60 waypoint5 (1)
sample_soil rover2 rover2store waypoint5 (1)
drop rover2 rover2store (1)
navigate rover2 waypoint5 waypoint92 (1)
sample_soil rover2 rover2store waypoint92 (1)
navigate rover2 waypoint92 waypoint5 (1)
drop rover2 rover2store (1)
navigate rover2 waypoint5 waypoint76 (1)
sample_soil rover2 rover2store waypoint76 (1)
navigate rover2 waypoint76 waypoint5 (1)
navigate rover2 waypoint5 waypoint60 (1)
navigate rover2 waypoint60 waypoint33 (1)
drop rover2 rover2store (1)
communicate_soil_data rover2 general waypoint92 waypoint33 waypoint84 (1)
end_communication rover7 general colour waypoint64 waypoint84 (1)
navigate rover8 waypoint46 waypoint80 (1)
navigate rover8 waypoint80 waypoint2 (1)
sample_soil rover8 rover8store waypoint2 (1)
navigate rover8 waypoint2 waypoint80 (1)
navigate rover3 waypoint39 waypoint35 (1)
drop rover8 rover8store (1)
navigate rover3 waypoint35 waypoint93 (1)
end_communication rover2 general colour waypoint33 waypoint84 (1)
sample_soil rover8 rover8store waypoint80 (1)
navigate rover8 waypoint80 waypoint46 (1)
navigate rover2 waypoint33 waypoint60 (1)
sample_soil rover2 rover2store waypoint60 (1)
navigate rover2 waypoint60 waypoint33 (1)
navigate rover3 waypoint93 waypoint35 (1)
navigate rover8 waypoint46 waypoint42 (1)
drop rover8 rover8store (1)
sample_soil rover8 rover8store waypoint42 (1)
navigate rover8 waypoint42 waypoint46 (1)
navigate rover8 waypoint46 waypoint79 (1)
drop rover8 rover8store (1)
communicate_soil_data rover2 general waypoint76 waypoint33 waypoint84 (1)
end_communication rover7 general colour waypoint64 waypoint84 (1)
end_communication rover2 general colour waypoint33 waypoint84 (1)
communicate_soil_data rover2 general waypoint60 waypoint33 waypoint84 (1)
end_communication rover7 general colour waypoint64 waypoint84 (1)
end_communication rover2 general colour waypoint33 waypoint84 (1)
communicate_soil_data rover2 general waypoint5 waypoint33 waypoint84 (1)
end_communication rover7 general colour waypoint64 waypoint84 (1)
navigate rover8 waypoint79 waypoint31 (1)
sample_soil rover8 rover8store waypoint31 (1)
navigate rover8 waypoint31 waypoint79 (1)
navigate rover8 waypoint79 waypoint46 (1)
navigate rover3 waypoint35 waypoint93 (1)
navigate rover8 waypoint46 waypoint45 (1)
drop rover8 rover8store (1)
sample_soil rover8 rover8store waypoint45 (1)
navigate rover8 waypoint45 waypoint46 (1)
communicate_soil_data rover8 general waypoint2 waypoint46 waypoint84 (1)
end_communication rover7 general colour waypoint64 waypoint84 (1)
navigate rover3 waypoint93 waypoint35 (1)
end_communication rover8 general colour waypoint46 waypoint84 (1)
communicate_soil_data rover8 general waypoint80 waypoint46 waypoint84 (1)
end_communication rover7 general colour waypoint64 waypoint84 (1)
end_communication rover8 general colour waypoint46 waypoint84 (1)
communicate_soil_data rover8 general waypoint45 waypoint46 waypoint84 (1)
end_communication rover7 general colour waypoint64 waypoint84 (1)
end_communication rover8 general colour waypoint46 waypoint84 (1)
communicate_soil_data rover8 general waypoint42 waypoint46 waypoint84 (1)
end_communication rover7 general colour waypoint64 waypoint84 (1)
end_communication rover8 general colour waypoint46 waypoint84 (1)
communicate_soil_data rover8 general waypoint31 waypoint46 waypoint84 (1)
end_communication rover7 general colour waypoint64 waypoint84 (1)
navigate rover3 waypoint35 waypoint74 (1)
sample_soil rover3 rover3store waypoint74 (1)
drop rover3 rover3store (1)
navigate rover3 waypoint74 waypoint35 (1)
communicate_soil_data rover3 general waypoint74 waypoint35 waypoint84 (1)
end_communication rover7 general colour waypoint64 waypoint84 (1)
end_communication rover3 general colour waypoint35 waypoint84 (1)
navigate rover4 waypoint24 waypoint84 (1)
navigate rover4 waypoint84 waypoint8 (1)
sample_rock rover4 rover4store waypoint8 (1)
drop rover4 rover4store (1)
navigate rover4 waypoint8 waypoint84 (1)
navigate rover4 waypoint84 waypoint24 (1)
navigate rover4 waypoint24 waypoint31 (1)
navigate rover4 waypoint31 waypoint38 (1)
drop rover9 rover9store (1)
navigate rover4 waypoint38 waypoint31 (1)
end_communication rover9 general colour waypoint64 waypoint84 (1)
navigate rover4 waypoint31 waypoint24 (1)
navigate rover9 waypoint64 waypoint84 (1)
navigate rover9 waypoint84 waypoint78 (1)
sample_rock rover9 rover9store waypoint78 (1)
communicate_rock_data rover9 general waypoint78 waypoint78 waypoint84 (1)
end_communication rover7 general colour waypoint64 waypoint84 (1)
communicate_rock_data rover4 general waypoint8 waypoint24 waypoint84 (1)
end_communication rover4 general colour waypoint24 waypoint84 (1)
navigate rover3 waypoint35 waypoint7 (1)
sample_soil rover3 rover3store waypoint7 (1)
drop rover3 rover3store (1)
navigate rover3 waypoint7 waypoint35 (1)
communicate_soil_data rover3 general waypoint7 waypoint35 waypoint84 (1)
end_communication rover7 general colour waypoint64 waypoint84 (1)
end_communication rover3 general colour waypoint35 waypoint84 (1)
navigate rover3 waypoint35 waypoint43 (1)
sample_soil rover3 rover3store waypoint43 (1)
drop rover3 rover3store (1)
navigate rover3 waypoint43 waypoint35 (1)
communicate_soil_data rover3 general waypoint43 waypoint35 waypoint84 (1)
end_communication rover7 general colour waypoint64 waypoint84 (1)
end_communication rover3 general colour waypoint35 waypoint84 (1)
navigate rover4 waypoint24 waypoint31 (1)
navigate rover4 waypoint31 waypoint3 (1)
sample_rock rover4 rover4store waypoint3 (1)
drop rover4 rover4store (1)
navigate rover4 waypoint3 waypoint31 (1)
navigate rover4 waypoint31 waypoint24 (1)
navigate rover4 waypoint24 waypoint52 (1)
navigate rover4 waypoint52 waypoint23 (1)
navigate rover4 waypoint23 waypoint67 (1)
drop rover13 rover13store (1)
end_communication rover13 general colour waypoint46 waypoint84 (1)
navigate rover4 waypoint67 waypoint23 (1)
navigate rover13 waypoint46 waypoint36 (1)
navigate rover13 waypoint36 waypoint56 (1)
sample_rock rover13 rover13store waypoint56 (1)
sample_rock rover4 rover4store waypoint23 (1)
drop rover4 rover4store (1)
navigate rover4 waypoint23 waypoint52 (1)
navigate rover13 waypoint56 waypoint36 (1)
navigate rover4 waypoint52 waypoint24 (1)
navigate rover13 waypoint36 waypoint46 (1)
communicate_rock_data rover13 general waypoint56 waypoint46 waypoint84 (1)
end_communication rover7 general colour waypoint64 waypoint84 (1)
communicate_rock_data rover4 general waypoint3 waypoint24 waypoint84 (1)
end_communication rover4 general colour waypoint24 waypoint84 (1)
communicate_rock_data rover4 general waypoint23 waypoint24 waypoint84 (1)
end_communication rover4 general colour waypoint24 waypoint84 (1)
navigate rover4 waypoint24 waypoint31 (1)
navigate rover4 waypoint31 waypoint17 (1)
sample_rock rover4 rover4store waypoint17 (1)
drop rover4 rover4store (1)
navigate rover4 waypoint17 waypoint31 (1)
navigate rover4 waypoint31 waypoint24 (1)
navigate rover4 waypoint24 waypoint52 (1)
navigate rover4 waypoint52 waypoint23 (1)
navigate rover4 waypoint23 waypoint67 (1)
drop rover13 rover13store (1)
end_communication rover13 general colour waypoint46 waypoint84 (1)
sample_rock rover4 rover4store waypoint67 (1)
navigate rover4 waypoint67 waypoint23 (1)
communicate_rock_data rover4 general waypoint67 waypoint23 waypoint84 (1)
end_communication rover7 general colour waypoint64 waypoint84 (1)
end_communication rover4 general colour waypoint23 waypoint84 (1)
communicate_rock_data rover4 general waypoint17 waypoint23 waypoint84 (1)
end_communication rover7 general colour waypoint64 waypoint84 (1)
navigate rover13 waypoint46 waypoint61 (1)
navigate rover13 waypoint61 waypoint45 (1)
drop rover4 rover4store (1)
end_communication rover4 general colour waypoint23 waypoint84 (1)
sample_rock rover13 rover13store waypoint45 (1)
navigate rover13 waypoint45 waypoint61 (1)
navigate rover4 waypoint23 waypoint52 (1)
navigate rover4 waypoint52 waypoint24 (1)
navigate rover13 waypoint61 waypoint46 (1)
communicate_rock_data rover13 general waypoint45 waypoint46 waypoint84 (1)
end_communication rover7 general colour waypoint64 waypoint84 (1)
navigate rover4 waypoint24 waypoint26 (1)
navigate rover4 waypoint26 waypoint37 (1)
sample_rock rover4 rover4store waypoint37 (1)
drop rover4 rover4store (1)
navigate rover4 waypoint37 waypoint26 (1)
navigate rover4 waypoint26 waypoint24 (1)
communicate_rock_data rover4 general waypoint37 waypoint24 waypoint84 (1)
end_communication rover4 general colour waypoint24 waypoint84 (1)
navigate rover4 waypoint24 waypoint26 (1)
navigate rover4 waypoint26 waypoint94 (1)
navigate rover4 waypoint94 waypoint15 (1)
sample_rock rover4 rover4store waypoint15 (1)
drop rover4 rover4store (1)
navigate rover4 waypoint15 waypoint94 (1)
navigate rover4 waypoint94 waypoint26 (1)
navigate rover4 waypoint26 waypoint24 (1)
navigate rover4 waypoint24 waypoint52 (1)
navigate rover4 waypoint52 waypoint11 (1)
sample_rock rover4 rover4store waypoint11 (1)
navigate rover4 waypoint11 waypoint52 (1)
navigate rover4 waypoint52 waypoint49 (1)
communicate_rock_data rover4 general waypoint11 waypoint49 waypoint84 (1)
end_communication rover4 general colour waypoint49 waypoint84 (1)
communicate_rock_data rover4 general waypoint15 waypoint49 waypoint84 (1)
end_communication rover7 general colour waypoint64 waypoint84 (1)
navigate rover3 waypoint35 waypoint93 (1)
navigate rover3 waypoint93 waypoint36 (1)
end_communication rover0 general colour waypoint58 waypoint84 (1)
navigate rover3 waypoint36 waypoint13 (1)
navigate rover0 waypoint58 waypoint39 (1)
navigate rover0 waypoint39 waypoint60 (1)
navigate rover0 waypoint60 waypoint33 (1)
sample_soil rover3 rover3store waypoint13 (1)
navigate rover3 waypoint13 waypoint90 (1)
drop rover3 rover3store (1)
sample_soil rover3 rover3store waypoint90 (1)
communicate_soil_data rover3 general waypoint13 waypoint90 waypoint84 (1)
end_communication rover7 general colour waypoint64 waypoint84 (1)
end_communication rover3 general colour waypoint90 waypoint84 (1)
communicate_soil_data rover3 general waypoint90 waypoint90 waypoint84 (1)
end_communication rover7 general colour waypoint64 waypoint84 (1)
navigate rover0 waypoint33 waypoint57 (1)
sample_soil rover0 rover0store waypoint57 (1)
drop rover0 rover0store (1)
navigate rover0 waypoint57 waypoint33 (1)
communicate_soil_data rover0 general waypoint57 waypoint33 waypoint84 (1)
end_communication rover0 general colour waypoint33 waypoint84 (1)
navigate rover0 waypoint33 waypoint50 (1)
sample_soil rover0 rover0store waypoint50 (1)
drop rover0 rover0store (1)
navigate rover0 waypoint50 waypoint33 (1)
communicate_soil_data rover0 general waypoint50 waypoint33 waypoint84 (1)
end_communication rover0 general colour waypoint33 waypoint84 (1)
navigate rover0 waypoint33 waypoint60 (1)
navigate rover0 waypoint60 waypoint39 (1)
navigate rover0 waypoint39 waypoint19 (1)
end_communication rover8 general colour waypoint46 waypoint84 (1)
sample_soil rover0 rover0store waypoint19 (1)
navigate rover0 waypoint19 waypoint39 (1)
drop rover8 rover8store (1)
navigate rover0 waypoint39 waypoint58 (1)
communicate_soil_data rover0 general waypoint19 waypoint58 waypoint84 (1)
end_communication rover7 general colour waypoint64 waypoint84 (1)
navigate rover8 waypoint46 waypoint78 (1)
navigate rover8 waypoint78 waypoint55 (1)
navigate rover8 waypoint55 waypoint87 (1)
drop rover10 rover10store (1)
navigate rover8 waypoint87 waypoint55 (1)
end_communication rover10 general colour waypoint8 waypoint84 (1)
navigate rover10 waypoint8 waypoint1 (1)
navigate rover8 waypoint55 waypoint78 (1)
navigate rover10 waypoint1 waypoint65 (1)
sample_soil rover10 rover10store waypoint65 (1)
navigate rover10 waypoint65 waypoint1 (1)
communicate_soil_data rover10 general waypoint65 waypoint1 waypoint84 (1)
end_communication rover7 general colour waypoint64 waypoint84 (1)
navigate rover8 waypoint78 waypoint69 (1)
navigate rover8 waypoint69 waypoint77 (1)
drop rover3 rover3store (1)
sample_soil rover8 rover8store waypoint77 (1)
drop rover8 rover8store (1)
navigate rover8 waypoint77 waypoint69 (1)
end_communication rover3 general colour waypoint90 waypoint84 (1)
navigate rover8 waypoint69 waypoint78 (1)
navigate rover3 waypoint90 waypoint13 (1)
navigate rover3 waypoint13 waypoint82 (1)
sample_soil rover3 rover3store waypoint82 (1)
navigate rover3 waypoint82 waypoint13 (1)
navigate rover3 waypoint13 waypoint90 (1)
communicate_soil_data rover3 general waypoint82 waypoint90 waypoint84 (1)
end_communication rover7 general colour waypoint64 waypoint84 (1)
communicate_soil_data rover8 general waypoint77 waypoint78 waypoint84 (1)
end_communication rover8 general colour waypoint78 waypoint84 (1)
navigate rover8 waypoint78 waypoint69 (1)
sample_soil rover8 rover8store waypoint69 (1)
drop rover8 rover8store (1)
navigate rover8 waypoint69 waypoint3 (1)
sample_soil rover8 rover8store waypoint3 (1)
drop rover8 rover8store (1)
navigate rover8 waypoint3 waypoint69 (1)
navigate rover8 waypoint69 waypoint78 (1)
communicate_soil_data rover8 general waypoint69 waypoint78 waypoint84 (1)
end_communication rover8 general colour waypoint78 waypoint84 (1)
communicate_soil_data rover8 general waypoint3 waypoint78 waypoint84 (1)
end_communication rover8 general colour waypoint78 waypoint84 (1)
navigate rover8 waypoint78 waypoint46 (1)
navigate rover8 waypoint46 waypoint45 (1)
navigate rover8 waypoint45 waypoint62 (1)
sample_soil rover8 rover8store waypoint62 (1)
drop rover8 rover8store (1)
navigate rover8 waypoint62 waypoint45 (1)
navigate rover8 waypoint45 waypoint46 (1)
navigate rover8 waypoint46 waypoint78 (1)
communicate_soil_data rover8 general waypoint62 waypoint78 waypoint84 (1)
end_communication rover8 general colour waypoint78 waypoint84 (1)
navigate rover8 waypoint78 waypoint54 (1)
navigate rover8 waypoint54 waypoint14 (1)
sample_soil rover8 rover8store waypoint14 (1)
navigate rover8 waypoint14 waypoint54 (1)
drop rover8 rover8store (1)
navigate rover8 waypoint54 waypoint78 (1)
communicate_soil_data rover8 general waypoint14 waypoint78 waypoint84 (1)
end_communication rover8 general colour waypoint78 waypoint84 (1)
navigate rover8 waypoint78 waypoint54 (1)
navigate rover8 waypoint54 waypoint20 (1)
sample_soil rover8 rover8store waypoint20 (1)
drop rover8 rover8store (1)
navigate rover8 waypoint20 waypoint54 (1)
navigate rover8 waypoint54 waypoint78 (1)
communicate_soil_data rover8 general waypoint20 waypoint78 waypoint84 (1)
end_communication rover8 general colour waypoint78 waypoint84 (1)
navigate rover8 waypoint78 waypoint54 (1)
navigate rover8 waypoint54 waypoint20 (1)
navigate rover8 waypoint20 waypoint34 (1)
end_communication rover6 general colour waypoint78 waypoint84 (1)
drop rover6 rover6store (1)
sample_soil rover8 rover8store waypoint34 (1)
navigate rover8 waypoint34 waypoint20 (1)
navigate rover6 waypoint78 waypoint27 (1)
navigate rover6 waypoint27 waypoint16 (1)
navigate rover6 waypoint16 waypoint6 (1)
sample_soil rover6 rover6store waypoint6 (1)
drop rover6 rover6store (1)
navigate rover6 waypoint6 waypoint16 (1)
navigate rover6 waypoint16 waypoint26 (1)
navigate rover8 waypoint20 waypoint54 (1)
navigate rover6 waypoint26 waypoint24 (1)
communicate_soil_data rover6 general waypoint6 waypoint24 waypoint84 (1)
end_communication rover7 general colour waypoint64 waypoint84 (1)
navigate rover8 waypoint54 waypoint90 (1)
communicate_soil_data rover8 general waypoint34 waypoint90 waypoint84 (1)
end_communication rover8 general colour waypoint90 waypoint84 (1)
drop rover8 rover8store (1)
navigate rover8 waypoint90 waypoint54 (1)
navigate rover8 waypoint54 waypoint59 (1)
navigate rover8 waypoint59 waypoint21 (1)
sample_soil rover8 rover8store waypoint21 (1)
navigate rover8 waypoint21 waypoint59 (1)
navigate rover8 waypoint59 waypoint54 (1)
navigate rover8 waypoint54 waypoint90 (1)
communicate_soil_data rover8 general waypoint21 waypoint90 waypoint84 (1)
Plan length: 473 step(s).
Plan cost: 473
Initial state h value: 72/207.
Expanded 37968 state(s).
Reopened 0 state(s).
Evaluated 37969 state(s).
Evaluations: 75938
Generated 3490070 state(s).
Dead ends: 0 state(s).
Best solution cost so far: 473
Solution found - keep searching
Starting search: lazy_wastar(list(hff, hlm), preferred = list(hff, hlm), w = 5)
Conducting lazy best first search, (real) bound = 473
Best heuristic value: 72/207 [g=0, 1 evaluated, 0 expanded, t=214.67s]
Best heuristic value: 71/207 [g=1, 5 evaluated, 4 expanded, t=214.7s]
Best heuristic value: 70/207 [g=2, 12 evaluated, 11 expanded, t=214.75s]
Best heuristic value: 70/206 [g=1, 19 evaluated, 18 expanded, t=214.8s]
Best heuristic value: 69/206 [g=3, 20 evaluated, 19 expanded, t=214.8s]
Best heuristic value: 69/205 [g=4, 28 evaluated, 27 expanded, t=214.86s]
Best heuristic value: 68/205 [g=4, 32 evaluated, 31 expanded, t=214.89s]
Best heuristic value: 68/204 [g=5, 35 evaluated, 34 expanded, t=214.91s]
Best heuristic value: 67/204 [g=5, 36 evaluated, 35 expanded, t=214.92s]
Best heuristic value: 67/203 [g=6, 43 evaluated, 42 expanded, t=214.97s]
Best heuristic value: 66/203 [g=6, 50 evaluated, 49 expanded, t=215.02s]
Best heuristic value: 66/202 [g=7, 60 evaluated, 59 expanded, t=215.09s]
Best heuristic value: 65/202 [g=7, 63 evaluated, 62 expanded, t=215.11s]
Best heuristic value: 64/202 [g=8, 83 evaluated, 82 expanded, t=215.25s]
Best heuristic value: 64/199 [g=8, 84 evaluated, 83 expanded, t=215.26s]
Best heuristic value: 63/199 [g=9, 100 evaluated, 99 expanded, t=215.37s]
Best heuristic value: 63/198 [g=9, 111 evaluated, 110 expanded, t=215.45s]
Best heuristic value: 63/197 [g=10, 141 evaluated, 140 expanded, t=215.67s]
Best heuristic value: 63/195 [g=11, 170 evaluated, 169 expanded, t=215.88s]
Best heuristic value: 63/194 [g=12, 212 evaluated, 211 expanded, t=216.18s]
