Parsing... [0.050s CPU, 0.056s wall-clock]
Normalizing task... [0.000s CPU, 0.002s wall-clock]
Instantiating...
Generating Datalog program... [0.010s CPU, 0.013s wall-clock]
Normalizing Datalog program...
Normalizing Datalog program: [0.010s CPU, 0.014s wall-clock]
Preparing model... [0.060s CPU, 0.058s wall-clock]
Generated 94 rules.
Computing model... [36.130s CPU, 36.132s wall-clock]
40645 relevant atoms
1100985 auxiliary atoms
1141630 final queue length
1173042 total queue pushes
Completing instantiation... [11.350s CPU, 11.352s wall-clock]
Instantiating: [51.240s CPU, 51.246s wall-clock]
Computing fact groups...
Finding invariants...
35 initial candidates
Finding invariants: [0.060s CPU, 0.065s wall-clock]
Checking invariant weight... [0.020s CPU, 0.017s wall-clock]
Instantiating groups... [0.050s CPU, 0.055s wall-clock]
Collecting mutex groups... [0.000s CPU, 0.006s wall-clock]
Choosing groups...
416 uncovered facts
Choosing groups: [0.020s CPU, 0.018s wall-clock]
Building translation key... [0.010s CPU, 0.008s wall-clock]
Computing fact groups: [0.220s CPU, 0.218s wall-clock]
Building STRIPS to SAS dictionary... [0.010s CPU, 0.007s wall-clock]
Building dictionary for full mutex groups... [0.000s CPU, 0.007s wall-clock]
Building mutex information...
Building mutex information: [0.010s CPU, 0.005s wall-clock]
Translating task...
Processing axioms...
Simplifying axioms... [0.000s CPU, 0.000s wall-clock]
Processing axioms: [0.520s CPU, 0.516s wall-clock]
Translating task: [4.530s CPU, 4.528s wall-clock]
0 implied effects removed
0 effect conditions simplified
0 implied preconditions added
Detecting unreachable propositions...
0 operators removed
143 propositions removed
Detecting unreachable propositions: [0.510s CPU, 0.515s wall-clock]
Translator variables: 553
Translator derived variables: 0
Translator facts: 3441
Translator mutex groups: 137
Translator total mutex groups size: 2609
Translator operators: 32815
Translator task size: 203131
Translator peak memory: 754936 KB
Writing output... [0.560s CPU, 0.558s wall-clock]
Done! [58.100s CPU, 58.113s wall-clock]
