This is a nonunit task.
reading input... [t=0s]
Simplifying transitions... done!
done reading input! [t=0.02s]
building causal graph...done! [t=0.02s]
packing state variables...Variables: 56
Bytes per state: 8
done! [t=0.02s]
done initalizing global data [t=0.02s]
Initializing Exploration...
Generating landmarks using the RPG/SAS+ approach
approx. reasonable orders
approx. obedient reasonable orders
Removed 0 reasonable or obedient reasonable orders
Landmarks generation time: 0.0204425s
Discovered 85 landmarks, of which 0 are disjunctive and 0 are conjunctive 
239 edges
Initializing LAMA-FF Synergy Object
Initializing landmarks count heuristic...
52 initial landmarks, 2 goal landmarks
Initializing Exploration...
Generating landmarks using the RPG/SAS+ approach
approx. reasonable orders
approx. obedient reasonable orders
Removed 0 reasonable or obedient reasonable orders
Landmarks generation time: 0.0168878s
Discovered 85 landmarks, of which 0 are disjunctive and 0 are conjunctive 
239 edges
Initializing LAMA-FF Synergy Object
Initializing landmarks count heuristic...
52 initial landmarks, 2 goal landmarks
Starting search: lazy_greedy(list(hff1, hlm1), preferred = list(hff1, hlm1), cost_type = 1, reopen_closed = false)
Conducting lazy best first search, (real) bound = 2147483647
Best heuristic value: 33/34 [g=0, 1 evaluated, 0 expanded, t=0.06s, 4928 KB]
Best heuristic value: 32/33 [g=1, 14 evaluated, 12 expanded, t=0.06s, 4928 KB]
Best heuristic value: 31/32 [g=4, 115 evaluated, 91 expanded, t=0.06s, 4928 KB]
Best heuristic value: 31/31 [g=5, 122 evaluated, 98 expanded, t=0.06s, 4928 KB]
Best heuristic value: 30/31 [g=5, 129 evaluated, 105 expanded, t=0.06s, 4928 KB]
Best heuristic value: 29/31 [g=6, 130 evaluated, 106 expanded, t=0.06s, 4928 KB]
Best heuristic value: 28/30 [g=7, 147 evaluated, 123 expanded, t=0.06s, 4928 KB]
Best heuristic value: 28/29 [g=10, 292 evaluated, 232 expanded, t=0.08s, 4928 KB]
Best heuristic value: 27/29 [g=11, 303 evaluated, 243 expanded, t=0.08s, 4928 KB]
Best heuristic value: 26/28 [g=12, 306 evaluated, 246 expanded, t=0.08s, 4928 KB]
Best heuristic value: 25/27 [g=16, 513 evaluated, 379 expanded, t=0.1s, 5060 KB]
Best heuristic value: 25/26 [g=18, 538 evaluated, 404 expanded, t=0.1s, 5060 KB]
Best heuristic value: 24/26 [g=21, 570 evaluated, 433 expanded, t=0.1s, 5060 KB]
Best heuristic value: 23/25 [g=25, 708 evaluated, 542 expanded, t=0.12s, 5060 KB]
Best heuristic value: 22/25 [g=25, 736 evaluated, 566 expanded, t=0.12s, 5060 KB]
Best heuristic value: 22/24 [g=26, 740 evaluated, 570 expanded, t=0.12s, 5060 KB]
Best heuristic value: 21/23 [g=27, 785 evaluated, 611 expanded, t=0.12s, 5060 KB]
Best heuristic value: 20/22 [g=37, 964 evaluated, 736 expanded, t=0.14s, 5188 KB]
Best heuristic value: 20/21 [g=37, 1002 evaluated, 767 expanded, t=0.14s, 5188 KB]
Best heuristic value: 20/20 [g=39, 1010 evaluated, 775 expanded, t=0.14s, 5188 KB]
Best heuristic value: 19/20 [g=39, 1014 evaluated, 779 expanded, t=0.14s, 5188 KB]
Best heuristic value: 18/20 [g=40, 1015 evaluated, 780 expanded, t=0.14s, 5188 KB]
Best heuristic value: 17/19 [g=41, 1025 evaluated, 790 expanded, t=0.16s, 5188 KB]
Best heuristic value: 17/18 [g=45, 1084 evaluated, 837 expanded, t=0.16s, 5188 KB]
Best heuristic value: 15/18 [g=45, 1092 evaluated, 845 expanded, t=0.16s, 5188 KB]
Best heuristic value: 14/18 [g=46, 1097 evaluated, 850 expanded, t=0.16s, 5188 KB]
Best heuristic value: 14/17 [g=47, 1102 evaluated, 855 expanded, t=0.16s, 5188 KB]
Best heuristic value: 14/16 [g=49, 1139 evaluated, 886 expanded, t=0.16s, 5188 KB]
Best heuristic value: 14/15 [g=50, 1140 evaluated, 887 expanded, t=0.16s, 5188 KB]
Best heuristic value: 13/15 [g=52, 1158 evaluated, 902 expanded, t=0.16s, 5188 KB]
Best heuristic value: 13/14 [g=53, 1160 evaluated, 904 expanded, t=0.16s, 5188 KB]
Best heuristic value: 12/13 [g=54, 1168 evaluated, 912 expanded, t=0.16s, 5188 KB]
Best heuristic value: 11/12 [g=55, 1169 evaluated, 913 expanded, t=0.16s, 5188 KB]
Best heuristic value: 10/12 [g=57, 1177 evaluated, 921 expanded, t=0.16s, 5188 KB]
Best heuristic value: 9/11 [g=58, 1179 evaluated, 923 expanded, t=0.16s, 5320 KB]
Best heuristic value: 8/11 [g=59, 1185 evaluated, 929 expanded, t=0.16s, 5320 KB]
Best heuristic value: 7/11 [g=60, 1189 evaluated, 933 expanded, t=0.16s, 5320 KB]
Best heuristic value: 6/10 [g=61, 1194 evaluated, 938 expanded, t=0.16s, 5320 KB]
Best heuristic value: 6/9 [g=62, 1198 evaluated, 942 expanded, t=0.16s, 5320 KB]
Best heuristic value: 6/8 [g=64, 1206 evaluated, 950 expanded, t=0.16s, 5320 KB]
Best heuristic value: 6/7 [g=65, 1207 evaluated, 951 expanded, t=0.16s, 5320 KB]
Best heuristic value: 6/6 [g=67, 1210 evaluated, 954 expanded, t=0.16s, 5320 KB]
Best heuristic value: 5/5 [g=68, 1211 evaluated, 955 expanded, t=0.16s, 5320 KB]
Best heuristic value: 4/5 [g=70, 1215 evaluated, 959 expanded, t=0.18s, 5320 KB]
Best heuristic value: 3/4 [g=71, 1216 evaluated, 960 expanded, t=0.18s, 5320 KB]
Best heuristic value: 3/3 [g=73, 1218 evaluated, 962 expanded, t=0.18s, 5320 KB]
Best heuristic value: 2/2 [g=74, 1219 evaluated, 963 expanded, t=0.18s, 5320 KB]
Best heuristic value: 1/1 [g=75, 1220 evaluated, 964 expanded, t=0.18s, 5320 KB]
Solution found!
Actual search time: 0.12s [t=0.18s]
slide-base-in b-0 carry-in table-in (1)
move-arm arm1 tray-a table-in (2)
eject-base b-0 arm1 table-in (1)
move-arm-holding arm1 table-in gasket-machine b-0 (2)
set-base b-0 arm1 gasket-machine (1)
move-arm arm1 gasket-machine inspection-machine (9)
assemble-with-machine b-0 gasket-machine insert-gasket nothing-done (2)
move-arm arm1 inspection-machine gasket-machine (5)
eject-base b-0 arm1 gasket-machine (1)
move-arm-holding arm1 gasket-machine inspection-machine b-0 (9)
move-arm-holding arm1 inspection-machine table2 b-0 (12)
set-base b-0 arm1 table2 (1)
move-arm arm1 table2 inspection-machine (2)
move-arm arm1 inspection-machine tray-a (3)
pickup-component part-a-0 arm1 tray-a (1)
move-arm-holding arm1 tray-a inspection-machine part-a-0 (11)
move-arm arm2 oiling-machine table2 (4)
eject-base b-0 arm2 table2 (1)
move-arm-holding arm2 table2 table1 b-0 (7)
set-base b-0 arm2 table1 (1)
move-arm arm2 table1 oiling-machine (4)
move-arm-holding arm1 inspection-machine table1 part-a-0 (6)
assemble-with-arm part-a-0 attatch-a insert-gasket b-0 arm1 table1 (2)
eject-base b-0 arm1 table1 (1)
move-arm-holding arm1 table1 inspection-machine b-0 (8)
move-arm-holding arm1 inspection-machine table2 b-0 (12)
set-base b-0 arm1 table2 (1)
move-arm arm1 table2 inspection-machine (2)
move-arm arm2 oiling-machine table2 (4)
eject-base b-0 arm2 table2 (1)
move-arm-holding arm2 table2 oiling-machine b-0 (10)
move-arm arm1 inspection-machine table1 (6)
move-arm-holding arm2 oiling-machine screw-machine-a b-0 (11)
set-base b-0 arm2 screw-machine-a (1)
assemble-with-machine b-0 screw-machine-a screw-a attatch-a (2)
eject-base b-0 arm2 screw-machine-a (1)
move-arm-holding arm2 screw-machine-a oiling-machine b-0 (3)
move-arm arm1 table1 inspection-machine (8)
set-base b-0 arm2 oiling-machine (1)
move-arm arm2 oiling-machine screw-machine-c (3)
assemble-with-machine b-0 oiling-machine oil-cylinder screw-a (3)
move-arm arm2 screw-machine-c oiling-machine (11)
eject-base b-0 arm2 oiling-machine (1)
move-arm-holding arm2 oiling-machine screw-machine-c b-0 (3)
move-arm-holding arm2 screw-machine-c table2 b-0 (2)
set-base b-0 arm2 table2 (1)
move-arm arm2 table2 screw-machine-c (12)
move-arm arm2 screw-machine-c tray-b (10)
pickup-component part-b-0 arm2 tray-b (1)
move-arm-holding arm2 tray-b screw-machine-c part-b-0 (4)
move-arm-holding arm2 screw-machine-c table2 part-b-0 (2)
assemble-with-arm part-b-0 attatch-b oil-cylinder b-0 arm2 table2 (2)
move-arm arm2 table2 tray-c (11)
pickup-component part-c-0 arm2 tray-c (1)
move-arm-holding arm2 tray-c screw-machine-c part-c-0 (2)
move-arm-holding arm2 screw-machine-c table2 part-c-0 (2)
assemble-with-arm part-c-0 attatch-c attatch-b b-0 arm2 table2 (3)
eject-base b-0 arm2 table2 (1)
move-arm-holding arm2 table2 screw-machine-c b-0 (12)
set-base b-0 arm2 screw-machine-c (1)
assemble-with-machine b-0 screw-machine-c screw-c attatch-c (3)
eject-base b-0 arm2 screw-machine-c (1)
move-arm-holding arm2 screw-machine-c table1 b-0 (8)
set-base b-0 arm2 table1 (1)
move-arm arm2 table1 oiling-machine (4)
move-arm arm1 inspection-machine table1 (6)
eject-base b-0 arm1 table1 (1)
move-arm-holding arm1 table1 inspection-machine b-0 (8)
set-base b-0 arm1 inspection-machine (1)
move-arm arm1 inspection-machine table-out (2)
assemble-with-machine b-0 inspection-machine inspect-base screw-c (3)
move-arm arm1 table-out inspection-machine (12)
eject-base b-0 arm1 inspection-machine (1)
move-arm-holding arm1 inspection-machine table-out b-0 (2)
set-base b-0 arm1 table-out (1)
slide-base-out b-0 table-out carry-out (1)
Plan length: 76 step(s).
Plan cost: 303
Initial state h value: 33/34.
Expanded 965 state(s).
Reopened 0 state(s).
Evaluated 1221 state(s).
Evaluations: 2442
Generated 11927 state(s).
Dead ends: 255 state(s).
Best solution cost so far: 303
Solution found - keep searching
Starting search: lazy_greedy(list(hff2, hlm2), preferred = list(hff2, hlm2), reopen_closed = false)
Conducting lazy best first search, (real) bound = 303
Switch from bucket-based to heap-based queue at key = 160, num_pushes = 118
Best heuristic value: 88/154 [g=0, 1 evaluated, 0 expanded, t=0.18s, 5320 KB]
Best heuristic value: 86/154 [g=3, 2 evaluated, 1 expanded, t=0.18s, 5320 KB]
Best heuristic value: 86/144 [g=12, 3 evaluated, 2 expanded, t=0.18s, 5320 KB]
Best heuristic value: 84/144 [g=14, 4 evaluated, 3 expanded, t=0.18s, 5320 KB]
Best heuristic value: 84/134 [g=23, 5 evaluated, 4 expanded, t=0.18s, 5320 KB]
Best heuristic value: 84/129 [g=35, 12 evaluated, 11 expanded, t=0.18s, 5320 KB]
Best heuristic value: 84/116 [g=22, 13 evaluated, 12 expanded, t=0.18s, 5320 KB]
Best heuristic value: 82/116 [g=15, 20 evaluated, 19 expanded, t=0.18s, 5320 KB]
Best heuristic value: 82/114 [g=23, 28 evaluated, 27 expanded, t=0.18s, 5444 KB]
Best heuristic value: 81/114 [g=28, 67 evaluated, 64 expanded, t=0.18s, 5444 KB]
Best heuristic value: 78/114 [g=30, 68 evaluated, 65 expanded, t=0.18s, 5444 KB]
Best heuristic value: 78/106 [g=38, 74 evaluated, 71 expanded, t=0.18s, 5444 KB]
Best heuristic value: 77/106 [g=31, 81 evaluated, 78 expanded, t=0.18s, 5444 KB]
Best heuristic value: 74/106 [g=40, 82 evaluated, 79 expanded, t=0.18s, 5444 KB]
Best heuristic value: 71/106 [g=42, 104 evaluated, 101 expanded, t=0.18s, 5444 KB]
Best heuristic value: 71/103 [g=54, 114 evaluated, 111 expanded, t=0.18s, 5444 KB]
Best heuristic value: 70/103 [g=57, 194 evaluated, 180 expanded, t=0.2s, 5444 KB]
Best heuristic value: 70/94 [g=69, 200 evaluated, 186 expanded, t=0.2s, 5444 KB]
Best heuristic value: 69/94 [g=58, 207 evaluated, 193 expanded, t=0.2s, 5444 KB]
Best heuristic value: 66/94 [g=60, 212 evaluated, 198 expanded, t=0.2s, 5444 KB]
Best heuristic value: 66/90 [g=100, 398 evaluated, 361 expanded, t=0.22s, 5568 KB]
Best heuristic value: 65/90 [g=107, 422 evaluated, 383 expanded, t=0.22s, 5568 KB]
Best heuristic value: 63/90 [g=109, 423 evaluated, 384 expanded, t=0.22s, 5568 KB]
Best heuristic value: 60/90 [g=118, 533 evaluated, 472 expanded, t=0.22s, 5568 KB]
Best heuristic value: 60/87 [g=130, 540 evaluated, 479 expanded, t=0.22s, 5568 KB]
Best heuristic value: 59/83 [g=133, 548 evaluated, 487 expanded, t=0.22s, 5568 KB]
Best heuristic value: 59/74 [g=145, 551 evaluated, 490 expanded, t=0.22s, 5568 KB]
Best heuristic value: 58/74 [g=134, 557 evaluated, 496 expanded, t=0.22s, 5568 KB]
Best heuristic value: 57/74 [g=137, 559 evaluated, 498 expanded, t=0.22s, 5568 KB]
Best heuristic value: 55/74 [g=140, 562 evaluated, 501 expanded, t=0.22s, 5568 KB]
Best heuristic value: 55/71 [g=148, 572 evaluated, 511 expanded, t=0.24s, 5568 KB]
Best heuristic value: 52/71 [g=142, 573 evaluated, 512 expanded, t=0.24s, 5568 KB]
Best heuristic value: 52/69 [g=152, 587 evaluated, 526 expanded, t=0.24s, 5568 KB]
Best heuristic value: 52/62 [g=164, 593 evaluated, 532 expanded, t=0.24s, 5696 KB]
Best heuristic value: 51/62 [g=166, 595 evaluated, 534 expanded, t=0.24s, 5696 KB]
Best heuristic value: 49/62 [g=167, 609 evaluated, 548 expanded, t=0.24s, 5696 KB]
Best heuristic value: 49/58 [g=168, 616 evaluated, 554 expanded, t=0.24s, 5696 KB]
Best heuristic value: 45/58 [g=170, 618 evaluated, 555 expanded, t=0.24s, 5696 KB]
Best heuristic value: 44/58 [g=185, 636 evaluated, 571 expanded, t=0.24s, 5696 KB]
Best heuristic value: 44/57 [g=186, 639 evaluated, 574 expanded, t=0.24s, 5696 KB]
Best heuristic value: 41/57 [g=190, 646 evaluated, 581 expanded, t=0.24s, 5696 KB]
Best heuristic value: 38/57 [g=192, 651 evaluated, 586 expanded, t=0.24s, 5696 KB]
Best heuristic value: 38/53 [g=185, 652 evaluated, 587 expanded, t=0.24s, 5696 KB]
Best heuristic value: 38/51 [g=213, 710 evaluated, 635 expanded, t=0.24s, 5696 KB]
Best heuristic value: 38/43 [g=216, 716 evaluated, 641 expanded, t=0.24s, 5696 KB]
Best heuristic value: 35/43 [g=223, 728 evaluated, 653 expanded, t=0.24s, 5696 KB]
Best heuristic value: 35/40 [g=246, 738 evaluated, 663 expanded, t=0.24s, 5696 KB]
Best heuristic value: 35/38 [g=247, 741 evaluated, 666 expanded, t=0.24s, 5696 KB]
Best heuristic value: 33/38 [g=249, 742 evaluated, 667 expanded, t=0.24s, 5696 KB]
Best heuristic value: 30/38 [g=251, 743 evaluated, 668 expanded, t=0.24s, 5696 KB]
Best heuristic value: 30/34 [g=249, 744 evaluated, 669 expanded, t=0.24s, 5696 KB]
Best heuristic value: 26/34 [g=256, 755 evaluated, 680 expanded, t=0.26s, 5696 KB]
Best heuristic value: 23/34 [g=268, 756 evaluated, 681 expanded, t=0.26s, 5696 KB]
Best heuristic value: 23/30 [g=280, 759 evaluated, 684 expanded, t=0.26s, 5696 KB]
Best heuristic value: 21/30 [g=283, 761 evaluated, 686 expanded, t=0.26s, 5696 KB]
Best heuristic value: 18/30 [g=286, 768 evaluated, 693 expanded, t=0.26s, 5696 KB]
Best heuristic value: 15/30 [g=273, 819 evaluated, 735 expanded, t=0.26s, 5696 KB]
Best heuristic value: 15/26 [g=286, 826 evaluated, 742 expanded, t=0.26s, 5696 KB]
Best heuristic value: 15/24 [g=287, 828 evaluated, 744 expanded, t=0.26s, 5696 KB]
Best heuristic value: 15/22 [g=285, 835 evaluated, 751 expanded, t=0.26s, 5696 KB]
Best heuristic value: 13/13 [g=300, 844 evaluated, 760 expanded, t=0.26s, 5820 KB]
Completely explored state space -- no solution!
Actual search time: 0.98s [t=1.16s]
Initial state h value: 88/154.
Expanded 7070 state(s).
Reopened 0 state(s).
Evaluated 8945 state(s).
Evaluations: 17890
Generated 86314 state(s).
Dead ends: 1875 state(s).
Best solution cost so far: 303
No solution found - keep searching
Starting search: lazy_wastar(list(hff2, hlm2), preferred = list(hff2, hlm2), w = 5)
Conducting lazy best first search, (real) bound = 303
Best heuristic value: 88/154 [g=0, 1 evaluated, 0 expanded, t=1.16s, 6872 KB]
Best heuristic value: 86/152 [g=1, 3 evaluated, 1 expanded, t=1.16s, 6872 KB]
Best heuristic value: 84/152 [g=3, 5 evaluated, 2 expanded, t=1.16s, 6872 KB]
Best heuristic value: 83/152 [g=4, 6 evaluated, 3 expanded, t=1.16s, 6872 KB]
Best heuristic value: 80/147 [g=6, 9 evaluated, 6 expanded, t=1.18s, 6872 KB]
Best heuristic value: 79/147 [g=7, 10 evaluated, 7 expanded, t=1.18s, 6872 KB]
Best heuristic value: 79/142 [g=8, 11 evaluated, 8 expanded, t=1.18s, 6872 KB]
Best heuristic value: 76/142 [g=9, 12 evaluated, 9 expanded, t=1.18s, 6872 KB]
Best heuristic value: 74/142 [g=11, 14 evaluated, 11 expanded, t=1.18s, 6872 KB]
Best heuristic value: 71/142 [g=13, 19 evaluated, 15 expanded, t=1.18s, 6872 KB]
Best heuristic value: 71/139 [g=11, 21 evaluated, 16 expanded, t=1.18s, 6872 KB]
Best heuristic value: 71/115 [g=18, 26 evaluated, 21 expanded, 2 reopened, t=1.18s, 6872 KB]
Best heuristic value: 71/103 [g=29, 38 evaluated, 32 expanded, 2 reopened, t=1.18s, 6872 KB]
Best heuristic value: 70/103 [g=38, 67 evaluated, 57 expanded, 7 reopened, t=1.18s, 6872 KB]
Best heuristic value: 69/103 [g=39, 68 evaluated, 58 expanded, 7 reopened, t=1.18s, 6872 KB]
Best heuristic value: 69/94 [g=45, 79 evaluated, 69 expanded, 7 reopened, t=1.18s, 6872 KB]
Best heuristic value: 66/94 [g=79, 219 evaluated, 197 expanded, 31 reopened, t=1.2s, 6872 KB]
Best heuristic value: 66/90 [g=74, 357 evaluated, 320 expanded, 77 reopened, t=1.2s, 6872 KB]
Best heuristic value: 63/90 [g=80, 379 evaluated, 342 expanded, 79 reopened, t=1.22s, 6872 KB]
Best heuristic value: 61/90 [g=47, 851 evaluated, 749 expanded, 361 reopened, t=1.26s, 6872 KB]
Best heuristic value: 58/90 [g=55, 858 evaluated, 755 expanded, 361 reopened, t=1.26s, 6872 KB]
Best heuristic value: 55/90 [g=58, 872 evaluated, 765 expanded, 361 reopened, t=1.26s, 6872 KB]
Best heuristic value: 55/74 [g=64, 873 evaluated, 766 expanded, 361 reopened, t=1.26s, 6872 KB]
Best heuristic value: 54/74 [g=74, 1117 evaluated, 961 expanded, 459 reopened, t=1.28s, 6872 KB]
Best heuristic value: 52/74 [g=75, 1120 evaluated, 964 expanded, 459 reopened, t=1.28s, 6872 KB]
Best heuristic value: 51/71 [g=76, 1126 evaluated, 969 expanded, 460 reopened, t=1.28s, 6872 KB]
Best heuristic value: 51/62 [g=88, 1133 evaluated, 976 expanded, 460 reopened, t=1.3s, 6872 KB]
Best heuristic value: 50/62 [g=81, 1136 evaluated, 979 expanded, 460 reopened, t=1.3s, 6996 KB]
Best heuristic value: 47/62 [g=83, 1141 evaluated, 984 expanded, 460 reopened, t=1.3s, 6996 KB]
Best heuristic value: 47/57 [g=97, 1165 evaluated, 1005 expanded, 460 reopened, t=1.32s, 6996 KB]
Best heuristic value: 44/57 [g=99, 1167 evaluated, 1007 expanded, 460 reopened, t=1.32s, 6996 KB]
Best heuristic value: 41/57 [g=102, 1174 evaluated, 1014 expanded, 461 reopened, t=1.32s, 6996 KB]
Best heuristic value: 38/57 [g=104, 1178 evaluated, 1018 expanded, 461 reopened, t=1.32s, 6996 KB]
Best heuristic value: 38/53 [g=109, 1212 evaluated, 1048 expanded, 476 reopened, t=1.32s, 6996 KB]
Best heuristic value: 38/52 [g=115, 1304 evaluated, 1128 expanded, 499 reopened, t=1.32s, 6996 KB]
Best heuristic value: 38/43 [g=127, 1308 evaluated, 1132 expanded, 499 reopened, t=1.32s, 6996 KB]
Best heuristic value: 35/43 [g=120, 1313 evaluated, 1137 expanded, 499 reopened, t=1.32s, 6996 KB]
Best heuristic value: 33/43 [g=132, 1326 evaluated, 1150 expanded, 499 reopened, t=1.32s, 7120 KB]
Best heuristic value: 30/43 [g=134, 1327 evaluated, 1151 expanded, 499 reopened, t=1.32s, 7120 KB]
Best heuristic value: 30/34 [g=146, 1330 evaluated, 1154 expanded, 499 reopened, t=1.32s, 7120 KB]
Best heuristic value: 26/34 [g=139, 1333 evaluated, 1157 expanded, 499 reopened, t=1.32s, 7120 KB]
Best heuristic value: 24/34 [g=140, 1334 evaluated, 1158 expanded, 499 reopened, t=1.32s, 7120 KB]
Best heuristic value: 21/34 [g=153, 1345 evaluated, 1169 expanded, 499 reopened, t=1.34s, 7120 KB]
Best heuristic value: 19/34 [g=154, 1346 evaluated, 1170 expanded, 499 reopened, t=1.34s, 7120 KB]
Best heuristic value: 15/34 [g=157, 1349 evaluated, 1173 expanded, 499 reopened, t=1.34s, 7120 KB]
Best heuristic value: 15/33 [g=158, 1350 evaluated, 1174 expanded, 499 reopened, t=1.34s, 7120 KB]
Best heuristic value: 15/27 [g=166, 1354 evaluated, 1178 expanded, 499 reopened, t=1.34s, 7120 KB]
Best heuristic value: 15/25 [g=167, 1355 evaluated, 1179 expanded, 499 reopened, t=1.34s, 7244 KB]
Best heuristic value: 15/22 [g=169, 1357 evaluated, 1181 expanded, 499 reopened, t=1.34s, 7244 KB]
Best heuristic value: 13/13 [g=184, 1368 evaluated, 1192 expanded, 499 reopened, t=1.34s, 7244 KB]
Best heuristic value: 10/13 [g=187, 1372 evaluated, 1196 expanded, 499 reopened, t=1.34s, 7244 KB]
Best heuristic value: 6/13 [g=190, 1373 evaluated, 1197 expanded, 499 reopened, t=1.34s, 7244 KB]
Best heuristic value: 6/9 [g=188, 1374 evaluated, 1198 expanded, 499 reopened, t=1.34s, 7244 KB]
Best heuristic value: 6/7 [g=189, 1375 evaluated, 1199 expanded, 499 reopened, t=1.34s, 7244 KB]
Best heuristic value: 4/4 [g=191, 1376 evaluated, 1200 expanded, 499 reopened, t=1.34s, 7244 KB]
Best heuristic value: 2/2 [g=192, 1377 evaluated, 1201 expanded, 499 reopened, t=1.34s, 7244 KB]
Solution found!
Actual search time: 0.18s [t=1.34s]
slide-base-in b-0 carry-in table-in (1)
move-arm arm1 tray-a table-in (2)
eject-base b-0 arm1 table-in (1)
move-arm-holding arm1 table-in gasket-machine b-0 (2)
set-base b-0 arm1 gasket-machine (1)
move-arm arm1 gasket-machine table1 (2)
move-arm arm2 oiling-machine tray-c (2)
assemble-with-machine b-0 gasket-machine insert-gasket nothing-done (2)
move-arm arm1 table1 gasket-machine (12)
eject-base b-0 arm1 gasket-machine (1)
move-arm-holding arm1 gasket-machine table1 b-0 (2)
set-base b-0 arm1 table1 (1)
move-arm arm1 table1 tray-a (10)
pickup-component part-a-0 arm1 tray-a (1)
move-arm-holding arm1 tray-a table1 part-a-0 (4)
assemble-with-arm part-a-0 attatch-a insert-gasket b-0 arm1 table1 (2)
eject-base b-0 arm1 table1 (1)
move-arm-holding arm1 table1 table2 b-0 (7)
set-base b-0 arm1 table2 (1)
move-arm arm1 table2 inspection-machine (2)
move-arm arm2 tray-c table2 (3)
eject-base b-0 arm2 table2 (1)
move-arm-holding arm2 table2 table1 b-0 (7)
move-arm-holding arm2 table1 screw-machine-a b-0 (2)
set-base b-0 arm2 screw-machine-a (1)
assemble-with-machine b-0 screw-machine-a screw-a attatch-a (2)
eject-base b-0 arm2 screw-machine-a (1)
move-arm-holding arm2 screw-machine-a tray-b b-0 (2)
move-arm arm1 inspection-machine table2 (12)
move-arm-holding arm2 tray-b oiling-machine b-0 (2)
set-base b-0 arm2 oiling-machine (1)
assemble-with-machine b-0 oiling-machine oil-cylinder screw-a (3)
eject-base b-0 arm2 oiling-machine (1)
move-arm arm1 table2 inspection-machine (2)
move-arm-holding arm2 oiling-machine table2 b-0 (4)
set-base b-0 arm2 table2 (1)
move-arm arm2 table2 tray-b (9)
pickup-component part-b-0 arm2 tray-b (1)
move-arm-holding arm2 tray-b tray-c part-b-0 (3)
move-arm-holding arm2 tray-c table2 part-b-0 (3)
assemble-with-arm part-b-0 attatch-b oil-cylinder b-0 arm2 table2 (2)
move-arm arm2 table2 tray-c (11)
pickup-component part-c-0 arm2 tray-c (1)
move-arm-holding arm2 tray-c screw-machine-c part-c-0 (2)
move-arm-holding arm2 screw-machine-c table2 part-c-0 (2)
assemble-with-arm part-c-0 attatch-c attatch-b b-0 arm2 table2 (3)
eject-base b-0 arm2 table2 (1)
move-arm-holding arm2 table2 table1 b-0 (7)
move-arm-holding arm2 table1 screw-machine-c b-0 (6)
set-base b-0 arm2 screw-machine-c (1)
assemble-with-machine b-0 screw-machine-c screw-c attatch-c (3)
eject-base b-0 arm2 screw-machine-c (1)
move-arm-holding arm2 screw-machine-c table1 b-0 (8)
set-base b-0 arm2 table1 (1)
move-arm arm2 table1 screw-machine-a (2)
move-arm arm1 inspection-machine table1 (6)
eject-base b-0 arm1 table1 (1)
move-arm-holding arm1 table1 inspection-machine b-0 (8)
set-base b-0 arm1 inspection-machine (1)
assemble-with-machine b-0 inspection-machine inspect-base screw-c (3)
eject-base b-0 arm1 inspection-machine (1)
move-arm-holding arm1 inspection-machine table-out b-0 (2)
set-base b-0 arm1 table-out (1)
slide-base-out b-0 table-out carry-out (1)
Plan length: 64 step(s).
Plan cost: 193
Initial state h value: 88/154.
Expanded 1202 state(s).
Reopened 499 state(s).
Evaluated 1378 state(s).
Evaluations: 2756
Generated 14921 state(s).
Dead ends: 175 state(s).
Best solution cost so far: 193
Solution found - keep searching
Starting search: lazy_wastar(list(hff2, hlm2), preferred = list(hff2, hlm2), w = 3)
Conducting lazy best first search, (real) bound = 193
Best heuristic value: 88/154 [g=0, 1 evaluated, 0 expanded, t=1.34s, 7372 KB]
Best heuristic value: 86/152 [g=1, 3 evaluated, 1 expanded, t=1.34s, 7504 KB]
Best heuristic value: 84/152 [g=3, 5 evaluated, 2 expanded, t=1.34s, 7504 KB]
Best heuristic value: 83/152 [g=4, 6 evaluated, 3 expanded, t=1.34s, 7504 KB]
Best heuristic value: 80/147 [g=6, 9 evaluated, 6 expanded, t=1.34s, 7504 KB]
Best heuristic value: 79/147 [g=7, 10 evaluated, 7 expanded, t=1.34s, 7504 KB]
Best heuristic value: 79/142 [g=8, 11 evaluated, 8 expanded, t=1.34s, 7504 KB]
Best heuristic value: 76/142 [g=9, 12 evaluated, 9 expanded, t=1.34s, 7504 KB]
Best heuristic value: 74/142 [g=11, 14 evaluated, 11 expanded, t=1.34s, 7504 KB]
Best heuristic value: 71/142 [g=13, 19 evaluated, 15 expanded, t=1.34s, 7504 KB]
Best heuristic value: 71/139 [g=11, 21 evaluated, 16 expanded, t=1.34s, 7504 KB]
Best heuristic value: 71/115 [g=18, 26 evaluated, 21 expanded, 2 reopened, t=1.34s, 7504 KB]
Best heuristic value: 71/103 [g=29, 35 evaluated, 30 expanded, 2 reopened, t=1.34s, 7628 KB]
Best heuristic value: 70/103 [g=38, 69 evaluated, 59 expanded, 9 reopened, t=1.34s, 7628 KB]
Best heuristic value: 69/103 [g=39, 70 evaluated, 60 expanded, 9 reopened, t=1.34s, 7628 KB]
Best heuristic value: 69/94 [g=45, 81 evaluated, 71 expanded, 9 reopened, t=1.34s, 7628 KB]
Best heuristic value: 66/94 [g=25, 292 evaluated, 258 expanded, 70 reopened, t=1.36s, 7760 KB]
Best heuristic value: 63/94 [g=32, 545 evaluated, 472 expanded, 214 reopened, t=1.4s, 7760 KB]
Best heuristic value: 61/94 [g=33, 547 evaluated, 474 expanded, 215 reopened, t=1.4s, 7760 KB]
Best heuristic value: 61/92 [g=40, 557 evaluated, 482 expanded, 218 reopened, t=1.4s, 7760 KB]
Best heuristic value: 58/92 [g=41, 561 evaluated, 485 expanded, 219 reopened, t=1.4s, 7760 KB]
Best heuristic value: 58/74 [g=50, 574 evaluated, 495 expanded, 219 reopened, t=1.4s, 7760 KB]
Best heuristic value: 55/74 [g=44, 575 evaluated, 496 expanded, 219 reopened, t=1.4s, 7892 KB]
Best heuristic value: 54/74 [g=56, 776 evaluated, 656 expanded, 279 reopened, t=1.42s, 7892 KB]
Best heuristic value: 52/74 [g=57, 779 evaluated, 659 expanded, 279 reopened, t=1.42s, 7892 KB]
Best heuristic value: 51/71 [g=58, 785 evaluated, 664 expanded, 280 reopened, t=1.42s, 7892 KB]
Best heuristic value: 51/62 [g=70, 793 evaluated, 671 expanded, 280 reopened, t=1.42s, 7892 KB]
Best heuristic value: 50/62 [g=63, 797 evaluated, 675 expanded, 280 reopened, t=1.42s, 7892 KB]
Best heuristic value: 47/62 [g=65, 801 evaluated, 679 expanded, 280 reopened, t=1.42s, 7892 KB]
Best heuristic value: 47/57 [g=79, 825 evaluated, 701 expanded, 281 reopened, t=1.42s, 7892 KB]
Best heuristic value: 44/57 [g=81, 827 evaluated, 703 expanded, 281 reopened, t=1.42s, 7892 KB]
Best heuristic value: 41/57 [g=84, 835 evaluated, 711 expanded, 281 reopened, t=1.42s, 8016 KB]
Best heuristic value: 38/57 [g=86, 838 evaluated, 714 expanded, 281 reopened, t=1.42s, 8016 KB]
Best heuristic value: 38/53 [g=91, 874 evaluated, 747 expanded, 300 reopened, t=1.44s, 8016 KB]
Best heuristic value: 38/52 [g=84, 1023 evaluated, 886 expanded, 385 reopened, t=1.44s, 8016 KB]
Best heuristic value: 38/43 [g=96, 1028 evaluated, 891 expanded, 385 reopened, t=1.44s, 8016 KB]
Best heuristic value: 35/43 [g=89, 1032 evaluated, 895 expanded, 385 reopened, t=1.44s, 8016 KB]
Best heuristic value: 33/43 [g=101, 1049 evaluated, 912 expanded, 388 reopened, t=1.44s, 8016 KB]
Best heuristic value: 30/43 [g=103, 1050 evaluated, 913 expanded, 388 reopened, t=1.46s, 8016 KB]
Best heuristic value: 30/34 [g=115, 1055 evaluated, 918 expanded, 388 reopened, t=1.46s, 8016 KB]
Best heuristic value: 26/34 [g=108, 1056 evaluated, 919 expanded, 388 reopened, t=1.46s, 8016 KB]
Best heuristic value: 24/34 [g=109, 1058 evaluated, 921 expanded, 388 reopened, t=1.46s, 8016 KB]
Best heuristic value: 21/34 [g=122, 1070 evaluated, 933 expanded, 388 reopened, t=1.46s, 8016 KB]
Best heuristic value: 19/34 [g=123, 1071 evaluated, 934 expanded, 388 reopened, t=1.46s, 8016 KB]
Best heuristic value: 15/34 [g=126, 1074 evaluated, 937 expanded, 388 reopened, t=1.46s, 8016 KB]
Best heuristic value: 15/33 [g=127, 1075 evaluated, 938 expanded, 388 reopened, t=1.46s, 8016 KB]
Best heuristic value: 15/27 [g=135, 1079 evaluated, 942 expanded, 388 reopened, t=1.46s, 8016 KB]
Best heuristic value: 15/25 [g=136, 1081 evaluated, 944 expanded, 388 reopened, t=1.46s, 8016 KB]
Best heuristic value: 15/22 [g=138, 1083 evaluated, 946 expanded, 388 reopened, t=1.46s, 8016 KB]
Best heuristic value: 13/13 [g=153, 1094 evaluated, 957 expanded, 388 reopened, t=1.46s, 8016 KB]
Best heuristic value: 10/13 [g=156, 1097 evaluated, 960 expanded, 388 reopened, t=1.46s, 8140 KB]
Best heuristic value: 9/9 [g=157, 1098 evaluated, 961 expanded, 388 reopened, t=1.46s, 8140 KB]
Best heuristic value: 7/7 [g=158, 1099 evaluated, 962 expanded, 388 reopened, t=1.46s, 8140 KB]
Best heuristic value: 4/4 [g=160, 1100 evaluated, 963 expanded, 388 reopened, t=1.46s, 8140 KB]
Best heuristic value: 2/2 [g=161, 1101 evaluated, 964 expanded, 388 reopened, t=1.46s, 8140 KB]
Solution found!
Actual search time: 0.12s [t=1.46s]
slide-base-in b-0 carry-in table-in (1)
move-arm arm1 tray-a table-in (2)
eject-base b-0 arm1 table-in (1)
move-arm-holding arm1 table-in gasket-machine b-0 (2)
set-base b-0 arm1 gasket-machine (1)
move-arm arm2 oiling-machine tray-c (2)
assemble-with-machine b-0 gasket-machine insert-gasket nothing-done (2)
eject-base b-0 arm1 gasket-machine (1)
move-arm-holding arm1 gasket-machine table1 b-0 (2)
set-base b-0 arm1 table1 (1)
move-arm arm1 table1 tray-a (10)
pickup-component part-a-0 arm1 tray-a (1)
move-arm-holding arm1 tray-a table1 part-a-0 (4)
assemble-with-arm part-a-0 attatch-a insert-gasket b-0 arm1 table1 (2)
move-arm arm1 table1 inspection-machine (8)
move-arm arm2 tray-c table1 (9)
eject-base b-0 arm2 table1 (1)
move-arm-holding arm2 table1 screw-machine-a b-0 (2)
set-base b-0 arm2 screw-machine-a (1)
assemble-with-machine b-0 screw-machine-a screw-a attatch-a (2)
eject-base b-0 arm2 screw-machine-a (1)
move-arm-holding arm2 screw-machine-a oiling-machine b-0 (3)
set-base b-0 arm2 oiling-machine (1)
assemble-with-machine b-0 oiling-machine oil-cylinder screw-a (3)
eject-base b-0 arm2 oiling-machine (1)
move-arm-holding arm2 oiling-machine table2 b-0 (4)
set-base b-0 arm2 table2 (1)
move-arm arm2 table2 table1 (7)
move-arm arm2 table1 tray-b (3)
pickup-component part-b-0 arm2 tray-b (1)
move-arm-holding arm2 tray-b table2 part-b-0 (5)
assemble-with-arm part-b-0 attatch-b oil-cylinder b-0 arm2 table2 (2)
move-arm arm2 table2 tray-c (11)
pickup-component part-c-0 arm2 tray-c (1)
move-arm-holding arm2 tray-c screw-machine-c part-c-0 (2)
move-arm-holding arm2 screw-machine-c table2 part-c-0 (2)
assemble-with-arm part-c-0 attatch-c attatch-b b-0 arm2 table2 (3)
eject-base b-0 arm2 table2 (1)
move-arm-holding arm2 table2 table1 b-0 (7)
move-arm-holding arm2 table1 screw-machine-c b-0 (6)
set-base b-0 arm2 screw-machine-c (1)
assemble-with-machine b-0 screw-machine-c screw-c attatch-c (3)
eject-base b-0 arm2 screw-machine-c (1)
move-arm-holding arm2 screw-machine-c table1 b-0 (8)
set-base b-0 arm2 table1 (1)
move-arm arm2 table1 screw-machine-a (2)
move-arm arm1 inspection-machine table1 (6)
eject-base b-0 arm1 table1 (1)
move-arm-holding arm1 table1 inspection-machine b-0 (8)
set-base b-0 arm1 inspection-machine (1)
assemble-with-machine b-0 inspection-machine inspect-base screw-c (3)
eject-base b-0 arm1 inspection-machine (1)
move-arm-holding arm1 inspection-machine table-out b-0 (2)
set-base b-0 arm1 table-out (1)
slide-base-out b-0 table-out carry-out (1)
Plan length: 55 step(s).
Plan cost: 160
Initial state h value: 88/154.
Expanded 965 state(s).
Reopened 388 state(s).
Evaluated 1102 state(s).
Evaluations: 2204
Generated 11995 state(s).
Dead ends: 136 state(s).
Best solution cost so far: 160
Solution found - keep searching
Starting search: lazy_wastar(list(hff2, hlm2), preferred = list(hff2, hlm2), w = 2)
Conducting lazy best first search, (real) bound = 160
Best heuristic value: 88/154 [g=0, 1 evaluated, 0 expanded, t=1.46s, 8268 KB]
Best heuristic value: 86/152 [g=1, 3 evaluated, 1 expanded, t=1.46s, 8268 KB]
Best heuristic value: 84/152 [g=3, 5 evaluated, 2 expanded, t=1.46s, 8268 KB]
Best heuristic value: 83/152 [g=4, 6 evaluated, 3 expanded, t=1.46s, 8268 KB]
Best heuristic value: 80/147 [g=6, 9 evaluated, 6 expanded, t=1.46s, 8268 KB]
Best heuristic value: 79/147 [g=7, 10 evaluated, 7 expanded, t=1.46s, 8404 KB]
Best heuristic value: 79/142 [g=8, 11 evaluated, 8 expanded, t=1.46s, 8404 KB]
Best heuristic value: 76/142 [g=9, 13 evaluated, 10 expanded, t=1.46s, 8404 KB]
Best heuristic value: 74/142 [g=11, 15 evaluated, 12 expanded, t=1.46s, 8404 KB]
Best heuristic value: 71/142 [g=13, 20 evaluated, 16 expanded, t=1.46s, 8404 KB]
Best heuristic value: 71/139 [g=11, 22 evaluated, 17 expanded, t=1.46s, 8404 KB]
Best heuristic value: 71/115 [g=18, 30 evaluated, 25 expanded, 3 reopened, t=1.46s, 8404 KB]
Best heuristic value: 71/103 [g=29, 39 evaluated, 34 expanded, 3 reopened, t=1.46s, 8404 KB]
Best heuristic value: 70/103 [g=14, 92 evaluated, 78 expanded, 14 reopened, t=1.46s, 8404 KB]
Best heuristic value: 69/103 [g=15, 93 evaluated, 79 expanded, 14 reopened, t=1.46s, 8404 KB]
Best heuristic value: 69/94 [g=31, 144 evaluated, 123 expanded, 16 reopened, t=1.48s, 8528 KB]
Best heuristic value: 66/94 [g=25, 154 evaluated, 129 expanded, 16 reopened, t=1.48s, 8528 KB]
Best heuristic value: 63/94 [g=32, 616 evaluated, 543 expanded, 263 reopened, t=1.52s, 8656 KB]
Best heuristic value: 61/94 [g=33, 618 evaluated, 545 expanded, 263 reopened, t=1.52s, 8656 KB]
Best heuristic value: 61/92 [g=40, 628 evaluated, 553 expanded, 266 reopened, t=1.52s, 8656 KB]
Best heuristic value: 58/92 [g=42, 631 evaluated, 555 expanded, 266 reopened, t=1.52s, 8656 KB]
Best heuristic value: 58/74 [g=50, 645 evaluated, 565 expanded, 267 reopened, t=1.52s, 8656 KB]
Best heuristic value: 55/74 [g=45, 652 evaluated, 571 expanded, 267 reopened, t=1.52s, 8656 KB]
Best heuristic value: 54/74 [g=70, 819 evaluated, 715 expanded, 322 reopened, t=1.54s, 8656 KB]
Best heuristic value: 52/74 [g=71, 821 evaluated, 717 expanded, 322 reopened, t=1.54s, 8656 KB]
Best heuristic value: 51/71 [g=72, 825 evaluated, 720 expanded, 322 reopened, t=1.54s, 8656 KB]
Best heuristic value: 51/62 [g=84, 833 evaluated, 728 expanded, 324 reopened, t=1.54s, 8656 KB]
Best heuristic value: 48/62 [g=92, 849 evaluated, 744 expanded, 328 reopened, t=1.54s, 8656 KB]
Best heuristic value: 47/62 [g=93, 854 evaluated, 749 expanded, 329 reopened, t=1.54s, 8656 KB]
Best heuristic value: 47/57 [g=93, 856 evaluated, 751 expanded, 329 reopened, t=1.54s, 8656 KB]
Best heuristic value: 44/57 [g=95, 857 evaluated, 752 expanded, 329 reopened, t=1.54s, 8656 KB]
Best heuristic value: 41/57 [g=97, 871 evaluated, 766 expanded, 332 reopened, t=1.54s, 8656 KB]
Best heuristic value: 41/53 [g=105, 934 evaluated, 827 expanded, 365 reopened, t=1.56s, 8656 KB]
Best heuristic value: 38/53 [g=107, 936 evaluated, 828 expanded, 365 reopened, t=1.56s, 8656 KB]
Best heuristic value: 38/52 [g=82, 1261 evaluated, 1131 expanded, 586 reopened, t=1.6s, 8788 KB]
Best heuristic value: 38/43 [g=94, 1265 evaluated, 1135 expanded, 586 reopened, t=1.6s, 8788 KB]
Best heuristic value: 35/43 [g=86, 1286 evaluated, 1156 expanded, 596 reopened, t=1.6s, 8788 KB]
Best heuristic value: 33/43 [g=98, 1355 evaluated, 1221 expanded, 616 reopened, t=1.6s, 8788 KB]
Best heuristic value: 30/43 [g=100, 1356 evaluated, 1222 expanded, 616 reopened, t=1.6s, 8788 KB]
Best heuristic value: 26/43 [g=104, 1364 evaluated, 1230 expanded, 618 reopened, t=1.6s, 8788 KB]
Best heuristic value: 24/43 [g=105, 1366 evaluated, 1232 expanded, 618 reopened, t=1.6s, 8788 KB]
Best heuristic value: 24/34 [g=112, 1368 evaluated, 1234 expanded, 618 reopened, t=1.6s, 8788 KB]
Best heuristic value: 21/34 [g=118, 1382 evaluated, 1248 expanded, 618 reopened, t=1.6s, 8788 KB]
Best heuristic value: 19/34 [g=119, 1383 evaluated, 1249 expanded, 618 reopened, t=1.6s, 8788 KB]
Best heuristic value: 15/34 [g=122, 1386 evaluated, 1252 expanded, 618 reopened, t=1.6s, 8916 KB]
Best heuristic value: 15/33 [g=123, 1387 evaluated, 1253 expanded, 618 reopened, t=1.6s, 8916 KB]
Best heuristic value: 15/27 [g=131, 1391 evaluated, 1257 expanded, 618 reopened, t=1.6s, 8916 KB]
Best heuristic value: 15/25 [g=132, 1393 evaluated, 1259 expanded, 618 reopened, t=1.6s, 8916 KB]
Best heuristic value: 15/22 [g=134, 1395 evaluated, 1261 expanded, 618 reopened, t=1.6s, 8916 KB]
Best heuristic value: 13/13 [g=148, 1448 evaluated, 1314 expanded, 646 reopened, t=1.62s, 8916 KB]
Best heuristic value: 10/13 [g=151, 1452 evaluated, 1318 expanded, 646 reopened, t=1.62s, 8916 KB]
Best heuristic value: 9/9 [g=152, 1453 evaluated, 1319 expanded, 646 reopened, t=1.62s, 8916 KB]
Best heuristic value: 7/7 [g=153, 1454 evaluated, 1320 expanded, 646 reopened, t=1.62s, 8916 KB]
Best heuristic value: 4/4 [g=155, 1456 evaluated, 1322 expanded, 646 reopened, t=1.62s, 8916 KB]
Best heuristic value: 2/2 [g=156, 1457 evaluated, 1323 expanded, 646 reopened, t=1.62s, 8916 KB]
Solution found!
Actual search time: 0.16s [t=1.62s]
slide-base-in b-0 carry-in table-in (1)
move-arm arm1 tray-a table-in (2)
eject-base b-0 arm1 table-in (1)
move-arm-holding arm1 table-in gasket-machine b-0 (2)
set-base b-0 arm1 gasket-machine (1)
move-arm arm2 oiling-machine tray-c (2)
assemble-with-machine b-0 gasket-machine insert-gasket nothing-done (2)
eject-base b-0 arm1 gasket-machine (1)
move-arm-holding arm1 gasket-machine table1 b-0 (2)
set-base b-0 arm1 table1 (1)
move-arm arm1 table1 tray-a (10)
pickup-component part-a-0 arm1 tray-a (1)
move-arm-holding arm1 tray-a table1 part-a-0 (4)
assemble-with-arm part-a-0 attatch-a insert-gasket b-0 arm1 table1 (2)
move-arm arm1 table1 inspection-machine (8)
move-arm arm2 tray-c table1 (9)
eject-base b-0 arm2 table1 (1)
move-arm-holding arm2 table1 screw-machine-a b-0 (2)
set-base b-0 arm2 screw-machine-a (1)
assemble-with-machine b-0 screw-machine-a screw-a attatch-a (2)
eject-base b-0 arm2 screw-machine-a (1)
move-arm-holding arm2 screw-machine-a oiling-machine b-0 (3)
set-base b-0 arm2 oiling-machine (1)
assemble-with-machine b-0 oiling-machine oil-cylinder screw-a (3)
eject-base b-0 arm2 oiling-machine (1)
move-arm-holding arm2 oiling-machine table2 b-0 (4)
set-base b-0 arm2 table2 (1)
move-arm arm2 table2 tray-b (9)
pickup-component part-b-0 arm2 tray-b (1)
move-arm-holding arm2 tray-b table2 part-b-0 (5)
assemble-with-arm part-b-0 attatch-b oil-cylinder b-0 arm2 table2 (2)
move-arm arm2 table2 tray-c (11)
pickup-component part-c-0 arm2 tray-c (1)
move-arm-holding arm2 tray-c table2 part-c-0 (3)
assemble-with-arm part-c-0 attatch-c attatch-b b-0 arm2 table2 (3)
eject-base b-0 arm2 table2 (1)
move-arm-holding arm2 table2 screw-machine-c b-0 (12)
set-base b-0 arm2 screw-machine-c (1)
assemble-with-machine b-0 screw-machine-c screw-c attatch-c (3)
eject-base b-0 arm2 screw-machine-c (1)
move-arm-holding arm2 screw-machine-c table1 b-0 (8)
set-base b-0 arm2 table1 (1)
move-arm arm2 table1 screw-machine-a (2)
move-arm arm1 inspection-machine table1 (6)
eject-base b-0 arm1 table1 (1)
move-arm-holding arm1 table1 inspection-machine b-0 (8)
set-base b-0 arm1 inspection-machine (1)
assemble-with-machine b-0 inspection-machine inspect-base screw-c (3)
eject-base b-0 arm1 inspection-machine (1)
move-arm-holding arm1 inspection-machine table-out b-0 (2)
set-base b-0 arm1 table-out (1)
slide-base-out b-0 table-out carry-out (1)
Plan length: 52 step(s).
Plan cost: 157
Initial state h value: 88/154.
Expanded 1324 state(s).
Reopened 646 state(s).
Evaluated 1458 state(s).
Evaluations: 2916
Generated 16419 state(s).
Dead ends: 133 state(s).
Best solution cost so far: 157
Solution found - keep searching
Starting search: lazy_wastar(list(hff2, hlm2), preferred = list(hff2, hlm2), w = 1)
Conducting lazy best first search, (real) bound = 157
Best heuristic value: 88/154 [g=0, 1 evaluated, 0 expanded, t=1.62s, 9044 KB]
Best heuristic value: 86/152 [g=1, 3 evaluated, 1 expanded, t=1.62s, 9044 KB]
Best heuristic value: 84/152 [g=3, 5 evaluated, 2 expanded, t=1.62s, 9044 KB]
Best heuristic value: 83/152 [g=4, 6 evaluated, 3 expanded, t=1.62s, 9044 KB]
Best heuristic value: 82/152 [g=5, 16 evaluated, 11 expanded, t=1.62s, 9044 KB]
Best heuristic value: 81/152 [g=6, 18 evaluated, 13 expanded, t=1.62s, 9044 KB]
Best heuristic value: 80/147 [g=6, 24 evaluated, 17 expanded, t=1.62s, 9044 KB]
Best heuristic value: 79/147 [g=7, 25 evaluated, 18 expanded, t=1.62s, 9044 KB]
Best heuristic value: 79/142 [g=8, 26 evaluated, 19 expanded, t=1.62s, 9044 KB]
Best heuristic value: 78/142 [g=10, 28 evaluated, 21 expanded, t=1.62s, 9044 KB]
Best heuristic value: 77/142 [g=9, 30 evaluated, 23 expanded, t=1.62s, 9044 KB]
Best heuristic value: 76/142 [g=9, 37 evaluated, 28 expanded, t=1.62s, 9180 KB]
Best heuristic value: 74/142 [g=11, 38 evaluated, 29 expanded, t=1.62s, 9180 KB]
Best heuristic value: 73/139 [g=11, 40 evaluated, 30 expanded, t=1.62s, 9180 KB]
Best heuristic value: 71/139 [g=13, 41 evaluated, 31 expanded, t=1.62s, 9180 KB]
Best heuristic value: 71/124 [g=12, 56 evaluated, 43 expanded, t=1.62s, 9180 KB]
Best heuristic value: 70/124 [g=14, 58 evaluated, 45 expanded, t=1.62s, 9180 KB]
Best heuristic value: 69/124 [g=15, 59 evaluated, 46 expanded, t=1.62s, 9180 KB]
Best heuristic value: 69/106 [g=19, 66 evaluated, 51 expanded, t=1.62s, 9180 KB]
Best heuristic value: 69/94 [g=30, 84 evaluated, 67 expanded, 1 reopened, t=1.62s, 9180 KB]
Best heuristic value: 68/94 [g=22, 386 evaluated, 343 expanded, 134 reopened, t=1.66s, 9304 KB]
Best heuristic value: 66/94 [g=24, 388 evaluated, 345 expanded, 134 reopened, t=1.66s, 9304 KB]
Best heuristic value: 65/94 [g=30, 1140 evaluated, 988 expanded, 460 reopened, t=1.74s, 9436 KB]
Best heuristic value: 63/94 [g=31, 1141 evaluated, 989 expanded, 460 reopened, t=1.74s, 9436 KB]
Best heuristic value: 61/94 [g=33, 1142 evaluated, 990 expanded, 460 reopened, t=1.74s, 9436 KB]
Best heuristic value: 61/86 [g=38, 1151 evaluated, 997 expanded, 461 reopened, t=1.74s, 9436 KB]
Best heuristic value: 60/86 [g=40, 1153 evaluated, 999 expanded, 461 reopened, t=1.74s, 9436 KB]
Best heuristic value: 58/86 [g=42, 1163 evaluated, 1008 expanded, 461 reopened, t=1.74s, 9568 KB]
Best heuristic value: 58/74 [g=49, 1166 evaluated, 1010 expanded, 462 reopened, t=1.74s, 9568 KB]
Best heuristic value: 55/74 [g=54, 1251 evaluated, 1086 expanded, 485 reopened, t=1.74s, 9568 KB]
Best heuristic value: 54/74 [g=55, 1253 evaluated, 1088 expanded, 485 reopened, t=1.74s, 9568 KB]
Best heuristic value: 52/74 [g=56, 1255 evaluated, 1090 expanded, 485 reopened, t=1.74s, 9568 KB]
Best heuristic value: 51/71 [g=57, 1258 evaluated, 1093 expanded, 485 reopened, t=1.74s, 9568 KB]
Best heuristic value: 49/71 [g=61, 1277 evaluated, 1112 expanded, 488 reopened, t=1.74s, 9568 KB]
Best heuristic value: 49/62 [g=69, 1283 evaluated, 1118 expanded, 490 reopened, t=1.74s, 9568 KB]
Best heuristic value: 48/62 [g=62, 1288 evaluated, 1123 expanded, 490 reopened, t=1.74s, 9568 KB]
Best heuristic value: 47/62 [g=63, 1289 evaluated, 1124 expanded, 490 reopened, t=1.74s, 9568 KB]
Best heuristic value: 45/62 [g=64, 1291 evaluated, 1126 expanded, 490 reopened, t=1.74s, 9568 KB]
Best heuristic value: 44/62 [g=65, 1294 evaluated, 1129 expanded, 490 reopened, t=1.74s, 9568 KB]
Best heuristic value: 44/57 [g=78, 1324 evaluated, 1157 expanded, 498 reopened, t=1.76s, 9568 KB]
Best heuristic value: 41/57 [g=67, 1367 evaluated, 1199 expanded, 516 reopened, t=1.76s, 9568 KB]
Best heuristic value: 38/57 [g=69, 1410 evaluated, 1232 expanded, 522 reopened, t=1.76s, 9568 KB]
Best heuristic value: 38/53 [g=76, 1650 evaluated, 1430 expanded, 627 reopened, t=1.78s, 9692 KB]
Best heuristic value: 38/43 [g=96, 2583 evaluated, 2214 expanded, 1059 reopened, t=1.88s, 9820 KB]
Best heuristic value: 35/43 [g=85, 3019 evaluated, 2573 expanded, 1256 reopened, t=1.94s, 9948 KB]
Best heuristic value: 33/43 [g=98, 3033 evaluated, 2586 expanded, 1259 reopened, t=1.94s, 9948 KB]
Best heuristic value: 30/43 [g=100, 3034 evaluated, 2587 expanded, 1259 reopened, t=1.94s, 9948 KB]
Best heuristic value: 30/34 [g=112, 3042 evaluated, 2594 expanded, 1260 reopened, t=1.94s, 9948 KB]
Best heuristic value: 26/34 [g=104, 3196 evaluated, 2734 expanded, 1327 reopened, t=1.96s, 9948 KB]
Best heuristic value: 24/34 [g=105, 3197 evaluated, 2735 expanded, 1327 reopened, t=1.96s, 9948 KB]
Best heuristic value: 21/34 [g=118, 3208 evaluated, 2746 expanded, 1327 reopened, t=1.96s, 9948 KB]
Best heuristic value: 19/34 [g=119, 3209 evaluated, 2747 expanded, 1327 reopened, t=1.96s, 9948 KB]
Best heuristic value: 15/34 [g=122, 3215 evaluated, 2753 expanded, 1328 reopened, t=1.96s, 9948 KB]
Best heuristic value: 15/33 [g=123, 3216 evaluated, 2754 expanded, 1328 reopened, t=1.96s, 9948 KB]
Best heuristic value: 15/27 [g=131, 3226 evaluated, 2764 expanded, 1329 reopened, t=1.96s, 9948 KB]
Best heuristic value: 15/25 [g=132, 3227 evaluated, 2765 expanded, 1329 reopened, t=1.96s, 9948 KB]
Best heuristic value: 15/22 [g=134, 3228 evaluated, 2766 expanded, 1329 reopened, t=1.96s, 9948 KB]
Best heuristic value: 13/13 [g=147, 4307 evaluated, 3715 expanded, 1868 reopened, t=2.08s, 10080 KB]
Best heuristic value: 10/13 [g=150, 4310 evaluated, 3718 expanded, 1868 reopened, t=2.08s, 10080 KB]
Best heuristic value: 9/9 [g=151, 4311 evaluated, 3719 expanded, 1868 reopened, t=2.08s, 10080 KB]
Best heuristic value: 7/7 [g=152, 4312 evaluated, 3720 expanded, 1868 reopened, t=2.08s, 10080 KB]
Best heuristic value: 4/4 [g=154, 4313 evaluated, 3721 expanded, 1868 reopened, t=2.08s, 10080 KB]
Best heuristic value: 2/2 [g=155, 4314 evaluated, 3722 expanded, 1868 reopened, t=2.08s, 10080 KB]
Solution found!
Actual search time: 0.46s [t=2.08s]
slide-base-in b-0 carry-in table-in (1)
move-arm arm1 tray-a table-in (2)
eject-base b-0 arm1 table-in (1)
move-arm-holding arm1 table-in gasket-machine b-0 (2)
set-base b-0 arm1 gasket-machine (1)
assemble-with-machine b-0 gasket-machine insert-gasket nothing-done (2)
eject-base b-0 arm1 gasket-machine (1)
move-arm-holding arm1 gasket-machine table1 b-0 (2)
set-base b-0 arm1 table1 (1)
move-arm arm1 table1 tray-a (10)
pickup-component part-a-0 arm1 tray-a (1)
move-arm-holding arm1 tray-a table1 part-a-0 (4)
assemble-with-arm part-a-0 attatch-a insert-gasket b-0 arm1 table1 (2)
move-arm arm1 table1 inspection-machine (8)
move-arm arm2 oiling-machine table1 (10)
eject-base b-0 arm2 table1 (1)
move-arm-holding arm2 table1 screw-machine-a b-0 (2)
set-base b-0 arm2 screw-machine-a (1)
assemble-with-machine b-0 screw-machine-a screw-a attatch-a (2)
eject-base b-0 arm2 screw-machine-a (1)
move-arm-holding arm2 screw-machine-a oiling-machine b-0 (3)
set-base b-0 arm2 oiling-machine (1)
assemble-with-machine b-0 oiling-machine oil-cylinder screw-a (3)
eject-base b-0 arm2 oiling-machine (1)
move-arm-holding arm2 oiling-machine table2 b-0 (4)
set-base b-0 arm2 table2 (1)
move-arm arm2 table2 tray-b (9)
pickup-component part-b-0 arm2 tray-b (1)
move-arm-holding arm2 tray-b table2 part-b-0 (5)
assemble-with-arm part-b-0 attatch-b oil-cylinder b-0 arm2 table2 (2)
move-arm arm2 table2 tray-c (11)
pickup-component part-c-0 arm2 tray-c (1)
move-arm-holding arm2 tray-c table2 part-c-0 (3)
assemble-with-arm part-c-0 attatch-c attatch-b b-0 arm2 table2 (3)
eject-base b-0 arm2 table2 (1)
move-arm-holding arm2 table2 screw-machine-c b-0 (12)
set-base b-0 arm2 screw-machine-c (1)
assemble-with-machine b-0 screw-machine-c screw-c attatch-c (3)
eject-base b-0 arm2 screw-machine-c (1)
move-arm-holding arm2 screw-machine-c table1 b-0 (8)
set-base b-0 arm2 table1 (1)
move-arm arm2 table1 screw-machine-a (2)
move-arm arm1 inspection-machine table1 (6)
eject-base b-0 arm1 table1 (1)
move-arm-holding arm1 table1 inspection-machine b-0 (8)
set-base b-0 arm1 inspection-machine (1)
assemble-with-machine b-0 inspection-machine inspect-base screw-c (3)
eject-base b-0 arm1 inspection-machine (1)
move-arm-holding arm1 inspection-machine table-out b-0 (2)
set-base b-0 arm1 table-out (1)
slide-base-out b-0 table-out carry-out (1)
Plan length: 51 step(s).
Plan cost: 156
Initial state h value: 88/154.
Expanded 3723 state(s).
Reopened 1868 state(s).
Evaluated 4315 state(s).
Evaluations: 8630
Generated 45899 state(s).
Dead ends: 591 state(s).
Best solution cost so far: 156
Solution found - keep searching
Starting search: lazy_wastar(list(hff2, hlm2), preferred = list(hff2, hlm2), w = 1)
Conducting lazy best first search, (real) bound = 156
Best heuristic value: 88/154 [g=0, 1 evaluated, 0 expanded, t=2.08s, 10348 KB]
Best heuristic value: 86/152 [g=1, 3 evaluated, 1 expanded, t=2.08s, 10348 KB]
Best heuristic value: 84/152 [g=3, 5 evaluated, 2 expanded, t=2.08s, 10348 KB]
Best heuristic value: 83/152 [g=4, 6 evaluated, 3 expanded, t=2.08s, 10348 KB]
Best heuristic value: 82/152 [g=5, 16 evaluated, 11 expanded, t=2.08s, 10348 KB]
Best heuristic value: 81/152 [g=6, 18 evaluated, 13 expanded, t=2.08s, 10348 KB]
Best heuristic value: 80/147 [g=6, 24 evaluated, 17 expanded, t=2.08s, 10348 KB]
Best heuristic value: 79/147 [g=7, 25 evaluated, 18 expanded, t=2.08s, 10348 KB]
Best heuristic value: 79/142 [g=8, 26 evaluated, 19 expanded, t=2.08s, 10348 KB]
Best heuristic value: 78/142 [g=10, 28 evaluated, 21 expanded, t=2.08s, 10348 KB]
Best heuristic value: 77/142 [g=9, 30 evaluated, 23 expanded, t=2.08s, 10348 KB]
Best heuristic value: 76/142 [g=9, 37 evaluated, 28 expanded, t=2.08s, 10348 KB]
Best heuristic value: 74/142 [g=11, 38 evaluated, 29 expanded, t=2.08s, 10348 KB]
Best heuristic value: 73/139 [g=11, 40 evaluated, 30 expanded, t=2.08s, 10348 KB]
Best heuristic value: 71/139 [g=13, 41 evaluated, 31 expanded, t=2.08s, 10348 KB]
Best heuristic value: 71/124 [g=12, 56 evaluated, 43 expanded, t=2.08s, 10348 KB]
Best heuristic value: 70/124 [g=14, 58 evaluated, 45 expanded, t=2.08s, 10348 KB]
Best heuristic value: 69/124 [g=15, 59 evaluated, 46 expanded, t=2.08s, 10348 KB]
Best heuristic value: 69/106 [g=19, 66 evaluated, 51 expanded, t=2.08s, 10348 KB]
Best heuristic value: 69/94 [g=30, 84 evaluated, 67 expanded, 1 reopened, t=2.08s, 10348 KB]
Best heuristic value: 68/94 [g=22, 386 evaluated, 343 expanded, 134 reopened, t=2.12s, 10472 KB]
Best heuristic value: 66/94 [g=24, 388 evaluated, 345 expanded, 134 reopened, t=2.12s, 10472 KB]
Best heuristic value: 65/94 [g=30, 1140 evaluated, 988 expanded, 460 reopened, t=2.2s, 10728 KB]
Best heuristic value: 63/94 [g=31, 1141 evaluated, 989 expanded, 460 reopened, t=2.2s, 10728 KB]
Best heuristic value: 61/94 [g=33, 1142 evaluated, 990 expanded, 460 reopened, t=2.2s, 10728 KB]
Best heuristic value: 61/86 [g=38, 1151 evaluated, 997 expanded, 461 reopened, t=2.2s, 10728 KB]
Best heuristic value: 60/86 [g=40, 1153 evaluated, 999 expanded, 461 reopened, t=2.2s, 10728 KB]
Best heuristic value: 58/86 [g=42, 1163 evaluated, 1008 expanded, 461 reopened, t=2.2s, 10728 KB]
Best heuristic value: 58/74 [g=49, 1166 evaluated, 1010 expanded, 462 reopened, t=2.2s, 10728 KB]
Best heuristic value: 55/74 [g=54, 1251 evaluated, 1086 expanded, 485 reopened, t=2.2s, 10728 KB]
Best heuristic value: 54/74 [g=55, 1253 evaluated, 1088 expanded, 485 reopened, t=2.2s, 10728 KB]
Best heuristic value: 52/74 [g=56, 1255 evaluated, 1090 expanded, 485 reopened, t=2.2s, 10728 KB]
Best heuristic value: 51/71 [g=57, 1258 evaluated, 1093 expanded, 485 reopened, t=2.2s, 10728 KB]
Best heuristic value: 49/71 [g=61, 1277 evaluated, 1112 expanded, 488 reopened, t=2.22s, 10728 KB]
Best heuristic value: 49/62 [g=69, 1283 evaluated, 1118 expanded, 490 reopened, t=2.22s, 10728 KB]
Best heuristic value: 48/62 [g=62, 1288 evaluated, 1123 expanded, 490 reopened, t=2.22s, 10728 KB]
Best heuristic value: 47/62 [g=63, 1289 evaluated, 1124 expanded, 490 reopened, t=2.22s, 10728 KB]
Best heuristic value: 45/62 [g=64, 1291 evaluated, 1126 expanded, 490 reopened, t=2.22s, 10728 KB]
Best heuristic value: 44/62 [g=65, 1294 evaluated, 1129 expanded, 490 reopened, t=2.22s, 10728 KB]
Best heuristic value: 44/57 [g=78, 1324 evaluated, 1157 expanded, 498 reopened, t=2.22s, 10728 KB]
Best heuristic value: 41/57 [g=67, 1367 evaluated, 1199 expanded, 516 reopened, t=2.22s, 10728 KB]
Best heuristic value: 38/57 [g=69, 1410 evaluated, 1232 expanded, 522 reopened, t=2.22s, 10856 KB]
Best heuristic value: 38/53 [g=76, 1650 evaluated, 1430 expanded, 627 reopened, t=2.26s, 10856 KB]
Best heuristic value: 38/43 [g=96, 2583 evaluated, 2214 expanded, 1059 reopened, t=2.34s, 11112 KB]
Best heuristic value: 35/43 [g=85, 3019 evaluated, 2573 expanded, 1256 reopened, t=2.4s, 11112 KB]
Best heuristic value: 33/43 [g=98, 3033 evaluated, 2586 expanded, 1259 reopened, t=2.4s, 11112 KB]
Best heuristic value: 30/43 [g=100, 3034 evaluated, 2587 expanded, 1259 reopened, t=2.4s, 11112 KB]
Best heuristic value: 30/34 [g=112, 3042 evaluated, 2594 expanded, 1260 reopened, t=2.4s, 11112 KB]
Best heuristic value: 26/34 [g=104, 3196 evaluated, 2734 expanded, 1327 reopened, t=2.42s, 11240 KB]
Best heuristic value: 24/34 [g=105, 3197 evaluated, 2735 expanded, 1327 reopened, t=2.42s, 11240 KB]
Best heuristic value: 21/34 [g=118, 3208 evaluated, 2746 expanded, 1327 reopened, t=2.42s, 11240 KB]
Best heuristic value: 19/34 [g=119, 3209 evaluated, 2747 expanded, 1327 reopened, t=2.42s, 11240 KB]
Best heuristic value: 15/34 [g=122, 3215 evaluated, 2753 expanded, 1328 reopened, t=2.42s, 11240 KB]
Best heuristic value: 15/33 [g=123, 3216 evaluated, 2754 expanded, 1328 reopened, t=2.42s, 11240 KB]
Best heuristic value: 15/27 [g=131, 3226 evaluated, 2764 expanded, 1329 reopened, t=2.42s, 11240 KB]
Best heuristic value: 15/25 [g=132, 3227 evaluated, 2765 expanded, 1329 reopened, t=2.42s, 11240 KB]
Best heuristic value: 15/22 [g=134, 3228 evaluated, 2766 expanded, 1329 reopened, t=2.42s, 11240 KB]
Best heuristic value: 13/13 [g=147, 4307 evaluated, 3715 expanded, 1868 reopened, t=2.54s, 11364 KB]
Best heuristic value: 10/13 [g=150, 4310 evaluated, 3718 expanded, 1868 reopened, t=2.54s, 11364 KB]
Best heuristic value: 9/9 [g=151, 4311 evaluated, 3719 expanded, 1868 reopened, t=2.54s, 11364 KB]
Best heuristic value: 7/7 [g=152, 4312 evaluated, 3720 expanded, 1868 reopened, t=2.54s, 11364 KB]
Best heuristic value: 4/4 [g=154, 4313 evaluated, 3721 expanded, 1868 reopened, t=2.54s, 11364 KB]
Best heuristic value: 2/2 [g=155, 4314 evaluated, 3722 expanded, 1868 reopened, t=2.54s, 11364 KB]
Solution found!
Actual search time: 1.22s [t=3.3s]
slide-base-in b-0 carry-in table-in (1)
move-arm arm1 tray-a table-in (2)
eject-base b-0 arm1 table-in (1)
move-arm-holding arm1 table-in gasket-machine b-0 (2)
set-base b-0 arm1 gasket-machine (1)
assemble-with-machine b-0 gasket-machine insert-gasket nothing-done (2)
eject-base b-0 arm1 gasket-machine (1)
move-arm-holding arm1 gasket-machine table1 b-0 (2)
set-base b-0 arm1 table1 (1)
move-arm arm1 table1 tray-a (10)
pickup-component part-a-0 arm1 tray-a (1)
move-arm-holding arm1 tray-a table1 part-a-0 (4)
assemble-with-arm part-a-0 attatch-a insert-gasket b-0 arm1 table1 (2)
move-arm arm1 table1 inspection-machine (8)
move-arm arm2 oiling-machine table1 (10)
eject-base b-0 arm2 table1 (1)
move-arm-holding arm2 table1 screw-machine-a b-0 (2)
set-base b-0 arm2 screw-machine-a (1)
assemble-with-machine b-0 screw-machine-a screw-a attatch-a (2)
eject-base b-0 arm2 screw-machine-a (1)
move-arm-holding arm2 screw-machine-a oiling-machine b-0 (3)
set-base b-0 arm2 oiling-machine (1)
assemble-with-machine b-0 oiling-machine oil-cylinder screw-a (3)
eject-base b-0 arm2 oiling-machine (1)
move-arm-holding arm2 oiling-machine table2 b-0 (4)
set-base b-0 arm2 table2 (1)
move-arm arm2 table2 tray-b (9)
pickup-component part-b-0 arm2 tray-b (1)
move-arm-holding arm2 tray-b table2 part-b-0 (5)
assemble-with-arm part-b-0 attatch-b oil-cylinder b-0 arm2 table2 (2)
move-arm arm2 table2 tray-c (11)
pickup-component part-c-0 arm2 tray-c (1)
move-arm-holding arm2 tray-c table2 part-c-0 (3)
assemble-with-arm part-c-0 attatch-c attatch-b b-0 arm2 table2 (3)
eject-base b-0 arm2 table2 (1)
move-arm-holding arm2 table2 screw-machine-c b-0 (12)
set-base b-0 arm2 screw-machine-c (1)
assemble-with-machine b-0 screw-machine-c screw-c attatch-c (3)
eject-base b-0 arm2 screw-machine-c (1)
move-arm-holding arm2 screw-machine-c table2 b-0 (2)
set-base b-0 arm2 table2 (1)
move-arm arm2 table2 table1 (7)
move-arm arm1 inspection-machine table2 (12)
eject-base b-0 arm1 table2 (1)
move-arm-holding arm1 table2 inspection-machine b-0 (2)
set-base b-0 arm1 inspection-machine (1)
assemble-with-machine b-0 inspection-machine inspect-base screw-c (3)
eject-base b-0 arm1 inspection-machine (1)
move-arm-holding arm1 inspection-machine table-out b-0 (2)
set-base b-0 arm1 table-out (1)
slide-base-out b-0 table-out carry-out (1)
Plan length: 51 step(s).
Plan cost: 155
Initial state h value: 88/154.
Expanded 9692 state(s).
Reopened 5739 state(s).
Evaluated 10847 state(s).
Evaluations: 21694
Generated 119401 state(s).
Dead ends: 1154 state(s).
Best solution cost so far: 155
Solution found - keep searching
Starting search: lazy_wastar(list(hff2, hlm2), preferred = list(hff2, hlm2), w = 1)
Conducting lazy best first search, (real) bound = 155
Best heuristic value: 88/154 [g=0, 1 evaluated, 0 expanded, t=3.3s, 12536 KB]
Best heuristic value: 86/152 [g=1, 3 evaluated, 1 expanded, t=3.3s, 12536 KB]
Best heuristic value: 84/152 [g=3, 5 evaluated, 2 expanded, t=3.3s, 12536 KB]
Best heuristic value: 83/152 [g=4, 6 evaluated, 3 expanded, t=3.3s, 12536 KB]
Best heuristic value: 82/152 [g=5, 16 evaluated, 11 expanded, t=3.3s, 12536 KB]
Best heuristic value: 81/152 [g=6, 18 evaluated, 13 expanded, t=3.3s, 12536 KB]
Best heuristic value: 80/147 [g=6, 24 evaluated, 17 expanded, t=3.3s, 12536 KB]
Best heuristic value: 79/147 [g=7, 25 evaluated, 18 expanded, t=3.3s, 12536 KB]
Best heuristic value: 79/142 [g=8, 26 evaluated, 19 expanded, t=3.3s, 12536 KB]
Best heuristic value: 78/142 [g=10, 28 evaluated, 21 expanded, t=3.3s, 12536 KB]
Best heuristic value: 77/142 [g=9, 30 evaluated, 23 expanded, t=3.3s, 12536 KB]
Best heuristic value: 76/142 [g=9, 37 evaluated, 28 expanded, t=3.3s, 12536 KB]
Best heuristic value: 74/142 [g=11, 38 evaluated, 29 expanded, t=3.3s, 12536 KB]
Best heuristic value: 73/139 [g=11, 40 evaluated, 30 expanded, t=3.3s, 12536 KB]
Best heuristic value: 71/139 [g=13, 41 evaluated, 31 expanded, t=3.3s, 12536 KB]
Best heuristic value: 71/124 [g=12, 56 evaluated, 43 expanded, t=3.3s, 12536 KB]
Best heuristic value: 70/124 [g=14, 58 evaluated, 45 expanded, t=3.3s, 12536 KB]
Best heuristic value: 69/124 [g=15, 59 evaluated, 46 expanded, t=3.3s, 12536 KB]
Best heuristic value: 69/106 [g=19, 66 evaluated, 51 expanded, t=3.3s, 12536 KB]
Best heuristic value: 69/94 [g=30, 84 evaluated, 67 expanded, 1 reopened, t=3.3s, 12536 KB]
Best heuristic value: 68/94 [g=22, 386 evaluated, 343 expanded, 134 reopened, t=3.34s, 12660 KB]
Best heuristic value: 66/94 [g=24, 388 evaluated, 345 expanded, 134 reopened, t=3.34s, 12660 KB]
Best heuristic value: 65/94 [g=30, 1140 evaluated, 988 expanded, 460 reopened, t=3.42s, 12924 KB]
Best heuristic value: 63/94 [g=31, 1141 evaluated, 989 expanded, 460 reopened, t=3.42s, 12924 KB]
Best heuristic value: 61/94 [g=33, 1142 evaluated, 990 expanded, 460 reopened, t=3.42s, 12924 KB]
Best heuristic value: 61/86 [g=38, 1151 evaluated, 997 expanded, 461 reopened, t=3.42s, 12924 KB]
Best heuristic value: 60/86 [g=40, 1153 evaluated, 999 expanded, 461 reopened, t=3.42s, 12924 KB]
Best heuristic value: 58/86 [g=42, 1163 evaluated, 1008 expanded, 461 reopened, t=3.42s, 12924 KB]
Best heuristic value: 58/74 [g=49, 1166 evaluated, 1010 expanded, 462 reopened, t=3.42s, 12924 KB]
Best heuristic value: 55/74 [g=54, 1251 evaluated, 1086 expanded, 485 reopened, t=3.44s, 12924 KB]
Best heuristic value: 54/74 [g=55, 1253 evaluated, 1088 expanded, 485 reopened, t=3.44s, 12924 KB]
Best heuristic value: 52/74 [g=56, 1255 evaluated, 1090 expanded, 485 reopened, t=3.44s, 12924 KB]
Best heuristic value: 51/71 [g=57, 1258 evaluated, 1093 expanded, 485 reopened, t=3.44s, 12924 KB]
Best heuristic value: 49/71 [g=61, 1277 evaluated, 1112 expanded, 488 reopened, t=3.44s, 12924 KB]
Best heuristic value: 49/62 [g=69, 1283 evaluated, 1118 expanded, 490 reopened, t=3.44s, 12924 KB]
Best heuristic value: 48/62 [g=62, 1288 evaluated, 1123 expanded, 490 reopened, t=3.44s, 12924 KB]
Best heuristic value: 47/62 [g=63, 1289 evaluated, 1124 expanded, 490 reopened, t=3.44s, 12924 KB]
Best heuristic value: 45/62 [g=64, 1291 evaluated, 1126 expanded, 490 reopened, t=3.44s, 12924 KB]
Best heuristic value: 44/62 [g=65, 1294 evaluated, 1129 expanded, 490 reopened, t=3.44s, 12924 KB]
Best heuristic value: 44/57 [g=78, 1324 evaluated, 1157 expanded, 498 reopened, t=3.44s, 12924 KB]
Best heuristic value: 41/57 [g=67, 1367 evaluated, 1199 expanded, 516 reopened, t=3.44s, 12924 KB]
Best heuristic value: 38/57 [g=69, 1410 evaluated, 1232 expanded, 522 reopened, t=3.44s, 12924 KB]
Best heuristic value: 38/53 [g=76, 1650 evaluated, 1430 expanded, 627 reopened, t=3.48s, 13052 KB]
Best heuristic value: 38/43 [g=96, 2583 evaluated, 2214 expanded, 1059 reopened, t=3.58s, 13180 KB]
Best heuristic value: 35/43 [g=85, 3019 evaluated, 2573 expanded, 1256 reopened, t=3.62s, 13312 KB]
Best heuristic value: 33/43 [g=98, 3033 evaluated, 2586 expanded, 1259 reopened, t=3.62s, 13312 KB]
Best heuristic value: 30/43 [g=100, 3034 evaluated, 2587 expanded, 1259 reopened, t=3.62s, 13312 KB]
Best heuristic value: 30/34 [g=112, 3042 evaluated, 2594 expanded, 1260 reopened, t=3.62s, 13312 KB]
Best heuristic value: 26/34 [g=104, 3196 evaluated, 2734 expanded, 1327 reopened, t=3.64s, 13312 KB]
Best heuristic value: 24/34 [g=105, 3197 evaluated, 2735 expanded, 1327 reopened, t=3.64s, 13312 KB]
Best heuristic value: 21/34 [g=118, 3208 evaluated, 2746 expanded, 1327 reopened, t=3.64s, 13312 KB]
Best heuristic value: 19/34 [g=119, 3209 evaluated, 2747 expanded, 1327 reopened, t=3.64s, 13312 KB]
Best heuristic value: 15/34 [g=122, 3215 evaluated, 2753 expanded, 1328 reopened, t=3.64s, 13312 KB]
Best heuristic value: 15/33 [g=123, 3216 evaluated, 2754 expanded, 1328 reopened, t=3.64s, 13312 KB]
Best heuristic value: 15/27 [g=131, 3226 evaluated, 2764 expanded, 1329 reopened, t=3.64s, 13312 KB]
Best heuristic value: 15/25 [g=132, 3227 evaluated, 2765 expanded, 1329 reopened, t=3.64s, 13312 KB]
Best heuristic value: 15/22 [g=134, 3228 evaluated, 2766 expanded, 1329 reopened, t=3.64s, 13312 KB]
Best heuristic value: 13/13 [g=147, 4307 evaluated, 3715 expanded, 1868 reopened, t=3.78s, 13440 KB]
Best heuristic value: 10/13 [g=150, 4310 evaluated, 3718 expanded, 1868 reopened, t=3.78s, 13440 KB]
Best heuristic value: 9/9 [g=151, 4311 evaluated, 3719 expanded, 1868 reopened, t=3.78s, 13440 KB]
Best heuristic value: 7/7 [g=152, 4312 evaluated, 3720 expanded, 1868 reopened, t=3.78s, 13440 KB]
Best heuristic value: 4/4 [g=154, 4313 evaluated, 3721 expanded, 1868 reopened, t=3.78s, 13440 KB]
Best heuristic value: 2/2 [g=154, 10737 evaluated, 9586 expanded, 5644 reopened, t=4.54s, 14488 KB]
Completely explored state space -- no solution!
Actual search time: 2.92s [t=6.22s]
Initial state h value: 88/154.
Expanded 21595 state(s).
Reopened 13101 state(s).
Evaluated 23735 state(s).
Evaluations: 47470
Generated 263395 state(s).
Dead ends: 2140 state(s).
Best solution cost so far: 155
No solution found - keep searching
Actual search time: 6.16s [t=6.22s]
Cumulative statistics:
Expanded 46536 state(s).
Reopened 22241 state(s).
Evaluated 53001 state(s).
Evaluations: 106002
Generated 570271 state(s).
Dead ends: 0 state(s).
Search time: 6.16s
Total time: 6.22s
Solution found.
Peak memory: 14876 KB
real 6.88
user 6.20
sys 0.05
maxmem 12452
