Parsing...
Parsing: [0.010s CPU, 0.043s wall-clock]
Normalizing task... [0.000s CPU, 0.000s wall-clock]
Instantiating...
Generating Datalog program... [0.000s CPU, 0.001s wall-clock]
Normalizing Datalog program...
Normalizing Datalog program: [0.020s CPU, 0.006s wall-clock]
Preparing model... [0.000s CPU, 0.004s wall-clock]
Generated 83 rules.
Computing model... [0.030s CPU, 0.026s wall-clock]
612 relevant atoms
1043 auxiliary atoms
1655 final queue length
2354 total queue pushes
Completing instantiation... [0.050s CPU, 0.058s wall-clock]
Instantiating: [0.100s CPU, 0.096s wall-clock]
Computing fact groups...
Finding invariants...
15 initial candidates
Finding invariants: [0.010s CPU, 0.005s wall-clock]
Checking invariant weight... [0.000s CPU, 0.000s wall-clock]
Instantiating groups... [0.000s CPU, 0.000s wall-clock]
Collecting mutex groups... [0.000s CPU, 0.000s wall-clock]
Choosing groups...
58 uncovered facts
Choosing groups: [0.000s CPU, 0.000s wall-clock]
Building translation key... [0.000s CPU, 0.000s wall-clock]
Computing fact groups: [0.010s CPU, 0.006s wall-clock]
Building STRIPS to SAS dictionary... [0.000s CPU, 0.000s wall-clock]
Building dictionary for full mutex groups... [0.000s CPU, 0.000s wall-clock]
Building mutex information...
Building mutex information: [0.000s CPU, 0.000s wall-clock]
Translating task...
Processing axioms...
Simplifying axioms... [0.000s CPU, 0.000s wall-clock]
Processing axioms: [0.000s CPU, 0.002s wall-clock]
Translating task: [0.030s CPU, 0.033s wall-clock]
613 effect conditions simplified
0 implied preconditions added
Detecting unreachable propositions...
0 operators removed
10 propositions removed
Detecting unreachable propositions: [0.010s CPU, 0.007s wall-clock]
Translator variables: 56
Translator derived variables: 0
Translator facts: 115
Translator goal facts: 2
Translator mutex groups: 2
Translator total mutex groups size: 7
Translator operators: 381
Translator axioms: 0
Translator task size: 3020
Translator peak memory: 35188 KB
Writing output... [0.000s CPU, 0.006s wall-clock]
Done! [0.160s CPU, 0.194s wall-clock]
real 0.47
user 0.22
sys 0.02
maxmem 10788
