Dispatcher selected state size 1.
This is a nonunit task.
Simplifying transitions... done!
Initializing Exploration...
Generating landmarks using the RPG/SAS+ approach
approx. reasonable orders
approx. obedient reasonable orders
Removed 0 reasonable or obedient reasonable orders
Landmarks generation time: 0.0095249s
Discovered 55 landmarks, of which 0 are disjunctive and 0 are conjunctive 
112 edges
Initializing LAMA-FF Synergy Object
Initializing landmarks count heuristic...
33 initial landmarks, 2 goal landmarks
Initializing Exploration...
Generating landmarks using the RPG/SAS+ approach
approx. reasonable orders
approx. obedient reasonable orders
Removed 0 reasonable or obedient reasonable orders
Landmarks generation time: 0.00898757s
Discovered 55 landmarks, of which 0 are disjunctive and 0 are conjunctive 
112 edges
Initializing LAMA-FF Synergy Object
Initializing landmarks count heuristic...
33 initial landmarks, 2 goal landmarks
Starting search: lazy_greedy(list(hff1, hlm1), preferred = list(hff1, hlm1), cost_type = 1, reopen_closed = false)
Conducting lazy best first search, (real) bound = 2147483647
Best heuristic value: 22/22 [g=0, 1 evaluated, 0 expanded, t=0.03s]
Best heuristic value: 21/21 [g=1, 2 evaluated, 1 expanded, t=0.03s]
Best heuristic value: 21/20 [g=3, 18 evaluated, 17 expanded, t=0.03s]
Best heuristic value: 20/19 [g=4, 19 evaluated, 18 expanded, t=0.03s]
Best heuristic value: 18/18 [g=5, 20 evaluated, 19 expanded, t=0.03s]
Best heuristic value: 17/16 [g=7, 28 evaluated, 27 expanded, t=0.03s]
Best heuristic value: 16/16 [g=8, 29 evaluated, 28 expanded, t=0.03s]
Best heuristic value: 15/16 [g=9, 33 evaluated, 31 expanded, t=0.03s]
Best heuristic value: 14/15 [g=11, 60 evaluated, 49 expanded, t=0.03s]
Best heuristic value: 14/13 [g=14, 72 evaluated, 59 expanded, t=0.03s]
Best heuristic value: 13/13 [g=15, 73 evaluated, 60 expanded, t=0.03s]
Best heuristic value: 12/13 [g=16, 77 evaluated, 63 expanded, t=0.03s]
Best heuristic value: 12/12 [g=18, 101 evaluated, 79 expanded, t=0.04s]
Best heuristic value: 12/11 [g=19, 102 evaluated, 80 expanded, t=0.04s]
Best heuristic value: 10/10 [g=20, 103 evaluated, 81 expanded, t=0.04s]
Best heuristic value: 9/9 [g=22, 111 evaluated, 89 expanded, t=0.04s]
Best heuristic value: 8/8 [g=23, 112 evaluated, 90 expanded, t=0.04s]
Best heuristic value: 7/7 [g=24, 113 evaluated, 91 expanded, t=0.04s]
Best heuristic value: 6/6 [g=25, 114 evaluated, 92 expanded, t=0.04s]
Best heuristic value: 5/5 [g=26, 115 evaluated, 93 expanded, t=0.04s]
Best heuristic value: 4/5 [g=28, 119 evaluated, 96 expanded, t=0.04s]
Best heuristic value: 4/4 [g=29, 123 evaluated, 99 expanded, t=0.04s]
Best heuristic value: 3/4 [g=30, 124 evaluated, 100 expanded, t=0.04s]
Best heuristic value: 3/3 [g=30, 125 evaluated, 101 expanded, t=0.04s]
Best heuristic value: 2/2 [g=31, 126 evaluated, 102 expanded, t=0.04s]
Best heuristic value: 1/1 [g=32, 127 evaluated, 103 expanded, t=0.04s]
Solution found!
Actual search time: 0.01s [t=0.04s]
slide-base-in b-0 carry-in table-in (1)
move-arm arm table-in tray-a (4)
pickup-component part-a arm tray-a (1)
move-arm-holding arm tray-a table-in part-a (4)
assemble-with-arm part-a attatch-a nothing-done b-0 arm table-in (3)
eject-base b-0 arm table-in (1)
move-arm-holding arm table-in table-out b-0 (2)
move-arm-holding arm table-out screw-machine-a b-0 (4)
set-base b-0 arm screw-machine-a (1)
move-arm arm screw-machine-a table-out (4)
assemble-with-machine b-0 screw-machine-a screw-a attatch-a (3)
move-arm arm table-out screw-machine-a (4)
eject-base b-0 arm screw-machine-a (1)
move-arm-holding arm screw-machine-a table-out b-0 (4)
move-arm-holding arm table-out table1 b-0 (3)
set-base b-0 arm table1 (1)
move-arm arm table1 tray-b (4)
pickup-component part-b arm tray-b (1)
move-arm-holding arm tray-b table1 part-b (4)
assemble-with-arm part-b attatch-b screw-a b-0 arm table1 (3)
move-arm arm table1 tray-c (5)
pickup-component part-c arm tray-c (1)
move-arm-holding arm tray-c table1 part-c (5)
assemble-with-arm part-c attatch-c attatch-b b-0 arm table1 (2)
eject-base b-0 arm table1 (1)
move-arm-holding arm table1 table-out b-0 (3)
move-arm-holding arm table-out screw-machine-c b-0 (2)
set-base b-0 arm screw-machine-c (1)
assemble-with-machine b-0 screw-machine-c screw-c attatch-c (3)
eject-base b-0 arm screw-machine-c (1)
move-arm-holding arm screw-machine-c table-out b-0 (2)
set-base b-0 arm table-out (1)
slide-base-out b-0 table-out carry-out (1)
Plan length: 33 step(s).
Plan cost: 81
Initial state h value: 22/22.
Expanded 104 state(s).
Reopened 0 state(s).
Evaluated 128 state(s).
Evaluations: 256
Generated 812 state(s).
Dead ends: 23 state(s).
Best solution cost so far: 81
Solution found - keep searching
Starting search: lazy_greedy(list(hff2, hlm2), preferred = list(hff2, hlm2), reopen_closed = false)
Conducting lazy best first search, (real) bound = 81
Best heuristic value: 60/69 [g=0, 1 evaluated, 0 expanded, t=0.04s]
Best heuristic value: 58/67 [g=1, 2 evaluated, 1 expanded, t=0.04s]
Best heuristic value: 56/67 [g=3, 4 evaluated, 3 expanded, t=0.04s]
Switch from bucket-based to heap-based queue at key = 105, num_pushes = 71
Best heuristic value: 55/65 [g=6, 18 evaluated, 17 expanded, t=0.04s]
Best heuristic value: 54/60 [g=10, 19 evaluated, 18 expanded, t=0.04s]
Best heuristic value: 49/56 [g=13, 20 evaluated, 19 expanded, t=0.04s]
Best heuristic value: 48/56 [g=14, 21 evaluated, 20 expanded, t=0.04s]
Best heuristic value: 45/50 [g=16, 22 evaluated, 21 expanded, t=0.04s]
Best heuristic value: 44/50 [g=17, 23 evaluated, 22 expanded, t=0.04s]
Best heuristic value: 41/50 [g=19, 27 evaluated, 25 expanded, t=0.04s]
Best heuristic value: 37/46 [g=28, 53 evaluated, 42 expanded, t=0.04s]
Best heuristic value: 36/39 [g=37, 62 evaluated, 49 expanded, t=0.04s]
Best heuristic value: 35/39 [g=38, 63 evaluated, 50 expanded, t=0.04s]
Best heuristic value: 35/38 [g=39, 65 evaluated, 51 expanded, t=0.04s]
Best heuristic value: 32/38 [g=40, 66 evaluated, 52 expanded, t=0.04s]
Best heuristic value: 31/36 [g=53, 93 evaluated, 70 expanded, t=0.04s]
Best heuristic value: 26/32 [g=56, 94 evaluated, 71 expanded, t=0.04s]
Best heuristic value: 26/28 [g=59, 96 evaluated, 73 expanded, t=0.04s]
Best heuristic value: 24/28 [g=62, 99 evaluated, 76 expanded, t=0.04s]
Best heuristic value: 21/24 [g=67, 100 evaluated, 77 expanded, t=0.04s]
Best heuristic value: 18/21 [g=69, 101 evaluated, 78 expanded, t=0.04s]
Best heuristic value: 16/19 [g=70, 102 evaluated, 79 expanded, t=0.04s]
Best heuristic value: 13/13 [g=73, 103 evaluated, 80 expanded, t=0.04s]
Best heuristic value: 10/13 [g=76, 107 evaluated, 83 expanded, t=0.05s]
Best heuristic value: 9/9 [g=79, 111 evaluated, 86 expanded, t=0.05s]
Best heuristic value: 7/7 [g=80, 112 evaluated, 87 expanded, t=0.05s]
Completely explored state space -- no solution!
Actual search time: 0.04s [t=0.08s]
Initial state h value: 60/69.
Expanded 319 state(s).
Reopened 0 state(s).
Evaluated 417 state(s).
Evaluations: 834
Generated 2438 state(s).
Dead ends: 98 state(s).
Best solution cost so far: 81
No solution found - keep searching
Starting search: lazy_wastar(list(hff2, hlm2), preferred = list(hff2, hlm2), w = 5)
Conducting lazy best first search, (real) bound = 81
Best heuristic value: 60/69 [g=0, 1 evaluated, 0 expanded, t=0.08s]
Best heuristic value: 58/67 [g=1, 2 evaluated, 1 expanded, t=0.08s]
Best heuristic value: 56/67 [g=3, 4 evaluated, 3 expanded, t=0.08s]
Best heuristic value: 55/65 [g=6, 17 evaluated, 16 expanded, 3 reopened, t=0.08s]
Best heuristic value: 52/62 [g=8, 18 evaluated, 17 expanded, 3 reopened, t=0.08s]
Best heuristic value: 52/61 [g=10, 19 evaluated, 18 expanded, 3 reopened, t=0.08s]
Best heuristic value: 52/60 [g=12, 20 evaluated, 19 expanded, 3 reopened, t=0.08s]
Best heuristic value: 52/59 [g=13, 22 evaluated, 21 expanded, 4 reopened, t=0.08s]
Best heuristic value: 49/56 [g=14, 28 evaluated, 27 expanded, 6 reopened, t=0.08s]
Best heuristic value: 48/56 [g=15, 29 evaluated, 28 expanded, 6 reopened, t=0.08s]
Best heuristic value: 47/55 [g=16, 30 evaluated, 29 expanded, 6 reopened, t=0.08s]
Best heuristic value: 45/50 [g=17, 40 evaluated, 39 expanded, 10 reopened, t=0.08s]
Best heuristic value: 44/50 [g=18, 41 evaluated, 40 expanded, 10 reopened, t=0.08s]
Best heuristic value: 41/50 [g=20, 44 evaluated, 42 expanded, 10 reopened, t=0.08s]
Best heuristic value: 37/48 [g=27, 83 evaluated, 72 expanded, 16 reopened, t=0.08s]
Best heuristic value: 37/46 [g=30, 85 evaluated, 74 expanded, 16 reopened, t=0.08s]
Best heuristic value: 36/43 [g=32, 93 evaluated, 80 expanded, 17 reopened, t=0.08s]
Best heuristic value: 35/43 [g=33, 94 evaluated, 81 expanded, 17 reopened, t=0.08s]
Best heuristic value: 35/39 [g=36, 95 evaluated, 82 expanded, 17 reopened, t=0.08s]
Best heuristic value: 35/38 [g=38, 96 evaluated, 83 expanded, 17 reopened, t=0.08s]
Best heuristic value: 34/38 [g=38, 101 evaluated, 88 expanded, 19 reopened, t=0.08s]
Best heuristic value: 31/34 [g=40, 102 evaluated, 89 expanded, 19 reopened, t=0.08s]
Best heuristic value: 31/32 [g=42, 103 evaluated, 90 expanded, 19 reopened, t=0.08s]
Best heuristic value: 26/32 [g=48, 108 evaluated, 95 expanded, 21 reopened, t=0.08s]
Best heuristic value: 26/28 [g=51, 110 evaluated, 97 expanded, 21 reopened, t=0.08s]
Best heuristic value: 24/28 [g=54, 114 evaluated, 101 expanded, 22 reopened, t=0.08s]
Best heuristic value: 21/23 [g=56, 115 evaluated, 102 expanded, 22 reopened, t=0.08s]
Best heuristic value: 21/22 [g=58, 116 evaluated, 103 expanded, 22 reopened, t=0.08s]
Best heuristic value: 18/21 [g=62, 118 evaluated, 105 expanded, 22 reopened, t=0.08s]
Best heuristic value: 16/19 [g=63, 119 evaluated, 106 expanded, 22 reopened, t=0.08s]
Best heuristic value: 13/13 [g=66, 120 evaluated, 107 expanded, 22 reopened, t=0.08s]
Best heuristic value: 10/13 [g=69, 124 evaluated, 110 expanded, 22 reopened, t=0.08s]
Best heuristic value: 9/9 [g=72, 128 evaluated, 113 expanded, 22 reopened, t=0.08s]
Best heuristic value: 7/7 [g=73, 129 evaluated, 114 expanded, 22 reopened, t=0.08s]
Best heuristic value: 4/4 [g=75, 130 evaluated, 115 expanded, 22 reopened, t=0.08s]
Best heuristic value: 2/2 [g=76, 131 evaluated, 116 expanded, 22 reopened, t=0.08s]
Solution found!
Actual search time: 0s [t=0.08s]
slide-base-in b-0 carry-in table-in (1)
move-arm arm table-in tray-a (4)
pickup-component part-a arm tray-a (1)
move-arm-holding arm tray-a screw-machine-a part-a (2)
move-arm-holding arm screw-machine-a table-in part-a (3)
assemble-with-arm part-a attatch-a nothing-done b-0 arm table-in (3)
eject-base b-0 arm table-in (1)
move-arm-holding arm table-in table-out b-0 (2)
move-arm-holding arm table-out screw-machine-a b-0 (4)
set-base b-0 arm screw-machine-a (1)
move-arm arm screw-machine-a table1 (2)
assemble-with-machine b-0 screw-machine-a screw-a attatch-a (3)
move-arm arm table1 screw-machine-a (2)
eject-base b-0 arm screw-machine-a (1)
move-arm-holding arm screw-machine-a table1 b-0 (2)
set-base b-0 arm table1 (1)
move-arm arm table1 tray-b (4)
pickup-component part-b arm tray-b (1)
move-arm-holding arm tray-b tray-c part-b (2)
move-arm-holding arm tray-c table1 part-b (5)
assemble-with-arm part-b attatch-b screw-a b-0 arm table1 (3)
move-arm arm table1 tray-c (5)
pickup-component part-c arm tray-c (1)
move-arm-holding arm tray-c screw-machine-c part-c (2)
move-arm-holding arm screw-machine-c table1 part-c (4)
assemble-with-arm part-c attatch-c attatch-b b-0 arm table1 (2)
eject-base b-0 arm table1 (1)
move-arm-holding arm table1 table-out b-0 (3)
move-arm-holding arm table-out screw-machine-c b-0 (2)
set-base b-0 arm screw-machine-c (1)
assemble-with-machine b-0 screw-machine-c screw-c attatch-c (3)
eject-base b-0 arm screw-machine-c (1)
move-arm-holding arm screw-machine-c table-out b-0 (2)
set-base b-0 arm table-out (1)
slide-base-out b-0 table-out carry-out (1)
Plan length: 35 step(s).
Plan cost: 77
Initial state h value: 60/69.
Expanded 117 state(s).
Reopened 22 state(s).
Evaluated 132 state(s).
Evaluations: 264
Generated 895 state(s).
Dead ends: 14 state(s).
Best solution cost so far: 77
Solution found - keep searching
Starting search: lazy_wastar(list(hff2, hlm2), preferred = list(hff2, hlm2), w = 3)
Conducting lazy best first search, (real) bound = 77
Best heuristic value: 60/69 [g=0, 1 evaluated, 0 expanded, t=0.08s]
Best heuristic value: 58/67 [g=1, 2 evaluated, 1 expanded, t=0.08s]
Best heuristic value: 56/67 [g=3, 4 evaluated, 3 expanded, t=0.08s]
Best heuristic value: 55/65 [g=6, 17 evaluated, 16 expanded, 3 reopened, t=0.09s]
Best heuristic value: 52/62 [g=8, 18 evaluated, 17 expanded, 3 reopened, t=0.09s]
Best heuristic value: 52/61 [g=10, 19 evaluated, 18 expanded, 3 reopened, t=0.09s]
Best heuristic value: 52/60 [g=12, 20 evaluated, 19 expanded, 3 reopened, t=0.09s]
Best heuristic value: 52/59 [g=13, 22 evaluated, 21 expanded, 4 reopened, t=0.09s]
Best heuristic value: 49/56 [g=14, 28 evaluated, 27 expanded, 6 reopened, t=0.09s]
Best heuristic value: 48/56 [g=15, 29 evaluated, 28 expanded, 6 reopened, t=0.09s]
Best heuristic value: 47/55 [g=16, 30 evaluated, 29 expanded, 6 reopened, t=0.09s]
Best heuristic value: 45/50 [g=17, 38 evaluated, 37 expanded, 9 reopened, t=0.09s]
Best heuristic value: 44/50 [g=18, 39 evaluated, 38 expanded, 9 reopened, t=0.09s]
Best heuristic value: 41/50 [g=20, 42 evaluated, 40 expanded, 9 reopened, t=0.09s]
Best heuristic value: 37/48 [g=27, 84 evaluated, 71 expanded, 15 reopened, t=0.09s]
Best heuristic value: 37/46 [g=30, 86 evaluated, 73 expanded, 15 reopened, t=0.09s]
Best heuristic value: 36/43 [g=32, 94 evaluated, 79 expanded, 16 reopened, t=0.09s]
Best heuristic value: 35/43 [g=33, 95 evaluated, 80 expanded, 16 reopened, t=0.09s]
Best heuristic value: 35/39 [g=35, 96 evaluated, 81 expanded, 16 reopened, t=0.09s]
Best heuristic value: 35/38 [g=37, 99 evaluated, 84 expanded, 16 reopened, t=0.09s]
Best heuristic value: 32/38 [g=38, 107 evaluated, 91 expanded, 17 reopened, t=0.09s]
Best heuristic value: 31/34 [g=40, 133 evaluated, 108 expanded, 24 reopened, t=0.09s]
Best heuristic value: 31/32 [g=42, 134 evaluated, 109 expanded, 24 reopened, t=0.09s]
Best heuristic value: 26/32 [g=45, 141 evaluated, 116 expanded, 28 reopened, t=0.09s]
Best heuristic value: 26/28 [g=48, 143 evaluated, 118 expanded, 28 reopened, t=0.09s]
Best heuristic value: 24/28 [g=51, 147 evaluated, 122 expanded, 29 reopened, t=0.09s]
Best heuristic value: 21/23 [g=53, 148 evaluated, 123 expanded, 29 reopened, t=0.09s]
Best heuristic value: 21/22 [g=55, 149 evaluated, 124 expanded, 29 reopened, t=0.09s]
Best heuristic value: 18/21 [g=59, 151 evaluated, 126 expanded, 29 reopened, t=0.09s]
Best heuristic value: 16/19 [g=60, 152 evaluated, 127 expanded, 29 reopened, t=0.09s]
Best heuristic value: 13/13 [g=63, 153 evaluated, 128 expanded, 29 reopened, t=0.09s]
Best heuristic value: 10/13 [g=66, 157 evaluated, 131 expanded, 29 reopened, t=0.1s]
Best heuristic value: 9/9 [g=69, 161 evaluated, 134 expanded, 29 reopened, t=0.1s]
Best heuristic value: 7/7 [g=70, 162 evaluated, 135 expanded, 29 reopened, t=0.1s]
Best heuristic value: 4/4 [g=72, 163 evaluated, 136 expanded, 29 reopened, t=0.1s]
Best heuristic value: 2/2 [g=73, 164 evaluated, 137 expanded, 29 reopened, t=0.1s]
Solution found!
Actual search time: 0.02s [t=0.1s]
slide-base-in b-0 carry-in table-in (1)
move-arm arm table-in tray-a (4)
pickup-component part-a arm tray-a (1)
move-arm-holding arm tray-a screw-machine-a part-a (2)
move-arm-holding arm screw-machine-a table-in part-a (3)
assemble-with-arm part-a attatch-a nothing-done b-0 arm table-in (3)
eject-base b-0 arm table-in (1)
move-arm-holding arm table-in table-out b-0 (2)
move-arm-holding arm table-out screw-machine-a b-0 (4)
set-base b-0 arm screw-machine-a (1)
move-arm arm screw-machine-a table1 (2)
assemble-with-machine b-0 screw-machine-a screw-a attatch-a (3)
move-arm arm table1 screw-machine-a (2)
eject-base b-0 arm screw-machine-a (1)
move-arm-holding arm screw-machine-a table1 b-0 (2)
set-base b-0 arm table1 (1)
move-arm arm table1 tray-b (4)
pickup-component part-b arm tray-b (1)
move-arm-holding arm tray-b table1 part-b (4)
assemble-with-arm part-b attatch-b screw-a b-0 arm table1 (3)
move-arm arm table1 tray-c (5)
pickup-component part-c arm tray-c (1)
move-arm-holding arm tray-c screw-machine-c part-c (2)
move-arm-holding arm screw-machine-c table1 part-c (4)
assemble-with-arm part-c attatch-c attatch-b b-0 arm table1 (2)
eject-base b-0 arm table1 (1)
move-arm-holding arm table1 table-out b-0 (3)
move-arm-holding arm table-out screw-machine-c b-0 (2)
set-base b-0 arm screw-machine-c (1)
assemble-with-machine b-0 screw-machine-c screw-c attatch-c (3)
eject-base b-0 arm screw-machine-c (1)
move-arm-holding arm screw-machine-c table-out b-0 (2)
set-base b-0 arm table-out (1)
slide-base-out b-0 table-out carry-out (1)
Plan length: 34 step(s).
Plan cost: 74
Initial state h value: 60/69.
Expanded 138 state(s).
Reopened 29 state(s).
Evaluated 165 state(s).
Evaluations: 330
Generated 1062 state(s).
Dead ends: 26 state(s).
Best solution cost so far: 74
Solution found - keep searching
Starting search: lazy_wastar(list(hff2, hlm2), preferred = list(hff2, hlm2), w = 2)
Conducting lazy best first search, (real) bound = 74
Best heuristic value: 60/69 [g=0, 1 evaluated, 0 expanded, t=0.1s]
Best heuristic value: 58/67 [g=1, 2 evaluated, 1 expanded, t=0.1s]
Best heuristic value: 56/67 [g=3, 4 evaluated, 3 expanded, t=0.1s]
Best heuristic value: 55/65 [g=6, 17 evaluated, 16 expanded, 3 reopened, t=0.1s]
Best heuristic value: 52/62 [g=8, 18 evaluated, 17 expanded, 3 reopened, t=0.1s]
Best heuristic value: 52/61 [g=10, 19 evaluated, 18 expanded, 3 reopened, t=0.1s]
Best heuristic value: 52/60 [g=11, 20 evaluated, 19 expanded, 3 reopened, t=0.1s]
Best heuristic value: 52/59 [g=13, 21 evaluated, 20 expanded, 3 reopened, t=0.1s]
Best heuristic value: 49/56 [g=14, 28 evaluated, 26 expanded, 5 reopened, t=0.1s]
Best heuristic value: 48/56 [g=15, 29 evaluated, 27 expanded, 5 reopened, t=0.1s]
Best heuristic value: 47/55 [g=16, 30 evaluated, 28 expanded, 5 reopened, t=0.1s]
Best heuristic value: 45/50 [g=17, 34 evaluated, 32 expanded, 5 reopened, t=0.1s]
Best heuristic value: 44/50 [g=18, 35 evaluated, 33 expanded, 5 reopened, t=0.1s]
Best heuristic value: 41/50 [g=20, 38 evaluated, 35 expanded, 5 reopened, t=0.1s]
Best heuristic value: 37/48 [g=27, 75 evaluated, 63 expanded, 9 reopened, t=0.1s]
Best heuristic value: 37/46 [g=30, 77 evaluated, 65 expanded, 9 reopened, t=0.1s]
Best heuristic value: 36/43 [g=32, 88 evaluated, 73 expanded, 10 reopened, t=0.1s]
Best heuristic value: 35/43 [g=33, 89 evaluated, 74 expanded, 10 reopened, t=0.1s]
Best heuristic value: 35/39 [g=35, 90 evaluated, 75 expanded, 10 reopened, t=0.1s]
Best heuristic value: 35/38 [g=37, 93 evaluated, 78 expanded, 10 reopened, t=0.1s]
Best heuristic value: 32/38 [g=38, 103 evaluated, 87 expanded, 12 reopened, t=0.1s]
Best heuristic value: 31/34 [g=40, 126 evaluated, 101 expanded, 17 reopened, t=0.1s]
Best heuristic value: 31/32 [g=42, 127 evaluated, 102 expanded, 17 reopened, t=0.1s]
Best heuristic value: 26/32 [g=45, 134 evaluated, 109 expanded, 21 reopened, t=0.1s]
Best heuristic value: 26/28 [g=48, 136 evaluated, 111 expanded, 21 reopened, t=0.1s]
Best heuristic value: 24/28 [g=51, 145 evaluated, 119 expanded, 23 reopened, t=0.11s]
Best heuristic value: 21/23 [g=53, 146 evaluated, 120 expanded, 23 reopened, t=0.11s]
Best heuristic value: 21/22 [g=55, 147 evaluated, 121 expanded, 23 reopened, t=0.11s]
Best heuristic value: 18/21 [g=59, 149 evaluated, 123 expanded, 23 reopened, t=0.11s]
Best heuristic value: 16/19 [g=60, 150 evaluated, 124 expanded, 23 reopened, t=0.11s]
Best heuristic value: 13/13 [g=63, 151 evaluated, 125 expanded, 23 reopened, t=0.11s]
Best heuristic value: 10/13 [g=66, 155 evaluated, 128 expanded, 23 reopened, t=0.11s]
Best heuristic value: 9/9 [g=69, 159 evaluated, 131 expanded, 23 reopened, t=0.11s]
Best heuristic value: 7/7 [g=70, 160 evaluated, 132 expanded, 23 reopened, t=0.11s]
Best heuristic value: 4/4 [g=72, 161 evaluated, 133 expanded, 23 reopened, t=0.11s]
Best heuristic value: 2/2 [g=73, 162 evaluated, 134 expanded, 23 reopened, t=0.11s]
Solution found!
Actual search time: 0.01s [t=0.11s]
slide-base-in b-0 carry-in table-in (1)
move-arm arm table-in tray-a (4)
pickup-component part-a arm tray-a (1)
move-arm-holding arm tray-a screw-machine-a part-a (2)
move-arm-holding arm screw-machine-a table-in part-a (3)
assemble-with-arm part-a attatch-a nothing-done b-0 arm table-in (3)
eject-base b-0 arm table-in (1)
move-arm-holding arm table-in table-out b-0 (2)
move-arm-holding arm table-out screw-machine-a b-0 (4)
set-base b-0 arm screw-machine-a (1)
move-arm arm screw-machine-a table1 (2)
assemble-with-machine b-0 screw-machine-a screw-a attatch-a (3)
move-arm arm table1 screw-machine-a (2)
eject-base b-0 arm screw-machine-a (1)
move-arm-holding arm screw-machine-a table1 b-0 (2)
set-base b-0 arm table1 (1)
move-arm arm table1 tray-b (4)
pickup-component part-b arm tray-b (1)
move-arm-holding arm tray-b table1 part-b (4)
assemble-with-arm part-b attatch-b screw-a b-0 arm table1 (3)
move-arm arm table1 tray-c (5)
pickup-component part-c arm tray-c (1)
move-arm-holding arm tray-c screw-machine-c part-c (2)
move-arm-holding arm screw-machine-c table1 part-c (4)
assemble-with-arm part-c attatch-c attatch-b b-0 arm table1 (2)
eject-base b-0 arm table1 (1)
move-arm-holding arm table1 screw-machine-c b-0 (4)
set-base b-0 arm screw-machine-c (1)
assemble-with-machine b-0 screw-machine-c screw-c attatch-c (3)
eject-base b-0 arm screw-machine-c (1)
move-arm-holding arm screw-machine-c table-out b-0 (2)
set-base b-0 arm table-out (1)
slide-base-out b-0 table-out carry-out (1)
Plan length: 33 step(s).
Plan cost: 73
Initial state h value: 60/69.
Expanded 143 state(s).
Reopened 30 state(s).
Evaluated 171 state(s).
Evaluations: 342
Generated 1110 state(s).
Dead ends: 27 state(s).
Best solution cost so far: 73
Solution found - keep searching
Starting search: lazy_wastar(list(hff2, hlm2), preferred = list(hff2, hlm2), w = 1)
Conducting lazy best first search, (real) bound = 73
Best heuristic value: 60/69 [g=0, 1 evaluated, 0 expanded, t=0.11s]
Best heuristic value: 58/67 [g=1, 2 evaluated, 1 expanded, t=0.11s]
Best heuristic value: 56/67 [g=3, 4 evaluated, 3 expanded, t=0.11s]
Best heuristic value: 55/65 [g=6, 27 evaluated, 26 expanded, 2 reopened, t=0.11s]
Best heuristic value: 52/62 [g=8, 32 evaluated, 29 expanded, 2 reopened, t=0.11s]
Best heuristic value: 52/61 [g=10, 33 evaluated, 30 expanded, 2 reopened, t=0.11s]
Best heuristic value: 52/60 [g=11, 36 evaluated, 33 expanded, 2 reopened, t=0.11s]
Best heuristic value: 52/59 [g=13, 38 evaluated, 35 expanded, 2 reopened, t=0.11s]
Best heuristic value: 49/56 [g=14, 57 evaluated, 48 expanded, 5 reopened, t=0.11s]
Best heuristic value: 48/56 [g=15, 58 evaluated, 49 expanded, 5 reopened, t=0.11s]
Best heuristic value: 47/55 [g=16, 59 evaluated, 50 expanded, 5 reopened, t=0.11s]
Best heuristic value: 45/50 [g=17, 64 evaluated, 55 expanded, 5 reopened, t=0.11s]
Best heuristic value: 44/50 [g=18, 66 evaluated, 56 expanded, 5 reopened, t=0.11s]
Best heuristic value: 41/50 [g=20, 73 evaluated, 62 expanded, 6 reopened, t=0.12s]
Best heuristic value: 40/48 [g=22, 144 evaluated, 115 expanded, 16 reopened, t=0.12s]
Best heuristic value: 39/48 [g=23, 145 evaluated, 116 expanded, 16 reopened, t=0.12s]
Best heuristic value: 37/48 [g=24, 146 evaluated, 117 expanded, 16 reopened, t=0.12s]
Best heuristic value: 37/46 [g=25, 147 evaluated, 118 expanded, 16 reopened, t=0.12s]
Best heuristic value: 36/43 [g=25, 149 evaluated, 119 expanded, 16 reopened, t=0.12s]
Best heuristic value: 35/43 [g=26, 150 evaluated, 120 expanded, 16 reopened, t=0.12s]
Best heuristic value: 35/39 [g=28, 151 evaluated, 121 expanded, 16 reopened, t=0.12s]
Best heuristic value: 35/38 [g=30, 155 evaluated, 125 expanded, 16 reopened, t=0.12s]
Best heuristic value: 32/38 [g=31, 161 evaluated, 130 expanded, 17 reopened, t=0.12s]
Best heuristic value: 31/34 [g=33, 198 evaluated, 162 expanded, 34 reopened, t=0.12s]
Best heuristic value: 31/32 [g=35, 199 evaluated, 163 expanded, 34 reopened, t=0.12s]
Best heuristic value: 26/32 [g=37, 294 evaluated, 246 expanded, 106 reopened, t=0.13s]
Best heuristic value: 26/28 [g=40, 296 evaluated, 248 expanded, 106 reopened, t=0.13s]
Best heuristic value: 23/28 [g=44, 312 evaluated, 263 expanded, 114 reopened, t=0.13s]
Best heuristic value: 21/23 [g=45, 336 evaluated, 284 expanded, 128 reopened, t=0.14s]
Best heuristic value: 21/22 [g=47, 337 evaluated, 285 expanded, 128 reopened, t=0.14s]
Best heuristic value: 18/21 [g=51, 358 evaluated, 304 expanded, 143 reopened, t=0.14s]
Best heuristic value: 16/19 [g=52, 359 evaluated, 305 expanded, 143 reopened, t=0.14s]
Best heuristic value: 13/13 [g=55, 360 evaluated, 306 expanded, 143 reopened, t=0.14s]
Best heuristic value: 10/13 [g=58, 364 evaluated, 309 expanded, 143 reopened, t=0.14s]
Best heuristic value: 9/9 [g=61, 368 evaluated, 312 expanded, 143 reopened, t=0.14s]
Best heuristic value: 7/7 [g=62, 369 evaluated, 313 expanded, 143 reopened, t=0.14s]
Best heuristic value: 4/4 [g=64, 370 evaluated, 314 expanded, 143 reopened, t=0.14s]
Best heuristic value: 2/2 [g=65, 371 evaluated, 315 expanded, 143 reopened, t=0.14s]
Solution found!
Actual search time: 0.03s [t=0.14s]
slide-base-in b-0 carry-in table-in (1)
move-arm arm table-in tray-a (4)
pickup-component part-a arm tray-a (1)
move-arm-holding arm tray-a table-in part-a (4)
assemble-with-arm part-a attatch-a nothing-done b-0 arm table-in (3)
eject-base b-0 arm table-in (1)
move-arm-holding arm table-in screw-machine-a b-0 (3)
set-base b-0 arm screw-machine-a (1)
assemble-with-machine b-0 screw-machine-a screw-a attatch-a (3)
eject-base b-0 arm screw-machine-a (1)
move-arm-holding arm screw-machine-a table1 b-0 (2)
set-base b-0 arm table1 (1)
move-arm arm table1 tray-b (4)
pickup-component part-b arm tray-b (1)
move-arm-holding arm tray-b table1 part-b (4)
assemble-with-arm part-b attatch-b screw-a b-0 arm table1 (3)
move-arm arm table1 tray-c (5)
pickup-component part-c arm tray-c (1)
move-arm-holding arm tray-c screw-machine-c part-c (2)
move-arm-holding arm screw-machine-c table1 part-c (4)
assemble-with-arm part-c attatch-c attatch-b b-0 arm table1 (2)
eject-base b-0 arm table1 (1)
move-arm-holding arm table1 table-out b-0 (3)
move-arm-holding arm table-out screw-machine-c b-0 (2)
set-base b-0 arm screw-machine-c (1)
assemble-with-machine b-0 screw-machine-c screw-c attatch-c (3)
eject-base b-0 arm screw-machine-c (1)
move-arm-holding arm screw-machine-c table-out b-0 (2)
set-base b-0 arm table-out (1)
slide-base-out b-0 table-out carry-out (1)
Plan length: 30 step(s).
Plan cost: 66
Initial state h value: 60/69.
Expanded 316 state(s).
Reopened 143 state(s).
Evaluated 372 state(s).
Evaluations: 744
Generated 2450 state(s).
Dead ends: 55 state(s).
Best solution cost so far: 66
Solution found - keep searching
Starting search: lazy_wastar(list(hff2, hlm2), preferred = list(hff2, hlm2), w = 1)
Conducting lazy best first search, (real) bound = 66
Best heuristic value: 60/69 [g=0, 1 evaluated, 0 expanded, t=0.14s]
Best heuristic value: 58/67 [g=1, 2 evaluated, 1 expanded, t=0.14s]
Best heuristic value: 56/67 [g=3, 4 evaluated, 3 expanded, t=0.14s]
Best heuristic value: 55/65 [g=6, 27 evaluated, 26 expanded, 2 reopened, t=0.14s]
Best heuristic value: 52/62 [g=8, 32 evaluated, 29 expanded, 2 reopened, t=0.14s]
Best heuristic value: 52/61 [g=10, 33 evaluated, 30 expanded, 2 reopened, t=0.14s]
Best heuristic value: 52/60 [g=11, 36 evaluated, 33 expanded, 2 reopened, t=0.14s]
Best heuristic value: 52/59 [g=13, 38 evaluated, 35 expanded, 2 reopened, t=0.14s]
Best heuristic value: 49/56 [g=14, 57 evaluated, 48 expanded, 5 reopened, t=0.14s]
Best heuristic value: 48/56 [g=15, 58 evaluated, 49 expanded, 5 reopened, t=0.14s]
Best heuristic value: 47/55 [g=16, 59 evaluated, 50 expanded, 5 reopened, t=0.14s]
Best heuristic value: 45/50 [g=17, 64 evaluated, 55 expanded, 5 reopened, t=0.14s]
Best heuristic value: 44/50 [g=18, 66 evaluated, 56 expanded, 5 reopened, t=0.14s]
Best heuristic value: 41/50 [g=20, 73 evaluated, 62 expanded, 6 reopened, t=0.14s]
Best heuristic value: 40/48 [g=22, 144 evaluated, 115 expanded, 16 reopened, t=0.15s]
Best heuristic value: 39/48 [g=23, 145 evaluated, 116 expanded, 16 reopened, t=0.15s]
Best heuristic value: 37/48 [g=24, 146 evaluated, 117 expanded, 16 reopened, t=0.15s]
Best heuristic value: 37/46 [g=25, 147 evaluated, 118 expanded, 16 reopened, t=0.15s]
Best heuristic value: 36/43 [g=25, 149 evaluated, 119 expanded, 16 reopened, t=0.15s]
Best heuristic value: 35/43 [g=26, 150 evaluated, 120 expanded, 16 reopened, t=0.15s]
Best heuristic value: 35/39 [g=28, 151 evaluated, 121 expanded, 16 reopened, t=0.15s]
Best heuristic value: 35/38 [g=30, 155 evaluated, 125 expanded, 16 reopened, t=0.15s]
Best heuristic value: 32/38 [g=31, 161 evaluated, 130 expanded, 17 reopened, t=0.15s]
Best heuristic value: 31/34 [g=33, 198 evaluated, 162 expanded, 34 reopened, t=0.15s]
Best heuristic value: 31/32 [g=35, 199 evaluated, 163 expanded, 34 reopened, t=0.15s]
Best heuristic value: 26/32 [g=37, 294 evaluated, 246 expanded, 106 reopened, t=0.16s]
Best heuristic value: 26/28 [g=40, 296 evaluated, 248 expanded, 106 reopened, t=0.16s]
Best heuristic value: 23/28 [g=44, 312 evaluated, 263 expanded, 114 reopened, t=0.16s]
Best heuristic value: 21/23 [g=45, 336 evaluated, 284 expanded, 128 reopened, t=0.16s]
Best heuristic value: 21/22 [g=47, 337 evaluated, 285 expanded, 128 reopened, t=0.16s]
Best heuristic value: 18/21 [g=51, 358 evaluated, 304 expanded, 143 reopened, t=0.17s]
Best heuristic value: 16/19 [g=52, 359 evaluated, 305 expanded, 143 reopened, t=0.17s]
Best heuristic value: 13/13 [g=55, 360 evaluated, 306 expanded, 143 reopened, t=0.17s]
Best heuristic value: 10/13 [g=58, 364 evaluated, 309 expanded, 143 reopened, t=0.17s]
Best heuristic value: 9/9 [g=61, 368 evaluated, 312 expanded, 143 reopened, t=0.17s]
Best heuristic value: 7/7 [g=62, 369 evaluated, 313 expanded, 143 reopened, t=0.17s]
Best heuristic value: 4/4 [g=64, 370 evaluated, 314 expanded, 143 reopened, t=0.17s]
Best heuristic value: 2/2 [g=65, 371 evaluated, 315 expanded, 143 reopened, t=0.17s]
Solution found!
Actual search time: 0.03s [t=0.17s]
slide-base-in b-0 carry-in table-in (1)
move-arm arm table-in tray-a (4)
pickup-component part-a arm tray-a (1)
move-arm-holding arm tray-a table-in part-a (4)
assemble-with-arm part-a attatch-a nothing-done b-0 arm table-in (3)
eject-base b-0 arm table-in (1)
move-arm-holding arm table-in screw-machine-a b-0 (3)
set-base b-0 arm screw-machine-a (1)
assemble-with-machine b-0 screw-machine-a screw-a attatch-a (3)
eject-base b-0 arm screw-machine-a (1)
move-arm-holding arm screw-machine-a table1 b-0 (2)
set-base b-0 arm table1 (1)
move-arm arm table1 tray-b (4)
pickup-component part-b arm tray-b (1)
move-arm-holding arm tray-b table1 part-b (4)
assemble-with-arm part-b attatch-b screw-a b-0 arm table1 (3)
move-arm arm table1 tray-c (5)
pickup-component part-c arm tray-c (1)
move-arm-holding arm tray-c screw-machine-c part-c (2)
move-arm-holding arm screw-machine-c table1 part-c (4)
assemble-with-arm part-c attatch-c attatch-b b-0 arm table1 (2)
eject-base b-0 arm table1 (1)
move-arm-holding arm table1 screw-machine-c b-0 (4)
set-base b-0 arm screw-machine-c (1)
assemble-with-machine b-0 screw-machine-c screw-c attatch-c (3)
eject-base b-0 arm screw-machine-c (1)
move-arm-holding arm screw-machine-c table-out b-0 (2)
set-base b-0 arm table-out (1)
slide-base-out b-0 table-out carry-out (1)
Plan length: 29 step(s).
Plan cost: 65
Initial state h value: 60/69.
Expanded 326 state(s).
Reopened 150 state(s).
Evaluated 382 state(s).
Evaluations: 764
Generated 2529 state(s).
Dead ends: 55 state(s).
Best solution cost so far: 65
Solution found - keep searching
Starting search: lazy_wastar(list(hff2, hlm2), preferred = list(hff2, hlm2), w = 1)
Conducting lazy best first search, (real) bound = 65
Best heuristic value: 60/69 [g=0, 1 evaluated, 0 expanded, t=0.17s]
Best heuristic value: 58/67 [g=1, 2 evaluated, 1 expanded, t=0.17s]
Best heuristic value: 56/67 [g=3, 4 evaluated, 3 expanded, t=0.17s]
Best heuristic value: 55/65 [g=6, 27 evaluated, 26 expanded, 2 reopened, t=0.17s]
Best heuristic value: 52/62 [g=8, 32 evaluated, 29 expanded, 2 reopened, t=0.17s]
Best heuristic value: 52/61 [g=10, 33 evaluated, 30 expanded, 2 reopened, t=0.17s]
Best heuristic value: 52/60 [g=11, 36 evaluated, 33 expanded, 2 reopened, t=0.17s]
Best heuristic value: 52/59 [g=13, 38 evaluated, 35 expanded, 2 reopened, t=0.17s]
Best heuristic value: 49/56 [g=14, 57 evaluated, 48 expanded, 5 reopened, t=0.17s]
Best heuristic value: 48/56 [g=15, 58 evaluated, 49 expanded, 5 reopened, t=0.17s]
Best heuristic value: 47/55 [g=16, 59 evaluated, 50 expanded, 5 reopened, t=0.17s]
Best heuristic value: 45/50 [g=17, 64 evaluated, 55 expanded, 5 reopened, t=0.17s]
Best heuristic value: 44/50 [g=18, 66 evaluated, 56 expanded, 5 reopened, t=0.17s]
Best heuristic value: 41/50 [g=20, 73 evaluated, 62 expanded, 6 reopened, t=0.18s]
Best heuristic value: 40/48 [g=22, 144 evaluated, 115 expanded, 16 reopened, t=0.18s]
Best heuristic value: 39/48 [g=23, 145 evaluated, 116 expanded, 16 reopened, t=0.18s]
Best heuristic value: 37/48 [g=24, 146 evaluated, 117 expanded, 16 reopened, t=0.18s]
Best heuristic value: 37/46 [g=25, 147 evaluated, 118 expanded, 16 reopened, t=0.18s]
Best heuristic value: 36/43 [g=25, 149 evaluated, 119 expanded, 16 reopened, t=0.18s]
Best heuristic value: 35/43 [g=26, 150 evaluated, 120 expanded, 16 reopened, t=0.18s]
Best heuristic value: 35/39 [g=28, 151 evaluated, 121 expanded, 16 reopened, t=0.18s]
Best heuristic value: 35/38 [g=30, 155 evaluated, 125 expanded, 16 reopened, t=0.18s]
Best heuristic value: 32/38 [g=31, 161 evaluated, 130 expanded, 17 reopened, t=0.18s]
Best heuristic value: 31/34 [g=33, 198 evaluated, 162 expanded, 34 reopened, t=0.18s]
Best heuristic value: 31/32 [g=35, 199 evaluated, 163 expanded, 34 reopened, t=0.18s]
Best heuristic value: 26/32 [g=37, 294 evaluated, 246 expanded, 106 reopened, t=0.19s]
Best heuristic value: 26/28 [g=40, 296 evaluated, 248 expanded, 106 reopened, t=0.19s]
Best heuristic value: 23/28 [g=44, 312 evaluated, 263 expanded, 114 reopened, t=0.19s]
Best heuristic value: 21/23 [g=45, 336 evaluated, 284 expanded, 128 reopened, t=0.2s]
Best heuristic value: 21/22 [g=47, 337 evaluated, 285 expanded, 128 reopened, t=0.2s]
Best heuristic value: 18/21 [g=51, 358 evaluated, 304 expanded, 143 reopened, t=0.2s]
Best heuristic value: 16/19 [g=52, 359 evaluated, 305 expanded, 143 reopened, t=0.2s]
Best heuristic value: 13/13 [g=55, 360 evaluated, 306 expanded, 143 reopened, t=0.2s]
Best heuristic value: 10/13 [g=58, 364 evaluated, 309 expanded, 143 reopened, t=0.2s]
Best heuristic value: 9/9 [g=61, 368 evaluated, 312 expanded, 143 reopened, t=0.2s]
Best heuristic value: 7/7 [g=62, 369 evaluated, 313 expanded, 143 reopened, t=0.2s]
Best heuristic value: 4/4 [g=64, 370 evaluated, 314 expanded, 143 reopened, t=0.2s]
Best heuristic value: 2/2 [g=64, 380 evaluated, 324 expanded, 149 reopened, t=0.2s]
Solution found!
Actual search time: 0.03s [t=0.2s]
slide-base-in b-0 carry-in table-in (1)
move-arm arm table-in tray-a (4)
pickup-component part-a arm tray-a (1)
move-arm-holding arm tray-a table-in part-a (4)
assemble-with-arm part-a attatch-a nothing-done b-0 arm table-in (3)
eject-base b-0 arm table-in (1)
move-arm-holding arm table-in screw-machine-a b-0 (3)
set-base b-0 arm screw-machine-a (1)
assemble-with-machine b-0 screw-machine-a screw-a attatch-a (3)
eject-base b-0 arm screw-machine-a (1)
move-arm-holding arm screw-machine-a table1 b-0 (2)
set-base b-0 arm table1 (1)
move-arm arm table1 tray-b (4)
pickup-component part-b arm tray-b (1)
move-arm-holding arm tray-b table1 part-b (4)
assemble-with-arm part-b attatch-b screw-a b-0 arm table1 (3)
move-arm arm table1 tray-c (5)
pickup-component part-c arm tray-c (1)
move-arm-holding arm tray-c table1 part-c (5)
assemble-with-arm part-c attatch-c attatch-b b-0 arm table1 (2)
eject-base b-0 arm table1 (1)
move-arm-holding arm table1 screw-machine-c b-0 (4)
set-base b-0 arm screw-machine-c (1)
assemble-with-machine b-0 screw-machine-c screw-c attatch-c (3)
eject-base b-0 arm screw-machine-c (1)
move-arm-holding arm screw-machine-c table-out b-0 (2)
set-base b-0 arm table-out (1)
slide-base-out b-0 table-out carry-out (1)
Plan length: 28 step(s).
Plan cost: 64
Initial state h value: 60/69.
Expanded 341 state(s).
Reopened 164 state(s).
Evaluated 400 state(s).
Evaluations: 800
Generated 2648 state(s).
Dead ends: 58 state(s).
Best solution cost so far: 64
Solution found - keep searching
Starting search: lazy_wastar(list(hff2, hlm2), preferred = list(hff2, hlm2), w = 1)
Conducting lazy best first search, (real) bound = 64
Best heuristic value: 60/69 [g=0, 1 evaluated, 0 expanded, t=0.2s]
Best heuristic value: 58/67 [g=1, 2 evaluated, 1 expanded, t=0.2s]
Best heuristic value: 56/67 [g=3, 4 evaluated, 3 expanded, t=0.2s]
Best heuristic value: 55/65 [g=6, 27 evaluated, 26 expanded, 2 reopened, t=0.2s]
Best heuristic value: 52/62 [g=8, 32 evaluated, 29 expanded, 2 reopened, t=0.2s]
Best heuristic value: 52/61 [g=10, 33 evaluated, 30 expanded, 2 reopened, t=0.2s]
Best heuristic value: 52/60 [g=11, 36 evaluated, 33 expanded, 2 reopened, t=0.2s]
Best heuristic value: 52/59 [g=13, 38 evaluated, 35 expanded, 2 reopened, t=0.2s]
Best heuristic value: 49/56 [g=14, 57 evaluated, 48 expanded, 5 reopened, t=0.2s]
Best heuristic value: 48/56 [g=15, 58 evaluated, 49 expanded, 5 reopened, t=0.2s]
Best heuristic value: 47/55 [g=16, 59 evaluated, 50 expanded, 5 reopened, t=0.2s]
Best heuristic value: 45/50 [g=17, 64 evaluated, 55 expanded, 5 reopened, t=0.2s]
Best heuristic value: 44/50 [g=18, 66 evaluated, 56 expanded, 5 reopened, t=0.2s]
Best heuristic value: 41/50 [g=20, 73 evaluated, 62 expanded, 6 reopened, t=0.21s]
Best heuristic value: 40/48 [g=22, 144 evaluated, 115 expanded, 16 reopened, t=0.21s]
Best heuristic value: 39/48 [g=23, 145 evaluated, 116 expanded, 16 reopened, t=0.21s]
Best heuristic value: 37/48 [g=24, 146 evaluated, 117 expanded, 16 reopened, t=0.21s]
Best heuristic value: 37/46 [g=25, 147 evaluated, 118 expanded, 16 reopened, t=0.21s]
Best heuristic value: 36/43 [g=25, 149 evaluated, 119 expanded, 16 reopened, t=0.21s]
Best heuristic value: 35/43 [g=26, 150 evaluated, 120 expanded, 16 reopened, t=0.21s]
Best heuristic value: 35/39 [g=28, 151 evaluated, 121 expanded, 16 reopened, t=0.21s]
Best heuristic value: 35/38 [g=30, 155 evaluated, 125 expanded, 16 reopened, t=0.21s]
Best heuristic value: 32/38 [g=31, 161 evaluated, 130 expanded, 17 reopened, t=0.21s]
Best heuristic value: 31/34 [g=33, 198 evaluated, 162 expanded, 34 reopened, t=0.22s]
Best heuristic value: 31/32 [g=35, 199 evaluated, 163 expanded, 34 reopened, t=0.22s]
Best heuristic value: 26/32 [g=37, 294 evaluated, 246 expanded, 106 reopened, t=0.22s]
Best heuristic value: 26/28 [g=40, 296 evaluated, 248 expanded, 106 reopened, t=0.22s]
Best heuristic value: 23/28 [g=44, 312 evaluated, 263 expanded, 114 reopened, t=0.22s]
Best heuristic value: 21/23 [g=45, 336 evaluated, 284 expanded, 128 reopened, t=0.23s]
Best heuristic value: 21/22 [g=47, 337 evaluated, 285 expanded, 128 reopened, t=0.23s]
Best heuristic value: 18/21 [g=51, 358 evaluated, 304 expanded, 143 reopened, t=0.23s]
Best heuristic value: 16/19 [g=52, 359 evaluated, 305 expanded, 143 reopened, t=0.23s]
Best heuristic value: 13/13 [g=55, 360 evaluated, 306 expanded, 143 reopened, t=0.23s]
Best heuristic value: 10/13 [g=58, 364 evaluated, 309 expanded, 143 reopened, t=0.23s]
Best heuristic value: 9/9 [g=61, 368 evaluated, 312 expanded, 143 reopened, t=0.23s]
Best heuristic value: 7/7 [g=62, 369 evaluated, 313 expanded, 143 reopened, t=0.23s]
Best heuristic value: 6/7 [g=63, 370 evaluated, 314 expanded, 143 reopened, t=0.23s]
Best heuristic value: 4/4 [g=63, 378 evaluated, 322 expanded, 148 reopened, t=0.23s]
Best heuristic value: 2/2 [g=63, 397 evaluated, 338 expanded, 162 reopened, t=0.23s]
Completely explored state space -- no solution!
Actual search time: 0.06s [t=0.26s]
Initial state h value: 60/69.
Expanded 604 state(s).
Reopened 256 state(s).
Evaluated 713 state(s).
Evaluations: 1426
Generated 4600 state(s).
Dead ends: 109 state(s).
Best solution cost so far: 64
No solution found - keep searching
Actual search time: 0.23s [t=0.26s]
Cumulative statistics:
Expanded 2408 state(s).
Reopened 794 state(s).
Evaluated 2880 state(s).
Evaluations: 5760
Generated 18544 state(s).
Dead ends: 0 state(s).
Search time: 0.23s
Total time: 0.26s
Solution found.
Peak memory: 6888 KB
