Parsing... [0.000s CPU, 0.006s wall-clock]
Normalizing task... [0.000s CPU, 0.000s wall-clock]
Instantiating...
Generating Datalog program... [0.010s CPU, 0.001s wall-clock]
Normalizing Datalog program...
Normalizing Datalog program: [0.000s CPU, 0.006s wall-clock]
Preparing model... [0.010s CPU, 0.003s wall-clock]
Generated 68 rules.
Computing model... [0.020s CPU, 0.029s wall-clock]
789 relevant atoms
786 auxiliary atoms
1575 final queue length
2656 total queue pushes
Completing instantiation... [0.070s CPU, 0.072s wall-clock]
Instantiating: [0.110s CPU, 0.111s wall-clock]
Computing fact groups...
Finding invariants...
15 initial candidates
Finding invariants: [0.010s CPU, 0.004s wall-clock]
Checking invariant weight... [0.000s CPU, 0.000s wall-clock]
Instantiating groups... [0.000s CPU, 0.000s wall-clock]
Collecting mutex groups... [0.000s CPU, 0.000s wall-clock]
Choosing groups...
76 uncovered facts
Choosing groups: [0.000s CPU, 0.000s wall-clock]
Building translation key... [0.000s CPU, 0.000s wall-clock]
Computing fact groups: [0.010s CPU, 0.006s wall-clock]
Building STRIPS to SAS dictionary... [0.000s CPU, 0.000s wall-clock]
Building dictionary for full mutex groups... [0.000s CPU, 0.000s wall-clock]
Building mutex information...
Building mutex information: [0.000s CPU, 0.000s wall-clock]
Translating task...
Processing axioms...
Simplifying axioms... [0.000s CPU, 0.000s wall-clock]
Processing axioms: [0.000s CPU, 0.003s wall-clock]
Translating task: [0.040s CPU, 0.046s wall-clock]
64 implied effects removed
472 effect conditions simplified
0 implied preconditions added
Detecting unreachable propositions...
0 operators removed
15 propositions removed
Detecting unreachable propositions: [0.010s CPU, 0.009s wall-clock]
Translator variables: 70
Translator derived variables: 0
Translator facts: 146
Translator mutex groups: 1
Translator total mutex groups size: 8
Translator operators: 583
Translator task size: 4592
Translator peak memory: 45576 KB
Writing output... [0.000s CPU, 0.009s wall-clock]
Done! [0.180s CPU, 0.190s wall-clock]
