Parsing... [0.010s CPU, 0.007s wall-clock]
Normalizing task... [0.000s CPU, 0.000s wall-clock]
Instantiating...
Generating Datalog program... [0.000s CPU, 0.001s wall-clock]
Normalizing Datalog program...
Normalizing Datalog program: [0.000s CPU, 0.007s wall-clock]
Preparing model... [0.010s CPU, 0.004s wall-clock]
Generated 68 rules.
Computing model... [0.080s CPU, 0.087s wall-clock]
1977 relevant atoms
2646 auxiliary atoms
4623 final queue length
7468 total queue pushes
Completing instantiation... [0.200s CPU, 0.203s wall-clock]
Instantiating: [0.290s CPU, 0.304s wall-clock]
Computing fact groups...
Finding invariants...
15 initial candidates
Finding invariants: [0.010s CPU, 0.006s wall-clock]
Checking invariant weight... [0.000s CPU, 0.000s wall-clock]
Instantiating groups... [0.000s CPU, 0.000s wall-clock]
Collecting mutex groups... [0.000s CPU, 0.000s wall-clock]
Choosing groups...
232 uncovered facts
Choosing groups: [0.000s CPU, 0.000s wall-clock]
Building translation key... [0.000s CPU, 0.001s wall-clock]
Computing fact groups: [0.020s CPU, 0.012s wall-clock]
Building STRIPS to SAS dictionary... [0.000s CPU, 0.000s wall-clock]
Building dictionary for full mutex groups... [0.000s CPU, 0.000s wall-clock]
Building mutex information...
Building mutex information: [0.000s CPU, 0.000s wall-clock]
Translating task...
Processing axioms...
Simplifying axioms... [0.000s CPU, 0.000s wall-clock]
Processing axioms: [0.010s CPU, 0.009s wall-clock]
Translating task: [0.140s CPU, 0.140s wall-clock]
160 implied effects removed
1216 effect conditions simplified
0 implied preconditions added
Detecting unreachable propositions...
0 operators removed
39 propositions removed
Detecting unreachable propositions: [0.020s CPU, 0.025s wall-clock]
Translator variables: 214
Translator derived variables: 0
Translator facts: 446
Translator mutex groups: 1
Translator total mutex groups size: 20
Translator operators: 1555
Translator task size: 12260
Translator peak memory: 52048 KB
Writing output... [0.030s CPU, 0.024s wall-clock]
Done! [0.520s CPU, 0.523s wall-clock]
