Parsing... [0.030s CPU, 0.023s wall-clock]
Normalizing task... [0.000s CPU, 0.002s wall-clock]
Instantiating...
Generating Datalog program... [0.010s CPU, 0.007s wall-clock]
Normalizing Datalog program...
Normalizing Datalog program: [0.010s CPU, 0.009s wall-clock]
Preparing model... [0.030s CPU, 0.031s wall-clock]
Generated 68 rules.
Computing model... [1.640s CPU, 1.645s wall-clock]
25737 relevant atoms
39846 auxiliary atoms
65583 final queue length
103708 total queue pushes
Completing instantiation... [6.750s CPU, 6.751s wall-clock]
Instantiating: [8.510s CPU, 8.515s wall-clock]
Computing fact groups...
Finding invariants...
15 initial candidates
Finding invariants: [0.020s CPU, 0.018s wall-clock]
Checking invariant weight... [0.000s CPU, 0.001s wall-clock]
Instantiating groups... [0.000s CPU, 0.001s wall-clock]
Collecting mutex groups... [0.000s CPU, 0.003s wall-clock]
Choosing groups...
3352 uncovered facts
Choosing groups: [0.010s CPU, 0.004s wall-clock]
Building translation key... [0.020s CPU, 0.023s wall-clock]
Computing fact groups: [0.120s CPU, 0.126s wall-clock]
Building STRIPS to SAS dictionary... [0.010s CPU, 0.013s wall-clock]
Building dictionary for full mutex groups... [0.010s CPU, 0.009s wall-clock]
Building mutex information...
Building mutex information: [0.010s CPU, 0.012s wall-clock]
Translating task...
Processing axioms...
Simplifying axioms... [0.000s CPU, 0.000s wall-clock]
Processing axioms: [0.160s CPU, 0.159s wall-clock]
Translating task: [2.750s CPU, 2.750s wall-clock]
2080 implied effects removed
16096 effect conditions simplified
0 implied preconditions added
Detecting unreachable propositions...
0 operators removed
519 propositions removed
Detecting unreachable propositions: [0.480s CPU, 0.473s wall-clock]
Translator variables: 3094
Translator derived variables: 0
Translator facts: 6446
Translator mutex groups: 1
Translator total mutex groups size: 260
Translator operators: 20995
Translator task size: 165620
Translator peak memory: 181556 KB
Writing output... [0.490s CPU, 0.499s wall-clock]
Done! [12.630s CPU, 12.636s wall-clock]
