Parsing... [0.010s CPU, 0.005s wall-clock]
Normalizing task... [0.000s CPU, 0.000s wall-clock]
Instantiating...
Generating Datalog program... [0.000s CPU, 0.001s wall-clock]
Normalizing Datalog program...
Normalizing Datalog program: [0.010s CPU, 0.004s wall-clock]
Preparing model... [0.000s CPU, 0.005s wall-clock]
Generated 44 rules.
Computing model... [0.050s CPU, 0.044s wall-clock]
1453 relevant atoms
789 auxiliary atoms
2242 final queue length
3868 total queue pushes
Completing instantiation... [0.070s CPU, 0.077s wall-clock]
Instantiating: [0.130s CPU, 0.132s wall-clock]
Computing fact groups...
Finding invariants...
24 initial candidates
Finding invariants: [0.010s CPU, 0.006s wall-clock]
Checking invariant weight... [0.000s CPU, 0.003s wall-clock]
Instantiating groups... [0.010s CPU, 0.012s wall-clock]
Collecting mutex groups... [0.000s CPU, 0.001s wall-clock]
Choosing groups...
61 uncovered facts
Choosing groups: [0.010s CPU, 0.002s wall-clock]
Building translation key... [0.000s CPU, 0.001s wall-clock]
Computing fact groups: [0.030s CPU, 0.029s wall-clock]
Building STRIPS to SAS dictionary... [0.000s CPU, 0.000s wall-clock]
Building dictionary for full mutex groups... [0.000s CPU, 0.001s wall-clock]
Building mutex information...
Building mutex information: [0.000s CPU, 0.001s wall-clock]
Translating task...
Processing axioms...
Simplifying axioms... [0.000s CPU, 0.000s wall-clock]
Processing axioms: [0.000s CPU, 0.005s wall-clock]
Translating task: [0.060s CPU, 0.065s wall-clock]
0 implied effects removed
0 effect conditions simplified
0 implied preconditions added
Detecting unreachable propositions...
0 operators removed
90 propositions removed
Detecting unreachable propositions: [0.020s CPU, 0.011s wall-clock]
Translator variables: 124
Translator derived variables: 0
Translator facts: 308
Translator mutex groups: 92
Translator total mutex groups size: 244
Translator operators: 958
Translator task size: 5906
Translator peak memory: 48120 KB
Writing output... [0.020s CPU, 0.014s wall-clock]
Done! [0.270s CPU, 0.265s wall-clock]
