Parsing... [0.010s CPU, 0.008s wall-clock]
Normalizing task... [0.000s CPU, 0.000s wall-clock]
Instantiating...
Generating Datalog program... [0.000s CPU, 0.002s wall-clock]
Normalizing Datalog program...
Normalizing Datalog program: [0.000s CPU, 0.007s wall-clock]
Preparing model... [0.020s CPU, 0.008s wall-clock]
Generated 44 rules.
Computing model... [0.100s CPU, 0.107s wall-clock]
3546 relevant atoms
2107 auxiliary atoms
5653 final queue length
9697 total queue pushes
Completing instantiation... [0.330s CPU, 0.323s wall-clock]
Instantiating: [0.460s CPU, 0.461s wall-clock]
Computing fact groups...
Finding invariants...
24 initial candidates
Finding invariants: [0.010s CPU, 0.007s wall-clock]
Checking invariant weight... [0.000s CPU, 0.006s wall-clock]
Instantiating groups... [0.020s CPU, 0.017s wall-clock]
Collecting mutex groups... [0.000s CPU, 0.001s wall-clock]
Choosing groups...
184 uncovered facts
Choosing groups: [0.000s CPU, 0.004s wall-clock]
Building translation key... [0.000s CPU, 0.002s wall-clock]
Computing fact groups: [0.050s CPU, 0.048s wall-clock]
Building STRIPS to SAS dictionary... [0.000s CPU, 0.001s wall-clock]
Building dictionary for full mutex groups... [0.000s CPU, 0.001s wall-clock]
Building mutex information...
Building mutex information: [0.000s CPU, 0.002s wall-clock]
Translating task...
Processing axioms...
Simplifying axioms... [0.000s CPU, 0.000s wall-clock]
Processing axioms: [0.060s CPU, 0.055s wall-clock]
Translating task: [0.240s CPU, 0.238s wall-clock]
0 implied effects removed
0 effect conditions simplified
0 implied preconditions added
Detecting unreachable propositions...
0 operators removed
123 propositions removed
Detecting unreachable propositions: [0.030s CPU, 0.033s wall-clock]
Translator variables: 301
Translator derived variables: 0
Translator facts: 785
Translator mutex groups: 149
Translator total mutex groups size: 481
Translator operators: 2546
Translator task size: 16150
Translator peak memory: 57888 KB
Writing output... [0.040s CPU, 0.040s wall-clock]
Done! [0.910s CPU, 0.917s wall-clock]
