Parsing... [0.020s CPU, 0.019s wall-clock]
Normalizing task... [0.000s CPU, 0.001s wall-clock]
Instantiating...
Generating Datalog program... [0.010s CPU, 0.006s wall-clock]
Normalizing Datalog program...
Normalizing Datalog program: [0.000s CPU, 0.005s wall-clock]
Preparing model... [0.020s CPU, 0.020s wall-clock]
Generated 44 rules.
Computing model... [0.620s CPU, 0.618s wall-clock]
19025 relevant atoms
13401 auxiliary atoms
32426 final queue length
54064 total queue pushes
Completing instantiation... [1.820s CPU, 1.810s wall-clock]
Instantiating: [2.490s CPU, 2.484s wall-clock]
Computing fact groups...
Finding invariants...
24 initial candidates
Finding invariants: [0.010s CPU, 0.015s wall-clock]
Checking invariant weight... [0.030s CPU, 0.023s wall-clock]
Instantiating groups... [0.060s CPU, 0.059s wall-clock]
Collecting mutex groups... [0.010s CPU, 0.004s wall-clock]
Choosing groups...
932 uncovered facts
Choosing groups: [0.010s CPU, 0.014s wall-clock]
Building translation key... [0.010s CPU, 0.009s wall-clock]
Computing fact groups: [0.170s CPU, 0.172s wall-clock]
Building STRIPS to SAS dictionary... [0.000s CPU, 0.004s wall-clock]
Building dictionary for full mutex groups... [0.010s CPU, 0.006s wall-clock]
Building mutex information...
Building mutex information: [0.010s CPU, 0.007s wall-clock]
Translating task...
Processing axioms...
Simplifying axioms... [0.000s CPU, 0.000s wall-clock]
Processing axioms: [0.110s CPU, 0.115s wall-clock]
Translating task: [1.600s CPU, 1.600s wall-clock]
0 implied effects removed
0 effect conditions simplified
0 implied preconditions added
Detecting unreachable propositions...
0 operators removed
241 propositions removed
Detecting unreachable propositions: [0.200s CPU, 0.206s wall-clock]
Translator variables: 1173
Translator derived variables: 0
Translator facts: 3277
Translator mutex groups: 301
Translator total mutex groups size: 1533
Translator operators: 15610
Translator task size: 99895
Translator peak memory: 134624 KB
Writing output... [0.250s CPU, 0.245s wall-clock]
Done! [4.880s CPU, 4.875s wall-clock]
