Dispatcher selected state size 1.
This is a nonunit task.
Simplifying transitions... done!
Initializing Exploration...
Generating landmarks using the RPG/SAS+ approach
approx. reasonable orders
approx. obedient reasonable orders
Removed 0 reasonable or obedient reasonable orders
Landmarks generation time: 5.18985s
Discovered 725 landmarks, of which 19 are disjunctive and 0 are conjunctive 
3492 edges
Initializing LAMA-FF Synergy Object
Initializing landmarks count heuristic...
120 initial landmarks, 60 goal landmarks
Initializing Exploration...
Generating landmarks using the RPG/SAS+ approach
approx. reasonable orders
approx. obedient reasonable orders
Removed 0 reasonable or obedient reasonable orders
Landmarks generation time: 5.22924s
Discovered 725 landmarks, of which 19 are disjunctive and 0 are conjunctive 
3492 edges
Initializing LAMA-FF Synergy Object
Initializing landmarks count heuristic...
120 initial landmarks, 60 goal landmarks
Starting search: lazy_greedy(list(hff1, hlm1), preferred = list(hff1, hlm1), cost_type = 1, reopen_closed = false)
Conducting lazy best first search, (real) bound = 2147483647
Best heuristic value: 605/747 [g=0, 1 evaluated, 0 expanded, t=10.95s]
Best heuristic value: 605/746 [g=1, 2 evaluated, 1 expanded, t=10.95s]
Best heuristic value: 604/746 [g=2, 3 evaluated, 2 expanded, t=10.96s]
Best heuristic value: 604/743 [g=2, 9 evaluated, 8 expanded, t=10.98s]
Best heuristic value: 604/742 [g=3, 13 evaluated, 12 expanded, t=10.99s]
Best heuristic value: 604/737 [g=4, 19 evaluated, 18 expanded, t=11.01s]
Best heuristic value: 604/736 [g=5, 25 evaluated, 24 expanded, t=11.03s]
Best heuristic value: 604/735 [g=6, 29 evaluated, 28 expanded, t=11.04s]
Best heuristic value: 603/735 [g=4, 39 evaluated, 38 expanded, t=11.07s]
Best heuristic value: 603/733 [g=6, 63 evaluated, 62 expanded, t=11.15s]
Best heuristic value: 603/732 [g=7, 67 evaluated, 66 expanded, t=11.16s]
Best heuristic value: 602/732 [g=6, 93 evaluated, 92 expanded, t=11.24s]
Best heuristic value: 602/725 [g=8, 104 evaluated, 103 expanded, t=11.28s]
Best heuristic value: 602/717 [g=9, 106 evaluated, 105 expanded, t=11.29s]
Best heuristic value: 602/716 [g=10, 114 evaluated, 113 expanded, t=11.31s]
Best heuristic value: 602/712 [g=11, 124 evaluated, 123 expanded, t=11.35s]
Best heuristic value: 602/710 [g=12, 138 evaluated, 137 expanded, t=11.39s]
Best heuristic value: 601/710 [g=8, 201 evaluated, 200 expanded, t=11.6s]
Best heuristic value: 600/710 [g=10, 363 evaluated, 362 expanded, t=12.13s]
Best heuristic value: 599/710 [g=12, 533 evaluated, 532 expanded, t=12.69s]
Best heuristic value: 598/710 [g=13, 541 evaluated, 540 expanded, t=12.72s]
Best heuristic value: 597/710 [g=15, 747 evaluated, 746 expanded, t=13.4s]
Best heuristic value: 596/710 [g=17, 1022 evaluated, 1021 expanded, t=14.32s]
Best heuristic value: 596/707 [g=23, 1105 evaluated, 1104 expanded, t=14.6s]
Best heuristic value: 595/707 [g=19, 1356 evaluated, 1355 expanded, t=15.41s]
Best heuristic value: 594/707 [g=20, 1373 evaluated, 1372 expanded, t=15.46s]
Best heuristic value: 593/707 [g=22, 1758 evaluated, 1757 expanded, t=16.77s]
Best heuristic value: 593/702 [g=35, 2066 evaluated, 2065 expanded, t=17.83s]
Best heuristic value: 592/702 [g=24, 2259 evaluated, 2258 expanded, t=18.47s]
Best heuristic value: 592/693 [g=40, 2276 evaluated, 2275 expanded, t=18.53s]
Best heuristic value: 592/692 [g=42, 2335 evaluated, 2334 expanded, t=18.73s]
Best heuristic value: 592/691 [g=44, 2373 evaluated, 2372 expanded, t=18.86s]
Best heuristic value: 592/690 [g=46, 2503 evaluated, 2502 expanded, t=19.31s]
Best heuristic value: 591/690 [g=26, 2840 evaluated, 2839 expanded, t=20.47s]
Best heuristic value: 590/690 [g=28, 3405 evaluated, 3404 expanded, t=22.46s]
Best heuristic value: 589/690 [g=30, 3965 evaluated, 3964 expanded, t=24.4s]
Best heuristic value: 588/690 [g=31, 3986 evaluated, 3985 expanded, t=24.47s]
Best heuristic value: 587/690 [g=33, 4475 evaluated, 4474 expanded, t=26.17s]
Best heuristic value: 586/690 [g=34, 4491 evaluated, 4490 expanded, t=26.22s]
Best heuristic value: 585/690 [g=36, 4995 evaluated, 4994 expanded, t=27.97s]
Best heuristic value: 584/690 [g=37, 5013 evaluated, 5012 expanded, t=28.02s]
Best heuristic value: 583/690 [g=39, 5513 evaluated, 5512 expanded, t=29.77s]
Best heuristic value: 582/690 [g=40, 5533 evaluated, 5532 expanded, t=29.83s]
Best heuristic value: 581/690 [g=41, 5552 evaluated, 5551 expanded, t=29.89s]
Best heuristic value: 580/690 [g=42, 5572 evaluated, 5571 expanded, t=29.95s]
Best heuristic value: 579/690 [g=43, 5591 evaluated, 5590 expanded, t=30.01s]
Best heuristic value: 578/690 [g=44, 5618 evaluated, 5617 expanded, t=30.09s]
Best heuristic value: 577/690 [g=45, 5656 evaluated, 5655 expanded, t=30.21s]
Best heuristic value: 576/690 [g=46, 5700 evaluated, 5699 expanded, t=30.35s]
Best heuristic value: 575/690 [g=48, 6214 evaluated, 6213 expanded, t=32.23s]
Best heuristic value: 574/690 [g=50, 6724 evaluated, 6723 expanded, t=34.04s]
Best heuristic value: 573/690 [g=52, 7333 evaluated, 7332 expanded, t=36.2s]
Best heuristic value: 572/690 [g=53, 7353 evaluated, 7352 expanded, t=36.26s]
Best heuristic value: 571/690 [g=55, 7890 evaluated, 7889 expanded, t=38.16s]
Best heuristic value: 570/690 [g=56, 7902 evaluated, 7901 expanded, t=38.2s]
Best heuristic value: 569/690 [g=58, 8455 evaluated, 8454 expanded, t=40.18s]
Best heuristic value: 568/690 [g=59, 8465 evaluated, 8464 expanded, t=40.21s]
Best heuristic value: 567/690 [g=61, 8952 evaluated, 8951 expanded, t=41.95s]
Best heuristic value: 566/690 [g=62, 8964 evaluated, 8963 expanded, t=41.99s]
Best heuristic value: 565/690 [g=64, 9485 evaluated, 9484 expanded, t=43.88s]
Best heuristic value: 564/690 [g=65, 9499 evaluated, 9498 expanded, t=43.92s]
Best heuristic value: 563/690 [g=67, 9876 evaluated, 9875 expanded, t=45.27s]
Best heuristic value: 562/690 [g=68, 9890 evaluated, 9889 expanded, t=45.32s]
Best heuristic value: 561/690 [g=69, 9904 evaluated, 9903 expanded, t=45.36s]
Best heuristic value: 560/690 [g=70, 9918 evaluated, 9917 expanded, t=45.41s]
Best heuristic value: 559/690 [g=71, 9939 evaluated, 9938 expanded, t=45.48s]
Best heuristic value: 559/688 [g=67, 9956 evaluated, 9955 expanded, t=45.53s]
Best heuristic value: 559/683 [g=68, 9964 evaluated, 9963 expanded, t=45.56s]
Best heuristic value: 558/683 [g=72, 9969 evaluated, 9968 expanded, t=45.58s]
Best heuristic value: 557/683 [g=73, 9998 evaluated, 9997 expanded, t=45.67s]
Best heuristic value: 556/683 [g=74, 10055 evaluated, 10054 expanded, t=45.86s]
Best heuristic value: 555/683 [g=75, 10109 evaluated, 10108 expanded, t=46.03s]
Best heuristic value: 554/683 [g=76, 10165 evaluated, 10164 expanded, t=46.22s]
Best heuristic value: 553/683 [g=77, 10220 evaluated, 10219 expanded, t=46.39s]
Best heuristic value: 552/683 [g=79, 10831 evaluated, 10830 expanded, t=48.65s]
Best heuristic value: 552/677 [g=69, 11114 evaluated, 11113 expanded, t=49.69s]
Best heuristic value: 552/676 [g=72, 11225 evaluated, 11224 expanded, t=50.1s]
Best heuristic value: 552/675 [g=73, 11231 evaluated, 11230 expanded, t=50.12s]
Best heuristic value: 551/675 [g=81, 11517 evaluated, 11516 expanded, t=51.16s]
Best heuristic value: 551/672 [g=80, 11654 evaluated, 11653 expanded, t=51.67s]
Best heuristic value: 551/671 [g=81, 11658 evaluated, 11657 expanded, t=51.69s]
Best heuristic value: 550/671 [g=83, 12223 evaluated, 12222 expanded, t=53.79s]
Best heuristic value: 549/671 [g=85, 13035 evaluated, 13034 expanded, t=56.89s]
Best heuristic value: 549/669 [g=97, 13271 evaluated, 13270 expanded, t=57.78s]
Best heuristic value: 549/665 [g=105, 13378 evaluated, 13377 expanded, t=58.18s]
Best heuristic value: 548/665 [g=87, 13857 evaluated, 13856 expanded, t=59.96s]
Best heuristic value: 548/663 [g=111, 13929 evaluated, 13928 expanded, t=60.22s]
Best heuristic value: 548/657 [g=116, 14040 evaluated, 14039 expanded, t=60.64s]
Best heuristic value: 548/655 [g=124, 14642 evaluated, 14641 expanded, t=62.85s]
Best heuristic value: 548/650 [g=127, 14683 evaluated, 14682 expanded, t=62.99s]
Best heuristic value: 547/650 [g=89, 14782 evaluated, 14781 expanded, t=63.31s]
Best heuristic value: 546/650 [g=91, 15676 evaluated, 15675 expanded, t=66.35s]
Best heuristic value: 545/650 [g=93, 16611 evaluated, 16610 expanded, t=69.6s]
Best heuristic value: 544/650 [g=95, 17659 evaluated, 17658 expanded, t=73.22s]
Best heuristic value: 543/650 [g=96, 17667 evaluated, 17666 expanded, t=73.24s]
Best heuristic value: 543/648 [g=132, 18244 evaluated, 18243 expanded, t=75.22s]
Best heuristic value: 542/648 [g=98, 18468 evaluated, 18467 expanded, t=75.93s]
Best heuristic value: 541/648 [g=99, 18476 evaluated, 18475 expanded, t=75.96s]
Best heuristic value: 540/648 [g=101, 18693 evaluated, 18692 expanded, t=76.7s]
Best heuristic value: 539/648 [g=102, 18701 evaluated, 18700 expanded, t=76.73s]
Best heuristic value: 538/648 [g=103, 18709 evaluated, 18708 expanded, t=76.75s]
Best heuristic value: 537/648 [g=104, 18717 evaluated, 18716 expanded, t=76.78s]
Best heuristic value: 536/648 [g=105, 18753 evaluated, 18752 expanded, t=76.88s]
Best heuristic value: 535/648 [g=106, 18797 evaluated, 18796 expanded, t=77.01s]
Best heuristic value: 534/648 [g=107, 18858 evaluated, 18857 expanded, t=77.19s]
Best heuristic value: 533/648 [g=109, 19957 evaluated, 19956 expanded, t=81.03s]
Best heuristic value: 533/647 [g=150, 20474 evaluated, 20473 expanded, t=82.86s]
Best heuristic value: 532/647 [g=111, 21070 evaluated, 21069 expanded, t=84.92s]
Best heuristic value: 532/644 [g=159, 22033 evaluated, 22032 expanded, t=88.37s]
Best heuristic value: 532/642 [g=167, 22192 evaluated, 22191 expanded, t=88.91s]
Best heuristic value: 532/641 [g=170, 22223 evaluated, 22222 expanded, t=89.02s]
Best heuristic value: 531/641 [g=113, 22266 evaluated, 22265 expanded, t=89.17s]
Best heuristic value: 530/641 [g=115, 23370 evaluated, 23369 expanded, t=93.27s]
Best heuristic value: 530/639 [g=167, 24324 evaluated, 24323 expanded, t=96.85s]
Best heuristic value: 530/638 [g=169, 24399 evaluated, 24398 expanded, t=97.11s]
Best heuristic value: 530/637 [g=170, 24405 evaluated, 24404 expanded, t=97.13s]
Best heuristic value: 529/637 [g=117, 24457 evaluated, 24456 expanded, t=97.31s]
Best heuristic value: 528/637 [g=119, 25657 evaluated, 25656 expanded, t=101.89s]
Best heuristic value: 528/634 [g=176, 26875 evaluated, 26874 expanded, t=106.31s]
Best heuristic value: 527/634 [g=121, 26896 evaluated, 26895 expanded, t=106.37s]
Best heuristic value: 527/633 [g=182, 27030 evaluated, 27029 expanded, t=106.9s]
Best heuristic value: 526/633 [g=123, 28166 evaluated, 28165 expanded, t=111.05s]
Best heuristic value: 525/633 [g=125, 29403 evaluated, 29402 expanded, t=115.58s]
Best heuristic value: 524/633 [g=127, 30578 evaluated, 30577 expanded, t=119.95s]
Best heuristic value: 524/630 [g=195, 31188 evaluated, 31187 expanded, t=122.27s]
Best heuristic value: 524/629 [g=202, 31423 evaluated, 31422 expanded, t=123.14s]
Best heuristic value: 524/625 [g=208, 31664 evaluated, 31663 expanded, t=123.95s]
Best heuristic value: 524/624 [g=209, 31670 evaluated, 31669 expanded, t=123.98s]
Best heuristic value: 524/623 [g=210, 31676 evaluated, 31675 expanded, t=124s]
Best heuristic value: 523/623 [g=129, 31825 evaluated, 31824 expanded, t=124.43s]
Best heuristic value: 523/621 [g=214, 31886 evaluated, 31885 expanded, t=124.64s]
Best heuristic value: 523/618 [g=219, 32343 evaluated, 32342 expanded, t=126.2s]
Best heuristic value: 523/617 [g=224, 32588 evaluated, 32587 expanded, t=127.01s]
Best heuristic value: 523/615 [g=226, 32612 evaluated, 32611 expanded, t=127.09s]
Best heuristic value: 523/613 [g=227, 32616 evaluated, 32615 expanded, t=127.1s]
Best heuristic value: 523/610 [g=232, 32703 evaluated, 32702 expanded, t=127.39s]
Best heuristic value: 522/610 [g=131, 33140 evaluated, 33139 expanded, t=128.7s]
Best heuristic value: 522/607 [g=245, 34133 evaluated, 34132 expanded, t=132.35s]
Best heuristic value: 521/607 [g=133, 34487 evaluated, 34486 expanded, t=133.53s]
Best heuristic value: 521/606 [g=245, 35634 evaluated, 35633 expanded, t=137.47s]
Best heuristic value: 521/603 [g=246, 35639 evaluated, 35638 expanded, t=137.49s]
Best heuristic value: 520/603 [g=135, 35799 evaluated, 35798 expanded, t=137.99s]
Best heuristic value: 520/602 [g=250, 36602 evaluated, 36601 expanded, t=140.8s]
Best heuristic value: 520/601 [g=254, 36646 evaluated, 36645 expanded, t=140.96s]
Best heuristic value: 520/600 [g=258, 36859 evaluated, 36858 expanded, t=141.71s]
Best heuristic value: 520/597 [g=264, 36996 evaluated, 36995 expanded, t=142.17s]
Best heuristic value: 520/594 [g=269, 37057 evaluated, 37056 expanded, t=142.38s]
Best heuristic value: 520/592 [g=273, 37102 evaluated, 37101 expanded, t=142.52s]
Best heuristic value: 520/591 [g=274, 37105 evaluated, 37104 expanded, t=142.53s]
Best heuristic value: 519/591 [g=137, 37108 evaluated, 37107 expanded, t=142.54s]
Best heuristic value: 519/590 [g=275, 37111 evaluated, 37110 expanded, t=142.55s]
Best heuristic value: 519/589 [g=276, 37113 evaluated, 37112 expanded, t=142.56s]
Best heuristic value: 519/588 [g=277, 37117 evaluated, 37116 expanded, t=142.58s]
Best heuristic value: 519/587 [g=279, 37209 evaluated, 37208 expanded, t=142.91s]
Best heuristic value: 519/586 [g=280, 37234 evaluated, 37233 expanded, t=143s]
Best heuristic value: 519/585 [g=281, 37260 evaluated, 37259 expanded, t=143.1s]
Best heuristic value: 519/584 [g=282, 37286 evaluated, 37285 expanded, t=143.19s]
Best heuristic value: 519/583 [g=283, 37313 evaluated, 37312 expanded, t=143.28s]
Best heuristic value: 519/582 [g=286, 38108 evaluated, 38107 expanded, t=145.89s]
Best heuristic value: 519/581 [g=287, 38122 evaluated, 38121 expanded, t=145.93s]
Best heuristic value: 519/580 [g=288, 38137 evaluated, 38136 expanded, t=145.97s]
Best heuristic value: 518/580 [g=139, 38493 evaluated, 38492 expanded, t=146.98s]
Best heuristic value: 518/578 [g=297, 39087 evaluated, 39086 expanded, t=149s]
Best heuristic value: 518/577 [g=298, 39097 evaluated, 39096 expanded, t=149.04s]
Best heuristic value: 518/576 [g=299, 39113 evaluated, 39112 expanded, t=149.09s]
Best heuristic value: 518/575 [g=300, 39122 evaluated, 39121 expanded, t=149.11s]
Best heuristic value: 518/574 [g=307, 39389 evaluated, 39388 expanded, t=149.98s]
Best heuristic value: 518/572 [g=309, 39440 evaluated, 39439 expanded, t=150.14s]
Best heuristic value: 518/571 [g=310, 39441 evaluated, 39440 expanded, t=150.14s]
Best heuristic value: 518/570 [g=311, 39452 evaluated, 39451 expanded, t=150.17s]
Best heuristic value: 518/568 [g=312, 39475 evaluated, 39474 expanded, t=150.24s]
Best heuristic value: 518/567 [g=313, 39476 evaluated, 39475 expanded, t=150.25s]
Best heuristic value: 518/566 [g=314, 39484 evaluated, 39483 expanded, t=150.27s]
Best heuristic value: 518/565 [g=315, 39495 evaluated, 39494 expanded, t=150.3s]
Best heuristic value: 518/564 [g=316, 39511 evaluated, 39510 expanded, t=150.35s]
Best heuristic value: 518/563 [g=317, 39523 evaluated, 39522 expanded, t=150.39s]
Best heuristic value: 518/562 [g=318, 39538 evaluated, 39537 expanded, t=150.43s]
Best heuristic value: 518/561 [g=319, 39563 evaluated, 39562 expanded, t=150.51s]
Best heuristic value: 518/560 [g=320, 39584 evaluated, 39583 expanded, t=150.56s]
Best heuristic value: 518/559 [g=325, 39761 evaluated, 39760 expanded, t=151.06s]
Best heuristic value: 518/558 [g=326, 39773 evaluated, 39772 expanded, t=151.09s]
Best heuristic value: 518/557 [g=327, 39791 evaluated, 39790 expanded, t=151.15s]
Best heuristic value: 518/556 [g=328, 39808 evaluated, 39807 expanded, t=151.19s]
Best heuristic value: 518/555 [g=330, 39833 evaluated, 39832 expanded, t=151.26s]
Best heuristic value: 518/554 [g=331, 39835 evaluated, 39834 expanded, t=151.26s]
Best heuristic value: 518/553 [g=332, 39837 evaluated, 39836 expanded, t=151.27s]
Best heuristic value: 518/552 [g=333, 39839 evaluated, 39838 expanded, t=151.27s]
Best heuristic value: 518/551 [g=334, 39850 evaluated, 39849 expanded, t=151.3s]
Best heuristic value: 517/551 [g=141, 39852 evaluated, 39851 expanded, t=151.3s]
Best heuristic value: 517/550 [g=335, 39873 evaluated, 39872 expanded, t=151.38s]
Best heuristic value: 517/549 [g=336, 39903 evaluated, 39902 expanded, t=151.48s]
Best heuristic value: 517/548 [g=338, 39945 evaluated, 39944 expanded, t=151.63s]
Best heuristic value: 517/547 [g=339, 39980 evaluated, 39979 expanded, t=151.75s]
Best heuristic value: 517/546 [g=340, 40000 evaluated, 39999 expanded, t=151.82s]
Best heuristic value: 517/545 [g=343, 40183 evaluated, 40182 expanded, t=152.46s]
Best heuristic value: 517/544 [g=344, 40187 evaluated, 40186 expanded, t=152.47s]
Best heuristic value: 517/543 [g=345, 40211 evaluated, 40210 expanded, t=152.55s]
Best heuristic value: 516/543 [g=349, 40434 evaluated, 40433 expanded, t=153.3s]
Best heuristic value: 515/543 [g=350, 40440 evaluated, 40439 expanded, t=153.31s]
Best heuristic value: 515/542 [g=350, 40443 evaluated, 40442 expanded, t=153.32s]
Best heuristic value: 514/542 [g=351, 40452 evaluated, 40451 expanded, t=153.34s]
Best heuristic value: 513/542 [g=352, 40464 evaluated, 40463 expanded, t=153.36s]
Best heuristic value: 513/541 [g=351, 40467 evaluated, 40466 expanded, t=153.37s]
Best heuristic value: 512/541 [g=353, 40476 evaluated, 40475 expanded, t=153.39s]
Best heuristic value: 511/541 [g=354, 40488 evaluated, 40487 expanded, t=153.42s]
Best heuristic value: 511/540 [g=352, 40491 evaluated, 40490 expanded, t=153.43s]
Best heuristic value: 510/540 [g=355, 40502 evaluated, 40501 expanded, t=153.46s]
Best heuristic value: 510/539 [g=353, 40517 evaluated, 40516 expanded, t=153.49s]
Best heuristic value: 509/539 [g=356, 40518 evaluated, 40517 expanded, t=153.49s]
Best heuristic value: 508/539 [g=357, 40536 evaluated, 40535 expanded, t=153.53s]
Best heuristic value: 507/539 [g=358, 40556 evaluated, 40555 expanded, t=153.58s]
Best heuristic value: 506/539 [g=360, 40593 evaluated, 40592 expanded, t=153.68s]
Best heuristic value: 505/539 [g=361, 40597 evaluated, 40596 expanded, t=153.69s]
Best heuristic value: 504/539 [g=362, 40601 evaluated, 40600 expanded, t=153.7s]
Best heuristic value: 503/539 [g=363, 40605 evaluated, 40604 expanded, t=153.71s]
Best heuristic value: 502/539 [g=364, 40615 evaluated, 40614 expanded, t=153.73s]
Best heuristic value: 501/539 [g=365, 40626 evaluated, 40625 expanded, t=153.76s]
Best heuristic value: 500/539 [g=366, 40638 evaluated, 40637 expanded, t=153.79s]
Best heuristic value: 499/539 [g=367, 40652 evaluated, 40651 expanded, t=153.82s]
Best heuristic value: 498/539 [g=368, 40667 evaluated, 40666 expanded, t=153.85s]
Best heuristic value: 497/539 [g=369, 40685 evaluated, 40684 expanded, t=153.89s]
Best heuristic value: 496/539 [g=370, 40704 evaluated, 40703 expanded, t=153.94s]
Best heuristic value: 495/539 [g=371, 40724 evaluated, 40723 expanded, t=153.99s]
Best heuristic value: 494/539 [g=372, 40743 evaluated, 40742 expanded, t=154.03s]
Best heuristic value: 493/539 [g=373, 40766 evaluated, 40765 expanded, t=154.08s]
Best heuristic value: 492/539 [g=374, 40790 evaluated, 40789 expanded, t=154.14s]
Best heuristic value: 491/539 [g=375, 40813 evaluated, 40812 expanded, t=154.19s]
Best heuristic value: 490/539 [g=377, 40857 evaluated, 40856 expanded, t=154.32s]
Best heuristic value: 489/539 [g=379, 40953 evaluated, 40952 expanded, t=154.59s]
Best heuristic value: 488/539 [g=380, 40959 evaluated, 40958 expanded, t=154.6s]
Best heuristic value: 487/539 [g=381, 40965 evaluated, 40964 expanded, t=154.61s]
Best heuristic value: 486/539 [g=382, 40971 evaluated, 40970 expanded, t=154.63s]
Best heuristic value: 485/539 [g=383, 40989 evaluated, 40988 expanded, t=154.67s]
Best heuristic value: 484/539 [g=384, 41009 evaluated, 41008 expanded, t=154.72s]
Best heuristic value: 484/538 [g=358, 41012 evaluated, 41011 expanded, t=154.72s]
Best heuristic value: 484/537 [g=359, 41030 evaluated, 41029 expanded, t=154.77s]
Best heuristic value: 483/537 [g=385, 41037 evaluated, 41036 expanded, t=154.78s]
Best heuristic value: 483/536 [g=360, 41052 evaluated, 41051 expanded, t=154.83s]
Best heuristic value: 483/535 [g=361, 41074 evaluated, 41073 expanded, t=154.89s]
Best heuristic value: 483/534 [g=362, 41097 evaluated, 41096 expanded, t=154.95s]
Best heuristic value: 483/533 [g=363, 41121 evaluated, 41120 expanded, t=155.02s]
Best heuristic value: 483/532 [g=364, 41148 evaluated, 41147 expanded, t=155.09s]
Best heuristic value: 483/531 [g=366, 41182 evaluated, 41181 expanded, t=155.19s]
Best heuristic value: 483/530 [g=367, 41184 evaluated, 41183 expanded, t=155.19s]
Best heuristic value: 483/529 [g=368, 41186 evaluated, 41185 expanded, t=155.2s]
Best heuristic value: 483/528 [g=369, 41189 evaluated, 41188 expanded, t=155.21s]
Best heuristic value: 483/527 [g=370, 41197 evaluated, 41196 expanded, t=155.23s]
Best heuristic value: 483/526 [g=371, 41204 evaluated, 41203 expanded, t=155.25s]
Best heuristic value: 483/525 [g=372, 41209 evaluated, 41208 expanded, t=155.26s]
Best heuristic value: 482/525 [g=387, 41210 evaluated, 41209 expanded, t=155.26s]
Best heuristic value: 482/524 [g=373, 41229 evaluated, 41228 expanded, t=155.32s]
Best heuristic value: 482/523 [g=374, 41251 evaluated, 41250 expanded, t=155.38s]
Best heuristic value: 482/522 [g=375, 41276 evaluated, 41275 expanded, t=155.45s]
Best heuristic value: 482/521 [g=376, 41302 evaluated, 41301 expanded, t=155.53s]
Best heuristic value: 482/520 [g=377, 41334 evaluated, 41333 expanded, t=155.62s]
Best heuristic value: 482/519 [g=378, 41365 evaluated, 41364 expanded, t=155.7s]
Best heuristic value: 482/518 [g=379, 41400 evaluated, 41399 expanded, t=155.8s]
Best heuristic value: 482/517 [g=381, 41438 evaluated, 41437 expanded, t=155.9s]
Best heuristic value: 482/516 [g=382, 41444 evaluated, 41443 expanded, t=155.92s]
Best heuristic value: 482/515 [g=383, 41447 evaluated, 41446 expanded, t=155.93s]
Best heuristic value: 482/514 [g=384, 41450 evaluated, 41449 expanded, t=155.93s]
Best heuristic value: 481/514 [g=389, 41452 evaluated, 41451 expanded, t=155.94s]
Best heuristic value: 481/513 [g=385, 41455 evaluated, 41454 expanded, t=155.95s]
Best heuristic value: 481/512 [g=386, 41461 evaluated, 41460 expanded, t=155.97s]
Best heuristic value: 481/511 [g=387, 41485 evaluated, 41484 expanded, t=156.03s]
Best heuristic value: 481/510 [g=388, 41515 evaluated, 41514 expanded, t=156.12s]
Best heuristic value: 481/509 [g=389, 41548 evaluated, 41547 expanded, t=156.21s]
Best heuristic value: 481/508 [g=390, 41591 evaluated, 41590 expanded, t=156.33s]
Best heuristic value: 481/507 [g=392, 41634 evaluated, 41633 expanded, t=156.45s]
Best heuristic value: 481/506 [g=393, 41636 evaluated, 41635 expanded, t=156.46s]
Best heuristic value: 481/505 [g=394, 41644 evaluated, 41643 expanded, t=156.48s]
Best heuristic value: 481/504 [g=395, 41660 evaluated, 41659 expanded, t=156.53s]
Best heuristic value: 481/503 [g=396, 41670 evaluated, 41669 expanded, t=156.55s]
Best heuristic value: 481/502 [g=397, 41686 evaluated, 41685 expanded, t=156.59s]
Best heuristic value: 481/501 [g=398, 41695 evaluated, 41694 expanded, t=156.61s]
Best heuristic value: 481/500 [g=399, 41714 evaluated, 41713 expanded, t=156.67s]
Best heuristic value: 481/499 [g=400, 41735 evaluated, 41734 expanded, t=156.73s]
Best heuristic value: 480/499 [g=391, 41744 evaluated, 41743 expanded, t=156.75s]
Best heuristic value: 480/498 [g=401, 41757 evaluated, 41756 expanded, t=156.79s]
Best heuristic value: 480/497 [g=402, 41793 evaluated, 41792 expanded, t=156.89s]
Best heuristic value: 479/497 [g=403, 41795 evaluated, 41794 expanded, t=156.9s]
Best heuristic value: 478/497 [g=404, 41798 evaluated, 41797 expanded, t=156.91s]
Best heuristic value: 477/497 [g=405, 41804 evaluated, 41803 expanded, t=156.92s]
Best heuristic value: 476/497 [g=406, 41814 evaluated, 41813 expanded, t=156.94s]
Best heuristic value: 475/497 [g=407, 41824 evaluated, 41823 expanded, t=156.97s]
Best heuristic value: 475/496 [g=403, 41835 evaluated, 41834 expanded, t=156.99s]
Best heuristic value: 474/496 [g=408, 41838 evaluated, 41837 expanded, t=157s]
Best heuristic value: 473/496 [g=409, 41852 evaluated, 41851 expanded, t=157.03s]
Best heuristic value: 472/496 [g=410, 41870 evaluated, 41869 expanded, t=157.07s]
Best heuristic value: 472/495 [g=404, 41877 evaluated, 41876 expanded, t=157.09s]
Best heuristic value: 471/495 [g=411, 41890 evaluated, 41889 expanded, t=157.13s]
Best heuristic value: 470/495 [g=412, 41910 evaluated, 41909 expanded, t=157.17s]
Best heuristic value: 470/494 [g=405, 41925 evaluated, 41924 expanded, t=157.21s]
Best heuristic value: 469/494 [g=413, 41932 evaluated, 41931 expanded, t=157.22s]
Best heuristic value: 468/494 [g=414, 41956 evaluated, 41955 expanded, t=157.28s]
Best heuristic value: 468/493 [g=406, 41973 evaluated, 41972 expanded, t=157.32s]
Best heuristic value: 467/493 [g=415, 41982 evaluated, 41981 expanded, t=157.34s]
Best heuristic value: 466/493 [g=416, 42008 evaluated, 42007 expanded, t=157.4s]
Best heuristic value: 466/492 [g=407, 42025 evaluated, 42024 expanded, t=157.44s]
Best heuristic value: 465/492 [g=417, 42034 evaluated, 42033 expanded, t=157.47s]
Best heuristic value: 464/492 [g=418, 42062 evaluated, 42061 expanded, t=157.53s]
Best heuristic value: 464/491 [g=408, 42077 evaluated, 42076 expanded, t=157.57s]
Best heuristic value: 463/491 [g=419, 42090 evaluated, 42089 expanded, t=157.6s]
Best heuristic value: 462/491 [g=420, 42118 evaluated, 42117 expanded, t=157.66s]
Best heuristic value: 462/490 [g=409, 42131 evaluated, 42130 expanded, t=157.7s]
Best heuristic value: 461/490 [g=421, 42146 evaluated, 42145 expanded, t=157.73s]
Best heuristic value: 460/490 [g=422, 42174 evaluated, 42173 expanded, t=157.79s]
Best heuristic value: 460/489 [g=411, 42193 evaluated, 42192 expanded, t=157.84s]
Best heuristic value: 459/489 [g=423, 42202 evaluated, 42201 expanded, t=157.86s]
Best heuristic value: 459/488 [g=412, 42213 evaluated, 42212 expanded, t=157.88s]
Best heuristic value: 458/488 [g=424, 42230 evaluated, 42229 expanded, t=157.92s]
Best heuristic value: 458/487 [g=413, 42233 evaluated, 42232 expanded, t=157.93s]
Best heuristic value: 458/486 [g=414, 42253 evaluated, 42252 expanded, t=157.98s]
Best heuristic value: 457/486 [g=425, 42258 evaluated, 42257 expanded, t=157.99s]
Best heuristic value: 457/485 [g=415, 42279 evaluated, 42278 expanded, t=158.04s]
Best heuristic value: 456/485 [g=426, 42288 evaluated, 42287 expanded, t=158.06s]
Best heuristic value: 456/484 [g=416, 42305 evaluated, 42304 expanded, t=158.1s]
Best heuristic value: 455/484 [g=427, 42320 evaluated, 42319 expanded, t=158.14s]
Best heuristic value: 455/483 [g=417, 42331 evaluated, 42330 expanded, t=158.16s]
Best heuristic value: 454/483 [g=428, 42352 evaluated, 42351 expanded, t=158.22s]
Best heuristic value: 454/482 [g=418, 42363 evaluated, 42362 expanded, t=158.24s]
Best heuristic value: 453/482 [g=429, 42384 evaluated, 42383 expanded, t=158.29s]
Best heuristic value: 453/481 [g=419, 42399 evaluated, 42398 expanded, t=158.33s]
Best heuristic value: 452/481 [g=430, 42416 evaluated, 42415 expanded, t=158.37s]
Best heuristic value: 452/480 [g=420, 42449 evaluated, 42448 expanded, t=158.46s]
Best heuristic value: 452/479 [g=421, 42498 evaluated, 42497 expanded, t=158.6s]
Best heuristic value: 452/478 [g=422, 42549 evaluated, 42548 expanded, t=158.74s]
Best heuristic value: 451/478 [g=432, 42589 evaluated, 42588 expanded, t=158.86s]
Best heuristic value: 451/477 [g=423, 42596 evaluated, 42595 expanded, t=158.88s]
Best heuristic value: 451/476 [g=425, 42660 evaluated, 42659 expanded, t=159.06s]
Best heuristic value: 451/475 [g=426, 42679 evaluated, 42678 expanded, t=159.12s]
Best heuristic value: 451/474 [g=427, 42699 evaluated, 42698 expanded, t=159.18s]
Best heuristic value: 451/473 [g=428, 42725 evaluated, 42724 expanded, t=159.25s]
Best heuristic value: 451/472 [g=429, 42752 evaluated, 42751 expanded, t=159.33s]
Best heuristic value: 451/471 [g=430, 42804 evaluated, 42803 expanded, t=159.48s]
Best heuristic value: 451/470 [g=431, 42857 evaluated, 42856 expanded, t=159.62s]
Best heuristic value: 450/470 [g=434, 42907 evaluated, 42906 expanded, t=159.76s]
Best heuristic value: 450/469 [g=434, 42928 evaluated, 42927 expanded, t=159.82s]
Best heuristic value: 450/468 [g=435, 42954 evaluated, 42953 expanded, t=159.9s]
Best heuristic value: 450/467 [g=436, 42992 evaluated, 42991 expanded, t=160.01s]
Best heuristic value: 450/466 [g=437, 43055 evaluated, 43054 expanded, t=160.2s]
Best heuristic value: 450/465 [g=438, 43118 evaluated, 43117 expanded, t=160.39s]
Best heuristic value: 450/464 [g=441, 43193 evaluated, 43192 expanded, t=160.6s]
Best heuristic value: 450/463 [g=442, 43201 evaluated, 43200 expanded, t=160.62s]
Best heuristic value: 450/462 [g=443, 43213 evaluated, 43212 expanded, t=160.66s]
Best heuristic value: 450/461 [g=444, 43234 evaluated, 43233 expanded, t=160.72s]
Best heuristic value: 450/460 [g=445, 43250 evaluated, 43249 expanded, t=160.76s]
Best heuristic value: 450/459 [g=446, 43272 evaluated, 43271 expanded, t=160.82s]
Best heuristic value: 450/458 [g=447, 43296 evaluated, 43295 expanded, t=160.89s]
Best heuristic value: 449/458 [g=448, 43298 evaluated, 43297 expanded, t=160.9s]
Best heuristic value: 448/458 [g=449, 43301 evaluated, 43300 expanded, t=160.9s]
Best heuristic value: 447/458 [g=450, 43307 evaluated, 43306 expanded, t=160.92s]
Best heuristic value: 446/458 [g=451, 43317 evaluated, 43316 expanded, t=160.94s]
Best heuristic value: 446/457 [g=448, 43326 evaluated, 43325 expanded, t=160.96s]
Best heuristic value: 445/457 [g=452, 43329 evaluated, 43328 expanded, t=160.97s]
Best heuristic value: 444/457 [g=453, 43345 evaluated, 43344 expanded, t=161.01s]
Best heuristic value: 444/456 [g=449, 43356 evaluated, 43355 expanded, t=161.04s]
Best heuristic value: 443/456 [g=454, 43363 evaluated, 43362 expanded, t=161.05s]
Best heuristic value: 442/456 [g=455, 43381 evaluated, 43380 expanded, t=161.1s]
Best heuristic value: 442/455 [g=450, 43386 evaluated, 43385 expanded, t=161.11s]
Best heuristic value: 441/455 [g=456, 43401 evaluated, 43400 expanded, t=161.14s]
Best heuristic value: 441/454 [g=451, 43416 evaluated, 43415 expanded, t=161.18s]
Best heuristic value: 440/454 [g=457, 43421 evaluated, 43420 expanded, t=161.19s]
Best heuristic value: 439/454 [g=458, 43443 evaluated, 43442 expanded, t=161.24s]
Best heuristic value: 439/453 [g=452, 43446 evaluated, 43445 expanded, t=161.25s]
Best heuristic value: 438/453 [g=459, 43469 evaluated, 43468 expanded, t=161.31s]
Best heuristic value: 438/452 [g=453, 43490 evaluated, 43489 expanded, t=161.36s]
Best heuristic value: 437/452 [g=460, 43497 evaluated, 43496 expanded, t=161.38s]
Best heuristic value: 436/452 [g=461, 43527 evaluated, 43526 expanded, t=161.45s]
Best heuristic value: 435/452 [g=462, 43557 evaluated, 43556 expanded, t=161.52s]
Best heuristic value: 435/451 [g=454, 43566 evaluated, 43565 expanded, t=161.54s]
Best heuristic value: 434/451 [g=463, 43589 evaluated, 43588 expanded, t=161.6s]
Best heuristic value: 433/451 [g=464, 43623 evaluated, 43622 expanded, t=161.68s]
Best heuristic value: 433/450 [g=455, 43646 evaluated, 43645 expanded, t=161.74s]
Best heuristic value: 432/450 [g=465, 43657 evaluated, 43656 expanded, t=161.76s]
Best heuristic value: 431/450 [g=466, 43691 evaluated, 43690 expanded, t=161.84s]
Best heuristic value: 430/450 [g=467, 43725 evaluated, 43724 expanded, t=161.93s]
Best heuristic value: 430/449 [g=456, 43726 evaluated, 43725 expanded, t=161.93s]
Best heuristic value: 429/449 [g=468, 43759 evaluated, 43758 expanded, t=162.02s]
Best heuristic value: 428/449 [g=469, 43795 evaluated, 43794 expanded, t=162.11s]
Best heuristic value: 428/448 [g=457, 43808 evaluated, 43807 expanded, t=162.14s]
Best heuristic value: 427/448 [g=470, 43833 evaluated, 43832 expanded, t=162.2s]
Best heuristic value: 426/448 [g=471, 43871 evaluated, 43870 expanded, t=162.29s]
Best heuristic value: 426/447 [g=458, 43898 evaluated, 43897 expanded, t=162.36s]
Best heuristic value: 425/447 [g=472, 43909 evaluated, 43908 expanded, t=162.39s]
Best heuristic value: 424/447 [g=473, 43947 evaluated, 43946 expanded, t=162.48s]
Best heuristic value: 423/447 [g=474, 43985 evaluated, 43984 expanded, t=162.57s]
Best heuristic value: 423/446 [g=459, 43988 evaluated, 43987 expanded, t=162.58s]
Best heuristic value: 422/446 [g=475, 44023 evaluated, 44022 expanded, t=162.67s]
Best heuristic value: 421/446 [g=476, 44063 evaluated, 44062 expanded, t=162.77s]
Best heuristic value: 420/446 [g=477, 44103 evaluated, 44102 expanded, t=162.87s]
Best heuristic value: 419/446 [g=478, 44143 evaluated, 44142 expanded, t=162.96s]
Best heuristic value: 418/446 [g=479, 44182 evaluated, 44181 expanded, t=163.06s]
Best heuristic value: 418/445 [g=462, 44203 evaluated, 44202 expanded, t=163.11s]
Best heuristic value: 417/445 [g=480, 44222 evaluated, 44221 expanded, t=163.16s]
Best heuristic value: 417/444 [g=463, 44223 evaluated, 44222 expanded, t=163.16s]
Best heuristic value: 416/444 [g=481, 44262 evaluated, 44261 expanded, t=163.26s]
Best heuristic value: 416/443 [g=464, 44293 evaluated, 44292 expanded, t=163.33s]
Best heuristic value: 415/443 [g=482, 44302 evaluated, 44301 expanded, t=163.36s]
Best heuristic value: 414/443 [g=483, 44344 evaluated, 44343 expanded, t=163.46s]
Best heuristic value: 413/443 [g=484, 44386 evaluated, 44385 expanded, t=163.57s]
Best heuristic value: 412/443 [g=485, 44428 evaluated, 44427 expanded, t=163.67s]
Best heuristic value: 411/443 [g=486, 44470 evaluated, 44469 expanded, t=163.78s]
Best heuristic value: 410/443 [g=487, 44511 evaluated, 44510 expanded, t=163.88s]
Best heuristic value: 409/443 [g=488, 44553 evaluated, 44552 expanded, t=163.98s]
Best heuristic value: 408/443 [g=489, 44594 evaluated, 44593 expanded, t=164.09s]
Best heuristic value: 407/443 [g=490, 44638 evaluated, 44637 expanded, t=164.19s]
Best heuristic value: 406/443 [g=491, 44681 evaluated, 44680 expanded, t=164.3s]
Best heuristic value: 405/443 [g=492, 44727 evaluated, 44726 expanded, t=164.41s]
Best heuristic value: 404/443 [g=493, 44775 evaluated, 44774 expanded, t=164.53s]
Best heuristic value: 404/442 [g=469, 44970 evaluated, 44969 expanded, t=165.13s]
Best heuristic value: 404/441 [g=470, 45008 evaluated, 45007 expanded, t=165.24s]
Best heuristic value: 403/441 [g=495, 45044 evaluated, 45043 expanded, t=165.35s]
Best heuristic value: 403/440 [g=471, 45049 evaluated, 45048 expanded, t=165.36s]
Best heuristic value: 403/439 [g=472, 45107 evaluated, 45106 expanded, t=165.54s]
Best heuristic value: 403/438 [g=473, 45182 evaluated, 45181 expanded, t=165.77s]
Best heuristic value: 402/438 [g=497, 45444 evaluated, 45443 expanded, t=166.54s]
Best heuristic value: 402/437 [g=478, 45627 evaluated, 45626 expanded, t=167.1s]
Best heuristic value: 402/436 [g=479, 45633 evaluated, 45632 expanded, t=167.12s]
Best heuristic value: 402/435 [g=480, 45645 evaluated, 45644 expanded, t=167.15s]
Best heuristic value: 402/434 [g=481, 45678 evaluated, 45677 expanded, t=167.25s]
Best heuristic value: 402/433 [g=482, 45708 evaluated, 45707 expanded, t=167.35s]
Best heuristic value: 402/432 [g=483, 45749 evaluated, 45748 expanded, t=167.47s]
Best heuristic value: 402/431 [g=484, 45801 evaluated, 45800 expanded, t=167.63s]
Best heuristic value: 402/430 [g=485, 45866 evaluated, 45865 expanded, t=167.82s]
Best heuristic value: 402/429 [g=490, 46233 evaluated, 46232 expanded, t=168.86s]
Best heuristic value: 402/428 [g=491, 46239 evaluated, 46238 expanded, t=168.88s]
Best heuristic value: 402/427 [g=492, 46255 evaluated, 46254 expanded, t=168.92s]
Best heuristic value: 402/426 [g=493, 46272 evaluated, 46271 expanded, t=168.97s]
Best heuristic value: 402/425 [g=494, 46300 evaluated, 46299 expanded, t=169.04s]
Best heuristic value: 402/424 [g=495, 46332 evaluated, 46331 expanded, t=169.12s]
Best heuristic value: 402/423 [g=496, 46366 evaluated, 46365 expanded, t=169.21s]
Best heuristic value: 402/422 [g=497, 46405 evaluated, 46404 expanded, t=169.31s]
Best heuristic value: 402/421 [g=502, 47303 evaluated, 47302 expanded, t=171.88s]
Best heuristic value: 402/420 [g=503, 47309 evaluated, 47308 expanded, t=171.89s]
Best heuristic value: 402/419 [g=504, 47323 evaluated, 47322 expanded, t=171.93s]
Best heuristic value: 402/418 [g=505, 47343 evaluated, 47342 expanded, t=171.99s]
Best heuristic value: 402/417 [g=506, 47375 evaluated, 47374 expanded, t=172.1s]
Best heuristic value: 402/416 [g=511, 48389 evaluated, 48388 expanded, t=175.01s]
Best heuristic value: 402/415 [g=512, 48419 evaluated, 48418 expanded, t=175.1s]
Best heuristic value: 402/414 [g=513, 48457 evaluated, 48456 expanded, t=175.21s]
Best heuristic value: 402/413 [g=514, 48492 evaluated, 48491 expanded, t=175.31s]
Best heuristic value: 402/412 [g=515, 48529 evaluated, 48528 expanded, t=175.41s]
Best heuristic value: 402/411 [g=516, 48566 evaluated, 48565 expanded, t=175.52s]
Best heuristic value: 402/410 [g=517, 48613 evaluated, 48612 expanded, t=175.65s]
Best heuristic value: 401/410 [g=518, 48614 evaluated, 48613 expanded, t=175.66s]
Best heuristic value: 400/410 [g=519, 48617 evaluated, 48616 expanded, t=175.67s]
Best heuristic value: 399/410 [g=520, 48623 evaluated, 48622 expanded, t=175.68s]
Best heuristic value: 398/410 [g=521, 48631 evaluated, 48630 expanded, t=175.7s]
Best heuristic value: 397/410 [g=522, 48645 evaluated, 48644 expanded, t=175.73s]
Best heuristic value: 396/410 [g=523, 48661 evaluated, 48660 expanded, t=175.77s]
Best heuristic value: 395/410 [g=524, 48677 evaluated, 48676 expanded, t=175.81s]
Best heuristic value: 395/409 [g=518, 48680 evaluated, 48679 expanded, t=175.82s]
Best heuristic value: 394/409 [g=525, 48695 evaluated, 48694 expanded, t=175.85s]
Best heuristic value: 393/409 [g=526, 48715 evaluated, 48714 expanded, t=175.9s]
Best heuristic value: 392/409 [g=527, 48737 evaluated, 48736 expanded, t=175.95s]
Best heuristic value: 391/409 [g=528, 48761 evaluated, 48760 expanded, t=176.01s]
Best heuristic value: 390/409 [g=529, 48787 evaluated, 48786 expanded, t=176.08s]
Best heuristic value: 389/409 [g=530, 48815 evaluated, 48814 expanded, t=176.15s]
Best heuristic value: 388/409 [g=531, 48844 evaluated, 48843 expanded, t=176.21s]
Best heuristic value: 387/409 [g=532, 48876 evaluated, 48875 expanded, t=176.29s]
Best heuristic value: 386/409 [g=533, 48907 evaluated, 48906 expanded, t=176.37s]
Best heuristic value: 385/409 [g=534, 48943 evaluated, 48942 expanded, t=176.46s]
Best heuristic value: 384/409 [g=535, 48979 evaluated, 48978 expanded, t=176.55s]
Best heuristic value: 383/409 [g=536, 49015 evaluated, 49014 expanded, t=176.63s]
Best heuristic value: 382/409 [g=537, 49055 evaluated, 49054 expanded, t=176.73s]
Best heuristic value: 381/409 [g=538, 49095 evaluated, 49094 expanded, t=176.83s]
Best heuristic value: 380/409 [g=539, 49135 evaluated, 49134 expanded, t=176.93s]
Best heuristic value: 379/409 [g=540, 49174 evaluated, 49173 expanded, t=177.48s]
Best heuristic value: 378/409 [g=541, 49213 evaluated, 49212 expanded, t=177.57s]
Best heuristic value: 377/409 [g=542, 49253 evaluated, 49252 expanded, t=177.67s]
Best heuristic value: 376/409 [g=543, 49292 evaluated, 49291 expanded, t=177.77s]
Best heuristic value: 375/409 [g=544, 49332 evaluated, 49331 expanded, t=177.87s]
Best heuristic value: 374/409 [g=545, 49371 evaluated, 49370 expanded, t=177.96s]
Best heuristic value: 373/409 [g=546, 49411 evaluated, 49410 expanded, t=178.05s]
Best heuristic value: 372/409 [g=547, 49449 evaluated, 49448 expanded, t=178.15s]
Best heuristic value: 371/409 [g=548, 49489 evaluated, 49488 expanded, t=178.25s]
Best heuristic value: 370/409 [g=549, 49527 evaluated, 49526 expanded, t=178.35s]
Best heuristic value: 369/409 [g=550, 49567 evaluated, 49566 expanded, t=178.45s]
Best heuristic value: 368/409 [g=551, 49604 evaluated, 49603 expanded, t=178.54s]
Best heuristic value: 367/409 [g=552, 49644 evaluated, 49643 expanded, t=178.64s]
Best heuristic value: 366/409 [g=553, 49685 evaluated, 49684 expanded, t=178.74s]
Best heuristic value: 365/409 [g=554, 49726 evaluated, 49725 expanded, t=178.84s]
Best heuristic value: 364/409 [g=556, 49931 evaluated, 49930 expanded, t=179.45s]
Best heuristic value: 364/408 [g=523, 50269 evaluated, 50268 expanded, t=180.46s]
Best heuristic value: 364/407 [g=524, 50288 evaluated, 50287 expanded, t=180.51s]
Best heuristic value: 364/406 [g=525, 50308 evaluated, 50307 expanded, t=180.57s]
Best heuristic value: 364/405 [g=526, 50336 evaluated, 50335 expanded, t=180.65s]
Best heuristic value: 364/404 [g=527, 50362 evaluated, 50361 expanded, t=180.72s]
Best heuristic value: 364/403 [g=528, 50395 evaluated, 50394 expanded, t=180.82s]
Best heuristic value: 364/402 [g=529, 50433 evaluated, 50432 expanded, t=180.92s]
Best heuristic value: 364/401 [g=530, 50469 evaluated, 50468 expanded, t=181.03s]
Best heuristic value: 364/400 [g=531, 50519 evaluated, 50518 expanded, t=181.16s]
Best heuristic value: 363/400 [g=559, 51910 evaluated, 51909 expanded, t=185.06s]
Best heuristic value: 362/400 [g=560, 51917 evaluated, 51916 expanded, t=185.08s]
Best heuristic value: 361/400 [g=561, 51933 evaluated, 51932 expanded, t=185.12s]
Best heuristic value: 360/400 [g=562, 51955 evaluated, 51954 expanded, t=185.18s]
Best heuristic value: 359/400 [g=563, 51983 evaluated, 51982 expanded, t=185.25s]
Best heuristic value: 358/400 [g=564, 52015 evaluated, 52014 expanded, t=185.33s]
Best heuristic value: 358/399 [g=536, 52026 evaluated, 52025 expanded, t=185.36s]
Best heuristic value: 357/399 [g=565, 52055 evaluated, 52054 expanded, t=185.43s]
Best heuristic value: 357/398 [g=537, 52058 evaluated, 52057 expanded, t=185.44s]
Best heuristic value: 356/398 [g=566, 52097 evaluated, 52096 expanded, t=185.53s]
Best heuristic value: 356/397 [g=538, 52128 evaluated, 52127 expanded, t=185.61s]
Best heuristic value: 355/397 [g=567, 52139 evaluated, 52138 expanded, t=185.64s]
Best heuristic value: 354/397 [g=568, 52183 evaluated, 52182 expanded, t=185.75s]
Best heuristic value: 354/396 [g=539, 52198 evaluated, 52197 expanded, t=185.79s]
Best heuristic value: 353/396 [g=569, 52227 evaluated, 52226 expanded, t=185.86s]
Best heuristic value: 353/393 [g=545, 54576 evaluated, 54575 expanded, t=192.6s]
Best heuristic value: 353/392 [g=546, 54584 evaluated, 54583 expanded, t=192.62s]
Best heuristic value: 353/391 [g=547, 54594 evaluated, 54593 expanded, t=192.65s]
Best heuristic value: 353/390 [g=548, 54600 evaluated, 54599 expanded, t=192.66s]
Best heuristic value: 353/389 [g=549, 54606 evaluated, 54605 expanded, t=192.68s]
Best heuristic value: 353/388 [g=550, 54616 evaluated, 54615 expanded, t=192.71s]
Best heuristic value: 353/387 [g=551, 54626 evaluated, 54625 expanded, t=192.73s]
Best heuristic value: 353/386 [g=552, 54633 evaluated, 54632 expanded, t=192.75s]
Best heuristic value: 353/385 [g=553, 54657 evaluated, 54656 expanded, t=192.81s]
Best heuristic value: 353/384 [g=554, 54680 evaluated, 54679 expanded, t=192.87s]
Best heuristic value: 353/383 [g=555, 54702 evaluated, 54701 expanded, t=192.93s]
Best heuristic value: 353/382 [g=556, 54725 evaluated, 54724 expanded, t=192.99s]
Best heuristic value: 353/381 [g=557, 54756 evaluated, 54755 expanded, t=193.05s]
Best heuristic value: 352/381 [g=572, 54773 evaluated, 54772 expanded, t=193.09s]
Best heuristic value: 352/380 [g=558, 54782 evaluated, 54781 expanded, t=193.12s]
Best heuristic value: 351/380 [g=573, 54789 evaluated, 54788 expanded, t=193.14s]
Best heuristic value: 351/379 [g=559, 54822 evaluated, 54821 expanded, t=193.22s]
Best heuristic value: 350/379 [g=574, 54829 evaluated, 54828 expanded, t=193.23s]
Best heuristic value: 350/378 [g=560, 54862 evaluated, 54861 expanded, t=193.32s]
Best heuristic value: 349/378 [g=575, 54871 evaluated, 54870 expanded, t=193.34s]
Best heuristic value: 348/378 [g=576, 54913 evaluated, 54912 expanded, t=193.45s]
Best heuristic value: 348/377 [g=561, 54930 evaluated, 54929 expanded, t=193.5s]
Best heuristic value: 348/376 [g=562, 55025 evaluated, 55024 expanded, t=193.79s]
Best heuristic value: 348/375 [g=563, 55122 evaluated, 55121 expanded, t=194.07s]
Best heuristic value: 348/374 [g=564, 55220 evaluated, 55219 expanded, t=194.35s]
Best heuristic value: 348/373 [g=565, 55314 evaluated, 55313 expanded, t=194.62s]
Best heuristic value: 348/372 [g=569, 55851 evaluated, 55850 expanded, t=196.13s]
Best heuristic value: 348/371 [g=570, 55889 evaluated, 55888 expanded, t=196.24s]
Best heuristic value: 348/370 [g=571, 55977 evaluated, 55976 expanded, t=196.5s]
Best heuristic value: 348/369 [g=576, 57052 evaluated, 57051 expanded, t=199.6s]
Best heuristic value: 348/368 [g=577, 57091 evaluated, 57090 expanded, t=199.71s]
Best heuristic value: 348/367 [g=578, 57126 evaluated, 57125 expanded, t=199.81s]
Best heuristic value: 348/366 [g=579, 57178 evaluated, 57177 expanded, t=199.95s]
Best heuristic value: 347/366 [g=579, 57746 evaluated, 57745 expanded, t=201.56s]
Best heuristic value: 346/366 [g=580, 57764 evaluated, 57763 expanded, t=201.61s]
Best heuristic value: 345/366 [g=581, 57785 evaluated, 57784 expanded, t=201.66s]
Best heuristic value: 344/366 [g=582, 57808 evaluated, 57807 expanded, t=201.72s]
Best heuristic value: 343/366 [g=583, 57832 evaluated, 57831 expanded, t=201.78s]
Best heuristic value: 342/366 [g=584, 57873 evaluated, 57872 expanded, t=201.89s]
Best heuristic value: 341/366 [g=585, 57914 evaluated, 57913 expanded, t=201.99s]
Best heuristic value: 340/366 [g=586, 57956 evaluated, 57955 expanded, t=202.1s]
Best heuristic value: 339/366 [g=587, 57997 evaluated, 57996 expanded, t=202.2s]
Best heuristic value: 339/365 [g=585, 60090 evaluated, 60089 expanded, t=208.33s]
Best heuristic value: 339/364 [g=586, 60111 evaluated, 60110 expanded, t=208.39s]
Best heuristic value: 339/363 [g=587, 60151 evaluated, 60150 expanded, t=208.51s]
Best heuristic value: 339/362 [g=588, 60207 evaluated, 60206 expanded, t=208.68s]
Best heuristic value: 339/361 [g=589, 60258 evaluated, 60257 expanded, t=208.82s]
Best heuristic value: 339/360 [g=590, 60316 evaluated, 60315 expanded, t=208.99s]
Best heuristic value: 339/359 [g=591, 60383 evaluated, 60382 expanded, t=209.18s]
Best heuristic value: 339/358 [g=592, 60456 evaluated, 60455 expanded, t=209.38s]
Best heuristic value: 338/358 [g=590, 61587 evaluated, 61586 expanded, t=212.56s]
Best heuristic value: 337/358 [g=591, 61601 evaluated, 61600 expanded, t=212.6s]
Best heuristic value: 336/358 [g=592, 61628 evaluated, 61627 expanded, t=212.67s]
Best heuristic value: 335/358 [g=593, 61661 evaluated, 61660 expanded, t=212.75s]
Best heuristic value: 334/358 [g=594, 61695 evaluated, 61694 expanded, t=212.84s]
Best heuristic value: 333/358 [g=595, 61736 evaluated, 61735 expanded, t=212.95s]
Best heuristic value: 332/358 [g=596, 61777 evaluated, 61776 expanded, t=213.05s]
Best heuristic value: 332/357 [g=598, 66893 evaluated, 66892 expanded, t=227.78s]
Best heuristic value: 332/356 [g=599, 66900 evaluated, 66899 expanded, t=227.8s]
Best heuristic value: 332/355 [g=600, 66947 evaluated, 66946 expanded, t=227.93s]
Best heuristic value: 332/354 [g=601, 66994 evaluated, 66993 expanded, t=228.06s]
Best heuristic value: 332/353 [g=602, 67044 evaluated, 67043 expanded, t=228.2s]
Best heuristic value: 332/352 [g=603, 67099 evaluated, 67098 expanded, t=228.34s]
Best heuristic value: 332/351 [g=609, 73186 evaluated, 73185 expanded, t=245.43s]
Best heuristic value: 332/350 [g=610, 73205 evaluated, 73204 expanded, t=245.48s]
Best heuristic value: 332/349 [g=611, 73230 evaluated, 73229 expanded, t=245.54s]
Best heuristic value: 332/348 [g=612, 73261 evaluated, 73260 expanded, t=245.62s]
Best heuristic value: 332/347 [g=613, 73295 evaluated, 73294 expanded, t=245.71s]
Best heuristic value: 332/346 [g=614, 73345 evaluated, 73344 expanded, t=245.84s]
Best heuristic value: 332/345 [g=615, 73408 evaluated, 73407 expanded, t=246s]
Best heuristic value: 332/344 [g=621, 79676 evaluated, 79675 expanded, t=263.79s]
Best heuristic value: 332/343 [g=622, 79705 evaluated, 79704 expanded, t=263.87s]
Best heuristic value: 332/342 [g=623, 79749 evaluated, 79748 expanded, t=263.99s]
Best heuristic value: 332/341 [g=624, 79791 evaluated, 79790 expanded, t=264.1s]
Best heuristic value: 332/340 [g=631, 82773 evaluated, 82772 expanded, t=272.3s]
Best heuristic value: 332/339 [g=632, 82777 evaluated, 82776 expanded, t=272.32s]
Best heuristic value: 332/338 [g=633, 82784 evaluated, 82783 expanded, t=272.33s]
Best heuristic value: 332/337 [g=634, 82804 evaluated, 82803 expanded, t=272.38s]
Best heuristic value: 332/336 [g=635, 82851 evaluated, 82850 expanded, t=272.52s]
Best heuristic value: 332/335 [g=636, 82906 evaluated, 82905 expanded, t=272.7s]
Best heuristic value: 332/334 [g=637, 82973 evaluated, 82972 expanded, t=272.9s]
Best heuristic value: 332/333 [g=638, 83050 evaluated, 83049 expanded, t=273.13s]
Best heuristic value: 332/332 [g=639, 83129 evaluated, 83128 expanded, t=273.36s]
Best heuristic value: 331/332 [g=640, 83131 evaluated, 83130 expanded, t=273.36s]
Best heuristic value: 330/332 [g=641, 83134 evaluated, 83133 expanded, t=273.37s]
Best heuristic value: 329/332 [g=642, 83140 evaluated, 83139 expanded, t=273.38s]
Best heuristic value: 328/332 [g=643, 83148 evaluated, 83147 expanded, t=273.4s]
Best heuristic value: 327/332 [g=644, 83158 evaluated, 83157 expanded, t=273.42s]
Best heuristic value: 326/332 [g=645, 83170 evaluated, 83169 expanded, t=273.46s]
Best heuristic value: 325/332 [g=646, 83184 evaluated, 83183 expanded, t=273.49s]
Best heuristic value: 324/332 [g=647, 83200 evaluated, 83199 expanded, t=273.53s]
Best heuristic value: 323/332 [g=648, 83216 evaluated, 83215 expanded, t=273.56s]
Best heuristic value: 322/332 [g=649, 83234 evaluated, 83233 expanded, t=273.61s]
Best heuristic value: 322/331 [g=640, 83243 evaluated, 83242 expanded, t=273.63s]
Best heuristic value: 321/331 [g=650, 83252 evaluated, 83251 expanded, t=273.65s]
Best heuristic value: 320/331 [g=651, 83270 evaluated, 83269 expanded, t=273.7s]
Best heuristic value: 319/331 [g=652, 83290 evaluated, 83289 expanded, t=273.75s]
Best heuristic value: 318/331 [g=653, 83312 evaluated, 83311 expanded, t=273.8s]
Best heuristic value: 317/331 [g=654, 83334 evaluated, 83333 expanded, t=273.86s]
Best heuristic value: 316/331 [g=655, 83356 evaluated, 83355 expanded, t=273.91s]
Best heuristic value: 315/331 [g=656, 83378 evaluated, 83377 expanded, t=273.96s]
Best heuristic value: 314/331 [g=657, 83400 evaluated, 83399 expanded, t=274.02s]
Best heuristic value: 313/331 [g=658, 83422 evaluated, 83421 expanded, t=274.07s]
Best heuristic value: 312/331 [g=659, 83446 evaluated, 83445 expanded, t=274.13s]
Best heuristic value: 311/331 [g=660, 83470 evaluated, 83469 expanded, t=274.19s]
Best heuristic value: 310/331 [g=661, 83493 evaluated, 83492 expanded, t=274.25s]
Best heuristic value: 309/331 [g=662, 83519 evaluated, 83518 expanded, t=274.31s]
Best heuristic value: 308/331 [g=663, 83545 evaluated, 83544 expanded, t=274.38s]
Best heuristic value: 307/331 [g=664, 83571 evaluated, 83570 expanded, t=274.44s]
Best heuristic value: 306/331 [g=665, 83598 evaluated, 83597 expanded, t=274.51s]
Best heuristic value: 305/331 [g=666, 83626 evaluated, 83625 expanded, t=274.58s]
Best heuristic value: 304/331 [g=667, 83654 evaluated, 83653 expanded, t=274.65s]
Best heuristic value: 303/331 [g=668, 83684 evaluated, 83683 expanded, t=274.72s]
Best heuristic value: 302/331 [g=669, 83713 evaluated, 83712 expanded, t=274.8s]
Best heuristic value: 301/331 [g=670, 83743 evaluated, 83742 expanded, t=274.87s]
Best heuristic value: 300/331 [g=671, 83775 evaluated, 83774 expanded, t=274.95s]
Best heuristic value: 299/331 [g=672, 83807 evaluated, 83806 expanded, t=275.03s]
Best heuristic value: 298/331 [g=673, 83837 evaluated, 83836 expanded, t=275.1s]
Best heuristic value: 297/331 [g=674, 83869 evaluated, 83868 expanded, t=275.19s]
Best heuristic value: 296/331 [g=675, 83903 evaluated, 83902 expanded, t=275.27s]
Best heuristic value: 295/331 [g=676, 83937 evaluated, 83936 expanded, t=275.36s]
Best heuristic value: 294/331 [g=677, 83969 evaluated, 83968 expanded, t=275.44s]
Best heuristic value: 293/331 [g=678, 84003 evaluated, 84002 expanded, t=275.53s]
Best heuristic value: 292/331 [g=679, 84037 evaluated, 84036 expanded, t=275.62s]
Best heuristic value: 291/331 [g=680, 84068 evaluated, 84067 expanded, t=275.7s]
Best heuristic value: 290/331 [g=681, 84102 evaluated, 84101 expanded, t=275.78s]
Best heuristic value: 289/331 [g=682, 84138 evaluated, 84137 expanded, t=275.88s]
Best heuristic value: 288/331 [g=683, 84174 evaluated, 84173 expanded, t=275.97s]
Best heuristic value: 287/331 [g=684, 84209 evaluated, 84208 expanded, t=276.06s]
Best heuristic value: 286/331 [g=685, 84245 evaluated, 84244 expanded, t=276.15s]
Best heuristic value: 285/331 [g=686, 84281 evaluated, 84280 expanded, t=276.24s]
Best heuristic value: 284/331 [g=687, 84316 evaluated, 84315 expanded, t=276.34s]
Best heuristic value: 283/331 [g=688, 84354 evaluated, 84353 expanded, t=276.44s]
Best heuristic value: 282/331 [g=689, 84392 evaluated, 84391 expanded, t=276.54s]
Best heuristic value: 281/331 [g=690, 84429 evaluated, 84428 expanded, t=276.63s]
Best heuristic value: 280/331 [g=691, 84467 evaluated, 84466 expanded, t=276.73s]
Best heuristic value: 279/331 [g=692, 84505 evaluated, 84504 expanded, t=276.83s]
Best heuristic value: 278/331 [g=693, 84541 evaluated, 84540 expanded, t=276.93s]
Best heuristic value: 277/331 [g=694, 84579 evaluated, 84578 expanded, t=277.02s]
Best heuristic value: 276/331 [g=695, 84617 evaluated, 84616 expanded, t=277.12s]
Best heuristic value: 275/331 [g=696, 84654 evaluated, 84653 expanded, t=277.22s]
Best heuristic value: 274/331 [g=697, 84691 evaluated, 84690 expanded, t=277.31s]
Best heuristic value: 273/331 [g=698, 84731 evaluated, 84730 expanded, t=277.42s]
Best heuristic value: 273/330 [g=647, 102280 evaluated, 102279 expanded, t=326.56s]
Best heuristic value: 273/329 [g=648, 102295 evaluated, 102294 expanded, t=326.6s]
Best heuristic value: 273/328 [g=649, 102312 evaluated, 102311 expanded, t=326.65s]
Best heuristic value: 273/327 [g=650, 102349 evaluated, 102348 expanded, t=326.73s]
Best heuristic value: 273/326 [g=651, 102390 evaluated, 102389 expanded, t=326.83s]
Best heuristic value: 273/325 [g=652, 102442 evaluated, 102441 expanded, t=326.97s]
Best heuristic value: 273/324 [g=653, 102515 evaluated, 102514 expanded, t=327.19s]
Best heuristic value: 273/323 [g=654, 102586 evaluated, 102585 expanded, t=327.39s]
Best heuristic value: 273/322 [g=655, 102657 evaluated, 102656 expanded, t=327.59s]
Best heuristic value: 273/321 [g=662, 119776 evaluated, 119775 expanded, t=372.39s]
Best heuristic value: 273/320 [g=663, 119801 evaluated, 119800 expanded, t=372.45s]
Best heuristic value: 273/319 [g=664, 119829 evaluated, 119828 expanded, t=372.51s]
Best heuristic value: 273/318 [g=665, 119869 evaluated, 119868 expanded, t=372.62s]
Best heuristic value: 273/317 [g=666, 119912 evaluated, 119911 expanded, t=372.73s]
Best heuristic value: 273/316 [g=667, 119956 evaluated, 119955 expanded, t=372.83s]
Best heuristic value: 273/315 [g=668, 120002 evaluated, 120001 expanded, t=372.95s]
Best heuristic value: 273/314 [g=676, 172749 evaluated, 172748 expanded, t=513.52s]
Best heuristic value: 273/313 [g=677, 172755 evaluated, 172754 expanded, t=513.53s]
Best heuristic value: 273/312 [g=678, 172770 evaluated, 172769 expanded, t=513.57s]
Best heuristic value: 273/311 [g=679, 172787 evaluated, 172786 expanded, t=513.61s]
Best heuristic value: 273/310 [g=680, 172805 evaluated, 172804 expanded, t=513.66s]
Best heuristic value: 273/309 [g=681, 172829 evaluated, 172828 expanded, t=513.72s]
Best heuristic value: 273/308 [g=682, 172876 evaluated, 172875 expanded, t=513.84s]
Best heuristic value: 273/307 [g=683, 172922 evaluated, 172921 expanded, t=513.96s]
Best heuristic value: 273/306 [g=691, 224080 evaluated, 224079 expanded, t=654.15s]
Best heuristic value: 273/305 [g=692, 224089 evaluated, 224088 expanded, t=654.18s]
Best heuristic value: 273/304 [g=693, 224108 evaluated, 224107 expanded, t=654.23s]
Best heuristic value: 273/303 [g=694, 224126 evaluated, 224125 expanded, t=654.27s]
Best heuristic value: 273/302 [g=695, 224148 evaluated, 224147 expanded, t=654.33s]
Best heuristic value: 273/301 [g=696, 224189 evaluated, 224188 expanded, t=654.45s]
Best heuristic value: 273/300 [g=697, 224224 evaluated, 224223 expanded, t=654.54s]
Best heuristic value: 273/299 [g=698, 224263 evaluated, 224262 expanded, t=654.65s]
Best heuristic value: 273/298 [g=699, 224298 evaluated, 224297 expanded, t=654.74s]
Best heuristic value: 273/297 [g=700, 224345 evaluated, 224344 expanded, t=654.87s]
Best heuristic value: 273/296 [g=701, 224399 evaluated, 224398 expanded, t=655.01s]
Best heuristic value: 273/295 [g=702, 224455 evaluated, 224454 expanded, t=655.16s]
Best heuristic value: 273/294 [g=710, 233534 evaluated, 233533 expanded, t=679.63s]
Best heuristic value: 273/293 [g=711, 233563 evaluated, 233562 expanded, t=679.71s]
Best heuristic value: 273/292 [g=712, 233593 evaluated, 233592 expanded, t=679.8s]
Best heuristic value: 273/291 [g=713, 233622 evaluated, 233621 expanded, t=679.88s]
Best heuristic value: 273/290 [g=714, 233650 evaluated, 233649 expanded, t=679.96s]
Best heuristic value: 273/289 [g=715, 233696 evaluated, 233695 expanded, t=680.09s]
Best heuristic value: 273/288 [g=716, 233745 evaluated, 233744 expanded, t=680.22s]
Best heuristic value: 273/287 [g=717, 233799 evaluated, 233798 expanded, t=680.37s]
Best heuristic value: 273/286 [g=718, 233865 evaluated, 233864 expanded, t=680.56s]
Best heuristic value: 273/285 [g=719, 233933 evaluated, 233932 expanded, t=680.75s]
Best heuristic value: 273/284 [g=727, 265786 evaluated, 265785 expanded, t=766.68s]
Best heuristic value: 273/283 [g=728, 265832 evaluated, 265831 expanded, t=766.8s]
Best heuristic value: 273/282 [g=729, 265880 evaluated, 265879 expanded, t=766.93s]
Best heuristic value: 273/281 [g=730, 265929 evaluated, 265928 expanded, t=767.05s]
Best heuristic value: 273/280 [g=731, 265985 evaluated, 265984 expanded, t=767.2s]
Best heuristic value: 273/279 [g=732, 266041 evaluated, 266040 expanded, t=767.34s]
Best heuristic value: 273/278 [g=741, 285409 evaluated, 285408 expanded, t=819.16s]
Best heuristic value: 273/277 [g=742, 285422 evaluated, 285421 expanded, t=819.2s]
Best heuristic value: 273/276 [g=743, 285437 evaluated, 285436 expanded, t=819.24s]
Best heuristic value: 273/275 [g=744, 285458 evaluated, 285457 expanded, t=819.3s]
Best heuristic value: 273/274 [g=745, 285480 evaluated, 285479 expanded, t=819.35s]
Best heuristic value: 273/273 [g=746, 285511 evaluated, 285510 expanded, t=819.43s]
Best heuristic value: 272/273 [g=747, 285512 evaluated, 285511 expanded, t=819.44s]
Best heuristic value: 271/273 [g=748, 285515 evaluated, 285514 expanded, t=819.44s]
Best heuristic value: 270/273 [g=749, 285521 evaluated, 285520 expanded, t=819.46s]
Best heuristic value: 269/273 [g=750, 285529 evaluated, 285528 expanded, t=819.48s]
Best heuristic value: 268/273 [g=751, 285539 evaluated, 285538 expanded, t=819.5s]
Best heuristic value: 267/273 [g=752, 285549 evaluated, 285548 expanded, t=819.52s]
Best heuristic value: 266/273 [g=753, 285561 evaluated, 285560 expanded, t=819.55s]
Best heuristic value: 266/272 [g=747, 285574 evaluated, 285573 expanded, t=819.58s]
Best heuristic value: 265/272 [g=754, 285575 evaluated, 285574 expanded, t=819.58s]
Best heuristic value: 264/272 [g=755, 285589 evaluated, 285588 expanded, t=819.62s]
Best heuristic value: 263/272 [g=756, 285605 evaluated, 285604 expanded, t=819.66s]
Best heuristic value: 262/272 [g=757, 285621 evaluated, 285620 expanded, t=819.7s]
Best heuristic value: 261/272 [g=758, 285639 evaluated, 285638 expanded, t=819.74s]
Best heuristic value: 261/271 [g=748, 285646 evaluated, 285645 expanded, t=819.75s]
Best heuristic value: 260/271 [g=759, 285659 evaluated, 285658 expanded, t=819.78s]
Best heuristic value: 259/271 [g=760, 285681 evaluated, 285680 expanded, t=819.84s]
Best heuristic value: 258/271 [g=761, 285703 evaluated, 285702 expanded, t=819.89s]
Best heuristic value: 257/271 [g=762, 285727 evaluated, 285726 expanded, t=819.95s]
Best heuristic value: 257/270 [g=749, 285730 evaluated, 285729 expanded, t=819.96s]
Best heuristic value: 256/270 [g=763, 285751 evaluated, 285750 expanded, t=820.01s]
Best heuristic value: 255/270 [g=764, 285775 evaluated, 285774 expanded, t=820.06s]
Best heuristic value: 254/270 [g=765, 285799 evaluated, 285798 expanded, t=820.12s]
Best heuristic value: 253/270 [g=766, 285823 evaluated, 285822 expanded, t=820.18s]
Best heuristic value: 252/270 [g=767, 285847 evaluated, 285846 expanded, t=820.24s]
Best heuristic value: 251/270 [g=768, 285873 evaluated, 285872 expanded, t=820.3s]
Best heuristic value: 250/270 [g=769, 285899 evaluated, 285898 expanded, t=820.37s]
Best heuristic value: 249/270 [g=770, 285925 evaluated, 285924 expanded, t=820.44s]
Best heuristic value: 248/270 [g=771, 285951 evaluated, 285950 expanded, t=820.5s]
Best heuristic value: 247/270 [g=772, 285976 evaluated, 285975 expanded, t=820.56s]
Best heuristic value: 246/270 [g=773, 286004 evaluated, 286003 expanded, t=820.63s]
Best heuristic value: 245/270 [g=774, 286032 evaluated, 286031 expanded, t=820.7s]
Best heuristic value: 244/270 [g=775, 286060 evaluated, 286059 expanded, t=820.77s]
Best heuristic value: 243/270 [g=776, 286087 evaluated, 286086 expanded, t=820.84s]
Best heuristic value: 242/270 [g=777, 286115 evaluated, 286114 expanded, t=820.91s]
Best heuristic value: 241/270 [g=778, 286143 evaluated, 286142 expanded, t=820.98s]
Best heuristic value: 240/270 [g=779, 286171 evaluated, 286170 expanded, t=821.05s]
Best heuristic value: 239/270 [g=780, 286198 evaluated, 286197 expanded, t=821.12s]
Best heuristic value: 238/270 [g=781, 286226 evaluated, 286225 expanded, t=821.19s]
Best heuristic value: 237/270 [g=782, 286254 evaluated, 286253 expanded, t=821.25s]
Best heuristic value: 236/270 [g=783, 286282 evaluated, 286281 expanded, t=821.33s]
Best heuristic value: 235/270 [g=784, 286310 evaluated, 286309 expanded, t=821.39s]
Best heuristic value: 234/270 [g=785, 286338 evaluated, 286337 expanded, t=821.46s]
Best heuristic value: 233/270 [g=786, 286368 evaluated, 286367 expanded, t=821.54s]
Best heuristic value: 232/270 [g=787, 286398 evaluated, 286397 expanded, t=821.61s]
Best heuristic value: 231/270 [g=788, 286428 evaluated, 286427 expanded, t=821.69s]
Best heuristic value: 230/270 [g=789, 286456 evaluated, 286455 expanded, t=821.76s]
Best heuristic value: 229/270 [g=790, 286486 evaluated, 286485 expanded, t=821.83s]
Best heuristic value: 228/270 [g=791, 286516 evaluated, 286515 expanded, t=821.91s]
Best heuristic value: 227/270 [g=792, 286545 evaluated, 286544 expanded, t=821.99s]
Best heuristic value: 226/270 [g=793, 286574 evaluated, 286573 expanded, t=822.06s]
Best heuristic value: 225/270 [g=794, 286603 evaluated, 286602 expanded, t=822.13s]
Best heuristic value: 224/270 [g=795, 286633 evaluated, 286632 expanded, t=822.21s]
Best heuristic value: 223/270 [g=796, 286662 evaluated, 286661 expanded, t=822.28s]
Best heuristic value: 222/270 [g=797, 286692 evaluated, 286691 expanded, t=822.35s]
Best heuristic value: 221/270 [g=798, 286722 evaluated, 286721 expanded, t=822.43s]
Best heuristic value: 220/270 [g=799, 286751 evaluated, 286750 expanded, t=822.5s]
Best heuristic value: 219/270 [g=800, 286781 evaluated, 286780 expanded, t=822.58s]
Best heuristic value: 218/270 [g=801, 286811 evaluated, 286810 expanded, t=822.65s]
Best heuristic value: 217/270 [g=802, 286841 evaluated, 286840 expanded, t=822.73s]
Best heuristic value: 216/270 [g=803, 286870 evaluated, 286869 expanded, t=822.8s]
Best heuristic value: 215/270 [g=804, 286900 evaluated, 286899 expanded, t=822.88s]
Best heuristic value: 214/270 [g=805, 286930 evaluated, 286929 expanded, t=822.96s]
Best heuristic value: 214/269 [g=758, 433158 evaluated, 433157 expanded, t=1203.89s]
Best heuristic value: 214/268 [g=759, 433168 evaluated, 433167 expanded, t=1203.92s]
Best heuristic value: 214/267 [g=760, 433187 evaluated, 433186 expanded, t=1203.97s]
Best heuristic value: 214/266 [g=761, 433208 evaluated, 433207 expanded, t=1204.02s]
Best heuristic value: 214/265 [g=762, 433231 evaluated, 433230 expanded, t=1204.07s]
Best heuristic value: 214/264 [g=763, 433259 evaluated, 433258 expanded, t=1204.14s]
Best heuristic value: 214/263 [g=764, 433304 evaluated, 433303 expanded, t=1204.25s]
Best heuristic value: 214/262 [g=765, 433348 evaluated, 433347 expanded, t=1204.35s]
Best heuristic value: 214/261 [g=766, 433414 evaluated, 433413 expanded, t=1204.52s]
Best heuristic value: 214/260 [g=767, 433478 evaluated, 433477 expanded, t=1204.67s]
Best heuristic value: 214/259 [g=776, 576944 evaluated, 576943 expanded, t=1567.36s]
Best heuristic value: 214/258 [g=777, 576965 evaluated, 576964 expanded, t=1567.41s]
Best heuristic value: 214/257 [g=778, 576987 evaluated, 576986 expanded, t=1567.46s]
Best heuristic value: 214/256 [g=779, 577008 evaluated, 577007 expanded, t=1567.51s]
Best heuristic value: 214/255 [g=780, 577043 evaluated, 577042 expanded, t=1567.6s]
Best heuristic value: 214/254 [g=781, 577080 evaluated, 577079 expanded, t=1567.69s]
Best heuristic value: 214/253 [g=782, 577125 evaluated, 577124 expanded, t=1567.8s]
Best heuristic value: 214/252 [g=783, 577171 evaluated, 577170 expanded, t=1567.91s]
Best heuristic value: 214/251 [g=784, 577220 evaluated, 577219 expanded, t=1568.03s]
Best heuristic value: 214/250 [g=785, 577267 evaluated, 577266 expanded, t=1568.15s]
Best heuristic value: 214/249 [g=786, 577323 evaluated, 577322 expanded, t=1568.28s]
Failed to allocate memory. Released memory buffer.
Memory limit has been reached.
Failed to allocate memory. Released memory buffer.
Memory limit has been reached.
