Parsing... [0.020s CPU, 0.023s wall-clock]
Normalizing task... [0.000s CPU, 0.001s wall-clock]
Instantiating...
Generating Datalog program... [0.010s CPU, 0.008s wall-clock]
Normalizing Datalog program...
Normalizing Datalog program: [0.000s CPU, 0.006s wall-clock]
Preparing model... [0.030s CPU, 0.025s wall-clock]
Generated 44 rules.
Computing model... [1.130s CPU, 1.127s wall-clock]
25858 relevant atoms
18099 auxiliary atoms
43957 final queue length
73793 total queue pushes
Completing instantiation... [5.570s CPU, 5.568s wall-clock]
Instantiating: [6.890s CPU, 6.887s wall-clock]
Computing fact groups...
Finding invariants...
24 initial candidates
Finding invariants: [0.030s CPU, 0.029s wall-clock]
Checking invariant weight... [0.030s CPU, 0.031s wall-clock]
Instantiating groups... [0.080s CPU, 0.079s wall-clock]
Collecting mutex groups... [0.010s CPU, 0.006s wall-clock]
Choosing groups...
1222 uncovered facts
Choosing groups: [0.020s CPU, 0.018s wall-clock]
Building translation key... [0.010s CPU, 0.012s wall-clock]
Computing fact groups: [0.240s CPU, 0.239s wall-clock]
Building STRIPS to SAS dictionary... [0.000s CPU, 0.006s wall-clock]
Building dictionary for full mutex groups... [0.010s CPU, 0.007s wall-clock]
Building mutex information...
Building mutex information: [0.010s CPU, 0.009s wall-clock]
Translating task...
Processing axioms...
Simplifying axioms... [0.000s CPU, 0.000s wall-clock]
Processing axioms: [0.360s CPU, 0.356s wall-clock]
Translating task: [3.090s CPU, 3.092s wall-clock]
0 implied effects removed
0 effect conditions simplified
0 implied preconditions added
Detecting unreachable propositions...
0 operators removed
281 propositions removed
Detecting unreachable propositions: [0.340s CPU, 0.336s wall-clock]
Translator variables: 1503
Translator derived variables: 0
Translator facts: 4227
Translator mutex groups: 351
Translator total mutex groups size: 1923
Translator operators: 21538
Translator task size: 137462
Translator peak memory: 168092 KB
Writing output... [0.340s CPU, 0.337s wall-clock]
Done! [11.630s CPU, 11.631s wall-clock]
