Dispatcher selected state size 1.
This is a nonunit task.
Simplifying transitions... done!
Initializing Exploration...
Generating landmarks using the RPG/SAS+ approach
approx. reasonable orders
approx. obedient reasonable orders
Removed 0 reasonable or obedient reasonable orders
Landmarks generation time: 37.2297s
Discovered 1207 landmarks, of which 18 are disjunctive and 0 are conjunctive 
7706 edges
Initializing LAMA-FF Synergy Object
Initializing landmarks count heuristic...
160 initial landmarks, 80 goal landmarks
Initializing Exploration...
Generating landmarks using the RPG/SAS+ approach
approx. reasonable orders
approx. obedient reasonable orders
Removed 0 reasonable or obedient reasonable orders
Landmarks generation time: 36.9163s
Discovered 1207 landmarks, of which 18 are disjunctive and 0 are conjunctive 
7706 edges
Initializing LAMA-FF Synergy Object
Initializing landmarks count heuristic...
160 initial landmarks, 80 goal landmarks
Starting search: lazy_greedy(list(hff1, hlm1), preferred = list(hff1, hlm1), cost_type = 1, reopen_closed = false)
Conducting lazy best first search, (real) bound = 2147483647
Best heuristic value: 1047/1309 [g=0, 1 evaluated, 0 expanded, t=75.41s]
Best heuristic value: 1047/1308 [g=1, 2 evaluated, 1 expanded, t=75.42s]
Best heuristic value: 1046/1297 [g=2, 3 evaluated, 2 expanded, t=75.44s]
Best heuristic value: 1046/1294 [g=3, 4 evaluated, 3 expanded, t=75.45s]
Best heuristic value: 1046/1284 [g=3, 8 evaluated, 7 expanded, t=75.5s]
Best heuristic value: 1046/1281 [g=4, 9 evaluated, 8 expanded, t=75.52s]
Best heuristic value: 1046/1270 [g=5, 17 evaluated, 16 expanded, t=75.62s]
Best heuristic value: 1046/1258 [g=6, 25 evaluated, 24 expanded, t=75.74s]
Best heuristic value: 1046/1256 [g=7, 35 evaluated, 34 expanded, t=75.87s]
Best heuristic value: 1046/1255 [g=8, 44 evaluated, 43 expanded, t=75.99s]
Best heuristic value: 1046/1250 [g=9, 56 evaluated, 55 expanded, t=76.16s]
Best heuristic value: 1046/1249 [g=10, 68 evaluated, 67 expanded, t=76.32s]
Best heuristic value: 1046/1235 [g=11, 79 evaluated, 78 expanded, t=76.47s]
Best heuristic value: 1046/1229 [g=12, 93 evaluated, 92 expanded, t=76.66s]
Best heuristic value: 1045/1229 [g=4, 97 evaluated, 96 expanded, t=76.72s]
Best heuristic value: 1045/1228 [g=13, 106 evaluated, 105 expanded, t=76.84s]
Best heuristic value: 1044/1228 [g=6, 218 evaluated, 217 expanded, t=78.37s]
Best heuristic value: 1043/1228 [g=8, 385 evaluated, 384 expanded, t=80.65s]
Best heuristic value: 1043/1222 [g=18, 501 evaluated, 500 expanded, t=82.23s]
Best heuristic value: 1043/1221 [g=19, 537 evaluated, 536 expanded, t=82.72s]
Best heuristic value: 1043/1217 [g=20, 580 evaluated, 579 expanded, t=83.3s]
Best heuristic value: 1043/1216 [g=21, 643 evaluated, 642 expanded, t=84.16s]
Best heuristic value: 1042/1216 [g=10, 646 evaluated, 645 expanded, t=84.2s]
Best heuristic value: 1042/1211 [g=22, 786 evaluated, 785 expanded, t=86.12s]
Best heuristic value: 1042/1206 [g=23, 792 evaluated, 791 expanded, t=86.2s]
Best heuristic value: 1042/1198 [g=24, 814 evaluated, 813 expanded, t=86.5s]
Best heuristic value: 1042/1190 [g=25, 833 evaluated, 832 expanded, t=86.76s]
Best heuristic value: 1042/1181 [g=26, 855 evaluated, 854 expanded, t=87.06s]
Best heuristic value: 1042/1180 [g=27, 875 evaluated, 874 expanded, t=87.34s]
Best heuristic value: 1041/1180 [g=12, 913 evaluated, 912 expanded, t=87.86s]
Best heuristic value: 1040/1180 [g=14, 1268 evaluated, 1267 expanded, t=92.73s]
Best heuristic value: 1039/1180 [g=15, 1282 evaluated, 1281 expanded, t=92.91s]
Best heuristic value: 1038/1180 [g=17, 1668 evaluated, 1667 expanded, t=98.23s]
Best heuristic value: 1037/1180 [g=19, 2162 evaluated, 2161 expanded, t=105.02s]
Best heuristic value: 1036/1180 [g=21, 2693 evaluated, 2692 expanded, t=112.31s]
Best heuristic value: 1035/1180 [g=23, 3215 evaluated, 3214 expanded, t=119.51s]
Best heuristic value: 1034/1180 [g=25, 3752 evaluated, 3751 expanded, t=126.87s]
Best heuristic value: 1033/1180 [g=27, 4366 evaluated, 4365 expanded, t=135.3s]
Best heuristic value: 1032/1180 [g=29, 4922 evaluated, 4921 expanded, t=142.93s]
Best heuristic value: 1031/1180 [g=31, 5510 evaluated, 5509 expanded, t=151s]
Best heuristic value: 1030/1180 [g=33, 6148 evaluated, 6147 expanded, t=159.76s]
Best heuristic value: 1029/1180 [g=35, 6808 evaluated, 6807 expanded, t=168.92s]
Best heuristic value: 1028/1180 [g=36, 6821 evaluated, 6820 expanded, t=169.09s]
Best heuristic value: 1027/1180 [g=38, 7484 evaluated, 7483 expanded, t=178.19s]
Best heuristic value: 1026/1180 [g=40, 8125 evaluated, 8124 expanded, t=187s]
Best heuristic value: 1025/1180 [g=41, 8135 evaluated, 8134 expanded, t=187.13s]
Best heuristic value: 1024/1180 [g=43, 8818 evaluated, 8817 expanded, t=196.51s]
Best heuristic value: 1023/1180 [g=45, 9368 evaluated, 9367 expanded, t=204.07s]
Best heuristic value: 1022/1180 [g=47, 10141 evaluated, 10140 expanded, t=214.72s]
Best heuristic value: 1021/1180 [g=49, 10908 evaluated, 10907 expanded, t=225.28s]
Best heuristic value: 1020/1180 [g=50, 10929 evaluated, 10928 expanded, t=225.56s]
Best heuristic value: 1019/1180 [g=52, 11696 evaluated, 11695 expanded, t=236.13s]
Best heuristic value: 1018/1180 [g=54, 12474 evaluated, 12473 expanded, t=247.04s]
Best heuristic value: 1017/1180 [g=56, 13341 evaluated, 13340 expanded, t=258.94s]
Best heuristic value: 1016/1180 [g=58, 14414 evaluated, 14413 expanded, t=273.45s]
Best heuristic value: 1015/1180 [g=60, 15415 evaluated, 15414 expanded, t=287s]
Best heuristic value: 1014/1180 [g=62, 16355 evaluated, 16354 expanded, t=299.69s]
Best heuristic value: 1013/1180 [g=64, 17343 evaluated, 17342 expanded, t=313.01s]
Best heuristic value: 1012/1180 [g=65, 17366 evaluated, 17365 expanded, t=313.3s]
Best heuristic value: 1012/1179 [g=53, 18472 evaluated, 18471 expanded, t=328.52s]
Best heuristic value: 1012/1178 [g=54, 18482 evaluated, 18481 expanded, t=328.65s]
Best heuristic value: 1012/1177 [g=56, 18514 evaluated, 18513 expanded, t=329.09s]
Best heuristic value: 1011/1177 [g=67, 18519 evaluated, 18518 expanded, t=329.16s]
Best heuristic value: 1010/1177 [g=68, 18543 evaluated, 18542 expanded, t=329.48s]
Best heuristic value: 1010/1172 [g=53, 18778 evaluated, 18777 expanded, t=332.75s]
Best heuristic value: 1010/1171 [g=54, 18794 evaluated, 18793 expanded, t=332.98s]
Best heuristic value: 1009/1171 [g=70, 19596 evaluated, 19595 expanded, t=344.07s]
Best heuristic value: 1008/1171 [g=71, 19609 evaluated, 19608 expanded, t=344.25s]
Best heuristic value: 1007/1171 [g=72, 19631 evaluated, 19630 expanded, t=344.54s]
Best heuristic value: 1006/1171 [g=74, 20210 evaluated, 20209 expanded, t=352.58s]
Best heuristic value: 1005/1171 [g=75, 20223 evaluated, 20222 expanded, t=352.75s]
Best heuristic value: 1004/1171 [g=77, 20615 evaluated, 20614 expanded, t=358.19s]
Best heuristic value: 1003/1171 [g=78, 20627 evaluated, 20626 expanded, t=358.35s]
Best heuristic value: 1002/1171 [g=80, 20989 evaluated, 20988 expanded, t=363.37s]
Best heuristic value: 1001/1171 [g=81, 21003 evaluated, 21002 expanded, t=363.56s]
Best heuristic value: 1000/1171 [g=83, 21377 evaluated, 21376 expanded, t=368.75s]
Best heuristic value: 999/1171 [g=84, 21391 evaluated, 21390 expanded, t=368.94s]
Best heuristic value: 998/1171 [g=85, 21405 evaluated, 21404 expanded, t=369.13s]
Best heuristic value: 997/1171 [g=86, 21419 evaluated, 21418 expanded, t=369.31s]
Best heuristic value: 996/1171 [g=87, 21447 evaluated, 21446 expanded, t=369.68s]
Best heuristic value: 995/1171 [g=88, 21475 evaluated, 21474 expanded, t=370.05s]
Best heuristic value: 994/1171 [g=89, 21517 evaluated, 21516 expanded, t=370.62s]
Best heuristic value: 993/1171 [g=90, 21571 evaluated, 21570 expanded, t=371.34s]
Best heuristic value: 992/1171 [g=91, 21627 evaluated, 21626 expanded, t=372.09s]
Best heuristic value: 991/1171 [g=92, 21675 evaluated, 21674 expanded, t=372.72s]
Best heuristic value: 990/1171 [g=93, 21725 evaluated, 21724 expanded, t=373.39s]
Best heuristic value: 989/1171 [g=95, 22319 evaluated, 22318 expanded, t=381.65s]
Best heuristic value: 988/1171 [g=96, 22343 evaluated, 22342 expanded, t=381.97s]
Best heuristic value: 987/1171 [g=98, 23001 evaluated, 23000 expanded, t=391.08s]
Best heuristic value: 986/1171 [g=99, 23024 evaluated, 23023 expanded, t=391.38s]
Best heuristic value: 985/1171 [g=101, 23677 evaluated, 23676 expanded, t=400.48s]
Best heuristic value: 984/1171 [g=102, 23698 evaluated, 23697 expanded, t=400.76s]
Best heuristic value: 983/1171 [g=103, 23722 evaluated, 23721 expanded, t=401.08s]
Best heuristic value: 982/1171 [g=104, 23746 evaluated, 23745 expanded, t=401.4s]
Best heuristic value: 981/1171 [g=105, 23778 evaluated, 23777 expanded, t=401.83s]
Best heuristic value: 980/1171 [g=106, 23809 evaluated, 23808 expanded, t=402.25s]
Best heuristic value: 979/1171 [g=107, 23847 evaluated, 23846 expanded, t=402.75s]
Best heuristic value: 978/1171 [g=108, 23890 evaluated, 23889 expanded, t=403.33s]
Best heuristic value: 977/1171 [g=109, 23935 evaluated, 23934 expanded, t=403.93s]
Best heuristic value: 976/1171 [g=110, 23989 evaluated, 23988 expanded, t=404.65s]
Best heuristic value: 975/1171 [g=111, 24040 evaluated, 24039 expanded, t=405.32s]
Best heuristic value: 974/1171 [g=112, 24093 evaluated, 24092 expanded, t=406.03s]
Best heuristic value: 973/1171 [g=114, 25147 evaluated, 25146 expanded, t=421.12s]
Best heuristic value: 972/1171 [g=116, 26228 evaluated, 26227 expanded, t=436.19s]
Best heuristic value: 971/1171 [g=118, 27341 evaluated, 27340 expanded, t=451.7s]
Best heuristic value: 970/1171 [g=120, 28551 evaluated, 28550 expanded, t=468.4s]
Best heuristic value: 969/1171 [g=122, 29628 evaluated, 29627 expanded, t=483.18s]
Best heuristic value: 968/1171 [g=124, 30709 evaluated, 30708 expanded, t=498.15s]
Best heuristic value: 967/1171 [g=126, 31763 evaluated, 31762 expanded, t=512.51s]
Best heuristic value: 966/1171 [g=128, 32950 evaluated, 32949 expanded, t=528.94s]
Best heuristic value: 966/1165 [g=92, 33544 evaluated, 33543 expanded, t=537.25s]
Best heuristic value: 966/1163 [g=93, 33556 evaluated, 33555 expanded, t=537.43s]
Best heuristic value: 965/1163 [g=130, 34214 evaluated, 34213 expanded, t=546.47s]
Best heuristic value: 964/1163 [g=132, 35384 evaluated, 35383 expanded, t=562.48s]
Best heuristic value: 963/1163 [g=134, 36550 evaluated, 36549 expanded, t=578.41s]
Best heuristic value: 962/1163 [g=136, 37705 evaluated, 37704 expanded, t=594.16s]
Best heuristic value: 961/1163 [g=138, 38838 evaluated, 38837 expanded, t=609.79s]
Best heuristic value: 960/1163 [g=140, 39871 evaluated, 39870 expanded, t=623.99s]
Best heuristic value: 960/1162 [g=104, 40501 evaluated, 40500 expanded, t=632.76s]
Best heuristic value: 959/1162 [g=142, 41071 evaluated, 41070 expanded, t=640.63s]
Best heuristic value: 959/1155 [g=108, 42220 evaluated, 42219 expanded, t=656.7s]
Best heuristic value: 959/1153 [g=110, 42235 evaluated, 42234 expanded, t=656.9s]
Best heuristic value: 958/1153 [g=144, 42351 evaluated, 42350 expanded, t=658.48s]
Best heuristic value: 958/1148 [g=114, 42358 evaluated, 42357 expanded, t=658.58s]
Best heuristic value: 957/1148 [g=146, 43744 evaluated, 43743 expanded, t=677.82s]
Best heuristic value: 956/1148 [g=148, 45198 evaluated, 45197 expanded, t=697.97s]
Best heuristic value: 955/1148 [g=150, 46644 evaluated, 46643 expanded, t=717.97s]
Best heuristic value: 954/1148 [g=152, 48098 evaluated, 48097 expanded, t=738.05s]
Best heuristic value: 953/1148 [g=154, 49501 evaluated, 49500 expanded, t=758.2s]
Best heuristic value: 952/1148 [g=156, 50936 evaluated, 50935 expanded, t=778.01s]
Best heuristic value: 951/1148 [g=158, 52381 evaluated, 52380 expanded, t=797.97s]
Best heuristic value: 950/1148 [g=160, 53813 evaluated, 53812 expanded, t=817.74s]
Best heuristic value: 949/1148 [g=162, 55236 evaluated, 55235 expanded, t=837.35s]
Best heuristic value: 948/1148 [g=164, 56717 evaluated, 56716 expanded, t=857.5s]
Best heuristic value: 948/1147 [g=125, 57003 evaluated, 57002 expanded, t=861.47s]
Best heuristic value: 947/1147 [g=166, 58180 evaluated, 58179 expanded, t=877.51s]
Best heuristic value: 946/1147 [g=168, 59690 evaluated, 59689 expanded, t=898.33s]
Best heuristic value: 945/1147 [g=170, 61182 evaluated, 61181 expanded, t=918.73s]
Best heuristic value: 944/1147 [g=172, 62654 evaluated, 62653 expanded, t=938.78s]
Best heuristic value: 943/1147 [g=174, 64125 evaluated, 64124 expanded, t=958.84s]
Best heuristic value: 942/1147 [g=176, 65568 evaluated, 65567 expanded, t=978.59s]
Best heuristic value: 941/1147 [g=178, 67037 evaluated, 67036 expanded, t=998.72s]
Best heuristic value: 940/1147 [g=180, 68534 evaluated, 68533 expanded, t=1019.3s]
Best heuristic value: 939/1147 [g=182, 70023 evaluated, 70022 expanded, t=1039.7s]
Best heuristic value: 938/1147 [g=184, 71490 evaluated, 71489 expanded, t=1059.53s]
Best heuristic value: 937/1147 [g=186, 72902 evaluated, 72901 expanded, t=1078.76s]
Best heuristic value: 936/1147 [g=188, 74355 evaluated, 74354 expanded, t=1098.3s]
Best heuristic value: 935/1147 [g=190, 75862 evaluated, 75861 expanded, t=1118.76s]
Best heuristic value: 934/1147 [g=192, 77283 evaluated, 77282 expanded, t=1137.94s]
Best heuristic value: 933/1147 [g=194, 78819 evaluated, 78818 expanded, t=1159.07s]
Best heuristic value: 932/1147 [g=196, 80357 evaluated, 80356 expanded, t=1180.16s]
Best heuristic value: 931/1147 [g=209, 82801 evaluated, 82800 expanded, t=1213.78s]
Best heuristic value: 930/1147 [g=210, 82823 evaluated, 82822 expanded, t=1214.05s]
Best heuristic value: 929/1147 [g=211, 82849 evaluated, 82848 expanded, t=1214.38s]
Best heuristic value: 929/1146 [g=223, 82870 evaluated, 82869 expanded, t=1214.64s]
Best heuristic value: 929/1145 [g=224, 82876 evaluated, 82875 expanded, t=1214.72s]
Best heuristic value: 928/1145 [g=212, 82877 evaluated, 82876 expanded, t=1214.73s]
Best heuristic value: 928/1144 [g=225, 82882 evaluated, 82881 expanded, t=1214.79s]
Best heuristic value: 928/1143 [g=226, 82888 evaluated, 82887 expanded, t=1214.87s]
Best heuristic value: 928/1142 [g=227, 82894 evaluated, 82893 expanded, t=1214.94s]
Best heuristic value: 928/1141 [g=228, 82900 evaluated, 82899 expanded, t=1215.02s]
Best heuristic value: 927/1141 [g=213, 82905 evaluated, 82904 expanded, t=1215.08s]
Best heuristic value: 927/1140 [g=229, 82906 evaluated, 82905 expanded, t=1215.09s]
Best heuristic value: 927/1139 [g=230, 82912 evaluated, 82911 expanded, t=1215.17s]
Best heuristic value: 927/1138 [g=231, 82918 evaluated, 82917 expanded, t=1215.24s]
Best heuristic value: 927/1137 [g=232, 82924 evaluated, 82923 expanded, t=1215.32s]
Best heuristic value: 927/1136 [g=233, 82930 evaluated, 82929 expanded, t=1215.39s]
Best heuristic value: 927/1135 [g=234, 82936 evaluated, 82935 expanded, t=1215.47s]
Best heuristic value: 926/1135 [g=214, 82937 evaluated, 82936 expanded, t=1215.48s]
Best heuristic value: 926/1134 [g=235, 82942 evaluated, 82941 expanded, t=1215.54s]
Best heuristic value: 926/1133 [g=236, 82948 evaluated, 82947 expanded, t=1215.61s]
Best heuristic value: 926/1121 [g=237, 82954 evaluated, 82953 expanded, t=1215.69s]
Best heuristic value: 926/1120 [g=238, 82960 evaluated, 82959 expanded, t=1215.77s]
Best heuristic value: 926/1119 [g=239, 82966 evaluated, 82965 expanded, t=1215.84s]
Best heuristic value: 926/1118 [g=240, 82972 evaluated, 82971 expanded, t=1215.91s]
Best heuristic value: 925/1118 [g=215, 82977 evaluated, 82976 expanded, t=1215.98s]
Best heuristic value: 925/1117 [g=241, 82978 evaluated, 82977 expanded, t=1215.99s]
Best heuristic value: 925/1116 [g=242, 82984 evaluated, 82983 expanded, t=1216.07s]
Best heuristic value: 925/1115 [g=243, 82990 evaluated, 82989 expanded, t=1216.14s]
Best heuristic value: 925/1114 [g=244, 82996 evaluated, 82995 expanded, t=1216.21s]
Best heuristic value: 925/1113 [g=245, 83002 evaluated, 83001 expanded, t=1216.29s]
Best heuristic value: 925/1112 [g=246, 83008 evaluated, 83007 expanded, t=1216.36s]
Best heuristic value: 925/1111 [g=247, 83014 evaluated, 83013 expanded, t=1216.43s]
Best heuristic value: 925/1110 [g=248, 83022 evaluated, 83021 expanded, t=1216.53s]
Best heuristic value: 924/1110 [g=216, 83029 evaluated, 83028 expanded, t=1216.62s]
Best heuristic value: 924/1109 [g=249, 83030 evaluated, 83029 expanded, t=1216.63s]
Best heuristic value: 924/1108 [g=250, 83038 evaluated, 83037 expanded, t=1216.73s]
Best heuristic value: 924/1107 [g=251, 83046 evaluated, 83045 expanded, t=1216.83s]
Best heuristic value: 924/1106 [g=252, 83054 evaluated, 83053 expanded, t=1216.93s]
Best heuristic value: 924/1105 [g=253, 83062 evaluated, 83061 expanded, t=1217.03s]
Best heuristic value: 924/1104 [g=254, 83070 evaluated, 83069 expanded, t=1217.13s]
Best heuristic value: 924/1103 [g=255, 83078 evaluated, 83077 expanded, t=1217.23s]
Best heuristic value: 923/1103 [g=217, 83085 evaluated, 83084 expanded, t=1217.32s]
Best heuristic value: 923/1102 [g=256, 83086 evaluated, 83085 expanded, t=1217.33s]
Best heuristic value: 923/1101 [g=257, 83094 evaluated, 83093 expanded, t=1217.44s]
Best heuristic value: 923/1100 [g=258, 83106 evaluated, 83105 expanded, t=1217.6s]
Best heuristic value: 923/1099 [g=259, 83118 evaluated, 83117 expanded, t=1217.75s]
Best heuristic value: 923/1098 [g=260, 83130 evaluated, 83129 expanded, t=1217.92s]
Best heuristic value: 923/1097 [g=261, 83142 evaluated, 83141 expanded, t=1218.08s]
Best heuristic value: 923/1096 [g=262, 83154 evaluated, 83153 expanded, t=1218.23s]
Best heuristic value: 923/1095 [g=263, 83166 evaluated, 83165 expanded, t=1218.39s]
Best heuristic value: 923/1094 [g=264, 83178 evaluated, 83177 expanded, t=1218.55s]
Best heuristic value: 923/1093 [g=265, 83190 evaluated, 83189 expanded, t=1218.71s]
Best heuristic value: 923/1092 [g=266, 83201 evaluated, 83200 expanded, t=1218.85s]
Best heuristic value: 923/1091 [g=267, 83213 evaluated, 83212 expanded, t=1219.01s]
Best heuristic value: 923/1090 [g=268, 83225 evaluated, 83224 expanded, t=1219.16s]
Best heuristic value: 923/1080 [g=269, 83237 evaluated, 83236 expanded, t=1219.32s]
Best heuristic value: 923/1079 [g=270, 83248 evaluated, 83247 expanded, t=1219.47s]
Best heuristic value: 923/1078 [g=271, 83259 evaluated, 83258 expanded, t=1219.61s]
Best heuristic value: 923/1077 [g=272, 83271 evaluated, 83270 expanded, t=1219.76s]
Best heuristic value: 923/1076 [g=273, 83283 evaluated, 83282 expanded, t=1219.92s]
Best heuristic value: 923/1075 [g=274, 83295 evaluated, 83294 expanded, t=1220.08s]
Best heuristic value: 923/1074 [g=275, 83304 evaluated, 83303 expanded, t=1220.2s]
Best heuristic value: 923/1073 [g=276, 83316 evaluated, 83315 expanded, t=1220.35s]
Best heuristic value: 923/1072 [g=277, 83328 evaluated, 83327 expanded, t=1220.51s]
Best heuristic value: 923/1071 [g=278, 83340 evaluated, 83339 expanded, t=1220.67s]
Best heuristic value: 923/1070 [g=279, 83352 evaluated, 83351 expanded, t=1220.83s]
Best heuristic value: 923/1069 [g=280, 83364 evaluated, 83363 expanded, t=1220.98s]
Best heuristic value: 923/1068 [g=281, 83378 evaluated, 83377 expanded, t=1221.17s]
Best heuristic value: 923/1067 [g=282, 83392 evaluated, 83391 expanded, t=1221.35s]
Best heuristic value: 923/1066 [g=283, 83402 evaluated, 83401 expanded, t=1221.48s]
Best heuristic value: 923/1065 [g=284, 83416 evaluated, 83415 expanded, t=1221.67s]
Best heuristic value: 923/1064 [g=285, 83430 evaluated, 83429 expanded, t=1221.85s]
Best heuristic value: 923/1063 [g=286, 83444 evaluated, 83443 expanded, t=1222.04s]
Best heuristic value: 923/1062 [g=287, 83453 evaluated, 83452 expanded, t=1222.15s]
Best heuristic value: 923/1061 [g=288, 83468 evaluated, 83467 expanded, t=1222.35s]
Best heuristic value: 923/1060 [g=289, 83484 evaluated, 83483 expanded, t=1222.56s]
Best heuristic value: 923/1059 [g=290, 83498 evaluated, 83497 expanded, t=1222.74s]
Best heuristic value: 923/1058 [g=291, 83510 evaluated, 83509 expanded, t=1222.89s]
Best heuristic value: 923/1057 [g=292, 83525 evaluated, 83524 expanded, t=1223.09s]
Best heuristic value: 923/1056 [g=293, 83541 evaluated, 83540 expanded, t=1223.3s]
Best heuristic value: 923/1055 [g=294, 83550 evaluated, 83549 expanded, t=1223.41s]
Best heuristic value: 923/1054 [g=295, 83565 evaluated, 83564 expanded, t=1223.61s]
Best heuristic value: 923/1053 [g=296, 83581 evaluated, 83580 expanded, t=1223.82s]
Best heuristic value: 923/1052 [g=297, 83593 evaluated, 83592 expanded, t=1223.97s]
Best heuristic value: 923/1051 [g=298, 83604 evaluated, 83603 expanded, t=1224.11s]
Best heuristic value: 923/1042 [g=299, 83620 evaluated, 83619 expanded, t=1224.32s]
Best heuristic value: 923/1034 [g=300, 83635 evaluated, 83634 expanded, t=1224.52s]
Best heuristic value: 923/1033 [g=301, 83643 evaluated, 83642 expanded, t=1224.62s]
Best heuristic value: 923/1032 [g=302, 83658 evaluated, 83657 expanded, t=1224.81s]
Best heuristic value: 923/1031 [g=303, 83674 evaluated, 83673 expanded, t=1225.02s]
Best heuristic value: 923/1030 [g=304, 83684 evaluated, 83683 expanded, t=1225.15s]
Best heuristic value: 923/1029 [g=305, 83695 evaluated, 83694 expanded, t=1225.28s]
Best heuristic value: 923/1028 [g=306, 83711 evaluated, 83710 expanded, t=1225.49s]
Best heuristic value: 923/1027 [g=307, 83726 evaluated, 83725 expanded, t=1225.69s]
Best heuristic value: 923/1026 [g=308, 83739 evaluated, 83738 expanded, t=1225.85s]
Best heuristic value: 923/1016 [g=309, 83759 evaluated, 83758 expanded, t=1226.12s]
Best heuristic value: 923/1015 [g=310, 83770 evaluated, 83769 expanded, t=1226.26s]
Best heuristic value: 923/1014 [g=311, 83786 evaluated, 83785 expanded, t=1226.46s]
Best heuristic value: 923/1013 [g=312, 83804 evaluated, 83803 expanded, t=1226.7s]
Best heuristic value: 923/1012 [g=313, 83814 evaluated, 83813 expanded, t=1226.81s]
Best heuristic value: 923/1011 [g=314, 83832 evaluated, 83831 expanded, t=1227.05s]
Best heuristic value: 923/1010 [g=315, 83847 evaluated, 83846 expanded, t=1227.24s]
Best heuristic value: 923/1009 [g=316, 83857 evaluated, 83856 expanded, t=1227.36s]
Best heuristic value: 923/1008 [g=317, 83877 evaluated, 83876 expanded, t=1227.62s]
Best heuristic value: 923/1007 [g=318, 83891 evaluated, 83890 expanded, t=1227.8s]
Best heuristic value: 923/1006 [g=319, 83909 evaluated, 83908 expanded, t=1228.02s]
Best heuristic value: 923/1005 [g=320, 83924 evaluated, 83923 expanded, t=1228.21s]
Best heuristic value: 923/1004 [g=321, 83940 evaluated, 83939 expanded, t=1228.41s]
Best heuristic value: 923/1003 [g=322, 83958 evaluated, 83957 expanded, t=1228.64s]
Best heuristic value: 923/1002 [g=323, 83971 evaluated, 83970 expanded, t=1228.8s]
Best heuristic value: 923/1001 [g=324, 83991 evaluated, 83990 expanded, t=1229.06s]
Best heuristic value: 923/1000 [g=325, 84004 evaluated, 84003 expanded, t=1229.22s]
Best heuristic value: 923/999 [g=326, 84024 evaluated, 84023 expanded, t=1229.47s]
Best heuristic value: 923/998 [g=327, 84037 evaluated, 84036 expanded, t=1229.63s]
Best heuristic value: 923/997 [g=328, 84054 evaluated, 84053 expanded, t=1229.84s]
Best heuristic value: 922/997 [g=329, 84056 evaluated, 84055 expanded, t=1229.87s]
Best heuristic value: 921/997 [g=330, 84059 evaluated, 84058 expanded, t=1229.91s]
Best heuristic value: 920/997 [g=331, 84065 evaluated, 84064 expanded, t=1229.98s]
Best heuristic value: 919/997 [g=332, 84073 evaluated, 84072 expanded, t=1230.08s]
Best heuristic value: 918/997 [g=333, 84083 evaluated, 84082 expanded, t=1230.2s]
Best heuristic value: 918/996 [g=329, 84084 evaluated, 84083 expanded, t=1230.21s]
Best heuristic value: 917/996 [g=334, 84095 evaluated, 84094 expanded, t=1230.34s]
Best heuristic value: 916/996 [g=335, 84109 evaluated, 84108 expanded, t=1230.51s]
Best heuristic value: 916/995 [g=330, 84114 evaluated, 84113 expanded, t=1230.57s]
Best heuristic value: 915/995 [g=336, 84123 evaluated, 84122 expanded, t=1230.69s]
Best heuristic value: 914/995 [g=337, 84139 evaluated, 84138 expanded, t=1230.88s]
Best heuristic value: 914/994 [g=331, 84144 evaluated, 84143 expanded, t=1230.94s]
Best heuristic value: 913/994 [g=338, 84157 evaluated, 84156 expanded, t=1231.09s]
Best heuristic value: 913/993 [g=332, 84174 evaluated, 84173 expanded, t=1231.3s]
Best heuristic value: 912/993 [g=339, 84179 evaluated, 84178 expanded, t=1231.36s]
Best heuristic value: 911/993 [g=340, 84201 evaluated, 84200 expanded, t=1231.63s]
Best heuristic value: 911/992 [g=333, 84204 evaluated, 84203 expanded, t=1231.67s]
Best heuristic value: 910/992 [g=341, 84225 evaluated, 84224 expanded, t=1231.92s]
Best heuristic value: 910/991 [g=334, 84234 evaluated, 84233 expanded, t=1232.03s]
Best heuristic value: 909/991 [g=342, 84251 evaluated, 84250 expanded, t=1232.24s]
Best heuristic value: 909/990 [g=335, 84264 evaluated, 84263 expanded, t=1232.39s]
Best heuristic value: 908/990 [g=343, 84279 evaluated, 84278 expanded, t=1232.57s]
Best heuristic value: 908/989 [g=336, 84294 evaluated, 84293 expanded, t=1232.76s]
Best heuristic value: 907/989 [g=344, 84307 evaluated, 84306 expanded, t=1232.91s]
Best heuristic value: 907/988 [g=337, 84324 evaluated, 84323 expanded, t=1233.12s]
Best heuristic value: 906/988 [g=345, 84335 evaluated, 84334 expanded, t=1233.25s]
Best heuristic value: 906/987 [g=338, 84356 evaluated, 84355 expanded, t=1233.51s]
Best heuristic value: 905/987 [g=346, 84365 evaluated, 84364 expanded, t=1233.62s]
Best heuristic value: 905/986 [g=339, 84388 evaluated, 84387 expanded, t=1233.89s]
Best heuristic value: 904/986 [g=347, 84395 evaluated, 84394 expanded, t=1233.98s]
Best heuristic value: 904/985 [g=340, 84420 evaluated, 84419 expanded, t=1234.28s]
Best heuristic value: 903/985 [g=348, 84427 evaluated, 84426 expanded, t=1234.36s]
Best heuristic value: 903/984 [g=341, 84452 evaluated, 84451 expanded, t=1234.66s]
Best heuristic value: 902/984 [g=349, 84459 evaluated, 84458 expanded, t=1234.74s]
Best heuristic value: 902/983 [g=342, 84484 evaluated, 84483 expanded, t=1235.05s]
Best heuristic value: 901/983 [g=350, 84491 evaluated, 84490 expanded, t=1235.14s]
Best heuristic value: 901/982 [g=343, 84516 evaluated, 84515 expanded, t=1235.44s]
Best heuristic value: 900/982 [g=351, 84525 evaluated, 84524 expanded, t=1235.55s]
Best heuristic value: 900/981 [g=344, 84548 evaluated, 84547 expanded, t=1235.83s]
Best heuristic value: 899/981 [g=352, 84561 evaluated, 84560 expanded, t=1235.99s]
Best heuristic value: 899/980 [g=345, 84580 evaluated, 84579 expanded, t=1236.22s]
Best heuristic value: 898/980 [g=353, 84599 evaluated, 84598 expanded, t=1236.45s]
Best heuristic value: 898/979 [g=346, 84612 evaluated, 84611 expanded, t=1236.61s]
Best heuristic value: 897/979 [g=354, 84637 evaluated, 84636 expanded, t=1236.91s]
Best heuristic value: 897/978 [g=347, 84644 evaluated, 84643 expanded, t=1237s]
Best heuristic value: 896/978 [g=355, 84675 evaluated, 84674 expanded, t=1237.37s]
Best heuristic value: 896/977 [g=348, 84676 evaluated, 84675 expanded, t=1237.38s]
Best heuristic value: 896/976 [g=349, 84710 evaluated, 84709 expanded, t=1237.79s]
Best heuristic value: 895/976 [g=356, 84713 evaluated, 84712 expanded, t=1237.83s]
Best heuristic value: 895/975 [g=350, 84746 evaluated, 84745 expanded, t=1238.23s]
Best heuristic value: 894/975 [g=357, 84751 evaluated, 84750 expanded, t=1238.29s]
Best heuristic value: 894/974 [g=351, 84782 evaluated, 84781 expanded, t=1238.68s]
Best heuristic value: 893/974 [g=358, 84789 evaluated, 84788 expanded, t=1238.76s]
Best heuristic value: 893/973 [g=352, 84820 evaluated, 84819 expanded, t=1239.14s]
Best heuristic value: 892/973 [g=359, 84827 evaluated, 84826 expanded, t=1239.22s]
Best heuristic value: 892/972 [g=353, 84858 evaluated, 84857 expanded, t=1239.6s]
Best heuristic value: 891/972 [g=360, 84869 evaluated, 84868 expanded, t=1239.73s]
Best heuristic value: 891/971 [g=354, 84896 evaluated, 84895 expanded, t=1240.06s]
Best heuristic value: 890/971 [g=361, 84911 evaluated, 84910 expanded, t=1240.24s]
Best heuristic value: 890/970 [g=355, 84934 evaluated, 84933 expanded, t=1240.52s]
Best heuristic value: 889/970 [g=362, 84953 evaluated, 84952 expanded, t=1240.75s]
Best heuristic value: 889/969 [g=356, 84972 evaluated, 84971 expanded, t=1240.98s]
Best heuristic value: 888/969 [g=363, 84995 evaluated, 84994 expanded, t=1241.26s]
Best heuristic value: 888/968 [g=357, 85010 evaluated, 85009 expanded, t=1241.44s]
Best heuristic value: 887/968 [g=364, 85039 evaluated, 85038 expanded, t=1241.8s]
Best heuristic value: 887/967 [g=358, 85048 evaluated, 85047 expanded, t=1241.91s]
Best heuristic value: 886/967 [g=365, 85083 evaluated, 85082 expanded, t=1242.33s]
Best heuristic value: 886/966 [g=359, 85086 evaluated, 85085 expanded, t=1242.37s]
Best heuristic value: 886/965 [g=360, 85124 evaluated, 85123 expanded, t=1242.83s]
Best heuristic value: 885/965 [g=366, 85127 evaluated, 85126 expanded, t=1242.86s]
Best heuristic value: 885/964 [g=361, 85162 evaluated, 85161 expanded, t=1243.29s]
Best heuristic value: 884/964 [g=367, 85171 evaluated, 85170 expanded, t=1243.4s]
Best heuristic value: 884/963 [g=362, 85200 evaluated, 85199 expanded, t=1243.75s]
Best heuristic value: 883/963 [g=368, 85215 evaluated, 85214 expanded, t=1243.94s]
Best heuristic value: 883/962 [g=363, 85238 evaluated, 85237 expanded, t=1244.22s]
Best heuristic value: 882/962 [g=369, 85259 evaluated, 85258 expanded, t=1244.48s]
Best heuristic value: 882/961 [g=364, 85276 evaluated, 85275 expanded, t=1244.68s]
Best heuristic value: 881/961 [g=370, 85303 evaluated, 85302 expanded, t=1245.01s]
Best heuristic value: 881/960 [g=365, 85314 evaluated, 85313 expanded, t=1245.15s]
Best heuristic value: 880/960 [g=371, 85349 evaluated, 85348 expanded, t=1245.58s]
Best heuristic value: 880/959 [g=366, 85352 evaluated, 85351 expanded, t=1245.62s]
Best heuristic value: 880/958 [g=367, 85390 evaluated, 85389 expanded, t=1246.07s]
Best heuristic value: 879/958 [g=372, 85395 evaluated, 85394 expanded, t=1246.14s]
Best heuristic value: 879/957 [g=368, 85428 evaluated, 85427 expanded, t=1246.54s]
Best heuristic value: 878/957 [g=373, 85443 evaluated, 85442 expanded, t=1246.72s]
Best heuristic value: 878/956 [g=369, 85466 evaluated, 85465 expanded, t=1247s]
Best heuristic value: 877/956 [g=374, 85491 evaluated, 85490 expanded, t=1247.3s]
Best heuristic value: 877/955 [g=370, 85508 evaluated, 85507 expanded, t=1247.51s]
Best heuristic value: 876/955 [g=375, 85539 evaluated, 85538 expanded, t=1247.89s]
Best heuristic value: 876/954 [g=371, 85554 evaluated, 85553 expanded, t=1248.07s]
Best heuristic value: 875/954 [g=376, 85589 evaluated, 85588 expanded, t=1248.5s]
Best heuristic value: 875/953 [g=372, 85602 evaluated, 85601 expanded, t=1248.66s]
Best heuristic value: 874/953 [g=377, 85639 evaluated, 85638 expanded, t=1249.11s]
Best heuristic value: 874/952 [g=373, 85650 evaluated, 85649 expanded, t=1249.24s]
Best heuristic value: 873/952 [g=378, 85689 evaluated, 85688 expanded, t=1249.73s]
Best heuristic value: 873/941 [g=374, 85700 evaluated, 85699 expanded, t=1249.86s]
Best heuristic value: 873/940 [g=375, 85724 evaluated, 85723 expanded, t=1250.16s]
Best heuristic value: 872/940 [g=379, 85741 evaluated, 85740 expanded, t=1250.36s]
Best heuristic value: 872/939 [g=376, 85748 evaluated, 85747 expanded, t=1250.45s]
Best heuristic value: 872/938 [g=377, 85772 evaluated, 85771 expanded, t=1250.74s]
Best heuristic value: 871/938 [g=380, 85795 evaluated, 85794 expanded, t=1251.02s]
Best heuristic value: 871/937 [g=378, 85796 evaluated, 85795 expanded, t=1251.03s]
Best heuristic value: 871/936 [g=379, 85820 evaluated, 85819 expanded, t=1251.33s]
Best heuristic value: 871/935 [g=380, 85844 evaluated, 85843 expanded, t=1251.62s]
Best heuristic value: 870/935 [g=381, 85849 evaluated, 85848 expanded, t=1251.68s]
Best heuristic value: 870/934 [g=381, 85868 evaluated, 85867 expanded, t=1251.92s]
Best heuristic value: 870/933 [g=382, 85892 evaluated, 85891 expanded, t=1252.21s]
Best heuristic value: 869/933 [g=382, 85903 evaluated, 85902 expanded, t=1252.34s]
Best heuristic value: 869/932 [g=383, 85916 evaluated, 85915 expanded, t=1252.5s]
Best heuristic value: 869/931 [g=384, 85940 evaluated, 85939 expanded, t=1252.79s]
Best heuristic value: 868/931 [g=383, 85957 evaluated, 85956 expanded, t=1253s]
Best heuristic value: 868/930 [g=385, 85964 evaluated, 85963 expanded, t=1253.08s]
Best heuristic value: 868/929 [g=386, 85994 evaluated, 85993 expanded, t=1253.45s]
Best heuristic value: 867/929 [g=384, 86011 evaluated, 86010 expanded, t=1253.66s]
Best heuristic value: 867/928 [g=387, 86032 evaluated, 86031 expanded, t=1253.91s]
Best heuristic value: 866/928 [g=385, 86067 evaluated, 86066 expanded, t=1254.34s]
Best heuristic value: 866/927 [g=388, 86072 evaluated, 86071 expanded, t=1254.41s]
Best heuristic value: 865/927 [g=386, 86123 evaluated, 86122 expanded, t=1255.03s]
Best heuristic value: 865/926 [g=389, 86124 evaluated, 86123 expanded, t=1255.04s]
Best heuristic value: 865/925 [g=390, 86176 evaluated, 86175 expanded, t=1255.68s]
Best heuristic value: 864/925 [g=387, 86179 evaluated, 86178 expanded, t=1255.72s]
Best heuristic value: 864/924 [g=391, 86228 evaluated, 86227 expanded, t=1256.32s]
Best heuristic value: 863/924 [g=388, 86235 evaluated, 86234 expanded, t=1256.4s]
Best heuristic value: 863/923 [g=392, 86280 evaluated, 86279 expanded, t=1256.95s]
Best heuristic value: 862/923 [g=389, 86291 evaluated, 86290 expanded, t=1257.08s]
Best heuristic value: 862/922 [g=393, 86332 evaluated, 86331 expanded, t=1257.59s]
Best heuristic value: 861/922 [g=390, 86347 evaluated, 86346 expanded, t=1257.77s]
Best heuristic value: 861/921 [g=394, 86384 evaluated, 86383 expanded, t=1258.23s]
Best heuristic value: 860/921 [g=391, 86403 evaluated, 86402 expanded, t=1258.46s]
Best heuristic value: 860/920 [g=395, 86436 evaluated, 86435 expanded, t=1258.86s]
Best heuristic value: 859/920 [g=392, 86459 evaluated, 86458 expanded, t=1259.15s]
Best heuristic value: 859/919 [g=396, 86488 evaluated, 86487 expanded, t=1259.5s]
Best heuristic value: 858/919 [g=393, 86515 evaluated, 86514 expanded, t=1259.83s]
Best heuristic value: 858/918 [g=397, 86540 evaluated, 86539 expanded, t=1260.14s]
Best heuristic value: 857/918 [g=394, 86571 evaluated, 86570 expanded, t=1260.52s]
Best heuristic value: 857/917 [g=398, 86594 evaluated, 86593 expanded, t=1260.79s]
Best heuristic value: 856/917 [g=395, 86627 evaluated, 86626 expanded, t=1261.19s]
Best heuristic value: 856/916 [g=399, 86648 evaluated, 86647 expanded, t=1261.45s]
Best heuristic value: 855/916 [g=396, 86683 evaluated, 86682 expanded, t=1261.88s]
Best heuristic value: 855/915 [g=400, 86706 evaluated, 86705 expanded, t=1262.17s]
Best heuristic value: 854/915 [g=397, 86739 evaluated, 86738 expanded, t=1262.58s]
Best heuristic value: 854/914 [g=401, 86764 evaluated, 86763 expanded, t=1262.88s]
Best heuristic value: 853/914 [g=398, 86797 evaluated, 86796 expanded, t=1263.29s]
Best heuristic value: 853/913 [g=402, 86824 evaluated, 86823 expanded, t=1263.62s]
Best heuristic value: 852/913 [g=399, 86855 evaluated, 86854 expanded, t=1264s]
Best heuristic value: 852/912 [g=403, 86886 evaluated, 86885 expanded, t=1264.38s]
Best heuristic value: 851/912 [g=400, 86913 evaluated, 86912 expanded, t=1264.71s]
Best heuristic value: 851/911 [g=404, 86948 evaluated, 86947 expanded, t=1265.14s]
Best heuristic value: 850/911 [g=401, 86971 evaluated, 86970 expanded, t=1265.42s]
Best heuristic value: 850/910 [g=405, 87012 evaluated, 87011 expanded, t=1265.93s]
Best heuristic value: 849/910 [g=402, 87029 evaluated, 87028 expanded, t=1266.13s]
Best heuristic value: 849/909 [g=406, 87076 evaluated, 87075 expanded, t=1266.71s]
Best heuristic value: 848/909 [g=403, 87087 evaluated, 87086 expanded, t=1266.85s]
Best heuristic value: 848/908 [g=407, 87142 evaluated, 87141 expanded, t=1267.52s]
Best heuristic value: 847/908 [g=404, 87145 evaluated, 87144 expanded, t=1267.56s]
Best heuristic value: 846/908 [g=405, 87203 evaluated, 87202 expanded, t=1268.27s]
Best heuristic value: 846/907 [g=408, 87208 evaluated, 87207 expanded, t=1268.33s]
Best heuristic value: 845/907 [g=406, 87261 evaluated, 87260 expanded, t=1268.98s]
Best heuristic value: 845/906 [g=409, 87278 evaluated, 87277 expanded, t=1269.19s]
Best heuristic value: 844/906 [g=407, 87319 evaluated, 87318 expanded, t=1269.69s]
Best heuristic value: 844/905 [g=410, 87350 evaluated, 87349 expanded, t=1270.07s]
Best heuristic value: 843/905 [g=408, 87377 evaluated, 87376 expanded, t=1270.41s]
Best heuristic value: 843/904 [g=411, 87428 evaluated, 87427 expanded, t=1271.04s]
Best heuristic value: 842/904 [g=409, 87435 evaluated, 87434 expanded, t=1271.12s]
Best heuristic value: 841/904 [g=410, 87493 evaluated, 87492 expanded, t=1271.83s]
Best heuristic value: 841/903 [g=412, 87506 evaluated, 87505 expanded, t=1271.99s]
Best heuristic value: 840/903 [g=411, 87553 evaluated, 87552 expanded, t=1272.58s]
Best heuristic value: 840/902 [g=413, 87590 evaluated, 87589 expanded, t=1273.03s]
Best heuristic value: 839/902 [g=412, 87613 evaluated, 87612 expanded, t=1273.31s]
Best heuristic value: 838/902 [g=413, 87673 evaluated, 87672 expanded, t=1274.04s]
Best heuristic value: 838/901 [g=414, 87678 evaluated, 87677 expanded, t=1274.1s]
Best heuristic value: 837/901 [g=414, 87733 evaluated, 87732 expanded, t=1274.78s]
Best heuristic value: 837/900 [g=415, 87772 evaluated, 87771 expanded, t=1275.26s]
Best heuristic value: 836/900 [g=415, 87793 evaluated, 87792 expanded, t=1275.52s]
Best heuristic value: 835/900 [g=416, 87853 evaluated, 87852 expanded, t=1276.26s]
Best heuristic value: 835/899 [g=416, 87866 evaluated, 87865 expanded, t=1276.42s]
Best heuristic value: 834/899 [g=417, 87913 evaluated, 87912 expanded, t=1277s]
Best heuristic value: 834/898 [g=417, 87960 evaluated, 87959 expanded, t=1277.57s]
Best heuristic value: 833/898 [g=418, 87973 evaluated, 87972 expanded, t=1277.73s]
Best heuristic value: 832/898 [g=419, 88033 evaluated, 88032 expanded, t=1278.46s]
Best heuristic value: 832/897 [g=418, 88056 evaluated, 88055 expanded, t=1278.75s]
Best heuristic value: 831/897 [g=420, 88093 evaluated, 88092 expanded, t=1279.21s]
Best heuristic value: 830/897 [g=421, 88153 evaluated, 88152 expanded, t=1279.94s]
Best heuristic value: 830/896 [g=419, 88156 evaluated, 88155 expanded, t=1279.98s]
Best heuristic value: 829/896 [g=422, 88213 evaluated, 88212 expanded, t=1280.67s]
Best heuristic value: 829/895 [g=420, 88262 evaluated, 88261 expanded, t=1281.28s]
Best heuristic value: 828/895 [g=423, 88273 evaluated, 88272 expanded, t=1281.41s]
Best heuristic value: 827/895 [g=424, 88333 evaluated, 88332 expanded, t=1282.16s]
Best heuristic value: 827/894 [g=421, 88374 evaluated, 88373 expanded, t=1282.66s]
Best heuristic value: 826/894 [g=425, 88393 evaluated, 88392 expanded, t=1282.89s]
Best heuristic value: 825/894 [g=426, 88453 evaluated, 88452 expanded, t=1283.64s]
Best heuristic value: 825/893 [g=422, 88486 evaluated, 88485 expanded, t=1284.04s]
Best heuristic value: 824/893 [g=427, 88513 evaluated, 88512 expanded, t=1284.37s]
Best heuristic value: 823/893 [g=428, 88573 evaluated, 88572 expanded, t=1285.11s]
Best heuristic value: 823/892 [g=423, 88602 evaluated, 88601 expanded, t=1285.47s]
Best heuristic value: 822/892 [g=429, 88633 evaluated, 88632 expanded, t=1285.85s]
Best heuristic value: 822/891 [g=424, 88718 evaluated, 88717 expanded, t=1286.95s]
Best heuristic value: 822/890 [g=425, 88831 evaluated, 88830 expanded, t=1288.42s]
Best heuristic value: 822/889 [g=426, 88943 evaluated, 88942 expanded, t=1289.87s]
Best heuristic value: 822/888 [g=427, 89050 evaluated, 89049 expanded, t=1291.24s]
Best heuristic value: 822/887 [g=428, 89156 evaluated, 89155 expanded, t=1292.61s]
Best heuristic value: 822/886 [g=429, 89262 evaluated, 89261 expanded, t=1293.96s]
Best heuristic value: 822/885 [g=430, 89362 evaluated, 89361 expanded, t=1295.23s]
Best heuristic value: 822/884 [g=431, 89461 evaluated, 89460 expanded, t=1296.48s]
Best heuristic value: 822/883 [g=432, 89555 evaluated, 89554 expanded, t=1297.65s]
Best heuristic value: 822/882 [g=433, 89650 evaluated, 89649 expanded, t=1298.84s]
Best heuristic value: 822/881 [g=434, 89735 evaluated, 89734 expanded, t=1299.89s]
Best heuristic value: 822/880 [g=435, 89819 evaluated, 89818 expanded, t=1300.92s]
Best heuristic value: 822/879 [g=436, 89899 evaluated, 89898 expanded, t=1301.89s]
Best heuristic value: 822/878 [g=437, 89985 evaluated, 89984 expanded, t=1302.94s]
Best heuristic value: 822/877 [g=438, 90123 evaluated, 90122 expanded, t=1304.72s]
Best heuristic value: 822/876 [g=439, 90254 evaluated, 90253 expanded, t=1306.41s]
Best heuristic value: 822/875 [g=440, 90381 evaluated, 90380 expanded, t=1308.04s]
Best heuristic value: 822/874 [g=441, 90506 evaluated, 90505 expanded, t=1309.64s]
Best heuristic value: 822/873 [g=442, 90620 evaluated, 90619 expanded, t=1311.07s]
Best heuristic value: 822/872 [g=443, 90736 evaluated, 90735 expanded, t=1312.53s]
Best heuristic value: 822/871 [g=444, 90740 evaluated, 90739 expanded, t=1312.58s]
Best heuristic value: 822/870 [g=445, 90745 evaluated, 90744 expanded, t=1312.64s]
Best heuristic value: 822/869 [g=446, 90750 evaluated, 90749 expanded, t=1312.71s]
Best heuristic value: 822/868 [g=447, 90758 evaluated, 90757 expanded, t=1312.81s]
Best heuristic value: 822/867 [g=448, 90766 evaluated, 90765 expanded, t=1312.91s]
Best heuristic value: 822/866 [g=449, 90771 evaluated, 90770 expanded, t=1312.97s]
Best heuristic value: 822/865 [g=450, 90775 evaluated, 90774 expanded, t=1313.02s]
Best heuristic value: 822/864 [g=451, 90779 evaluated, 90778 expanded, t=1313.07s]
Best heuristic value: 822/863 [g=452, 90783 evaluated, 90782 expanded, t=1313.11s]
Best heuristic value: 822/862 [g=453, 90789 evaluated, 90788 expanded, t=1313.19s]
Best heuristic value: 822/861 [g=454, 90797 evaluated, 90796 expanded, t=1313.29s]
Best heuristic value: 822/860 [g=455, 90848 evaluated, 90847 expanded, t=1313.93s]
Best heuristic value: 822/859 [g=456, 90897 evaluated, 90896 expanded, t=1314.53s]
Best heuristic value: 822/858 [g=457, 90957 evaluated, 90956 expanded, t=1315.28s]
Best heuristic value: 822/857 [g=458, 91008 evaluated, 91007 expanded, t=1315.89s]
Best heuristic value: 822/856 [g=459, 91067 evaluated, 91066 expanded, t=1316.6s]
Best heuristic value: 822/855 [g=460, 91131 evaluated, 91130 expanded, t=1317.37s]
Best heuristic value: 822/854 [g=461, 91241 evaluated, 91240 expanded, t=1318.77s]
Best heuristic value: 822/853 [g=462, 91376 evaluated, 91375 expanded, t=1320.51s]
Best heuristic value: 822/852 [g=463, 91516 evaluated, 91515 expanded, t=1322.31s]
Best heuristic value: 822/851 [g=464, 91644 evaluated, 91643 expanded, t=1323.93s]
Best heuristic value: 822/850 [g=465, 91766 evaluated, 91765 expanded, t=1325.47s]
Best heuristic value: 822/849 [g=466, 91891 evaluated, 91890 expanded, t=1327.05s]
Best heuristic value: 822/848 [g=467, 91999 evaluated, 91998 expanded, t=1328.39s]
Best heuristic value: 822/847 [g=468, 92102 evaluated, 92101 expanded, t=1329.65s]
Best heuristic value: 822/846 [g=469, 92204 evaluated, 92203 expanded, t=1330.91s]
Best heuristic value: 822/845 [g=470, 92295 evaluated, 92294 expanded, t=1332.01s]
Best heuristic value: 822/844 [g=478, 126175 evaluated, 126174 expanded, t=1754.12s]
Best heuristic value: 822/843 [g=479, 126199 evaluated, 126198 expanded, t=1754.42s]
Best heuristic value: 822/842 [g=480, 126227 evaluated, 126226 expanded, t=1754.76s]
Best heuristic value: 822/841 [g=481, 126259 evaluated, 126258 expanded, t=1755.14s]
Best heuristic value: 822/840 [g=482, 126318 evaluated, 126317 expanded, t=1755.85s]
Best heuristic value: 822/839 [g=483, 126395 evaluated, 126394 expanded, t=1756.78s]
Best heuristic value: 822/838 [g=492, 158797 evaluated, 158796 expanded, t=2157.76s]
Best heuristic value: 822/837 [g=493, 158860 evaluated, 158859 expanded, t=2158.54s]
Best heuristic value: 822/836 [g=494, 158944 evaluated, 158943 expanded, t=2159.59s]
Best heuristic value: 822/835 [g=495, 159022 evaluated, 159021 expanded, t=2160.56s]
Best heuristic value: 822/834 [g=496, 159103 evaluated, 159102 expanded, t=2161.55s]
Best heuristic value: 822/833 [g=497, 159189 evaluated, 159188 expanded, t=2162.62s]
Best heuristic value: 822/832 [g=498, 159278 evaluated, 159277 expanded, t=2163.69s]
Best heuristic value: 822/831 [g=508, 243504 evaluated, 243503 expanded, t=3201.3s]
Best heuristic value: 822/830 [g=509, 243540 evaluated, 243539 expanded, t=3201.73s]
Best heuristic value: 822/829 [g=510, 243585 evaluated, 243584 expanded, t=3202.27s]
Best heuristic value: 822/828 [g=511, 243649 evaluated, 243648 expanded, t=3203.04s]
Best heuristic value: 822/827 [g=512, 243723 evaluated, 243722 expanded, t=3203.96s]
Best heuristic value: 822/826 [g=513, 243792 evaluated, 243791 expanded, t=3204.79s]
Best heuristic value: 822/825 [g=514, 243865 evaluated, 243864 expanded, t=3205.65s]
Best heuristic value: 822/824 [g=515, 243960 evaluated, 243959 expanded, t=3206.81s]
Best heuristic value: 822/823 [g=525, 474535 evaluated, 474534 expanded, t=6057.81s]
Best heuristic value: 822/822 [g=526, 474566 evaluated, 474565 expanded, t=6058.18s]
Best heuristic value: 821/822 [g=527, 474567 evaluated, 474566 expanded, t=6058.19s]
Best heuristic value: 820/822 [g=528, 474570 evaluated, 474569 expanded, t=6058.23s]
Best heuristic value: 819/822 [g=529, 474576 evaluated, 474575 expanded, t=6058.3s]
Best heuristic value: 818/822 [g=530, 474584 evaluated, 474583 expanded, t=6058.39s]
Best heuristic value: 817/822 [g=531, 474594 evaluated, 474593 expanded, t=6058.51s]
Best heuristic value: 816/822 [g=532, 474606 evaluated, 474605 expanded, t=6058.65s]
Best heuristic value: 815/822 [g=533, 474620 evaluated, 474619 expanded, t=6058.81s]
Best heuristic value: 814/822 [g=534, 474634 evaluated, 474633 expanded, t=6058.98s]
Best heuristic value: 814/821 [g=527, 474641 evaluated, 474640 expanded, t=6059.06s]
Best heuristic value: 813/821 [g=535, 474650 evaluated, 474649 expanded, t=6059.17s]
Best heuristic value: 812/821 [g=536, 474668 evaluated, 474667 expanded, t=6059.38s]
Best heuristic value: 811/821 [g=537, 474690 evaluated, 474689 expanded, t=6059.64s]
Best heuristic value: 810/821 [g=538, 474712 evaluated, 474711 expanded, t=6059.9s]
Best heuristic value: 810/820 [g=528, 474731 evaluated, 474730 expanded, t=6060.12s]
Best heuristic value: 809/820 [g=539, 474736 evaluated, 474735 expanded, t=6060.18s]
Best heuristic value: 808/820 [g=540, 474762 evaluated, 474761 expanded, t=6060.49s]
Best heuristic value: 807/820 [g=541, 474788 evaluated, 474787 expanded, t=6060.8s]
Best heuristic value: 806/820 [g=542, 474816 evaluated, 474815 expanded, t=6061.13s]
Best heuristic value: 806/819 [g=529, 474843 evaluated, 474842 expanded, t=6061.44s]
Best heuristic value: 805/819 [g=543, 474846 evaluated, 474845 expanded, t=6061.48s]
Best heuristic value: 804/819 [g=544, 474878 evaluated, 474877 expanded, t=6061.87s]
Best heuristic value: 803/819 [g=545, 474912 evaluated, 474911 expanded, t=6062.27s]
Best heuristic value: 802/819 [g=546, 474946 evaluated, 474945 expanded, t=6062.67s]
Best heuristic value: 802/818 [g=530, 474965 evaluated, 474964 expanded, t=6062.9s]
Best heuristic value: 801/818 [g=547, 474980 evaluated, 474979 expanded, t=6063.09s]
Best heuristic value: 800/818 [g=548, 475014 evaluated, 475013 expanded, t=6063.49s]
Best heuristic value: 799/818 [g=549, 475048 evaluated, 475047 expanded, t=6063.9s]
Best heuristic value: 798/818 [g=550, 475086 evaluated, 475085 expanded, t=6064.35s]
Best heuristic value: 798/817 [g=531, 475105 evaluated, 475104 expanded, t=6064.58s]
Best heuristic value: 797/817 [g=551, 475126 evaluated, 475125 expanded, t=6064.83s]
Best heuristic value: 796/817 [g=552, 475168 evaluated, 475167 expanded, t=6065.34s]
Best heuristic value: 795/817 [g=553, 475210 evaluated, 475209 expanded, t=6065.84s]
Best heuristic value: 795/816 [g=532, 475251 evaluated, 475250 expanded, t=6066.33s]
Best heuristic value: 794/816 [g=554, 475252 evaluated, 475251 expanded, t=6066.34s]
Best heuristic value: 793/816 [g=555, 475296 evaluated, 475295 expanded, t=6066.87s]
Best heuristic value: 792/816 [g=556, 475340 evaluated, 475339 expanded, t=6067.4s]
Best heuristic value: 791/816 [g=557, 475386 evaluated, 475385 expanded, t=6067.95s]
Best heuristic value: 790/816 [g=558, 475432 evaluated, 475431 expanded, t=6068.51s]
Best heuristic value: 789/816 [g=559, 475478 evaluated, 475477 expanded, t=6069.06s]
Best heuristic value: 788/816 [g=560, 475524 evaluated, 475523 expanded, t=6069.62s]
Best heuristic value: 787/816 [g=561, 475570 evaluated, 475569 expanded, t=6070.17s]
Best heuristic value: 786/816 [g=562, 475615 evaluated, 475614 expanded, t=6070.71s]
Best heuristic value: 785/816 [g=563, 475661 evaluated, 475660 expanded, t=6071.27s]
Best heuristic value: 784/816 [g=564, 475707 evaluated, 475706 expanded, t=6071.82s]
Best heuristic value: 783/816 [g=565, 475752 evaluated, 475751 expanded, t=6072.37s]
Best heuristic value: 782/816 [g=566, 475798 evaluated, 475797 expanded, t=6072.93s]
Best heuristic value: 781/816 [g=567, 475844 evaluated, 475843 expanded, t=6073.48s]
Best heuristic value: 780/816 [g=568, 475890 evaluated, 475889 expanded, t=6074.04s]
Best heuristic value: 779/816 [g=569, 475935 evaluated, 475934 expanded, t=6074.58s]
Best heuristic value: 778/816 [g=570, 475981 evaluated, 475980 expanded, t=6075.13s]
Best heuristic value: 777/816 [g=571, 476029 evaluated, 476028 expanded, t=6075.71s]
Best heuristic value: 776/816 [g=572, 476075 evaluated, 476074 expanded, t=6076.27s]
Best heuristic value: 775/816 [g=573, 476123 evaluated, 476122 expanded, t=6076.85s]
Best heuristic value: 774/816 [g=574, 476171 evaluated, 476170 expanded, t=6077.43s]
Best heuristic value: 773/816 [g=575, 476219 evaluated, 476218 expanded, t=6078.01s]
Best heuristic value: 772/816 [g=576, 476265 evaluated, 476264 expanded, t=6078.57s]
Best heuristic value: 771/816 [g=577, 476313 evaluated, 476312 expanded, t=6079.15s]
Best heuristic value: 770/816 [g=578, 476361 evaluated, 476360 expanded, t=6079.74s]
Best heuristic value: 769/816 [g=579, 476407 evaluated, 476406 expanded, t=6080.3s]
Best heuristic value: 768/816 [g=580, 476454 evaluated, 476453 expanded, t=6080.86s]
Best heuristic value: 767/816 [g=581, 476502 evaluated, 476501 expanded, t=6081.45s]
Best heuristic value: 766/816 [g=582, 476553 evaluated, 476552 expanded, t=6082.07s]
Best heuristic value: 765/816 [g=583, 476605 evaluated, 476604 expanded, t=6082.7s]
Best heuristic value: 764/816 [g=584, 476657 evaluated, 476656 expanded, t=6083.34s]
Best heuristic value: 763/816 [g=585, 476708 evaluated, 476707 expanded, t=6083.96s]
Best heuristic value: 762/816 [g=586, 476760 evaluated, 476759 expanded, t=6084.58s]
Best heuristic value: 761/816 [g=587, 476812 evaluated, 476811 expanded, t=6085.22s]
Best heuristic value: 760/816 [g=588, 476863 evaluated, 476862 expanded, t=6085.84s]
Best heuristic value: 759/816 [g=589, 476915 evaluated, 476914 expanded, t=6086.47s]
Best heuristic value: 758/816 [g=590, 476967 evaluated, 476966 expanded, t=6087.11s]
Best heuristic value: 757/816 [g=591, 477019 evaluated, 477018 expanded, t=6087.74s]
Best heuristic value: 756/816 [g=592, 477071 evaluated, 477070 expanded, t=6088.38s]
Best heuristic value: 755/816 [g=593, 477125 evaluated, 477124 expanded, t=6089.03s]
Best heuristic value: 754/816 [g=594, 477181 evaluated, 477180 expanded, t=6089.71s]
Best heuristic value: 753/816 [g=595, 477235 evaluated, 477234 expanded, t=6090.38s]
Best heuristic value: 752/816 [g=596, 477291 evaluated, 477290 expanded, t=6091.06s]
Best heuristic value: 751/816 [g=597, 477347 evaluated, 477346 expanded, t=6091.74s]
Best heuristic value: 750/816 [g=598, 477400 evaluated, 477399 expanded, t=6092.39s]
Best heuristic value: 749/816 [g=599, 477456 evaluated, 477455 expanded, t=6093.07s]
Best heuristic value: 748/816 [g=600, 477512 evaluated, 477511 expanded, t=6093.76s]
Best heuristic value: 747/816 [g=601, 477566 evaluated, 477565 expanded, t=6094.42s]
Best heuristic value: 746/816 [g=602, 477622 evaluated, 477621 expanded, t=6095.1s]
Best heuristic value: 745/816 [g=603, 477677 evaluated, 477676 expanded, t=6095.77s]
Best heuristic value: 744/816 [g=604, 477732 evaluated, 477731 expanded, t=6096.45s]
Best heuristic value: 743/816 [g=605, 477788 evaluated, 477787 expanded, t=6097.13s]
Best heuristic value: 742/816 [g=606, 477843 evaluated, 477842 expanded, t=6097.81s]
Best heuristic value: 741/816 [g=607, 477898 evaluated, 477897 expanded, t=6098.48s]
Best heuristic value: 740/816 [g=608, 477956 evaluated, 477955 expanded, t=6099.19s]
Best heuristic value: 739/816 [g=609, 478012 evaluated, 478011 expanded, t=6099.87s]
Best heuristic value: 738/816 [g=610, 478069 evaluated, 478068 expanded, t=6100.57s]
Best heuristic value: 737/816 [g=611, 478127 evaluated, 478126 expanded, t=6101.28s]
Best heuristic value: 736/816 [g=612, 478184 evaluated, 478183 expanded, t=6101.98s]
Failed to allocate memory. Released memory buffer.
Memory limit has been reached.
Peak memory: 14992608 KB
