Dispatcher selected state size 1.
This is a nonunit task.
Simplifying transitions... done!
Initializing Exploration...
Generating landmarks using the RPG/SAS+ approach
approx. reasonable orders
approx. obedient reasonable orders
Removed 0 reasonable or obedient reasonable orders
Landmarks generation time: 216.335s
Discovered 1400 landmarks, of which 0 are disjunctive and 0 are conjunctive 
9295 edges
Initializing LAMA-FF Synergy Object
Initializing landmarks count heuristic...
180 initial landmarks, 90 goal landmarks
Initializing Exploration...
Generating landmarks using the RPG/SAS+ approach
approx. reasonable orders
approx. obedient reasonable orders
Removed 0 reasonable or obedient reasonable orders
Landmarks generation time: 233.123s
Discovered 1400 landmarks, of which 0 are disjunctive and 0 are conjunctive 
9295 edges
Initializing LAMA-FF Synergy Object
Initializing landmarks count heuristic...
180 initial landmarks, 90 goal landmarks
Starting search: lazy_greedy(list(hff1, hlm1), preferred = list(hff1, hlm1), cost_type = 1, reopen_closed = false)
Conducting lazy best first search, (real) bound = 2147483647
Best heuristic value: 1220/1538 [g=0, 1 evaluated, 0 expanded, t=451.66s]
Best heuristic value: 1220/1537 [g=1, 2 evaluated, 1 expanded, t=451.74s]
Best heuristic value: 1219/1537 [g=2, 3 evaluated, 2 expanded, t=451.82s]
Best heuristic value: 1219/1536 [g=2, 5 evaluated, 4 expanded, t=451.97s]
Best heuristic value: 1219/1527 [g=3, 7 evaluated, 6 expanded, t=452.12s]
Best heuristic value: 1219/1525 [g=4, 9 evaluated, 8 expanded, t=452.26s]
Best heuristic value: 1219/1514 [g=5, 11 evaluated, 10 expanded, t=452.42s]
Best heuristic value: 1219/1513 [g=6, 13 evaluated, 12 expanded, t=452.56s]
Best heuristic value: 1219/1500 [g=7, 15 evaluated, 14 expanded, t=452.72s]
Best heuristic value: 1219/1496 [g=9, 37 evaluated, 36 expanded, t=454.36s]
Best heuristic value: 1218/1496 [g=4, 69 evaluated, 68 expanded, t=456.81s]
Best heuristic value: 1218/1494 [g=7, 116 evaluated, 115 expanded, t=460.34s]
Best heuristic value: 1217/1494 [g=6, 185 evaluated, 184 expanded, t=465.58s]
Best heuristic value: 1217/1486 [g=11, 226 evaluated, 225 expanded, t=468.72s]
Best heuristic value: 1217/1478 [g=12, 247 evaluated, 246 expanded, t=470.29s]
Best heuristic value: 1217/1474 [g=13, 269 evaluated, 268 expanded, t=472s]
Best heuristic value: 1217/1473 [g=14, 298 evaluated, 297 expanded, t=474.25s]
Best heuristic value: 1217/1465 [g=15, 326 evaluated, 325 expanded, t=476.43s]
Best heuristic value: 1217/1464 [g=17, 358 evaluated, 357 expanded, t=478.9s]
Best heuristic value: 1216/1464 [g=8, 360 evaluated, 359 expanded, t=479.05s]
Best heuristic value: 1216/1456 [g=18, 375 evaluated, 374 expanded, t=480.19s]
Best heuristic value: 1216/1455 [g=20, 448 evaluated, 447 expanded, t=485.79s]
Best heuristic value: 1216/1450 [g=21, 469 evaluated, 468 expanded, t=487.41s]
Best heuristic value: 1216/1449 [g=23, 603 evaluated, 602 expanded, t=497.79s]
Best heuristic value: 1215/1449 [g=10, 618 evaluated, 617 expanded, t=498.94s]
Best heuristic value: 1214/1449 [g=12, 925 evaluated, 924 expanded, t=522.47s]
Best heuristic value: 1214/1443 [g=33, 1117 evaluated, 1116 expanded, t=537.11s]
Best heuristic value: 1214/1442 [g=34, 1121 evaluated, 1120 expanded, t=537.41s]
Best heuristic value: 1214/1441 [g=35, 1140 evaluated, 1139 expanded, t=538.86s]
Best heuristic value: 1214/1440 [g=36, 1168 evaluated, 1167 expanded, t=541.01s]
Best heuristic value: 1214/1435 [g=37, 1172 evaluated, 1171 expanded, t=541.31s]
Best heuristic value: 1213/1435 [g=14, 1276 evaluated, 1275 expanded, t=549.32s]
Best heuristic value: 1213/1429 [g=39, 1277 evaluated, 1276 expanded, t=549.39s]
Best heuristic value: 1213/1428 [g=40, 1279 evaluated, 1278 expanded, t=549.54s]
Best heuristic value: 1213/1427 [g=47, 1725 evaluated, 1724 expanded, t=583.62s]
Best heuristic value: 1212/1427 [g=16, 1729 evaluated, 1728 expanded, t=583.92s]
Best heuristic value: 1212/1423 [g=48, 1740 evaluated, 1739 expanded, t=584.75s]
Best heuristic value: 1212/1422 [g=49, 1742 evaluated, 1741 expanded, t=584.9s]
Best heuristic value: 1212/1416 [g=50, 1758 evaluated, 1757 expanded, t=586.11s]
Best heuristic value: 1212/1415 [g=51, 1774 evaluated, 1773 expanded, t=587.32s]
Best heuristic value: 1212/1408 [g=50, 1899 evaluated, 1898 expanded, t=596.82s]
Best heuristic value: 1211/1408 [g=18, 2238 evaluated, 2237 expanded, t=622.66s]
Best heuristic value: 1211/1405 [g=55, 2283 evaluated, 2282 expanded, t=626.08s]
Best heuristic value: 1211/1400 [g=56, 2299 evaluated, 2298 expanded, t=627.32s]
Best heuristic value: 1211/1396 [g=58, 2459 evaluated, 2458 expanded, t=639.63s]
Best heuristic value: 1210/1396 [g=20, 2825 evaluated, 2824 expanded, t=667.61s]
Best heuristic value: 1209/1396 [g=22, 3385 evaluated, 3384 expanded, t=710.56s]
Best heuristic value: 1208/1396 [g=24, 3942 evaluated, 3941 expanded, t=752.99s]
Best heuristic value: 1208/1393 [g=55, 4165 evaluated, 4164 expanded, t=770.06s]
Best heuristic value: 1208/1389 [g=57, 4292 evaluated, 4291 expanded, t=779.68s]
Best heuristic value: 1207/1389 [g=26, 4599 evaluated, 4598 expanded, t=802.91s]
Best heuristic value: 1206/1389 [g=28, 5250 evaluated, 5249 expanded, t=852.62s]
Best heuristic value: 1205/1389 [g=30, 5944 evaluated, 5943 expanded, t=905.55s]
Best heuristic value: 1204/1389 [g=32, 6656 evaluated, 6655 expanded, t=960.04s]
Best heuristic value: 1203/1389 [g=34, 7449 evaluated, 7448 expanded, t=1020.95s]
Best heuristic value: 1202/1389 [g=36, 8322 evaluated, 8321 expanded, t=1087.42s]
Best heuristic value: 1201/1389 [g=38, 9240 evaluated, 9239 expanded, t=1157.6s]
Best heuristic value: 1201/1384 [g=63, 9864 evaluated, 9863 expanded, t=1205.71s]
Best heuristic value: 1200/1384 [g=40, 10285 evaluated, 10284 expanded, t=1237.96s]
Best heuristic value: 1199/1384 [g=42, 11331 evaluated, 11330 expanded, t=1317.87s]
Best heuristic value: 1199/1383 [g=69, 12308 evaluated, 12307 expanded, t=1393.37s]
Best heuristic value: 1199/1382 [g=70, 12323 evaluated, 12322 expanded, t=1394.51s]
Best heuristic value: 1199/1381 [g=71, 12335 evaluated, 12334 expanded, t=1395.4s]
Best heuristic value: 1198/1381 [g=44, 12511 evaluated, 12510 expanded, t=1409.13s]
Best heuristic value: 1197/1381 [g=46, 13642 evaluated, 13641 expanded, t=1496.37s]
Best heuristic value: 1196/1381 [g=48, 14720 evaluated, 14719 expanded, t=1579.31s]
Best heuristic value: 1195/1381 [g=50, 15795 evaluated, 15794 expanded, t=1661.62s]
Best heuristic value: 1194/1381 [g=52, 16922 evaluated, 16921 expanded, t=1747.79s]
Best heuristic value: 1193/1381 [g=54, 18179 evaluated, 18178 expanded, t=1843.91s]
Best heuristic value: 1192/1381 [g=56, 19411 evaluated, 19410 expanded, t=1938.33s]
Best heuristic value: 1191/1381 [g=58, 20704 evaluated, 20703 expanded, t=2036.77s]
Best heuristic value: 1190/1381 [g=60, 21913 evaluated, 21912 expanded, t=2129.06s]
Best heuristic value: 1189/1381 [g=62, 23077 evaluated, 23076 expanded, t=2217.5s]
Best heuristic value: 1188/1381 [g=64, 24297 evaluated, 24296 expanded, t=2310.76s]
Best heuristic value: 1187/1381 [g=66, 25465 evaluated, 25464 expanded, t=2401.13s]
Best heuristic value: 1186/1381 [g=68, 26796 evaluated, 26795 expanded, t=2502.61s]
Best heuristic value: 1185/1381 [g=70, 28125 evaluated, 28124 expanded, t=2603.57s]
Best heuristic value: 1184/1381 [g=72, 29404 evaluated, 29403 expanded, t=2701.09s]
Best heuristic value: 1183/1381 [g=74, 30698 evaluated, 30697 expanded, t=2799.76s]
Best heuristic value: 1182/1381 [g=76, 32073 evaluated, 32072 expanded, t=2904.91s]
Best heuristic value: 1181/1381 [g=78, 33439 evaluated, 33438 expanded, t=3009.49s]
Best heuristic value: 1180/1381 [g=80, 34920 evaluated, 34919 expanded, t=3122.04s]
Best heuristic value: 1179/1381 [g=82, 36317 evaluated, 36316 expanded, t=3228.13s]
Best heuristic value: 1178/1381 [g=84, 37666 evaluated, 37665 expanded, t=3330.9s]
Best heuristic value: 1177/1381 [g=86, 39055 evaluated, 39054 expanded, t=3435.56s]
Best heuristic value: 1176/1381 [g=88, 40569 evaluated, 40568 expanded, t=3550.07s]
Best heuristic value: 1175/1381 [g=90, 41984 evaluated, 41983 expanded, t=3656.5s]
Best heuristic value: 1174/1381 [g=92, 43451 evaluated, 43450 expanded, t=3767.26s]
Best heuristic value: 1173/1381 [g=94, 44741 evaluated, 44740 expanded, t=3865.15s]
Best heuristic value: 1172/1381 [g=96, 46093 evaluated, 46092 expanded, t=3966.87s]
Best heuristic value: 1171/1381 [g=98, 47414 evaluated, 47413 expanded, t=4066.22s]
Best heuristic value: 1170/1381 [g=100, 48909 evaluated, 48908 expanded, t=4179.26s]
Best heuristic value: 1169/1381 [g=102, 50384 evaluated, 50383 expanded, t=4292.24s]
Best heuristic value: 1168/1381 [g=104, 51866 evaluated, 51865 expanded, t=4404.7s]
Best heuristic value: 1168/1378 [g=82, 52766 evaluated, 52765 expanded, t=4473.3s]
Best heuristic value: 1167/1378 [g=106, 53410 evaluated, 53409 expanded, t=4522.11s]
Best heuristic value: 1166/1378 [g=108, 54914 evaluated, 54913 expanded, t=4636s]
Best heuristic value: 1165/1378 [g=110, 56360 evaluated, 56359 expanded, t=4745.22s]
Best heuristic value: 1164/1378 [g=112, 57772 evaluated, 57771 expanded, t=4851.82s]
Best heuristic value: 1163/1378 [g=114, 59165 evaluated, 59164 expanded, t=4956.74s]
Best heuristic value: 1162/1378 [g=116, 60576 evaluated, 60575 expanded, t=5062.82s]
Best heuristic value: 1161/1378 [g=118, 62034 evaluated, 62033 expanded, t=5172.85s]
Best heuristic value: 1160/1378 [g=120, 63514 evaluated, 63513 expanded, t=5284.32s]
Best heuristic value: 1159/1378 [g=122, 64968 evaluated, 64967 expanded, t=5394.05s]
Best heuristic value: 1159/1375 [g=89, 65926 evaluated, 65925 expanded, t=5466.79s]
Best heuristic value: 1158/1375 [g=124, 66492 evaluated, 66491 expanded, t=5509.31s]
Best heuristic value: 1157/1375 [g=126, 68015 evaluated, 68014 expanded, t=5624.19s]
Best heuristic value: 1156/1375 [g=128, 69588 evaluated, 69587 expanded, t=5743.25s]
Best heuristic value: 1155/1375 [g=130, 71040 evaluated, 71039 expanded, t=5853.02s]
Best heuristic value: 1154/1375 [g=132, 72543 evaluated, 72542 expanded, t=5966.89s]
Best heuristic value: 1154/1374 [g=95, 72862 evaluated, 72861 expanded, t=5990.9s]
Best heuristic value: 1154/1373 [g=96, 72884 evaluated, 72883 expanded, t=5992.58s]
Best heuristic value: 1154/1372 [g=98, 72914 evaluated, 72913 expanded, t=5994.82s]
Best heuristic value: 1153/1372 [g=134, 74068 evaluated, 74067 expanded, t=6082.32s]
Best heuristic value: 1152/1372 [g=136, 75577 evaluated, 75576 expanded, t=6196.69s]
Best heuristic value: 1151/1372 [g=138, 77132 evaluated, 77131 expanded, t=6314.29s]
Best heuristic value: 1150/1372 [g=140, 78663 evaluated, 78662 expanded, t=6429.32s]
Best heuristic value: 1149/1372 [g=142, 80193 evaluated, 80192 expanded, t=6544.04s]
Best heuristic value: 1148/1372 [g=144, 81691 evaluated, 81690 expanded, t=6657.05s]
Best heuristic value: 1147/1372 [g=146, 83233 evaluated, 83232 expanded, t=6773.1s]
Best heuristic value: 1146/1372 [g=148, 84731 evaluated, 84730 expanded, t=6885.22s]
Best heuristic value: 1145/1372 [g=150, 86333 evaluated, 86332 expanded, t=7005.23s]
Best heuristic value: 1144/1372 [g=152, 87810 evaluated, 87809 expanded, t=7115.28s]
Best heuristic value: 1143/1372 [g=154, 89360 evaluated, 89359 expanded, t=7231.41s]
Best heuristic value: 1142/1372 [g=156, 90974 evaluated, 90973 expanded, t=7352.33s]
Best heuristic value: 1141/1372 [g=158, 92461 evaluated, 92460 expanded, t=7463.89s]
Best heuristic value: 1140/1372 [g=160, 94097 evaluated, 94096 expanded, t=7586.58s]
Best heuristic value: 1139/1372 [g=162, 95616 evaluated, 95615 expanded, t=7700.02s]
Best heuristic value: 1138/1372 [g=164, 97111 evaluated, 97110 expanded, t=7812.97s]
Best heuristic value: 1137/1372 [g=166, 98595 evaluated, 98594 expanded, t=7928.01s]
Best heuristic value: 1136/1372 [g=168, 100132 evaluated, 100131 expanded, t=8043.98s]
Best heuristic value: 1135/1372 [g=170, 101657 evaluated, 101656 expanded, t=8158.39s]
Best heuristic value: 1134/1372 [g=172, 103207 evaluated, 103206 expanded, t=8275.31s]
Best heuristic value: 1134/1371 [g=107, 104284 evaluated, 104283 expanded, t=8356.94s]
Best heuristic value: 1133/1371 [g=174, 104740 evaluated, 104739 expanded, t=8391.16s]
Best heuristic value: 1132/1371 [g=176, 106302 evaluated, 106301 expanded, t=8508.58s]
Best heuristic value: 1131/1371 [g=178, 107763 evaluated, 107762 expanded, t=8618.65s]
Best heuristic value: 1131/1370 [g=109, 108855 evaluated, 108854 expanded, t=8701.7s]
Best heuristic value: 1131/1369 [g=110, 108870 evaluated, 108869 expanded, t=8702.82s]
Best heuristic value: 1131/1368 [g=117, 109226 evaluated, 109225 expanded, t=8729.69s]
Best heuristic value: 1130/1368 [g=180, 109309 evaluated, 109308 expanded, t=8735.86s]
Best heuristic value: 1129/1368 [g=193, 120407 evaluated, 120406 expanded, t=9575.54s]
Best heuristic value: 1129/1367 [g=198, 120415 evaluated, 120414 expanded, t=9576.07s]
Best heuristic value: 1129/1366 [g=199, 120417 evaluated, 120416 expanded, t=9576.2s]
Best heuristic value: 1129/1365 [g=200, 120419 evaluated, 120418 expanded, t=9576.35s]
Best heuristic value: 1129/1364 [g=201, 120421 evaluated, 120420 expanded, t=9576.5s]
Best heuristic value: 1129/1363 [g=202, 120423 evaluated, 120422 expanded, t=9576.64s]
Best heuristic value: 1129/1362 [g=203, 120425 evaluated, 120424 expanded, t=9576.77s]
Best heuristic value: 1128/1362 [g=204, 120427 evaluated, 120426 expanded, t=9576.92s]
Best heuristic value: 1127/1362 [g=205, 120430 evaluated, 120429 expanded, t=9577.13s]
Best heuristic value: 1127/1361 [g=204, 120431 evaluated, 120430 expanded, t=9577.21s]
Best heuristic value: 1127/1360 [g=205, 120437 evaluated, 120436 expanded, t=9577.61s]
Best heuristic value: 1127/1359 [g=206, 120443 evaluated, 120442 expanded, t=9578.02s]
Best heuristic value: 1127/1358 [g=207, 120449 evaluated, 120448 expanded, t=9578.41s]
Best heuristic value: 1127/1357 [g=208, 120455 evaluated, 120454 expanded, t=9578.81s]
Best heuristic value: 1127/1356 [g=209, 120461 evaluated, 120460 expanded, t=9579.22s]
Best heuristic value: 1126/1356 [g=206, 120462 evaluated, 120461 expanded, t=9579.29s]
Best heuristic value: 1126/1355 [g=210, 120467 evaluated, 120466 expanded, t=9579.64s]
Best heuristic value: 1126/1354 [g=211, 120473 evaluated, 120472 expanded, t=9580.03s]
Best heuristic value: 1126/1353 [g=212, 120479 evaluated, 120478 expanded, t=9580.44s]
Best heuristic value: 1126/1352 [g=213, 120485 evaluated, 120484 expanded, t=9580.85s]
Best heuristic value: 1126/1351 [g=214, 120491 evaluated, 120490 expanded, t=9581.25s]
Best heuristic value: 1125/1351 [g=207, 120494 evaluated, 120493 expanded, t=9581.45s]
Best heuristic value: 1125/1350 [g=215, 120497 evaluated, 120496 expanded, t=9581.65s]
Best heuristic value: 1125/1349 [g=216, 120503 evaluated, 120502 expanded, t=9582.07s]
Best heuristic value: 1125/1348 [g=217, 120509 evaluated, 120508 expanded, t=9582.47s]
Best heuristic value: 1125/1347 [g=218, 120515 evaluated, 120514 expanded, t=9582.86s]
Best heuristic value: 1125/1346 [g=219, 120521 evaluated, 120520 expanded, t=9583.28s]
Best heuristic value: 1125/1345 [g=220, 120527 evaluated, 120526 expanded, t=9583.69s]
Best heuristic value: 1125/1344 [g=221, 120533 evaluated, 120532 expanded, t=9584.08s]
Best heuristic value: 1124/1344 [g=208, 120536 evaluated, 120535 expanded, t=9584.29s]
Best heuristic value: 1124/1343 [g=222, 120539 evaluated, 120538 expanded, t=9584.5s]
Best heuristic value: 1124/1342 [g=223, 120545 evaluated, 120544 expanded, t=9584.9s]
Best heuristic value: 1124/1341 [g=224, 120551 evaluated, 120550 expanded, t=9585.31s]
Best heuristic value: 1124/1340 [g=225, 120557 evaluated, 120556 expanded, t=9585.73s]
Best heuristic value: 1124/1339 [g=226, 120563 evaluated, 120562 expanded, t=9586.14s]
Best heuristic value: 1124/1338 [g=227, 120569 evaluated, 120568 expanded, t=9586.54s]
Best heuristic value: 1124/1337 [g=228, 120575 evaluated, 120574 expanded, t=9586.94s]
Best heuristic value: 1123/1337 [g=209, 120580 evaluated, 120579 expanded, t=9587.27s]
Best heuristic value: 1123/1336 [g=229, 120581 evaluated, 120580 expanded, t=9587.34s]
Best heuristic value: 1123/1335 [g=230, 120587 evaluated, 120586 expanded, t=9587.74s]
Best heuristic value: 1123/1334 [g=231, 120593 evaluated, 120592 expanded, t=9588.13s]
Best heuristic value: 1123/1333 [g=232, 120599 evaluated, 120598 expanded, t=9588.52s]
Best heuristic value: 1123/1332 [g=233, 120605 evaluated, 120604 expanded, t=9588.91s]
Best heuristic value: 1123/1331 [g=234, 120611 evaluated, 120610 expanded, t=9589.3s]
Best heuristic value: 1123/1330 [g=235, 120619 evaluated, 120618 expanded, t=9589.83s]
Best heuristic value: 1123/1329 [g=236, 120627 evaluated, 120626 expanded, t=9590.38s]
Best heuristic value: 1122/1329 [g=210, 120628 evaluated, 120627 expanded, t=9590.44s]
Best heuristic value: 1122/1328 [g=237, 120635 evaluated, 120634 expanded, t=9590.91s]
Best heuristic value: 1122/1327 [g=238, 120643 evaluated, 120642 expanded, t=9591.46s]
Best heuristic value: 1122/1326 [g=239, 120651 evaluated, 120650 expanded, t=9591.99s]
Best heuristic value: 1122/1325 [g=240, 120659 evaluated, 120658 expanded, t=9592.51s]
Best heuristic value: 1122/1324 [g=241, 120667 evaluated, 120666 expanded, t=9593.04s]
Best heuristic value: 1122/1323 [g=242, 120675 evaluated, 120674 expanded, t=9593.57s]
Best heuristic value: 1121/1323 [g=211, 120682 evaluated, 120681 expanded, t=9594.04s]
Best heuristic value: 1121/1322 [g=243, 120683 evaluated, 120682 expanded, t=9594.1s]
Best heuristic value: 1121/1321 [g=244, 120691 evaluated, 120690 expanded, t=9594.66s]
Best heuristic value: 1121/1320 [g=245, 120699 evaluated, 120698 expanded, t=9595.2s]
Best heuristic value: 1121/1319 [g=246, 120707 evaluated, 120706 expanded, t=9595.75s]
Best heuristic value: 1121/1318 [g=247, 120715 evaluated, 120714 expanded, t=9596.29s]
Best heuristic value: 1121/1317 [g=248, 120723 evaluated, 120722 expanded, t=9596.82s]
Best heuristic value: 1121/1316 [g=249, 120731 evaluated, 120730 expanded, t=9597.36s]
Best heuristic value: 1120/1316 [g=212, 120736 evaluated, 120735 expanded, t=9597.7s]
Best heuristic value: 1120/1315 [g=250, 120739 evaluated, 120738 expanded, t=9597.9s]
Best heuristic value: 1120/1314 [g=251, 120747 evaluated, 120746 expanded, t=9598.43s]
Best heuristic value: 1120/1313 [g=252, 120755 evaluated, 120754 expanded, t=9598.98s]
Best heuristic value: 1120/1312 [g=253, 120763 evaluated, 120762 expanded, t=9599.53s]
Best heuristic value: 1120/1311 [g=254, 120771 evaluated, 120770 expanded, t=9600.06s]
Best heuristic value: 1120/1310 [g=255, 120779 evaluated, 120778 expanded, t=9600.58s]
Best heuristic value: 1120/1309 [g=256, 120789 evaluated, 120788 expanded, t=9601.27s]
Best heuristic value: 1119/1309 [g=213, 120794 evaluated, 120793 expanded, t=9601.61s]
Best heuristic value: 1119/1308 [g=257, 120799 evaluated, 120798 expanded, t=9601.94s]
Best heuristic value: 1119/1307 [g=258, 120809 evaluated, 120808 expanded, t=9602.61s]
Best heuristic value: 1119/1306 [g=259, 120819 evaluated, 120818 expanded, t=9603.28s]
Best heuristic value: 1119/1305 [g=260, 120829 evaluated, 120828 expanded, t=9603.93s]
Best heuristic value: 1119/1304 [g=261, 120839 evaluated, 120838 expanded, t=9604.59s]
Best heuristic value: 1119/1303 [g=262, 120849 evaluated, 120848 expanded, t=9605.25s]
Best heuristic value: 1118/1303 [g=214, 120852 evaluated, 120851 expanded, t=9605.45s]
Best heuristic value: 1118/1302 [g=263, 120859 evaluated, 120858 expanded, t=9605.92s]
Best heuristic value: 1118/1301 [g=264, 120871 evaluated, 120870 expanded, t=9606.75s]
Best heuristic value: 1118/1300 [g=265, 120883 evaluated, 120882 expanded, t=9607.61s]
Best heuristic value: 1118/1299 [g=266, 120895 evaluated, 120894 expanded, t=9608.4s]
Best heuristic value: 1118/1298 [g=267, 120907 evaluated, 120906 expanded, t=9609.19s]
Best heuristic value: 1117/1298 [g=215, 120910 evaluated, 120909 expanded, t=9609.39s]
Best heuristic value: 1117/1297 [g=268, 120919 evaluated, 120918 expanded, t=9610.01s]
Best heuristic value: 1117/1296 [g=269, 120931 evaluated, 120930 expanded, t=9610.81s]
Best heuristic value: 1117/1295 [g=270, 120943 evaluated, 120942 expanded, t=9611.64s]
Best heuristic value: 1117/1294 [g=271, 120955 evaluated, 120954 expanded, t=9612.42s]
Best heuristic value: 1116/1294 [g=216, 120968 evaluated, 120967 expanded, t=9613.3s]
Best heuristic value: 1116/1293 [g=272, 120969 evaluated, 120968 expanded, t=9613.37s]
Best heuristic value: 1116/1282 [g=273, 120983 evaluated, 120982 expanded, t=9614.33s]
Best heuristic value: 1116/1281 [g=274, 120991 evaluated, 120990 expanded, t=9614.88s]
Best heuristic value: 1116/1280 [g=275, 120999 evaluated, 120998 expanded, t=9615.42s]
Best heuristic value: 1116/1279 [g=276, 121007 evaluated, 121006 expanded, t=9615.97s]
Best heuristic value: 1116/1278 [g=277, 121015 evaluated, 121014 expanded, t=9616.51s]
Best heuristic value: 1116/1277 [g=278, 121023 evaluated, 121022 expanded, t=9617.05s]
Best heuristic value: 1115/1277 [g=217, 121026 evaluated, 121025 expanded, t=9617.25s]
Best heuristic value: 1115/1276 [g=279, 121031 evaluated, 121030 expanded, t=9617.6s]
Best heuristic value: 1115/1275 [g=280, 121039 evaluated, 121038 expanded, t=9618.12s]
Best heuristic value: 1115/1274 [g=281, 121047 evaluated, 121046 expanded, t=9618.66s]
Best heuristic value: 1115/1273 [g=282, 121055 evaluated, 121054 expanded, t=9619.19s]
Best heuristic value: 1115/1272 [g=283, 121063 evaluated, 121062 expanded, t=9619.75s]
Best heuristic value: 1115/1271 [g=284, 121071 evaluated, 121070 expanded, t=9620.28s]
Best heuristic value: 1114/1271 [g=218, 121084 evaluated, 121083 expanded, t=9621.16s]
Best heuristic value: 1114/1270 [g=285, 121089 evaluated, 121088 expanded, t=9621.5s]
Best heuristic value: 1114/1269 [g=286, 121107 evaluated, 121106 expanded, t=9622.71s]
Best heuristic value: 1114/1268 [g=287, 121125 evaluated, 121124 expanded, t=9623.92s]
Best heuristic value: 1113/1268 [g=219, 121142 evaluated, 121141 expanded, t=9625.06s]
Best heuristic value: 1113/1267 [g=288, 121143 evaluated, 121142 expanded, t=9625.12s]
Best heuristic value: 1113/1266 [g=289, 121161 evaluated, 121160 expanded, t=9626.37s]
Best heuristic value: 1113/1265 [g=290, 121179 evaluated, 121178 expanded, t=9627.63s]
Best heuristic value: 1113/1264 [g=291, 121197 evaluated, 121196 expanded, t=9628.87s]
Best heuristic value: 1113/1263 [g=292, 121217 evaluated, 121216 expanded, t=9630.25s]
Best heuristic value: 1113/1262 [g=293, 121237 evaluated, 121236 expanded, t=9631.65s]
Best heuristic value: 1113/1261 [g=294, 121256 evaluated, 121255 expanded, t=9632.97s]
Best heuristic value: 1113/1260 [g=295, 121276 evaluated, 121275 expanded, t=9634.37s]
Best heuristic value: 1113/1259 [g=296, 121296 evaluated, 121295 expanded, t=9635.79s]
Best heuristic value: 1113/1258 [g=297, 121314 evaluated, 121313 expanded, t=9637.04s]
Best heuristic value: 1113/1257 [g=298, 121334 evaluated, 121333 expanded, t=9638.46s]
Best heuristic value: 1113/1256 [g=299, 121354 evaluated, 121353 expanded, t=9639.86s]
Best heuristic value: 1113/1255 [g=300, 121371 evaluated, 121370 expanded, t=9641.02s]
Best heuristic value: 1113/1254 [g=301, 121391 evaluated, 121390 expanded, t=9642.41s]
Best heuristic value: 1113/1253 [g=302, 121413 evaluated, 121412 expanded, t=9643.97s]
Best heuristic value: 1113/1252 [g=303, 121431 evaluated, 121430 expanded, t=9645.19s]
Best heuristic value: 1113/1251 [g=304, 121453 evaluated, 121452 expanded, t=9646.74s]
Best heuristic value: 1113/1250 [g=305, 121457 evaluated, 121456 expanded, t=9647.02s]
Best heuristic value: 1113/1249 [g=306, 121461 evaluated, 121460 expanded, t=9647.3s]
Best heuristic value: 1113/1248 [g=307, 121465 evaluated, 121464 expanded, t=9647.59s]
Best heuristic value: 1113/1247 [g=308, 121469 evaluated, 121468 expanded, t=9647.88s]
Best heuristic value: 1113/1246 [g=309, 121471 evaluated, 121470 expanded, t=9648.01s]
Best heuristic value: 1113/1245 [g=310, 121473 evaluated, 121472 expanded, t=9648.14s]
Best heuristic value: 1113/1244 [g=311, 121476 evaluated, 121475 expanded, t=9648.34s]
Best heuristic value: 1113/1243 [g=312, 121480 evaluated, 121479 expanded, t=9648.62s]
Best heuristic value: 1113/1242 [g=313, 121484 evaluated, 121483 expanded, t=9648.89s]
Best heuristic value: 1113/1241 [g=314, 121488 evaluated, 121487 expanded, t=9649.17s]
Best heuristic value: 1113/1240 [g=315, 121492 evaluated, 121491 expanded, t=9649.45s]
Best heuristic value: 1113/1239 [g=316, 121500 evaluated, 121499 expanded, t=9650.01s]
Best heuristic value: 1113/1238 [g=317, 121522 evaluated, 121521 expanded, t=9651.56s]
Best heuristic value: 1113/1237 [g=318, 121542 evaluated, 121541 expanded, t=9652.95s]
Best heuristic value: 1113/1236 [g=319, 121566 evaluated, 121565 expanded, t=9654.63s]
Best heuristic value: 1113/1235 [g=320, 121583 evaluated, 121582 expanded, t=9655.79s]
Best heuristic value: 1113/1234 [g=321, 121607 evaluated, 121606 expanded, t=9657.45s]
Best heuristic value: 1113/1233 [g=322, 121625 evaluated, 121624 expanded, t=9658.66s]
Best heuristic value: 1113/1232 [g=323, 121647 evaluated, 121646 expanded, t=9660.18s]
Best heuristic value: 1113/1231 [g=324, 121669 evaluated, 121668 expanded, t=9661.7s]
Best heuristic value: 1113/1230 [g=325, 121686 evaluated, 121685 expanded, t=9662.85s]
Best heuristic value: 1113/1229 [g=326, 121710 evaluated, 121709 expanded, t=9664.5s]
Best heuristic value: 1113/1228 [g=327, 121724 evaluated, 121723 expanded, t=9665.43s]
Best heuristic value: 1113/1227 [g=328, 121750 evaluated, 121749 expanded, t=9667.29s]
Best heuristic value: 1113/1226 [g=329, 121768 evaluated, 121767 expanded, t=9668.52s]
Best heuristic value: 1113/1225 [g=330, 121791 evaluated, 121790 expanded, t=9670.13s]
Best heuristic value: 1113/1224 [g=331, 121811 evaluated, 121810 expanded, t=9671.49s]
Best heuristic value: 1113/1223 [g=332, 121831 evaluated, 121830 expanded, t=9672.89s]
Best heuristic value: 1113/1222 [g=333, 121853 evaluated, 121852 expanded, t=9674.36s]
Best heuristic value: 1113/1221 [g=334, 121870 evaluated, 121869 expanded, t=9675.52s]
Best heuristic value: 1113/1209 [g=335, 121896 evaluated, 121895 expanded, t=9677.31s]
Best heuristic value: 1113/1208 [g=336, 121921 evaluated, 121920 expanded, t=9679.01s]
Best heuristic value: 1113/1207 [g=337, 121938 evaluated, 121937 expanded, t=9680.2s]
Best heuristic value: 1113/1206 [g=338, 121954 evaluated, 121953 expanded, t=9681.31s]
Best heuristic value: 1113/1205 [g=339, 121975 evaluated, 121974 expanded, t=9682.77s]
Best heuristic value: 1113/1204 [g=340, 121987 evaluated, 121986 expanded, t=9683.57s]
Best heuristic value: 1113/1203 [g=341, 122010 evaluated, 122009 expanded, t=9685.15s]
Best heuristic value: 1113/1202 [g=342, 122023 evaluated, 122022 expanded, t=9686s]
Best heuristic value: 1113/1201 [g=343, 122041 evaluated, 122040 expanded, t=9687.24s]
Best heuristic value: 1113/1200 [g=344, 122059 evaluated, 122058 expanded, t=9688.47s]
Best heuristic value: 1113/1199 [g=345, 122072 evaluated, 122071 expanded, t=9689.31s]
Best heuristic value: 1113/1198 [g=346, 122092 evaluated, 122091 expanded, t=9690.68s]
Best heuristic value: 1113/1197 [g=347, 122110 evaluated, 122109 expanded, t=9691.87s]
Best heuristic value: 1113/1196 [g=348, 122135 evaluated, 122134 expanded, t=9693.55s]
Best heuristic value: 1113/1195 [g=349, 122158 evaluated, 122157 expanded, t=9695.07s]
Best heuristic value: 1113/1194 [g=350, 122177 evaluated, 122176 expanded, t=9696.33s]
Best heuristic value: 1113/1193 [g=351, 122201 evaluated, 122200 expanded, t=9697.94s]
Best heuristic value: 1113/1192 [g=352, 122218 evaluated, 122217 expanded, t=9699.03s]
Best heuristic value: 1113/1191 [g=353, 122242 evaluated, 122241 expanded, t=9700.65s]
Best heuristic value: 1113/1190 [g=354, 122263 evaluated, 122262 expanded, t=9702.08s]
Best heuristic value: 1113/1189 [g=355, 122280 evaluated, 122279 expanded, t=9703.19s]
Best heuristic value: 1113/1188 [g=356, 122301 evaluated, 122300 expanded, t=9704.58s]
Best heuristic value: 1113/1187 [g=357, 122318 evaluated, 122317 expanded, t=9705.68s]
Best heuristic value: 1113/1186 [g=358, 122339 evaluated, 122338 expanded, t=9707.08s]
Best heuristic value: 1113/1185 [g=359, 122359 evaluated, 122358 expanded, t=9708.39s]
Best heuristic value: 1113/1184 [g=360, 122377 evaluated, 122376 expanded, t=9709.56s]
Best heuristic value: 1113/1183 [g=361, 122406 evaluated, 122405 expanded, t=9711.52s]
Best heuristic value: 1113/1182 [g=362, 122442 evaluated, 122441 expanded, t=9713.99s]
Best heuristic value: 1113/1181 [g=363, 122477 evaluated, 122476 expanded, t=9716.44s]
Best heuristic value: 1113/1180 [g=364, 122511 evaluated, 122510 expanded, t=9718.76s]
Best heuristic value: 1113/1179 [g=365, 122547 evaluated, 122546 expanded, t=9721.27s]
Best heuristic value: 1113/1178 [g=366, 122580 evaluated, 122579 expanded, t=9723.51s]
Best heuristic value: 1113/1177 [g=367, 122614 evaluated, 122613 expanded, t=9725.91s]
Best heuristic value: 1112/1177 [g=368, 122616 evaluated, 122615 expanded, t=9726.04s]
Best heuristic value: 1111/1177 [g=369, 122619 evaluated, 122618 expanded, t=9726.24s]
Best heuristic value: 1110/1177 [g=370, 122625 evaluated, 122624 expanded, t=9726.61s]
Best heuristic value: 1109/1177 [g=371, 122633 evaluated, 122632 expanded, t=9727.12s]
Best heuristic value: 1108/1177 [g=372, 122643 evaluated, 122642 expanded, t=9727.79s]
Best heuristic value: 1108/1176 [g=368, 122652 evaluated, 122651 expanded, t=9728.38s]
Best heuristic value: 1107/1176 [g=373, 122653 evaluated, 122652 expanded, t=9728.45s]
Best heuristic value: 1106/1176 [g=374, 122665 evaluated, 122664 expanded, t=9729.22s]
Best heuristic value: 1105/1176 [g=375, 122679 evaluated, 122678 expanded, t=9730.11s]
Best heuristic value: 1105/1175 [g=369, 122690 evaluated, 122689 expanded, t=9730.83s]
Best heuristic value: 1104/1175 [g=376, 122695 evaluated, 122694 expanded, t=9731.15s]
Best heuristic value: 1103/1175 [g=377, 122713 evaluated, 122712 expanded, t=9732.34s]
Best heuristic value: 1103/1174 [g=370, 122728 evaluated, 122727 expanded, t=9733.32s]
Best heuristic value: 1102/1174 [g=378, 122733 evaluated, 122732 expanded, t=9733.66s]
Best heuristic value: 1101/1174 [g=379, 122755 evaluated, 122754 expanded, t=9735.1s]
Best heuristic value: 1101/1173 [g=371, 122766 evaluated, 122765 expanded, t=9735.81s]
Best heuristic value: 1100/1173 [g=380, 122777 evaluated, 122776 expanded, t=9736.53s]
Best heuristic value: 1099/1173 [g=381, 122801 evaluated, 122800 expanded, t=9738.11s]
Best heuristic value: 1099/1172 [g=372, 122804 evaluated, 122803 expanded, t=9738.31s]
Best heuristic value: 1098/1172 [g=382, 122827 evaluated, 122826 expanded, t=9739.85s]
Best heuristic value: 1098/1171 [g=373, 122842 evaluated, 122841 expanded, t=9740.85s]
Best heuristic value: 1097/1171 [g=383, 122853 evaluated, 122852 expanded, t=9741.57s]
Best heuristic value: 1097/1170 [g=374, 122880 evaluated, 122879 expanded, t=9743.31s]
Best heuristic value: 1096/1170 [g=384, 122881 evaluated, 122880 expanded, t=9743.38s]
Best heuristic value: 1095/1170 [g=385, 122909 evaluated, 122908 expanded, t=9745.23s]
Best heuristic value: 1095/1169 [g=375, 122918 evaluated, 122917 expanded, t=9745.84s]
Best heuristic value: 1094/1169 [g=386, 122941 evaluated, 122940 expanded, t=9747.37s]
Best heuristic value: 1094/1168 [g=376, 122956 evaluated, 122955 expanded, t=9748.39s]
Best heuristic value: 1093/1168 [g=387, 122973 evaluated, 122972 expanded, t=9749.52s]
Best heuristic value: 1093/1167 [g=377, 122994 evaluated, 122993 expanded, t=9750.94s]
Best heuristic value: 1092/1167 [g=388, 123005 evaluated, 123004 expanded, t=9751.67s]
Best heuristic value: 1092/1166 [g=378, 123034 evaluated, 123033 expanded, t=9753.55s]
Best heuristic value: 1091/1166 [g=389, 123037 evaluated, 123036 expanded, t=9753.75s]
Best heuristic value: 1090/1166 [g=390, 123071 evaluated, 123070 expanded, t=9756.03s]
Best heuristic value: 1090/1165 [g=379, 123074 evaluated, 123073 expanded, t=9756.23s]
Best heuristic value: 1090/1164 [g=380, 123092 evaluated, 123091 expanded, t=9757.4s]
Best heuristic value: 1089/1164 [g=391, 123105 evaluated, 123104 expanded, t=9758.26s]
Best heuristic value: 1089/1163 [g=381, 123110 evaluated, 123109 expanded, t=9758.59s]
Best heuristic value: 1089/1162 [g=382, 123128 evaluated, 123127 expanded, t=9759.78s]
Best heuristic value: 1088/1162 [g=392, 123139 evaluated, 123138 expanded, t=9760.49s]
Best heuristic value: 1088/1154 [g=383, 123146 evaluated, 123145 expanded, t=9760.96s]
Best heuristic value: 1088/1153 [g=384, 123164 evaluated, 123163 expanded, t=9762.16s]
Best heuristic value: 1087/1153 [g=393, 123173 evaluated, 123172 expanded, t=9762.74s]
Best heuristic value: 1087/1152 [g=385, 123182 evaluated, 123181 expanded, t=9763.34s]
Best heuristic value: 1087/1151 [g=386, 123200 evaluated, 123199 expanded, t=9764.5s]
Best heuristic value: 1086/1151 [g=394, 123211 evaluated, 123210 expanded, t=9765.25s]
Best heuristic value: 1086/1150 [g=387, 123218 evaluated, 123217 expanded, t=9765.71s]
Best heuristic value: 1086/1149 [g=388, 123236 evaluated, 123235 expanded, t=9766.93s]
Best heuristic value: 1085/1149 [g=395, 123251 evaluated, 123250 expanded, t=9767.9s]
Best heuristic value: 1085/1148 [g=389, 123254 evaluated, 123253 expanded, t=9768.1s]
Best heuristic value: 1084/1148 [g=396, 123291 evaluated, 123290 expanded, t=9770.55s]
Best heuristic value: 1084/1147 [g=390, 123296 evaluated, 123295 expanded, t=9770.89s]
Best heuristic value: 1083/1147 [g=397, 123333 evaluated, 123332 expanded, t=9773.31s]
Best heuristic value: 1083/1146 [g=391, 123338 evaluated, 123337 expanded, t=9773.64s]
Best heuristic value: 1082/1146 [g=398, 123375 evaluated, 123374 expanded, t=9776.02s]
Best heuristic value: 1082/1145 [g=392, 123380 evaluated, 123379 expanded, t=9776.35s]
Best heuristic value: 1081/1145 [g=399, 123417 evaluated, 123416 expanded, t=9778.79s]
Best heuristic value: 1081/1144 [g=393, 123424 evaluated, 123423 expanded, t=9779.25s]
Best heuristic value: 1080/1144 [g=400, 123459 evaluated, 123458 expanded, t=9781.54s]
Best heuristic value: 1080/1143 [g=394, 123468 evaluated, 123467 expanded, t=9782.13s]
Best heuristic value: 1079/1143 [g=401, 123501 evaluated, 123500 expanded, t=9784.28s]
Best heuristic value: 1079/1142 [g=395, 123512 evaluated, 123511 expanded, t=9785.01s]
Best heuristic value: 1078/1142 [g=402, 123543 evaluated, 123542 expanded, t=9787.12s]
Best heuristic value: 1078/1141 [g=396, 123560 evaluated, 123559 expanded, t=9788.23s]
Best heuristic value: 1077/1141 [g=403, 123585 evaluated, 123584 expanded, t=9789.87s]
Best heuristic value: 1077/1140 [g=397, 123608 evaluated, 123607 expanded, t=9791.37s]
Best heuristic value: 1076/1140 [g=404, 123627 evaluated, 123626 expanded, t=9792.59s]
Best heuristic value: 1076/1139 [g=398, 123656 evaluated, 123655 expanded, t=9794.46s]
Best heuristic value: 1075/1139 [g=405, 123671 evaluated, 123670 expanded, t=9795.47s]
Best heuristic value: 1075/1138 [g=399, 123704 evaluated, 123703 expanded, t=9797.63s]
Best heuristic value: 1074/1138 [g=406, 123715 evaluated, 123714 expanded, t=9798.35s]
Best heuristic value: 1074/1137 [g=400, 123752 evaluated, 123751 expanded, t=9800.76s]
Best heuristic value: 1073/1137 [g=407, 123759 evaluated, 123758 expanded, t=9801.23s]
Best heuristic value: 1073/1136 [g=401, 123800 evaluated, 123799 expanded, t=9803.94s]
Best heuristic value: 1072/1136 [g=408, 123803 evaluated, 123802 expanded, t=9804.14s]
Best heuristic value: 1072/1135 [g=402, 123848 evaluated, 123847 expanded, t=9807.06s]
Best heuristic value: 1071/1135 [g=409, 123849 evaluated, 123848 expanded, t=9807.12s]
Best heuristic value: 1071/1134 [g=403, 123896 evaluated, 123895 expanded, t=9810.27s]
Best heuristic value: 1070/1134 [g=410, 123897 evaluated, 123896 expanded, t=9810.33s]
Best heuristic value: 1070/1133 [g=404, 123944 evaluated, 123943 expanded, t=9813.46s]
Best heuristic value: 1069/1133 [g=411, 123945 evaluated, 123944 expanded, t=9813.54s]
Best heuristic value: 1069/1132 [g=405, 123992 evaluated, 123991 expanded, t=9816.71s]
Best heuristic value: 1068/1132 [g=412, 123993 evaluated, 123992 expanded, t=9816.78s]
Best heuristic value: 1068/1131 [g=406, 124040 evaluated, 124039 expanded, t=9820.03s]
Best heuristic value: 1067/1131 [g=413, 124041 evaluated, 124040 expanded, t=9820.1s]
Best heuristic value: 1067/1130 [g=407, 124088 evaluated, 124087 expanded, t=9823.24s]
Best heuristic value: 1066/1130 [g=414, 124089 evaluated, 124088 expanded, t=9823.31s]
Best heuristic value: 1066/1129 [g=408, 124136 evaluated, 124135 expanded, t=9826.4s]
Best heuristic value: 1065/1129 [g=415, 124137 evaluated, 124136 expanded, t=9826.47s]
Best heuristic value: 1065/1128 [g=409, 124184 evaluated, 124183 expanded, t=9829.63s]
Best heuristic value: 1064/1128 [g=416, 124185 evaluated, 124184 expanded, t=9829.7s]
Best heuristic value: 1064/1127 [g=410, 124232 evaluated, 124231 expanded, t=9832.81s]
Best heuristic value: 1063/1127 [g=417, 124233 evaluated, 124232 expanded, t=9832.88s]
Best heuristic value: 1062/1127 [g=418, 124281 evaluated, 124280 expanded, t=9836.06s]
Best heuristic value: 1062/1126 [g=411, 124282 evaluated, 124281 expanded, t=9836.12s]
Best heuristic value: 1061/1126 [g=419, 124329 evaluated, 124328 expanded, t=9839.27s]
Best heuristic value: 1061/1125 [g=412, 124332 evaluated, 124331 expanded, t=9839.47s]
Best heuristic value: 1060/1125 [g=420, 124377 evaluated, 124376 expanded, t=9842.47s]
Best heuristic value: 1060/1124 [g=413, 124384 evaluated, 124383 expanded, t=9842.95s]
Best heuristic value: 1059/1124 [g=421, 124425 evaluated, 124424 expanded, t=9845.71s]
Best heuristic value: 1059/1123 [g=414, 124436 evaluated, 124435 expanded, t=9846.46s]
Best heuristic value: 1058/1123 [g=422, 124473 evaluated, 124472 expanded, t=9848.98s]
Best heuristic value: 1058/1122 [g=415, 124488 evaluated, 124487 expanded, t=9849.97s]
Best heuristic value: 1057/1122 [g=423, 124521 evaluated, 124520 expanded, t=9852.14s]
Best heuristic value: 1057/1121 [g=416, 124540 evaluated, 124539 expanded, t=9853.38s]
Best heuristic value: 1056/1121 [g=424, 124569 evaluated, 124568 expanded, t=9855.29s]
Best heuristic value: 1056/1120 [g=417, 124594 evaluated, 124593 expanded, t=9856.96s]
Best heuristic value: 1055/1120 [g=425, 124617 evaluated, 124616 expanded, t=9858.49s]
Best heuristic value: 1055/1119 [g=418, 124650 evaluated, 124649 expanded, t=9860.7s]
Best heuristic value: 1054/1119 [g=426, 124665 evaluated, 124664 expanded, t=9861.71s]
Best heuristic value: 1054/1118 [g=419, 124706 evaluated, 124705 expanded, t=9864.44s]
Best heuristic value: 1053/1118 [g=427, 124713 evaluated, 124712 expanded, t=9864.92s]
Best heuristic value: 1052/1118 [g=428, 124761 evaluated, 124760 expanded, t=9868.2s]
Best heuristic value: 1052/1117 [g=420, 124762 evaluated, 124761 expanded, t=9868.27s]
Best heuristic value: 1051/1117 [g=429, 124811 evaluated, 124810 expanded, t=9871.61s]
Best heuristic value: 1051/1116 [g=421, 124818 evaluated, 124817 expanded, t=9872.06s]
Best heuristic value: 1050/1116 [g=430, 124861 evaluated, 124860 expanded, t=9874.93s]
Best heuristic value: 1050/1115 [g=422, 124874 evaluated, 124873 expanded, t=9875.81s]
Best heuristic value: 1049/1115 [g=431, 124911 evaluated, 124910 expanded, t=9878.4s]
Best heuristic value: 1049/1114 [g=423, 124930 evaluated, 124929 expanded, t=9879.67s]
Best heuristic value: 1048/1114 [g=432, 124961 evaluated, 124960 expanded, t=9881.72s]
Best heuristic value: 1048/1113 [g=424, 124986 evaluated, 124985 expanded, t=9883.43s]
Best heuristic value: 1047/1113 [g=433, 125011 evaluated, 125010 expanded, t=9885.09s]
Best heuristic value: 1047/1112 [g=425, 125042 evaluated, 125041 expanded, t=9887.14s]
Best heuristic value: 1046/1112 [g=434, 125061 evaluated, 125060 expanded, t=9888.39s]
Best heuristic value: 1046/1111 [g=426, 125098 evaluated, 125097 expanded, t=9890.88s]
Best heuristic value: 1045/1111 [g=435, 125111 evaluated, 125110 expanded, t=9891.77s]
Best heuristic value: 1045/1110 [g=427, 125154 evaluated, 125153 expanded, t=9894.61s]
Best heuristic value: 1044/1110 [g=436, 125161 evaluated, 125160 expanded, t=9895.08s]
Best heuristic value: 1044/1109 [g=428, 125210 evaluated, 125209 expanded, t=9898.33s]
Best heuristic value: 1043/1109 [g=437, 125211 evaluated, 125210 expanded, t=9898.39s]
Best heuristic value: 1042/1109 [g=438, 125261 evaluated, 125260 expanded, t=9901.71s]
Best heuristic value: 1042/1108 [g=429, 125266 evaluated, 125265 expanded, t=9902.03s]
Best heuristic value: 1041/1108 [g=439, 125311 evaluated, 125310 expanded, t=9905.06s]
Best heuristic value: 1041/1107 [g=430, 125326 evaluated, 125325 expanded, t=9906.09s]
Best heuristic value: 1040/1107 [g=440, 125365 evaluated, 125364 expanded, t=9908.79s]
Best heuristic value: 1040/1106 [g=431, 125386 evaluated, 125385 expanded, t=9910.2s]
Best heuristic value: 1039/1106 [g=441, 125419 evaluated, 125418 expanded, t=9912.39s]
Best heuristic value: 1039/1105 [g=432, 125454 evaluated, 125453 expanded, t=9914.68s]
Best heuristic value: 1038/1105 [g=442, 125473 evaluated, 125472 expanded, t=9915.92s]
Best heuristic value: 1038/1104 [g=433, 125522 evaluated, 125521 expanded, t=9919.14s]
Best heuristic value: 1037/1104 [g=443, 125527 evaluated, 125526 expanded, t=9919.48s]
Best heuristic value: 1036/1104 [g=444, 125581 evaluated, 125580 expanded, t=9923.08s]
Best heuristic value: 1036/1103 [g=434, 125590 evaluated, 125589 expanded, t=9923.72s]
Best heuristic value: 1035/1103 [g=445, 125635 evaluated, 125634 expanded, t=9926.71s]
Best heuristic value: 1035/1102 [g=435, 125660 evaluated, 125659 expanded, t=9928.42s]
Best heuristic value: 1034/1102 [g=446, 125689 evaluated, 125688 expanded, t=9930.36s]
Best heuristic value: 1034/1101 [g=436, 125732 evaluated, 125731 expanded, t=9933.21s]
Best heuristic value: 1033/1101 [g=447, 125743 evaluated, 125742 expanded, t=9933.94s]
Best heuristic value: 1032/1101 [g=448, 125797 evaluated, 125796 expanded, t=9937.55s]
Best heuristic value: 1032/1100 [g=437, 125808 evaluated, 125807 expanded, t=9938.28s]
Best heuristic value: 1031/1100 [g=449, 125851 evaluated, 125850 expanded, t=9941.09s]
Best heuristic value: 1031/1099 [g=438, 125884 evaluated, 125883 expanded, t=9943.29s]
Best heuristic value: 1030/1099 [g=450, 125905 evaluated, 125904 expanded, t=9944.69s]
Best heuristic value: 1029/1099 [g=451, 125959 evaluated, 125958 expanded, t=9948.27s]
Best heuristic value: 1029/1098 [g=439, 125964 evaluated, 125963 expanded, t=9948.61s]
Best heuristic value: 1028/1098 [g=452, 126013 evaluated, 126012 expanded, t=9951.85s]
Best heuristic value: 1028/1097 [g=440, 126044 evaluated, 126043 expanded, t=9953.91s]
Best heuristic value: 1027/1097 [g=453, 126067 evaluated, 126066 expanded, t=9955.42s]
Best heuristic value: 1026/1097 [g=454, 126121 evaluated, 126120 expanded, t=9959.04s]
Best heuristic value: 1026/1096 [g=441, 126130 evaluated, 126129 expanded, t=9959.64s]
Best heuristic value: 1025/1096 [g=455, 126175 evaluated, 126174 expanded, t=9962.6s]
Best heuristic value: 1025/1095 [g=442, 126216 evaluated, 126215 expanded, t=9965.34s]
Best heuristic value: 1024/1095 [g=456, 126229 evaluated, 126228 expanded, t=9966.2s]
Best heuristic value: 1023/1095 [g=457, 126283 evaluated, 126282 expanded, t=9969.9s]
Best heuristic value: 1023/1094 [g=443, 126302 evaluated, 126301 expanded, t=9971.16s]
Best heuristic value: 1022/1094 [g=458, 126337 evaluated, 126336 expanded, t=9973.47s]
Best heuristic value: 1021/1094 [g=459, 126391 evaluated, 126390 expanded, t=9977.07s]
Best heuristic value: 1021/1093 [g=444, 126392 evaluated, 126391 expanded, t=9977.14s]
Best heuristic value: 1020/1093 [g=460, 126445 evaluated, 126444 expanded, t=9980.68s]
Best heuristic value: 1020/1092 [g=445, 126484 evaluated, 126483 expanded, t=9983.25s]
Best heuristic value: 1019/1092 [g=461, 126499 evaluated, 126498 expanded, t=9984.24s]
Best heuristic value: 1018/1092 [g=462, 126553 evaluated, 126552 expanded, t=9987.88s]
Best heuristic value: 1018/1091 [g=446, 126576 evaluated, 126575 expanded, t=9989.46s]
Best heuristic value: 1018/1090 [g=447, 126580 evaluated, 126579 expanded, t=9989.72s]
Best heuristic value: 1018/1089 [g=448, 126584 evaluated, 126583 expanded, t=9989.98s]
Best heuristic value: 1018/1088 [g=449, 126588 evaluated, 126587 expanded, t=9990.26s]
Best heuristic value: 1018/1087 [g=450, 126592 evaluated, 126591 expanded, t=9990.52s]
Best heuristic value: 1018/1086 [g=451, 126596 evaluated, 126595 expanded, t=9990.78s]
Best heuristic value: 1018/1085 [g=452, 126600 evaluated, 126599 expanded, t=9991.05s]
Best heuristic value: 1018/1084 [g=453, 126604 evaluated, 126603 expanded, t=9991.32s]
Best heuristic value: 1017/1084 [g=463, 126607 evaluated, 126606 expanded, t=9991.52s]
Best heuristic value: 1017/1083 [g=454, 126608 evaluated, 126607 expanded, t=9991.59s]
Best heuristic value: 1017/1082 [g=455, 126612 evaluated, 126611 expanded, t=9991.86s]
Best heuristic value: 1017/1081 [g=456, 126616 evaluated, 126615 expanded, t=9992.12s]
Best heuristic value: 1017/1080 [g=457, 126620 evaluated, 126619 expanded, t=9992.38s]
Best heuristic value: 1017/1079 [g=458, 126636 evaluated, 126635 expanded, t=9993.41s]
Best heuristic value: 1016/1079 [g=464, 126661 evaluated, 126660 expanded, t=9995.06s]
Best heuristic value: 1016/1078 [g=459, 126666 evaluated, 126665 expanded, t=9995.4s]
Best heuristic value: 1015/1078 [g=465, 126715 evaluated, 126714 expanded, t=9998.69s]
Best heuristic value: 1015/1077 [g=460, 126720 evaluated, 126719 expanded, t=9999.01s]
Best heuristic value: 1014/1077 [g=466, 126769 evaluated, 126768 expanded, t=10002.3s]
Best heuristic value: 1014/1076 [g=461, 126776 evaluated, 126775 expanded, t=10002.8s]
Best heuristic value: 1013/1076 [g=467, 126823 evaluated, 126822 expanded, t=10006s]
Best heuristic value: 1013/1075 [g=462, 126834 evaluated, 126833 expanded, t=10006.7s]
Best heuristic value: 1012/1075 [g=468, 126879 evaluated, 126878 expanded, t=10009.7s]
Best heuristic value: 1012/1074 [g=463, 126898 evaluated, 126897 expanded, t=10011s]
Best heuristic value: 1011/1074 [g=469, 126935 evaluated, 126934 expanded, t=10013.5s]
Best heuristic value: 1011/1073 [g=464, 126970 evaluated, 126969 expanded, t=10015.8s]
Best heuristic value: 1010/1073 [g=470, 126991 evaluated, 126990 expanded, t=10017.2s]
Best heuristic value: 1009/1073 [g=471, 127047 evaluated, 127046 expanded, t=10021s]
Best heuristic value: 1009/1072 [g=465, 127066 evaluated, 127065 expanded, t=10022.2s]
Best heuristic value: 1008/1072 [g=472, 127103 evaluated, 127102 expanded, t=10024.7s]
Best heuristic value: 1007/1072 [g=473, 127159 evaluated, 127158 expanded, t=10028.4s]
Best heuristic value: 1007/1071 [g=466, 127162 evaluated, 127161 expanded, t=10028.6s]
Best heuristic value: 1006/1071 [g=474, 127215 evaluated, 127214 expanded, t=10032.2s]
Best heuristic value: 1006/1070 [g=467, 127262 evaluated, 127261 expanded, t=10035.3s]
Best heuristic value: 1005/1070 [g=475, 127271 evaluated, 127270 expanded, t=10035.9s]
Best heuristic value: 1004/1070 [g=476, 127327 evaluated, 127326 expanded, t=10039.7s]
Best heuristic value: 1004/1069 [g=468, 127362 evaluated, 127361 expanded, t=10042s]
Best heuristic value: 1003/1069 [g=477, 127383 evaluated, 127382 expanded, t=10043.4s]
Best heuristic value: 1002/1069 [g=478, 127441 evaluated, 127440 expanded, t=10047.2s]
Best heuristic value: 1002/1068 [g=469, 127462 evaluated, 127461 expanded, t=10048.7s]
Best heuristic value: 1001/1068 [g=479, 127499 evaluated, 127498 expanded, t=10051.2s]
Best heuristic value: 1000/1068 [g=480, 127557 evaluated, 127556 expanded, t=10055.1s]
Best heuristic value: 1000/1067 [g=470, 127564 evaluated, 127563 expanded, t=10055.5s]
Best heuristic value: 999/1067 [g=481, 127615 evaluated, 127614 expanded, t=10059s]
Best heuristic value: 999/1066 [g=471, 127668 evaluated, 127667 expanded, t=10062.5s]
Best heuristic value: 998/1066 [g=482, 127673 evaluated, 127672 expanded, t=10062.9s]
Best heuristic value: 997/1066 [g=483, 127731 evaluated, 127730 expanded, t=10066.8s]
Best heuristic value: 997/1065 [g=472, 127774 evaluated, 127773 expanded, t=10069.7s]
Best heuristic value: 996/1065 [g=484, 127789 evaluated, 127788 expanded, t=10070.7s]
Best heuristic value: 995/1065 [g=485, 127847 evaluated, 127846 expanded, t=10074.5s]
Best heuristic value: 995/1064 [g=473, 127888 evaluated, 127887 expanded, t=10077.3s]
Best heuristic value: 994/1064 [g=486, 127905 evaluated, 127904 expanded, t=10078.4s]
Best heuristic value: 993/1064 [g=487, 127963 evaluated, 127962 expanded, t=10082.3s]
Best heuristic value: 993/1063 [g=474, 128002 evaluated, 128001 expanded, t=10084.9s]
Best heuristic value: 992/1063 [g=488, 128021 evaluated, 128020 expanded, t=10086.1s]
Best heuristic value: 991/1063 [g=489, 128079 evaluated, 128078 expanded, t=10090s]
Best heuristic value: 991/1062 [g=475, 128116 evaluated, 128115 expanded, t=10092.6s]
Best heuristic value: 990/1062 [g=490, 128137 evaluated, 128136 expanded, t=10094s]
Best heuristic value: 989/1062 [g=491, 128195 evaluated, 128194 expanded, t=10097.9s]
Best heuristic value: 989/1061 [g=476, 128230 evaluated, 128229 expanded, t=10100.2s]
Best heuristic value: 988/1061 [g=492, 128253 evaluated, 128252 expanded, t=10101.7s]
Best heuristic value: 987/1061 [g=493, 128311 evaluated, 128310 expanded, t=10105.5s]
Best heuristic value: 987/1060 [g=477, 128346 evaluated, 128345 expanded, t=10107.9s]
Best heuristic value: 986/1060 [g=494, 128369 evaluated, 128368 expanded, t=10109.5s]
Best heuristic value: 985/1060 [g=495, 128427 evaluated, 128426 expanded, t=10113.4s]
Best heuristic value: 985/1059 [g=478, 128464 evaluated, 128463 expanded, t=10116s]
Best heuristic value: 984/1059 [g=496, 128485 evaluated, 128484 expanded, t=10117.5s]
Best heuristic value: 983/1059 [g=497, 128543 evaluated, 128542 expanded, t=10121.5s]
Best heuristic value: 983/1058 [g=479, 128584 evaluated, 128583 expanded, t=10124.4s]
Best heuristic value: 982/1058 [g=498, 128601 evaluated, 128600 expanded, t=10125.6s]
Best heuristic value: 981/1058 [g=499, 128659 evaluated, 128658 expanded, t=10129.8s]
Best heuristic value: 981/1057 [g=480, 128704 evaluated, 128703 expanded, t=10133s]
Best heuristic value: 980/1057 [g=500, 128717 evaluated, 128716 expanded, t=10134s]
Best heuristic value: 979/1057 [g=501, 128775 evaluated, 128774 expanded, t=10138.1s]
Best heuristic value: 979/1056 [g=481, 128824 evaluated, 128823 expanded, t=10141.3s]
Best heuristic value: 978/1056 [g=502, 128833 evaluated, 128832 expanded, t=10141.9s]
Best heuristic value: 978/1055 [g=482, 128946 evaluated, 128945 expanded, t=10149.9s]
Best heuristic value: 978/1054 [g=483, 129062 evaluated, 129061 expanded, t=10158.4s]
Best heuristic value: 978/1053 [g=484, 129175 evaluated, 129174 expanded, t=10166.8s]
Best heuristic value: 978/1052 [g=485, 129286 evaluated, 129285 expanded, t=10174.7s]
Best heuristic value: 978/1051 [g=486, 129395 evaluated, 129394 expanded, t=10182.7s]
Best heuristic value: 978/1050 [g=487, 129499 evaluated, 129498 expanded, t=10190.2s]
Best heuristic value: 978/1049 [g=488, 129596 evaluated, 129595 expanded, t=10197s]
Best heuristic value: 978/1048 [g=489, 129692 evaluated, 129691 expanded, t=10203.5s]
Best heuristic value: 978/1047 [g=490, 129784 evaluated, 129783 expanded, t=10209.8s]
Best heuristic value: 978/1046 [g=491, 129867 evaluated, 129866 expanded, t=10215.3s]
Best heuristic value: 978/1045 [g=492, 129953 evaluated, 129952 expanded, t=10221.1s]
Best heuristic value: 978/1044 [g=493, 130028 evaluated, 130027 expanded, t=10226s]
Best heuristic value: 978/1043 [g=494, 130126 evaluated, 130125 expanded, t=10232.6s]
Best heuristic value: 978/1042 [g=495, 130262 evaluated, 130261 expanded, t=10242s]
Best heuristic value: 978/1041 [g=496, 130396 evaluated, 130395 expanded, t=10251.1s]
Best heuristic value: 978/1040 [g=497, 130526 evaluated, 130525 expanded, t=10260s]
Best heuristic value: 978/1039 [g=498, 130645 evaluated, 130644 expanded, t=10268s]
Best heuristic value: 978/1038 [g=499, 130767 evaluated, 130766 expanded, t=10276.2s]
Best heuristic value: 978/1037 [g=500, 130877 evaluated, 130876 expanded, t=10283.5s]
Best heuristic value: 978/1036 [g=501, 130978 evaluated, 130977 expanded, t=10290.3s]
Best heuristic value: 978/1035 [g=502, 131081 evaluated, 131080 expanded, t=10297.1s]
Best heuristic value: 978/1034 [g=503, 131174 evaluated, 131173 expanded, t=10303.2s]
Best heuristic value: 978/1033 [g=504, 131267 evaluated, 131266 expanded, t=10309.4s]
Best heuristic value: 978/1032 [g=505, 131422 evaluated, 131421 expanded, t=10320s]
Best heuristic value: 978/1031 [g=506, 131572 evaluated, 131571 expanded, t=10330.2s]
Best heuristic value: 978/1030 [g=507, 131715 evaluated, 131714 expanded, t=10339.9s]
Best heuristic value: 978/1029 [g=508, 131850 evaluated, 131849 expanded, t=10349s]
Best heuristic value: 978/1028 [g=509, 131976 evaluated, 131975 expanded, t=10357.5s]
Best heuristic value: 978/1027 [g=510, 132092 evaluated, 132091 expanded, t=10365.2s]
Best heuristic value: 978/1026 [g=511, 132201 evaluated, 132200 expanded, t=10372.4s]
Best heuristic value: 978/1025 [g=512, 132300 evaluated, 132299 expanded, t=10378.9s]
Best heuristic value: 978/1024 [g=513, 132404 evaluated, 132403 expanded, t=10385.6s]
Best heuristic value: 978/1023 [g=514, 132564 evaluated, 132563 expanded, t=10396.5s]
Best heuristic value: 978/1022 [g=515, 132717 evaluated, 132716 expanded, t=10406.9s]
Best heuristic value: 978/1021 [g=516, 132863 evaluated, 132862 expanded, t=10416.9s]
Best heuristic value: 978/1020 [g=517, 133000 evaluated, 132999 expanded, t=10426s]
Best heuristic value: 978/1019 [g=518, 133125 evaluated, 133124 expanded, t=10434.3s]
Best heuristic value: 978/1018 [g=519, 133242 evaluated, 133241 expanded, t=10442s]
Best heuristic value: 978/1017 [g=520, 133351 evaluated, 133350 expanded, t=10449.2s]
