Dispatcher selected state size 1.
This is a nonunit task.
Simplifying transitions... done!
Initializing Exploration...
Generating landmarks using the RPG/SAS+ approach
approx. reasonable orders
approx. obedient reasonable orders
Removed 0 reasonable or obedient reasonable orders
Landmarks generation time: 310.119s
Discovered 2505 landmarks, of which 0 are disjunctive and 0 are conjunctive 
23273 edges
Initializing LAMA-FF Synergy Object
Initializing landmarks count heuristic...
240 initial landmarks, 120 goal landmarks
Initializing Exploration...
Generating landmarks using the RPG/SAS+ approach
approx. reasonable orders
approx. obedient reasonable orders
Removed 0 reasonable or obedient reasonable orders
Landmarks generation time: 307.377s
Discovered 2505 landmarks, of which 0 are disjunctive and 0 are conjunctive 
23273 edges
Initializing LAMA-FF Synergy Object
Initializing landmarks count heuristic...
240 initial landmarks, 120 goal landmarks
Starting search: lazy_greedy(list(hff1, hlm1), preferred = list(hff1, hlm1), cost_type = 1, reopen_closed = false)
Conducting lazy best first search, (real) bound = 2147483647
Best heuristic value: 2265/2717 [g=0, 1 evaluated, 0 expanded, t=621.43s]
Best heuristic value: 2265/2716 [g=1, 2 evaluated, 1 expanded, t=621.48s]
Best heuristic value: 2264/2702 [g=2, 3 evaluated, 2 expanded, t=621.54s]
Best heuristic value: 2264/2701 [g=3, 4 evaluated, 3 expanded, t=621.6s]
Best heuristic value: 2264/2687 [g=4, 5 evaluated, 4 expanded, t=621.66s]
Best heuristic value: 2264/2684 [g=5, 9 evaluated, 8 expanded, t=621.88s]
Best heuristic value: 2264/2677 [g=6, 13 evaluated, 12 expanded, t=622.1s]
Best heuristic value: 2264/2660 [g=7, 21 evaluated, 20 expanded, t=622.55s]
Best heuristic value: 2264/2647 [g=8, 33 evaluated, 32 expanded, t=623.23s]
Best heuristic value: 2264/2629 [g=9, 47 evaluated, 46 expanded, t=624.02s]
Best heuristic value: 2264/2618 [g=10, 60 evaluated, 59 expanded, t=624.75s]
Best heuristic value: 2264/2596 [g=11, 88 evaluated, 87 expanded, t=626.33s]
Best heuristic value: 2263/2596 [g=4, 134 evaluated, 133 expanded, t=628.93s]
Best heuristic value: 2263/2588 [g=13, 156 evaluated, 155 expanded, t=630.18s]
Best heuristic value: 2263/2581 [g=15, 204 evaluated, 203 expanded, t=632.89s]
Best heuristic value: 2263/2576 [g=16, 216 evaluated, 215 expanded, t=633.57s]
Best heuristic value: 2263/2572 [g=18, 251 evaluated, 250 expanded, t=635.55s]
Best heuristic value: 2262/2572 [g=6, 298 evaluated, 297 expanded, t=638.2s]
Best heuristic value: 2261/2572 [g=8, 522 evaluated, 521 expanded, t=650.9s]
Best heuristic value: 2260/2572 [g=10, 775 evaluated, 774 expanded, t=665.22s]
Best heuristic value: 2259/2572 [g=12, 1097 evaluated, 1096 expanded, t=683.42s]
Best heuristic value: 2259/2570 [g=23, 1287 evaluated, 1286 expanded, t=694.15s]
Best heuristic value: 2259/2565 [g=24, 1295 evaluated, 1294 expanded, t=694.6s]
Best heuristic value: 2259/2564 [g=25, 1307 evaluated, 1306 expanded, t=695.27s]
Best heuristic value: 2259/2563 [g=26, 1327 evaluated, 1326 expanded, t=696.4s]
Best heuristic value: 2259/2562 [g=28, 1371 evaluated, 1370 expanded, t=698.88s]
Best heuristic value: 2258/2562 [g=14, 1475 evaluated, 1474 expanded, t=704.76s]
Best heuristic value: 2257/2562 [g=16, 1848 evaluated, 1847 expanded, t=725.88s]
Best heuristic value: 2257/2556 [g=34, 1909 evaluated, 1908 expanded, t=729.3s]
Best heuristic value: 2256/2556 [g=18, 2255 evaluated, 2254 expanded, t=748.83s]
Best heuristic value: 2255/2556 [g=20, 2693 evaluated, 2692 expanded, t=773.55s]
Best heuristic value: 2255/2544 [g=32, 2861 evaluated, 2860 expanded, t=783.03s]
Best heuristic value: 2254/2544 [g=22, 3192 evaluated, 3191 expanded, t=801.8s]
Best heuristic value: 2253/2544 [g=24, 3690 evaluated, 3689 expanded, t=829.88s]
Best heuristic value: 2252/2544 [g=26, 4192 evaluated, 4191 expanded, t=858.18s]
Best heuristic value: 2251/2544 [g=28, 4707 evaluated, 4706 expanded, t=887.23s]
Best heuristic value: 2250/2544 [g=30, 5318 evaluated, 5317 expanded, t=921.74s]
Best heuristic value: 2249/2544 [g=32, 6003 evaluated, 6002 expanded, t=960.37s]
Best heuristic value: 2248/2544 [g=34, 6688 evaluated, 6687 expanded, t=999.13s]
Best heuristic value: 2247/2544 [g=36, 7375 evaluated, 7374 expanded, t=1037.81s]
Best heuristic value: 2246/2544 [g=38, 8062 evaluated, 8061 expanded, t=1076.5s]
Best heuristic value: 2245/2544 [g=40, 8939 evaluated, 8938 expanded, t=1125.92s]
Best heuristic value: 2244/2544 [g=42, 9806 evaluated, 9805 expanded, t=1174.76s]
Best heuristic value: 2243/2544 [g=44, 10730 evaluated, 10729 expanded, t=1226.8s]
Best heuristic value: 2242/2544 [g=46, 11710 evaluated, 11709 expanded, t=1282.01s]
Best heuristic value: 2241/2544 [g=48, 12730 evaluated, 12729 expanded, t=1339.89s]
Best heuristic value: 2240/2544 [g=50, 13798 evaluated, 13797 expanded, t=1400.1s]
Best heuristic value: 2239/2544 [g=52, 14874 evaluated, 14873 expanded, t=1460.74s]
Best heuristic value: 2238/2544 [g=54, 15988 evaluated, 15987 expanded, t=1523.53s]
Best heuristic value: 2237/2544 [g=56, 17186 evaluated, 17185 expanded, t=1591s]
Best heuristic value: 2236/2544 [g=58, 18451 evaluated, 18450 expanded, t=1662.31s]
Best heuristic value: 2235/2544 [g=60, 19583 evaluated, 19582 expanded, t=1726.03s]
Best heuristic value: 2234/2544 [g=62, 20893 evaluated, 20892 expanded, t=1800.33s]
Best heuristic value: 2233/2544 [g=64, 22194 evaluated, 22193 expanded, t=1874.09s]
Best heuristic value: 2232/2544 [g=66, 23466 evaluated, 23465 expanded, t=1946.17s]
Best heuristic value: 2231/2544 [g=68, 24767 evaluated, 24766 expanded, t=2020.69s]
Best heuristic value: 2230/2544 [g=70, 26173 evaluated, 26172 expanded, t=2100.21s]
Best heuristic value: 2229/2544 [g=72, 27567 evaluated, 27566 expanded, t=2178.9s]
Best heuristic value: 2228/2544 [g=74, 28962 evaluated, 28961 expanded, t=2257.54s]
Best heuristic value: 2227/2544 [g=76, 30319 evaluated, 30318 expanded, t=2334.03s]
Best heuristic value: 2226/2544 [g=78, 31638 evaluated, 31637 expanded, t=2408.37s]
Best heuristic value: 2225/2544 [g=80, 32945 evaluated, 32944 expanded, t=2482.05s]
Best heuristic value: 2224/2544 [g=82, 34396 evaluated, 34395 expanded, t=2563.99s]
Best heuristic value: 2223/2544 [g=84, 35816 evaluated, 35815 expanded, t=2644.1s]
Best heuristic value: 2222/2544 [g=86, 37363 evaluated, 37362 expanded, t=2731.53s]
Best heuristic value: 2221/2544 [g=88, 38959 evaluated, 38958 expanded, t=2821.81s]
Best heuristic value: 2220/2544 [g=90, 40572 evaluated, 40571 expanded, t=2913.01s]
Best heuristic value: 2219/2544 [g=92, 42161 evaluated, 42160 expanded, t=3002.83s]
Best heuristic value: 2218/2544 [g=94, 43721 evaluated, 43720 expanded, t=3090.94s]
Best heuristic value: 2217/2544 [g=96, 45338 evaluated, 45337 expanded, t=3182.38s]
Best heuristic value: 2216/2544 [g=98, 46889 evaluated, 46888 expanded, t=3270.05s]
Best heuristic value: 2215/2544 [g=100, 48534 evaluated, 48533 expanded, t=3363.07s]
Best heuristic value: 2214/2544 [g=102, 50308 evaluated, 50307 expanded, t=3465.09s]
Best heuristic value: 2213/2544 [g=104, 52076 evaluated, 52075 expanded, t=3565.16s]
Best heuristic value: 2212/2544 [g=106, 53891 evaluated, 53890 expanded, t=3667.9s]
Best heuristic value: 2211/2544 [g=108, 55465 evaluated, 55464 expanded, t=3756.86s]
Best heuristic value: 2210/2544 [g=110, 57232 evaluated, 57231 expanded, t=3856.86s]
Best heuristic value: 2209/2544 [g=112, 59030 evaluated, 59029 expanded, t=3958.66s]
Best heuristic value: 2208/2544 [g=114, 60851 evaluated, 60850 expanded, t=4061.75s]
Best heuristic value: 2207/2544 [g=116, 62756 evaluated, 62755 expanded, t=4169.57s]
Best heuristic value: 2206/2544 [g=118, 64676 evaluated, 64675 expanded, t=4278.23s]
Best heuristic value: 2206/2540 [g=35, 65022 evaluated, 65021 expanded, t=4297.79s]
Best heuristic value: 2205/2540 [g=120, 66593 evaluated, 66592 expanded, t=4386.7s]
Best heuristic value: 2205/2532 [g=38, 66772 evaluated, 66771 expanded, t=4396.83s]
Best heuristic value: 2205/2531 [g=41, 68502 evaluated, 68501 expanded, t=4494.73s]
Best heuristic value: 2204/2531 [g=122, 68513 evaluated, 68512 expanded, t=4495.35s]
Best heuristic value: 2203/2531 [g=124, 70394 evaluated, 70393 expanded, t=4601.87s]
Best heuristic value: 2202/2531 [g=126, 72227 evaluated, 72226 expanded, t=4706.31s]
Best heuristic value: 2201/2531 [g=128, 74106 evaluated, 74105 expanded, t=4813.39s]
Best heuristic value: 2200/2531 [g=130, 75978 evaluated, 75977 expanded, t=4920.01s]
Best heuristic value: 2199/2531 [g=132, 77896 evaluated, 77895 expanded, t=5029.32s]
Best heuristic value: 2198/2531 [g=134, 79830 evaluated, 79829 expanded, t=5139.5s]
Best heuristic value: 2197/2531 [g=136, 81755 evaluated, 81754 expanded, t=5249.25s]
Best heuristic value: 2196/2531 [g=138, 83696 evaluated, 83695 expanded, t=5359.85s]
Best heuristic value: 2195/2531 [g=140, 85677 evaluated, 85676 expanded, t=5472.79s]
Best heuristic value: 2194/2531 [g=142, 87637 evaluated, 87636 expanded, t=5584.44s]
Best heuristic value: 2193/2531 [g=144, 89527 evaluated, 89526 expanded, t=5692.04s]
Best heuristic value: 2192/2531 [g=146, 91479 evaluated, 91478 expanded, t=5803.16s]
Best heuristic value: 2191/2531 [g=148, 93460 evaluated, 93459 expanded, t=5915.93s]
Best heuristic value: 2190/2531 [g=150, 95405 evaluated, 95404 expanded, t=6026.65s]
Best heuristic value: 2189/2531 [g=152, 97352 evaluated, 97351 expanded, t=6137.49s]
Best heuristic value: 2189/2528 [g=60, 99225 evaluated, 99224 expanded, t=6247.34s]
Best heuristic value: 2188/2528 [g=154, 99232 evaluated, 99231 expanded, t=6247.74s]
Best heuristic value: 2188/2523 [g=63, 99820 evaluated, 99819 expanded, t=6281.23s]
Best heuristic value: 2187/2523 [g=156, 101238 evaluated, 101237 expanded, t=6361.86s]
Best heuristic value: 2187/2514 [g=68, 103197 evaluated, 103196 expanded, t=6473.32s]
Best heuristic value: 2186/2514 [g=158, 103234 evaluated, 103233 expanded, t=6475.41s]
Best heuristic value: 2186/2510 [g=70, 103404 evaluated, 103403 expanded, t=6485.09s]
Best heuristic value: 2186/2508 [g=74, 103523 evaluated, 103522 expanded, t=6491.87s]
Best heuristic value: 2186/2505 [g=77, 103772 evaluated, 103771 expanded, t=6506.04s]
Best heuristic value: 2186/2499 [g=77, 103839 evaluated, 103838 expanded, t=6509.85s]
Best heuristic value: 2185/2499 [g=160, 105114 evaluated, 105113 expanded, t=6582.17s]
Best heuristic value: 2184/2499 [g=162, 107094 evaluated, 107093 expanded, t=6694.71s]
Best heuristic value: 2184/2490 [g=77, 107426 evaluated, 107425 expanded, t=6713.63s]
Best heuristic value: 2183/2490 [g=164, 108855 evaluated, 108854 expanded, t=6794.76s]
Best heuristic value: 2182/2490 [g=166, 110652 evaluated, 110651 expanded, t=6897.02s]
Best heuristic value: 2181/2490 [g=168, 112609 evaluated, 112608 expanded, t=7008.25s]
Best heuristic value: 2180/2490 [g=170, 114655 evaluated, 114654 expanded, t=7124.56s]
Best heuristic value: 2179/2490 [g=172, 116491 evaluated, 116490 expanded, t=7228.92s]
Best heuristic value: 2178/2490 [g=174, 118439 evaluated, 118438 expanded, t=7339.74s]
Best heuristic value: 2177/2490 [g=176, 120340 evaluated, 120339 expanded, t=7447.79s]
Best heuristic value: 2176/2490 [g=178, 122232 evaluated, 122231 expanded, t=7555.3s]
Best heuristic value: 2175/2490 [g=180, 124187 evaluated, 124186 expanded, t=7666.53s]
Best heuristic value: 2174/2490 [g=182, 126247 evaluated, 126246 expanded, t=7783.69s]
Best heuristic value: 2173/2490 [g=184, 128364 evaluated, 128363 expanded, t=7904.06s]
Best heuristic value: 2172/2490 [g=186, 130260 evaluated, 130259 expanded, t=8011.88s]
Best heuristic value: 2171/2490 [g=188, 132258 evaluated, 132257 expanded, t=8125.59s]
Best heuristic value: 2170/2490 [g=190, 134307 evaluated, 134306 expanded, t=8242.32s]
Best heuristic value: 2169/2490 [g=192, 136287 evaluated, 136286 expanded, t=8354.93s]
Best heuristic value: 2168/2490 [g=194, 138233 evaluated, 138232 expanded, t=8465.62s]
Best heuristic value: 2167/2490 [g=196, 140221 evaluated, 140220 expanded, t=8578.81s]
Best heuristic value: 2166/2490 [g=198, 141967 evaluated, 141966 expanded, t=8678.14s]
Best heuristic value: 2165/2490 [g=200, 143832 evaluated, 143831 expanded, t=8784.22s]
Best heuristic value: 2164/2490 [g=202, 145746 evaluated, 145745 expanded, t=8893.18s]
Best heuristic value: 2163/2490 [g=204, 147841 evaluated, 147840 expanded, t=9012.53s]
Best heuristic value: 2162/2490 [g=206, 149925 evaluated, 149924 expanded, t=9131.35s]
Best heuristic value: 2161/2490 [g=208, 151937 evaluated, 151936 expanded, t=9246.01s]
Best heuristic value: 2160/2490 [g=210, 154056 evaluated, 154055 expanded, t=9366.82s]
