Parsing... [0.070s CPU, 0.062s wall-clock]
Normalizing task... [0.000s CPU, 0.002s wall-clock]
Instantiating...
Generating Datalog program... [0.020s CPU, 0.022s wall-clock]
Normalizing Datalog program...
Normalizing Datalog program: [0.010s CPU, 0.005s wall-clock]
Preparing model... [0.070s CPU, 0.077s wall-clock]
Generated 44 rules.
Computing model... [4.810s CPU, 4.806s wall-clock]
112764 relevant atoms
90397 auxiliary atoms
203161 final queue length
327905 total queue pushes
Completing instantiation... [12.920s CPU, 12.928s wall-clock]
Instantiating: [17.990s CPU, 17.991s wall-clock]
Computing fact groups...
Finding invariants...
24 initial candidates
Finding invariants: [0.070s CPU, 0.074s wall-clock]
Checking invariant weight... [0.090s CPU, 0.085s wall-clock]
Instantiating groups... [0.230s CPU, 0.237s wall-clock]
Collecting mutex groups... [0.020s CPU, 0.028s wall-clock]
Choosing groups...
4050 uncovered facts
Choosing groups: [0.060s CPU, 0.061s wall-clock]
Building translation key... [0.040s CPU, 0.040s wall-clock]
Computing fact groups: [0.760s CPU, 0.765s wall-clock]
Building STRIPS to SAS dictionary... [0.020s CPU, 0.023s wall-clock]
Building dictionary for full mutex groups... [0.020s CPU, 0.023s wall-clock]
Building mutex information...
Building mutex information: [0.040s CPU, 0.035s wall-clock]
Translating task...
Processing axioms...
Simplifying axioms... [0.000s CPU, 0.000s wall-clock]
Processing axioms: [0.730s CPU, 0.729s wall-clock]
Translating task: [10.460s CPU, 10.451s wall-clock]
0 implied effects removed
0 effect conditions simplified
0 implied preconditions added
Detecting unreachable propositions...
0 operators removed
481 propositions removed
Detecting unreachable propositions: [1.300s CPU, 1.303s wall-clock]
Translator variables: 4531
Translator derived variables: 0
Translator facts: 13111
Translator mutex groups: 601
Translator total mutex groups size: 5251
Translator operators: 100474
Translator task size: 646558
Translator peak memory: 613392 KB
Writing output... [1.810s CPU, 1.810s wall-clock]
Done! [33.310s CPU, 33.307s wall-clock]
