This is a unit task.
reading input... [t=0s]
Simplifying transitions... done!
done reading input! [t=0s]
building causal graph...done! [t=0s]
packing state variables...Variables: 14
Bytes per state: 4
done! [t=0s]
done initalizing global data [t=0s]
Initializing Exploration...
Generating landmarks using the RPG/SAS+ approach
approx. reasonable orders
approx. obedient reasonable orders
Removed 0 reasonable or obedient reasonable orders
Landmarks generation time: 0.00123275s
Discovered 21 landmarks, of which 3 are disjunctive and 0 are conjunctive 
41 edges
Initializing LAMA-FF Synergy Object
Initializing landmarks count heuristic...
11 initial landmarks, 2 goal landmarks
Starting search: lazy_greedy(list(hff, hlm), preferred = list(hff, hlm))
Conducting lazy best first search, (real) bound = 2147483647
Best heuristic value: 10/10 [g=0, 1 evaluated, 0 expanded, t=0s, 3848 KB]
Best heuristic value: 9/10 [g=1, 2 evaluated, 1 expanded, t=0s, 3848 KB]
Best heuristic value: 8/9 [g=2, 3 evaluated, 2 expanded, t=0s, 3848 KB]
Best heuristic value: 7/9 [g=3, 4 evaluated, 3 expanded, t=0s, 3848 KB]
Best heuristic value: 5/7 [g=4, 6 evaluated, 5 expanded, t=0s, 3848 KB]
Best heuristic value: 5/6 [g=5, 7 evaluated, 6 expanded, t=0s, 3848 KB]
Best heuristic value: 5/5 [g=6, 8 evaluated, 7 expanded, t=0s, 3848 KB]
Best heuristic value: 4/5 [g=7, 10 evaluated, 9 expanded, t=0s, 3848 KB]
Best heuristic value: 4/4 [g=7, 11 evaluated, 10 expanded, t=0s, 3848 KB]
Best heuristic value: 3/4 [g=8, 12 evaluated, 11 expanded, t=0s, 3848 KB]
Best heuristic value: 3/3 [g=8, 13 evaluated, 12 expanded, t=0s, 3848 KB]
Best heuristic value: 2/2 [g=9, 15 evaluated, 14 expanded, t=0s, 3848 KB]
Best heuristic value: 1/1 [g=10, 16 evaluated, 15 expanded, t=0s, 3848 KB]
Solution found!
Actual search time: 0s [t=0s]
lift hoist1 crate0 pallet1 distributor0 (1)
lift hoist0 crate1 pallet0 depot0 (1)
drive truck0 distributor1 distributor0 (1)
load hoist1 crate0 truck0 distributor0 (1)
drive truck0 distributor0 distributor1 (1)
unload hoist2 crate0 truck0 distributor1 (1)
load hoist0 crate1 truck1 depot0 (1)
drive truck1 depot0 distributor0 (1)
unload hoist1 crate1 truck1 distributor0 (1)
drop hoist1 crate1 pallet1 distributor0 (1)
drop hoist2 crate0 pallet2 distributor1 (1)
Plan length: 11 step(s).
Plan cost: 11
Initial state h value: 10/10.
Expanded 16 state(s).
Reopened 0 state(s).
Evaluated 17 state(s).
Evaluations: 34
Generated 111 state(s).
Dead ends: 0 state(s).
Best solution cost so far: 11
Solution found - keep searching
Starting search: lazy_wastar(list(hff, hlm), preferred = list(hff, hlm), w = 5)
Conducting lazy best first search, (real) bound = 11
Best heuristic value: 10/10 [g=0, 1 evaluated, 0 expanded, t=0s, 3984 KB]
Best heuristic value: 9/10 [g=1, 2 evaluated, 1 expanded, t=0s, 3984 KB]
Best heuristic value: 8/9 [g=2, 3 evaluated, 2 expanded, t=0s, 3984 KB]
Best heuristic value: 7/9 [g=3, 4 evaluated, 3 expanded, t=0s, 3984 KB]
Best heuristic value: 5/7 [g=4, 6 evaluated, 5 expanded, t=0s, 3984 KB]
Best heuristic value: 5/6 [g=5, 7 evaluated, 6 expanded, t=0s, 3984 KB]
Best heuristic value: 5/5 [g=6, 8 evaluated, 7 expanded, t=0s, 3984 KB]
Best heuristic value: 4/5 [g=7, 10 evaluated, 9 expanded, t=0s, 3984 KB]
Best heuristic value: 4/4 [g=7, 11 evaluated, 10 expanded, t=0s, 3984 KB]
Best heuristic value: 3/4 [g=8, 12 evaluated, 11 expanded, t=0s, 3984 KB]
Best heuristic value: 3/3 [g=8, 13 evaluated, 12 expanded, t=0s, 3984 KB]
Best heuristic value: 2/2 [g=9, 15 evaluated, 14 expanded, t=0s, 3984 KB]
Best heuristic value: 1/1 [g=10, 16 evaluated, 15 expanded, t=0s, 3984 KB]
Solution found!
Actual search time: 0s [t=0s]
lift hoist1 crate0 pallet1 distributor0 (1)
lift hoist0 crate1 pallet0 depot0 (1)
load hoist0 crate1 truck1 depot0 (1)
drive truck1 depot0 distributor0 (1)
load hoist1 crate0 truck1 distributor0 (1)
unload hoist1 crate1 truck1 distributor0 (1)
drive truck1 distributor0 distributor1 (1)
unload hoist2 crate0 truck1 distributor1 (1)
drop hoist1 crate1 pallet1 distributor0 (1)
drop hoist2 crate0 pallet2 distributor1 (1)
Plan length: 10 step(s).
Plan cost: 10
Initial state h value: 10/10.
Expanded 49 state(s).
Reopened 2 state(s).
Evaluated 50 state(s).
Evaluations: 100
Generated 321 state(s).
Dead ends: 0 state(s).
Best solution cost so far: 10
Solution found - keep searching
Starting search: lazy_wastar(list(hff, hlm), preferred = list(hff, hlm), w = 3)
Conducting lazy best first search, (real) bound = 10
Best heuristic value: 10/10 [g=0, 1 evaluated, 0 expanded, t=0s, 3984 KB]
Best heuristic value: 9/10 [g=1, 2 evaluated, 1 expanded, t=0s, 3984 KB]
Best heuristic value: 8/9 [g=2, 3 evaluated, 2 expanded, t=0s, 3984 KB]
Best heuristic value: 7/9 [g=3, 4 evaluated, 3 expanded, t=0s, 3984 KB]
Best heuristic value: 5/7 [g=4, 6 evaluated, 5 expanded, t=0s, 3984 KB]
Best heuristic value: 5/6 [g=5, 7 evaluated, 6 expanded, t=0s, 3984 KB]
Best heuristic value: 5/5 [g=6, 8 evaluated, 7 expanded, t=0s, 3984 KB]
Best heuristic value: 4/5 [g=7, 10 evaluated, 9 expanded, t=0s, 3984 KB]
Best heuristic value: 4/4 [g=7, 12 evaluated, 11 expanded, t=0s, 3984 KB]
Best heuristic value: 3/3 [g=8, 14 evaluated, 13 expanded, t=0s, 3984 KB]
Best heuristic value: 2/2 [g=9, 16 evaluated, 15 expanded, t=0s, 3984 KB]
Best heuristic value: 1/1 [g=9, 44 evaluated, 43 expanded, 1 reopened, t=0s, 3984 KB]
Completely explored state space -- no solution!
Actual search time: 0.02s [t=0.02s]
Initial state h value: 10/10.
Expanded 628 state(s).
Reopened 225 state(s).
Evaluated 628 state(s).
Evaluations: 1256
Generated 3931 state(s).
Dead ends: 0 state(s).
Best solution cost so far: 10
No solution found - keep searching
Starting search: lazy_wastar(list(hff, hlm), preferred = list(hff, hlm), w = 2)
Conducting lazy best first search, (real) bound = 10
Best heuristic value: 10/10 [g=0, 1 evaluated, 0 expanded, t=0.02s, 4112 KB]
Best heuristic value: 9/10 [g=1, 2 evaluated, 1 expanded, t=0.02s, 4112 KB]
Best heuristic value: 8/9 [g=2, 3 evaluated, 2 expanded, t=0.02s, 4112 KB]
Best heuristic value: 7/9 [g=3, 5 evaluated, 4 expanded, t=0.02s, 4112 KB]
Best heuristic value: 5/7 [g=4, 7 evaluated, 6 expanded, t=0.02s, 4112 KB]
Best heuristic value: 5/6 [g=5, 8 evaluated, 7 expanded, t=0.02s, 4112 KB]
Best heuristic value: 5/5 [g=6, 9 evaluated, 8 expanded, t=0.02s, 4112 KB]
Best heuristic value: 4/5 [g=7, 11 evaluated, 10 expanded, t=0.02s, 4112 KB]
Best heuristic value: 4/4 [g=7, 13 evaluated, 12 expanded, t=0.02s, 4112 KB]
Best heuristic value: 3/3 [g=8, 15 evaluated, 14 expanded, t=0.02s, 4112 KB]
Best heuristic value: 2/2 [g=9, 17 evaluated, 16 expanded, t=0.02s, 4112 KB]
Best heuristic value: 1/1 [g=9, 49 evaluated, 48 expanded, 1 reopened, t=0.04s, 4112 KB]
Completely explored state space -- no solution!
Actual search time: 0.02s [t=0.04s]
Initial state h value: 10/10.
Expanded 556 state(s).
Reopened 153 state(s).
Evaluated 556 state(s).
Evaluations: 1112
Generated 3472 state(s).
Dead ends: 0 state(s).
Best solution cost so far: 10
No solution found - keep searching
Starting search: lazy_wastar(list(hff, hlm), preferred = list(hff, hlm), w = 1)
Conducting lazy best first search, (real) bound = 10
Best heuristic value: 10/10 [g=0, 1 evaluated, 0 expanded, t=0.04s, 4112 KB]
Best heuristic value: 9/10 [g=1, 2 evaluated, 1 expanded, t=0.04s, 4112 KB]
Best heuristic value: 9/9 [g=1, 3 evaluated, 2 expanded, t=0.04s, 4112 KB]
Best heuristic value: 8/9 [g=2, 6 evaluated, 5 expanded, t=0.04s, 4112 KB]
Best heuristic value: 8/8 [g=2, 11 evaluated, 10 expanded, t=0.04s, 4112 KB]
Best heuristic value: 7/8 [g=3, 12 evaluated, 11 expanded, t=0.04s, 4112 KB]
Best heuristic value: 7/7 [g=3, 14 evaluated, 13 expanded, t=0.04s, 4112 KB]
Best heuristic value: 6/7 [g=4, 15 evaluated, 14 expanded, t=0.04s, 4112 KB]
Best heuristic value: 5/7 [g=4, 24 evaluated, 23 expanded, t=0.04s, 4112 KB]
Best heuristic value: 5/6 [g=5, 27 evaluated, 26 expanded, t=0.04s, 4112 KB]
Best heuristic value: 4/6 [g=5, 30 evaluated, 29 expanded, t=0.04s, 4112 KB]
Best heuristic value: 4/5 [g=6, 32 evaluated, 31 expanded, t=0.04s, 4112 KB]
Best heuristic value: 3/4 [g=6, 39 evaluated, 38 expanded, t=0.04s, 4112 KB]
Best heuristic value: 3/3 [g=7, 40 evaluated, 39 expanded, t=0.04s, 4112 KB]
Best heuristic value: 2/3 [g=7, 41 evaluated, 40 expanded, t=0.04s, 4112 KB]
Best heuristic value: 2/2 [g=8, 42 evaluated, 41 expanded, t=0.04s, 4112 KB]
Best heuristic value: 1/1 [g=9, 45 evaluated, 44 expanded, t=0.04s, 4112 KB]
Completely explored state space -- no solution!
Actual search time: 0.02s [t=0.06s]
Initial state h value: 10/10.
Expanded 500 state(s).
Reopened 97 state(s).
Evaluated 500 state(s).
Evaluations: 1000
Generated 3119 state(s).
Dead ends: 0 state(s).
Best solution cost so far: 10
No solution found - keep searching
Actual search time: 0.06s [t=0.06s]
Cumulative statistics:
Expanded 1749 state(s).
Reopened 477 state(s).
Evaluated 1751 state(s).
Evaluations: 3502
Generated 10954 state(s).
Dead ends: 0 state(s).
Search time: 0.06s
Total time: 0.06s
Solution found.
Peak memory: 4112 KB
real 0.10
user 0.08
sys 0.02
maxmem 1644
