Dispatcher selected state size 1.
This is a nonunit task.
Simplifying transitions... done!
Initializing Exploration...
Generating landmarks using the RPG/SAS+ approach
approx. reasonable orders
approx. obedient reasonable orders
Removed 0 reasonable or obedient reasonable orders
Landmarks generation time: 0.0131649s
Discovered 47 landmarks, of which 4 are disjunctive and 0 are conjunctive 
72 edges
Initializing LAMA-FF Synergy Object
Initializing landmarks count heuristic...
21 initial landmarks, 15 goal landmarks
Initializing Exploration...
Generating landmarks using the RPG/SAS+ approach
Switch from bucket-based to heap-based queue at key = 108, num_pushes = 94
approx. reasonable orders
approx. obedient reasonable orders
Removed 0 reasonable or obedient reasonable orders
Landmarks generation time: 0.0131378s
Discovered 47 landmarks, of which 4 are disjunctive and 0 are conjunctive 
72 edges
Initializing LAMA-FF Synergy Object
Initializing landmarks count heuristic...
21 initial landmarks, 15 goal landmarks
Starting search: lazy_greedy(list(hff1, hlm1), preferred = list(hff1, hlm1), cost_type = 1, reopen_closed = false)
Conducting lazy best first search, (real) bound = 2147483647
Best heuristic value: 26/14 [g=0, 1 evaluated, 0 expanded, t=0.02s]
Best heuristic value: 24/13 [g=1, 2 evaluated, 1 expanded, t=0.02s]
Best heuristic value: 23/12 [g=2, 3 evaluated, 2 expanded, t=0.02s]
Best heuristic value: 18/11 [g=3, 4 evaluated, 3 expanded, t=0.02s]
Best heuristic value: 14/10 [g=4, 5 evaluated, 4 expanded, t=0.02s]
Best heuristic value: 13/9 [g=5, 7 evaluated, 5 expanded, t=0.02s]
Best heuristic value: 12/8 [g=6, 10 evaluated, 6 expanded, t=0.02s]
Best heuristic value: 11/7 [g=7, 13 evaluated, 7 expanded, t=0.02s]
Best heuristic value: 8/5 [g=8, 16 evaluated, 8 expanded, t=0.02s]
Best heuristic value: 7/4 [g=9, 18 evaluated, 9 expanded, t=0.02s]
Best heuristic value: 2/2 [g=10, 20 evaluated, 10 expanded, t=0.02s]
Best heuristic value: 1/1 [g=11, 21 evaluated, 11 expanded, t=0.02s]
Solution found!
Actual search time: 0s [t=0.02s]
do-plane p2 planer0 rough black colourfragments (10)
do-glaze p2 glazer0 green (10)
do-saw-large b1 p3 saw0 mahogany rough s5 s3 s4 s2 (30)
do-saw-medium b1 p0 saw0 mahogany rough s2 s1 s0 (30)
do-plane p3 planer0 rough natural untreated (30)
do-plane p0 planer0 rough natural untreated (20)
do-immersion-varnish p0 immersion-varnisher0 green smooth (10)
do-saw-medium b0 p4 saw0 teak rough s3 s2 s1 (30)
do-glaze p4 glazer0 green (15)
do-saw-small b0 p1 saw0 teak rough s1 s0 (30)
do-plane p1 planer0 rough natural untreated (10)
do-immersion-varnish p1 immersion-varnisher0 green smooth (10)
Plan length: 12 step(s).
Plan cost: 235
Initial state h value: 26/14.
Expanded 12 state(s).
Reopened 0 state(s).
Evaluated 22 state(s).
Evaluations: 44
Generated 175 state(s).
Dead ends: 9 state(s).
Best solution cost so far: 235
Solution found - keep searching
Starting search: lazy_greedy(list(hff2, hlm2), preferred = list(hff2, hlm2), reopen_closed = false)
Conducting lazy best first search, (real) bound = 235
Best heuristic value: 311/273 [g=0, 1 evaluated, 0 expanded, t=0.02s]
Best heuristic value: 289/257 [g=10, 2 evaluated, 1 expanded, t=0.02s]
Best heuristic value: 283/251 [g=15, 3 evaluated, 2 expanded, t=0.02s]
Best heuristic value: 239/220 [g=45, 5 evaluated, 3 expanded, t=0.02s]
Best heuristic value: 206/189 [g=75, 7 evaluated, 4 expanded, t=0.02s]
Best heuristic value: 151/158 [g=105, 9 evaluated, 5 expanded, t=0.02s]
Best heuristic value: 135/142 [g=120, 11 evaluated, 6 expanded, t=0.02s]
Best heuristic value: 114/121 [g=140, 13 evaluated, 7 expanded, t=0.02s]
Best heuristic value: 103/110 [g=150, 15 evaluated, 8 expanded, t=0.02s]
Best heuristic value: 92/99 [g=160, 17 evaluated, 9 expanded, t=0.04s]
Best heuristic value: 86/93 [g=165, 19 evaluated, 10 expanded, t=0.04s]
Best heuristic value: 31/31 [g=195, 21 evaluated, 11 expanded, t=0.04s]
Solution found!
Actual search time: 0.02s [t=0.04s]
do-plane p2 planer0 rough black colourfragments (10)
do-spray-varnish p2 spray-varnisher0 green smooth (5)
do-saw-medium b0 p0 saw0 teak rough s3 s2 s1 (30)
do-saw-medium b0 p4 saw0 teak rough s3 s2 s1 (30)
do-saw-small b0 p1 saw0 teak rough s3 s2 (30)
do-glaze p4 glazer0 green (15)
do-plane p0 planer0 rough natural untreated (20)
do-immersion-varnish p0 immersion-varnisher0 green smooth (10)
do-plane p1 planer0 rough natural untreated (10)
do-spray-varnish p1 spray-varnisher0 green smooth (5)
do-saw-large b1 p3 saw0 mahogany rough s5 s3 s4 s2 (30)
do-plane p3 planer0 rough natural untreated (30)
Plan length: 12 step(s).
Plan cost: 225
Initial state h value: 311/273.
Expanded 12 state(s).
Reopened 0 state(s).
Evaluated 22 state(s).
Evaluations: 44
Generated 145 state(s).
Dead ends: 9 state(s).
Best solution cost so far: 225
Solution found - keep searching
Starting search: lazy_wastar(list(hff2, hlm2), preferred = list(hff2, hlm2), w = 5)
Conducting lazy best first search, (real) bound = 225
Best heuristic value: 311/273 [g=0, 1 evaluated, 0 expanded, t=0.04s]
Best heuristic value: 289/257 [g=10, 2 evaluated, 1 expanded, t=0.04s]
Best heuristic value: 283/251 [g=15, 3 evaluated, 2 expanded, t=0.04s]
Best heuristic value: 239/220 [g=45, 5 evaluated, 3 expanded, t=0.04s]
Best heuristic value: 218/199 [g=65, 6 evaluated, 4 expanded, t=0.04s]
Best heuristic value: 207/188 [g=75, 7 evaluated, 5 expanded, t=0.04s]
Best heuristic value: 174/157 [g=105, 9 evaluated, 6 expanded, t=0.04s]
Best heuristic value: 158/141 [g=120, 10 evaluated, 7 expanded, t=0.04s]
Best heuristic value: 103/110 [g=150, 12 evaluated, 8 expanded, t=0.04s]
Best heuristic value: 92/99 [g=160, 13 evaluated, 9 expanded, t=0.04s]
Best heuristic value: 86/93 [g=165, 14 evaluated, 10 expanded, t=0.04s]
Best heuristic value: 31/31 [g=195, 16 evaluated, 11 expanded, t=0.04s]
Best heuristic value: 6/6 [g=220, 19 evaluated, 13 expanded, t=0.04s]
Solution found!
Actual search time: 9.98s [t=10.02s]
do-plane p2 planer0 rough black colourfragments (10)
do-spray-varnish p2 spray-varnisher0 green smooth (5)
do-saw-medium b0 p0 saw0 teak rough s3 s2 s1 (30)
do-plane p0 planer0 rough natural untreated (20)
do-immersion-varnish p0 immersion-varnisher0 green smooth (10)
do-saw-large b1 p3 saw0 mahogany rough s5 s3 s4 s2 (30)
do-plane p3 planer0 rough natural untreated (30)
load-highspeed-saw b0 highspeed-saw0 (30)
cut-board-medium b0 p4 highspeed-saw0 teak rough s3 s2 s1 (10)
cut-board-small b0 p1 highspeed-saw0 teak rough s3 s2 (10)
do-plane p1 planer0 rough natural untreated (10)
do-spray-varnish p1 spray-varnisher0 green smooth (5)
do-glaze p4 glazer0 green (15)
Plan length: 13 step(s).
Plan cost: 215
Initial state h value: 311/273.
Expanded 103304 state(s).
Reopened 23836 state(s).
Evaluated 118267 state(s).
Evaluations: 236534
Generated 1432668 state(s).
Dead ends: 14962 state(s).
Best solution cost so far: 215
Solution found - keep searching
Starting search: lazy_wastar(list(hff2, hlm2), preferred = list(hff2, hlm2), w = 3)
Conducting lazy best first search, (real) bound = 215
Best heuristic value: 311/273 [g=0, 1 evaluated, 0 expanded, t=10.02s]
Best heuristic value: 289/257 [g=10, 2 evaluated, 1 expanded, t=10.02s]
Best heuristic value: 283/251 [g=15, 3 evaluated, 2 expanded, t=10.02s]
Best heuristic value: 239/220 [g=45, 6 evaluated, 4 expanded, t=10.02s]
Best heuristic value: 218/199 [g=65, 7 evaluated, 5 expanded, t=10.02s]
Best heuristic value: 207/188 [g=75, 8 evaluated, 6 expanded, t=10.02s]
Best heuristic value: 174/157 [g=105, 10 evaluated, 7 expanded, t=10.02s]
Best heuristic value: 158/141 [g=120, 11 evaluated, 8 expanded, t=10.02s]
Best heuristic value: 103/110 [g=150, 13 evaluated, 9 expanded, t=10.02s]
Best heuristic value: 92/99 [g=160, 14 evaluated, 10 expanded, t=10.02s]
Best heuristic value: 86/93 [g=165, 15 evaluated, 11 expanded, t=10.02s]
Best heuristic value: 31/31 [g=195, 17 evaluated, 12 expanded, t=10.04s]
Best heuristic value: 17/17 [g=210, 22 evaluated, 15 expanded, t=10.04s]
Best heuristic value: 16/16 [g=210, 46 evaluated, 29 expanded, t=10.04s]
Best heuristic value: 6/6 [g=210, 65723 evaluated, 56348 expanded, 10610 reopened, t=15.88s]
Solution found!
Actual search time: 38.84s [t=48.86s]
do-plane p2 planer0 rough black colourfragments (10)
do-spray-varnish p2 spray-varnisher0 green smooth (5)
do-saw-large b1 p3 saw0 mahogany rough s5 s3 s4 s2 (30)
do-plane p3 planer0 rough natural untreated (30)
load-highspeed-saw b0 highspeed-saw0 (30)
cut-board-medium b0 p0 highspeed-saw0 teak rough s3 s2 s1 (10)
cut-board-medium b0 p4 highspeed-saw0 teak rough s3 s2 s1 (10)
cut-board-small b0 p1 highspeed-saw0 teak rough s3 s2 (10)
do-plane p1 planer0 rough natural untreated (10)
do-spray-varnish p1 spray-varnisher0 green smooth (5)
do-glaze p4 glazer0 green (15)
do-plane p0 planer0 rough natural untreated (20)
do-immersion-varnish p0 immersion-varnisher0 green smooth (10)
Plan length: 13 step(s).
Plan cost: 195
Initial state h value: 311/273.
Expanded 308462 state(s).
Reopened 126877 state(s).
Evaluated 384139 state(s).
Evaluations: 768278
Generated 4166076 state(s).
Dead ends: 75676 state(s).
Best solution cost so far: 195
Solution found - keep searching
Starting search: lazy_wastar(list(hff2, hlm2), preferred = list(hff2, hlm2), w = 2)
Conducting lazy best first search, (real) bound = 195
Best heuristic value: 311/273 [g=0, 1 evaluated, 0 expanded, t=48.86s]
Best heuristic value: 289/257 [g=10, 2 evaluated, 1 expanded, t=48.86s]
Best heuristic value: 283/251 [g=15, 3 evaluated, 2 expanded, t=48.86s]
Best heuristic value: 239/220 [g=45, 6 evaluated, 4 expanded, t=48.86s]
Best heuristic value: 218/199 [g=65, 7 evaluated, 5 expanded, t=48.86s]
Best heuristic value: 207/188 [g=75, 8 evaluated, 6 expanded, t=48.86s]
Best heuristic value: 174/157 [g=105, 10 evaluated, 7 expanded, t=48.86s]
Best heuristic value: 158/141 [g=120, 11 evaluated, 8 expanded, t=48.86s]
Best heuristic value: 103/110 [g=150, 13 evaluated, 9 expanded, t=48.86s]
Best heuristic value: 92/99 [g=160, 14 evaluated, 10 expanded, t=48.86s]
Best heuristic value: 86/93 [g=165, 15 evaluated, 11 expanded, t=48.88s]
Best heuristic value: 37/37 [g=190, 17 evaluated, 12 expanded, t=48.88s]
Best heuristic value: 33/33 [g=185, 21405 evaluated, 17415 expanded, 1241 reopened, t=50.6s]
Best heuristic value: 33/28 [g=190, 21407 evaluated, 17417 expanded, 1241 reopened, t=50.6s]
Best heuristic value: 33/27 [g=190, 21410 evaluated, 17420 expanded, 1241 reopened, t=50.6s]
Best heuristic value: 28/27 [g=190, 26694 evaluated, 21693 expanded, 1998 reopened, t=51.08s]
Best heuristic value: 27/27 [g=190, 31700 evaluated, 25677 expanded, 2855 reopened, t=51.52s]
Best heuristic value: 11/11 [g=185, 147265 evaluated, 114194 expanded, 35262 reopened, t=62.52s]
Best heuristic value: 6/6 [g=190, 147270 evaluated, 114199 expanded, 35264 reopened, t=62.52s]
Completely explored state space -- no solution!
Actual search time: 52.18s [t=101.04s]
Initial state h value: 311/273.
Expanded 392150 state(s).
Reopened 216964 state(s).
Evaluated 489911 state(s).
Evaluations: 979822
Generated 5214211 state(s).
Dead ends: 97761 state(s).
Best solution cost so far: 195
No solution found - keep searching
Starting search: lazy_wastar(list(hff2, hlm2), preferred = list(hff2, hlm2), w = 1)
Conducting lazy best first search, (real) bound = 195
Best heuristic value: 311/273 [g=0, 1 evaluated, 0 expanded, t=101.04s]
Best heuristic value: 289/257 [g=10, 2 evaluated, 1 expanded, t=101.04s]
Best heuristic value: 283/251 [g=15, 3 evaluated, 2 expanded, t=101.04s]
Best heuristic value: 239/220 [g=45, 6 evaluated, 4 expanded, t=101.04s]
Best heuristic value: 218/199 [g=65, 7 evaluated, 5 expanded, t=101.04s]
Best heuristic value: 207/188 [g=75, 8 evaluated, 6 expanded, t=101.04s]
Best heuristic value: 174/157 [g=105, 10 evaluated, 7 expanded, t=101.04s]
Best heuristic value: 158/141 [g=120, 11 evaluated, 8 expanded, t=101.04s]
Best heuristic value: 103/110 [g=150, 13 evaluated, 9 expanded, t=101.04s]
Best heuristic value: 92/99 [g=160, 14 evaluated, 10 expanded, t=101.04s]
Best heuristic value: 86/93 [g=165, 15 evaluated, 11 expanded, t=101.04s]
Best heuristic value: 37/37 [g=190, 17 evaluated, 12 expanded, t=101.04s]
Best heuristic value: 33/33 [g=185, 17225 evaluated, 14419 expanded, 697 reopened, t=102.44s]
Best heuristic value: 33/28 [g=190, 17227 evaluated, 14421 expanded, 697 reopened, t=102.44s]
Best heuristic value: 33/27 [g=190, 17230 evaluated, 14424 expanded, 697 reopened, t=102.44s]
Best heuristic value: 32/27 [g=185, 18426 evaluated, 15202 expanded, 735 reopened, t=102.54s]
Best heuristic value: 27/27 [g=190, 18427 evaluated, 15203 expanded, 735 reopened, t=102.54s]
Best heuristic value: 11/11 [g=185, 41587 evaluated, 34945 expanded, 5418 reopened, t=104.5s]
Best heuristic value: 6/6 [g=190, 41595 evaluated, 34953 expanded, 5421 reopened, t=104.5s]
Completely explored state space -- no solution!
Actual search time: 39.92s [t=140.96s]
Initial state h value: 311/273.
Expanded 287366 state(s).
Reopened 112180 state(s).
Evaluated 385127 state(s).
Evaluations: 770254
Generated 3816128 state(s).
Dead ends: 97761 state(s).
Best solution cost so far: 195
No solution found - keep searching
Actual search time: 140.94s [t=140.96s]
Cumulative statistics:
Expanded 1091306 state(s).
Reopened 479857 state(s).
Evaluated 1377488 state(s).
Evaluations: 2754976
Generated 14629403 state(s).
Dead ends: 0 state(s).
Search time: 140.94s
Total time: 140.96s
Solution found.
Peak memory: 125028 KB
