Parsing... [0.010s CPU, 0.029s wall-clock]
Normalizing task... [0.000s CPU, 0.001s wall-clock]
Instantiating...
Generating Datalog program... [0.000s CPU, 0.001s wall-clock]
Normalizing Datalog program...
Normalizing Datalog program: [0.020s CPU, 0.015s wall-clock]
Preparing model... [0.000s CPU, 0.008s wall-clock]
Generated 198 rules.
Computing model... [0.060s CPU, 0.049s wall-clock]
679 relevant atoms
1511 auxiliary atoms
2190 final queue length
3583 total queue pushes
Completing instantiation... [0.050s CPU, 0.058s wall-clock]
Instantiating: [0.130s CPU, 0.134s wall-clock]
Computing fact groups...
Finding invariants...
24 initial candidates
Finding invariants: [0.020s CPU, 0.021s wall-clock]
Checking invariant weight... [0.000s CPU, 0.000s wall-clock]
Instantiating groups... [0.010s CPU, 0.002s wall-clock]
Collecting mutex groups... [0.000s CPU, 0.000s wall-clock]
Choosing groups...
37 uncovered facts
Choosing groups: [0.000s CPU, 0.001s wall-clock]
Building translation key... [0.000s CPU, 0.000s wall-clock]
Computing fact groups: [0.030s CPU, 0.025s wall-clock]
Building STRIPS to SAS dictionary... [0.000s CPU, 0.000s wall-clock]
Building dictionary for full mutex groups... [0.000s CPU, 0.000s wall-clock]
Building mutex information...
Building mutex information: [0.000s CPU, 0.000s wall-clock]
Translating task...
Processing axioms...
Simplifying axioms... [0.000s CPU, 0.000s wall-clock]
Processing axioms: [0.000s CPU, 0.003s wall-clock]
Translating task: [0.040s CPU, 0.038s wall-clock]
288 implied effects removed
44 effect conditions simplified
0 implied preconditions added
Detecting unreachable propositions...
8 operators removed
19 propositions removed
Detecting unreachable propositions: [0.010s CPU, 0.007s wall-clock]
Translator variables: 46
Translator derived variables: 0
Translator facts: 117
Translator mutex groups: 19
Translator total mutex groups size: 63
Translator operators: 428
Translator task size: 3691
Translator peak memory: 45968 KB
Writing output... [0.010s CPU, 0.036s wall-clock]
Done! [0.230s CPU, 0.275s wall-clock]
