Parsing... [0.000s CPU, 0.007s wall-clock]
Normalizing task... [0.000s CPU, 0.000s wall-clock]
Instantiating...
Generating Datalog program... [0.000s CPU, 0.001s wall-clock]
Normalizing Datalog program...
Normalizing Datalog program: [0.010s CPU, 0.005s wall-clock]
Preparing model... [0.000s CPU, 0.004s wall-clock]
Generated 69 rules.
Computing model... [0.050s CPU, 0.042s wall-clock]
955 relevant atoms
1420 auxiliary atoms
2375 final queue length
3596 total queue pushes
Completing instantiation... [0.100s CPU, 0.114s wall-clock]
Instantiating: [0.170s CPU, 0.168s wall-clock]
Computing fact groups...
Finding invariants...
15 initial candidates
Finding invariants: [0.000s CPU, 0.005s wall-clock]
Checking invariant weight... [0.000s CPU, 0.000s wall-clock]
Instantiating groups... [0.010s CPU, 0.002s wall-clock]
Collecting mutex groups... [0.000s CPU, 0.000s wall-clock]
Choosing groups...
43 uncovered facts
Choosing groups: [0.000s CPU, 0.000s wall-clock]
Building translation key... [0.000s CPU, 0.000s wall-clock]
Computing fact groups: [0.010s CPU, 0.009s wall-clock]
Building STRIPS to SAS dictionary... [0.000s CPU, 0.000s wall-clock]
Building dictionary for full mutex groups... [0.000s CPU, 0.000s wall-clock]
Building mutex information...
Building mutex information: [0.000s CPU, 0.000s wall-clock]
Translating task...
Processing axioms...
Simplifying axioms... [0.000s CPU, 0.000s wall-clock]
Processing axioms: [0.000s CPU, 0.004s wall-clock]
Translating task: [0.040s CPU, 0.049s wall-clock]
84 implied effects removed
528 effect conditions simplified
0 implied preconditions added
Detecting unreachable propositions...
0 operators removed
8 propositions removed
Detecting unreachable propositions: [0.020s CPU, 0.009s wall-clock]
Translator variables: 47
Translator derived variables: 0
Translator facts: 132
Translator mutex groups: 12
Translator total mutex groups size: 64
Translator operators: 656
Translator task size: 4636
Translator peak memory: 42200 KB
Writing output... [0.010s CPU, 0.010s wall-clock]
Done! [0.250s CPU, 0.256s wall-clock]
