Dispatcher selected state size 1.
This is a nonunit task.
Simplifying transitions... done!
Initializing Exploration...
Generating landmarks using the RPG/SAS+ approach
approx. reasonable orders
approx. obedient reasonable orders
Removed 0 reasonable or obedient reasonable orders
Landmarks generation time: 0.383119s
Discovered 394 landmarks, of which 0 are disjunctive and 0 are conjunctive 
2036 edges
Initializing LAMA-FF Synergy Object
Initializing landmarks count heuristic...
149 initial landmarks, 24 goal landmarks
Initializing Exploration...
Generating landmarks using the RPG/SAS+ approach
approx. reasonable orders
approx. obedient reasonable orders
Removed 0 reasonable or obedient reasonable orders
Landmarks generation time: 0.39017s
Discovered 394 landmarks, of which 0 are disjunctive and 0 are conjunctive 
2036 edges
Initializing LAMA-FF Synergy Object
Initializing landmarks count heuristic...
149 initial landmarks, 24 goal landmarks
Starting search: lazy_greedy(list(hff1, hlm1), preferred = list(hff1, hlm1), cost_type = 1, reopen_closed = false)
Conducting lazy best first search, (real) bound = 2147483647
Best heuristic value: 245/252 [g=0, 1 evaluated, 0 expanded, t=0.91s]
Best heuristic value: 245/251 [g=1, 3 evaluated, 2 expanded, t=0.91s]
Best heuristic value: 245/245 [g=2, 8 evaluated, 7 expanded, t=0.92s]
Best heuristic value: 244/245 [g=4, 55 evaluated, 41 expanded, t=0.94s]
Best heuristic value: 244/244 [g=5, 56 evaluated, 42 expanded, t=0.94s]
Best heuristic value: 244/243 [g=5, 58 evaluated, 44 expanded, t=0.94s]
Best heuristic value: 243/242 [g=8, 890 evaluated, 732 expanded, t=1.36s]
Best heuristic value: 242/242 [g=9, 891 evaluated, 733 expanded, t=1.36s]
Best heuristic value: 242/241 [g=10, 892 evaluated, 734 expanded, t=1.36s]
Best heuristic value: 241/241 [g=13, 950 evaluated, 790 expanded, t=1.39s]
Best heuristic value: 241/240 [g=14, 952 evaluated, 791 expanded, t=1.39s]
Best heuristic value: 241/239 [g=14, 955 evaluated, 793 expanded, t=1.39s]
Best heuristic value: 240/238 [g=17, 1693 evaluated, 1320 expanded, t=1.75s]
Best heuristic value: 239/238 [g=18, 1695 evaluated, 1321 expanded, t=1.76s]
Best heuristic value: 239/237 [g=19, 1698 evaluated, 1323 expanded, t=1.76s]
Best heuristic value: 238/237 [g=23, 1852 evaluated, 1396 expanded, t=1.83s]
Best heuristic value: 238/236 [g=24, 1855 evaluated, 1398 expanded, t=1.83s]
Best heuristic value: 238/235 [g=24, 1859 evaluated, 1401 expanded, t=1.83s]
Best heuristic value: 237/234 [g=27, 2497 evaluated, 1862 expanded, t=2.15s]
Best heuristic value: 236/234 [g=28, 2501 evaluated, 1865 expanded, t=2.15s]
Best heuristic value: 236/233 [g=29, 2505 evaluated, 1868 expanded, t=2.15s]
Best heuristic value: 236/232 [g=31, 2737 evaluated, 1984 expanded, t=2.26s]
Best heuristic value: 235/232 [g=31, 8105 evaluated, 4037 expanded, t=4.64s]
Best heuristic value: 234/232 [g=32, 8110 evaluated, 4041 expanded, t=4.64s]
Best heuristic value: 234/231 [g=33, 8114 evaluated, 4044 expanded, t=4.65s]
Best heuristic value: 234/230 [g=33, 8119 evaluated, 4048 expanded, t=4.65s]
Best heuristic value: 233/230 [g=37, 33267 evaluated, 13769 expanded, t=16.11s]
Best heuristic value: 232/229 [g=45, 34029 evaluated, 14166 expanded, t=16.47s]
Best heuristic value: 231/229 [g=46, 34036 evaluated, 14172 expanded, t=16.47s]
Best heuristic value: 231/228 [g=47, 34049 evaluated, 14184 expanded, t=16.47s]
Best heuristic value: 230/228 [g=48, 34087 evaluated, 14217 expanded, t=16.49s]
Best heuristic value: 229/228 [g=51, 34254 evaluated, 14336 expanded, t=16.58s]
Best heuristic value: 229/227 [g=50, 34381 evaluated, 14445 expanded, t=16.64s]
Best heuristic value: 229/226 [g=54, 34757 evaluated, 14701 expanded, t=16.85s]
Best heuristic value: 229/225 [g=56, 34815 evaluated, 14754 expanded, t=16.89s]
Best heuristic value: 229/224 [g=58, 34891 evaluated, 14810 expanded, t=16.93s]
Best heuristic value: 229/223 [g=61, 35180 evaluated, 14984 expanded, t=17.1s]
Best heuristic value: 228/222 [g=63, 35197 evaluated, 14998 expanded, t=17.11s]
Best heuristic value: 227/222 [g=64, 35201 evaluated, 15001 expanded, t=17.11s]
Best heuristic value: 227/220 [g=66, 35390 evaluated, 15132 expanded, t=17.23s]
Best heuristic value: 226/220 [g=67, 39584 evaluated, 17702 expanded, t=19.48s]
Best heuristic value: 225/220 [g=68, 39588 evaluated, 17705 expanded, t=19.48s]
Best heuristic value: 225/218 [g=70, 39776 evaluated, 17836 expanded, t=19.58s]
Best heuristic value: 224/218 [g=80, 64399 evaluated, 31065 expanded, t=33.14s]
Best heuristic value: 223/218 [g=83, 66811 evaluated, 32683 expanded, t=34.42s]
Best heuristic value: 222/218 [g=84, 66816 evaluated, 32687 expanded, t=34.43s]
Best heuristic value: 222/216 [g=86, 67002 evaluated, 32817 expanded, t=34.52s]
Best heuristic value: 221/216 [g=86, 140480 evaluated, 70865 expanded, t=77.19s]
Best heuristic value: 220/216 [g=92, 140759 evaluated, 71099 expanded, t=77.33s]
Best heuristic value: 219/216 [g=96, 142825 evaluated, 72144 expanded, t=78.41s]
Best heuristic value: 218/216 [g=102, 143468 evaluated, 72448 expanded, t=78.73s]
Best heuristic value: 217/216 [g=103, 143475 evaluated, 72451 expanded, t=78.73s]
Best heuristic value: 217/215 [g=105, 143490 evaluated, 72460 expanded, t=78.74s]
Best heuristic value: 217/214 [g=106, 143501 evaluated, 72469 expanded, t=78.75s]
Best heuristic value: 216/214 [g=106, 144064 evaluated, 72718 expanded, t=79.03s]
Best heuristic value: 215/214 [g=107, 144068 evaluated, 72721 expanded, t=79.03s]
Best heuristic value: 215/213 [g=109, 144079 evaluated, 72730 expanded, t=79.04s]
Best heuristic value: 215/212 [g=110, 144089 evaluated, 72738 expanded, t=79.04s]
Best heuristic value: 215/211 [g=112, 144193 evaluated, 72821 expanded, t=79.1s]
Best heuristic value: 213/210 [g=114, 144257 evaluated, 72874 expanded, t=79.13s]
Best heuristic value: 213/209 [g=116, 144344 evaluated, 72934 expanded, t=79.18s]
Best heuristic value: 211/208 [g=118, 144416 evaluated, 72989 expanded, t=79.22s]
Best heuristic value: 210/208 [g=119, 144429 evaluated, 73001 expanded, t=79.22s]
Best heuristic value: 210/207 [g=123, 144972 evaluated, 73265 expanded, t=79.51s]
Best heuristic value: 209/207 [g=125, 145033 evaluated, 73318 expanded, t=79.54s]
Best heuristic value: 209/205 [g=126, 145044 evaluated, 73328 expanded, t=79.55s]
Best heuristic value: 208/204 [g=129, 145233 evaluated, 73495 expanded, t=79.66s]
Best heuristic value: 207/204 [g=130, 145240 evaluated, 73501 expanded, t=79.66s]
Best heuristic value: 207/203 [g=132, 145273 evaluated, 73531 expanded, t=79.68s]
Best heuristic value: 207/202 [g=132, 145472 evaluated, 73664 expanded, t=79.8s]
Best heuristic value: 206/202 [g=136, 145627 evaluated, 73800 expanded, t=79.89s]
Best heuristic value: 205/202 [g=138, 145839 evaluated, 73976 expanded, t=80.01s]
Best heuristic value: 204/202 [g=139, 145841 evaluated, 73977 expanded, t=80.02s]
Best heuristic value: 203/202 [g=140, 145864 evaluated, 73998 expanded, t=80.03s]
Best heuristic value: 203/201 [g=142, 145957 evaluated, 74081 expanded, t=80.08s]
Best heuristic value: 203/200 [g=145, 146376 evaluated, 74413 expanded, t=80.31s]
Best heuristic value: 201/199 [g=146, 147433 evaluated, 75061 expanded, t=80.91s]
Best heuristic value: 200/199 [g=147, 147437 evaluated, 75064 expanded, t=80.91s]
Best heuristic value: 200/198 [g=148, 147441 evaluated, 75067 expanded, t=80.92s]
Best heuristic value: 199/197 [g=150, 149238 evaluated, 75960 expanded, t=81.9s]
Best heuristic value: 198/197 [g=151, 149248 evaluated, 75969 expanded, t=81.91s]
Best heuristic value: 198/195 [g=154, 149357 evaluated, 76060 expanded, t=81.98s]
Best heuristic value: 198/194 [g=162, 150374 evaluated, 76691 expanded, t=82.68s]
Best heuristic value: 197/194 [g=163, 150376 evaluated, 76692 expanded, t=82.69s]
Best heuristic value: 196/194 [g=164, 150387 evaluated, 76702 expanded, t=82.7s]
Best heuristic value: 196/193 [g=166, 150429 evaluated, 76739 expanded, t=82.72s]
Best heuristic value: 196/192 [g=177, 151125 evaluated, 77185 expanded, t=83.22s]
Best heuristic value: 195/192 [g=178, 151127 evaluated, 77186 expanded, t=83.22s]
Best heuristic value: 194/192 [g=179, 151138 evaluated, 77196 expanded, t=83.22s]
Best heuristic value: 194/191 [g=181, 151180 evaluated, 77233 expanded, t=83.25s]
Best heuristic value: 192/190 [g=186, 151979 evaluated, 77745 expanded, t=83.84s]
Best heuristic value: 191/190 [g=187, 151989 evaluated, 77754 expanded, t=83.85s]
Best heuristic value: 191/188 [g=189, 152120 evaluated, 77864 expanded, t=83.94s]
Best heuristic value: 191/187 [g=200, 153548 evaluated, 78702 expanded, t=85s]
Best heuristic value: 190/186 [g=202, 153565 evaluated, 78714 expanded, t=85.01s]
Best heuristic value: 189/186 [g=203, 153575 evaluated, 78723 expanded, t=85.02s]
Best heuristic value: 189/184 [g=204, 153593 evaluated, 78739 expanded, t=85.03s]
Best heuristic value: 188/184 [g=218, 176575 evaluated, 91039 expanded, t=100.69s]
Best heuristic value: 187/184 [g=231, 178226 evaluated, 91988 expanded, t=101.65s]
Best heuristic value: 186/184 [g=232, 178236 evaluated, 91997 expanded, t=101.66s]
Best heuristic value: 186/182 [g=233, 178254 evaluated, 92013 expanded, t=101.67s]
Best heuristic value: 185/182 [g=225, 204774 evaluated, 105767 expanded, t=119.67s]
Best heuristic value: 183/182 [g=240, 206563 evaluated, 106721 expanded, t=120.7s]
Best heuristic value: 182/182 [g=241, 206573 evaluated, 106730 expanded, t=120.71s]
Best heuristic value: 182/180 [g=242, 206591 evaluated, 106746 expanded, t=120.72s]
Best heuristic value: 181/180 [g=261, 228261 evaluated, 117829 expanded, t=136.09s]
Best heuristic value: 180/180 [g=262, 228271 evaluated, 117838 expanded, t=136.1s]
Best heuristic value: 180/178 [g=263, 228289 evaluated, 117854 expanded, t=136.11s]
Best heuristic value: 179/178 [g=273, 262247 evaluated, 135356 expanded, t=158.97s]
Best heuristic value: 178/178 [g=274, 262257 evaluated, 135365 expanded, t=158.98s]
Best heuristic value: 178/176 [g=275, 262275 evaluated, 135381 expanded, t=158.99s]
Best heuristic value: 177/176 [g=286, 267276 evaluated, 138129 expanded, t=162.3s]
Best heuristic value: 176/176 [g=290, 317046 evaluated, 163250 expanded, t=200.51s]
Best heuristic value: 175/176 [g=295, 368883 evaluated, 189756 expanded, t=237.08s]
Best heuristic value: 174/176 [g=296, 368893 evaluated, 189765 expanded, t=237.09s]
Best heuristic value: 174/174 [g=297, 368910 evaluated, 189780 expanded, t=237.1s]
Best heuristic value: 173/174 [g=308, 370271 evaluated, 190465 expanded, t=238.24s]
Best heuristic value: 172/174 [g=307, 408858 evaluated, 209436 expanded, t=269.07s]
Best heuristic value: 171/174 [g=308, 408886 evaluated, 209461 expanded, t=269.09s]
Best heuristic value: 170/174 [g=310, 409007 evaluated, 209557 expanded, t=269.18s]
Best heuristic value: 169/174 [g=311, 409017 evaluated, 209566 expanded, t=269.19s]
Best heuristic value: 169/172 [g=312, 409035 evaluated, 209582 expanded, t=269.2s]
Best heuristic value: 168/172 [g=322, 410313 evaluated, 210210 expanded, t=270.24s]
Best heuristic value: 168/171 [g=352, 477380 evaluated, 242111 expanded, t=317.04s]
Best heuristic value: 167/171 [g=358, 478133 evaluated, 242498 expanded, t=317.6s]
Best heuristic value: 167/170 [g=359, 478139 evaluated, 242503 expanded, t=317.6s]
Best heuristic value: 166/170 [g=362, 478218 evaluated, 242566 expanded, t=317.66s]
Best heuristic value: 166/168 [g=364, 478266 evaluated, 242607 expanded, t=317.7s]
Best heuristic value: 165/168 [g=362, 479033 evaluated, 242915 expanded, t=318.32s]
Best heuristic value: 165/167 [g=363, 479051 evaluated, 242931 expanded, t=318.33s]
Best heuristic value: 164/167 [g=368, 479485 evaluated, 243188 expanded, t=318.69s]
Best heuristic value: 164/166 [g=370, 479533 evaluated, 243229 expanded, t=318.72s]
Best heuristic value: 163/166 [g=373, 501308 evaluated, 253483 expanded, t=336.37s]
Best heuristic value: 162/166 [g=374, 501313 evaluated, 253487 expanded, t=336.37s]
Best heuristic value: 161/166 [g=380, 501758 evaluated, 253698 expanded, t=336.71s]
Best heuristic value: 161/165 [g=382, 501810 evaluated, 253743 expanded, t=336.75s]
Best heuristic value: 161/164 [g=383, 502192 evaluated, 254030 expanded, t=337.04s]
Best heuristic value: 160/164 [g=394, 504635 evaluated, 255076 expanded, t=339.05s]
Best heuristic value: 160/162 [g=395, 504653 evaluated, 255092 expanded, t=339.06s]
Best heuristic value: 159/162 [g=402, 505135 evaluated, 255376 expanded, t=339.46s]
Best heuristic value: 159/161 [g=403, 520045 evaluated, 262963 expanded, t=352.74s]
Best heuristic value: 158/161 [g=391, 562354 evaluated, 283240 expanded, t=384.53s]
Best heuristic value: 157/161 [g=393, 562393 evaluated, 283273 expanded, t=384.55s]
Best heuristic value: 156/161 [g=394, 562399 evaluated, 283278 expanded, t=384.56s]
Best heuristic value: 156/160 [g=397, 562927 evaluated, 283538 expanded, t=384.91s]
Best heuristic value: 155/160 [g=401, 563292 evaluated, 283702 expanded, t=385.15s]
Best heuristic value: 155/158 [g=403, 563332 evaluated, 283738 expanded, t=385.18s]
Best heuristic value: 154/158 [g=416, 565993 evaluated, 285025 expanded, t=386.98s]
Best heuristic value: 153/158 [g=417, 566003 evaluated, 285034 expanded, t=386.98s]
Best heuristic value: 153/156 [g=418, 566021 evaluated, 285050 expanded, t=386.99s]
Best heuristic value: 152/156 [g=426, 584124 evaluated, 293924 expanded, t=399.73s]
Best heuristic value: 151/156 [g=430, 584167 evaluated, 293960 expanded, t=399.75s]
Best heuristic value: 151/154 [g=433, 584391 evaluated, 294099 expanded, t=399.91s]
Best heuristic value: 150/154 [g=436, 584504 evaluated, 294160 expanded, t=399.99s]
Best heuristic value: 149/154 [g=438, 584529 evaluated, 294182 expanded, t=400s]
Best heuristic value: 149/152 [g=441, 584737 evaluated, 294297 expanded, t=400.14s]
Best heuristic value: 148/152 [g=444, 584867 evaluated, 294370 expanded, t=400.22s]
Best heuristic value: 147/152 [g=445, 584875 evaluated, 294377 expanded, t=400.23s]
Best heuristic value: 147/151 [g=452, 585630 evaluated, 294808 expanded, t=400.72s]
Best heuristic value: 147/150 [g=453, 587045 evaluated, 295486 expanded, t=401.65s]
Best heuristic value: 146/150 [g=466, 592971 evaluated, 298311 expanded, t=405.92s]
Best heuristic value: 145/150 [g=467, 592981 evaluated, 298320 expanded, t=405.93s]
Best heuristic value: 145/148 [g=468, 592999 evaluated, 298336 expanded, t=405.94s]
Best heuristic value: 145/147 [g=477, 622982 evaluated, 313527 expanded, t=428.29s]
Best heuristic value: 145/146 [g=483, 663499 evaluated, 333163 expanded, t=457.2s]
Best heuristic value: 145/145 [g=496, 667865 evaluated, 335598 expanded, t=460.42s]
Best heuristic value: 144/145 [g=499, 668831 evaluated, 336038 expanded, t=461.09s]
Best heuristic value: 143/145 [g=503, 714860 evaluated, 357844 expanded, t=495.35s]
Best heuristic value: 142/145 [g=505, 714885 evaluated, 357865 expanded, t=495.36s]
Best heuristic value: 141/144 [g=507, 715008 evaluated, 357965 expanded, t=495.45s]
Best heuristic value: 140/144 [g=508, 715013 evaluated, 357969 expanded, t=495.45s]
Best heuristic value: 140/143 [g=511, 715223 evaluated, 358103 expanded, t=495.58s]
Best heuristic value: 140/142 [g=515, 723813 evaluated, 362021 expanded, t=501.58s]
Best heuristic value: 139/142 [g=525, 739524 evaluated, 369790 expanded, t=512.74s]
Best heuristic value: 138/142 [g=526, 739534 evaluated, 369799 expanded, t=512.74s]
Best heuristic value: 138/140 [g=527, 739552 evaluated, 369815 expanded, t=512.75s]
Best heuristic value: 138/139 [g=540, 754008 evaluated, 377256 expanded, t=524.07s]
Best heuristic value: 137/139 [g=522, 867119 evaluated, 433292 expanded, t=626.56s]
Best heuristic value: 136/139 [g=531, 867712 evaluated, 433681 expanded, t=627.02s]
Best heuristic value: 135/139 [g=533, 867734 evaluated, 433700 expanded, t=627.04s]
Best heuristic value: 134/139 [g=539, 868051 evaluated, 433899 expanded, t=627.3s]
Best heuristic value: 134/138 [g=540, 868069 evaluated, 433916 expanded, t=627.32s]
Best heuristic value: 133/138 [g=541, 868073 evaluated, 433918 expanded, t=627.32s]
Best heuristic value: 133/137 [g=548, 868610 evaluated, 434266 expanded, t=627.75s]
Best heuristic value: 132/137 [g=551, 868667 evaluated, 434308 expanded, t=627.8s]
Best heuristic value: 132/136 [g=551, 868682 evaluated, 434322 expanded, t=627.81s]
Best heuristic value: 131/136 [g=552, 868685 evaluated, 434324 expanded, t=627.81s]
Best heuristic value: 130/136 [g=554, 868778 evaluated, 434392 expanded, t=627.88s]
Best heuristic value: 129/136 [g=559, 869139 evaluated, 434617 expanded, t=628.17s]
Best heuristic value: 128/135 [g=560, 869162 evaluated, 434638 expanded, t=628.19s]
Best heuristic value: 128/134 [g=562, 869194 evaluated, 434666 expanded, t=628.22s]
Best heuristic value: 128/133 [g=568, 870132 evaluated, 435221 expanded, t=628.96s]
Best heuristic value: 127/133 [g=567, 870720 evaluated, 435552 expanded, t=629.44s]
Best heuristic value: 126/133 [g=568, 870733 evaluated, 435563 expanded, t=629.46s]
Best heuristic value: 126/132 [g=572, 870808 evaluated, 435625 expanded, t=629.51s]
Best heuristic value: 126/131 [g=575, 870920 evaluated, 435711 expanded, t=629.6s]
Best heuristic value: 126/130 [g=576, 870924 evaluated, 435713 expanded, t=629.6s]
Best heuristic value: 126/129 [g=585, 871405 evaluated, 436048 expanded, t=629.97s]
Best heuristic value: 125/129 [g=579, 871477 evaluated, 436090 expanded, t=630.03s]
Best heuristic value: 124/129 [g=581, 871545 evaluated, 436147 expanded, t=630.08s]
Best heuristic value: 123/129 [g=582, 871561 evaluated, 436161 expanded, t=630.1s]
Best heuristic value: 123/128 [g=586, 871692 evaluated, 436272 expanded, t=630.2s]
Best heuristic value: 123/127 [g=590, 871884 evaluated, 436386 expanded, t=630.35s]
Best heuristic value: 122/127 [g=606, 924141 evaluated, 462860 expanded, t=669.76s]
Best heuristic value: 121/127 [g=607, 924151 evaluated, 462869 expanded, t=669.77s]
Best heuristic value: 121/125 [g=608, 924169 evaluated, 462885 expanded, t=669.78s]
Best heuristic value: 121/124 [g=618, 3232351 evaluated, 1598064 expanded, t=2599.45s]
Best heuristic value: 120/124 [g=629, 3233462 evaluated, 1598699 expanded, t=2600.44s]
Best heuristic value: 120/123 [g=638, 3233880 evaluated, 1598947 expanded, t=2600.78s]
Best heuristic value: 120/122 [g=661, 6392250 evaluated, 3214134 expanded, t=4929.7s]
Best heuristic value: 119/122 [g=666, 6396140 evaluated, 3216265 expanded, t=4932.28s]
Best heuristic value: 118/122 [g=667, 6396150 evaluated, 3216273 expanded, t=4932.29s]
Best heuristic value: 118/121 [g=670, 6396378 evaluated, 3216454 expanded, t=4932.43s]
Best heuristic value: 118/119 [g=672, 6396512 evaluated, 3216539 expanded, t=4932.52s]
Best heuristic value: 116/119 [g=673, 6397046 evaluated, 3216899 expanded, t=4932.87s]
Best heuristic value: 116/117 [g=676, 6397214 evaluated, 3217018 expanded, t=4932.97s]
Best heuristic value: 114/117 [g=677, 6397867 evaluated, 3217477 expanded, t=4933.4s]
Best heuristic value: 113/117 [g=678, 6397877 evaluated, 3217486 expanded, t=4933.4s]
Best heuristic value: 113/116 [g=685, 6399079 evaluated, 3218330 expanded, t=4934.17s]
Best heuristic value: 112/116 [g=689, 6399484 evaluated, 3218497 expanded, t=4934.44s]
Best heuristic value: 111/116 [g=690, 6399495 evaluated, 3218507 expanded, t=4934.44s]
Best heuristic value: 111/115 [g=694, 6399613 evaluated, 3218596 expanded, t=4934.52s]
Best heuristic value: 111/114 [g=698, 6399788 evaluated, 3218706 expanded, t=4934.62s]
Best heuristic value: 110/114 [g=718, 6455484 evaluated, 3253003 expanded, t=4972.11s]
Best heuristic value: 109/114 [g=719, 6455494 evaluated, 3253012 expanded, t=4972.11s]
Best heuristic value: 109/112 [g=720, 6455512 evaluated, 3253028 expanded, t=4972.13s]
Best heuristic value: 108/112 [g=724, 8640691 evaluated, 4368827 expanded, t=6595.23s]
Best heuristic value: 108/110 [g=725, 8640708 evaluated, 4368842 expanded, t=6595.24s]
Best heuristic value: 107/110 [g=732, 8642275 evaluated, 4369797 expanded, t=6596.37s]
Best heuristic value: 107/109 [g=738, 8642758 evaluated, 4370147 expanded, t=6596.69s]
Best heuristic value: 106/109 [g=740, 8643419 evaluated, 4370391 expanded, t=6597.2s]
Best heuristic value: 105/109 [g=732, 8683977 evaluated, 4391160 expanded, t=6626.57s]
Best heuristic value: 103/108 [g=737, 8684100 evaluated, 4391281 expanded, t=6626.66s]
Best heuristic value: 102/108 [g=738, 8684109 evaluated, 4391290 expanded, t=6626.67s]
Best heuristic value: 102/107 [g=739, 8684111 evaluated, 4391292 expanded, t=6626.67s]
Best heuristic value: 102/106 [g=740, 8684122 evaluated, 4391303 expanded, t=6626.67s]
Best heuristic value: 101/106 [g=741, 8684133 evaluated, 4391314 expanded, t=6626.68s]
Best heuristic value: 101/105 [g=744, 8684376 evaluated, 4391531 expanded, t=6626.85s]
Best heuristic value: 99/104 [g=746, 8684391 evaluated, 4391543 expanded, t=6626.86s]
Best heuristic value: 98/104 [g=747, 8684401 evaluated, 4391552 expanded, t=6626.86s]
Best heuristic value: 97/102 [g=748, 8684418 evaluated, 4391567 expanded, t=6626.87s]
Best heuristic value: 96/101 [g=761, 8687670 evaluated, 4393524 expanded, t=6629.12s]
Best heuristic value: 95/101 [g=771, 8688761 evaluated, 4394092 expanded, t=6629.92s]
Best heuristic value: 94/101 [g=767, 9043018 evaluated, 4583672 expanded, t=6887.36s]
Best heuristic value: 94/100 [g=768, 9043020 evaluated, 4583674 expanded, t=6887.36s]
Best heuristic value: 93/99 [g=768, 9043032 evaluated, 4583686 expanded, t=6887.37s]
Best heuristic value: 92/99 [g=770, 9043044 evaluated, 4583698 expanded, t=6887.38s]
Best heuristic value: 92/98 [g=772, 9043136 evaluated, 4583778 expanded, t=6887.44s]
Best heuristic value: 91/97 [g=773, 9043138 evaluated, 4583779 expanded, t=6887.44s]
Best heuristic value: 89/96 [g=774, 9043140 evaluated, 4583780 expanded, t=6887.45s]
Best heuristic value: 88/96 [g=775, 9043150 evaluated, 4583789 expanded, t=6887.45s]
Best heuristic value: 87/96 [g=776, 9043154 evaluated, 4583792 expanded, t=6887.46s]
Best heuristic value: 87/95 [g=782, 9043560 evaluated, 4584062 expanded, t=6887.74s]
Best heuristic value: 87/94 [g=786, 9043706 evaluated, 4584157 expanded, t=6887.84s]
Best heuristic value: 86/94 [g=797, 9056235 evaluated, 4590891 expanded, t=6897.06s]
Best heuristic value: 86/93 [g=814, 9064553 evaluated, 4595482 expanded, t=6903.09s]
Best heuristic value: 86/92 [g=836, 9068829 evaluated, 4598128 expanded, t=6905.93s]
Best heuristic value: 85/92 [g=837, 9068839 evaluated, 4598137 expanded, t=6905.93s]
Best heuristic value: 84/92 [g=838, 9068843 evaluated, 4598140 expanded, t=6905.94s]
Best heuristic value: 84/91 [g=845, 9069254 evaluated, 4598414 expanded, t=6906.22s]
Best heuristic value: 84/89 [g=850, 9069955 evaluated, 4598763 expanded, t=6906.71s]
Best heuristic value: 83/89 [g=842, 9076051 evaluated, 4601987 expanded, t=6911.24s]
Best heuristic value: 83/88 [g=849, 9076310 evaluated, 4602166 expanded, t=6911.41s]
Best heuristic value: 83/87 [g=857, 9086174 evaluated, 4607375 expanded, t=6918.2s]
Best heuristic value: 82/87 [g=849, 9104585 evaluated, 4617964 expanded, t=6930.71s]
Best heuristic value: 80/87 [g=860, 9119367 evaluated, 4624356 expanded, t=6941.29s]
Best heuristic value: 79/87 [g=861, 9119377 evaluated, 4624365 expanded, t=6941.29s]
Best heuristic value: 78/87 [g=862, 9119381 evaluated, 4624368 expanded, t=6941.29s]
Best heuristic value: 78/86 [g=869, 9119788 evaluated, 4624642 expanded, t=6941.57s]
Best heuristic value: 78/84 [g=874, 9120474 evaluated, 4624988 expanded, t=6942.05s]
Best heuristic value: 77/84 [g=878, 10520535 evaluated, 5360085 expanded, t=7983.29s]
Best heuristic value: 77/83 [g=886, 10528423 evaluated, 5364321 expanded, t=7989.01s]
Best heuristic value: 77/81 [g=890, 10528565 evaluated, 5364426 expanded, t=7989.11s]
Best heuristic value: 76/81 [g=892, 10528657 evaluated, 5364487 expanded, t=7989.17s]
Best heuristic value: 75/81 [g=893, 10528664 evaluated, 5364493 expanded, t=7989.17s]
Best heuristic value: 75/80 [g=895, 10528858 evaluated, 5364600 expanded, t=7989.3s]
Best heuristic value: 74/80 [g=901, 10529534 evaluated, 5364980 expanded, t=7989.75s]
Best heuristic value: 73/80 [g=902, 10529549 evaluated, 5364993 expanded, t=7989.76s]
Best heuristic value: 73/79 [g=904, 10529620 evaluated, 5365047 expanded, t=7989.81s]
Best heuristic value: 73/78 [g=908, 10529878 evaluated, 5365187 expanded, t=7989.97s]
Best heuristic value: 73/77 [g=909, 10529885 evaluated, 5365192 expanded, t=7989.97s]
Best heuristic value: 72/77 [g=908, 10566290 evaluated, 5382935 expanded, t=8016.28s]
Best heuristic value: 70/77 [g=918, 10626795 evaluated, 5416549 expanded, t=8058.41s]
Best heuristic value: 69/77 [g=919, 10626805 evaluated, 5416558 expanded, t=8058.42s]
Best heuristic value: 68/77 [g=920, 10626809 evaluated, 5416561 expanded, t=8058.42s]
Best heuristic value: 68/76 [g=926, 10627248 evaluated, 5416861 expanded, t=8058.72s]
Best heuristic value: 68/75 [g=926, 10627250 evaluated, 5416862 expanded, t=8058.72s]
Best heuristic value: 68/74 [g=927, 10627726 evaluated, 5417117 expanded, t=8059.05s]
Best heuristic value: 67/74 [g=928, 13336259 evaluated, 6838398 expanded, t=10133.8s]
Best heuristic value: 66/74 [g=929, 13336269 evaluated, 6838407 expanded, t=10133.8s]
Best heuristic value: 65/74 [g=930, 13336275 evaluated, 6838411 expanded, t=10133.8s]
Best heuristic value: 65/73 [g=932, 13336455 evaluated, 6838548 expanded, t=10133.9s]
Best heuristic value: 65/72 [g=940, 13336715 evaluated, 6838746 expanded, t=10134.1s]
Best heuristic value: 65/71 [g=981, 13362529 evaluated, 6852748 expanded, t=10152.7s]
Best heuristic value: 65/70 [g=983, 13362575 evaluated, 6852781 expanded, t=10152.7s]
Best heuristic value: 65/69 [g=986, 13362641 evaluated, 6852831 expanded, t=10152.8s]
Best heuristic value: 65/68 [g=987, 13362646 evaluated, 6852835 expanded, t=10152.8s]
Best heuristic value: 64/68 [g=980, 13362709 evaluated, 6852876 expanded, t=10152.8s]
Best heuristic value: 63/68 [g=990, 13363155 evaluated, 6853133 expanded, t=10153.1s]
Best heuristic value: 63/67 [g=992, 13363231 evaluated, 6853194 expanded, t=10153.1s]
Best heuristic value: 63/66 [g=993, 13363238 evaluated, 6853198 expanded, t=10153.1s]
Best heuristic value: 61/66 [g=994, 13363427 evaluated, 6853311 expanded, t=10153.3s]
Best heuristic value: 60/66 [g=995, 13363437 evaluated, 6853319 expanded, t=10153.3s]
Best heuristic value: 60/65 [g=998, 13363517 evaluated, 6853383 expanded, t=10153.3s]
Best heuristic value: 59/65 [g=1002, 13363855 evaluated, 6853553 expanded, t=10153.6s]
Best heuristic value: 58/65 [g=1008, 13369506 evaluated, 6856417 expanded, t=10157.6s]
Best heuristic value: 57/65 [g=1009, 13369516 evaluated, 6856426 expanded, t=10157.6s]
Best heuristic value: 56/65 [g=1013, 13369566 evaluated, 6856469 expanded, t=10157.6s]
Best heuristic value: 56/63 [g=1014, 13369569 evaluated, 6856471 expanded, t=10157.6s]
Best heuristic value: 56/62 [g=1017, 13369685 evaluated, 6856557 expanded, t=10157.7s]
Best heuristic value: 55/62 [g=1021, 13376714 evaluated, 6860446 expanded, t=10162.7s]
Best heuristic value: 53/62 [g=1034, 13377529 evaluated, 6860907 expanded, t=10163.3s]
Best heuristic value: 52/62 [g=1035, 13377546 evaluated, 6860920 expanded, t=10163.3s]
Best heuristic value: 51/62 [g=1036, 13377551 evaluated, 6860924 expanded, t=10163.3s]
Best heuristic value: 51/61 [g=1038, 13377620 evaluated, 6860981 expanded, t=10163.3s]
Best heuristic value: 51/60 [g=1057, 13378633 evaluated, 6861553 expanded, t=10164.1s]
Best heuristic value: 50/60 [g=1039, 13579077 evaluated, 6971234 expanded, t=10314.3s]
Best heuristic value: 49/60 [g=1041, 13579082 evaluated, 6971239 expanded, t=10314.3s]
Best heuristic value: 47/59 [g=1042, 13579083 evaluated, 6971240 expanded, t=10314.3s]
Best heuristic value: 46/58 [g=1043, 13579092 evaluated, 6971249 expanded, t=10314.3s]
Best heuristic value: 46/57 [g=1045, 13579134 evaluated, 6971291 expanded, t=10314.3s]
Best heuristic value: 45/56 [g=1046, 13579135 evaluated, 6971292 expanded, t=10314.3s]
Best heuristic value: 43/55 [g=1047, 13579136 evaluated, 6971293 expanded, t=10314.3s]
Best heuristic value: 42/55 [g=1048, 13579145 evaluated, 6971302 expanded, t=10314.4s]
Best heuristic value: 42/53 [g=1049, 13579147 evaluated, 6971304 expanded, t=10314.4s]
Best heuristic value: 41/53 [g=1049, 13579149 evaluated, 6971306 expanded, t=10314.4s]
Best heuristic value: 40/53 [g=1052, 13579191 evaluated, 6971346 expanded, t=10314.4s]
Best heuristic value: 40/52 [g=1054, 13579502 evaluated, 6971572 expanded, t=10314.6s]
Best heuristic value: 38/52 [g=1056, 13579543 evaluated, 6971610 expanded, t=10314.6s]
Best heuristic value: 38/51 [g=1057, 13579544 evaluated, 6971611 expanded, t=10314.6s]
Best heuristic value: 38/50 [g=1057, 13579548 evaluated, 6971615 expanded, t=10314.6s]
Best heuristic value: 37/50 [g=1061, 13579616 evaluated, 6971682 expanded, t=10314.7s]
Best heuristic value: 37/49 [g=1064, 13579660 evaluated, 6971722 expanded, t=10314.7s]
Best heuristic value: 36/49 [g=1066, 13579677 evaluated, 6971736 expanded, t=10314.7s]
Best heuristic value: 36/48 [g=1066, 13579684 evaluated, 6971742 expanded, t=10314.7s]
Best heuristic value: 35/48 [g=1068, 13579706 evaluated, 6971761 expanded, t=10314.8s]
Best heuristic value: 35/47 [g=1068, 13579717 evaluated, 6971771 expanded, t=10314.8s]
Best heuristic value: 34/47 [g=1069, 13579720 evaluated, 6971773 expanded, t=10314.8s]
Best heuristic value: 33/47 [g=1070, 13579741 evaluated, 6971792 expanded, t=10314.8s]
Best heuristic value: 33/46 [g=1072, 13579763 evaluated, 6971811 expanded, t=10314.8s]
Best heuristic value: 32/46 [g=1073, 13579816 evaluated, 6971851 expanded, t=10314.8s]
Best heuristic value: 32/45 [g=1077, 13580110 evaluated, 6972060 expanded, t=10315s]
Best heuristic value: 32/44 [g=1081, 13580868 evaluated, 6972580 expanded, t=10315.5s]
Best heuristic value: 32/43 [g=1083, 13580881 evaluated, 6972590 expanded, t=10315.5s]
Best heuristic value: 32/42 [g=1096, 13583265 evaluated, 6974074 expanded, t=10317.1s]
Best heuristic value: 32/41 [g=1100, 13583293 evaluated, 6974095 expanded, t=10317.1s]
Best heuristic value: 31/41 [g=1099, 13583361 evaluated, 6974139 expanded, t=10317.1s]
Best heuristic value: 30/41 [g=1097, 13659857 evaluated, 7021655 expanded, t=10369.3s]
Best heuristic value: 29/41 [g=1100, 13660011 evaluated, 7021803 expanded, t=10369.4s]
Best heuristic value: 28/40 [g=1101, 13660013 evaluated, 7021804 expanded, t=10369.4s]
Best heuristic value: 27/39 [g=1102, 13660014 evaluated, 7021805 expanded, t=10369.4s]
Best heuristic value: 27/38 [g=1105, 13660047 evaluated, 7021838 expanded, t=10369.5s]
Best heuristic value: 27/37 [g=1106, 13660048 evaluated, 7021839 expanded, t=10369.5s]
Best heuristic value: 26/36 [g=1107, 13660049 evaluated, 7021840 expanded, t=10369.5s]
Best heuristic value: 25/35 [g=1108, 13660050 evaluated, 7021841 expanded, t=10369.5s]
Best heuristic value: 25/33 [g=1111, 13660087 evaluated, 7021878 expanded, t=10369.5s]
Best heuristic value: 24/33 [g=1112, 13660088 evaluated, 7021879 expanded, t=10369.5s]
Best heuristic value: 23/32 [g=1114, 13660144 evaluated, 7021926 expanded, t=10369.5s]
Best heuristic value: 23/30 [g=1116, 13660154 evaluated, 7021936 expanded, t=10369.5s]
Best heuristic value: 22/29 [g=1117, 13660155 evaluated, 7021937 expanded, t=10369.5s]
Best heuristic value: 21/28 [g=1118, 13660156 evaluated, 7021938 expanded, t=10369.5s]
Best heuristic value: 20/27 [g=1122, 13660205 evaluated, 7021987 expanded, t=10369.6s]
Best heuristic value: 20/26 [g=1125, 13660241 evaluated, 7022021 expanded, t=10369.6s]
Best heuristic value: 19/25 [g=1126, 13660242 evaluated, 7022022 expanded, t=10369.6s]
Best heuristic value: 18/24 [g=1127, 13660243 evaluated, 7022023 expanded, t=10369.6s]
Best heuristic value: 18/23 [g=1129, 13660260 evaluated, 7022040 expanded, t=10369.6s]
Best heuristic value: 18/22 [g=1131, 13660284 evaluated, 7022062 expanded, t=10369.6s]
Best heuristic value: 17/22 [g=1132, 13660287 evaluated, 7022065 expanded, t=10369.6s]
Best heuristic value: 17/21 [g=1132, 13660289 evaluated, 7022067 expanded, t=10369.6s]
Best heuristic value: 17/19 [g=1135, 13660309 evaluated, 7022085 expanded, t=10369.7s]
Best heuristic value: 16/18 [g=1136, 13660310 evaluated, 7022086 expanded, t=10369.7s]
Best heuristic value: 15/17 [g=1137, 13660311 evaluated, 7022087 expanded, t=10369.7s]
Best heuristic value: 14/17 [g=1142, 13660404 evaluated, 7022156 expanded, t=10369.7s]
Best heuristic value: 13/17 [g=1144, 13660458 evaluated, 7022194 expanded, t=10369.8s]
Best heuristic value: 13/16 [g=1148, 13660482 evaluated, 7022215 expanded, t=10369.8s]
Best heuristic value: 12/16 [g=1149, 13660484 evaluated, 7022217 expanded, t=10369.8s]
Best heuristic value: 12/15 [g=1149, 13660486 evaluated, 7022219 expanded, t=10369.8s]
Best heuristic value: 12/14 [g=1150, 13660490 evaluated, 7022223 expanded, t=10369.8s]
Best heuristic value: 11/14 [g=1151, 13660495 evaluated, 7022228 expanded, t=10369.8s]
Best heuristic value: 10/14 [g=1152, 13660500 evaluated, 7022233 expanded, t=10369.8s]
Best heuristic value: 10/13 [g=1153, 13660513 evaluated, 7022244 expanded, t=10369.8s]
Best heuristic value: 10/12 [g=1154, 13660518 evaluated, 7022249 expanded, t=10369.8s]
Best heuristic value: 9/12 [g=1155, 13660524 evaluated, 7022254 expanded, t=10369.8s]
Best heuristic value: 9/11 [g=1156, 13660527 evaluated, 7022257 expanded, t=10369.8s]
Best heuristic value: 8/10 [g=1157, 13660532 evaluated, 7022262 expanded, t=10369.8s]
Best heuristic value: 7/10 [g=1158, 13660534 evaluated, 7022264 expanded, t=10369.8s]
Best heuristic value: 7/9 [g=1158, 13660536 evaluated, 7022266 expanded, t=10369.8s]
Best heuristic value: 6/9 [g=1159, 13660537 evaluated, 7022267 expanded, t=10369.8s]
Best heuristic value: 5/9 [g=1160, 13660540 evaluated, 7022270 expanded, t=10369.8s]
Best heuristic value: 5/8 [g=1160, 13660542 evaluated, 7022272 expanded, t=10369.8s]
Best heuristic value: 4/8 [g=1161, 13660543 evaluated, 7022273 expanded, t=10369.8s]
Best heuristic value: 3/8 [g=1162, 13660546 evaluated, 7022276 expanded, t=10369.8s]
Best heuristic value: 2/7 [g=1163, 13660549 evaluated, 7022279 expanded, t=10369.8s]
Best heuristic value: 2/6 [g=1164, 13660551 evaluated, 7022281 expanded, t=10369.8s]
Best heuristic value: 2/5 [g=1166, 13660558 evaluated, 7022288 expanded, t=10369.8s]
Best heuristic value: 2/4 [g=1167, 13660560 evaluated, 7022290 expanded, t=10369.8s]
Best heuristic value: 2/3 [g=1169, 13660562 evaluated, 7022292 expanded, t=10369.8s]
Best heuristic value: 2/2 [g=1170, 13660563 evaluated, 7022293 expanded, t=10369.8s]
Best heuristic value: 1/1 [g=1171, 13660564 evaluated, 7022294 expanded, t=10369.8s]
Solution found!
Actual search time: 10368.9s [t=10369.8s]
slide-base-in base-2a-0 carry-in table-in (1)
move-arm arm2 oiling-machine table2 (4)
move-arm arm1 tray-a table-in (2)
eject-base base-2a-0 arm1 table-in (1)
slide-base-in base-2a-1 carry-in table-in (1)
move-arm-holding arm1 table-in gasket-machine base-2a-0 (2)
set-base base-2a-0 arm1 gasket-machine (1)
assemble-with-machine base-2a-0 gasket-machine j2a-insert-gasket nothing-done (2)
eject-base base-2a-0 arm1 gasket-machine (1)
move-arm-holding arm1 gasket-machine table-out base-2a-0 (4)
set-base base-2a-0 arm1 table-out (1)
move-arm arm1 table-out table-in (3)
eject-base base-2a-1 arm1 table-in (1)
slide-base-in base-2a-2 carry-in table-in (1)
move-arm-holding arm1 table-in gasket-machine base-2a-1 (2)
set-base base-2a-1 arm1 gasket-machine (1)
assemble-with-machine base-2a-1 gasket-machine j2a-insert-gasket nothing-done (2)
eject-base base-2a-1 arm1 gasket-machine (1)
move-arm-holding arm1 gasket-machine table-out base-2a-1 (4)
move-arm-holding arm1 table-out inspection-machine base-2a-1 (2)
set-base base-2a-1 arm1 inspection-machine (1)
move-arm arm1 inspection-machine table-in (4)
eject-base base-2a-2 arm1 table-in (1)
slide-base-in base-2b-0 carry-in table-in (1)
move-arm-holding arm1 table-in gasket-machine base-2a-2 (2)
set-base base-2a-2 arm1 gasket-machine (1)
assemble-with-machine base-2a-2 gasket-machine j2a-insert-gasket nothing-done (2)
move-arm arm1 gasket-machine tray-a (3)
pickup-component part-2b-a-0 arm1 tray-a (1)
move-arm-holding arm1 tray-a table-in part-2b-a-0 (2)
assemble-with-arm part-2b-a-0 j2b-attatch-a nothing-done base-2b-0 arm1 table-in (3)
eject-base base-2b-0 arm1 table-in (1)
slide-base-in base-2a-3 carry-in table-in (1)
move-arm-holding arm1 table-in table1 base-2b-0 (3)
set-base base-2b-0 arm1 table1 (1)
move-arm arm1 table1 gasket-machine (2)
eject-base base-2a-2 arm1 gasket-machine (1)
move-arm-holding arm1 gasket-machine inspection-machine base-2a-2 (5)
move-arm arm2 table2 table1 (7)
eject-base base-2b-0 arm2 table1 (1)
move-arm-holding arm2 table1 table2 base-2b-0 (7)
move-arm-holding arm1 inspection-machine table1 base-2a-2 (6)
move-arm-holding arm2 table2 screw-machine-a base-2b-0 (6)
set-base base-2b-0 arm2 screw-machine-a (1)
assemble-with-machine base-2b-0 screw-machine-a j2b-screw-a j2b-attatch-a (3)
eject-base base-2b-0 arm2 screw-machine-a (1)
move-arm-holding arm2 screw-machine-a table2 base-2b-0 (6)
set-base base-2b-0 arm2 table2 (1)
move-arm arm2 table2 tray-b (5)
pickup-component part-2b-b-0 arm2 tray-b (1)
set-base base-2a-2 arm1 table1 (1)
move-arm arm1 table1 table-in (3)
eject-base base-2a-3 arm1 table-in (1)
move-arm-holding arm1 table-in gasket-machine base-2a-3 (2)
set-base base-2a-3 arm1 gasket-machine (1)
assemble-with-machine base-2a-3 gasket-machine j2a-insert-gasket nothing-done (2)
move-arm arm1 gasket-machine tray-a (3)
pickup-component part-2a-a-2 arm1 tray-a (1)
move-arm-holding arm1 tray-a table1 part-2a-a-2 (4)
assemble-with-arm part-2a-a-2 j2a-attatch-a j2a-insert-gasket base-2a-2 arm1 table1 (2)
eject-base base-2a-2 arm1 table1 (1)
move-arm-holding arm1 table1 table-in base-2a-2 (3)
set-base base-2a-2 arm1 table-in (1)
move-arm arm1 table-in gasket-machine (2)
eject-base base-2a-3 arm1 gasket-machine (1)
move-arm-holding arm1 gasket-machine inspection-machine base-2a-3 (5)
move-arm-holding arm1 inspection-machine table1 base-2a-3 (6)
set-base base-2a-3 arm1 table1 (1)
move-arm-holding arm2 tray-b table2 part-2b-b-0 (5)
move-arm arm1 table1 tray-a (4)
pickup-component part-2a-a-3 arm1 tray-a (1)
move-arm-holding arm1 tray-a table1 part-2a-a-3 (4)
assemble-with-arm part-2a-a-3 j2a-attatch-a j2a-insert-gasket base-2a-3 arm1 table1 (2)
eject-base base-2a-3 arm1 table1 (1)
move-arm-holding arm2 table2 oiling-machine part-2b-b-0 (4)
move-arm-holding arm1 table1 gasket-machine base-2a-3 (2)
set-base base-2a-3 arm1 gasket-machine (1)
move-arm arm1 gasket-machine table2 (6)
eject-base base-2b-0 arm1 table2 (1)
move-arm-holding arm1 table2 inspection-machine base-2b-0 (2)
move-arm-holding arm1 inspection-machine table1 base-2b-0 (6)
set-base base-2b-0 arm1 table1 (1)
move-arm arm1 table1 table-in (3)
eject-base base-2a-2 arm1 table-in (1)
move-arm-holding arm2 oiling-machine table1 part-2b-b-0 (4)
assemble-with-arm part-2b-b-0 j2b-attatch-b j2b-screw-a base-2b-0 arm2 table1 (2)
slide-base-in base-2a-4 carry-in table-in (1)
eject-base base-2b-0 arm2 table1 (1)
move-arm-holding arm2 table1 table2 base-2b-0 (7)
move-arm-holding arm1 table-in table1 base-2a-2 (3)
move-arm-holding arm2 table2 screw-machine-c base-2b-0 (2)
set-base base-2b-0 arm2 screw-machine-c (1)
move-arm-holding arm1 table1 table2 base-2a-2 (7)
set-base base-2a-2 arm1 table2 (1)
move-arm arm1 table2 gasket-machine (6)
eject-base base-2a-3 arm1 gasket-machine (1)
move-arm-holding arm1 gasket-machine inspection-machine base-2a-3 (5)
move-arm arm2 screw-machine-c table2 (2)
eject-base base-2a-2 arm2 table2 (1)
move-arm-holding arm2 table2 screw-machine-a base-2a-2 (6)
set-base base-2a-2 arm2 screw-machine-a (1)
assemble-with-machine base-2a-2 screw-machine-a j2a-screw-a j2a-attatch-a (3)
eject-base base-2a-2 arm2 screw-machine-a (1)
move-arm-holding arm2 screw-machine-a oiling-machine base-2a-2 (3)
set-base base-2a-2 arm2 oiling-machine (1)
assemble-with-machine base-2a-2 oiling-machine j2a-oil-cylinder j2a-screw-a (3)
eject-base base-2a-2 arm2 oiling-machine (1)
move-arm-holding arm1 inspection-machine table1 base-2a-3 (6)
move-arm-holding arm2 oiling-machine table2 base-2a-2 (4)
set-base base-2a-2 arm2 table2 (1)
move-arm arm2 table2 tray-b (5)
pickup-component part-2a-b-2 arm2 tray-b (1)
move-arm-holding arm2 tray-b table2 part-2a-b-2 (5)
assemble-with-arm part-2a-b-2 j2a-attatch-b j2a-oil-cylinder base-2a-2 arm2 table2 (2)
move-arm arm2 table2 tray-c (3)
pickup-component part-2a-c-2 arm2 tray-c (1)
move-arm-holding arm2 tray-c table2 part-2a-c-2 (3)
assemble-with-arm part-2a-c-2 j2a-attatch-c j2a-attatch-b base-2a-2 arm2 table2 (3)
eject-base base-2a-2 arm2 table2 (1)
move-arm-holding arm2 table2 oiling-machine base-2a-2 (4)
move-arm-holding arm1 table1 table2 base-2a-3 (7)
set-base base-2a-3 arm1 table2 (1)
move-arm-holding arm2 oiling-machine table1 base-2a-2 (4)
move-arm arm1 table2 table-in (5)
eject-base base-2a-4 arm1 table-in (1)
slide-base-in base-2a-5 carry-in table-in (1)
move-arm-holding arm1 table-in gasket-machine base-2a-4 (2)
set-base base-2a-4 arm1 gasket-machine (1)
assemble-with-machine base-2a-4 gasket-machine j2a-insert-gasket nothing-done (2)
eject-base base-2a-4 arm1 gasket-machine (1)
move-arm-holding arm1 gasket-machine inspection-machine base-2a-4 (5)
move-arm-holding arm2 table1 screw-machine-c base-2a-2 (6)
move-arm-holding arm1 inspection-machine table1 base-2a-4 (6)
set-base base-2a-4 arm1 table1 (1)
move-arm arm1 table1 table-in (3)
eject-base base-2a-5 arm1 table-in (1)
move-arm-holding arm1 table-in gasket-machine base-2a-5 (2)
set-base base-2a-5 arm1 gasket-machine (1)
move-arm arm1 gasket-machine inspection-machine (5)
assemble-with-machine base-2a-5 gasket-machine j2a-insert-gasket nothing-done (2)
move-arm-holding arm2 screw-machine-c table2 base-2a-2 (2)
slide-base-in base-2b-1 carry-in table-in (1)
move-arm arm1 inspection-machine tray-a (3)
pickup-component part-2a-a-4 arm1 tray-a (1)
move-arm-holding arm1 tray-a table1 part-2a-a-4 (4)
assemble-with-arm part-2a-a-4 j2a-attatch-a j2a-insert-gasket base-2a-4 arm1 table1 (2)
move-arm arm1 table1 tray-a (4)
pickup-component part-2b-a-1 arm1 tray-a (1)
move-arm-holding arm1 tray-a table-in part-2b-a-1 (2)
assemble-with-arm part-2b-a-1 j2b-attatch-a nothing-done base-2b-1 arm1 table-in (3)
eject-base base-2b-1 arm1 table-in (1)
move-arm-holding arm1 table-in inspection-machine base-2b-1 (4)
move-arm-holding arm2 table2 table1 base-2a-2 (7)
slide-base-in base-2b-2 carry-in table-in (1)
move-arm-holding arm1 inspection-machine table2 base-2b-1 (2)
move-arm-holding arm2 table1 oiling-machine base-2a-2 (4)
set-base base-2a-2 arm2 oiling-machine (1)
move-arm arm2 oiling-machine table1 (4)
eject-base base-2a-4 arm2 table1 (1)
move-arm-holding arm2 table1 screw-machine-a base-2a-4 (2)
set-base base-2a-4 arm2 screw-machine-a (1)
assemble-with-machine base-2a-4 screw-machine-a j2a-screw-a j2a-attatch-a (3)
move-arm-holding arm1 table2 table1 base-2b-1 (7)
eject-base base-2a-4 arm2 screw-machine-a (1)
move-arm-holding arm1 table1 inspection-machine base-2b-1 (6)
move-arm-holding arm2 screw-machine-a table1 base-2a-4 (2)
set-base base-2a-4 arm2 table1 (1)
move-arm-holding arm1 inspection-machine table2 base-2b-1 (2)
move-arm arm2 table1 oiling-machine (4)
eject-base base-2a-2 arm2 oiling-machine (1)
move-arm-holding arm2 oiling-machine screw-machine-a base-2a-2 (3)
set-base base-2a-2 arm2 screw-machine-a (1)
move-arm arm2 screw-machine-a table1 (2)
eject-base base-2a-4 arm2 table1 (1)
move-arm-holding arm2 table1 oiling-machine base-2a-4 (4)
set-base base-2a-4 arm2 oiling-machine (1)
assemble-with-machine base-2a-4 oiling-machine j2a-oil-cylinder j2a-screw-a (3)
move-arm-holding arm1 table2 table1 base-2b-1 (7)
eject-base base-2a-4 arm2 oiling-machine (1)
set-base base-2b-1 arm1 table1 (1)
move-arm arm1 table1 tray-a (4)
pickup-component part-2b-a-2 arm1 tray-a (1)
move-arm-holding arm1 tray-a table1 part-2b-a-2 (4)
move-arm-holding arm2 oiling-machine table2 base-2a-4 (4)
move-arm-holding arm1 table1 table-in part-2b-a-2 (3)
assemble-with-arm part-2b-a-2 j2b-attatch-a nothing-done base-2b-2 arm1 table-in (3)
move-arm arm1 table-in table1 (3)
eject-base base-2b-1 arm1 table1 (1)
move-arm-holding arm1 table1 inspection-machine base-2b-1 (6)
move-arm-holding arm2 table2 table1 base-2a-4 (7)
set-base base-2a-4 arm2 table1 (1)
move-arm-holding arm1 inspection-machine table2 base-2b-1 (2)
move-arm arm2 table1 screw-machine-c (6)
eject-base base-2b-0 arm2 screw-machine-c (1)
move-arm-holding arm2 screw-machine-c oiling-machine base-2b-0 (3)
set-base base-2b-0 arm2 oiling-machine (1)
move-arm arm2 oiling-machine screw-machine-a (3)
eject-base base-2a-2 arm2 screw-machine-a (1)
move-arm-holding arm2 screw-machine-a table1 base-2a-2 (2)
move-arm-holding arm2 table1 screw-machine-c base-2a-2 (6)
set-base base-2a-2 arm2 screw-machine-c (1)
assemble-with-machine base-2a-2 screw-machine-c j2a-screw-c j2a-attatch-c (2)
eject-base base-2a-2 arm2 screw-machine-c (1)
move-arm-holding arm2 screw-machine-c screw-machine-a base-2a-2 (5)
set-base base-2a-2 arm2 screw-machine-a (1)
move-arm arm2 screw-machine-a table1 (2)
eject-base base-2a-4 arm2 table1 (1)
move-arm-holding arm2 table1 screw-machine-c base-2a-4 (6)
set-base base-2a-4 arm2 screw-machine-c (1)
move-arm arm2 screw-machine-c oiling-machine (3)
eject-base base-2b-0 arm2 oiling-machine (1)
move-arm-holding arm2 oiling-machine screw-machine-a base-2b-0 (3)
move-arm-holding arm1 table2 inspection-machine base-2b-1 (2)
move-arm-holding arm2 screw-machine-a table1 base-2b-0 (2)
set-base base-2b-0 arm2 table1 (1)
move-arm arm2 table1 tray-c (5)
pickup-component part-2b-c-0 arm2 tray-c (1)
move-arm-holding arm2 tray-c table1 part-2b-c-0 (5)
assemble-with-arm part-2b-c-0 j2b-attatch-c j2b-attatch-b base-2b-0 arm2 table1 (2)
move-arm-holding arm1 inspection-machine table2 base-2b-1 (2)
move-arm arm2 table1 screw-machine-c (6)
eject-base base-2a-4 arm2 screw-machine-c (1)
move-arm-holding arm2 screw-machine-c oiling-machine base-2a-4 (3)
set-base base-2a-4 arm2 oiling-machine (1)
move-arm arm2 oiling-machine table1 (4)
eject-base base-2b-0 arm2 table1 (1)
move-arm-holding arm2 table1 screw-machine-c base-2b-0 (6)
set-base base-2b-0 arm2 screw-machine-c (1)
assemble-with-machine base-2b-0 screw-machine-c j2b-screw-c j2b-attatch-c (3)
eject-base base-2b-0 arm2 screw-machine-c (1)
move-arm-holding arm2 screw-machine-c screw-machine-a base-2b-0 (5)
move-arm-holding arm2 screw-machine-a table1 base-2b-0 (2)
set-base base-2b-0 arm2 table1 (1)
move-arm arm2 table1 oiling-machine (4)
eject-base base-2a-4 arm2 oiling-machine (1)
move-arm-holding arm2 oiling-machine table1 base-2a-4 (4)
move-arm-holding arm2 table1 screw-machine-c base-2a-4 (6)
set-base base-2a-4 arm2 screw-machine-c (1)
move-arm-holding arm1 table2 table-out base-2b-1 (3)
move-arm arm2 screw-machine-c table1 (6)
eject-base base-2b-0 arm2 table1 (1)
move-arm-holding arm2 table1 table2 base-2b-0 (7)
move-arm-holding arm1 table-out table1 base-2b-1 (5)
set-base base-2b-1 arm1 table1 (1)
move-arm arm1 table1 table-in (3)
eject-base base-2b-2 arm1 table-in (1)
move-arm-holding arm2 table2 oiling-machine base-2b-0 (4)
set-base base-2b-0 arm2 oiling-machine (1)
move-arm arm2 oiling-machine table1 (4)
eject-base base-2b-1 arm2 table1 (1)
set-base base-2b-2 arm1 table-in (1)
move-arm-holding arm2 table1 oiling-machine base-2b-1 (4)
move-arm arm1 table-in gasket-machine (2)
eject-base base-2a-5 arm1 gasket-machine (1)
move-arm-holding arm1 gasket-machine inspection-machine base-2a-5 (5)
move-arm-holding arm2 oiling-machine table2 base-2b-1 (4)
move-arm-holding arm1 inspection-machine table1 base-2a-5 (6)
set-base base-2a-5 arm1 table1 (1)
move-arm arm1 table1 inspection-machine (6)
move-arm arm1 inspection-machine tray-a (3)
pickup-component part-2a-a-5 arm1 tray-a (1)
move-arm-holding arm1 tray-a table1 part-2a-a-5 (4)
assemble-with-arm part-2a-a-5 j2a-attatch-a j2a-insert-gasket base-2a-5 arm1 table1 (2)
move-arm arm1 table1 table-out (5)
eject-base base-2a-0 arm1 table-out (1)
move-arm-holding arm1 table-out gasket-machine base-2a-0 (4)
set-base base-2a-0 arm1 gasket-machine (1)
move-arm arm1 gasket-machine table-in (2)
eject-base base-2b-2 arm1 table-in (1)
move-arm-holding arm1 table-in gasket-machine base-2b-2 (2)
move-arm-holding arm1 gasket-machine table-out base-2b-2 (4)
set-base base-2b-2 arm1 table-out (1)
move-arm arm1 table-out gasket-machine (4)
eject-base base-2a-0 arm1 gasket-machine (1)
move-arm-holding arm1 gasket-machine table-out base-2a-0 (4)
move-arm-holding arm1 table-out table-in base-2a-0 (3)
set-base base-2a-0 arm1 table-in (1)
move-arm arm1 table-in table1 (3)
eject-base base-2a-5 arm1 table1 (1)
move-arm-holding arm1 table1 table-in base-2a-5 (3)
move-arm-holding arm1 table-in gasket-machine base-2a-5 (2)
set-base base-2a-5 arm1 gasket-machine (1)
move-arm arm1 gasket-machine table-in (2)
eject-base base-2a-0 arm1 table-in (1)
move-arm-holding arm1 table-in table1 base-2a-0 (3)
set-base base-2a-0 arm1 table1 (1)
move-arm arm1 table1 tray-a (4)
pickup-component part-2a-a-0 arm1 tray-a (1)
move-arm-holding arm1 tray-a table1 part-2a-a-0 (4)
assemble-with-arm part-2a-a-0 j2a-attatch-a j2a-insert-gasket base-2a-0 arm1 table1 (2)
eject-base base-2a-0 arm1 table1 (1)
move-arm-holding arm1 table1 table-in base-2a-0 (3)
set-base base-2a-0 arm1 table-in (1)
move-arm arm1 table-in inspection-machine (4)
eject-base base-2a-1 arm1 inspection-machine (1)
move-arm-holding arm1 inspection-machine table1 base-2a-1 (6)
set-base base-2a-1 arm1 table1 (1)
move-arm arm1 table1 table-in (3)
eject-base base-2a-0 arm1 table-in (1)
move-arm-holding arm1 table-in inspection-machine base-2a-0 (4)
set-base base-2a-0 arm1 inspection-machine (1)
move-arm arm1 inspection-machine tray-a (3)
pickup-component part-2a-a-1 arm1 tray-a (1)
move-arm-holding arm1 tray-a table1 part-2a-a-1 (4)
assemble-with-arm part-2a-a-1 j2a-attatch-a j2a-insert-gasket base-2a-1 arm1 table1 (2)
eject-base base-2a-1 arm1 table1 (1)
move-arm-holding arm1 table1 inspection-machine base-2a-1 (6)
move-arm-holding arm2 table2 table1 base-2b-1 (7)
move-arm-holding arm1 inspection-machine table-in base-2a-1 (4)
set-base base-2b-1 arm2 table1 (1)
move-arm arm2 table1 table2 (7)
eject-base base-2a-3 arm2 table2 (1)
set-base base-2a-1 arm1 table-in (1)
move-arm arm1 table-in table1 (3)
eject-base base-2b-1 arm1 table1 (1)
move-arm-holding arm1 table1 inspection-machine base-2b-1 (6)
set-base base-2a-3 arm2 table2 (1)
move-arm arm2 table2 screw-machine-a (6)
eject-base base-2a-2 arm2 screw-machine-a (1)
move-arm-holding arm2 screw-machine-a table1 base-2a-2 (2)
set-base base-2a-2 arm2 table1 (1)
move-arm arm2 table1 table2 (7)
eject-base base-2a-3 arm2 table2 (1)
move-arm-holding arm2 table2 screw-machine-a base-2a-3 (6)
set-base base-2a-3 arm2 screw-machine-a (1)
assemble-with-machine base-2a-3 screw-machine-a j2a-screw-a j2a-attatch-a (3)
eject-base base-2a-3 arm2 screw-machine-a (1)
move-arm-holding arm2 screw-machine-a table2 base-2a-3 (6)
set-base base-2a-3 arm2 table2 (1)
move-arm arm2 table2 table1 (7)
move-arm-holding arm1 inspection-machine table2 base-2b-1 (2)
move-arm arm2 table1 oiling-machine (4)
eject-base base-2b-0 arm2 oiling-machine (1)
move-arm-holding arm2 oiling-machine screw-machine-a base-2b-0 (3)
set-base base-2b-0 arm2 screw-machine-a (1)
move-arm arm2 screw-machine-a table1 (2)
move-arm-holding arm1 table2 table-out base-2b-1 (3)
move-arm arm2 table1 table2 (7)
eject-base base-2a-3 arm2 table2 (1)
move-arm-holding arm2 table2 oiling-machine base-2a-3 (4)
move-arm-holding arm1 table-out table2 base-2b-1 (3)
set-base base-2b-1 arm1 table2 (1)
set-base base-2a-3 arm2 oiling-machine (1)
assemble-with-machine base-2a-3 oiling-machine j2a-oil-cylinder j2a-screw-a (3)
move-arm arm1 table2 table-in (5)
eject-base base-2a-1 arm1 table-in (1)
move-arm arm2 oiling-machine table2 (4)
eject-base base-2b-1 arm2 table2 (1)
move-arm-holding arm2 table2 oiling-machine base-2b-1 (4)
move-arm-holding arm1 table-in table2 base-2a-1 (5)
set-base base-2a-1 arm1 table2 (1)
move-arm arm1 table2 table1 (7)
eject-base base-2a-2 arm1 table1 (1)
move-arm-holding arm1 table1 inspection-machine base-2a-2 (6)
move-arm-holding arm2 oiling-machine table1 base-2b-1 (4)
set-base base-2b-1 arm2 table1 (1)
move-arm arm2 table1 oiling-machine (4)
eject-base base-2a-3 arm2 oiling-machine (1)
move-arm-holding arm1 inspection-machine table-in base-2a-2 (4)
set-base base-2a-2 arm1 table-in (1)
move-arm arm1 table-in table2 (5)
eject-base base-2a-1 arm1 table2 (1)
move-arm-holding arm1 table2 inspection-machine base-2a-1 (2)
move-arm-holding arm2 oiling-machine table2 base-2a-3 (4)
set-base base-2a-3 arm2 table2 (1)
move-arm arm2 table2 tray-b (5)
pickup-component part-2a-b-3 arm2 tray-b (1)
move-arm-holding arm2 tray-b table2 part-2a-b-3 (5)
assemble-with-arm part-2a-b-3 j2a-attatch-b j2a-oil-cylinder base-2a-3 arm2 table2 (2)
move-arm arm2 table2 tray-c (3)
pickup-component part-2a-c-3 arm2 tray-c (1)
move-arm-holding arm2 tray-c table2 part-2a-c-3 (3)
assemble-with-arm part-2a-c-3 j2a-attatch-c j2a-attatch-b base-2a-3 arm2 table2 (3)
move-arm arm2 table2 screw-machine-a (6)
eject-base base-2b-0 arm2 screw-machine-a (1)
move-arm-holding arm2 screw-machine-a oiling-machine base-2b-0 (3)
set-base base-2b-0 arm2 oiling-machine (1)
move-arm arm2 oiling-machine table1 (4)
eject-base base-2b-1 arm2 table1 (1)
move-arm-holding arm2 table1 screw-machine-a base-2b-1 (2)
set-base base-2b-1 arm2 screw-machine-a (1)
assemble-with-machine base-2b-1 screw-machine-a j2b-screw-a j2b-attatch-a (3)
eject-base base-2b-1 arm2 screw-machine-a (1)
move-arm-holding arm2 screw-machine-a table1 base-2b-1 (2)
set-base base-2b-1 arm2 table1 (1)
move-arm arm2 table1 tray-b (3)
pickup-component part-2b-b-1 arm2 tray-b (1)
move-arm-holding arm2 tray-b table1 part-2b-b-1 (3)
assemble-with-arm part-2b-b-1 j2b-attatch-b j2b-screw-a base-2b-1 arm2 table1 (2)
move-arm arm2 table1 tray-c (5)
pickup-component part-2b-c-1 arm2 tray-c (1)
move-arm-holding arm2 tray-c table1 part-2b-c-1 (5)
assemble-with-arm part-2b-c-1 j2b-attatch-c j2b-attatch-b base-2b-1 arm2 table1 (2)
move-arm arm2 table1 table2 (7)
eject-base base-2a-3 arm2 table2 (1)
move-arm-holding arm2 table2 oiling-machine base-2a-3 (4)
move-arm-holding arm1 inspection-machine table2 base-2a-1 (2)
set-base base-2a-1 arm1 table2 (1)
move-arm arm1 table2 inspection-machine (2)
move-arm arm1 inspection-machine table1 (6)
eject-base base-2b-1 arm1 table1 (1)
move-arm-holding arm1 table1 inspection-machine base-2b-1 (6)
move-arm-holding arm2 oiling-machine table1 base-2a-3 (4)
set-base base-2a-3 arm2 table1 (1)
move-arm arm2 table1 table2 (7)
eject-base base-2a-1 arm2 table2 (1)
move-arm-holding arm2 table2 screw-machine-a base-2a-1 (6)
set-base base-2a-1 arm2 screw-machine-a (1)
assemble-with-machine base-2a-1 screw-machine-a j2a-screw-a j2a-attatch-a (3)
eject-base base-2a-1 arm2 screw-machine-a (1)
move-arm-holding arm2 screw-machine-a table2 base-2a-1 (6)
set-base base-2a-1 arm2 table2 (1)
move-arm arm2 table2 table1 (7)
move-arm-holding arm1 inspection-machine table2 base-2b-1 (2)
move-arm arm2 table1 oiling-machine (4)
eject-base base-2b-0 arm2 oiling-machine (1)
move-arm-holding arm2 oiling-machine screw-machine-a base-2b-0 (3)
set-base base-2b-0 arm2 screw-machine-a (1)
move-arm arm2 screw-machine-a table1 (2)
move-arm-holding arm1 table2 table-out base-2b-1 (3)
move-arm arm2 table1 table2 (7)
eject-base base-2a-1 arm2 table2 (1)
move-arm-holding arm2 table2 oiling-machine base-2a-1 (4)
set-base base-2a-1 arm2 oiling-machine (1)
assemble-with-machine base-2a-1 oiling-machine j2a-oil-cylinder j2a-screw-a (3)
eject-base base-2a-1 arm2 oiling-machine (1)
move-arm-holding arm2 oiling-machine table2 base-2a-1 (4)
set-base base-2a-1 arm2 table2 (1)
move-arm arm2 table2 table1 (7)
move-arm-holding arm1 table-out table2 base-2b-1 (3)
move-arm arm2 table1 tray-b (3)
pickup-component part-2a-b-1 arm2 tray-b (1)
move-arm-holding arm1 table2 table1 base-2b-1 (7)
move-arm-holding arm2 tray-b table2 part-2a-b-1 (5)
assemble-with-arm part-2a-b-1 j2a-attatch-b j2a-oil-cylinder base-2a-1 arm2 table2 (2)
move-arm-holding arm1 table1 table-out base-2b-1 (5)
move-arm arm2 table2 table1 (7)
move-arm-holding arm1 table-out table2 base-2b-1 (3)
move-arm arm2 table1 tray-c (5)
pickup-component part-2a-c-1 arm2 tray-c (1)
move-arm-holding arm1 table2 table1 base-2b-1 (7)
move-arm-holding arm2 tray-c table2 part-2a-c-1 (3)
assemble-with-arm part-2a-c-1 j2a-attatch-c j2a-attatch-b base-2a-1 arm2 table2 (3)
move-arm-holding arm1 table1 table-out base-2b-1 (5)
eject-base base-2a-1 arm2 table2 (1)
move-arm-holding arm2 table2 oiling-machine base-2a-1 (4)
set-base base-2a-1 arm2 oiling-machine (1)
move-arm arm2 oiling-machine screw-machine-a (3)
eject-base base-2b-0 arm2 screw-machine-a (1)
move-arm-holding arm2 screw-machine-a table2 base-2b-0 (6)
set-base base-2b-0 arm2 table2 (1)
move-arm arm2 table2 table1 (7)
eject-base base-2a-3 arm2 table1 (1)
move-arm-holding arm2 table1 oiling-machine base-2a-3 (4)
move-arm-holding arm1 table-out table1 base-2b-1 (5)
set-base base-2b-1 arm1 table1 (1)
move-arm-holding arm2 oiling-machine table2 base-2a-3 (4)
move-arm arm1 table1 table-in (3)
eject-base base-2a-2 arm1 table-in (1)
move-arm-holding arm2 table2 screw-machine-a base-2a-3 (6)
set-base base-2a-3 arm2 screw-machine-a (1)
move-arm arm2 screw-machine-a table1 (2)
eject-base base-2b-1 arm2 table1 (1)
move-arm-holding arm2 table1 oiling-machine base-2b-1 (4)
set-base base-2a-2 arm1 table-in (1)
move-arm arm1 table-in table-out (3)
eject-base base-2b-2 arm1 table-out (1)
move-arm-holding arm1 table-out table1 base-2b-2 (5)
set-base base-2b-2 arm1 table1 (1)
move-arm arm1 table1 table-in (3)
eject-base base-2a-2 arm1 table-in (1)
move-arm-holding arm1 table-in table-out base-2a-2 (3)
set-base base-2a-2 arm1 table-out (1)
move-arm arm1 table-out table2 (3)
eject-base base-2b-0 arm1 table2 (1)
move-arm-holding arm1 table2 inspection-machine base-2b-0 (2)
move-arm-holding arm2 oiling-machine table2 base-2b-1 (4)
set-base base-2b-1 arm2 table2 (1)
move-arm arm2 table2 oiling-machine (4)
eject-base base-2a-1 arm2 oiling-machine (1)
move-arm-holding arm1 inspection-machine table-in base-2b-0 (4)
set-base base-2b-0 arm1 table-in (1)
move-arm arm1 table-in table2 (5)
eject-base base-2b-1 arm1 table2 (1)
move-arm-holding arm1 table2 inspection-machine base-2b-1 (2)
move-arm-holding arm2 oiling-machine table2 base-2a-1 (4)
set-base base-2a-1 arm2 table2 (1)
move-arm arm2 table2 screw-machine-a (6)
eject-base base-2a-3 arm2 screw-machine-a (1)
move-arm-holding arm2 screw-machine-a oiling-machine base-2a-3 (3)
set-base base-2a-3 arm2 oiling-machine (1)
move-arm arm2 oiling-machine table1 (4)
eject-base base-2b-2 arm2 table1 (1)
move-arm-holding arm2 table1 screw-machine-a base-2b-2 (2)
set-base base-2b-2 arm2 screw-machine-a (1)
assemble-with-machine base-2b-2 screw-machine-a j2b-screw-a j2b-attatch-a (3)
eject-base base-2b-2 arm2 screw-machine-a (1)
move-arm-holding arm2 screw-machine-a table1 base-2b-2 (2)
set-base base-2b-2 arm2 table1 (1)
move-arm arm2 table1 tray-b (3)
pickup-component part-2b-b-2 arm2 tray-b (1)
move-arm-holding arm2 tray-b table1 part-2b-b-2 (3)
assemble-with-arm part-2b-b-2 j2b-attatch-b j2b-screw-a base-2b-2 arm2 table1 (2)
move-arm arm2 table1 tray-c (5)
pickup-component part-2b-c-2 arm2 tray-c (1)
move-arm-holding arm2 tray-c table1 part-2b-c-2 (5)
assemble-with-arm part-2b-c-2 j2b-attatch-c j2b-attatch-b base-2b-2 arm2 table1 (2)
move-arm arm2 table1 table2 (7)
eject-base base-2a-1 arm2 table2 (1)
move-arm-holding arm2 table2 screw-machine-a base-2a-1 (6)
set-base base-2a-1 arm2 screw-machine-a (1)
move-arm arm2 screw-machine-a screw-machine-c (5)
eject-base base-2a-4 arm2 screw-machine-c (1)
move-arm-holding arm2 screw-machine-c table2 base-2a-4 (2)
set-base base-2a-4 arm2 table2 (1)
move-arm arm2 table2 table1 (7)
eject-base base-2b-2 arm2 table1 (1)
move-arm-holding arm2 table1 screw-machine-c base-2b-2 (6)
set-base base-2b-2 arm2 screw-machine-c (1)
assemble-with-machine base-2b-2 screw-machine-c j2b-screw-c j2b-attatch-c (3)
move-arm arm2 screw-machine-c screw-machine-a (5)
eject-base base-2a-1 arm2 screw-machine-a (1)
move-arm-holding arm2 screw-machine-a table1 base-2a-1 (2)
set-base base-2a-1 arm2 table1 (1)
move-arm-holding arm1 inspection-machine table2 base-2b-1 (2)
move-arm arm2 table1 tray-b (3)
pickup-component part-2a-b-4 arm2 tray-b (1)
move-arm-holding arm1 table2 table1 base-2b-1 (7)
move-arm-holding arm2 tray-b table2 part-2a-b-4 (5)
assemble-with-arm part-2a-b-4 j2a-attatch-b j2a-oil-cylinder base-2a-4 arm2 table2 (2)
move-arm-holding arm1 table1 table-out base-2b-1 (5)
move-arm arm2 table2 table1 (7)
move-arm-holding arm1 table-out table2 base-2b-1 (3)
move-arm arm2 table1 tray-c (5)
pickup-component part-2a-c-4 arm2 tray-c (1)
move-arm-holding arm1 table2 table1 base-2b-1 (7)
move-arm-holding arm2 tray-c table2 part-2a-c-4 (3)
assemble-with-arm part-2a-c-4 j2a-attatch-c j2a-attatch-b base-2a-4 arm2 table2 (3)
move-arm-holding arm1 table1 table-out base-2b-1 (5)
move-arm arm2 table2 table1 (7)
move-arm-holding arm1 table-out table2 base-2b-1 (3)
move-arm arm2 table1 screw-machine-c (6)
eject-base base-2b-2 arm2 screw-machine-c (1)
move-arm-holding arm2 screw-machine-c screw-machine-a base-2b-2 (5)
set-base base-2b-2 arm2 screw-machine-a (1)
move-arm arm2 screw-machine-a oiling-machine (3)
eject-base base-2a-3 arm2 oiling-machine (1)
move-arm-holding arm2 oiling-machine table1 base-2a-3 (4)
move-arm-holding arm2 table1 screw-machine-c base-2a-3 (6)
set-base base-2a-3 arm2 screw-machine-c (1)
assemble-with-machine base-2a-3 screw-machine-c j2a-screw-c j2a-attatch-c (2)
eject-base base-2a-3 arm2 screw-machine-c (1)
move-arm-holding arm2 screw-machine-c oiling-machine base-2a-3 (3)
set-base base-2a-3 arm2 oiling-machine (1)
move-arm arm2 oiling-machine table1 (4)
move-arm-holding arm1 table2 table-out base-2b-1 (3)
eject-base base-2a-1 arm2 table1 (1)
move-arm-holding arm2 table1 screw-machine-c base-2a-1 (6)
set-base base-2a-1 arm2 screw-machine-c (1)
assemble-with-machine base-2a-1 screw-machine-c j2a-screw-c j2a-attatch-c (2)
eject-base base-2a-1 arm2 screw-machine-c (1)
move-arm-holding arm2 screw-machine-c table1 base-2a-1 (6)
set-base base-2a-1 arm2 table1 (1)
move-arm arm2 table1 table2 (7)
eject-base base-2a-4 arm2 table2 (1)
move-arm-holding arm2 table2 screw-machine-c base-2a-4 (2)
set-base base-2a-4 arm2 screw-machine-c (1)
assemble-with-machine base-2a-4 screw-machine-c j2a-screw-c j2a-attatch-c (2)
eject-base base-2a-4 arm2 screw-machine-c (1)
move-arm-holding arm1 table-out table2 base-2b-1 (3)
set-base base-2b-1 arm1 table2 (1)
move-arm arm1 table2 table1 (7)
eject-base base-2a-1 arm1 table1 (1)
move-arm-holding arm1 table1 inspection-machine base-2a-1 (6)
move-arm-holding arm2 screw-machine-c oiling-machine base-2a-4 (3)
move-arm-holding arm2 oiling-machine table1 base-2a-4 (4)
set-base base-2a-4 arm2 table1 (1)
move-arm arm2 table1 table2 (7)
eject-base base-2b-1 arm2 table2 (1)
move-arm-holding arm2 table2 screw-machine-c base-2b-1 (2)
set-base base-2b-1 arm2 screw-machine-c (1)
assemble-with-machine base-2b-1 screw-machine-c j2b-screw-c j2b-attatch-c (3)
eject-base base-2b-1 arm2 screw-machine-c (1)
move-arm-holding arm2 screw-machine-c table2 base-2b-1 (2)
set-base base-2b-1 arm2 table2 (1)
move-arm arm2 table2 table1 (7)
eject-base base-2a-4 arm2 table1 (1)
move-arm-holding arm1 inspection-machine table2 base-2a-1 (2)
move-arm-holding arm2 table1 oiling-machine base-2a-4 (4)
move-arm-holding arm1 table2 table1 base-2a-1 (7)
set-base base-2a-1 arm1 table1 (1)
move-arm-holding arm2 oiling-machine table2 base-2a-4 (4)
move-arm arm1 table1 table-in (3)
eject-base base-2b-0 arm1 table-in (1)
move-arm-holding arm2 table2 screw-machine-c base-2a-4 (2)
set-base base-2a-4 arm2 screw-machine-c (1)
move-arm arm2 screw-machine-c table1 (6)
eject-base base-2a-1 arm2 table1 (1)
move-arm-holding arm2 table1 oiling-machine base-2a-1 (4)
set-base base-2b-0 arm1 table-in (1)
move-arm arm1 table-in gasket-machine (2)
eject-base base-2a-5 arm1 gasket-machine (1)
move-arm-holding arm1 gasket-machine inspection-machine base-2a-5 (5)
move-arm-holding arm1 inspection-machine table1 base-2a-5 (6)
set-base base-2a-5 arm1 table1 (1)
move-arm-holding arm2 oiling-machine table2 base-2a-1 (4)
move-arm arm1 table1 inspection-machine (6)
move-arm arm1 inspection-machine table-in (4)
eject-base base-2b-0 arm1 table-in (1)
move-arm-holding arm1 table-in gasket-machine base-2b-0 (2)
set-base base-2b-0 arm1 gasket-machine (1)
move-arm arm1 gasket-machine table1 (2)
eject-base base-2a-5 arm1 table1 (1)
move-arm-holding arm1 table1 inspection-machine base-2a-5 (6)
move-arm-holding arm2 table2 table1 base-2a-1 (7)
set-base base-2a-1 arm2 table1 (1)
move-arm arm2 table1 table2 (7)
eject-base base-2b-1 arm2 table2 (1)
move-arm-holding arm2 table2 oiling-machine base-2b-1 (4)
move-arm-holding arm1 inspection-machine table2 base-2a-5 (2)
set-base base-2a-5 arm1 table2 (1)
move-arm arm1 table2 inspection-machine (2)
move-arm arm1 inspection-machine table1 (6)
eject-base base-2a-1 arm1 table1 (1)
move-arm-holding arm1 table1 inspection-machine base-2a-1 (6)
move-arm-holding arm2 oiling-machine table1 base-2b-1 (4)
set-base base-2b-1 arm2 table1 (1)
move-arm arm2 table1 oiling-machine (4)
eject-base base-2a-3 arm2 oiling-machine (1)
move-arm-holding arm1 inspection-machine table1 base-2a-1 (6)
move-arm-holding arm2 oiling-machine table2 base-2a-3 (4)
move-arm-holding arm1 table1 table-in base-2a-1 (3)
set-base base-2a-1 arm1 table-in (1)
move-arm arm1 table-in table1 (3)
eject-base base-2b-1 arm1 table1 (1)
move-arm-holding arm1 table1 inspection-machine base-2b-1 (6)
move-arm-holding arm2 table2 table1 base-2a-3 (7)
set-base base-2a-3 arm2 table1 (1)
move-arm-holding arm1 inspection-machine table2 base-2b-1 (2)
move-arm arm2 table1 screw-machine-a (2)
eject-base base-2b-2 arm2 screw-machine-a (1)
move-arm-holding arm2 screw-machine-a oiling-machine base-2b-2 (3)
set-base base-2b-2 arm2 oiling-machine (1)
move-arm arm2 oiling-machine table1 (4)
move-arm-holding arm1 table2 table-out base-2b-1 (3)
move-arm arm2 table1 table2 (7)
eject-base base-2a-5 arm2 table2 (1)
move-arm-holding arm2 table2 screw-machine-a base-2a-5 (6)
set-base base-2a-5 arm2 screw-machine-a (1)
assemble-with-machine base-2a-5 screw-machine-a j2a-screw-a j2a-attatch-a (3)
eject-base base-2a-5 arm2 screw-machine-a (1)
move-arm-holding arm2 screw-machine-a table2 base-2a-5 (6)
set-base base-2a-5 arm2 table2 (1)
move-arm arm2 table2 table1 (7)
move-arm-holding arm1 table-out table2 base-2b-1 (3)
move-arm arm2 table1 oiling-machine (4)
eject-base base-2b-2 arm2 oiling-machine (1)
move-arm-holding arm2 oiling-machine screw-machine-a base-2b-2 (3)
set-base base-2b-2 arm2 screw-machine-a (1)
move-arm arm2 screw-machine-a table1 (2)
move-arm-holding arm1 table2 table-out base-2b-1 (3)
move-arm arm2 table1 table2 (7)
eject-base base-2a-5 arm2 table2 (1)
move-arm-holding arm2 table2 oiling-machine base-2a-5 (4)
set-base base-2a-5 arm2 oiling-machine (1)
assemble-with-machine base-2a-5 oiling-machine j2a-oil-cylinder j2a-screw-a (3)
eject-base base-2a-5 arm2 oiling-machine (1)
move-arm-holding arm2 oiling-machine table2 base-2a-5 (4)
set-base base-2a-5 arm2 table2 (1)
move-arm arm2 table2 tray-b (5)
pickup-component part-2a-b-5 arm2 tray-b (1)
move-arm-holding arm2 tray-b table2 part-2a-b-5 (5)
assemble-with-arm part-2a-b-5 j2a-attatch-b j2a-oil-cylinder base-2a-5 arm2 table2 (2)
move-arm arm2 table2 tray-c (3)
pickup-component part-2a-c-5 arm2 tray-c (1)
move-arm-holding arm2 tray-c table2 part-2a-c-5 (3)
assemble-with-arm part-2a-c-5 j2a-attatch-c j2a-attatch-b base-2a-5 arm2 table2 (3)
move-arm arm2 table2 table1 (7)
move-arm-holding arm1 table-out table2 base-2b-1 (3)
move-arm arm2 table1 screw-machine-c (6)
eject-base base-2a-4 arm2 screw-machine-c (1)
move-arm-holding arm2 screw-machine-c oiling-machine base-2a-4 (3)
set-base base-2a-4 arm2 oiling-machine (1)
move-arm arm2 oiling-machine table1 (4)
move-arm-holding arm1 table2 table-out base-2b-1 (3)
move-arm arm2 table1 table2 (7)
eject-base base-2a-5 arm2 table2 (1)
move-arm-holding arm2 table2 screw-machine-c base-2a-5 (2)
set-base base-2a-5 arm2 screw-machine-c (1)
assemble-with-machine base-2a-5 screw-machine-c j2a-screw-c j2a-attatch-c (2)
eject-base base-2a-5 arm2 screw-machine-c (1)
move-arm-holding arm2 screw-machine-c table2 base-2a-5 (2)
set-base base-2a-5 arm2 table2 (1)
move-arm arm2 table2 table1 (7)
eject-base base-2a-3 arm2 table1 (1)
move-arm-holding arm1 table-out table2 base-2b-1 (3)
move-arm-holding arm2 table1 oiling-machine base-2a-3 (4)
move-arm-holding arm1 table2 table1 base-2b-1 (7)
set-base base-2b-1 arm1 table1 (1)
move-arm-holding arm2 oiling-machine table2 base-2a-3 (4)
move-arm arm1 table1 table-in (3)
eject-base base-2a-1 arm1 table-in (1)
move-arm-holding arm2 table2 screw-machine-c base-2a-3 (2)
set-base base-2a-3 arm2 screw-machine-c (1)
move-arm arm2 screw-machine-c table1 (6)
eject-base base-2b-1 arm2 table1 (1)
move-arm-holding arm2 table1 oiling-machine base-2b-1 (4)
set-base base-2a-1 arm1 table-in (1)
move-arm arm1 table-in inspection-machine (4)
eject-base base-2a-0 arm1 inspection-machine (1)
move-arm-holding arm1 inspection-machine table1 base-2a-0 (6)
set-base base-2a-0 arm1 table1 (1)
move-arm-holding arm2 oiling-machine table2 base-2b-1 (4)
move-arm arm1 table1 table-in (3)
eject-base base-2a-1 arm1 table-in (1)
move-arm-holding arm1 table-in inspection-machine base-2a-1 (4)
set-base base-2a-1 arm1 inspection-machine (1)
assemble-with-machine base-2a-1 inspection-machine j2a-inspect-base j2a-screw-c (2)
eject-base base-2a-1 arm1 inspection-machine (1)
move-arm-holding arm1 inspection-machine table-in base-2a-1 (4)
set-base base-2a-1 arm1 table-in (1)
move-arm arm1 table-in table-out (3)
eject-base base-2a-2 arm1 table-out (1)
move-arm-holding arm1 table-out inspection-machine base-2a-2 (2)
set-base base-2a-2 arm1 inspection-machine (1)
assemble-with-machine base-2a-2 inspection-machine j2a-inspect-base j2a-screw-c (2)
move-arm arm1 inspection-machine table-in (4)
eject-base base-2a-1 arm1 table-in (1)
move-arm-holding arm1 table-in table1 base-2a-1 (3)
move-arm-holding arm1 table1 table-out base-2a-1 (5)
set-base base-2a-1 arm1 table-out (1)
slide-base-out base-2a-1 table-out carry-out (1)
slide-base-in base-2b-3 carry-in table-in (1)
move-arm arm1 table-out tray-a (2)
pickup-component part-2b-a-3 arm1 tray-a (1)
move-arm-holding arm1 tray-a table-in part-2b-a-3 (2)
assemble-with-arm part-2b-a-3 j2b-attatch-a nothing-done base-2b-3 arm1 table-in (3)
eject-base base-2b-3 arm1 table-in (1)
move-arm-holding arm1 table-in table1 base-2b-3 (3)
move-arm-holding arm1 table1 table-out base-2b-3 (5)
set-base base-2b-3 arm1 table-out (1)
move-arm arm1 table-out inspection-machine (2)
eject-base base-2a-2 arm1 inspection-machine (1)
move-arm-holding arm1 inspection-machine table-in base-2a-2 (4)
set-base base-2a-2 arm1 table-in (1)
move-arm arm1 table-in table1 (3)
eject-base base-2a-0 arm1 table1 (1)
move-arm-holding arm1 table1 inspection-machine base-2a-0 (6)
set-base base-2a-0 arm1 inspection-machine (1)
move-arm arm1 inspection-machine table-out (2)
move-arm-holding arm2 table2 screw-machine-c base-2b-1 (2)
eject-base base-2b-3 arm1 table-out (1)
move-arm-holding arm1 table-out table1 base-2b-3 (5)
set-base base-2b-3 arm1 table1 (1)
move-arm-holding arm2 screw-machine-c table2 base-2b-1 (2)
move-arm arm1 table1 table-in (3)
eject-base base-2a-2 arm1 table-in (1)
move-arm-holding arm1 table-in inspection-machine base-2a-2 (4)
slide-base-in base-2b-4 carry-in table-in (1)
move-arm-holding arm1 inspection-machine table-out base-2a-2 (2)
set-base base-2a-2 arm1 table-out (1)
slide-base-out base-2a-2 table-out carry-out (1)
move-arm arm1 table-out tray-a (2)
pickup-component part-2b-a-4 arm1 tray-a (1)
move-arm-holding arm1 tray-a table-in part-2b-a-4 (2)
assemble-with-arm part-2b-a-4 j2b-attatch-a nothing-done base-2b-4 arm1 table-in (3)
eject-base base-2b-4 arm1 table-in (1)
move-arm-holding arm1 table-in inspection-machine base-2b-4 (4)
move-arm-holding arm1 inspection-machine table-out base-2b-4 (2)
set-base base-2b-4 arm1 table-out (1)
move-arm-holding arm2 table2 table1 base-2b-1 (7)
move-arm arm1 table-out table2 (3)
eject-base base-2a-5 arm1 table2 (1)
move-arm-holding arm1 table2 inspection-machine base-2a-5 (2)
move-arm-holding arm2 table1 table2 base-2b-1 (7)
set-base base-2b-1 arm2 table2 (1)
move-arm arm2 table2 table1 (7)
move-arm-holding arm1 inspection-machine table-in base-2a-5 (4)
set-base base-2a-5 arm1 table-in (1)
eject-base base-2b-3 arm2 table1 (1)
move-arm arm1 table-in table2 (5)
eject-base base-2b-1 arm1 table2 (1)
move-arm-holding arm1 table2 inspection-machine base-2b-1 (2)
set-base base-2b-3 arm2 table1 (1)
move-arm arm2 table1 screw-machine-c (6)
eject-base base-2a-3 arm2 screw-machine-c (1)
move-arm-holding arm2 screw-machine-c table2 base-2a-3 (2)
set-base base-2a-3 arm2 table2 (1)
move-arm arm2 table2 table1 (7)
move-arm-holding arm1 inspection-machine table2 base-2b-1 (2)
eject-base base-2b-3 arm2 table1 (1)
move-arm-holding arm2 table1 screw-machine-c base-2b-3 (6)
move-arm-holding arm1 table2 table1 base-2b-1 (7)
set-base base-2b-1 arm1 table1 (1)
set-base base-2b-3 arm2 screw-machine-c (1)
move-arm arm2 screw-machine-c oiling-machine (3)
eject-base base-2a-4 arm2 oiling-machine (1)
eject-base base-2b-1 arm1 table1 (1)
move-arm-holding arm1 table1 table2 base-2b-1 (7)
move-arm-holding arm2 oiling-machine table1 base-2a-4 (4)
set-base base-2a-4 arm2 table1 (1)
move-arm arm2 table1 screw-machine-a (2)
eject-base base-2b-2 arm2 screw-machine-a (1)
move-arm-holding arm2 screw-machine-a table1 base-2b-2 (2)
move-arm-holding arm2 table1 oiling-machine base-2b-2 (4)
set-base base-2b-2 arm2 oiling-machine (1)
move-arm arm2 oiling-machine screw-machine-c (3)
eject-base base-2b-3 arm2 screw-machine-c (1)
move-arm-holding arm2 screw-machine-c table1 base-2b-3 (6)
move-arm-holding arm2 table1 screw-machine-a base-2b-3 (2)
set-base base-2b-3 arm2 screw-machine-a (1)
assemble-with-machine base-2b-3 screw-machine-a j2b-screw-a j2b-attatch-a (3)
eject-base base-2b-3 arm2 screw-machine-a (1)
move-arm-holding arm2 screw-machine-a table1 base-2b-3 (2)
move-arm-holding arm2 table1 screw-machine-c base-2b-3 (6)
set-base base-2b-3 arm2 screw-machine-c (1)
move-arm-holding arm1 table2 table-out base-2b-1 (3)
move-arm arm2 screw-machine-c table1 (6)
eject-base base-2a-4 arm2 table1 (1)
move-arm-holding arm2 table1 screw-machine-a base-2a-4 (2)
move-arm-holding arm1 table-out table1 base-2b-1 (5)
set-base base-2b-1 arm1 table1 (1)
set-base base-2a-4 arm2 screw-machine-a (1)
move-arm arm2 screw-machine-a screw-machine-c (5)
eject-base base-2b-3 arm2 screw-machine-c (1)
eject-base base-2b-1 arm1 table1 (1)
move-arm-holding arm1 table1 table2 base-2b-1 (7)
move-arm-holding arm2 screw-machine-c table1 base-2b-3 (6)
set-base base-2b-3 arm2 table1 (1)
move-arm arm2 table1 tray-b (3)
pickup-component part-2b-b-3 arm2 tray-b (1)
move-arm-holding arm2 tray-b table1 part-2b-b-3 (3)
assemble-with-arm part-2b-b-3 j2b-attatch-b j2b-screw-a base-2b-3 arm2 table1 (2)
move-arm arm2 table1 tray-c (5)
pickup-component part-2b-c-3 arm2 tray-c (1)
move-arm-holding arm2 tray-c table1 part-2b-c-3 (5)
assemble-with-arm part-2b-c-3 j2b-attatch-c j2b-attatch-b base-2b-3 arm2 table1 (2)
move-arm-holding arm1 table2 table-out base-2b-1 (3)
eject-base base-2b-3 arm2 table1 (1)
move-arm-holding arm2 table1 screw-machine-c base-2b-3 (6)
set-base base-2b-3 arm2 screw-machine-c (1)
assemble-with-machine base-2b-3 screw-machine-c j2b-screw-c j2b-attatch-c (3)
eject-base base-2b-3 arm2 screw-machine-c (1)
move-arm-holding arm1 table-out table1 base-2b-1 (5)
set-base base-2b-1 arm1 table1 (1)
move-arm-holding arm2 screw-machine-c table2 base-2b-3 (2)
move-arm arm1 table1 table-in (3)
eject-base base-2a-5 arm1 table-in (1)
move-arm-holding arm2 table2 screw-machine-c base-2b-3 (2)
set-base base-2b-3 arm2 screw-machine-c (1)
move-arm arm2 screw-machine-c table1 (6)
eject-base base-2b-1 arm2 table1 (1)
move-arm-holding arm2 table1 oiling-machine base-2b-1 (4)
set-base base-2a-5 arm1 table-in (1)
move-arm arm1 table-in table-out (3)
eject-base base-2b-4 arm1 table-out (1)
move-arm-holding arm1 table-out table1 base-2b-4 (5)
set-base base-2b-4 arm1 table1 (1)
move-arm arm1 table1 table2 (7)
eject-base base-2a-3 arm1 table2 (1)
move-arm-holding arm1 table2 table-out base-2a-3 (3)
set-base base-2a-3 arm1 table-out (1)
move-arm arm1 table-out table-in (3)
eject-base base-2a-5 arm1 table-in (1)
move-arm-holding arm2 oiling-machine table2 base-2b-1 (4)
set-base base-2b-1 arm2 table2 (1)
move-arm arm2 table2 oiling-machine (4)
set-base base-2a-5 arm1 table-in (1)
move-arm arm1 table-in table2 (5)
eject-base base-2b-1 arm1 table2 (1)
move-arm-holding arm1 table2 inspection-machine base-2b-1 (2)
move-arm arm2 oiling-machine screw-machine-a (3)
eject-base base-2a-4 arm2 screw-machine-a (1)
move-arm-holding arm2 screw-machine-a table2 base-2a-4 (6)
set-base base-2a-4 arm2 table2 (1)
move-arm arm2 table2 table1 (7)
eject-base base-2b-4 arm2 table1 (1)
move-arm-holding arm2 table1 screw-machine-a base-2b-4 (2)
set-base base-2b-4 arm2 screw-machine-a (1)
assemble-with-machine base-2b-4 screw-machine-a j2b-screw-a j2b-attatch-a (3)
eject-base base-2b-4 arm2 screw-machine-a (1)
move-arm-holding arm2 screw-machine-a table1 base-2b-4 (2)
set-base base-2b-4 arm2 table1 (1)
move-arm arm2 table1 tray-b (3)
pickup-component part-2b-b-4 arm2 tray-b (1)
move-arm-holding arm1 inspection-machine table-out base-2b-1 (2)
move-arm-holding arm2 tray-b table1 part-2b-b-4 (3)
assemble-with-arm part-2b-b-4 j2b-attatch-b j2b-screw-a base-2b-4 arm2 table1 (2)
move-arm arm2 table1 tray-c (5)
pickup-component part-2b-c-4 arm2 tray-c (1)
move-arm-holding arm2 tray-c table1 part-2b-c-4 (5)
assemble-with-arm part-2b-c-4 j2b-attatch-c j2b-attatch-b base-2b-4 arm2 table1 (2)
move-arm arm2 table1 screw-machine-c (6)
eject-base base-2b-3 arm2 screw-machine-c (1)
move-arm-holding arm2 screw-machine-c oiling-machine base-2b-3 (3)
move-arm-holding arm2 oiling-machine screw-machine-a base-2b-3 (3)
set-base base-2b-3 arm2 screw-machine-a (1)
move-arm arm2 screw-machine-a table1 (2)
eject-base base-2b-4 arm2 table1 (1)
move-arm-holding arm2 table1 screw-machine-c base-2b-4 (6)
set-base base-2b-4 arm2 screw-machine-c (1)
assemble-with-machine base-2b-4 screw-machine-c j2b-screw-c j2b-attatch-c (3)
eject-base base-2b-4 arm2 screw-machine-c (1)
move-arm-holding arm1 table-out table1 base-2b-1 (5)
set-base base-2b-1 arm1 table1 (1)
move-arm arm1 table1 table-in (3)
eject-base base-2a-5 arm1 table-in (1)
set-base base-2b-4 arm2 screw-machine-c (1)
move-arm arm2 screw-machine-c table2 (2)
eject-base base-2a-4 arm2 table2 (1)
move-arm-holding arm2 table2 oiling-machine base-2a-4 (4)
set-base base-2a-5 arm1 table-in (1)
move-arm arm1 table-in inspection-machine (4)
eject-base base-2a-0 arm1 inspection-machine (1)
move-arm-holding arm1 inspection-machine table2 base-2a-0 (2)
set-base base-2a-0 arm1 table2 (1)
move-arm arm1 table2 table-out (3)
move-arm arm1 table-out table-in (3)
eject-base base-2a-5 arm1 table-in (1)
move-arm-holding arm2 oiling-machine table2 base-2a-4 (4)
move-arm-holding arm1 table-in inspection-machine base-2a-5 (4)
set-base base-2a-5 arm1 inspection-machine (1)
assemble-with-machine base-2a-5 inspection-machine j2a-inspect-base j2a-screw-c (2)
move-arm arm1 inspection-machine table1 (6)
eject-base base-2b-1 arm1 table1 (1)
move-arm-holding arm1 table1 table-out base-2b-1 (5)
move-arm-holding arm2 table2 table1 base-2a-4 (7)
set-base base-2a-4 arm2 table1 (1)
move-arm arm2 table1 oiling-machine (4)
eject-base base-2b-2 arm2 oiling-machine (1)
move-arm-holding arm1 table-out table1 base-2b-1 (5)
move-arm-holding arm2 oiling-machine table2 base-2b-2 (4)
move-arm-holding arm1 table1 table-in base-2b-1 (3)
set-base base-2b-1 arm1 table-in (1)
move-arm arm1 table-in table1 (3)
eject-base base-2a-4 arm1 table1 (1)
move-arm-holding arm1 table1 table-out base-2a-4 (5)
move-arm-holding arm2 table2 table1 base-2b-2 (7)
move-arm-holding arm1 table-out table2 base-2a-4 (3)
set-base base-2b-2 arm2 table1 (1)
move-arm arm2 table1 screw-machine-a (2)
eject-base base-2b-3 arm2 screw-machine-a (1)
move-arm-holding arm2 screw-machine-a oiling-machine base-2b-3 (3)
set-base base-2b-3 arm2 oiling-machine (1)
move-arm arm2 oiling-machine table1 (4)
move-arm-holding arm1 table2 table-out base-2a-4 (3)
move-arm arm2 table1 table2 (7)
move-arm-holding arm1 table-out table1 base-2a-4 (5)
eject-base base-2a-0 arm2 table2 (1)
move-arm-holding arm2 table2 screw-machine-a base-2a-0 (6)
move-arm-holding arm1 table1 table2 base-2a-4 (7)
set-base base-2a-4 arm1 table2 (1)
set-base base-2a-0 arm2 screw-machine-a (1)
assemble-with-machine base-2a-0 screw-machine-a j2a-screw-a j2a-attatch-a (3)
eject-base base-2a-0 arm2 screw-machine-a (1)
eject-base base-2a-4 arm1 table2 (1)
move-arm-holding arm1 table2 table1 base-2a-4 (7)
move-arm-holding arm2 screw-machine-a table2 base-2a-0 (6)
move-arm-holding arm1 table1 table-out base-2a-4 (5)
set-base base-2a-0 arm2 table2 (1)
move-arm arm2 table2 table1 (7)
move-arm-holding arm1 table-out table2 base-2a-4 (3)
move-arm arm2 table1 oiling-machine (4)
eject-base base-2b-3 arm2 oiling-machine (1)
move-arm-holding arm2 oiling-machine screw-machine-a base-2b-3 (3)
set-base base-2b-3 arm2 screw-machine-a (1)
move-arm arm2 screw-machine-a table1 (2)
move-arm-holding arm1 table2 table-out base-2a-4 (3)
move-arm arm2 table1 table2 (7)
move-arm-holding arm1 table-out table1 base-2a-4 (5)
eject-base base-2a-0 arm2 table2 (1)
move-arm-holding arm2 table2 oiling-machine base-2a-0 (4)
move-arm-holding arm1 table1 table2 base-2a-4 (7)
set-base base-2a-4 arm1 table2 (1)
set-base base-2a-0 arm2 oiling-machine (1)
assemble-with-machine base-2a-0 oiling-machine j2a-oil-cylinder j2a-screw-a (3)
eject-base base-2a-0 arm2 oiling-machine (1)
eject-base base-2a-4 arm1 table2 (1)
move-arm-holding arm1 table2 table1 base-2a-4 (7)
move-arm-holding arm2 oiling-machine table2 base-2a-0 (4)
set-base base-2a-0 arm2 table2 (1)
move-arm arm2 table2 screw-machine-a (6)
move-arm-holding arm1 table1 table2 base-2a-4 (7)
move-arm arm2 screw-machine-a tray-b (2)
pickup-component part-2a-b-0 arm2 tray-b (1)
move-arm-holding arm1 table2 table-out base-2a-4 (3)
move-arm-holding arm1 table-out table1 base-2a-4 (5)
move-arm-holding arm2 tray-b table2 part-2a-b-0 (5)
assemble-with-arm part-2a-b-0 j2a-attatch-b j2a-oil-cylinder base-2a-0 arm2 table2 (2)
move-arm-holding arm1 table1 table-out base-2a-4 (5)
move-arm arm2 table2 tray-c (3)
pickup-component part-2a-c-0 arm2 tray-c (1)
move-arm-holding arm2 tray-c table2 part-2a-c-0 (3)
assemble-with-arm part-2a-c-0 j2a-attatch-c j2a-attatch-b base-2a-0 arm2 table2 (3)
move-arm arm2 table2 screw-machine-a (6)
move-arm-holding arm1 table-out table2 base-2a-4 (3)
move-arm arm2 screw-machine-a screw-machine-c (5)
eject-base base-2b-4 arm2 screw-machine-c (1)
move-arm-holding arm2 screw-machine-c table1 base-2b-4 (6)
move-arm-holding arm2 table1 oiling-machine base-2b-4 (4)
set-base base-2b-4 arm2 oiling-machine (1)
move-arm arm2 oiling-machine table1 (4)
move-arm-holding arm1 table2 table-out base-2a-4 (3)
move-arm arm2 table1 table2 (7)
eject-base base-2a-0 arm2 table2 (1)
move-arm-holding arm2 table2 screw-machine-a base-2a-0 (6)
move-arm-holding arm2 screw-machine-a screw-machine-c base-2a-0 (5)
set-base base-2a-0 arm2 screw-machine-c (1)
assemble-with-machine base-2a-0 screw-machine-c j2a-screw-c j2a-attatch-c (2)
eject-base base-2a-0 arm2 screw-machine-c (1)
move-arm-holding arm2 screw-machine-c table2 base-2a-0 (2)
set-base base-2a-0 arm2 table2 (1)
move-arm arm2 table2 screw-machine-a (6)
move-arm arm2 screw-machine-a table1 (2)
eject-base base-2b-2 arm2 table1 (1)
move-arm-holding arm2 table1 screw-machine-a base-2b-2 (2)
move-arm-holding arm1 table-out table1 base-2a-4 (5)
set-base base-2a-4 arm1 table1 (1)
move-arm arm1 table1 inspection-machine (6)
eject-base base-2a-5 arm1 inspection-machine (1)
move-arm-holding arm2 screw-machine-a screw-machine-c base-2b-2 (5)
set-base base-2b-2 arm2 screw-machine-c (1)
move-arm arm2 screw-machine-c table1 (6)
eject-base base-2a-4 arm2 table1 (1)
move-arm-holding arm2 table1 screw-machine-c base-2a-4 (6)
move-arm-holding arm1 inspection-machine table1 base-2a-5 (6)
set-base base-2a-5 arm1 table1 (1)
move-arm arm1 table1 table-out (5)
eject-base base-2a-3 arm1 table-out (1)
move-arm-holding arm1 table-out inspection-machine base-2a-3 (2)
set-base base-2a-3 arm1 inspection-machine (1)
assemble-with-machine base-2a-3 inspection-machine j2a-inspect-base j2a-screw-c (2)
move-arm arm1 inspection-machine table1 (6)
eject-base base-2a-5 arm1 table1 (1)
move-arm-holding arm1 table1 table-out base-2a-5 (5)
set-base base-2a-5 arm1 table-out (1)
slide-base-out base-2a-5 table-out carry-out (1)
move-arm arm1 table-out table-in (3)
eject-base base-2b-1 arm1 table-in (1)
move-arm-holding arm1 table-in table-out base-2b-1 (3)
set-base base-2b-1 arm1 table-out (1)
slide-base-out base-2b-1 table-out carry-out (1)
slide-base-in base-2b-5 carry-in table-in (1)
move-arm arm1 table-out tray-a (2)
pickup-component part-2b-a-5 arm1 tray-a (1)
move-arm-holding arm1 tray-a table-in part-2b-a-5 (2)
assemble-with-arm part-2b-a-5 j2b-attatch-a nothing-done base-2b-5 arm1 table-in (3)
eject-base base-2b-5 arm1 table-in (1)
move-arm-holding arm1 table-in table2 base-2b-5 (5)
move-arm-holding arm1 table2 table1 base-2b-5 (7)
set-base base-2b-5 arm1 table1 (1)
move-arm arm1 table1 inspection-machine (6)
eject-base base-2a-3 arm1 inspection-machine (1)
move-arm-holding arm1 inspection-machine table-out base-2a-3 (2)
set-base base-2a-3 arm1 table-out (1)
slide-base-out base-2a-3 table-out carry-out (1)
move-arm arm1 table-out table1 (5)
eject-base base-2b-5 arm1 table1 (1)
move-arm-holding arm1 table1 table-out base-2b-5 (5)
move-arm-holding arm2 screw-machine-c table1 base-2a-4 (6)
set-base base-2a-4 arm2 table1 (1)
set-base base-2b-5 arm1 table-out (1)
move-arm arm2 table1 screw-machine-c (6)
move-arm arm1 table-out table1 (5)
eject-base base-2a-4 arm1 table1 (1)
move-arm-holding arm1 table1 inspection-machine base-2a-4 (6)
set-base base-2a-4 arm1 inspection-machine (1)
assemble-with-machine base-2a-4 inspection-machine j2a-inspect-base j2a-screw-c (2)
eject-base base-2a-4 arm1 inspection-machine (1)
move-arm-holding arm1 inspection-machine table-out base-2a-4 (2)
eject-base base-2b-2 arm2 screw-machine-c (1)
move-arm-holding arm2 screw-machine-c table1 base-2b-2 (6)
set-base base-2b-2 arm2 table1 (1)
move-arm-holding arm1 table-out inspection-machine base-2a-4 (2)
set-base base-2a-4 arm1 inspection-machine (1)
move-arm arm1 inspection-machine table-out (2)
move-arm arm2 table1 screw-machine-a (2)
move-arm arm1 table-out table1 (5)
move-arm arm2 screw-machine-a oiling-machine (3)
eject-base base-2b-4 arm2 oiling-machine (1)
move-arm-holding arm2 oiling-machine screw-machine-a base-2b-4 (3)
eject-base base-2b-2 arm1 table1 (1)
move-arm-holding arm1 table1 table2 base-2b-2 (7)
move-arm-holding arm2 screw-machine-a table1 base-2b-4 (2)
move-arm-holding arm1 table2 table-in base-2b-2 (5)
move-arm-holding arm2 table1 screw-machine-a base-2b-4 (2)
set-base base-2b-2 arm1 table-in (1)
move-arm arm1 table-in table-out (3)
eject-base base-2b-5 arm1 table-out (1)
move-arm-holding arm1 table-out table1 base-2b-5 (5)
set-base base-2b-5 arm1 table1 (1)
move-arm arm1 table1 inspection-machine (6)
eject-base base-2a-4 arm1 inspection-machine (1)
move-arm-holding arm1 inspection-machine table2 base-2a-4 (2)
move-arm-holding arm1 table2 table-out base-2a-4 (3)
set-base base-2a-4 arm1 table-out (1)
slide-base-out base-2a-4 table-out carry-out (1)
move-arm arm1 table-out gasket-machine (4)
eject-base base-2b-0 arm1 gasket-machine (1)
move-arm-holding arm1 gasket-machine table-out base-2b-0 (4)
set-base base-2b-0 arm1 table-out (1)
slide-base-out base-2b-0 table-out carry-out (1)
move-arm arm1 table-out table-in (3)
eject-base base-2b-2 arm1 table-in (1)
move-arm-holding arm1 table-in table2 base-2b-2 (5)
move-arm-holding arm1 table2 table-out base-2b-2 (3)
set-base base-2b-2 arm1 table-out (1)
slide-base-out base-2b-2 table-out carry-out (1)
move-arm arm1 table-out table2 (3)
eject-base base-2a-0 arm1 table2 (1)
move-arm-holding arm1 table2 table-out base-2a-0 (3)
move-arm-holding arm1 table-out inspection-machine base-2a-0 (2)
set-base base-2a-0 arm1 inspection-machine (1)
assemble-with-machine base-2a-0 inspection-machine j2a-inspect-base j2a-screw-c (2)
eject-base base-2a-0 arm1 inspection-machine (1)
move-arm-holding arm1 inspection-machine table-out base-2a-0 (2)
set-base base-2a-0 arm1 table-out (1)
slide-base-out base-2a-0 table-out carry-out (1)
move-arm-holding arm2 screw-machine-a table2 base-2b-4 (6)
set-base base-2b-4 arm2 table2 (1)
move-arm arm2 table2 oiling-machine (4)
move-arm arm2 oiling-machine screw-machine-a (3)
move-arm arm1 table-out table2 (3)
eject-base base-2b-4 arm1 table2 (1)
move-arm-holding arm1 table2 table-out base-2b-4 (3)
set-base base-2b-4 arm1 table-out (1)
slide-base-out base-2b-4 table-out carry-out (1)
eject-base base-2b-3 arm2 screw-machine-a (1)
move-arm-holding arm2 screw-machine-a table2 base-2b-3 (6)
set-base base-2b-3 arm2 table2 (1)
move-arm arm2 table2 oiling-machine (4)
move-arm arm2 oiling-machine screw-machine-c (3)
move-arm arm1 table-out table2 (3)
eject-base base-2b-3 arm1 table2 (1)
move-arm-holding arm1 table2 table-out base-2b-3 (3)
set-base base-2b-3 arm1 table-out (1)
slide-base-out base-2b-3 table-out carry-out (1)
move-arm arm2 screw-machine-c table1 (6)
eject-base base-2b-5 arm2 table1 (1)
move-arm-holding arm2 table1 screw-machine-c base-2b-5 (6)
move-arm-holding arm2 screw-machine-c screw-machine-a base-2b-5 (5)
set-base base-2b-5 arm2 screw-machine-a (1)
move-arm arm2 screw-machine-a screw-machine-c (5)
assemble-with-machine base-2b-5 screw-machine-a j2b-screw-a j2b-attatch-a (3)
move-arm arm1 table-out table2 (3)
move-arm arm2 screw-machine-c screw-machine-a (5)
eject-base base-2b-5 arm2 screw-machine-a (1)
move-arm-holding arm2 screw-machine-a table1 base-2b-5 (2)
set-base base-2b-5 arm2 table1 (1)
move-arm arm1 table2 table-out (3)
move-arm arm2 table1 screw-machine-c (6)
move-arm arm2 screw-machine-c tray-b (4)
pickup-component part-2b-b-5 arm2 tray-b (1)
move-arm-holding arm2 tray-b table1 part-2b-b-5 (3)
assemble-with-arm part-2b-b-5 j2b-attatch-b j2b-screw-a base-2b-5 arm2 table1 (2)
move-arm arm2 table1 tray-c (5)
pickup-component part-2b-c-5 arm2 tray-c (1)
move-arm-holding arm2 tray-c table1 part-2b-c-5 (5)
assemble-with-arm part-2b-c-5 j2b-attatch-c j2b-attatch-b base-2b-5 arm2 table1 (2)
eject-base base-2b-5 arm2 table1 (1)
move-arm-holding arm2 table1 screw-machine-c base-2b-5 (6)
set-base base-2b-5 arm2 screw-machine-c (1)
assemble-with-machine base-2b-5 screw-machine-c j2b-screw-c j2b-attatch-c (3)
eject-base base-2b-5 arm2 screw-machine-c (1)
move-arm-holding arm2 screw-machine-c table1 base-2b-5 (6)
set-base base-2b-5 arm2 table1 (1)
move-arm arm2 table1 oiling-machine (4)
move-arm arm1 table-out table1 (5)
eject-base base-2b-5 arm1 table1 (1)
move-arm-holding arm1 table1 table-out base-2b-5 (5)
set-base base-2b-5 arm1 table-out (1)
slide-base-out base-2b-5 table-out carry-out (1)
Plan length: 1172 step(s).
Plan cost: 3251
Initial state h value: 245/252.
Expanded 7022295 state(s).
Reopened 0 state(s).
Evaluated 13660565 state(s).
Evaluations: 27321130
Generated 91812774 state(s).
Dead ends: 6638269 state(s).
Best solution cost so far: 3251
Solution found - keep searching
Starting search: lazy_greedy(list(hff2, hlm2), preferred = list(hff2, hlm2), reopen_closed = false)
Conducting lazy best first search, (real) bound = 3251
Best heuristic value: 615/642 [g=0, 1 evaluated, 0 expanded, t=10369.9s]
Best heuristic value: 613/631 [g=2, 2 evaluated, 1 expanded, t=10369.9s]
Best heuristic value: 612/629 [g=3, 3 evaluated, 2 expanded, t=10369.9s]
Best heuristic value: 610/629 [g=4, 4 evaluated, 3 expanded, t=10369.9s]
Best heuristic value: 609/625 [g=5, 8 evaluated, 7 expanded, t=10369.9s]
Best heuristic value: 608/625 [g=9, 11 evaluated, 10 expanded, t=10369.9s]
Best heuristic value: 607/625 [g=8, 15 evaluated, 14 expanded, t=10369.9s]
Best heuristic value: 606/622 [g=12, 108 evaluated, 69 expanded, t=10369.9s]
Best heuristic value: 604/622 [g=13, 111 evaluated, 72 expanded, t=10369.9s]
Best heuristic value: 603/618 [g=14, 117 evaluated, 78 expanded, t=10369.9s]
Best heuristic value: 602/618 [g=18, 121 evaluated, 82 expanded, t=10369.9s]
Best heuristic value: 601/618 [g=17, 123 evaluated, 84 expanded, t=10369.9s]
Best heuristic value: 599/618 [g=24, 689 evaluated, 319 expanded, t=10370.2s]
Best heuristic value: 598/615 [g=25, 694 evaluated, 323 expanded, t=10370.2s]
Best heuristic value: 598/614 [g=27, 701 evaluated, 329 expanded, t=10370.2s]
Best heuristic value: 596/614 [g=36, 1102 evaluated, 470 expanded, t=10370.4s]
Best heuristic value: 595/611 [g=37, 1110 evaluated, 477 expanded, t=10370.4s]
Best heuristic value: 595/610 [g=39, 1118 evaluated, 484 expanded, t=10370.4s]
