Dispatcher selected state size 1.
This is a nonunit task.
Simplifying transitions... done!
Initializing Exploration...
Generating landmarks using the RPG/SAS+ approach
approx. reasonable orders
approx. obedient reasonable orders
Removed 0 reasonable or obedient reasonable orders
Landmarks generation time: 0.708785s
Discovered 454 landmarks, of which 0 are disjunctive and 0 are conjunctive 
2460 edges
Initializing LAMA-FF Synergy Object
Initializing landmarks count heuristic...
170 initial landmarks, 28 goal landmarks
Initializing Exploration...
Generating landmarks using the RPG/SAS+ approach
approx. reasonable orders
approx. obedient reasonable orders
Removed 0 reasonable or obedient reasonable orders
Landmarks generation time: 0.747213s
Discovered 454 landmarks, of which 0 are disjunctive and 0 are conjunctive 
2500 edges
Initializing LAMA-FF Synergy Object
Initializing landmarks count heuristic...
170 initial landmarks, 28 goal landmarks
Starting search: lazy_greedy(list(hff1, hlm1), preferred = list(hff1, hlm1), cost_type = 1, reopen_closed = false)
Conducting lazy best first search, (real) bound = 2147483647
Best heuristic value: 284/292 [g=0, 1 evaluated, 0 expanded, t=1.61s]
Best heuristic value: 284/291 [g=1, 3 evaluated, 2 expanded, t=1.62s]
Best heuristic value: 284/284 [g=2, 8 evaluated, 7 expanded, t=1.62s]
Best heuristic value: 283/284 [g=4, 59 evaluated, 42 expanded, t=1.65s]
Best heuristic value: 283/283 [g=5, 60 evaluated, 43 expanded, t=1.65s]
Best heuristic value: 283/282 [g=5, 62 evaluated, 45 expanded, t=1.65s]
Best heuristic value: 282/281 [g=8, 970 evaluated, 793 expanded, t=2.16s]
Best heuristic value: 281/281 [g=9, 971 evaluated, 794 expanded, t=2.16s]
Best heuristic value: 281/280 [g=10, 972 evaluated, 795 expanded, t=2.16s]
Best heuristic value: 280/280 [g=13, 1030 evaluated, 851 expanded, t=2.2s]
Best heuristic value: 280/279 [g=14, 1032 evaluated, 852 expanded, t=2.2s]
Best heuristic value: 280/278 [g=14, 1035 evaluated, 854 expanded, t=2.2s]
Best heuristic value: 279/277 [g=17, 1864 evaluated, 1443 expanded, t=2.67s]
Best heuristic value: 278/277 [g=18, 1866 evaluated, 1444 expanded, t=2.67s]
Best heuristic value: 278/276 [g=19, 1869 evaluated, 1446 expanded, t=2.67s]
Best heuristic value: 277/276 [g=23, 2032 evaluated, 1519 expanded, t=2.75s]
Best heuristic value: 277/275 [g=24, 2035 evaluated, 1521 expanded, t=2.76s]
Best heuristic value: 277/274 [g=24, 2039 evaluated, 1524 expanded, t=2.76s]
Best heuristic value: 276/273 [g=27, 2806 evaluated, 2071 expanded, t=3.18s]
Best heuristic value: 275/273 [g=28, 2810 evaluated, 2074 expanded, t=3.19s]
Best heuristic value: 275/272 [g=29, 2814 evaluated, 2077 expanded, t=3.19s]
Best heuristic value: 275/271 [g=31, 3059 evaluated, 2193 expanded, t=3.32s]
Best heuristic value: 274/271 [g=31, 11949 evaluated, 5353 expanded, t=7.92s]
Best heuristic value: 273/271 [g=32, 11954 evaluated, 5357 expanded, t=7.92s]
Best heuristic value: 273/270 [g=33, 11958 evaluated, 5360 expanded, t=7.92s]
Best heuristic value: 273/269 [g=33, 11963 evaluated, 5364 expanded, t=7.92s]
Best heuristic value: 272/269 [g=38, 50086 evaluated, 19105 expanded, t=29.46s]
Best heuristic value: 271/268 [g=46, 50854 evaluated, 19454 expanded, t=29.93s]
Best heuristic value: 270/268 [g=47, 50861 evaluated, 19460 expanded, t=29.93s]
Best heuristic value: 270/267 [g=48, 50874 evaluated, 19472 expanded, t=29.94s]
Best heuristic value: 269/267 [g=49, 50912 evaluated, 19505 expanded, t=29.96s]
Best heuristic value: 268/267 [g=52, 51083 evaluated, 19624 expanded, t=30.08s]
Best heuristic value: 268/266 [g=51, 51213 evaluated, 19738 expanded, t=30.17s]
Best heuristic value: 268/265 [g=55, 51598 evaluated, 20009 expanded, t=30.42s]
Best heuristic value: 268/264 [g=57, 51656 evaluated, 20049 expanded, t=30.46s]
Best heuristic value: 268/263 [g=59, 51753 evaluated, 20137 expanded, t=30.53s]
Best heuristic value: 268/262 [g=62, 52047 evaluated, 20335 expanded, t=30.72s]
Best heuristic value: 267/261 [g=64, 52063 evaluated, 20347 expanded, t=30.73s]
Best heuristic value: 266/261 [g=65, 52067 evaluated, 20350 expanded, t=30.74s]
Best heuristic value: 266/259 [g=67, 52258 evaluated, 20481 expanded, t=30.86s]
Best heuristic value: 265/259 [g=68, 58962 evaluated, 24860 expanded, t=35.12s]
Best heuristic value: 264/259 [g=69, 58966 evaluated, 24863 expanded, t=35.12s]
Best heuristic value: 264/257 [g=71, 59156 evaluated, 24994 expanded, t=35.23s]
Best heuristic value: 263/257 [g=81, 91285 evaluated, 42910 expanded, t=56.12s]
Best heuristic value: 262/257 [g=84, 95267 evaluated, 45536 expanded, t=58.92s]
Best heuristic value: 261/257 [g=85, 95272 evaluated, 45540 expanded, t=58.93s]
Best heuristic value: 261/255 [g=87, 95460 evaluated, 45670 expanded, t=59.06s]
Best heuristic value: 260/255 [g=92, 192501 evaluated, 99106 expanded, t=125.96s]
Best heuristic value: 259/255 [g=94, 193623 evaluated, 99889 expanded, t=126.69s]
Best heuristic value: 258/255 [g=95, 193629 evaluated, 99894 expanded, t=126.69s]
Best heuristic value: 258/253 [g=96, 193641 evaluated, 99905 expanded, t=126.69s]
Best heuristic value: 257/253 [g=103, 321671 evaluated, 167324 expanded, t=215.16s]
Best heuristic value: 256/253 [g=104, 321677 evaluated, 167329 expanded, t=215.16s]
Best heuristic value: 255/253 [g=107, 447622 evaluated, 234404 expanded, t=307.47s]
Best heuristic value: 255/251 [g=108, 447634 evaluated, 234415 expanded, t=307.49s]
Best heuristic value: 254/251 [g=114, 576988 evaluated, 300780 expanded, t=397.33s]
Best heuristic value: 253/251 [g=115, 576994 evaluated, 300785 expanded, t=397.33s]
Best heuristic value: 252/251 [g=114, 682833 evaluated, 355655 expanded, t=472.8s]
Best heuristic value: 251/251 [g=120, 683137 evaluated, 355911 expanded, t=473s]
Best heuristic value: 250/251 [g=124, 685610 evaluated, 357133 expanded, t=474.57s]
Best heuristic value: 249/251 [g=130, 686296 evaluated, 357450 expanded, t=475.02s]
Best heuristic value: 248/251 [g=131, 686300 evaluated, 357453 expanded, t=475.02s]
Best heuristic value: 248/250 [g=133, 686312 evaluated, 357462 expanded, t=475.02s]
Best heuristic value: 248/249 [g=134, 686323 evaluated, 357471 expanded, t=475.03s]
Best heuristic value: 247/249 [g=134, 686918 evaluated, 357720 expanded, t=475.51s]
Best heuristic value: 246/249 [g=135, 686922 evaluated, 357723 expanded, t=475.51s]
Best heuristic value: 246/248 [g=137, 686933 evaluated, 357732 expanded, t=475.52s]
Best heuristic value: 246/247 [g=138, 686943 evaluated, 357740 expanded, t=475.53s]
Best heuristic value: 246/246 [g=140, 687047 evaluated, 357823 expanded, t=475.61s]
Best heuristic value: 244/245 [g=142, 687111 evaluated, 357876 expanded, t=475.67s]
Best heuristic value: 244/244 [g=144, 687200 evaluated, 357936 expanded, t=475.73s]
Best heuristic value: 242/243 [g=146, 687274 evaluated, 357991 expanded, t=475.79s]
Best heuristic value: 241/243 [g=147, 687287 evaluated, 358003 expanded, t=475.8s]
Best heuristic value: 241/242 [g=151, 687860 evaluated, 358268 expanded, t=476.3s]
Best heuristic value: 240/242 [g=153, 687909 evaluated, 358310 expanded, t=476.35s]
Best heuristic value: 240/240 [g=154, 687920 evaluated, 358320 expanded, t=476.36s]
Best heuristic value: 239/239 [g=157, 688248 evaluated, 358604 expanded, t=476.67s]
Best heuristic value: 238/239 [g=158, 688255 evaluated, 358610 expanded, t=476.67s]
Best heuristic value: 238/238 [g=160, 688288 evaluated, 358640 expanded, t=476.71s]
Best heuristic value: 238/237 [g=160, 688486 evaluated, 358772 expanded, t=476.89s]
Best heuristic value: 237/237 [g=164, 688651 evaluated, 358918 expanded, t=477.06s]
Best heuristic value: 236/237 [g=167, 689718 evaluated, 359722 expanded, t=478.02s]
Best heuristic value: 235/237 [g=168, 689726 evaluated, 359728 expanded, t=478.02s]
Best heuristic value: 235/236 [g=170, 689794 evaluated, 359784 expanded, t=478.08s]
Best heuristic value: 235/235 [g=174, 690342 evaluated, 360204 expanded, t=478.59s]
Best heuristic value: 235/234 [g=175, 692177 evaluated, 361369 expanded, t=480.6s]
Best heuristic value: 235/233 [g=186, 696512 evaluated, 363969 expanded, t=485.35s]
Best heuristic value: 234/233 [g=189, 696702 evaluated, 364091 expanded, t=485.53s]
Best heuristic value: 233/233 [g=191, 698368 evaluated, 364932 expanded, t=487.06s]
Best heuristic value: 233/232 [g=192, 698375 evaluated, 364937 expanded, t=487.06s]
Best heuristic value: 232/232 [g=192, 698386 evaluated, 364947 expanded, t=487.08s]
Best heuristic value: 232/231 [g=195, 698500 evaluated, 365042 expanded, t=487.19s]
Best heuristic value: 232/230 [g=194, 698566 evaluated, 365099 expanded, t=487.25s]
Best heuristic value: 232/229 [g=203, 700838 evaluated, 366449 expanded, t=489.47s]
Best heuristic value: 231/228 [g=205, 700858 evaluated, 366466 expanded, t=489.48s]
Best heuristic value: 230/228 [g=206, 700868 evaluated, 366475 expanded, t=489.49s]
Best heuristic value: 230/226 [g=207, 700886 evaluated, 366491 expanded, t=489.51s]
Best heuristic value: 229/226 [g=216, 744051 evaluated, 388297 expanded, t=533.95s]
Best heuristic value: 228/226 [g=217, 744061 evaluated, 388306 expanded, t=533.96s]
Best heuristic value: 228/224 [g=218, 744079 evaluated, 388322 expanded, t=533.98s]
Best heuristic value: 227/224 [g=225, 744845 evaluated, 388812 expanded, t=534.72s]
Best heuristic value: 226/224 [g=230, 808471 evaluated, 422025 expanded, t=603.86s]
Best heuristic value: 225/224 [g=262, 1333233 evaluated, 697643 expanded, t=1167.2s]
Best heuristic value: 224/224 [g=263, 1333243 evaluated, 697652 expanded, t=1167.21s]
Best heuristic value: 224/222 [g=264, 1333261 evaluated, 697668 expanded, t=1167.23s]
Best heuristic value: 223/222 [g=283, 1411196 evaluated, 739149 expanded, t=1247.98s]
Best heuristic value: 222/222 [g=312, 2296715 evaluated, 1196548 expanded, t=2211.75s]
Best heuristic value: 221/222 [g=316, 2297368 evaluated, 1196880 expanded, t=2212.39s]
Best heuristic value: 220/221 [g=326, 2300355 evaluated, 1198373 expanded, t=2215.13s]
Best heuristic value: 219/221 [g=327, 2300365 evaluated, 1198382 expanded, t=2215.14s]
Best heuristic value: 219/219 [g=328, 2300382 evaluated, 1198397 expanded, t=2215.15s]
Best heuristic value: 218/219 [g=339, 2310918 evaluated, 1204278 expanded, t=2226.01s]
Best heuristic value: 216/219 [g=342, 3869589 evaluated, 1960407 expanded, t=3849.75s]
Best heuristic value: 215/219 [g=343, 3869599 evaluated, 1960416 expanded, t=3849.76s]
Best heuristic value: 215/217 [g=344, 3869617 evaluated, 1960432 expanded, t=3849.77s]
Best heuristic value: 214/217 [g=351, 3888774 evaluated, 1970997 expanded, t=3868.08s]
Best heuristic value: 213/217 [g=353, 3889003 evaluated, 1971155 expanded, t=3868.29s]
Best heuristic value: 212/217 [g=354, 3889013 evaluated, 1971164 expanded, t=3868.3s]
Best heuristic value: 212/215 [g=355, 3889030 evaluated, 1971179 expanded, t=3868.31s]
Best heuristic value: 211/215 [g=373, 4102112 evaluated, 2077413 expanded, t=4074.62s]
Best heuristic value: 210/215 [g=387, 4577705 evaluated, 2302736 expanded, t=4534.43s]
Best heuristic value: 210/214 [g=388, 4577718 evaluated, 2302748 expanded, t=4534.45s]
Best heuristic value: 209/214 [g=399, 4578496 evaluated, 2303285 expanded, t=4535.19s]
Best heuristic value: 209/213 [g=402, 4578923 evaluated, 2303507 expanded, t=4535.56s]
Best heuristic value: 209/211 [g=410, 4579690 evaluated, 2303940 expanded, t=4536.27s]
Best heuristic value: 208/211 [g=415, 4581171 evaluated, 2304731 expanded, t=4537.61s]
Best heuristic value: 207/211 [g=416, 4581176 evaluated, 2304735 expanded, t=4537.62s]
Best heuristic value: 207/209 [g=426, 4581850 evaluated, 2305098 expanded, t=4538.24s]
Best heuristic value: 206/209 [g=431, 4583377 evaluated, 2305843 expanded, t=4539.63s]
Best heuristic value: 205/209 [g=432, 4583382 evaluated, 2305847 expanded, t=4539.64s]
Best heuristic value: 205/206 [g=437, 4583740 evaluated, 2306091 expanded, t=4539.97s]
Best heuristic value: 203/206 [g=438, 4584148 evaluated, 2306265 expanded, t=4540.34s]
Best heuristic value: 203/204 [g=441, 4584355 evaluated, 2306394 expanded, t=4540.53s]
Best heuristic value: 201/204 [g=442, 4584864 evaluated, 2306674 expanded, t=4541s]
Best heuristic value: 200/204 [g=443, 4584869 evaluated, 2306678 expanded, t=4541s]
Best heuristic value: 200/203 [g=450, 4585516 evaluated, 2307049 expanded, t=4541.6s]
Best heuristic value: 199/203 [g=465, 4590825 evaluated, 2310145 expanded, t=4546.53s]
Best heuristic value: 199/202 [g=467, 4591105 evaluated, 2310309 expanded, t=4546.79s]
Best heuristic value: 198/202 [g=473, 4591639 evaluated, 2310617 expanded, t=4547.28s]
Best heuristic value: 198/201 [g=485, 4592973 evaluated, 2311373 expanded, t=4548.51s]
Best heuristic value: 197/201 [g=495, 4599377 evaluated, 2315124 expanded, t=4554.44s]
Best heuristic value: 196/201 [g=496, 4599387 evaluated, 2315133 expanded, t=4554.45s]
Best heuristic value: 196/199 [g=497, 4599404 evaluated, 2315148 expanded, t=4554.46s]
Best heuristic value: 195/199 [g=507, 4601321 evaluated, 2316217 expanded, t=4556.29s]
Best heuristic value: 195/197 [g=515, 4601842 evaluated, 2316488 expanded, t=4556.77s]
Best heuristic value: 194/197 [g=491, 5108535 evaluated, 2562661 expanded, t=5045.87s]
Best heuristic value: 193/197 [g=494, 5108929 evaluated, 2562904 expanded, t=5046.23s]
Best heuristic value: 192/197 [g=495, 5108949 evaluated, 2562922 expanded, t=5046.25s]
Best heuristic value: 192/196 [g=504, 5110168 evaluated, 2563712 expanded, t=5047.37s]
Best heuristic value: 191/195 [g=522, 5142824 evaluated, 2581414 expanded, t=5077.54s]
Best heuristic value: 190/195 [g=523, 5142834 evaluated, 2581423 expanded, t=5077.55s]
Best heuristic value: 190/193 [g=524, 5142851 evaluated, 2581438 expanded, t=5077.56s]
Best heuristic value: 189/193 [g=535, 5151005 evaluated, 2586368 expanded, t=5085.41s]
Best heuristic value: 189/192 [g=543, 5151513 evaluated, 2586638 expanded, t=5085.88s]
/home/asai/repos/downward/src/search/downward: line 196:  7214 Killed                  "$PLANNER" --heuristic "hlm1,hff1=lm_ff_syn(lm_rhw(
                    reasonable_orders=true,lm_cost_type=1,cost_type=1))" --heuristic "hlm2,hff2=lm_ff_syn(lm_rhw(
                    reasonable_orders=true,lm_cost_type=2,cost_type=2))" --search "iterated([
                    lazy_greedy([hff1,hlm1],preferred=[hff1,hlm1],
                                cost_type=1,reopen_closed=false),
                    lazy_greedy([hff2,hlm2],preferred=[hff2,hlm2],
                                reopen_closed=false),
                    lazy_wastar([hff2,hlm2],preferred=[hff2,hlm2],w=5),
                    lazy_wastar([hff2,hlm2],preferred=[hff2,hlm2],w=3),
                    lazy_wastar([hff2,hlm2],preferred=[hff2,hlm2],w=2),
                    lazy_wastar([hff2,hlm2],preferred=[hff2,hlm2],w=1)],
                    repeat_last=true,continue_on_fail=true)" "$@" < $TEMPFILE
