Parsing... [0.020s CPU, 0.012s wall-clock]
Normalizing task... [0.000s CPU, 0.001s wall-clock]
Instantiating...
Generating Datalog program... [0.000s CPU, 0.005s wall-clock]
Normalizing Datalog program...
Normalizing Datalog program: [0.010s CPU, 0.010s wall-clock]
Preparing model... [0.010s CPU, 0.016s wall-clock]
Generated 115 rules.
Computing model... [4.270s CPU, 4.255s wall-clock]
78223 relevant atoms
86929 auxiliary atoms
165152 final queue length
270272 total queue pushes
Completing instantiation... [9.990s CPU, 10.003s wall-clock]
Instantiating: [14.400s CPU, 14.406s wall-clock]
Computing fact groups...
Finding invariants...
24 initial candidates
Finding invariants: [0.120s CPU, 0.119s wall-clock]
Checking invariant weight... [0.000s CPU, 0.002s wall-clock]
Instantiating groups... [0.060s CPU, 0.050s wall-clock]
Collecting mutex groups... [0.010s CPU, 0.009s wall-clock]
Choosing groups...
10377 uncovered facts
Choosing groups: [0.010s CPU, 0.009s wall-clock]
Building translation key... [0.080s CPU, 0.073s wall-clock]
Computing fact groups: [0.520s CPU, 0.513s wall-clock]
Building STRIPS to SAS dictionary... [0.030s CPU, 0.032s wall-clock]
Building dictionary for full mutex groups... [0.030s CPU, 0.033s wall-clock]
Building mutex information...
Building mutex information: [0.040s CPU, 0.034s wall-clock]
Translating task...
Processing axioms...
Simplifying axioms... [0.000s CPU, 0.000s wall-clock]
Processing axioms: [0.610s CPU, 0.614s wall-clock]
Translating task: [8.300s CPU, 8.315s wall-clock]
192 implied effects removed
0 effect conditions simplified
0 implied preconditions added
Detecting unreachable propositions...
0 operators removed
3 propositions removed
Detecting unreachable propositions: [1.480s CPU, 1.473s wall-clock]
Translator variables: 10380
Translator derived variables: 0
Translator facts: 20953
Translator mutex groups: 100
Translator total mutex groups size: 490
Translator operators: 64134
Translator task size: 610635
Translator peak memory: 530984 KB
Writing output... [2.380s CPU, 2.376s wall-clock]
Done! [27.900s CPU, 27.895s wall-clock]
