Parsing... [0.010s CPU, 0.013s wall-clock]
Normalizing task... [0.000s CPU, 0.001s wall-clock]
Instantiating...
Generating Datalog program... [0.010s CPU, 0.006s wall-clock]
Normalizing Datalog program...
Normalizing Datalog program: [0.010s CPU, 0.010s wall-clock]
Preparing model... [0.010s CPU, 0.018s wall-clock]
Generated 115 rules.
Computing model... [5.680s CPU, 5.681s wall-clock]
102088 relevant atoms
113809 auxiliary atoms
215897 final queue length
352427 total queue pushes
Completing instantiation... [12.710s CPU, 12.713s wall-clock]
Instantiating: [18.590s CPU, 18.597s wall-clock]
Computing fact groups...
Finding invariants...
24 initial candidates
Finding invariants: [0.160s CPU, 0.163s wall-clock]
Checking invariant weight... [0.000s CPU, 0.002s wall-clock]
Instantiating groups... [0.070s CPU, 0.065s wall-clock]
Collecting mutex groups... [1.020s CPU, 1.020s wall-clock]
Choosing groups...
13662 uncovered facts
Choosing groups: [0.010s CPU, 0.011s wall-clock]
Building translation key... [0.100s CPU, 0.102s wall-clock]
Computing fact groups: [1.700s CPU, 1.707s wall-clock]
Building STRIPS to SAS dictionary... [0.050s CPU, 0.044s wall-clock]
Building dictionary for full mutex groups... [0.040s CPU, 0.042s wall-clock]
Building mutex information...
Building mutex information: [0.050s CPU, 0.044s wall-clock]
Translating task...
Processing axioms...
Simplifying axioms... [0.000s CPU, 0.000s wall-clock]
Processing axioms: [0.790s CPU, 0.792s wall-clock]
Translating task: [11.180s CPU, 11.190s wall-clock]
222 implied effects removed
0 effect conditions simplified
0 implied preconditions added
Detecting unreachable propositions...
0 operators removed
3 propositions removed
Detecting unreachable propositions: [1.990s CPU, 1.973s wall-clock]
Translator variables: 13665
Translator derived variables: 0
Translator facts: 27553
Translator mutex groups: 115
Translator total mutex groups size: 565
Translator operators: 84144
Translator task size: 800940
Translator peak memory: 671428 KB
Writing output... [2.370s CPU, 2.375s wall-clock]
Done! [36.890s CPU, 36.907s wall-clock]
