Dispatcher selected state size 1.
This is a unit task.
Simplifying transitions... done!
Initializing Exploration...
Generating landmarks using the RPG/SAS+ approach
approx. reasonable orders
approx. obedient reasonable orders
Removed 0 reasonable or obedient reasonable orders
Landmarks generation time: 36.8122s
Discovered 504 landmarks, of which 2 are disjunctive and 0 are conjunctive 
1312 edges
Initializing LAMA-FF Synergy Object
Initializing landmarks count heuristic...
334 initial landmarks, 81 goal landmarks
Starting search: lazy_greedy(list(hff, hlm), preferred = list(hff, hlm))
Conducting lazy best first search, (real) bound = 2147483647
Best heuristic value: 170/172 [g=0, 1 evaluated, 0 expanded, t=42.83s]
Best heuristic value: 169/172 [g=1, 2 evaluated, 1 expanded, t=42.88s]
Best heuristic value: 167/171 [g=6, 25 evaluated, 24 expanded, t=43.99s]
Best heuristic value: 167/170 [g=8, 30 evaluated, 29 expanded, t=44.23s]
Best heuristic value: 166/170 [g=9, 31 evaluated, 30 expanded, t=44.28s]
Best heuristic value: 166/169 [g=11, 57 evaluated, 56 expanded, t=45.56s]
Best heuristic value: 165/169 [g=12, 59 evaluated, 58 expanded, t=45.66s]
Best heuristic value: 165/168 [g=22, 3171 evaluated, 3170 expanded, t=196.19s]
Best heuristic value: 164/168 [g=23, 3173 evaluated, 3172 expanded, t=196.28s]
Best heuristic value: 164/167 [g=25, 3200 evaluated, 3199 expanded, t=197.61s]
Best heuristic value: 163/167 [g=26, 3202 evaluated, 3201 expanded, t=197.71s]
Best heuristic value: 163/166 [g=36, 7561 evaluated, 7560 expanded, t=407.88s]
Best heuristic value: 162/166 [g=37, 7563 evaluated, 7562 expanded, t=407.97s]
Best heuristic value: 162/165 [g=39, 7593 evaluated, 7592 expanded, t=409.45s]
Best heuristic value: 161/165 [g=40, 7595 evaluated, 7594 expanded, t=409.54s]
Best heuristic value: 161/164 [g=50, 11363 evaluated, 11362 expanded, t=590.65s]
Best heuristic value: 160/164 [g=51, 11365 evaluated, 11364 expanded, t=590.75s]
Best heuristic value: 160/163 [g=53, 11392 evaluated, 11391 expanded, t=592.08s]
Best heuristic value: 159/163 [g=54, 11394 evaluated, 11393 expanded, t=592.17s]
Best heuristic value: 159/162 [g=64, 15075 evaluated, 15074 expanded, t=769.2s]
Best heuristic value: 158/162 [g=65, 15077 evaluated, 15076 expanded, t=769.3s]
Best heuristic value: 158/161 [g=67, 15104 evaluated, 15103 expanded, t=770.61s]
Best heuristic value: 157/161 [g=68, 15106 evaluated, 15105 expanded, t=770.71s]
Best heuristic value: 157/160 [g=78, 18689 evaluated, 18688 expanded, t=941.86s]
Best heuristic value: 156/160 [g=79, 18691 evaluated, 18690 expanded, t=941.96s]
Best heuristic value: 156/159 [g=81, 18718 evaluated, 18717 expanded, t=943.27s]
Best heuristic value: 155/159 [g=82, 18720 evaluated, 18719 expanded, t=943.37s]
Best heuristic value: 155/158 [g=92, 22211 evaluated, 22210 expanded, t=1109.64s]
Best heuristic value: 154/158 [g=93, 22213 evaluated, 22212 expanded, t=1109.74s]
Best heuristic value: 154/157 [g=95, 22240 evaluated, 22239 expanded, t=1111.05s]
Best heuristic value: 153/157 [g=96, 22242 evaluated, 22241 expanded, t=1111.15s]
Best heuristic value: 153/156 [g=106, 25641 evaluated, 25640 expanded, t=1273.83s]
Best heuristic value: 152/156 [g=107, 25643 evaluated, 25642 expanded, t=1273.93s]
Best heuristic value: 152/155 [g=109, 25670 evaluated, 25669 expanded, t=1275.24s]
Best heuristic value: 151/155 [g=110, 25672 evaluated, 25671 expanded, t=1275.34s]
Best heuristic value: 151/154 [g=120, 28971 evaluated, 28970 expanded, t=1431.44s]
Best heuristic value: 150/154 [g=121, 28973 evaluated, 28972 expanded, t=1431.53s]
Best heuristic value: 150/153 [g=123, 29000 evaluated, 28999 expanded, t=1432.85s]
Best heuristic value: 149/153 [g=124, 29002 evaluated, 29001 expanded, t=1432.94s]
Best heuristic value: 149/152 [g=134, 32199 evaluated, 32198 expanded, t=1583.78s]
Best heuristic value: 148/152 [g=135, 32201 evaluated, 32200 expanded, t=1583.88s]
Best heuristic value: 148/151 [g=137, 32228 evaluated, 32227 expanded, t=1585.18s]
Best heuristic value: 147/151 [g=138, 32230 evaluated, 32229 expanded, t=1585.27s]
Best heuristic value: 147/150 [g=148, 35333 evaluated, 35332 expanded, t=1731.19s]
Best heuristic value: 146/150 [g=149, 35335 evaluated, 35334 expanded, t=1731.29s]
Best heuristic value: 146/149 [g=151, 35362 evaluated, 35361 expanded, t=1732.58s]
Best heuristic value: 145/149 [g=152, 35364 evaluated, 35363 expanded, t=1732.68s]
Best heuristic value: 145/148 [g=162, 38378 evaluated, 38377 expanded, t=1873.98s]
Best heuristic value: 144/148 [g=163, 38380 evaluated, 38379 expanded, t=1874.07s]
Best heuristic value: 144/147 [g=165, 38406 evaluated, 38405 expanded, t=1875.31s]
Best heuristic value: 143/147 [g=166, 38408 evaluated, 38407 expanded, t=1875.41s]
Best heuristic value: 143/146 [g=176, 41340 evaluated, 41339 expanded, t=2012.45s]
Best heuristic value: 142/146 [g=177, 41342 evaluated, 41341 expanded, t=2012.55s]
Best heuristic value: 142/145 [g=179, 41369 evaluated, 41368 expanded, t=2013.84s]
Best heuristic value: 141/145 [g=180, 41371 evaluated, 41370 expanded, t=2013.93s]
Best heuristic value: 141/144 [g=190, 44567 evaluated, 44566 expanded, t=2162.92s]
Best heuristic value: 140/144 [g=191, 44569 evaluated, 44568 expanded, t=2163.01s]
Best heuristic value: 140/143 [g=193, 44598 evaluated, 44597 expanded, t=2164.39s]
Best heuristic value: 139/143 [g=194, 44600 evaluated, 44599 expanded, t=2164.48s]
Best heuristic value: 139/142 [g=204, 46485 evaluated, 46484 expanded, t=2252.19s]
Best heuristic value: 138/142 [g=205, 46487 evaluated, 46486 expanded, t=2252.28s]
Best heuristic value: 138/141 [g=207, 46516 evaluated, 46515 expanded, t=2253.66s]
Best heuristic value: 137/141 [g=208, 46518 evaluated, 46517 expanded, t=2253.75s]
Best heuristic value: 137/140 [g=218, 48000 evaluated, 47999 expanded, t=2322.72s]
Best heuristic value: 136/140 [g=219, 48002 evaluated, 48001 expanded, t=2322.82s]
Best heuristic value: 136/139 [g=221, 48031 evaluated, 48030 expanded, t=2324.18s]
Best heuristic value: 135/139 [g=222, 48033 evaluated, 48032 expanded, t=2324.28s]
Best heuristic value: 135/138 [g=232, 49469 evaluated, 49468 expanded, t=2393.56s]
Best heuristic value: 134/138 [g=233, 49471 evaluated, 49470 expanded, t=2393.65s]
Best heuristic value: 134/137 [g=235, 49502 evaluated, 49501 expanded, t=2395.11s]
Best heuristic value: 133/137 [g=236, 49504 evaluated, 49503 expanded, t=2395.2s]
Best heuristic value: 133/136 [g=246, 50891 evaluated, 50890 expanded, t=2459.34s]
Best heuristic value: 132/136 [g=247, 50893 evaluated, 50892 expanded, t=2459.43s]
Best heuristic value: 132/135 [g=249, 50924 evaluated, 50923 expanded, t=2460.88s]
Best heuristic value: 131/135 [g=250, 50926 evaluated, 50925 expanded, t=2460.98s]
Best heuristic value: 131/134 [g=260, 52264 evaluated, 52263 expanded, t=2522.63s]
Best heuristic value: 130/134 [g=261, 52266 evaluated, 52265 expanded, t=2522.72s]
Best heuristic value: 130/133 [g=263, 52296 evaluated, 52295 expanded, t=2524.12s]
Best heuristic value: 129/133 [g=264, 52298 evaluated, 52297 expanded, t=2524.22s]
Best heuristic value: 129/132 [g=274, 53586 evaluated, 53585 expanded, t=2583.38s]
Best heuristic value: 128/132 [g=275, 53588 evaluated, 53587 expanded, t=2583.48s]
Best heuristic value: 128/131 [g=277, 53619 evaluated, 53618 expanded, t=2584.91s]
Best heuristic value: 127/131 [g=278, 53621 evaluated, 53620 expanded, t=2585s]
Best heuristic value: 127/130 [g=288, 54859 evaluated, 54858 expanded, t=2641.69s]
Best heuristic value: 126/130 [g=289, 54861 evaluated, 54860 expanded, t=2641.78s]
Best heuristic value: 126/129 [g=291, 54895 evaluated, 54894 expanded, t=2643.34s]
Best heuristic value: 125/129 [g=292, 54897 evaluated, 54896 expanded, t=2643.43s]
Best heuristic value: 125/128 [g=302, 56087 evaluated, 56086 expanded, t=2697.73s]
Best heuristic value: 124/128 [g=303, 56089 evaluated, 56088 expanded, t=2697.83s]
Best heuristic value: 124/127 [g=305, 56121 evaluated, 56120 expanded, t=2699.3s]
Best heuristic value: 123/127 [g=306, 56123 evaluated, 56122 expanded, t=2699.39s]
Best heuristic value: 123/126 [g=316, 57266 evaluated, 57265 expanded, t=2751.35s]
Best heuristic value: 122/126 [g=317, 57268 evaluated, 57267 expanded, t=2751.44s]
Best heuristic value: 122/125 [g=319, 57300 evaluated, 57299 expanded, t=2752.9s]
Best heuristic value: 121/125 [g=320, 57302 evaluated, 57301 expanded, t=2752.99s]
Best heuristic value: 121/124 [g=330, 58397 evaluated, 58396 expanded, t=2802.64s]
Best heuristic value: 120/124 [g=331, 58399 evaluated, 58398 expanded, t=2802.72s]
Best heuristic value: 120/123 [g=333, 58431 evaluated, 58430 expanded, t=2804.18s]
Best heuristic value: 119/123 [g=334, 58433 evaluated, 58432 expanded, t=2804.28s]
Best heuristic value: 119/122 [g=344, 59479 evaluated, 59478 expanded, t=2851.57s]
Best heuristic value: 118/122 [g=345, 59481 evaluated, 59480 expanded, t=2851.65s]
Best heuristic value: 118/121 [g=347, 59509 evaluated, 59508 expanded, t=2852.93s]
Best heuristic value: 117/121 [g=348, 59511 evaluated, 59510 expanded, t=2853.02s]
Best heuristic value: 117/120 [g=358, 60517 evaluated, 60516 expanded, t=2898.38s]
Best heuristic value: 116/120 [g=359, 60519 evaluated, 60518 expanded, t=2898.47s]
Best heuristic value: 116/119 [g=361, 60551 evaluated, 60550 expanded, t=2899.92s]
Best heuristic value: 115/119 [g=362, 60553 evaluated, 60552 expanded, t=2900.01s]
Best heuristic value: 115/118 [g=372, 61504 evaluated, 61503 expanded, t=2942.8s]
Best heuristic value: 114/118 [g=373, 61506 evaluated, 61505 expanded, t=2942.88s]
Best heuristic value: 114/117 [g=375, 61536 evaluated, 61535 expanded, t=2944.24s]
Best heuristic value: 113/117 [g=376, 61538 evaluated, 61537 expanded, t=2944.33s]
Best heuristic value: 113/116 [g=386, 62431 evaluated, 62430 expanded, t=2984.42s]
Best heuristic value: 112/116 [g=387, 62433 evaluated, 62432 expanded, t=2984.51s]
Best heuristic value: 112/115 [g=389, 62460 evaluated, 62459 expanded, t=2985.73s]
Best heuristic value: 111/115 [g=390, 62462 evaluated, 62461 expanded, t=2985.82s]
Best heuristic value: 111/114 [g=400, 63293 evaluated, 63292 expanded, t=3023.03s]
Best heuristic value: 110/114 [g=401, 63295 evaluated, 63294 expanded, t=3023.11s]
Best heuristic value: 110/113 [g=403, 63322 evaluated, 63321 expanded, t=3024.33s]
Best heuristic value: 109/113 [g=404, 63324 evaluated, 63323 expanded, t=3024.42s]
Best heuristic value: 109/112 [g=414, 64904 evaluated, 64903 expanded, t=3094.48s]
Best heuristic value: 108/112 [g=415, 64906 evaluated, 64905 expanded, t=3094.56s]
Best heuristic value: 108/111 [g=417, 64937 evaluated, 64936 expanded, t=3095.95s]
Best heuristic value: 107/111 [g=418, 64939 evaluated, 64938 expanded, t=3096.04s]
Best heuristic value: 107/110 [g=428, 66473 evaluated, 66472 expanded, t=3163.81s]
Best heuristic value: 106/110 [g=429, 66475 evaluated, 66474 expanded, t=3163.9s]
Best heuristic value: 106/109 [g=431, 66506 evaluated, 66505 expanded, t=3165.28s]
Best heuristic value: 105/109 [g=432, 66508 evaluated, 66507 expanded, t=3165.36s]
Best heuristic value: 105/108 [g=442, 67993 evaluated, 67992 expanded, t=3230.74s]
Best heuristic value: 104/108 [g=443, 67995 evaluated, 67994 expanded, t=3230.83s]
Best heuristic value: 104/107 [g=445, 68025 evaluated, 68024 expanded, t=3232.16s]
Best heuristic value: 103/107 [g=446, 68027 evaluated, 68026 expanded, t=3232.25s]
Best heuristic value: 103/106 [g=456, 69462 evaluated, 69461 expanded, t=3295.26s]
Best heuristic value: 102/106 [g=457, 69464 evaluated, 69463 expanded, t=3295.35s]
Best heuristic value: 102/105 [g=459, 69495 evaluated, 69494 expanded, t=3296.72s]
Best heuristic value: 101/105 [g=460, 69497 evaluated, 69496 expanded, t=3296.81s]
Best heuristic value: 101/104 [g=470, 70882 evaluated, 70881 expanded, t=3357.4s]
Best heuristic value: 100/104 [g=471, 70884 evaluated, 70883 expanded, t=3357.49s]
Best heuristic value: 100/103 [g=473, 70918 evaluated, 70917 expanded, t=3358.98s]
Best heuristic value: 99/103 [g=474, 70920 evaluated, 70919 expanded, t=3359.07s]
Best heuristic value: 99/102 [g=484, 72257 evaluated, 72256 expanded, t=3417.35s]
Best heuristic value: 98/102 [g=485, 72259 evaluated, 72258 expanded, t=3417.44s]
Best heuristic value: 98/101 [g=487, 72291 evaluated, 72290 expanded, t=3418.84s]
Best heuristic value: 97/101 [g=488, 72293 evaluated, 72292 expanded, t=3418.93s]
Best heuristic value: 97/100 [g=498, 73583 evaluated, 73582 expanded, t=3474.96s]
Best heuristic value: 96/100 [g=499, 73585 evaluated, 73584 expanded, t=3475.04s]
Best heuristic value: 96/99 [g=501, 73617 evaluated, 73616 expanded, t=3476.44s]
Best heuristic value: 95/99 [g=502, 73619 evaluated, 73618 expanded, t=3476.53s]
Best heuristic value: 95/98 [g=512, 74861 evaluated, 74860 expanded, t=3530.33s]
Best heuristic value: 94/98 [g=513, 74863 evaluated, 74862 expanded, t=3530.41s]
Best heuristic value: 94/97 [g=515, 74895 evaluated, 74894 expanded, t=3531.81s]
Best heuristic value: 93/97 [g=516, 74897 evaluated, 74896 expanded, t=3531.89s]
Best heuristic value: 93/96 [g=526, 76090 evaluated, 76089 expanded, t=3583.4s]
Best heuristic value: 92/96 [g=527, 76092 evaluated, 76091 expanded, t=3583.48s]
Best heuristic value: 92/95 [g=529, 76120 evaluated, 76119 expanded, t=3584.69s]
Best heuristic value: 91/95 [g=530, 76122 evaluated, 76121 expanded, t=3584.78s]
Best heuristic value: 91/94 [g=540, 77276 evaluated, 77275 expanded, t=3634.41s]
Best heuristic value: 90/94 [g=541, 77278 evaluated, 77277 expanded, t=3634.5s]
Best heuristic value: 90/93 [g=543, 77310 evaluated, 77309 expanded, t=3635.88s]
Best heuristic value: 89/93 [g=544, 77312 evaluated, 77311 expanded, t=3635.97s]
Best heuristic value: 89/92 [g=554, 78410 evaluated, 78409 expanded, t=3683.07s]
Best heuristic value: 88/92 [g=555, 78412 evaluated, 78411 expanded, t=3683.16s]
Best heuristic value: 88/91 [g=557, 78442 evaluated, 78441 expanded, t=3684.45s]
Best heuristic value: 87/91 [g=558, 78444 evaluated, 78443 expanded, t=3684.53s]
Best heuristic value: 87/90 [g=568, 79484 evaluated, 79483 expanded, t=3729.01s]
Best heuristic value: 86/90 [g=569, 79486 evaluated, 79485 expanded, t=3729.09s]
Best heuristic value: 86/89 [g=571, 79513 evaluated, 79512 expanded, t=3730.26s]
Best heuristic value: 85/89 [g=572, 79515 evaluated, 79514 expanded, t=3730.34s]
Best heuristic value: 85/88 [g=582, 80491 evaluated, 80490 expanded, t=3771.98s]
Best heuristic value: 84/88 [g=583, 80493 evaluated, 80492 expanded, t=3772.06s]
Best heuristic value: 84/87 [g=585, 80520 evaluated, 80519 expanded, t=3773.22s]
Best heuristic value: 83/87 [g=586, 80522 evaluated, 80521 expanded, t=3773.3s]
Best heuristic value: 82/87 [g=589, 80530 evaluated, 80529 expanded, t=3773.64s]
Best heuristic value: 82/86 [g=595, 80807 evaluated, 80806 expanded, t=3785.33s]
Best heuristic value: 82/85 [g=596, 80811 evaluated, 80810 expanded, t=3785.5s]
Best heuristic value: 81/85 [g=597, 80813 evaluated, 80812 expanded, t=3785.58s]
Best heuristic value: 81/84 [g=599, 80837 evaluated, 80836 expanded, t=3786.59s]
Best heuristic value: 80/84 [g=600, 80839 evaluated, 80838 expanded, t=3786.68s]
Best heuristic value: 80/83 [g=610, 84394 evaluated, 84393 expanded, t=3935.36s]
Best heuristic value: 79/83 [g=611, 84396 evaluated, 84395 expanded, t=3935.44s]
Best heuristic value: 79/82 [g=613, 84420 evaluated, 84419 expanded, t=3936.45s]
Best heuristic value: 78/82 [g=614, 84422 evaluated, 84421 expanded, t=3936.53s]
Best heuristic value: 78/81 [g=624, 87819 evaluated, 87818 expanded, t=4078.13s]
Best heuristic value: 77/81 [g=625, 87821 evaluated, 87820 expanded, t=4078.21s]
Best heuristic value: 77/80 [g=626, 87838 evaluated, 87837 expanded, t=4078.92s]
Best heuristic value: 77/79 [g=627, 87842 evaluated, 87841 expanded, t=4079.08s]
Best heuristic value: 76/79 [g=628, 87844 evaluated, 87843 expanded, t=4079.17s]
Best heuristic value: 75/79 [g=639, 94899 evaluated, 94898 expanded, t=4372.23s]
Best heuristic value: 75/78 [g=641, 94923 evaluated, 94922 expanded, t=4373.23s]
Best heuristic value: 74/78 [g=642, 94925 evaluated, 94924 expanded, t=4373.31s]
Best heuristic value: 74/77 [g=652, 98293 evaluated, 98292 expanded, t=4512.53s]
Best heuristic value: 73/77 [g=653, 98295 evaluated, 98294 expanded, t=4512.61s]
Best heuristic value: 73/76 [g=655, 98319 evaluated, 98318 expanded, t=4518.91s]
Best heuristic value: 72/76 [g=656, 98321 evaluated, 98320 expanded, t=4518.99s]
Best heuristic value: 72/75 [g=666, 101539 evaluated, 101538 expanded, t=4651.45s]
Best heuristic value: 71/75 [g=667, 101541 evaluated, 101540 expanded, t=4651.53s]
Best heuristic value: 71/74 [g=669, 101565 evaluated, 101564 expanded, t=4652.53s]
Best heuristic value: 70/74 [g=670, 101567 evaluated, 101566 expanded, t=4652.61s]
Best heuristic value: 70/73 [g=680, 104629 evaluated, 104628 expanded, t=4778.19s]
Best heuristic value: 69/73 [g=681, 104631 evaluated, 104630 expanded, t=4778.27s]
Best heuristic value: 69/72 [g=682, 104648 evaluated, 104647 expanded, t=4778.97s]
Best heuristic value: 69/71 [g=683, 104652 evaluated, 104651 expanded, t=4779.13s]
Best heuristic value: 68/71 [g=684, 104654 evaluated, 104653 expanded, t=4779.22s]
Best heuristic value: 67/71 [g=695, 111440 evaluated, 111439 expanded, t=5056.76s]
Best heuristic value: 67/70 [g=697, 111464 evaluated, 111463 expanded, t=5057.75s]
Best heuristic value: 66/70 [g=698, 111466 evaluated, 111465 expanded, t=5057.83s]
Best heuristic value: 66/69 [g=708, 114386 evaluated, 114385 expanded, t=5176.71s]
Best heuristic value: 65/69 [g=709, 114388 evaluated, 114387 expanded, t=5176.79s]
Best heuristic value: 65/68 [g=710, 114405 evaluated, 114404 expanded, t=5177.49s]
Best heuristic value: 65/67 [g=711, 114409 evaluated, 114408 expanded, t=5177.65s]
Best heuristic value: 64/67 [g=712, 114411 evaluated, 114410 expanded, t=5177.73s]
Best heuristic value: 63/67 [g=723, 120927 evaluated, 120926 expanded, t=5442.41s]
Best heuristic value: 63/66 [g=725, 120951 evaluated, 120950 expanded, t=5443.39s]
Best heuristic value: 62/66 [g=726, 120953 evaluated, 120952 expanded, t=5443.47s]
Best heuristic value: 62/65 [g=736, 123626 evaluated, 123625 expanded, t=5551.52s]
Best heuristic value: 61/65 [g=737, 123628 evaluated, 123627 expanded, t=5551.6s]
Best heuristic value: 61/64 [g=739, 123652 evaluated, 123651 expanded, t=5552.58s]
Best heuristic value: 60/64 [g=740, 123654 evaluated, 123653 expanded, t=5552.66s]
Best heuristic value: 60/63 [g=750, 126290 evaluated, 126289 expanded, t=5658.78s]
Best heuristic value: 59/63 [g=751, 126292 evaluated, 126291 expanded, t=5658.86s]
Best heuristic value: 59/62 [g=753, 126319 evaluated, 126318 expanded, t=5659.95s]
Best heuristic value: 58/62 [g=754, 126321 evaluated, 126320 expanded, t=5660.03s]
Best heuristic value: 58/61 [g=764, 128718 evaluated, 128717 expanded, t=5756.2s]
Best heuristic value: 57/61 [g=765, 128720 evaluated, 128719 expanded, t=5756.27s]
Best heuristic value: 57/60 [g=767, 128746 evaluated, 128745 expanded, t=5757.32s]
Best heuristic value: 56/60 [g=768, 128748 evaluated, 128747 expanded, t=5757.4s]
Best heuristic value: 56/59 [g=778, 131070 evaluated, 131069 expanded, t=5850.2s]
Best heuristic value: 55/59 [g=779, 131072 evaluated, 131071 expanded, t=5850.28s]
Best heuristic value: 55/58 [g=780, 131089 evaluated, 131088 expanded, t=5850.96s]
Best heuristic value: 55/57 [g=781, 131093 evaluated, 131092 expanded, t=5851.12s]
Best heuristic value: 54/57 [g=782, 131095 evaluated, 131094 expanded, t=5851.2s]
Best heuristic value: 53/57 [g=793, 137068 evaluated, 137067 expanded, t=6089.41s]
Best heuristic value: 53/56 [g=794, 137085 evaluated, 137084 expanded, t=6090.08s]
Best heuristic value: 53/55 [g=795, 137089 evaluated, 137088 expanded, t=6090.24s]
Best heuristic value: 52/55 [g=796, 137091 evaluated, 137090 expanded, t=6090.32s]
Best heuristic value: 51/55 [g=807, 142772 evaluated, 142771 expanded, t=6315.97s]
Best heuristic value: 51/54 [g=809, 142795 evaluated, 142794 expanded, t=6316.89s]
Best heuristic value: 50/54 [g=810, 142797 evaluated, 142796 expanded, t=6316.97s]
Best heuristic value: 50/53 [g=820, 144881 evaluated, 144880 expanded, t=6399.4s]
Best heuristic value: 49/53 [g=821, 144883 evaluated, 144882 expanded, t=6399.48s]
Best heuristic value: 49/52 [g=822, 144900 evaluated, 144899 expanded, t=6400.15s]
Best heuristic value: 49/51 [g=823, 144904 evaluated, 144903 expanded, t=6400.3s]
Best heuristic value: 48/51 [g=824, 144906 evaluated, 144905 expanded, t=6400.38s]
Best heuristic value: 47/51 [g=835, 150157 evaluated, 150156 expanded, t=6607.41s]
Best heuristic value: 47/50 [g=836, 150174 evaluated, 150173 expanded, t=6608.08s]
Best heuristic value: 47/49 [g=837, 150178 evaluated, 150177 expanded, t=6608.24s]
Best heuristic value: 46/49 [g=838, 150180 evaluated, 150179 expanded, t=6608.32s]
Best heuristic value: 45/49 [g=849, 155138 evaluated, 155137 expanded, t=6803.07s]
Best heuristic value: 45/48 [g=850, 155155 evaluated, 155154 expanded, t=6803.74s]
Best heuristic value: 45/47 [g=851, 155159 evaluated, 155158 expanded, t=6803.89s]
Best heuristic value: 44/47 [g=852, 155161 evaluated, 155160 expanded, t=6803.97s]
Best heuristic value: 43/47 [g=863, 159844 evaluated, 159843 expanded, t=6987.3s]
Best heuristic value: 43/46 [g=864, 159861 evaluated, 159860 expanded, t=6987.96s]
Best heuristic value: 43/45 [g=865, 159865 evaluated, 159864 expanded, t=6988.12s]
Best heuristic value: 42/45 [g=866, 159867 evaluated, 159866 expanded, t=6988.2s]
Best heuristic value: 41/45 [g=877, 164276 evaluated, 164275 expanded, t=7160.17s]
Best heuristic value: 41/44 [g=878, 164293 evaluated, 164292 expanded, t=7160.84s]
Best heuristic value: 41/43 [g=879, 164297 evaluated, 164296 expanded, t=7160.99s]
Best heuristic value: 40/43 [g=880, 164299 evaluated, 164298 expanded, t=7161.07s]
Best heuristic value: 39/43 [g=891, 168427 evaluated, 168426 expanded, t=7321.52s]
Best heuristic value: 39/42 [g=893, 168451 evaluated, 168450 expanded, t=7322.45s]
Best heuristic value: 38/42 [g=894, 168453 evaluated, 168452 expanded, t=7322.53s]
Best heuristic value: 38/41 [g=904, 170476 evaluated, 170475 expanded, t=7400.77s]
Best heuristic value: 37/41 [g=905, 170478 evaluated, 170477 expanded, t=7400.84s]
Best heuristic value: 37/40 [g=907, 170502 evaluated, 170501 expanded, t=7401.77s]
Best heuristic value: 36/40 [g=908, 170504 evaluated, 170503 expanded, t=7401.85s]
Best heuristic value: 36/39 [g=918, 172366 evaluated, 172365 expanded, t=7473.62s]
Best heuristic value: 35/39 [g=919, 172368 evaluated, 172367 expanded, t=7473.69s]
Best heuristic value: 35/38 [g=921, 172392 evaluated, 172391 expanded, t=7474.62s]
Best heuristic value: 34/38 [g=922, 172394 evaluated, 172393 expanded, t=7474.7s]
Best heuristic value: 34/37 [g=932, 174073 evaluated, 174072 expanded, t=7539.22s]
Best heuristic value: 33/37 [g=933, 174075 evaluated, 174074 expanded, t=7539.29s]
Best heuristic value: 33/36 [g=935, 174098 evaluated, 174097 expanded, t=7540.17s]
Best heuristic value: 32/36 [g=936, 174100 evaluated, 174099 expanded, t=7540.25s]
Best heuristic value: 32/35 [g=946, 175594 evaluated, 175593 expanded, t=7597.51s]
Best heuristic value: 31/35 [g=947, 175596 evaluated, 175595 expanded, t=7597.58s]
Best heuristic value: 31/34 [g=949, 175620 evaluated, 175619 expanded, t=7598.5s]
Best heuristic value: 30/34 [g=950, 175622 evaluated, 175621 expanded, t=7598.58s]
Best heuristic value: 30/33 [g=960, 176945 evaluated, 176944 expanded, t=7649.11s]
Best heuristic value: 29/33 [g=961, 176947 evaluated, 176946 expanded, t=7649.19s]
Best heuristic value: 29/32 [g=962, 176964 evaluated, 176963 expanded, t=7649.84s]
Best heuristic value: 29/31 [g=963, 176968 evaluated, 176967 expanded, t=7649.99s]
Best heuristic value: 28/31 [g=964, 176970 evaluated, 176969 expanded, t=7650.07s]
Best heuristic value: 27/31 [g=975, 180827 evaluated, 180826 expanded, t=7797.05s]
Best heuristic value: 27/30 [g=977, 180851 evaluated, 180850 expanded, t=7797.96s]
Best heuristic value: 26/30 [g=978, 180853 evaluated, 180852 expanded, t=7798.04s]
Best heuristic value: 26/29 [g=988, 181969 evaluated, 181968 expanded, t=7840.44s]
Best heuristic value: 25/29 [g=989, 181971 evaluated, 181970 expanded, t=7840.51s]
Best heuristic value: 25/28 [g=990, 181988 evaluated, 181987 expanded, t=7841.15s]
Best heuristic value: 25/27 [g=991, 181992 evaluated, 181991 expanded, t=7841.3s]
Best heuristic value: 24/27 [g=992, 181994 evaluated, 181993 expanded, t=7841.38s]
Best heuristic value: 23/27 [g=1003, 185369 evaluated, 185368 expanded, t=7969.18s]
Best heuristic value: 23/26 [g=1005, 185393 evaluated, 185392 expanded, t=7970.09s]
Best heuristic value: 22/26 [g=1006, 185395 evaluated, 185394 expanded, t=7970.16s]
Best heuristic value: 22/25 [g=1016, 186292 evaluated, 186291 expanded, t=8004.02s]
Best heuristic value: 21/25 [g=1017, 186294 evaluated, 186293 expanded, t=8004.09s]
Best heuristic value: 21/24 [g=1018, 186311 evaluated, 186310 expanded, t=8004.73s]
Best heuristic value: 21/23 [g=1019, 186315 evaluated, 186314 expanded, t=8004.88s]
Best heuristic value: 20/23 [g=1020, 186317 evaluated, 186316 expanded, t=8004.96s]
Best heuristic value: 19/23 [g=1031, 189235 evaluated, 189234 expanded, t=8114.7s]
Best heuristic value: 19/22 [g=1033, 189259 evaluated, 189258 expanded, t=8115.6s]
Best heuristic value: 18/22 [g=1034, 189261 evaluated, 189260 expanded, t=8115.67s]
Best heuristic value: 18/21 [g=1044, 190051 evaluated, 190050 expanded, t=8145.3s]
Best heuristic value: 17/21 [g=1045, 190053 evaluated, 190052 expanded, t=8145.37s]
Best heuristic value: 17/20 [g=1047, 190077 evaluated, 190076 expanded, t=8146.27s]
Best heuristic value: 16/20 [g=1048, 190079 evaluated, 190078 expanded, t=8146.35s]
Best heuristic value: 15/20 [g=1051, 190085 evaluated, 190084 expanded, t=8146.57s]
Best heuristic value: 15/19 [g=1058, 191024 evaluated, 191023 expanded, t=8181.68s]
Best heuristic value: 14/19 [g=1059, 191026 evaluated, 191025 expanded, t=8181.75s]
Best heuristic value: 14/17 [g=1059, 191029 evaluated, 191028 expanded, t=8181.86s]
Best heuristic value: 14/15 [g=1060, 191032 evaluated, 191031 expanded, t=8181.97s]
Best heuristic value: 14/14 [g=1061, 191036 evaluated, 191035 expanded, t=8182.1s]
Best heuristic value: 13/13 [g=1062, 191038 evaluated, 191037 expanded, t=8182.18s]
Best heuristic value: 13/12 [g=1063, 191039 evaluated, 191038 expanded, t=8182.21s]
Best heuristic value: 12/12 [g=1073, 196392 evaluated, 196391 expanded, t=8382.12s]
Best heuristic value: 11/11 [g=1076, 196404 evaluated, 196403 expanded, t=8382.55s]
Best heuristic value: 11/10 [g=1077, 196405 evaluated, 196404 expanded, t=8382.58s]
Best heuristic value: 10/10 [g=1087, 200935 evaluated, 200934 expanded, t=8561.8s]
Best heuristic value: 9/9 [g=1090, 200947 evaluated, 200946 expanded, t=8562.22s]
Best heuristic value: 9/8 [g=1091, 200948 evaluated, 200947 expanded, t=8562.26s]
Best heuristic value: 8/8 [g=1101, 204572 evaluated, 204571 expanded, t=8696.65s]
Best heuristic value: 7/8 [g=1104, 204584 evaluated, 204583 expanded, t=8697.07s]
Best heuristic value: 7/7 [g=1105, 204585 evaluated, 204584 expanded, t=8697.11s]
Best heuristic value: 6/7 [g=1115, 206967 evaluated, 206966 expanded, t=8785.01s]
Best heuristic value: 5/6 [g=1118, 206979 evaluated, 206978 expanded, t=8785.43s]
Best heuristic value: 5/5 [g=1119, 206980 evaluated, 206979 expanded, t=8785.46s]
Best heuristic value: 4/5 [g=1133, 207613 evaluated, 207612 expanded, t=8808.63s]
Best heuristic value: 2/4 [g=1137, 207624 evaluated, 207623 expanded, t=8809.02s]
Best heuristic value: 2/3 [g=1138, 207625 evaluated, 207624 expanded, t=8809.05s]
Best heuristic value: 2/2 [g=1140, 207628 evaluated, 207627 expanded, t=8809.15s]
Best heuristic value: 1/1 [g=1141, 207629 evaluated, 207628 expanded, t=8809.17s]
Solution found!
Actual search time: 8766.43s [t=8809.21s]
grasp left shaker1 (1)
grasp right shot9 (1)
leave left shaker1 (1)
fill-shot shot9 ingredient1 right left dispenser1 (1)
grasp left shaker1 (1)
pour-shot-to-clean-shaker shot9 ingredient1 shaker1 right l0 l1 (1)
leave left shaker1 (1)
clean-shot shot9 ingredient1 right left (1)
fill-shot shot9 ingredient2 right left dispenser2 (1)
pour-shot-to-used-shaker shot9 ingredient2 shaker1 right l1 l2 (1)
clean-shot shot9 ingredient2 right left (1)
grasp left shaker1 (1)
leave right shot9 (1)
shake cocktail15 ingredient2 ingredient1 shaker1 left right (1)
pour-shaker-to-shot cocktail15 shot1 left shaker1 l2 l1 (1)
empty-shaker left shaker1 cocktail15 l1 l0 (1)
clean-shaker left right shaker1 (1)
grasp right shot9 (1)
leave left shaker1 (1)
fill-shot shot9 ingredient4 right left dispenser4 (1)
pour-shot-to-clean-shaker shot9 ingredient4 shaker1 right l0 l1 (1)
clean-shot shot9 ingredient4 right left (1)
fill-shot shot9 ingredient1 right left dispenser1 (1)
pour-shot-to-used-shaker shot9 ingredient1 shaker1 right l1 l2 (1)
clean-shot shot9 ingredient1 right left (1)
grasp left shaker1 (1)
leave right shot9 (1)
shake cocktail1 ingredient1 ingredient4 shaker1 left right (1)
pour-shaker-to-shot cocktail1 shot55 left shaker1 l2 l1 (1)
empty-shaker left shaker1 cocktail1 l1 l0 (1)
clean-shaker left right shaker1 (1)
grasp right shot9 (1)
leave left shaker1 (1)
fill-shot shot9 ingredient3 right left dispenser3 (1)
pour-shot-to-clean-shaker shot9 ingredient3 shaker1 right l0 l1 (1)
clean-shot shot9 ingredient3 right left (1)
fill-shot shot9 ingredient1 right left dispenser1 (1)
pour-shot-to-used-shaker shot9 ingredient1 shaker1 right l1 l2 (1)
clean-shot shot9 ingredient1 right left (1)
grasp left shaker1 (1)
leave right shot9 (1)
shake cocktail71 ingredient3 ingredient1 shaker1 left right (1)
pour-shaker-to-shot cocktail71 shot12 left shaker1 l2 l1 (1)
empty-shaker left shaker1 cocktail71 l1 l0 (1)
clean-shaker left right shaker1 (1)
grasp right shot9 (1)
leave left shaker1 (1)
fill-shot shot9 ingredient3 right left dispenser3 (1)
pour-shot-to-clean-shaker shot9 ingredient3 shaker1 right l0 l1 (1)
clean-shot shot9 ingredient3 right left (1)
fill-shot shot9 ingredient1 right left dispenser1 (1)
pour-shot-to-used-shaker shot9 ingredient1 shaker1 right l1 l2 (1)
clean-shot shot9 ingredient1 right left (1)
grasp left shaker1 (1)
leave right shot9 (1)
shake cocktail56 ingredient3 ingredient1 shaker1 left right (1)
pour-shaker-to-shot cocktail56 shot22 left shaker1 l2 l1 (1)
empty-shaker left shaker1 cocktail56 l1 l0 (1)
clean-shaker left right shaker1 (1)
grasp right shot9 (1)
leave left shaker1 (1)
fill-shot shot9 ingredient3 right left dispenser3 (1)
pour-shot-to-clean-shaker shot9 ingredient3 shaker1 right l0 l1 (1)
clean-shot shot9 ingredient3 right left (1)
fill-shot shot9 ingredient1 right left dispenser1 (1)
pour-shot-to-used-shaker shot9 ingredient1 shaker1 right l1 l2 (1)
clean-shot shot9 ingredient1 right left (1)
grasp left shaker1 (1)
leave right shot9 (1)
shake cocktail58 ingredient3 ingredient1 shaker1 left right (1)
pour-shaker-to-shot cocktail58 shot27 left shaker1 l2 l1 (1)
empty-shaker left shaker1 cocktail58 l1 l0 (1)
clean-shaker left right shaker1 (1)
grasp right shot9 (1)
leave left shaker1 (1)
fill-shot shot9 ingredient3 right left dispenser3 (1)
pour-shot-to-clean-shaker shot9 ingredient3 shaker1 right l0 l1 (1)
clean-shot shot9 ingredient3 right left (1)
fill-shot shot9 ingredient1 right left dispenser1 (1)
pour-shot-to-used-shaker shot9 ingredient1 shaker1 right l1 l2 (1)
clean-shot shot9 ingredient1 right left (1)
grasp left shaker1 (1)
leave right shot9 (1)
shake cocktail26 ingredient3 ingredient1 shaker1 left right (1)
pour-shaker-to-shot cocktail26 shot35 left shaker1 l2 l1 (1)
empty-shaker left shaker1 cocktail26 l1 l0 (1)
clean-shaker left right shaker1 (1)
grasp right shot9 (1)
leave left shaker1 (1)
fill-shot shot9 ingredient3 right left dispenser3 (1)
pour-shot-to-clean-shaker shot9 ingredient3 shaker1 right l0 l1 (1)
clean-shot shot9 ingredient3 right left (1)
fill-shot shot9 ingredient1 right left dispenser1 (1)
pour-shot-to-used-shaker shot9 ingredient1 shaker1 right l1 l2 (1)
clean-shot shot9 ingredient1 right left (1)
grasp left shaker1 (1)
leave right shot9 (1)
shake cocktail19 ingredient3 ingredient1 shaker1 left right (1)
pour-shaker-to-shot cocktail19 shot42 left shaker1 l2 l1 (1)
empty-shaker left shaker1 cocktail19 l1 l0 (1)
clean-shaker left right shaker1 (1)
grasp right shot9 (1)
leave left shaker1 (1)
fill-shot shot9 ingredient3 right left dispenser3 (1)
pour-shot-to-clean-shaker shot9 ingredient3 shaker1 right l0 l1 (1)
clean-shot shot9 ingredient3 right left (1)
fill-shot shot9 ingredient1 right left dispenser1 (1)
pour-shot-to-used-shaker shot9 ingredient1 shaker1 right l1 l2 (1)
clean-shot shot9 ingredient1 right left (1)
grasp left shaker1 (1)
leave right shot9 (1)
shake cocktail34 ingredient3 ingredient1 shaker1 left right (1)
pour-shaker-to-shot cocktail34 shot45 left shaker1 l2 l1 (1)
empty-shaker left shaker1 cocktail34 l1 l0 (1)
clean-shaker left right shaker1 (1)
grasp right shot9 (1)
leave left shaker1 (1)
fill-shot shot9 ingredient3 right left dispenser3 (1)
pour-shot-to-clean-shaker shot9 ingredient3 shaker1 right l0 l1 (1)
clean-shot shot9 ingredient3 right left (1)
fill-shot shot9 ingredient1 right left dispenser1 (1)
pour-shot-to-used-shaker shot9 ingredient1 shaker1 right l1 l2 (1)
clean-shot shot9 ingredient1 right left (1)
grasp left shaker1 (1)
leave right shot9 (1)
shake cocktail5 ingredient3 ingredient1 shaker1 left right (1)
pour-shaker-to-shot cocktail5 shot47 left shaker1 l2 l1 (1)
empty-shaker left shaker1 cocktail5 l1 l0 (1)
clean-shaker left right shaker1 (1)
grasp right shot9 (1)
leave left shaker1 (1)
fill-shot shot9 ingredient3 right left dispenser3 (1)
pour-shot-to-clean-shaker shot9 ingredient3 shaker1 right l0 l1 (1)
clean-shot shot9 ingredient3 right left (1)
fill-shot shot9 ingredient1 right left dispenser1 (1)
pour-shot-to-used-shaker shot9 ingredient1 shaker1 right l1 l2 (1)
clean-shot shot9 ingredient1 right left (1)
grasp left shaker1 (1)
leave right shot9 (1)
shake cocktail49 ingredient1 ingredient3 shaker1 left right (1)
pour-shaker-to-shot cocktail49 shot57 left shaker1 l2 l1 (1)
empty-shaker left shaker1 cocktail49 l1 l0 (1)
clean-shaker left right shaker1 (1)
grasp right shot9 (1)
leave left shaker1 (1)
fill-shot shot9 ingredient3 right left dispenser3 (1)
pour-shot-to-clean-shaker shot9 ingredient3 shaker1 right l0 l1 (1)
clean-shot shot9 ingredient3 right left (1)
fill-shot shot9 ingredient1 right left dispenser1 (1)
pour-shot-to-used-shaker shot9 ingredient1 shaker1 right l1 l2 (1)
clean-shot shot9 ingredient1 right left (1)
grasp left shaker1 (1)
leave right shot9 (1)
shake cocktail29 ingredient3 ingredient1 shaker1 left right (1)
pour-shaker-to-shot cocktail29 shot64 left shaker1 l2 l1 (1)
empty-shaker left shaker1 cocktail29 l1 l0 (1)
clean-shaker left right shaker1 (1)
grasp right shot9 (1)
leave left shaker1 (1)
fill-shot shot9 ingredient3 right left dispenser3 (1)
pour-shot-to-clean-shaker shot9 ingredient3 shaker1 right l0 l1 (1)
clean-shot shot9 ingredient3 right left (1)
fill-shot shot9 ingredient1 right left dispenser1 (1)
pour-shot-to-used-shaker shot9 ingredient1 shaker1 right l1 l2 (1)
clean-shot shot9 ingredient1 right left (1)
grasp left shaker1 (1)
leave right shot9 (1)
shake cocktail42 ingredient3 ingredient1 shaker1 left right (1)
pour-shaker-to-shot cocktail42 shot8 left shaker1 l2 l1 (1)
empty-shaker left shaker1 cocktail42 l1 l0 (1)
clean-shaker left right shaker1 (1)
grasp right shot9 (1)
leave left shaker1 (1)
fill-shot shot9 ingredient3 right left dispenser3 (1)
pour-shot-to-clean-shaker shot9 ingredient3 shaker1 right l0 l1 (1)
clean-shot shot9 ingredient3 right left (1)
fill-shot shot9 ingredient2 right left dispenser2 (1)
pour-shot-to-used-shaker shot9 ingredient2 shaker1 right l1 l2 (1)
clean-shot shot9 ingredient2 right left (1)
grasp left shaker1 (1)
leave right shot9 (1)
shake cocktail16 ingredient2 ingredient3 shaker1 left right (1)
pour-shaker-to-shot cocktail16 shot40 left shaker1 l2 l1 (1)
empty-shaker left shaker1 cocktail16 l1 l0 (1)
clean-shaker left right shaker1 (1)
grasp right shot9 (1)
leave left shaker1 (1)
fill-shot shot9 ingredient3 right left dispenser3 (1)
pour-shot-to-clean-shaker shot9 ingredient3 shaker1 right l0 l1 (1)
clean-shot shot9 ingredient3 right left (1)
fill-shot shot9 ingredient4 right left dispenser4 (1)
pour-shot-to-used-shaker shot9 ingredient4 shaker1 right l1 l2 (1)
clean-shot shot9 ingredient4 right left (1)
grasp left shaker1 (1)
leave right shot9 (1)
shake cocktail12 ingredient4 ingredient3 shaker1 left right (1)
pour-shaker-to-shot cocktail12 shot48 left shaker1 l2 l1 (1)
empty-shaker left shaker1 cocktail12 l1 l0 (1)
clean-shaker left right shaker1 (1)
grasp right shot9 (1)
leave left shaker1 (1)
fill-shot shot9 ingredient3 right left dispenser3 (1)
pour-shot-to-clean-shaker shot9 ingredient3 shaker1 right l0 l1 (1)
clean-shot shot9 ingredient3 right left (1)
fill-shot shot9 ingredient2 right left dispenser2 (1)
pour-shot-to-used-shaker shot9 ingredient2 shaker1 right l1 l2 (1)
clean-shot shot9 ingredient2 right left (1)
grasp left shaker1 (1)
leave right shot9 (1)
shake cocktail69 ingredient2 ingredient3 shaker1 left right (1)
pour-shaker-to-shot cocktail69 shot14 left shaker1 l2 l1 (1)
empty-shaker left shaker1 cocktail69 l1 l0 (1)
clean-shaker left right shaker1 (1)
grasp right shot9 (1)
leave left shaker1 (1)
fill-shot shot9 ingredient3 right left dispenser3 (1)
pour-shot-to-clean-shaker shot9 ingredient3 shaker1 right l0 l1 (1)
clean-shot shot9 ingredient3 right left (1)
fill-shot shot9 ingredient2 right left dispenser2 (1)
pour-shot-to-used-shaker shot9 ingredient2 shaker1 right l1 l2 (1)
clean-shot shot9 ingredient2 right left (1)
grasp left shaker1 (1)
leave right shot9 (1)
shake cocktail55 ingredient3 ingredient2 shaker1 left right (1)
pour-shaker-to-shot cocktail55 shot15 left shaker1 l2 l1 (1)
empty-shaker left shaker1 cocktail55 l1 l0 (1)
clean-shaker left right shaker1 (1)
grasp right shot9 (1)
leave left shaker1 (1)
fill-shot shot9 ingredient3 right left dispenser3 (1)
pour-shot-to-clean-shaker shot9 ingredient3 shaker1 right l0 l1 (1)
clean-shot shot9 ingredient3 right left (1)
fill-shot shot9 ingredient2 right left dispenser2 (1)
pour-shot-to-used-shaker shot9 ingredient2 shaker1 right l1 l2 (1)
clean-shot shot9 ingredient2 right left (1)
grasp left shaker1 (1)
leave right shot9 (1)
shake cocktail50 ingredient3 ingredient2 shaker1 left right (1)
pour-shaker-to-shot cocktail50 shot16 left shaker1 l2 l1 (1)
empty-shaker left shaker1 cocktail50 l1 l0 (1)
clean-shaker left right shaker1 (1)
grasp right shot9 (1)
leave left shaker1 (1)
fill-shot shot9 ingredient3 right left dispenser3 (1)
pour-shot-to-clean-shaker shot9 ingredient3 shaker1 right l0 l1 (1)
clean-shot shot9 ingredient3 right left (1)
fill-shot shot9 ingredient2 right left dispenser2 (1)
pour-shot-to-used-shaker shot9 ingredient2 shaker1 right l1 l2 (1)
clean-shot shot9 ingredient2 right left (1)
grasp left shaker1 (1)
leave right shot9 (1)
shake cocktail7 ingredient2 ingredient3 shaker1 left right (1)
pour-shaker-to-shot cocktail7 shot19 left shaker1 l2 l1 (1)
empty-shaker left shaker1 cocktail7 l1 l0 (1)
clean-shaker left right shaker1 (1)
grasp right shot9 (1)
leave left shaker1 (1)
fill-shot shot9 ingredient3 right left dispenser3 (1)
pour-shot-to-clean-shaker shot9 ingredient3 shaker1 right l0 l1 (1)
clean-shot shot9 ingredient3 right left (1)
fill-shot shot9 ingredient2 right left dispenser2 (1)
pour-shot-to-used-shaker shot9 ingredient2 shaker1 right l1 l2 (1)
clean-shot shot9 ingredient2 right left (1)
grasp left shaker1 (1)
leave right shot9 (1)
shake cocktail80 ingredient3 ingredient2 shaker1 left right (1)
pour-shaker-to-shot cocktail80 shot21 left shaker1 l2 l1 (1)
empty-shaker left shaker1 cocktail80 l1 l0 (1)
clean-shaker left right shaker1 (1)
grasp right shot9 (1)
leave left shaker1 (1)
fill-shot shot9 ingredient3 right left dispenser3 (1)
pour-shot-to-clean-shaker shot9 ingredient3 shaker1 right l0 l1 (1)
clean-shot shot9 ingredient3 right left (1)
fill-shot shot9 ingredient2 right left dispenser2 (1)
pour-shot-to-used-shaker shot9 ingredient2 shaker1 right l1 l2 (1)
clean-shot shot9 ingredient2 right left (1)
grasp left shaker1 (1)
leave right shot9 (1)
shake cocktail32 ingredient2 ingredient3 shaker1 left right (1)
pour-shaker-to-shot cocktail32 shot26 left shaker1 l2 l1 (1)
empty-shaker left shaker1 cocktail32 l1 l0 (1)
clean-shaker left right shaker1 (1)
grasp right shot9 (1)
leave left shaker1 (1)
fill-shot shot9 ingredient3 right left dispenser3 (1)
pour-shot-to-clean-shaker shot9 ingredient3 shaker1 right l0 l1 (1)
clean-shot shot9 ingredient3 right left (1)
fill-shot shot9 ingredient2 right left dispenser2 (1)
pour-shot-to-used-shaker shot9 ingredient2 shaker1 right l1 l2 (1)
clean-shot shot9 ingredient2 right left (1)
grasp left shaker1 (1)
leave right shot9 (1)
shake cocktail59 ingredient3 ingredient2 shaker1 left right (1)
pour-shaker-to-shot cocktail59 shot28 left shaker1 l2 l1 (1)
empty-shaker left shaker1 cocktail59 l1 l0 (1)
clean-shaker left right shaker1 (1)
grasp right shot9 (1)
leave left shaker1 (1)
fill-shot shot9 ingredient3 right left dispenser3 (1)
pour-shot-to-clean-shaker shot9 ingredient3 shaker1 right l0 l1 (1)
clean-shot shot9 ingredient3 right left (1)
fill-shot shot9 ingredient2 right left dispenser2 (1)
pour-shot-to-used-shaker shot9 ingredient2 shaker1 right l1 l2 (1)
clean-shot shot9 ingredient2 right left (1)
grasp left shaker1 (1)
leave right shot9 (1)
shake cocktail60 ingredient2 ingredient3 shaker1 left right (1)
pour-shaker-to-shot cocktail60 shot30 left shaker1 l2 l1 (1)
empty-shaker left shaker1 cocktail60 l1 l0 (1)
clean-shaker left right shaker1 (1)
grasp right shot9 (1)
leave left shaker1 (1)
fill-shot shot9 ingredient3 right left dispenser3 (1)
pour-shot-to-clean-shaker shot9 ingredient3 shaker1 right l0 l1 (1)
clean-shot shot9 ingredient3 right left (1)
fill-shot shot9 ingredient2 right left dispenser2 (1)
pour-shot-to-used-shaker shot9 ingredient2 shaker1 right l1 l2 (1)
clean-shot shot9 ingredient2 right left (1)
grasp left shaker1 (1)
leave right shot9 (1)
shake cocktail25 ingredient2 ingredient3 shaker1 left right (1)
pour-shaker-to-shot cocktail25 shot4 left shaker1 l2 l1 (1)
empty-shaker left shaker1 cocktail25 l1 l0 (1)
clean-shaker left right shaker1 (1)
grasp right shot9 (1)
leave left shaker1 (1)
fill-shot shot9 ingredient3 right left dispenser3 (1)
pour-shot-to-clean-shaker shot9 ingredient3 shaker1 right l0 l1 (1)
clean-shot shot9 ingredient3 right left (1)
fill-shot shot9 ingredient2 right left dispenser2 (1)
pour-shot-to-used-shaker shot9 ingredient2 shaker1 right l1 l2 (1)
clean-shot shot9 ingredient2 right left (1)
grasp left shaker1 (1)
leave right shot9 (1)
shake cocktail40 ingredient2 ingredient3 shaker1 left right (1)
pour-shaker-to-shot cocktail40 shot53 left shaker1 l2 l1 (1)
empty-shaker left shaker1 cocktail40 l1 l0 (1)
clean-shaker left right shaker1 (1)
grasp right shot9 (1)
leave left shaker1 (1)
fill-shot shot9 ingredient3 right left dispenser3 (1)
pour-shot-to-clean-shaker shot9 ingredient3 shaker1 right l0 l1 (1)
clean-shot shot9 ingredient3 right left (1)
fill-shot shot9 ingredient2 right left dispenser2 (1)
pour-shot-to-used-shaker shot9 ingredient2 shaker1 right l1 l2 (1)
clean-shot shot9 ingredient2 right left (1)
grasp left shaker1 (1)
leave right shot9 (1)
shake cocktail47 ingredient3 ingredient2 shaker1 left right (1)
pour-shaker-to-shot cocktail47 shot66 left shaker1 l2 l1 (1)
empty-shaker left shaker1 cocktail47 l1 l0 (1)
clean-shaker left right shaker1 (1)
grasp right shot9 (1)
leave left shaker1 (1)
fill-shot shot9 ingredient3 right left dispenser3 (1)
pour-shot-to-clean-shaker shot9 ingredient3 shaker1 right l0 l1 (1)
clean-shot shot9 ingredient3 right left (1)
fill-shot shot9 ingredient2 right left dispenser2 (1)
pour-shot-to-used-shaker shot9 ingredient2 shaker1 right l1 l2 (1)
clean-shot shot9 ingredient2 right left (1)
grasp left shaker1 (1)
leave right shot9 (1)
shake cocktail41 ingredient2 ingredient3 shaker1 left right (1)
pour-shaker-to-shot cocktail41 shot72 left shaker1 l2 l1 (1)
empty-shaker left shaker1 cocktail41 l1 l0 (1)
clean-shaker left right shaker1 (1)
grasp right shot9 (1)
leave left shaker1 (1)
fill-shot shot9 ingredient3 right left dispenser3 (1)
pour-shot-to-clean-shaker shot9 ingredient3 shaker1 right l0 l1 (1)
clean-shot shot9 ingredient3 right left (1)
fill-shot shot9 ingredient2 right left dispenser2 (1)
pour-shot-to-used-shaker shot9 ingredient2 shaker1 right l1 l2 (1)
clean-shot shot9 ingredient2 right left (1)
grasp left shaker1 (1)
leave right shot9 (1)
shake cocktail54 ingredient2 ingredient3 shaker1 left right (1)
pour-shaker-to-shot cocktail54 shot78 left shaker1 l2 l1 (1)
empty-shaker left shaker1 cocktail54 l1 l0 (1)
clean-shaker left right shaker1 (1)
grasp right shot9 (1)
leave left shaker1 (1)
fill-shot shot9 ingredient3 right left dispenser3 (1)
pour-shot-to-clean-shaker shot9 ingredient3 shaker1 right l0 l1 (1)
clean-shot shot9 ingredient3 right left (1)
fill-shot shot9 ingredient2 right left dispenser2 (1)
pour-shot-to-used-shaker shot9 ingredient2 shaker1 right l1 l2 (1)
clean-shot shot9 ingredient2 right left (1)
grasp left shaker1 (1)
leave right shot9 (1)
shake cocktail79 ingredient3 ingredient2 shaker1 left right (1)
pour-shaker-to-shot cocktail79 shot80 left shaker1 l2 l1 (1)
empty-shaker left shaker1 cocktail79 l1 l0 (1)
clean-shaker left right shaker1 (1)
grasp right shot9 (1)
leave left shaker1 (1)
fill-shot shot9 ingredient3 right left dispenser3 (1)
pour-shot-to-clean-shaker shot9 ingredient3 shaker1 right l0 l1 (1)
clean-shot shot9 ingredient3 right left (1)
fill-shot shot9 ingredient4 right left dispenser4 (1)
pour-shot-to-used-shaker shot9 ingredient4 shaker1 right l1 l2 (1)
clean-shot shot9 ingredient4 right left (1)
grasp left shaker1 (1)
leave right shot9 (1)
shake cocktail63 ingredient4 ingredient3 shaker1 left right (1)
pour-shaker-to-shot cocktail63 shot18 left shaker1 l2 l1 (1)
empty-shaker left shaker1 cocktail63 l1 l0 (1)
clean-shaker left right shaker1 (1)
grasp right shot9 (1)
leave left shaker1 (1)
fill-shot shot9 ingredient3 right left dispenser3 (1)
pour-shot-to-clean-shaker shot9 ingredient3 shaker1 right l0 l1 (1)
clean-shot shot9 ingredient3 right left (1)
fill-shot shot9 ingredient4 right left dispenser4 (1)
pour-shot-to-used-shaker shot9 ingredient4 shaker1 right l1 l2 (1)
clean-shot shot9 ingredient4 right left (1)
grasp left shaker1 (1)
leave right shot9 (1)
shake cocktail52 ingredient4 ingredient3 shaker1 left right (1)
pour-shaker-to-shot cocktail52 shot31 left shaker1 l2 l1 (1)
empty-shaker left shaker1 cocktail52 l1 l0 (1)
clean-shaker left right shaker1 (1)
grasp right shot9 (1)
leave left shaker1 (1)
fill-shot shot9 ingredient3 right left dispenser3 (1)
pour-shot-to-clean-shaker shot9 ingredient3 shaker1 right l0 l1 (1)
clean-shot shot9 ingredient3 right left (1)
fill-shot shot9 ingredient4 right left dispenser4 (1)
pour-shot-to-used-shaker shot9 ingredient4 shaker1 right l1 l2 (1)
clean-shot shot9 ingredient4 right left (1)
grasp left shaker1 (1)
leave right shot9 (1)
shake cocktail18 ingredient4 ingredient3 shaker1 left right (1)
pour-shaker-to-shot cocktail18 shot37 left shaker1 l2 l1 (1)
empty-shaker left shaker1 cocktail18 l1 l0 (1)
clean-shaker left right shaker1 (1)
grasp right shot9 (1)
leave left shaker1 (1)
fill-shot shot9 ingredient3 right left dispenser3 (1)
pour-shot-to-clean-shaker shot9 ingredient3 shaker1 right l0 l1 (1)
clean-shot shot9 ingredient3 right left (1)
fill-shot shot9 ingredient4 right left dispenser4 (1)
pour-shot-to-used-shaker shot9 ingredient4 shaker1 right l1 l2 (1)
clean-shot shot9 ingredient4 right left (1)
grasp left shaker1 (1)
leave right shot9 (1)
shake cocktail30 ingredient4 ingredient3 shaker1 left right (1)
pour-shaker-to-shot cocktail30 shot39 left shaker1 l2 l1 (1)
empty-shaker left shaker1 cocktail30 l1 l0 (1)
clean-shaker left right shaker1 (1)
grasp right shot9 (1)
leave left shaker1 (1)
fill-shot shot9 ingredient3 right left dispenser3 (1)
pour-shot-to-clean-shaker shot9 ingredient3 shaker1 right l0 l1 (1)
clean-shot shot9 ingredient3 right left (1)
fill-shot shot9 ingredient4 right left dispenser4 (1)
pour-shot-to-used-shaker shot9 ingredient4 shaker1 right l1 l2 (1)
clean-shot shot9 ingredient4 right left (1)
grasp left shaker1 (1)
leave right shot9 (1)
shake cocktail45 ingredient4 ingredient3 shaker1 left right (1)
pour-shaker-to-shot cocktail45 shot41 left shaker1 l2 l1 (1)
empty-shaker left shaker1 cocktail45 l1 l0 (1)
clean-shaker left right shaker1 (1)
grasp right shot9 (1)
leave left shaker1 (1)
fill-shot shot9 ingredient3 right left dispenser3 (1)
pour-shot-to-clean-shaker shot9 ingredient3 shaker1 right l0 l1 (1)
clean-shot shot9 ingredient3 right left (1)
fill-shot shot9 ingredient4 right left dispenser4 (1)
pour-shot-to-used-shaker shot9 ingredient4 shaker1 right l1 l2 (1)
clean-shot shot9 ingredient4 right left (1)
grasp left shaker1 (1)
leave right shot9 (1)
shake cocktail46 ingredient4 ingredient3 shaker1 left right (1)
pour-shaker-to-shot cocktail46 shot43 left shaker1 l2 l1 (1)
empty-shaker left shaker1 cocktail46 l1 l0 (1)
clean-shaker left right shaker1 (1)
grasp right shot9 (1)
leave left shaker1 (1)
fill-shot shot9 ingredient3 right left dispenser3 (1)
pour-shot-to-clean-shaker shot9 ingredient3 shaker1 right l0 l1 (1)
clean-shot shot9 ingredient3 right left (1)
fill-shot shot9 ingredient4 right left dispenser4 (1)
pour-shot-to-used-shaker shot9 ingredient4 shaker1 right l1 l2 (1)
clean-shot shot9 ingredient4 right left (1)
grasp left shaker1 (1)
leave right shot9 (1)
shake cocktail70 ingredient4 ingredient3 shaker1 left right (1)
pour-shaker-to-shot cocktail70 shot50 left shaker1 l2 l1 (1)
empty-shaker left shaker1 cocktail70 l1 l0 (1)
clean-shaker left right shaker1 (1)
grasp right shot9 (1)
leave left shaker1 (1)
fill-shot shot9 ingredient3 right left dispenser3 (1)
pour-shot-to-clean-shaker shot9 ingredient3 shaker1 right l0 l1 (1)
clean-shot shot9 ingredient3 right left (1)
fill-shot shot9 ingredient4 right left dispenser4 (1)
pour-shot-to-used-shaker shot9 ingredient4 shaker1 right l1 l2 (1)
clean-shot shot9 ingredient4 right left (1)
grasp left shaker1 (1)
leave right shot9 (1)
shake cocktail31 ingredient3 ingredient4 shaker1 left right (1)
pour-shaker-to-shot cocktail31 shot51 left shaker1 l2 l1 (1)
empty-shaker left shaker1 cocktail31 l1 l0 (1)
clean-shaker left right shaker1 (1)
grasp right shot9 (1)
leave left shaker1 (1)
fill-shot shot9 ingredient3 right left dispenser3 (1)
pour-shot-to-clean-shaker shot9 ingredient3 shaker1 right l0 l1 (1)
clean-shot shot9 ingredient3 right left (1)
fill-shot shot9 ingredient4 right left dispenser4 (1)
pour-shot-to-used-shaker shot9 ingredient4 shaker1 right l1 l2 (1)
clean-shot shot9 ingredient4 right left (1)
grasp left shaker1 (1)
leave right shot9 (1)
shake cocktail64 ingredient4 ingredient3 shaker1 left right (1)
pour-shaker-to-shot cocktail64 shot56 left shaker1 l2 l1 (1)
empty-shaker left shaker1 cocktail64 l1 l0 (1)
clean-shaker left right shaker1 (1)
grasp right shot9 (1)
leave left shaker1 (1)
fill-shot shot9 ingredient3 right left dispenser3 (1)
pour-shot-to-clean-shaker shot9 ingredient3 shaker1 right l0 l1 (1)
clean-shot shot9 ingredient3 right left (1)
fill-shot shot9 ingredient4 right left dispenser4 (1)
pour-shot-to-used-shaker shot9 ingredient4 shaker1 right l1 l2 (1)
clean-shot shot9 ingredient4 right left (1)
grasp left shaker1 (1)
leave right shot9 (1)
shake cocktail68 ingredient4 ingredient3 shaker1 left right (1)
pour-shaker-to-shot cocktail68 shot60 left shaker1 l2 l1 (1)
empty-shaker left shaker1 cocktail68 l1 l0 (1)
clean-shaker left right shaker1 (1)
grasp right shot9 (1)
leave left shaker1 (1)
fill-shot shot9 ingredient3 right left dispenser3 (1)
pour-shot-to-clean-shaker shot9 ingredient3 shaker1 right l0 l1 (1)
clean-shot shot9 ingredient3 right left (1)
fill-shot shot9 ingredient4 right left dispenser4 (1)
pour-shot-to-used-shaker shot9 ingredient4 shaker1 right l1 l2 (1)
clean-shot shot9 ingredient4 right left (1)
grasp left shaker1 (1)
leave right shot9 (1)
shake cocktail65 ingredient3 ingredient4 shaker1 left right (1)
pour-shaker-to-shot cocktail65 shot65 left shaker1 l2 l1 (1)
empty-shaker left shaker1 cocktail65 l1 l0 (1)
clean-shaker left right shaker1 (1)
grasp right shot9 (1)
leave left shaker1 (1)
fill-shot shot9 ingredient3 right left dispenser3 (1)
pour-shot-to-clean-shaker shot9 ingredient3 shaker1 right l0 l1 (1)
clean-shot shot9 ingredient3 right left (1)
fill-shot shot9 ingredient4 right left dispenser4 (1)
pour-shot-to-used-shaker shot9 ingredient4 shaker1 right l1 l2 (1)
clean-shot shot9 ingredient4 right left (1)
grasp left shaker1 (1)
leave right shot9 (1)
shake cocktail24 ingredient3 ingredient4 shaker1 left right (1)
pour-shaker-to-shot cocktail24 shot69 left shaker1 l2 l1 (1)
empty-shaker left shaker1 cocktail24 l1 l0 (1)
clean-shaker left right shaker1 (1)
grasp right shot9 (1)
leave left shaker1 (1)
fill-shot shot9 ingredient3 right left dispenser3 (1)
pour-shot-to-clean-shaker shot9 ingredient3 shaker1 right l0 l1 (1)
clean-shot shot9 ingredient3 right left (1)
fill-shot shot9 ingredient4 right left dispenser4 (1)
pour-shot-to-used-shaker shot9 ingredient4 shaker1 right l1 l2 (1)
clean-shot shot9 ingredient4 right left (1)
grasp left shaker1 (1)
leave right shot9 (1)
shake cocktail75 ingredient4 ingredient3 shaker1 left right (1)
pour-shaker-to-shot cocktail75 shot74 left shaker1 l2 l1 (1)
empty-shaker left shaker1 cocktail75 l1 l0 (1)
clean-shaker left right shaker1 (1)
grasp right shot9 (1)
leave left shaker1 (1)
fill-shot shot9 ingredient3 right left dispenser3 (1)
pour-shot-to-clean-shaker shot9 ingredient3 shaker1 right l0 l1 (1)
clean-shot shot9 ingredient3 right left (1)
fill-shot shot9 ingredient1 right left dispenser1 (1)
pour-shot-to-used-shaker shot9 ingredient1 shaker1 right l1 l2 (1)
clean-shot shot9 ingredient1 right left (1)
grasp left shaker1 (1)
leave right shot9 (1)
shake cocktail11 ingredient1 ingredient3 shaker1 left right (1)
pour-shaker-to-shot cocktail11 shot73 left shaker1 l2 l1 (1)
empty-shaker left shaker1 cocktail11 l1 l0 (1)
clean-shaker left right shaker1 (1)
grasp right shot9 (1)
leave left shaker1 (1)
fill-shot shot9 ingredient1 right left dispenser1 (1)
pour-shot-to-clean-shaker shot9 ingredient1 shaker1 right l0 l1 (1)
clean-shot shot9 ingredient1 right left (1)
fill-shot shot9 ingredient2 right left dispenser2 (1)
pour-shot-to-used-shaker shot9 ingredient2 shaker1 right l1 l2 (1)
clean-shot shot9 ingredient2 right left (1)
grasp left shaker1 (1)
leave right shot9 (1)
shake cocktail3 ingredient1 ingredient2 shaker1 left right (1)
pour-shaker-to-shot cocktail3 shot10 left shaker1 l2 l1 (1)
empty-shaker left shaker1 cocktail3 l1 l0 (1)
clean-shaker left right shaker1 (1)
grasp right shot9 (1)
leave left shaker1 (1)
fill-shot shot9 ingredient1 right left dispenser1 (1)
pour-shot-to-clean-shaker shot9 ingredient1 shaker1 right l0 l1 (1)
clean-shot shot9 ingredient1 right left (1)
fill-shot shot9 ingredient2 right left dispenser2 (1)
pour-shot-to-used-shaker shot9 ingredient2 shaker1 right l1 l2 (1)
clean-shot shot9 ingredient2 right left (1)
grasp left shaker1 (1)
leave right shot9 (1)
shake cocktail6 ingredient2 ingredient1 shaker1 left right (1)
pour-shaker-to-shot cocktail6 shot11 left shaker1 l2 l1 (1)
empty-shaker left shaker1 cocktail6 l1 l0 (1)
clean-shaker left right shaker1 (1)
grasp right shot9 (1)
leave left shaker1 (1)
fill-shot shot9 ingredient2 right left dispenser2 (1)
pour-shot-to-clean-shaker shot9 ingredient2 shaker1 right l0 l1 (1)
clean-shot shot9 ingredient2 right left (1)
fill-shot shot9 ingredient4 right left dispenser4 (1)
pour-shot-to-used-shaker shot9 ingredient4 shaker1 right l1 l2 (1)
clean-shot shot9 ingredient4 right left (1)
grasp left shaker1 (1)
leave right shot9 (1)
shake cocktail20 ingredient4 ingredient2 shaker1 left right (1)
pour-shaker-to-shot cocktail20 shot13 left shaker1 l2 l1 (1)
empty-shaker left shaker1 cocktail20 l1 l0 (1)
clean-shaker left right shaker1 (1)
grasp right shot9 (1)
leave left shaker1 (1)
fill-shot shot9 ingredient1 right left dispenser1 (1)
pour-shot-to-clean-shaker shot9 ingredient1 shaker1 right l0 l1 (1)
clean-shot shot9 ingredient1 right left (1)
fill-shot shot9 ingredient4 right left dispenser4 (1)
pour-shot-to-used-shaker shot9 ingredient4 shaker1 right l1 l2 (1)
clean-shot shot9 ingredient4 right left (1)
grasp left shaker1 (1)
leave right shot9 (1)
shake cocktail81 ingredient1 ingredient4 shaker1 left right (1)
pour-shaker-to-shot cocktail81 shot17 left shaker1 l2 l1 (1)
empty-shaker left shaker1 cocktail81 l1 l0 (1)
clean-shaker left right shaker1 (1)
grasp right shot9 (1)
leave left shaker1 (1)
fill-shot shot9 ingredient1 right left dispenser1 (1)
pour-shot-to-clean-shaker shot9 ingredient1 shaker1 right l0 l1 (1)
clean-shot shot9 ingredient1 right left (1)
fill-shot shot9 ingredient4 right left dispenser4 (1)
pour-shot-to-used-shaker shot9 ingredient4 shaker1 right l1 l2 (1)
clean-shot shot9 ingredient4 right left (1)
grasp left shaker1 (1)
leave right shot9 (1)
shake cocktail13 ingredient1 ingredient4 shaker1 left right (1)
pour-shaker-to-shot cocktail13 shot2 left shaker1 l2 l1 (1)
empty-shaker left shaker1 cocktail13 l1 l0 (1)
clean-shaker left right shaker1 (1)
grasp right shot9 (1)
leave left shaker1 (1)
fill-shot shot9 ingredient1 right left dispenser1 (1)
pour-shot-to-clean-shaker shot9 ingredient1 shaker1 right l0 l1 (1)
clean-shot shot9 ingredient1 right left (1)
fill-shot shot9 ingredient4 right left dispenser4 (1)
pour-shot-to-used-shaker shot9 ingredient4 shaker1 right l1 l2 (1)
clean-shot shot9 ingredient4 right left (1)
grasp left shaker1 (1)
leave right shot9 (1)
shake cocktail67 ingredient4 ingredient1 shaker1 left right (1)
pour-shaker-to-shot cocktail67 shot20 left shaker1 l2 l1 (1)
empty-shaker left shaker1 cocktail67 l1 l0 (1)
clean-shaker left right shaker1 (1)
grasp right shot9 (1)
leave left shaker1 (1)
fill-shot shot9 ingredient2 right left dispenser2 (1)
pour-shot-to-clean-shaker shot9 ingredient2 shaker1 right l0 l1 (1)
clean-shot shot9 ingredient2 right left (1)
fill-shot shot9 ingredient4 right left dispenser4 (1)
pour-shot-to-used-shaker shot9 ingredient4 shaker1 right l1 l2 (1)
clean-shot shot9 ingredient4 right left (1)
grasp left shaker1 (1)
leave right shot9 (1)
shake cocktail39 ingredient2 ingredient4 shaker1 left right (1)
pour-shaker-to-shot cocktail39 shot23 left shaker1 l2 l1 (1)
empty-shaker left shaker1 cocktail39 l1 l0 (1)
clean-shaker left right shaker1 (1)
grasp right shot9 (1)
leave left shaker1 (1)
fill-shot shot9 ingredient1 right left dispenser1 (1)
pour-shot-to-clean-shaker shot9 ingredient1 shaker1 right l0 l1 (1)
clean-shot shot9 ingredient1 right left (1)
fill-shot shot9 ingredient4 right left dispenser4 (1)
pour-shot-to-used-shaker shot9 ingredient4 shaker1 right l1 l2 (1)
clean-shot shot9 ingredient4 right left (1)
grasp left shaker1 (1)
leave right shot9 (1)
shake cocktail48 ingredient1 ingredient4 shaker1 left right (1)
pour-shaker-to-shot cocktail48 shot24 left shaker1 l2 l1 (1)
empty-shaker left shaker1 cocktail48 l1 l0 (1)
clean-shaker left right shaker1 (1)
grasp right shot9 (1)
leave left shaker1 (1)
fill-shot shot9 ingredient2 right left dispenser2 (1)
pour-shot-to-clean-shaker shot9 ingredient2 shaker1 right l0 l1 (1)
clean-shot shot9 ingredient2 right left (1)
fill-shot shot9 ingredient4 right left dispenser4 (1)
pour-shot-to-used-shaker shot9 ingredient4 shaker1 right l1 l2 (1)
clean-shot shot9 ingredient4 right left (1)
grasp left shaker1 (1)
leave right shot9 (1)
shake cocktail74 ingredient2 ingredient4 shaker1 left right (1)
pour-shaker-to-shot cocktail74 shot25 left shaker1 l2 l1 (1)
empty-shaker left shaker1 cocktail74 l1 l0 (1)
clean-shaker left right shaker1 (1)
grasp right shot9 (1)
leave left shaker1 (1)
fill-shot shot9 ingredient1 right left dispenser1 (1)
pour-shot-to-clean-shaker shot9 ingredient1 shaker1 right l0 l1 (1)
clean-shot shot9 ingredient1 right left (1)
fill-shot shot9 ingredient2 right left dispenser2 (1)
pour-shot-to-used-shaker shot9 ingredient2 shaker1 right l1 l2 (1)
clean-shot shot9 ingredient2 right left (1)
grasp left shaker1 (1)
leave right shot9 (1)
shake cocktail57 ingredient2 ingredient1 shaker1 left right (1)
pour-shaker-to-shot cocktail57 shot29 left shaker1 l2 l1 (1)
empty-shaker left shaker1 cocktail57 l1 l0 (1)
clean-shaker left right shaker1 (1)
grasp right shot9 (1)
leave left shaker1 (1)
fill-shot shot9 ingredient1 right left dispenser1 (1)
pour-shot-to-clean-shaker shot9 ingredient1 shaker1 right l0 l1 (1)
clean-shot shot9 ingredient1 right left (1)
fill-shot shot9 ingredient4 right left dispenser4 (1)
pour-shot-to-used-shaker shot9 ingredient4 shaker1 right l1 l2 (1)
clean-shot shot9 ingredient4 right left (1)
grasp left shaker1 (1)
leave right shot9 (1)
shake cocktail9 ingredient1 ingredient4 shaker1 left right (1)
pour-shaker-to-shot cocktail9 shot3 left shaker1 l2 l1 (1)
empty-shaker left shaker1 cocktail9 l1 l0 (1)
clean-shaker left right shaker1 (1)
grasp right shot9 (1)
leave left shaker1 (1)
fill-shot shot9 ingredient1 right left dispenser1 (1)
pour-shot-to-clean-shaker shot9 ingredient1 shaker1 right l0 l1 (1)
clean-shot shot9 ingredient1 right left (1)
fill-shot shot9 ingredient2 right left dispenser2 (1)
pour-shot-to-used-shaker shot9 ingredient2 shaker1 right l1 l2 (1)
clean-shot shot9 ingredient2 right left (1)
grasp left shaker1 (1)
leave right shot9 (1)
shake cocktail36 ingredient2 ingredient1 shaker1 left right (1)
pour-shaker-to-shot cocktail36 shot32 left shaker1 l2 l1 (1)
empty-shaker left shaker1 cocktail36 l1 l0 (1)
clean-shaker left right shaker1 (1)
grasp right shot9 (1)
leave left shaker1 (1)
fill-shot shot9 ingredient1 right left dispenser1 (1)
pour-shot-to-clean-shaker shot9 ingredient1 shaker1 right l0 l1 (1)
clean-shot shot9 ingredient1 right left (1)
fill-shot shot9 ingredient4 right left dispenser4 (1)
pour-shot-to-used-shaker shot9 ingredient4 shaker1 right l1 l2 (1)
clean-shot shot9 ingredient4 right left (1)
grasp left shaker1 (1)
leave right shot9 (1)
shake cocktail28 ingredient1 ingredient4 shaker1 left right (1)
pour-shaker-to-shot cocktail28 shot33 left shaker1 l2 l1 (1)
empty-shaker left shaker1 cocktail28 l1 l0 (1)
clean-shaker left right shaker1 (1)
grasp right shot9 (1)
leave left shaker1 (1)
fill-shot shot9 ingredient2 right left dispenser2 (1)
pour-shot-to-clean-shaker shot9 ingredient2 shaker1 right l0 l1 (1)
clean-shot shot9 ingredient2 right left (1)
fill-shot shot9 ingredient4 right left dispenser4 (1)
pour-shot-to-used-shaker shot9 ingredient4 shaker1 right l1 l2 (1)
clean-shot shot9 ingredient4 right left (1)
grasp left shaker1 (1)
leave right shot9 (1)
shake cocktail33 ingredient4 ingredient2 shaker1 left right (1)
pour-shaker-to-shot cocktail33 shot34 left shaker1 l2 l1 (1)
empty-shaker left shaker1 cocktail33 l1 l0 (1)
clean-shaker left right shaker1 (1)
grasp right shot9 (1)
leave left shaker1 (1)
fill-shot shot9 ingredient2 right left dispenser2 (1)
pour-shot-to-clean-shaker shot9 ingredient2 shaker1 right l0 l1 (1)
clean-shot shot9 ingredient2 right left (1)
fill-shot shot9 ingredient4 right left dispenser4 (1)
pour-shot-to-used-shaker shot9 ingredient4 shaker1 right l1 l2 (1)
clean-shot shot9 ingredient4 right left (1)
grasp left shaker1 (1)
leave right shot9 (1)
shake cocktail2 ingredient4 ingredient2 shaker1 left right (1)
pour-shaker-to-shot cocktail2 shot36 left shaker1 l2 l1 (1)
empty-shaker left shaker1 cocktail2 l1 l0 (1)
clean-shaker left right shaker1 (1)
grasp right shot9 (1)
leave left shaker1 (1)
fill-shot shot9 ingredient1 right left dispenser1 (1)
pour-shot-to-clean-shaker shot9 ingredient1 shaker1 right l0 l1 (1)
clean-shot shot9 ingredient1 right left (1)
fill-shot shot9 ingredient2 right left dispenser2 (1)
pour-shot-to-used-shaker shot9 ingredient2 shaker1 right l1 l2 (1)
clean-shot shot9 ingredient2 right left (1)
grasp left shaker1 (1)
leave right shot9 (1)
shake cocktail73 ingredient1 ingredient2 shaker1 left right (1)
pour-shaker-to-shot cocktail73 shot38 left shaker1 l2 l1 (1)
empty-shaker left shaker1 cocktail73 l1 l0 (1)
clean-shaker left right shaker1 (1)
grasp right shot9 (1)
leave left shaker1 (1)
fill-shot shot9 ingredient2 right left dispenser2 (1)
pour-shot-to-clean-shaker shot9 ingredient2 shaker1 right l0 l1 (1)
clean-shot shot9 ingredient2 right left (1)
fill-shot shot9 ingredient4 right left dispenser4 (1)
pour-shot-to-used-shaker shot9 ingredient4 shaker1 right l1 l2 (1)
clean-shot shot9 ingredient4 right left (1)
grasp left shaker1 (1)
leave right shot9 (1)
shake cocktail78 ingredient2 ingredient4 shaker1 left right (1)
pour-shaker-to-shot cocktail78 shot44 left shaker1 l2 l1 (1)
empty-shaker left shaker1 cocktail78 l1 l0 (1)
clean-shaker left right shaker1 (1)
grasp right shot9 (1)
leave left shaker1 (1)
fill-shot shot9 ingredient2 right left dispenser2 (1)
pour-shot-to-clean-shaker shot9 ingredient2 shaker1 right l0 l1 (1)
clean-shot shot9 ingredient2 right left (1)
fill-shot shot9 ingredient4 right left dispenser4 (1)
pour-shot-to-used-shaker shot9 ingredient4 shaker1 right l1 l2 (1)
clean-shot shot9 ingredient4 right left (1)
grasp left shaker1 (1)
leave right shot9 (1)
shake cocktail66 ingredient4 ingredient2 shaker1 left right (1)
pour-shaker-to-shot cocktail66 shot46 left shaker1 l2 l1 (1)
empty-shaker left shaker1 cocktail66 l1 l0 (1)
clean-shaker left right shaker1 (1)
grasp right shot9 (1)
leave left shaker1 (1)
fill-shot shot9 ingredient2 right left dispenser2 (1)
pour-shot-to-clean-shaker shot9 ingredient2 shaker1 right l0 l1 (1)
clean-shot shot9 ingredient2 right left (1)
fill-shot shot9 ingredient4 right left dispenser4 (1)
pour-shot-to-used-shaker shot9 ingredient4 shaker1 right l1 l2 (1)
clean-shot shot9 ingredient4 right left (1)
grasp left shaker1 (1)
leave right shot9 (1)
shake cocktail35 ingredient2 ingredient4 shaker1 left right (1)
pour-shaker-to-shot cocktail35 shot49 left shaker1 l2 l1 (1)
empty-shaker left shaker1 cocktail35 l1 l0 (1)
clean-shaker left right shaker1 (1)
grasp right shot9 (1)
leave left shaker1 (1)
fill-shot shot9 ingredient2 right left dispenser2 (1)
pour-shot-to-clean-shaker shot9 ingredient2 shaker1 right l0 l1 (1)
clean-shot shot9 ingredient2 right left (1)
fill-shot shot9 ingredient4 right left dispenser4 (1)
pour-shot-to-used-shaker shot9 ingredient4 shaker1 right l1 l2 (1)
clean-shot shot9 ingredient4 right left (1)
grasp left shaker1 (1)
leave right shot9 (1)
shake cocktail76 ingredient2 ingredient4 shaker1 left right (1)
pour-shaker-to-shot cocktail76 shot5 left shaker1 l2 l1 (1)
empty-shaker left shaker1 cocktail76 l1 l0 (1)
clean-shaker left right shaker1 (1)
grasp right shot9 (1)
leave left shaker1 (1)
fill-shot shot9 ingredient2 right left dispenser2 (1)
pour-shot-to-clean-shaker shot9 ingredient2 shaker1 right l0 l1 (1)
clean-shot shot9 ingredient2 right left (1)
fill-shot shot9 ingredient4 right left dispenser4 (1)
pour-shot-to-used-shaker shot9 ingredient4 shaker1 right l1 l2 (1)
clean-shot shot9 ingredient4 right left (1)
grasp left shaker1 (1)
leave right shot9 (1)
shake cocktail51 ingredient2 ingredient4 shaker1 left right (1)
pour-shaker-to-shot cocktail51 shot52 left shaker1 l2 l1 (1)
empty-shaker left shaker1 cocktail51 l1 l0 (1)
clean-shaker left right shaker1 (1)
grasp right shot9 (1)
leave left shaker1 (1)
fill-shot shot9 ingredient1 right left dispenser1 (1)
pour-shot-to-clean-shaker shot9 ingredient1 shaker1 right l0 l1 (1)
clean-shot shot9 ingredient1 right left (1)
fill-shot shot9 ingredient4 right left dispenser4 (1)
pour-shot-to-used-shaker shot9 ingredient4 shaker1 right l1 l2 (1)
clean-shot shot9 ingredient4 right left (1)
grasp left shaker1 (1)
leave right shot9 (1)
shake cocktail10 ingredient4 ingredient1 shaker1 left right (1)
pour-shaker-to-shot cocktail10 shot54 left shaker1 l2 l1 (1)
empty-shaker left shaker1 cocktail10 l1 l0 (1)
clean-shaker left right shaker1 (1)
grasp right shot9 (1)
leave left shaker1 (1)
fill-shot shot9 ingredient1 right left dispenser1 (1)
pour-shot-to-clean-shaker shot9 ingredient1 shaker1 right l0 l1 (1)
clean-shot shot9 ingredient1 right left (1)
fill-shot shot9 ingredient4 right left dispenser4 (1)
pour-shot-to-used-shaker shot9 ingredient4 shaker1 right l1 l2 (1)
clean-shot shot9 ingredient4 right left (1)
grasp left shaker1 (1)
leave right shot9 (1)
shake cocktail77 ingredient1 ingredient4 shaker1 left right (1)
pour-shaker-to-shot cocktail77 shot58 left shaker1 l2 l1 (1)
empty-shaker left shaker1 cocktail77 l1 l0 (1)
clean-shaker left right shaker1 (1)
grasp right shot9 (1)
leave left shaker1 (1)
fill-shot shot9 ingredient1 right left dispenser1 (1)
pour-shot-to-clean-shaker shot9 ingredient1 shaker1 right l0 l1 (1)
clean-shot shot9 ingredient1 right left (1)
fill-shot shot9 ingredient4 right left dispenser4 (1)
pour-shot-to-used-shaker shot9 ingredient4 shaker1 right l1 l2 (1)
clean-shot shot9 ingredient4 right left (1)
grasp left shaker1 (1)
leave right shot9 (1)
shake cocktail61 ingredient1 ingredient4 shaker1 left right (1)
pour-shaker-to-shot cocktail61 shot59 left shaker1 l2 l1 (1)
empty-shaker left shaker1 cocktail61 l1 l0 (1)
clean-shaker left right shaker1 (1)
grasp right shot9 (1)
leave left shaker1 (1)
fill-shot shot9 ingredient1 right left dispenser1 (1)
pour-shot-to-clean-shaker shot9 ingredient1 shaker1 right l0 l1 (1)
clean-shot shot9 ingredient1 right left (1)
fill-shot shot9 ingredient4 right left dispenser4 (1)
pour-shot-to-used-shaker shot9 ingredient4 shaker1 right l1 l2 (1)
clean-shot shot9 ingredient4 right left (1)
grasp left shaker1 (1)
leave right shot9 (1)
shake cocktail44 ingredient4 ingredient1 shaker1 left right (1)
pour-shaker-to-shot cocktail44 shot6 left shaker1 l2 l1 (1)
empty-shaker left shaker1 cocktail44 l1 l0 (1)
clean-shaker left right shaker1 (1)
grasp right shot9 (1)
leave left shaker1 (1)
fill-shot shot9 ingredient1 right left dispenser1 (1)
pour-shot-to-clean-shaker shot9 ingredient1 shaker1 right l0 l1 (1)
clean-shot shot9 ingredient1 right left (1)
fill-shot shot9 ingredient4 right left dispenser4 (1)
pour-shot-to-used-shaker shot9 ingredient4 shaker1 right l1 l2 (1)
clean-shot shot9 ingredient4 right left (1)
grasp left shaker1 (1)
leave right shot9 (1)
shake cocktail22 ingredient1 ingredient4 shaker1 left right (1)
pour-shaker-to-shot cocktail22 shot61 left shaker1 l2 l1 (1)
empty-shaker left shaker1 cocktail22 l1 l0 (1)
clean-shaker left right shaker1 (1)
grasp right shot9 (1)
leave left shaker1 (1)
fill-shot shot9 ingredient2 right left dispenser2 (1)
pour-shot-to-clean-shaker shot9 ingredient2 shaker1 right l0 l1 (1)
clean-shot shot9 ingredient2 right left (1)
fill-shot shot9 ingredient4 right left dispenser4 (1)
pour-shot-to-used-shaker shot9 ingredient4 shaker1 right l1 l2 (1)
clean-shot shot9 ingredient4 right left (1)
grasp left shaker1 (1)
leave right shot9 (1)
shake cocktail4 ingredient2 ingredient4 shaker1 left right (1)
pour-shaker-to-shot cocktail4 shot62 left shaker1 l2 l1 (1)
empty-shaker left shaker1 cocktail4 l1 l0 (1)
clean-shaker left right shaker1 (1)
grasp right shot9 (1)
leave left shaker1 (1)
fill-shot shot9 ingredient1 right left dispenser1 (1)
pour-shot-to-clean-shaker shot9 ingredient1 shaker1 right l0 l1 (1)
clean-shot shot9 ingredient1 right left (1)
fill-shot shot9 ingredient2 right left dispenser2 (1)
pour-shot-to-used-shaker shot9 ingredient2 shaker1 right l1 l2 (1)
clean-shot shot9 ingredient2 right left (1)
grasp left shaker1 (1)
leave right shot9 (1)
shake cocktail17 ingredient2 ingredient1 shaker1 left right (1)
pour-shaker-to-shot cocktail17 shot63 left shaker1 l2 l1 (1)
empty-shaker left shaker1 cocktail17 l1 l0 (1)
clean-shaker left right shaker1 (1)
grasp right shot9 (1)
leave left shaker1 (1)
fill-shot shot9 ingredient2 right left dispenser2 (1)
pour-shot-to-clean-shaker shot9 ingredient2 shaker1 right l0 l1 (1)
clean-shot shot9 ingredient2 right left (1)
fill-shot shot9 ingredient4 right left dispenser4 (1)
pour-shot-to-used-shaker shot9 ingredient4 shaker1 right l1 l2 (1)
clean-shot shot9 ingredient4 right left (1)
grasp left shaker1 (1)
leave right shot9 (1)
shake cocktail23 ingredient4 ingredient2 shaker1 left right (1)
pour-shaker-to-shot cocktail23 shot67 left shaker1 l2 l1 (1)
empty-shaker left shaker1 cocktail23 l1 l0 (1)
clean-shaker left right shaker1 (1)
grasp right shot9 (1)
leave left shaker1 (1)
fill-shot shot9 ingredient1 right left dispenser1 (1)
pour-shot-to-clean-shaker shot9 ingredient1 shaker1 right l0 l1 (1)
clean-shot shot9 ingredient1 right left (1)
fill-shot shot9 ingredient2 right left dispenser2 (1)
pour-shot-to-used-shaker shot9 ingredient2 shaker1 right l1 l2 (1)
clean-shot shot9 ingredient2 right left (1)
grasp left shaker1 (1)
leave right shot9 (1)
shake cocktail43 ingredient2 ingredient1 shaker1 left right (1)
pour-shaker-to-shot cocktail43 shot68 left shaker1 l2 l1 (1)
empty-shaker left shaker1 cocktail43 l1 l0 (1)
clean-shaker left right shaker1 (1)
grasp right shot9 (1)
leave left shaker1 (1)
fill-shot shot9 ingredient2 right left dispenser2 (1)
pour-shot-to-clean-shaker shot9 ingredient2 shaker1 right l0 l1 (1)
clean-shot shot9 ingredient2 right left (1)
fill-shot shot9 ingredient4 right left dispenser4 (1)
pour-shot-to-used-shaker shot9 ingredient4 shaker1 right l1 l2 (1)
clean-shot shot9 ingredient4 right left (1)
grasp left shaker1 (1)
leave right shot9 (1)
shake cocktail38 ingredient4 ingredient2 shaker1 left right (1)
pour-shaker-to-shot cocktail38 shot7 left shaker1 l2 l1 (1)
empty-shaker left shaker1 cocktail38 l1 l0 (1)
clean-shaker left right shaker1 (1)
grasp right shot9 (1)
leave left shaker1 (1)
fill-shot shot9 ingredient1 right left dispenser1 (1)
pour-shot-to-clean-shaker shot9 ingredient1 shaker1 right l0 l1 (1)
clean-shot shot9 ingredient1 right left (1)
fill-shot shot9 ingredient4 right left dispenser4 (1)
pour-shot-to-used-shaker shot9 ingredient4 shaker1 right l1 l2 (1)
clean-shot shot9 ingredient4 right left (1)
grasp left shaker1 (1)
leave right shot9 (1)
shake cocktail53 ingredient1 ingredient4 shaker1 left right (1)
pour-shaker-to-shot cocktail53 shot70 left shaker1 l2 l1 (1)
empty-shaker left shaker1 cocktail53 l1 l0 (1)
clean-shaker left right shaker1 (1)
grasp right shot9 (1)
leave left shaker1 (1)
fill-shot shot9 ingredient1 right left dispenser1 (1)
pour-shot-to-clean-shaker shot9 ingredient1 shaker1 right l0 l1 (1)
clean-shot shot9 ingredient1 right left (1)
fill-shot shot9 ingredient4 right left dispenser4 (1)
pour-shot-to-used-shaker shot9 ingredient4 shaker1 right l1 l2 (1)
clean-shot shot9 ingredient4 right left (1)
grasp left shaker1 (1)
leave right shot9 (1)
shake cocktail8 ingredient1 ingredient4 shaker1 left right (1)
pour-shaker-to-shot cocktail8 shot71 left shaker1 l2 l1 (1)
empty-shaker left shaker1 cocktail8 l1 l0 (1)
clean-shaker left right shaker1 (1)
grasp right shot9 (1)
leave left shaker1 (1)
fill-shot shot9 ingredient2 right left dispenser2 (1)
pour-shot-to-clean-shaker shot9 ingredient2 shaker1 right l0 l1 (1)
clean-shot shot9 ingredient2 right left (1)
fill-shot shot9 ingredient4 right left dispenser4 (1)
pour-shot-to-used-shaker shot9 ingredient4 shaker1 right l1 l2 (1)
clean-shot shot9 ingredient4 right left (1)
grasp left shaker1 (1)
leave right shot9 (1)
shake cocktail27 ingredient2 ingredient4 shaker1 left right (1)
pour-shaker-to-shot cocktail27 shot75 left shaker1 l2 l1 (1)
empty-shaker left shaker1 cocktail27 l1 l0 (1)
clean-shaker left right shaker1 (1)
grasp right shot9 (1)
leave left shaker1 (1)
fill-shot shot9 ingredient2 right left dispenser2 (1)
pour-shot-to-clean-shaker shot9 ingredient2 shaker1 right l0 l1 (1)
clean-shot shot9 ingredient2 right left (1)
fill-shot shot9 ingredient4 right left dispenser4 (1)
pour-shot-to-used-shaker shot9 ingredient4 shaker1 right l1 l2 (1)
clean-shot shot9 ingredient4 right left (1)
grasp left shaker1 (1)
leave right shot9 (1)
shake cocktail21 ingredient2 ingredient4 shaker1 left right (1)
pour-shaker-to-shot cocktail21 shot76 left shaker1 l2 l1 (1)
empty-shaker left shaker1 cocktail21 l1 l0 (1)
clean-shaker left right shaker1 (1)
grasp right shot9 (1)
leave left shaker1 (1)
fill-shot shot9 ingredient2 right left dispenser2 (1)
pour-shot-to-clean-shaker shot9 ingredient2 shaker1 right l0 l1 (1)
clean-shot shot9 ingredient2 right left (1)
fill-shot shot9 ingredient4 right left dispenser4 (1)
pour-shot-to-used-shaker shot9 ingredient4 shaker1 right l1 l2 (1)
clean-shot shot9 ingredient4 right left (1)
grasp left shaker1 (1)
leave right shot9 (1)
shake cocktail14 ingredient4 ingredient2 shaker1 left right (1)
pour-shaker-to-shot cocktail14 shot77 left shaker1 l2 l1 (1)
empty-shaker left shaker1 cocktail14 l1 l0 (1)
clean-shaker left right shaker1 (1)
grasp right shot9 (1)
leave left shaker1 (1)
fill-shot shot9 ingredient2 right left dispenser2 (1)
pour-shot-to-clean-shaker shot9 ingredient2 shaker1 right l0 l1 (1)
clean-shot shot9 ingredient2 right left (1)
fill-shot shot9 ingredient4 right left dispenser4 (1)
pour-shot-to-used-shaker shot9 ingredient4 shaker1 right l1 l2 (1)
clean-shot shot9 ingredient4 right left (1)
grasp left shaker1 (1)
leave right shot9 (1)
shake cocktail72 ingredient2 ingredient4 shaker1 left right (1)
pour-shaker-to-shot cocktail72 shot79 left shaker1 l2 l1 (1)
empty-shaker left shaker1 cocktail72 l1 l0 (1)
clean-shaker left right shaker1 (1)
grasp right shot9 (1)
leave left shaker1 (1)
fill-shot shot9 ingredient2 right left dispenser2 (1)
pour-shot-to-clean-shaker shot9 ingredient2 shaker1 right l0 l1 (1)
clean-shot shot9 ingredient2 right left (1)
fill-shot shot9 ingredient4 right left dispenser4 (1)
pour-shot-to-used-shaker shot9 ingredient4 shaker1 right l1 l2 (1)
clean-shot shot9 ingredient4 right left (1)
leave right shot9 (1)
grasp right shaker1 (1)
shake cocktail62 ingredient2 ingredient4 shaker1 right left (1)
pour-shaker-to-shot cocktail62 shot81 right shaker1 l2 l1 (1)
grasp left shot9 (1)
leave right shaker1 (1)
fill-shot shot9 ingredient2 left right dispenser2 (1)
grasp right shaker1 (1)
leave left shot9 (1)
empty-shaker right shaker1 cocktail62 l1 l0 (1)
clean-shaker right left shaker1 (1)
grasp left shot9 (1)
pour-shot-to-clean-shaker shot9 ingredient2 shaker1 left l0 l1 (1)
leave right shaker1 (1)
clean-shot shot9 ingredient2 left right (1)
fill-shot shot9 ingredient4 left right dispenser4 (1)
pour-shot-to-used-shaker shot9 ingredient4 shaker1 left l1 l2 (1)
grasp right shaker1 (1)
leave left shot9 (1)
shake cocktail37 ingredient2 ingredient4 shaker1 right left (1)
grasp left shot9 (1)
leave right shaker1 (1)
clean-shot shot9 ingredient4 left right (1)
grasp right shaker1 (1)
pour-shaker-to-shot cocktail37 shot9 right shaker1 l2 l1 (1)
Plan length: 1142 step(s).
Plan cost: 1142
Initial state h value: 170/172.
Expanded 207629 state(s).
Reopened 0 state(s).
Evaluated 207630 state(s).
Evaluations: 415260
Generated 15601946 state(s).
Dead ends: 0 state(s).
Best solution cost so far: 1142
Solution found - keep searching
Starting search: lazy_wastar(list(hff, hlm), preferred = list(hff, hlm), w = 5)
Conducting lazy best first search, (real) bound = 1142
Best heuristic value: 170/172 [g=0, 1 evaluated, 0 expanded, t=8809.25s]
Best heuristic value: 169/172 [g=1, 2 evaluated, 1 expanded, t=8809.3s]
Best heuristic value: 167/171 [g=6, 25 evaluated, 24 expanded, t=8810.41s]
