Parsing... [0.010s CPU, 0.012s wall-clock]
Normalizing task... [0.000s CPU, 0.001s wall-clock]
Instantiating...
Generating Datalog program... [0.010s CPU, 0.005s wall-clock]
Normalizing Datalog program...
Normalizing Datalog program: [0.010s CPU, 0.010s wall-clock]
Preparing model... [0.020s CPU, 0.014s wall-clock]
Generated 115 rules.
Computing model... [3.080s CPU, 3.089s wall-clock]
57508 relevant atoms
63649 auxiliary atoms
121157 final queue length
198917 total queue pushes
Completing instantiation... [7.300s CPU, 7.301s wall-clock]
Instantiating: [10.510s CPU, 10.506s wall-clock]
Computing fact groups...
Finding invariants...
24 initial candidates
Finding invariants: [0.090s CPU, 0.084s wall-clock]
Checking invariant weight... [0.000s CPU, 0.002s wall-clock]
Instantiating groups... [0.030s CPU, 0.035s wall-clock]
Collecting mutex groups... [0.010s CPU, 0.007s wall-clock]
Choosing groups...
7542 uncovered facts
Choosing groups: [0.010s CPU, 0.006s wall-clock]
Building translation key... [0.050s CPU, 0.053s wall-clock]
Computing fact groups: [0.360s CPU, 0.359s wall-clock]
Building STRIPS to SAS dictionary... [0.020s CPU, 0.022s wall-clock]
Building dictionary for full mutex groups... [0.020s CPU, 0.022s wall-clock]
Building mutex information...
Building mutex information: [0.030s CPU, 0.023s wall-clock]
Translating task...
Processing axioms...
Simplifying axioms... [0.000s CPU, 0.000s wall-clock]
Processing axioms: [0.440s CPU, 0.440s wall-clock]
Translating task: [6.060s CPU, 6.068s wall-clock]
162 implied effects removed
0 effect conditions simplified
0 implied preconditions added
Detecting unreachable propositions...
0 operators removed
3 propositions removed
Detecting unreachable propositions: [1.120s CPU, 1.121s wall-clock]
Translator variables: 7545
Translator derived variables: 0
Translator facts: 15253
Translator mutex groups: 85
Translator total mutex groups size: 415
Translator operators: 46824
Translator task size: 445980
Translator peak memory: 402344 KB
Writing output... [1.760s CPU, 1.752s wall-clock]
Done! [20.410s CPU, 20.403s wall-clock]
