Dispatcher selected state size 1.
This is a unit task.
Simplifying transitions... done!
Initializing Exploration...
Generating landmarks using the RPG/SAS+ approach
approx. reasonable orders
approx. obedient reasonable orders
Removed 0 reasonable or obedient reasonable orders
Landmarks generation time: 62.0614s
Discovered 594 landmarks, of which 2 are disjunctive and 0 are conjunctive 
1552 edges
Initializing LAMA-FF Synergy Object
Initializing landmarks count heuristic...
394 initial landmarks, 96 goal landmarks
Starting search: lazy_greedy(list(hff, hlm), preferred = list(hff, hlm))
Conducting lazy best first search, (real) bound = 2147483647
Best heuristic value: 200/202 [g=0, 1 evaluated, 0 expanded, t=71.01s]
Best heuristic value: 199/202 [g=1, 2 evaluated, 1 expanded, t=71.09s]
Best heuristic value: 197/201 [g=6, 25 evaluated, 24 expanded, t=72.72s]
Best heuristic value: 197/200 [g=8, 30 evaluated, 29 expanded, t=73.08s]
Best heuristic value: 196/200 [g=9, 31 evaluated, 30 expanded, t=73.15s]
Best heuristic value: 196/199 [g=11, 57 evaluated, 56 expanded, t=75.03s]
Best heuristic value: 195/199 [g=12, 59 evaluated, 58 expanded, t=75.17s]
Best heuristic value: 195/198 [g=22, 4473 evaluated, 4472 expanded, t=389.42s]
Best heuristic value: 194/198 [g=23, 4475 evaluated, 4474 expanded, t=389.56s]
Best heuristic value: 194/197 [g=25, 4505 evaluated, 4504 expanded, t=391.73s]
Best heuristic value: 193/197 [g=26, 4507 evaluated, 4506 expanded, t=391.87s]
