Parsing... [0.010s CPU, 0.010s wall-clock]
Normalizing task... [0.010s CPU, 0.001s wall-clock]
Instantiating...
Generating Datalog program... [0.000s CPU, 0.005s wall-clock]
Normalizing Datalog program...
Normalizing Datalog program: [0.010s CPU, 0.010s wall-clock]
Preparing model... [0.010s CPU, 0.012s wall-clock]
Generated 115 rules.
Computing model... [2.500s CPU, 2.508s wall-clock]
39943 relevant atoms
43969 auxiliary atoms
83912 final queue length
138362 total queue pushes
Completing instantiation... [10.170s CPU, 10.180s wall-clock]
Instantiating: [12.940s CPU, 12.959s wall-clock]
Computing fact groups...
Finding invariants...
24 initial candidates
Finding invariants: [0.080s CPU, 0.082s wall-clock]
Checking invariant weight... [0.000s CPU, 0.002s wall-clock]
Instantiating groups... [0.030s CPU, 0.024s wall-clock]
Collecting mutex groups... [0.010s CPU, 0.011s wall-clock]
Choosing groups...
5157 uncovered facts
Choosing groups: [0.010s CPU, 0.006s wall-clock]
Building translation key... [0.030s CPU, 0.036s wall-clock]
Computing fact groups: [0.280s CPU, 0.280s wall-clock]
Building STRIPS to SAS dictionary... [0.020s CPU, 0.015s wall-clock]
Building dictionary for full mutex groups... [0.020s CPU, 0.016s wall-clock]
Building mutex information...
Building mutex information: [1.810s CPU, 1.812s wall-clock]
Translating task...
Processing axioms...
Simplifying axioms... [0.000s CPU, 0.000s wall-clock]
Processing axioms: [0.730s CPU, 0.738s wall-clock]
Translating task: [6.110s CPU, 6.125s wall-clock]
132 implied effects removed
0 effect conditions simplified
0 implied preconditions added
Detecting unreachable propositions...
0 operators removed
3 propositions removed
Detecting unreachable propositions: [0.830s CPU, 0.838s wall-clock]
Translator variables: 5160
Translator derived variables: 0
Translator facts: 10453
Translator mutex groups: 70
Translator total mutex groups size: 340
Translator operators: 32214
Translator task size: 306975
Translator peak memory: 288676 KB
Writing output... [2.940s CPU, 2.932s wall-clock]
Done! [26.390s CPU, 26.393s wall-clock]
