Parsing... [0.010s CPU, 0.011s wall-clock]
Normalizing task... [0.000s CPU, 0.001s wall-clock]
Instantiating...
Generating Datalog program... [0.000s CPU, 0.005s wall-clock]
Normalizing Datalog program...
Normalizing Datalog program: [0.010s CPU, 0.010s wall-clock]
Preparing model... [0.010s CPU, 0.013s wall-clock]
Generated 115 rules.
Computing model... [3.700s CPU, 3.697s wall-clock]
51303 relevant atoms
56689 auxiliary atoms
107992 final queue length
177532 total queue pushes
Completing instantiation... [14.190s CPU, 14.204s wall-clock]
Instantiating: [18.300s CPU, 18.298s wall-clock]
Computing fact groups...
Finding invariants...
24 initial candidates
Finding invariants: [0.110s CPU, 0.113s wall-clock]
Checking invariant weight... [0.000s CPU, 0.002s wall-clock]
Instantiating groups... [0.040s CPU, 0.033s wall-clock]
Collecting mutex groups... [0.010s CPU, 0.010s wall-clock]
Choosing groups...
6697 uncovered facts
Choosing groups: [0.010s CPU, 0.009s wall-clock]
Building translation key... [0.060s CPU, 0.055s wall-clock]
Computing fact groups: [2.820s CPU, 2.818s wall-clock]
Building STRIPS to SAS dictionary... [0.020s CPU, 0.024s wall-clock]
Building dictionary for full mutex groups... [0.030s CPU, 0.028s wall-clock]
Building mutex information...
Building mutex information: [0.030s CPU, 0.031s wall-clock]
Translating task...
Processing axioms...
Simplifying axioms... [0.000s CPU, 0.000s wall-clock]
Processing axioms: [1.100s CPU, 1.109s wall-clock]
Translating task: [8.130s CPU, 8.131s wall-clock]
152 implied effects removed
0 effect conditions simplified
0 implied preconditions added
Detecting unreachable propositions...
0 operators removed
3 propositions removed
Detecting unreachable propositions: [5.150s CPU, 5.159s wall-clock]
Translator variables: 6700
Translator derived variables: 0
Translator facts: 13553
Translator mutex groups: 80
Translator total mutex groups size: 390
Translator operators: 41654
Translator task size: 396795
Translator peak memory: 362368 KB
Writing output... [2.070s CPU, 2.067s wall-clock]
Done! [38.410s CPU, 38.417s wall-clock]
