Parsing... [0.010s CPU, 0.021s wall-clock]
Normalizing task... [0.000s CPU, 0.001s wall-clock]
Instantiating...
Generating Datalog program... [0.020s CPU, 0.010s wall-clock]
Normalizing Datalog program...
Normalizing Datalog program: [0.010s CPU, 0.010s wall-clock]
Preparing model... [0.030s CPU, 0.028s wall-clock]
Generated 115 rules.
Computing model... [19.040s CPU, 19.047s wall-clock]
325844 relevant atoms
366293 auxiliary atoms
692137 final queue length
1122413 total queue pushes
Completing instantiation... [43.580s CPU, 43.579s wall-clock]
Instantiating: [63.170s CPU, 63.178s wall-clock]
Computing fact groups...
Finding invariants...
24 initial candidates
Finding invariants: [0.600s CPU, 0.606s wall-clock]
Checking invariant weight... [0.010s CPU, 0.005s wall-clock]
Instantiating groups... [0.250s CPU, 0.254s wall-clock]
Collecting mutex groups... [0.060s CPU, 0.057s wall-clock]
Choosing groups...
44692 uncovered facts
Choosing groups: [0.060s CPU, 0.056s wall-clock]
Building translation key... [0.350s CPU, 0.348s wall-clock]
Computing fact groups: [2.780s CPU, 2.763s wall-clock]
Building STRIPS to SAS dictionary... [0.150s CPU, 0.158s wall-clock]
Building dictionary for full mutex groups... [0.140s CPU, 0.141s wall-clock]
Building mutex information...
Building mutex information: [0.150s CPU, 0.152s wall-clock]
Translating task...
Processing axioms...
Simplifying axioms... [0.000s CPU, 0.000s wall-clock]
Processing axioms: [2.540s CPU, 2.542s wall-clock]
Translating task: [36.380s CPU, 36.383s wall-clock]
360 implied effects removed
0 effect conditions simplified
0 implied preconditions added
Detecting unreachable propositions...
0 operators removed
3 propositions removed
Detecting unreachable propositions: [6.570s CPU, 6.568s wall-clock]
Translator variables: 44695
Translator derived variables: 0
Translator facts: 89857
Translator mutex groups: 237
Translator total mutex groups size: 1175
Translator operators: 272658
Translator task size: 2593477
Translator peak memory: 2062304 KB
Writing output... [10.200s CPU, 10.200s wall-clock]
Done! [122.560s CPU, 122.582s wall-clock]
