Parsing... [0.010s CPU, 0.010s wall-clock]
Normalizing task... [0.000s CPU, 0.001s wall-clock]
Instantiating...
Generating Datalog program... [0.010s CPU, 0.003s wall-clock]
Normalizing Datalog program...
Normalizing Datalog program: [0.010s CPU, 0.011s wall-clock]
Preparing model... [0.010s CPU, 0.011s wall-clock]
Generated 115 rules.
Computing model... [1.730s CPU, 1.728s wall-clock]
34788 relevant atoms
38209 auxiliary atoms
72997 final queue length
120577 total queue pushes
Completing instantiation... [4.250s CPU, 4.254s wall-clock]
Instantiating: [6.060s CPU, 6.059s wall-clock]
Computing fact groups...
Finding invariants...
24 initial candidates
Finding invariants: [0.070s CPU, 0.066s wall-clock]
Checking invariant weight... [0.000s CPU, 0.001s wall-clock]
Instantiating groups... [0.020s CPU, 0.022s wall-clock]
Collecting mutex groups... [0.350s CPU, 0.349s wall-clock]
Choosing groups...
4462 uncovered facts
Choosing groups: [0.010s CPU, 0.004s wall-clock]
Building translation key... [0.030s CPU, 0.031s wall-clock]
Computing fact groups: [0.570s CPU, 0.572s wall-clock]
Building STRIPS to SAS dictionary... [0.010s CPU, 0.012s wall-clock]
Building dictionary for full mutex groups... [0.020s CPU, 0.012s wall-clock]
Building mutex information...
Building mutex information: [0.000s CPU, 0.011s wall-clock]
Translating task...
Processing axioms...
Simplifying axioms... [0.000s CPU, 0.000s wall-clock]
Processing axioms: [0.270s CPU, 0.268s wall-clock]
Translating task: [3.260s CPU, 3.246s wall-clock]
122 implied effects removed
0 effect conditions simplified
0 implied preconditions added
Detecting unreachable propositions...
0 operators removed
3 propositions removed
Detecting unreachable propositions: [1.220s CPU, 1.225s wall-clock]
Translator variables: 4465
Translator derived variables: 0
Translator facts: 9053
Translator mutex groups: 65
Translator total mutex groups size: 315
Translator operators: 27944
Translator task size: 266340
Translator peak memory: 256276 KB
Writing output... [0.720s CPU, 0.716s wall-clock]
Done! [12.170s CPU, 12.166s wall-clock]
