Parsing... [0.010s CPU, 0.011s wall-clock]
Normalizing task... [0.000s CPU, 0.001s wall-clock]
Instantiating...
Generating Datalog program... [0.010s CPU, 0.004s wall-clock]
Normalizing Datalog program...
Normalizing Datalog program: [0.000s CPU, 0.010s wall-clock]
Preparing model... [0.020s CPU, 0.013s wall-clock]
Generated 115 rules.
Computing model... [2.380s CPU, 2.387s wall-clock]
45448 relevant atoms
50129 auxiliary atoms
95577 final queue length
157347 total queue pushes
Completing instantiation... [5.880s CPU, 5.875s wall-clock]
Instantiating: [8.350s CPU, 8.359s wall-clock]
Computing fact groups...
Finding invariants...
24 initial candidates
Finding invariants: [0.070s CPU, 0.074s wall-clock]
Checking invariant weight... [0.000s CPU, 0.001s wall-clock]
Instantiating groups... [0.030s CPU, 0.028s wall-clock]
Collecting mutex groups... [0.000s CPU, 0.006s wall-clock]
Choosing groups...
5902 uncovered facts
Choosing groups: [0.010s CPU, 0.005s wall-clock]
Building translation key... [0.040s CPU, 0.040s wall-clock]
Computing fact groups: [0.290s CPU, 0.286s wall-clock]
Building STRIPS to SAS dictionary... [0.020s CPU, 0.017s wall-clock]
Building dictionary for full mutex groups... [0.020s CPU, 0.017s wall-clock]
Building mutex information...
Building mutex information: [0.010s CPU, 0.017s wall-clock]
Translating task...
Processing axioms...
Simplifying axioms... [0.000s CPU, 0.000s wall-clock]
Processing axioms: [0.350s CPU, 0.347s wall-clock]
Translating task: [4.820s CPU, 4.823s wall-clock]
142 implied effects removed
0 effect conditions simplified
0 implied preconditions added
Detecting unreachable propositions...
0 operators removed
3 propositions removed
Detecting unreachable propositions: [0.840s CPU, 0.836s wall-clock]
Translator variables: 5905
Translator derived variables: 0
Translator facts: 11953
Translator mutex groups: 75
Translator total mutex groups size: 365
Translator operators: 36784
Translator task size: 350460
Translator peak memory: 326912 KB
Writing output... [0.950s CPU, 0.951s wall-clock]
Done! [15.710s CPU, 15.719s wall-clock]
