Parsing... [0.010s CPU, 0.016s wall-clock]
Normalizing task... [0.000s CPU, 0.002s wall-clock]
Instantiating...
Generating Datalog program... [0.000s CPU, 0.002s wall-clock]
Normalizing Datalog program...
Normalizing Datalog program: [0.010s CPU, 0.017s wall-clock]
Preparing model... [0.020s CPU, 0.011s wall-clock]
Generated 198 rules.
Computing model... [0.620s CPU, 0.621s wall-clock]
6637 relevant atoms
11144 auxiliary atoms
17781 final queue length
42235 total queue pushes
Completing instantiation... [2.000s CPU, 1.994s wall-clock]
Instantiating: [2.710s CPU, 2.706s wall-clock]
Computing fact groups...
Finding invariants...
24 initial candidates
Finding invariants: [0.050s CPU, 0.046s wall-clock]
Checking invariant weight... [0.000s CPU, 0.002s wall-clock]
Instantiating groups... [0.020s CPU, 0.027s wall-clock]
Collecting mutex groups... [0.000s CPU, 0.001s wall-clock]
Choosing groups...
167 uncovered facts
Choosing groups: [0.000s CPU, 0.003s wall-clock]
Building translation key... [0.000s CPU, 0.002s wall-clock]
Computing fact groups: [0.090s CPU, 0.089s wall-clock]
Building STRIPS to SAS dictionary... [0.000s CPU, 0.001s wall-clock]
Building dictionary for full mutex groups... [0.000s CPU, 0.001s wall-clock]
Building mutex information...
Building mutex information: [0.000s CPU, 0.002s wall-clock]
Translating task...
Processing axioms...
Simplifying axioms... [0.000s CPU, 0.000s wall-clock]
Processing axioms: [0.180s CPU, 0.179s wall-clock]
Translating task: [1.430s CPU, 1.436s wall-clock]
2043 implied effects removed
384 effect conditions simplified
0 implied preconditions added
Detecting unreachable propositions...
48 operators removed
97 propositions removed
Detecting unreachable propositions: [0.160s CPU, 0.155s wall-clock]
Translator variables: 234
Translator derived variables: 0
Translator facts: 770
Translator mutex groups: 113
Translator total mutex groups size: 528
Translator operators: 5664
Translator task size: 51486
Translator peak memory: 94668 KB
Writing output... [0.140s CPU, 0.137s wall-clock]
Done! [4.860s CPU, 4.872s wall-clock]
