Dispatcher selected state size 1.
This is a nonunit task.
Simplifying transitions... done!
Initializing Exploration...
Generating landmarks using the RPG/SAS+ approach
approx. reasonable orders
approx. obedient reasonable orders
Removed 0 reasonable or obedient reasonable orders
Landmarks generation time: 2.57418s
Discovered 216 landmarks, of which 8 are disjunctive and 0 are conjunctive 
298 edges
Initializing LAMA-FF Synergy Object
Initializing landmarks count heuristic...
94 initial landmarks, 85 goal landmarks
Initializing Exploration...
Generating landmarks using the RPG/SAS+ approach
approx. reasonable orders
approx. obedient reasonable orders
Removed 0 reasonable or obedient reasonable orders
Landmarks generation time: 2.65438s
Discovered 216 landmarks, of which 8 are disjunctive and 0 are conjunctive 
298 edges
Initializing LAMA-FF Synergy Object
Initializing landmarks count heuristic...
94 initial landmarks, 85 goal landmarks
Starting search: lazy_greedy(list(hff1, hlm1), preferred = list(hff1, hlm1), cost_type = 1, reopen_closed = false)
Conducting lazy best first search, (real) bound = 2147483647
Best heuristic value: 122/91 [g=0, 1 evaluated, 0 expanded, t=5.65s]
Best heuristic value: 120/90 [g=1, 2 evaluated, 1 expanded, t=5.66s]
Best heuristic value: 118/88 [g=2, 3 evaluated, 2 expanded, t=5.66s]
Best heuristic value: 117/87 [g=3, 4 evaluated, 3 expanded, t=5.66s]
Best heuristic value: 116/86 [g=4, 5 evaluated, 4 expanded, t=5.67s]
Best heuristic value: 113/84 [g=5, 6 evaluated, 5 expanded, t=5.67s]
Best heuristic value: 110/82 [g=6, 7 evaluated, 6 expanded, t=5.67s]
Best heuristic value: 107/80 [g=7, 8 evaluated, 7 expanded, t=5.67s]
Best heuristic value: 103/77 [g=8, 9 evaluated, 8 expanded, t=5.68s]
Best heuristic value: 100/75 [g=9, 10 evaluated, 9 expanded, t=5.68s]
Best heuristic value: 96/72 [g=10, 11 evaluated, 10 expanded, t=5.68s]
Best heuristic value: 92/70 [g=11, 12 evaluated, 11 expanded, t=5.69s]
Best heuristic value: 88/67 [g=12, 13 evaluated, 12 expanded, t=5.69s]
Best heuristic value: 84/65 [g=13, 14 evaluated, 13 expanded, t=5.69s]
Best heuristic value: 81/64 [g=14, 15 evaluated, 14 expanded, t=5.69s]
Best heuristic value: 78/62 [g=15, 16 evaluated, 15 expanded, t=5.69s]
Best heuristic value: 75/61 [g=16, 17 evaluated, 16 expanded, t=5.7s]
Best heuristic value: 72/60 [g=17, 18 evaluated, 17 expanded, t=5.7s]
Best heuristic value: 68/57 [g=18, 19 evaluated, 18 expanded, t=5.7s]
Best heuristic value: 65/56 [g=19, 20 evaluated, 19 expanded, t=5.71s]
Best heuristic value: 62/54 [g=20, 21 evaluated, 20 expanded, t=5.71s]
Best heuristic value: 62/53 [g=21, 22 evaluated, 21 expanded, t=5.72s]
Best heuristic value: 61/53 [g=22, 23 evaluated, 22 expanded, t=5.72s]
Best heuristic value: 61/52 [g=22, 25 evaluated, 24 expanded, t=5.72s]
Best heuristic value: 60/52 [g=23, 26 evaluated, 25 expanded, t=5.72s]
Best heuristic value: 60/51 [g=23, 30 evaluated, 29 expanded, t=5.74s]
Best heuristic value: 59/51 [g=24, 31 evaluated, 30 expanded, t=5.74s]
Best heuristic value: 59/50 [g=24, 38 evaluated, 37 expanded, t=5.76s]
Best heuristic value: 58/50 [g=25, 41 evaluated, 40 expanded, t=5.76s]
Best heuristic value: 58/49 [g=25, 46 evaluated, 45 expanded, t=5.78s]
Best heuristic value: 57/49 [g=26, 53 evaluated, 52 expanded, t=5.8s]
Best heuristic value: 57/48 [g=26, 56 evaluated, 55 expanded, t=5.8s]
Best heuristic value: 56/48 [g=27, 65 evaluated, 64 expanded, t=5.83s]
Best heuristic value: 56/46 [g=27, 66 evaluated, 65 expanded, t=5.83s]
Best heuristic value: 55/46 [g=28, 68 evaluated, 67 expanded, t=5.84s]
Best heuristic value: 54/46 [g=29, 71 evaluated, 70 expanded, t=5.85s]
Best heuristic value: 53/46 [g=30, 74 evaluated, 73 expanded, t=5.86s]
Best heuristic value: 53/45 [g=28, 77 evaluated, 76 expanded, t=5.86s]
Best heuristic value: 52/45 [g=31, 80 evaluated, 79 expanded, t=5.87s]
Best heuristic value: 51/45 [g=32, 85 evaluated, 84 expanded, t=5.89s]
Best heuristic value: 51/44 [g=29, 90 evaluated, 89 expanded, t=5.9s]
Best heuristic value: 50/44 [g=33, 93 evaluated, 92 expanded, t=5.91s]
Best heuristic value: 50/43 [g=30, 105 evaluated, 104 expanded, t=5.94s]
Best heuristic value: 49/43 [g=34, 106 evaluated, 105 expanded, t=5.95s]
Best heuristic value: 49/42 [g=31, 121 evaluated, 120 expanded, t=5.99s]
Best heuristic value: 48/42 [g=35, 122 evaluated, 121 expanded, t=5.99s]
Best heuristic value: 48/41 [g=32, 137 evaluated, 136 expanded, t=6.03s]
Best heuristic value: 47/41 [g=36, 140 evaluated, 139 expanded, t=6.04s]
Best heuristic value: 47/40 [g=33, 153 evaluated, 152 expanded, t=6.08s]
Best heuristic value: 46/40 [g=37, 158 evaluated, 157 expanded, t=6.09s]
Best heuristic value: 46/39 [g=34, 169 evaluated, 168 expanded, t=6.12s]
Best heuristic value: 45/39 [g=38, 176 evaluated, 175 expanded, t=6.14s]
Best heuristic value: 45/38 [g=35, 185 evaluated, 184 expanded, t=6.16s]
Best heuristic value: 44/38 [g=39, 194 evaluated, 193 expanded, t=6.19s]
Best heuristic value: 44/37 [g=36, 201 evaluated, 200 expanded, t=6.21s]
Best heuristic value: 43/37 [g=40, 212 evaluated, 211 expanded, t=6.24s]
Best heuristic value: 43/36 [g=37, 217 evaluated, 216 expanded, t=6.25s]
Best heuristic value: 42/36 [g=41, 230 evaluated, 229 expanded, t=6.28s]
Best heuristic value: 42/35 [g=38, 233 evaluated, 232 expanded, t=6.29s]
Best heuristic value: 41/35 [g=42, 248 evaluated, 247 expanded, t=6.33s]
Best heuristic value: 41/34 [g=39, 249 evaluated, 248 expanded, t=6.34s]
Best heuristic value: 41/33 [g=40, 265 evaluated, 264 expanded, t=6.38s]
Best heuristic value: 40/33 [g=43, 266 evaluated, 265 expanded, t=6.38s]
Best heuristic value: 40/32 [g=41, 281 evaluated, 280 expanded, t=6.42s]
Best heuristic value: 39/32 [g=44, 284 evaluated, 283 expanded, t=6.43s]
Best heuristic value: 39/31 [g=42, 297 evaluated, 296 expanded, t=6.46s]
Best heuristic value: 37/31 [g=45, 302 evaluated, 301 expanded, t=6.47s]
Best heuristic value: 37/30 [g=43, 313 evaluated, 312 expanded, t=6.5s]
Best heuristic value: 36/30 [g=46, 320 evaluated, 319 expanded, t=6.52s]
Best heuristic value: 36/29 [g=44, 329 evaluated, 328 expanded, t=6.54s]
Best heuristic value: 35/29 [g=47, 338 evaluated, 337 expanded, t=6.57s]
Best heuristic value: 35/27 [g=45, 345 evaluated, 344 expanded, t=6.59s]
Best heuristic value: 34/27 [g=48, 356 evaluated, 355 expanded, t=6.62s]
Best heuristic value: 34/26 [g=46, 361 evaluated, 360 expanded, t=6.63s]
Best heuristic value: 33/26 [g=47, 363 evaluated, 362 expanded, t=6.63s]
Best heuristic value: 32/26 [g=48, 366 evaluated, 365 expanded, t=6.64s]
Best heuristic value: 31/26 [g=49, 369 evaluated, 368 expanded, t=6.65s]
Best heuristic value: 30/26 [g=50, 375 evaluated, 374 expanded, t=6.66s]
Best heuristic value: 30/25 [g=47, 378 evaluated, 377 expanded, t=6.67s]
Best heuristic value: 29/25 [g=51, 380 evaluated, 379 expanded, t=6.68s]
Best heuristic value: 28/25 [g=52, 388 evaluated, 387 expanded, t=6.69s]
Best heuristic value: 28/24 [g=48, 396 evaluated, 395 expanded, t=6.71s]
Best heuristic value: 27/24 [g=53, 399 evaluated, 398 expanded, t=6.72s]
Best heuristic value: 26/24 [g=54, 413 evaluated, 412 expanded, t=6.74s]
Best heuristic value: 26/23 [g=49, 416 evaluated, 415 expanded, t=6.75s]
Best heuristic value: 25/23 [g=55, 433 evaluated, 432 expanded, t=6.78s]
Best heuristic value: 25/22 [g=50, 438 evaluated, 437 expanded, t=6.79s]
Best heuristic value: 23/22 [g=56, 453 evaluated, 452 expanded, t=6.82s]
Best heuristic value: 23/21 [g=51, 460 evaluated, 459 expanded, t=6.83s]
Best heuristic value: 21/21 [g=57, 471 evaluated, 470 expanded, t=6.85s]
Best heuristic value: 21/20 [g=52, 482 evaluated, 481 expanded, t=6.87s]
Best heuristic value: 20/20 [g=58, 489 evaluated, 488 expanded, t=6.88s]
Best heuristic value: 20/19 [g=53, 504 evaluated, 503 expanded, t=6.91s]
Best heuristic value: 18/19 [g=59, 509 evaluated, 508 expanded, t=6.92s]
Best heuristic value: 18/18 [g=54, 526 evaluated, 525 expanded, t=6.95s]
Best heuristic value: 17/18 [g=60, 529 evaluated, 528 expanded, t=6.96s]
Best heuristic value: 17/17 [g=55, 548 evaluated, 547 expanded, t=7s]
Best heuristic value: 16/17 [g=61, 549 evaluated, 548 expanded, t=7s]
Best heuristic value: 15/17 [g=62, 569 evaluated, 568 expanded, t=7.03s]
Best heuristic value: 15/16 [g=56, 570 evaluated, 569 expanded, t=7.03s]
Best heuristic value: 13/16 [g=63, 589 evaluated, 588 expanded, t=7.07s]
Best heuristic value: 13/15 [g=57, 592 evaluated, 591 expanded, t=7.07s]
Best heuristic value: 11/15 [g=64, 609 evaluated, 608 expanded, t=7.1s]
Best heuristic value: 11/14 [g=58, 616 evaluated, 615 expanded, t=7.11s]
Best heuristic value: 10/14 [g=65, 629 evaluated, 628 expanded, t=7.14s]
Best heuristic value: 10/13 [g=59, 638 evaluated, 637 expanded, t=7.15s]
Best heuristic value: 9/13 [g=66, 649 evaluated, 648 expanded, t=7.17s]
Best heuristic value: 9/12 [g=60, 658 evaluated, 657 expanded, t=7.18s]
Best heuristic value: 8/12 [g=67, 671 evaluated, 670 expanded, t=7.2s]
Best heuristic value: 7/11 [g=68, 691 evaluated, 690 expanded, t=7.23s]
Best heuristic value: 6/10 [g=69, 700 evaluated, 699 expanded, t=7.25s]
Best heuristic value: 5/9 [g=71, 716 evaluated, 715 expanded, t=7.27s]
Best heuristic value: 4/8 [g=73, 779 evaluated, 778 expanded, t=7.38s]
Best heuristic value: 3/6 [g=75, 39543 evaluated, 39542 expanded, t=72.98s]
Best heuristic value: 2/4 [g=77, 40746 evaluated, 40745 expanded, t=74.98s]
Best heuristic value: 1/2 [g=79, 42072 evaluated, 42071 expanded, t=77.17s]
Solution found!
Actual search time: 73.49s [t=79.14s]
do-plane p3 planer0 verysmooth green varnished (10)
do-glaze p3 glazer0 red (10)
do-plane p16 planer0 rough red varnished (10)
do-grind p16 grinder0 smooth natural untreated untreated (15)
do-saw-large b0 p0 saw0 cherry rough s9 s7 s8 s6 (30)
do-saw-large b3 p15 saw0 pine rough s9 s7 s8 s6 (30)
do-saw-large b5 p18 saw0 walnut rough s6 s4 s5 s3 (30)
do-saw-large b2 p19 saw0 mahogany smooth s7 s5 s6 s4 (30)
do-saw-large b7 p20 saw0 teak rough s3 s1 s2 s0 (30)
do-saw-large b2 p21 saw0 mahogany smooth s4 s2 s3 s1 (30)
do-saw-large b7 p23 saw0 teak rough s3 s1 s2 s0 (30)
do-saw-large b2 p4 saw0 mahogany smooth s4 s2 s3 s1 (30)
do-saw-large b5 p6 saw0 walnut rough s3 s1 s2 s0 (30)
do-saw-large b9 p7 saw0 beech rough s6 s4 s5 s3 (30)
do-saw-large b3 p8 saw0 pine rough s6 s4 s5 s3 (30)
do-saw-medium b9 p2 saw0 beech rough s3 s2 s1 (30)
do-saw-medium b9 p9 saw0 beech rough s3 s2 s1 (30)
do-saw-small b2 p12 saw0 mahogany smooth s1 s0 (30)
do-saw-small b9 p14 saw0 beech rough s1 s0 (30)
do-saw-small b0 p22 saw0 cherry rough s6 s5 (30)
do-glaze p9 glazer0 red (15)
do-glaze p8 glazer0 mauve (20)
do-glaze p7 glazer0 red (20)
do-plane p6 planer0 rough natural untreated (30)
do-grind p6 grinder0 smooth natural untreated untreated (45)
do-saw-small b9 p5 saw0 beech rough s1 s0 (30)
do-glaze p5 glazer0 white (10)
do-glaze p4 glazer0 red (20)
do-plane p23 planer0 rough natural untreated (30)
do-plane p22 planer0 rough natural untreated (10)
do-grind p22 grinder0 smooth natural untreated untreated (15)
do-grind p21 grinder0 smooth natural untreated untreated (45)
do-plane p20 planer0 rough natural untreated (30)
do-immersion-varnish p20 immersion-varnisher0 blue smooth (10)
do-plane p2 planer0 rough natural untreated (20)
do-immersion-varnish p2 immersion-varnisher0 blue smooth (10)
do-grind p19 grinder0 smooth natural untreated untreated (45)
do-glaze p18 glazer0 blue (20)
do-saw-large b9 p17 saw0 beech rough s3 s1 s2 s0 (30)
do-plane p17 planer0 rough natural untreated (30)
do-grind p17 grinder0 smooth natural untreated untreated (45)
do-glaze p17 glazer0 blue (20)
do-plane p15 planer0 rough natural untreated (30)
do-grind p15 grinder0 smooth natural untreated untreated (45)
do-glaze p14 glazer0 mauve (10)
do-saw-large b9 p13 saw0 beech rough s3 s1 s2 s0 (30)
do-plane p9 planer0 rough red glazed (20)
do-immersion-varnish p9 immersion-varnisher0 blue smooth (10)
do-plane p8 planer0 rough mauve glazed (30)
do-immersion-varnish p8 immersion-varnisher0 blue smooth (10)
do-plane p7 planer0 rough red glazed (30)
do-immersion-varnish p7 immersion-varnisher0 blue smooth (10)
do-grind p4 grinder0 smooth red glazed untreated (45)
do-immersion-varnish p4 immersion-varnisher0 blue verysmooth (10)
do-grind p12 grinder0 smooth natural untreated untreated (15)
do-immersion-varnish p12 immersion-varnisher0 blue verysmooth (10)
do-saw-medium b9 p11 saw0 beech rough s3 s2 s1 (30)
do-glaze p11 glazer0 mauve (15)
do-saw-large b9 p10 saw0 beech rough s3 s1 s2 s0 (30)
do-plane p10 planer0 rough natural untreated (30)
do-grind p10 grinder0 smooth natural untreated untreated (45)
do-immersion-varnish p10 immersion-varnisher0 blue verysmooth (10)
do-saw-medium b9 p1 saw0 beech rough s3 s2 s1 (30)
do-glaze p1 glazer0 blue (15)
do-plane p0 planer0 rough natural untreated (30)
do-immersion-varnish p0 immersion-varnisher0 blue smooth (10)
do-glaze p13 glazer0 natural (20)
do-immersion-varnish p23 immersion-varnisher0 natural smooth (10)
do-glaze p6 glazer0 natural (20)
do-plane p11 planer0 rough mauve glazed (20)
do-glaze p11 glazer0 mauve (15)
do-plane p5 planer0 rough white glazed (10)
do-glaze p5 glazer0 white (10)
do-plane p9 planer0 smooth blue varnished (20)
do-immersion-varnish p9 immersion-varnisher0 red smooth (10)
do-plane p8 planer0 smooth blue varnished (30)
do-immersion-varnish p8 immersion-varnisher0 mauve smooth (10)
do-plane p7 planer0 smooth blue varnished (30)
do-immersion-varnish p7 immersion-varnisher0 red smooth (10)
do-plane p4 planer0 verysmooth blue varnished (30)
do-glaze p4 glazer0 red (20)
do-grind p4 grinder0 smooth red glazed untreated (45)
do-immersion-varnish p4 immersion-varnisher0 red verysmooth (10)
Plan length: 83 step(s).
Plan cost: 1945
Initial state h value: 122/91.
Expanded 43293 state(s).
Reopened 0 state(s).
Evaluated 43294 state(s).
Evaluations: 86588
Generated 5732820 state(s).
Dead ends: 0 state(s).
Best solution cost so far: 1945
Solution found - keep searching
Starting search: lazy_greedy(list(hff2, hlm2), preferred = list(hff2, hlm2), reopen_closed = false)
Conducting lazy best first search, (real) bound = 1945
Best heuristic value: 1627/2376 [g=0, 1 evaluated, 0 expanded, t=79.15s]
Best heuristic value: 1605/2365 [g=10, 2 evaluated, 1 expanded, t=79.15s]
Best heuristic value: 1594/2354 [g=20, 5 evaluated, 4 expanded, t=79.16s]
Best heuristic value: 1578/2338 [g=35, 8 evaluated, 7 expanded, t=79.17s]
Best heuristic value: 1545/2276 [g=65, 11 evaluated, 10 expanded, t=79.18s]
Best heuristic value: 1512/2214 [g=95, 14 evaluated, 13 expanded, t=79.19s]
Best heuristic value: 1479/2152 [g=125, 17 evaluated, 16 expanded, t=79.2s]
Best heuristic value: 1435/2059 [g=155, 20 evaluated, 19 expanded, t=79.2s]
Best heuristic value: 1402/1997 [g=185, 23 evaluated, 22 expanded, t=79.22s]
Best heuristic value: 1358/1904 [g=215, 26 evaluated, 25 expanded, t=79.23s]
Best heuristic value: 1314/1842 [g=245, 29 evaluated, 28 expanded, t=79.24s]
Best heuristic value: 1270/1739 [g=275, 32 evaluated, 31 expanded, t=79.25s]
Best heuristic value: 1226/1677 [g=305, 35 evaluated, 34 expanded, t=79.26s]
Best heuristic value: 1193/1646 [g=335, 38 evaluated, 37 expanded, t=79.27s]
Best heuristic value: 1160/1584 [g=365, 41 evaluated, 40 expanded, t=79.28s]
Best heuristic value: 1127/1543 [g=395, 44 evaluated, 43 expanded, t=79.29s]
Best heuristic value: 1094/1502 [g=425, 47 evaluated, 46 expanded, t=79.3s]
Best heuristic value: 1050/1398 [g=455, 50 evaluated, 49 expanded, t=79.3s]
Best heuristic value: 1017/1367 [g=485, 53 evaluated, 52 expanded, t=79.31s]
Best heuristic value: 984/1285 [g=515, 56 evaluated, 55 expanded, t=79.32s]
Best heuristic value: 984/1269 [g=530, 59 evaluated, 58 expanded, t=79.33s]
Best heuristic value: 973/1259 [g=535, 61 evaluated, 60 expanded, t=79.34s]
Best heuristic value: 951/1237 [g=545, 64 evaluated, 63 expanded, t=79.34s]
Best heuristic value: 951/1216 [g=565, 67 evaluated, 66 expanded, t=79.35s]
Best heuristic value: 940/1196 [g=575, 69 evaluated, 68 expanded, t=79.36s]
Best heuristic value: 918/1174 [g=585, 72 evaluated, 71 expanded, t=79.36s]
Best heuristic value: 918/1153 [g=605, 75 evaluated, 74 expanded, t=79.37s]
Best heuristic value: 907/1133 [g=615, 77 evaluated, 76 expanded, t=79.38s]
Best heuristic value: 885/1111 [g=625, 80 evaluated, 79 expanded, t=79.38s]
Best heuristic value: 874/1080 [g=655, 83 evaluated, 82 expanded, t=79.39s]
Best heuristic value: 828/1034 [g=700, 86 evaluated, 85 expanded, t=79.4s]
Best heuristic value: 818/1034 [g=720, 89 evaluated, 88 expanded, t=79.41s]
Best heuristic value: 806/983 [g=730, 91 evaluated, 90 expanded, t=79.42s]
Best heuristic value: 796/983 [g=750, 94 evaluated, 93 expanded, t=79.42s]
Best heuristic value: 784/961 [g=740, 96 evaluated, 95 expanded, t=79.43s]
Best heuristic value: 774/961 [g=760, 99 evaluated, 98 expanded, t=79.44s]
Best heuristic value: 762/939 [g=750, 103 evaluated, 102 expanded, t=79.46s]
Best heuristic value: 752/939 [g=770, 106 evaluated, 105 expanded, t=79.47s]
Best heuristic value: 738/939 [g=795, 110 evaluated, 109 expanded, t=79.48s]
Best heuristic value: 738/908 [g=780, 112 evaluated, 111 expanded, t=79.48s]
Best heuristic value: 728/908 [g=815, 115 evaluated, 114 expanded, t=79.49s]
Best heuristic value: 727/908 [g=825, 122 evaluated, 121 expanded, t=79.51s]
Best heuristic value: 727/897 [g=790, 126 evaluated, 125 expanded, t=79.52s]
Best heuristic value: 717/897 [g=845, 127 evaluated, 126 expanded, t=79.52s]
Best heuristic value: 716/897 [g=835, 136 evaluated, 135 expanded, t=79.54s]
Best heuristic value: 716/881 [g=805, 140 evaluated, 139 expanded, t=79.55s]
Best heuristic value: 706/881 [g=855, 141 evaluated, 140 expanded, t=79.56s]
Best heuristic value: 700/881 [g=850, 150 evaluated, 149 expanded, t=79.58s]
Best heuristic value: 678/835 [g=850, 154 evaluated, 153 expanded, t=79.59s]
Best heuristic value: 668/835 [g=870, 157 evaluated, 156 expanded, t=79.6s]
Best heuristic value: 654/835 [g=895, 161 evaluated, 160 expanded, t=79.6s]
Best heuristic value: 654/804 [g=880, 165 evaluated, 164 expanded, t=79.62s]
Best heuristic value: 644/804 [g=915, 166 evaluated, 165 expanded, t=79.62s]
Best heuristic value: 643/804 [g=925, 175 evaluated, 174 expanded, t=79.64s]
Best heuristic value: 643/793 [g=890, 179 evaluated, 178 expanded, t=79.65s]
Best heuristic value: 633/793 [g=945, 180 evaluated, 179 expanded, t=79.65s]
Best heuristic value: 632/793 [g=935, 189 evaluated, 188 expanded, t=79.68s]
Best heuristic value: 632/772 [g=910, 193 evaluated, 192 expanded, t=79.7s]
Best heuristic value: 622/772 [g=955, 194 evaluated, 193 expanded, t=79.7s]
Best heuristic value: 621/772 [g=955, 203 evaluated, 202 expanded, t=79.72s]
Best heuristic value: 621/761 [g=920, 207 evaluated, 206 expanded, t=79.73s]
Best heuristic value: 611/761 [g=975, 208 evaluated, 207 expanded, t=79.74s]
Best heuristic value: 610/761 [g=965, 217 evaluated, 216 expanded, t=79.76s]
Best heuristic value: 588/715 [g=965, 221 evaluated, 220 expanded, t=79.76s]
Best heuristic value: 578/715 [g=985, 224 evaluated, 223 expanded, t=79.77s]
Best heuristic value: 564/715 [g=1010, 228 evaluated, 227 expanded, t=79.78s]
Best heuristic value: 564/694 [g=985, 232 evaluated, 231 expanded, t=79.79s]
Best heuristic value: 554/694 [g=1030, 233 evaluated, 232 expanded, t=79.79s]
Best heuristic value: 543/694 [g=1030, 242 evaluated, 241 expanded, t=79.81s]
Best heuristic value: 543/663 [g=1015, 246 evaluated, 245 expanded, t=79.82s]
Best heuristic value: 533/663 [g=1050, 247 evaluated, 246 expanded, t=79.82s]
Best heuristic value: 521/663 [g=1060, 256 evaluated, 255 expanded, t=79.84s]
Best heuristic value: 521/632 [g=1045, 260 evaluated, 259 expanded, t=79.85s]
Best heuristic value: 511/632 [g=1080, 261 evaluated, 260 expanded, t=79.85s]
Best heuristic value: 510/632 [g=1090, 270 evaluated, 269 expanded, t=79.87s]
Best heuristic value: 488/586 [g=1090, 274 evaluated, 273 expanded, t=79.88s]
Best heuristic value: 478/586 [g=1110, 277 evaluated, 276 expanded, t=79.88s]
Best heuristic value: 464/586 [g=1135, 281 evaluated, 280 expanded, t=79.9s]
Best heuristic value: 464/565 [g=1110, 285 evaluated, 284 expanded, t=79.9s]
Best heuristic value: 454/565 [g=1155, 286 evaluated, 285 expanded, t=79.9s]
Best heuristic value: 443/565 [g=1155, 295 evaluated, 294 expanded, t=79.93s]
Best heuristic value: 443/534 [g=1140, 299 evaluated, 298 expanded, t=79.94s]
Best heuristic value: 433/534 [g=1175, 300 evaluated, 299 expanded, t=79.94s]
Best heuristic value: 432/534 [g=1185, 309 evaluated, 308 expanded, t=79.96s]
Best heuristic value: 410/488 [g=1185, 313 evaluated, 312 expanded, t=79.97s]
Best heuristic value: 400/488 [g=1205, 316 evaluated, 315 expanded, t=79.98s]
Best heuristic value: 386/488 [g=1230, 320 evaluated, 319 expanded, t=79.99s]
Best heuristic value: 386/466 [g=1195, 324 evaluated, 323 expanded, t=80s]
Best heuristic value: 376/466 [g=1250, 325 evaluated, 324 expanded, t=80s]
Best heuristic value: 369/466 [g=1240, 334 evaluated, 333 expanded, t=80.02s]
Best heuristic value: 360/435 [g=1225, 338 evaluated, 337 expanded, t=80.04s]
Best heuristic value: 350/435 [g=1245, 341 evaluated, 340 expanded, t=80.04s]
Best heuristic value: 336/435 [g=1270, 345 evaluated, 344 expanded, t=80.05s]
Best heuristic value: 326/435 [g=1290, 350 evaluated, 349 expanded, t=80.06s]
Best heuristic value: 326/429 [g=1230, 351 evaluated, 350 expanded, t=80.06s]
Best heuristic value: 324/429 [g=1275, 361 evaluated, 360 expanded, t=80.08s]
Best heuristic value: 314/429 [g=1295, 366 evaluated, 365 expanded, t=80.1s]
Best heuristic value: 314/388 [g=1260, 369 evaluated, 368 expanded, t=80.11s]
Best heuristic value: 302/388 [g=1305, 379 evaluated, 378 expanded, t=80.14s]
Best heuristic value: 292/388 [g=1325, 384 evaluated, 383 expanded, t=80.15s]
Best heuristic value: 292/372 [g=1275, 387 evaluated, 386 expanded, t=80.16s]
Best heuristic value: 291/372 [g=1320, 397 evaluated, 396 expanded, t=80.18s]
Best heuristic value: 281/372 [g=1340, 402 evaluated, 401 expanded, t=80.19s]
Best heuristic value: 281/362 [g=1295, 405 evaluated, 404 expanded, t=80.2s]
Best heuristic value: 271/362 [g=1360, 416 evaluated, 415 expanded, t=80.22s]
Best heuristic value: 271/351 [g=1305, 423 evaluated, 422 expanded, t=80.23s]
Best heuristic value: 267/351 [g=1375, 432 evaluated, 431 expanded, t=80.25s]
Best heuristic value: 267/320 [g=1335, 441 evaluated, 440 expanded, t=80.27s]
Best heuristic value: 258/320 [g=1380, 451 evaluated, 450 expanded, t=80.29s]
Best heuristic value: 248/320 [g=1400, 456 evaluated, 455 expanded, t=80.3s]
Best heuristic value: 248/289 [g=1365, 459 evaluated, 458 expanded, t=80.31s]
Best heuristic value: 247/289 [g=1410, 469 evaluated, 468 expanded, t=80.32s]
Best heuristic value: 237/289 [g=1430, 474 evaluated, 473 expanded, t=80.34s]
Best heuristic value: 225/243 [g=1410, 477 evaluated, 476 expanded, t=80.34s]
Best heuristic value: 215/243 [g=1430, 480 evaluated, 479 expanded, t=80.34s]
Best heuristic value: 201/243 [g=1455, 484 evaluated, 483 expanded, t=80.35s]
Best heuristic value: 191/243 [g=1475, 489 evaluated, 488 expanded, t=80.36s]
Best heuristic value: 191/232 [g=1420, 492 evaluated, 491 expanded, t=80.37s]
Best heuristic value: 190/232 [g=1465, 502 evaluated, 501 expanded, t=80.39s]
Best heuristic value: 180/232 [g=1485, 507 evaluated, 506 expanded, t=80.39s]
Best heuristic value: 180/201 [g=1450, 510 evaluated, 509 expanded, t=80.4s]
Best heuristic value: 168/201 [g=1495, 520 evaluated, 519 expanded, t=80.42s]
Best heuristic value: 158/201 [g=1515, 525 evaluated, 524 expanded, t=80.42s]
Best heuristic value: 158/185 [g=1465, 528 evaluated, 527 expanded, t=80.43s]
Best heuristic value: 155/185 [g=1485, 534 evaluated, 533 expanded, t=80.44s]
Best heuristic value: 141/185 [g=1510, 538 evaluated, 537 expanded, t=80.45s]
Best heuristic value: 131/185 [g=1530, 543 evaluated, 542 expanded, t=80.46s]
Best heuristic value: 131/154 [g=1495, 546 evaluated, 545 expanded, t=80.46s]
Best heuristic value: 130/154 [g=1540, 556 evaluated, 555 expanded, t=80.48s]
Best heuristic value: 120/154 [g=1560, 561 evaluated, 560 expanded, t=80.48s]
Best heuristic value: 120/143 [g=1505, 564 evaluated, 563 expanded, t=80.49s]
Best heuristic value: 119/143 [g=1550, 574 evaluated, 573 expanded, t=80.5s]
Best heuristic value: 109/143 [g=1570, 579 evaluated, 578 expanded, t=80.51s]
Best heuristic value: 109/122 [g=1525, 584 evaluated, 583 expanded, t=80.52s]
Best heuristic value: 99/122 [g=1590, 593 evaluated, 592 expanded, t=80.54s]
Best heuristic value: 98/122 [g=1570, 594 evaluated, 593 expanded, t=80.54s]
Best heuristic value: 88/122 [g=1590, 599 evaluated, 598 expanded, t=80.54s]
Best heuristic value: 88/111 [g=1535, 602 evaluated, 601 expanded, t=80.55s]
Best heuristic value: 87/111 [g=1580, 612 evaluated, 611 expanded, t=80.56s]
Best heuristic value: 77/111 [g=1600, 617 evaluated, 616 expanded, t=80.57s]
Best heuristic value: 77/90 [g=1555, 618 evaluated, 617 expanded, t=80.58s]
Best heuristic value: 66/90 [g=1600, 626 evaluated, 625 expanded, t=80.59s]
Best heuristic value: 62/90 [g=1615, 634 evaluated, 633 expanded, t=80.6s]
Best heuristic value: 62/73 [g=1565, 635 evaluated, 634 expanded, t=80.6s]
Best heuristic value: 49/73 [g=1610, 639 evaluated, 638 expanded, t=80.61s]
Best heuristic value: 45/73 [g=1625, 644 evaluated, 643 expanded, t=80.62s]
Best heuristic value: 34/70 [g=1645, 650 evaluated, 649 expanded, t=80.63s]
Best heuristic value: 34/69 [g=1660, 654 evaluated, 653 expanded, t=80.64s]
Best heuristic value: 34/59 [g=1670, 656 evaluated, 655 expanded, t=80.64s]
Best heuristic value: 22/53 [g=1675, 658 evaluated, 657 expanded, t=80.65s]
Best heuristic value: 22/46 [g=1715, 660 evaluated, 659 expanded, t=80.65s]
Best heuristic value: 22/22 [g=1750, 662 evaluated, 661 expanded, t=80.65s]
Solution found!
Actual search time: 1.51s [t=80.65s]
do-plane p3 planer0 verysmooth green varnished (10)
do-plane p16 planer0 rough red varnished (10)
do-grind p16 grinder0 smooth natural untreated untreated (15)
do-saw-large b0 p0 saw0 cherry rough s9 s7 s8 s6 (30)
do-saw-large b3 p15 saw0 pine rough s9 s7 s8 s6 (30)
do-saw-large b5 p18 saw0 walnut rough s6 s4 s5 s3 (30)
do-saw-large b2 p19 saw0 mahogany smooth s7 s5 s6 s4 (30)
do-saw-large b7 p20 saw0 teak rough s3 s1 s2 s0 (30)
do-saw-large b2 p21 saw0 mahogany smooth s4 s2 s3 s1 (30)
do-saw-large b7 p23 saw0 teak rough s3 s1 s2 s0 (30)
do-saw-large b2 p4 saw0 mahogany smooth s4 s2 s3 s1 (30)
do-saw-large b5 p6 saw0 walnut rough s3 s1 s2 s0 (30)
do-saw-large b9 p7 saw0 beech rough s6 s4 s5 s3 (30)
do-saw-large b3 p8 saw0 pine rough s6 s4 s5 s3 (30)
do-saw-medium b9 p2 saw0 beech rough s3 s2 s1 (30)
do-saw-medium b9 p9 saw0 beech rough s3 s2 s1 (30)
do-saw-small b2 p12 saw0 mahogany smooth s1 s0 (30)
do-saw-small b9 p14 saw0 beech rough s1 s0 (30)
do-saw-small b0 p22 saw0 cherry rough s6 s5 (30)
do-plane p9 planer0 rough natural untreated (20)
do-immersion-varnish p9 immersion-varnisher0 red smooth (10)
do-plane p8 planer0 rough natural untreated (30)
do-immersion-varnish p8 immersion-varnisher0 mauve smooth (10)
do-plane p7 planer0 rough natural untreated (30)
do-immersion-varnish p7 immersion-varnisher0 red smooth (10)
do-plane p6 planer0 rough natural untreated (30)
do-grind p6 grinder0 smooth natural untreated untreated (45)
do-saw-small b9 p5 saw0 beech rough s1 s0 (30)
do-glaze p5 glazer0 white (10)
do-immersion-varnish p4 immersion-varnisher0 red smooth (10)
do-plane p23 planer0 rough natural untreated (30)
do-plane p22 planer0 rough natural untreated (10)
do-grind p22 grinder0 smooth natural untreated untreated (15)
do-grind p21 grinder0 smooth natural untreated untreated (45)
do-plane p20 planer0 rough natural untreated (30)
do-immersion-varnish p20 immersion-varnisher0 blue smooth (10)
do-plane p2 planer0 rough natural untreated (20)
do-immersion-varnish p2 immersion-varnisher0 blue smooth (10)
do-grind p19 grinder0 smooth natural untreated untreated (45)
do-glaze p18 glazer0 blue (20)
do-saw-large b9 p17 saw0 beech rough s3 s1 s2 s0 (30)
do-plane p17 planer0 rough natural untreated (30)
do-grind p17 grinder0 smooth natural untreated untreated (45)
do-glaze p17 glazer0 blue (20)
do-plane p15 planer0 rough natural untreated (30)
do-grind p15 grinder0 smooth natural untreated untreated (45)
do-glaze p14 glazer0 mauve (10)
do-saw-large b9 p13 saw0 beech rough s3 s1 s2 s0 (30)
do-spray-varnish p12 spray-varnisher0 blue smooth (5)
do-saw-medium b9 p11 saw0 beech rough s3 s2 s1 (30)
do-glaze p11 glazer0 mauve (15)
do-plane p11 planer0 rough mauve glazed (20)
do-immersion-varnish p11 immersion-varnisher0 mauve smooth (10)
do-saw-large b9 p10 saw0 beech rough s3 s1 s2 s0 (30)
do-plane p10 planer0 rough natural untreated (30)
do-grind p10 grinder0 smooth natural untreated untreated (45)
do-immersion-varnish p10 immersion-varnisher0 blue verysmooth (10)
do-saw-medium b9 p1 saw0 beech rough s3 s2 s1 (30)
do-glaze p1 glazer0 blue (15)
do-plane p0 planer0 rough natural untreated (30)
do-immersion-varnish p0 immersion-varnisher0 blue smooth (10)
do-glaze p13 glazer0 natural (20)
do-immersion-varnish p23 immersion-varnisher0 natural smooth (10)
do-glaze p6 glazer0 natural (20)
do-glaze p3 glazer0 red (10)
do-grind p4 grinder0 smooth red varnished colourfragments (45)
do-grind p12 grinder0 smooth blue varnished colourfragments (15)
do-plane p5 planer0 rough white glazed (10)
do-glaze p5 glazer0 white (10)
do-plane p12 planer0 verysmooth natural colourfragments (10)
do-grind p12 grinder0 smooth natural untreated untreated (15)
do-spray-varnish p12 spray-varnisher0 blue verysmooth (5)
do-plane p4 planer0 verysmooth natural colourfragments (30)
do-grind p4 grinder0 smooth natural untreated untreated (45)
do-immersion-varnish p4 immersion-varnisher0 red verysmooth (10)
Plan length: 75 step(s).
Plan cost: 1760
Initial state h value: 1627/2376.
Expanded 662 state(s).
Reopened 0 state(s).
Evaluated 663 state(s).
Evaluations: 1326
Generated 135177 state(s).
Dead ends: 0 state(s).
Best solution cost so far: 1760
Solution found - keep searching
Starting search: lazy_wastar(list(hff2, hlm2), preferred = list(hff2, hlm2), w = 5)
Conducting lazy best first search, (real) bound = 1760
Best heuristic value: 1627/2376 [g=0, 1 evaluated, 0 expanded, t=80.65s]
Best heuristic value: 1605/2365 [g=10, 2 evaluated, 1 expanded, t=80.66s]
Best heuristic value: 1594/2354 [g=20, 5 evaluated, 4 expanded, t=80.67s]
Best heuristic value: 1577/2337 [g=30, 10 evaluated, 9 expanded, t=80.68s]
Best heuristic value: 1561/2321 [g=45, 11 evaluated, 10 expanded, t=80.68s]
Best heuristic value: 1528/2259 [g=75, 12 evaluated, 11 expanded, t=80.68s]
Best heuristic value: 1495/2197 [g=105, 13 evaluated, 12 expanded, t=80.69s]
Best heuristic value: 1462/2135 [g=135, 14 evaluated, 13 expanded, t=80.69s]
Best heuristic value: 1441/2114 [g=155, 15 evaluated, 14 expanded, t=80.69s]
Best heuristic value: 1397/2021 [g=185, 16 evaluated, 15 expanded, t=80.69s]
Best heuristic value: 1364/1959 [g=215, 17 evaluated, 16 expanded, t=80.7s]
Best heuristic value: 1320/1866 [g=245, 18 evaluated, 17 expanded, t=80.7s]
Best heuristic value: 1276/1804 [g=275, 19 evaluated, 18 expanded, t=80.7s]
Best heuristic value: 1232/1701 [g=305, 20 evaluated, 19 expanded, t=80.71s]
Best heuristic value: 1210/1679 [g=315, 21 evaluated, 20 expanded, t=80.71s]
Best heuristic value: 1166/1617 [g=345, 22 evaluated, 21 expanded, t=80.71s]
Best heuristic value: 1156/1596 [g=365, 23 evaluated, 22 expanded, t=80.71s]
Best heuristic value: 1123/1565 [g=395, 24 evaluated, 23 expanded, t=80.72s]
Best heuristic value: 1123/1544 [g=415, 25 evaluated, 24 expanded, t=80.72s]
Best heuristic value: 1090/1482 [g=445, 26 evaluated, 25 expanded, t=80.72s]
Best heuristic value: 1090/1461 [g=465, 27 evaluated, 26 expanded, t=80.72s]
Best heuristic value: 1057/1420 [g=495, 28 evaluated, 27 expanded, t=80.73s]
Best heuristic value: 1046/1399 [g=515, 29 evaluated, 28 expanded, t=80.73s]
Best heuristic value: 1035/1388 [g=525, 30 evaluated, 29 expanded, t=80.73s]
Best heuristic value: 1002/1347 [g=555, 31 evaluated, 30 expanded, t=80.73s]
Best heuristic value: 1002/1331 [g=570, 32 evaluated, 31 expanded, t=80.74s]
Best heuristic value: 991/1321 [g=590, 33 evaluated, 32 expanded, t=80.74s]
Best heuristic value: 969/1299 [g=600, 34 evaluated, 33 expanded, t=80.74s]
Best heuristic value: 925/1195 [g=630, 35 evaluated, 34 expanded, t=80.75s]
Best heuristic value: 913/1189 [g=635, 36 evaluated, 35 expanded, t=80.75s]
Best heuristic value: 909/1189 [g=650, 37 evaluated, 36 expanded, t=80.75s]
Best heuristic value: 876/1159 [g=680, 39 evaluated, 38 expanded, t=80.75s]
Best heuristic value: 859/1137 [g=690, 40 evaluated, 39 expanded, t=80.76s]
Best heuristic value: 826/1055 [g=720, 42 evaluated, 41 expanded, t=80.76s]
Best heuristic value: 815/1044 [g=730, 43 evaluated, 42 expanded, t=80.77s]
Best heuristic value: 799/1028 [g=745, 45 evaluated, 44 expanded, t=80.77s]
Best heuristic value: 788/1008 [g=775, 47 evaluated, 46 expanded, t=80.78s]
Best heuristic value: 766/986 [g=785, 48 evaluated, 47 expanded, t=80.78s]
Best heuristic value: 755/966 [g=815, 50 evaluated, 49 expanded, t=80.79s]
Best heuristic value: 733/944 [g=825, 51 evaluated, 50 expanded, t=80.79s]
Best heuristic value: 732/934 [g=855, 53 evaluated, 52 expanded, t=80.79s]
Best heuristic value: 711/893 [g=855, 55 evaluated, 54 expanded, t=80.8s]
Best heuristic value: 689/871 [g=865, 56 evaluated, 55 expanded, t=80.8s]
Best heuristic value: 688/861 [g=895, 59 evaluated, 58 expanded, t=80.81s]
Best heuristic value: 678/840 [g=895, 61 evaluated, 60 expanded, t=80.81s]
Best heuristic value: 667/829 [g=905, 66 evaluated, 65 expanded, t=80.82s]
Best heuristic value: 666/819 [g=935, 69 evaluated, 68 expanded, t=80.83s]
Best heuristic value: 656/798 [g=935, 71 evaluated, 70 expanded, t=80.83s]
Best heuristic value: 645/787 [g=945, 73 evaluated, 72 expanded, t=80.84s]
Best heuristic value: 644/777 [g=975, 76 evaluated, 75 expanded, t=80.85s]
Best heuristic value: 623/756 [g=975, 78 evaluated, 77 expanded, t=80.85s]
Best heuristic value: 602/735 [g=995, 81 evaluated, 80 expanded, t=80.85s]
Best heuristic value: 601/725 [g=1025, 84 evaluated, 83 expanded, t=80.86s]
Best heuristic value: 591/704 [g=1025, 88 evaluated, 87 expanded, t=80.87s]
Best heuristic value: 590/694 [g=1055, 91 evaluated, 90 expanded, t=80.88s]
Best heuristic value: 558/673 [g=1055, 95 evaluated, 94 expanded, t=80.89s]
Best heuristic value: 548/673 [g=1075, 98 evaluated, 97 expanded, t=80.89s]
Best heuristic value: 537/652 [g=1075, 102 evaluated, 101 expanded, t=80.9s]
Best heuristic value: 536/642 [g=1105, 105 evaluated, 104 expanded, t=80.91s]
Best heuristic value: 515/611 [g=1105, 109 evaluated, 108 expanded, t=80.92s]
Best heuristic value: 504/595 [g=1120, 112 evaluated, 111 expanded, t=80.93s]
Best heuristic value: 504/585 [g=1140, 115 evaluated, 114 expanded, t=80.93s]
Best heuristic value: 503/585 [g=1150, 117 evaluated, 116 expanded, t=80.94s]
Best heuristic value: 493/574 [g=1150, 120 evaluated, 119 expanded, t=80.95s]
Best heuristic value: 492/564 [g=1180, 123 evaluated, 122 expanded, t=80.96s]
Best heuristic value: 471/543 [g=1180, 127 evaluated, 126 expanded, t=80.97s]
Best heuristic value: 470/533 [g=1210, 130 evaluated, 129 expanded, t=80.98s]
Best heuristic value: 460/512 [g=1210, 134 evaluated, 133 expanded, t=80.99s]
Best heuristic value: 449/501 [g=1220, 137 evaluated, 136 expanded, t=80.99s]
Best heuristic value: 448/491 [g=1250, 140 evaluated, 139 expanded, t=81s]
Best heuristic value: 427/470 [g=1250, 144 evaluated, 143 expanded, t=81.01s]
Best heuristic value: 400/454 [g=1265, 147 evaluated, 146 expanded, t=81.01s]
Best heuristic value: 399/444 [g=1295, 150 evaluated, 149 expanded, t=81.02s]
Best heuristic value: 389/423 [g=1295, 154 evaluated, 153 expanded, t=81.03s]
Best heuristic value: 378/412 [g=1305, 157 evaluated, 156 expanded, t=81.03s]
Best heuristic value: 377/402 [g=1335, 160 evaluated, 159 expanded, t=81.03s]
Best heuristic value: 354/402 [g=1350, 166 evaluated, 165 expanded, t=81.05s]
Best heuristic value: 354/381 [g=1355, 169 evaluated, 168 expanded, t=81.05s]
Best heuristic value: 353/381 [g=1380, 172 evaluated, 171 expanded, t=81.06s]
Best heuristic value: 353/371 [g=1385, 175 evaluated, 174 expanded, t=81.06s]
Best heuristic value: 308/371 [g=1395, 182 evaluated, 181 expanded, t=81.07s]
Best heuristic value: 308/370 [g=1400, 185 evaluated, 184 expanded, t=81.08s]
Best heuristic value: 307/363 [g=1425, 186 evaluated, 185 expanded, t=81.08s]
Best heuristic value: 262/327 [g=1440, 194 evaluated, 193 expanded, t=81.1s]
Best heuristic value: 261/317 [g=1470, 197 evaluated, 196 expanded, t=81.11s]
Best heuristic value: 251/317 [g=1490, 204 evaluated, 203 expanded, t=81.12s]
Best heuristic value: 251/296 [g=1490, 206 evaluated, 205 expanded, t=81.12s]
Best heuristic value: 250/286 [g=1520, 210 evaluated, 209 expanded, t=81.13s]
Best heuristic value: 240/286 [g=1540, 215 evaluated, 214 expanded, t=81.14s]
Best heuristic value: 240/285 [g=1535, 219 evaluated, 218 expanded, t=81.14s]
Best heuristic value: 204/240 [g=1565, 225 evaluated, 224 expanded, t=81.15s]
Best heuristic value: 194/240 [g=1585, 228 evaluated, 227 expanded, t=81.16s]
Best heuristic value: 194/239 [g=1580, 232 evaluated, 231 expanded, t=81.17s]
Best heuristic value: 169/225 [g=1630, 235 evaluated, 234 expanded, t=81.17s]
Best heuristic value: 148/204 [g=1650, 238 evaluated, 237 expanded, t=81.18s]
Best heuristic value: 102/158 [g=1695, 243 evaluated, 242 expanded, t=81.19s]
Best heuristic value: 102/157 [g=1710, 248 evaluated, 247 expanded, t=81.19s]
Best heuristic value: 67/154 [g=1740, 249 evaluated, 248 expanded, t=81.19s]
Best heuristic value: 67/153 [g=1755, 253 evaluated, 252 expanded, t=81.2s]
Best heuristic value: 67/147 [g=1715, 257 evaluated, 256 expanded, t=81.21s]
Best heuristic value: 67/146 [g=1730, 261 evaluated, 260 expanded, t=81.21s]
Best heuristic value: 67/136 [g=1740, 262 evaluated, 261 expanded, t=81.21s]
Best heuristic value: 67/130 [g=1745, 263 evaluated, 262 expanded, t=81.22s]
Best heuristic value: 66/130 [g=1740, 794 evaluated, 793 expanded, t=82.15s]
Best heuristic value: 65/127 [g=1750, 808 evaluated, 807 expanded, t=82.18s]
Best heuristic value: 65/120 [g=1725, 812 evaluated, 811 expanded, t=82.18s]
Best heuristic value: 65/117 [g=1750, 899 evaluated, 898 expanded, t=82.35s]
Best heuristic value: 65/116 [g=1740, 1147 evaluated, 1146 expanded, t=82.76s]
Best heuristic value: 65/115 [g=1755, 1150 evaluated, 1149 expanded, t=82.77s]
Best heuristic value: 65/113 [g=1745, 2067 evaluated, 2066 expanded, 1 reopened, t=84.46s]
Best heuristic value: 56/113 [g=1740, 17619 evaluated, 17618 expanded, 3409 reopened, t=111.63s]
Best heuristic value: 55/113 [g=1750, 17625 evaluated, 17624 expanded, 3411 reopened, t=111.64s]
Best heuristic value: 54/113 [g=1750, 17632 evaluated, 17631 expanded, 3412 reopened, t=111.65s]
Best heuristic value: 54/106 [g=1750, 20268 evaluated, 20267 expanded, 5187 reopened, t=116.37s]
Best heuristic value: 54/95 [g=1740, 20346 evaluated, 20345 expanded, 5255 reopened, t=116.49s]
Best heuristic value: 54/94 [g=1755, 20349 evaluated, 20348 expanded, 5255 reopened, t=116.5s]
Best heuristic value: 54/84 [g=1755, 31220 evaluated, 31219 expanded, 11970 reopened, t=136.53s]
Best heuristic value: 45/84 [g=1740, 35977 evaluated, 35976 expanded, 12182 reopened, t=145.22s]
Best heuristic value: 44/84 [g=1750, 45845 evaluated, 45844 expanded, 12206 reopened, t=163.13s]
/home/guicho/repos/downward/src/search/downward: 196 行:  5984 強制終了            "$PLANNER" --heuristic "hlm1,hff1=lm_ff_syn(lm_rhw(
                    reasonable_orders=true,lm_cost_type=1,cost_type=1))" --heuristic "hlm2,hff2=lm_ff_syn(lm_rhw(
                    reasonable_orders=true,lm_cost_type=2,cost_type=2))" --search "iterated([
                    lazy_greedy([hff1,hlm1],preferred=[hff1,hlm1],
                                cost_type=1,reopen_closed=false),
                    lazy_greedy([hff2,hlm2],preferred=[hff2,hlm2],
                                reopen_closed=false),
                    lazy_wastar([hff2,hlm2],preferred=[hff2,hlm2],w=5),
                    lazy_wastar([hff2,hlm2],preferred=[hff2,hlm2],w=3),
                    lazy_wastar([hff2,hlm2],preferred=[hff2,hlm2],w=2),
                    lazy_wastar([hff2,hlm2],preferred=[hff2,hlm2],w=1)],
                    repeat_last=true,continue_on_fail=true)" "$@" < $TEMPFILE
