Parsing... [0.010s CPU, 0.016s wall-clock]
Normalizing task... [0.000s CPU, 0.002s wall-clock]
Instantiating...
Generating Datalog program... [0.010s CPU, 0.003s wall-clock]
Normalizing Datalog program...
Normalizing Datalog program: [0.010s CPU, 0.017s wall-clock]
Preparing model... [0.010s CPU, 0.011s wall-clock]
Generated 198 rules.
Computing model... [0.730s CPU, 0.729s wall-clock]
8743 relevant atoms
14347 auxiliary atoms
23090 final queue length
53783 total queue pushes
Completing instantiation... [3.400s CPU, 3.399s wall-clock]
Instantiating: [4.260s CPU, 4.261s wall-clock]
Computing fact groups...
Finding invariants...
24 initial candidates
Finding invariants: [0.050s CPU, 0.047s wall-clock]
Checking invariant weight... [0.010s CPU, 0.008s wall-clock]
Instantiating groups... [0.020s CPU, 0.030s wall-clock]
Collecting mutex groups... [0.000s CPU, 0.003s wall-clock]
Choosing groups...
240 uncovered facts
Choosing groups: [0.010s CPU, 0.004s wall-clock]
Building translation key... [0.000s CPU, 0.003s wall-clock]
Computing fact groups: [0.100s CPU, 0.104s wall-clock]
Building STRIPS to SAS dictionary... [0.000s CPU, 0.001s wall-clock]
Building dictionary for full mutex groups... [0.010s CPU, 0.002s wall-clock]
Building mutex information...
Building mutex information: [0.000s CPU, 0.002s wall-clock]
Translating task...
Processing axioms...
Simplifying axioms... [0.000s CPU, 0.000s wall-clock]
Processing axioms: [0.280s CPU, 0.282s wall-clock]
Translating task: [1.890s CPU, 1.886s wall-clock]
2975 implied effects removed
702 effect conditions simplified
0 implied preconditions added
Detecting unreachable propositions...
54 operators removed
106 propositions removed
Detecting unreachable propositions: [0.200s CPU, 0.204s wall-clock]
Translator variables: 316
Translator derived variables: 0
Translator facts: 983
Translator mutex groups: 127
Translator total mutex groups size: 605
Translator operators: 7607
Translator task size: 67866
Translator peak memory: 110024 KB
Writing output... [0.180s CPU, 0.173s wall-clock]
Done! [7.090s CPU, 7.095s wall-clock]
