Parsing... [0.020s CPU, 0.015s wall-clock]
Normalizing task... [0.010s CPU, 0.001s wall-clock]
Instantiating...
Generating Datalog program... [0.000s CPU, 0.003s wall-clock]
Normalizing Datalog program...
Normalizing Datalog program: [0.010s CPU, 0.016s wall-clock]
Preparing model... [0.010s CPU, 0.012s wall-clock]
Generated 198 rules.
Computing model... [0.650s CPU, 0.650s wall-clock]
9384 relevant atoms
15419 auxiliary atoms
24803 final queue length
56726 total queue pushes
Completing instantiation... [1.850s CPU, 1.843s wall-clock]
Instantiating: [2.540s CPU, 2.544s wall-clock]
Computing fact groups...
Finding invariants...
24 initial candidates
Finding invariants: [0.040s CPU, 0.047s wall-clock]
Checking invariant weight... [0.010s CPU, 0.003s wall-clock]
Instantiating groups... [0.030s CPU, 0.034s wall-clock]
Collecting mutex groups... [0.010s CPU, 0.001s wall-clock]
Choosing groups...
265 uncovered facts
Choosing groups: [0.000s CPU, 0.004s wall-clock]
Building translation key... [0.000s CPU, 0.003s wall-clock]
Computing fact groups: [0.100s CPU, 0.101s wall-clock]
Building STRIPS to SAS dictionary... [0.000s CPU, 0.002s wall-clock]
Building dictionary for full mutex groups... [0.000s CPU, 0.003s wall-clock]
Building mutex information...
Building mutex information: [0.000s CPU, 0.002s wall-clock]
Translating task...
Processing axioms...
Simplifying axioms... [0.000s CPU, 0.000s wall-clock]
Processing axioms: [0.080s CPU, 0.079s wall-clock]
Translating task: [1.180s CPU, 1.175s wall-clock]
3308 implied effects removed
900 effect conditions simplified
0 implied preconditions added
Detecting unreachable propositions...
60 operators removed
115 propositions removed
Detecting unreachable propositions: [0.200s CPU, 0.203s wall-clock]
Translator variables: 347
Translator derived variables: 0
Translator facts: 1063
Translator mutex groups: 137
Translator total mutex groups size: 643
Translator operators: 8166
Translator task size: 71981
Translator peak memory: 114288 KB
Writing output... [0.180s CPU, 0.183s wall-clock]
Done! [4.330s CPU, 4.324s wall-clock]
