Parsing... [0.010s CPU, 0.042s wall-clock]
Normalizing task... [0.010s CPU, 0.001s wall-clock]
Instantiating...
Generating Datalog program... [0.000s CPU, 0.001s wall-clock]
Normalizing Datalog program...
Normalizing Datalog program: [0.010s CPU, 0.016s wall-clock]
Preparing model... [0.010s CPU, 0.008s wall-clock]
Generated 198 rules.
Computing model... [0.020s CPU, 0.016s wall-clock]
294 relevant atoms
496 auxiliary atoms
790 final queue length
1234 total queue pushes
Completing instantiation... [0.020s CPU, 0.022s wall-clock]
Instantiating: [0.060s CPU, 0.064s wall-clock]
Computing fact groups...
Finding invariants...
24 initial candidates
Finding invariants: [0.030s CPU, 0.027s wall-clock]
Checking invariant weight... [0.000s CPU, 0.000s wall-clock]
Instantiating groups... [0.000s CPU, 0.001s wall-clock]
Collecting mutex groups... [0.000s CPU, 0.000s wall-clock]
Choosing groups...
16 uncovered facts
Choosing groups: [0.000s CPU, 0.000s wall-clock]
Building translation key... [0.000s CPU, 0.000s wall-clock]
Computing fact groups: [0.030s CPU, 0.029s wall-clock]
Building STRIPS to SAS dictionary... [0.000s CPU, 0.000s wall-clock]
Building dictionary for full mutex groups... [0.000s CPU, 0.000s wall-clock]
Building mutex information...
Building mutex information: [0.000s CPU, 0.000s wall-clock]
Translating task...
Processing axioms...
Simplifying axioms... [0.000s CPU, 0.000s wall-clock]
Processing axioms: [0.000s CPU, 0.001s wall-clock]
Translating task: [0.010s CPU, 0.013s wall-clock]
156 implied effects removed
12 effect conditions simplified
0 implied preconditions added
Detecting unreachable propositions...
6 operators removed
23 propositions removed
Detecting unreachable propositions: [0.010s CPU, 0.003s wall-clock]
Translator variables: 15
Translator derived variables: 0
Translator facts: 36
Translator mutex groups: 6
Translator total mutex groups size: 18
Translator operators: 153
Translator task size: 1082
Translator peak memory: 43652 KB
Writing output... [0.000s CPU, 0.003s wall-clock]
Done! [0.130s CPU, 0.155s wall-clock]
