Dispatcher selected state size 1.
This is a nonunit task.
Simplifying transitions... done!
Initializing Exploration...
Generating landmarks using the RPG/SAS+ approach
approx. reasonable orders
approx. obedient reasonable orders
Removed 0 reasonable or obedient reasonable orders
Landmarks generation time: 3373.17s
Discovered 2337 landmarks, of which 39 are disjunctive and 0 are conjunctive 
2614 edges
Initializing LAMA-FF Synergy Object
Initializing landmarks count heuristic...
1101 initial landmarks, 899 goal landmarks
Initializing Exploration...
Generating landmarks using the RPG/SAS+ approach
approx. reasonable orders
approx. obedient reasonable orders
Removed 0 reasonable or obedient reasonable orders
Landmarks generation time: 3478.79s
Discovered 2337 landmarks, of which 39 are disjunctive and 0 are conjunctive 
2627 edges
Initializing LAMA-FF Synergy Object
Initializing landmarks count heuristic...
1101 initial landmarks, 899 goal landmarks
Starting search: lazy_greedy(list(hff1, hlm1), preferred = list(hff1, hlm1), cost_type = 1, reopen_closed = false)
Conducting lazy best first search, (real) bound = 2147483647
Best heuristic value: 1236/966 [g=0, 1 evaluated, 0 expanded, t=6914.72s]
Best heuristic value: 1234/965 [g=1, 2 evaluated, 1 expanded, t=6915.51s]
Best heuristic value: 1233/964 [g=2, 3 evaluated, 2 expanded, t=6916.3s]
Best heuristic value: 1231/963 [g=3, 4 evaluated, 3 expanded, t=6917.09s]
Best heuristic value: 1230/962 [g=4, 5 evaluated, 4 expanded, t=6917.88s]
Best heuristic value: 1229/961 [g=5, 6 evaluated, 5 expanded, t=6918.66s]
Best heuristic value: 1228/960 [g=6, 7 evaluated, 6 expanded, t=6919.45s]
Best heuristic value: 1227/959 [g=7, 8 evaluated, 7 expanded, t=6920.24s]
Best heuristic value: 1225/958 [g=8, 10 evaluated, 9 expanded, t=6921.83s]
Best heuristic value: 1223/956 [g=9, 12 evaluated, 11 expanded, t=6923.41s]
Best heuristic value: 1222/955 [g=10, 14 evaluated, 13 expanded, t=6924.99s]
Best heuristic value: 1221/954 [g=11, 16 evaluated, 15 expanded, t=6926.57s]
Best heuristic value: 1220/954 [g=12, 18 evaluated, 17 expanded, t=6928.16s]
Best heuristic value: 1220/953 [g=12, 20 evaluated, 19 expanded, t=6929.73s]
Best heuristic value: 1218/952 [g=13, 21 evaluated, 20 expanded, t=6930.52s]
Best heuristic value: 1217/951 [g=14, 23 evaluated, 22 expanded, t=6932.1s]
Best heuristic value: 1216/950 [g=15, 25 evaluated, 24 expanded, t=6933.68s]
Best heuristic value: 1215/949 [g=16, 27 evaluated, 26 expanded, t=6935.27s]
Best heuristic value: 1214/948 [g=17, 29 evaluated, 28 expanded, t=6936.85s]
Best heuristic value: 1212/946 [g=18, 31 evaluated, 30 expanded, t=6938.44s]
Best heuristic value: 1210/945 [g=19, 34 evaluated, 33 expanded, t=6940.81s]
Best heuristic value: 1210/944 [g=20, 37 evaluated, 36 expanded, t=6943.18s]
Best heuristic value: 1209/944 [g=20, 39 evaluated, 38 expanded, t=6944.76s]
Best heuristic value: 1208/943 [g=21, 43 evaluated, 42 expanded, t=6947.93s]
Best heuristic value: 1207/943 [g=22, 46 evaluated, 45 expanded, t=6950.3s]
Best heuristic value: 1207/942 [g=22, 48 evaluated, 47 expanded, t=6951.88s]
Best heuristic value: 1206/942 [g=23, 53 evaluated, 52 expanded, t=6955.85s]
Best heuristic value: 1205/940 [g=23, 56 evaluated, 55 expanded, t=6958.22s]
Best heuristic value: 1204/940 [g=24, 59 evaluated, 58 expanded, t=6960.6s]
Best heuristic value: 1204/939 [g=24, 61 evaluated, 60 expanded, t=6962.17s]
Best heuristic value: 1203/939 [g=25, 66 evaluated, 65 expanded, t=6966.14s]
Best heuristic value: 1203/938 [g=25, 69 evaluated, 68 expanded, t=6968.52s]
Best heuristic value: 1202/938 [g=26, 74 evaluated, 73 expanded, t=6972.48s]
Best heuristic value: 1202/937 [g=26, 77 evaluated, 76 expanded, t=6974.85s]
Best heuristic value: 1201/937 [g=27, 82 evaluated, 81 expanded, t=6978.81s]
Best heuristic value: 1201/936 [g=27, 85 evaluated, 84 expanded, t=6981.19s]
Best heuristic value: 1200/936 [g=28, 90 evaluated, 89 expanded, t=6985.15s]
Best heuristic value: 1200/935 [g=28, 95 evaluated, 94 expanded, t=6989.11s]
Best heuristic value: 1199/935 [g=29, 98 evaluated, 97 expanded, t=6991.49s]
Best heuristic value: 1198/935 [g=30, 108 evaluated, 107 expanded, t=6999.43s]
Best heuristic value: 1198/934 [g=29, 109 evaluated, 108 expanded, t=7000.22s]
Best heuristic value: 1197/934 [g=31, 122 evaluated, 121 expanded, t=7010.54s]
Best heuristic value: 1197/932 [g=30, 129 evaluated, 128 expanded, t=7016.1s]
Best heuristic value: 1196/932 [g=31, 135 evaluated, 134 expanded, t=7020.86s]
Best heuristic value: 1195/932 [g=32, 142 evaluated, 141 expanded, t=7026.41s]
Best heuristic value: 1195/931 [g=31, 151 evaluated, 150 expanded, t=7033.55s]
Best heuristic value: 1194/931 [g=33, 164 evaluated, 163 expanded, t=7043.87s]
Best heuristic value: 1194/930 [g=32, 173 evaluated, 172 expanded, t=7051.01s]
Best heuristic value: 1193/930 [g=34, 186 evaluated, 185 expanded, t=7061.34s]
Best heuristic value: 1193/929 [g=33, 195 evaluated, 194 expanded, t=7068.48s]
Best heuristic value: 1192/929 [g=34, 201 evaluated, 200 expanded, t=7073.24s]
Best heuristic value: 1191/929 [g=35, 208 evaluated, 207 expanded, t=7078.79s]
Best heuristic value: 1191/928 [g=34, 221 evaluated, 220 expanded, t=7089.1s]
Best heuristic value: 1190/928 [g=36, 234 evaluated, 233 expanded, t=7099.42s]
Best heuristic value: 1190/927 [g=35, 253 evaluated, 252 expanded, t=7114.49s]
Best heuristic value: 1189/927 [g=37, 266 evaluated, 265 expanded, t=7124.81s]
Best heuristic value: 1189/926 [g=36, 285 evaluated, 284 expanded, t=7139.88s]
Best heuristic value: 1188/926 [g=38, 298 evaluated, 297 expanded, t=7150.2s]
Best heuristic value: 1188/925 [g=37, 321 evaluated, 320 expanded, t=7168.43s]
Best heuristic value: 1187/925 [g=39, 332 evaluated, 331 expanded, t=7177.18s]
Best heuristic value: 1187/924 [g=38, 357 evaluated, 356 expanded, t=7197.02s]
Best heuristic value: 1186/924 [g=40, 366 evaluated, 365 expanded, t=7204.17s]
Best heuristic value: 1186/923 [g=39, 395 evaluated, 394 expanded, t=7227.21s]
Best heuristic value: 1185/923 [g=40, 401 evaluated, 400 expanded, t=7231.97s]
Best heuristic value: 1184/923 [g=41, 408 evaluated, 407 expanded, t=7237.53s]
Best heuristic value: 1184/922 [g=40, 437 evaluated, 436 expanded, t=7260.54s]
Best heuristic value: 1183/922 [g=42, 442 evaluated, 441 expanded, t=7264.51s]
Best heuristic value: 1182/922 [g=43, 476 evaluated, 475 expanded, t=7291.51s]
Best heuristic value: 1182/920 [g=41, 479 evaluated, 478 expanded, t=7293.9s]
Best heuristic value: 1181/920 [g=44, 512 evaluated, 511 expanded, t=7320.12s]
Best heuristic value: 1181/919 [g=42, 527 evaluated, 526 expanded, t=7332.05s]
Best heuristic value: 1179/919 [g=45, 548 evaluated, 547 expanded, t=7348.73s]
Best heuristic value: 1179/918 [g=43, 575 evaluated, 574 expanded, t=7370.19s]
Best heuristic value: 1178/918 [g=46, 588 evaluated, 587 expanded, t=7380.53s]
Best heuristic value: 1178/917 [g=44, 623 evaluated, 622 expanded, t=7408.35s]
Best heuristic value: 1176/917 [g=47, 628 evaluated, 627 expanded, t=7412.32s]
Best heuristic value: 1175/917 [g=48, 672 evaluated, 671 expanded, t=7447.3s]
Best heuristic value: 1175/916 [g=45, 675 evaluated, 674 expanded, t=7449.68s]
Best heuristic value: 1173/916 [g=49, 716 evaluated, 715 expanded, t=7482.28s]
Best heuristic value: 1173/914 [g=46, 727 evaluated, 726 expanded, t=7491.01s]
Best heuristic value: 1172/914 [g=50, 760 evaluated, 759 expanded, t=7517.24s]
Best heuristic value: 1172/913 [g=47, 781 evaluated, 780 expanded, t=7533.94s]
Best heuristic value: 1171/913 [g=51, 804 evaluated, 803 expanded, t=7552.22s]
Best heuristic value: 1171/912 [g=48, 835 evaluated, 834 expanded, t=7576.87s]
Best heuristic value: 1170/912 [g=52, 848 evaluated, 847 expanded, t=7587.2s]
Best heuristic value: 1170/911 [g=49, 889 evaluated, 888 expanded, t=7619.77s]
Best heuristic value: 1168/911 [g=53, 896 evaluated, 895 expanded, t=7625.33s]
Best heuristic value: 1168/910 [g=50, 943 evaluated, 942 expanded, t=7662.72s]
Best heuristic value: 1166/910 [g=54, 944 evaluated, 943 expanded, t=7663.52s]
Best heuristic value: 1164/909 [g=55, 994 evaluated, 993 expanded, t=7703.28s]
Best heuristic value: 1163/908 [g=56, 1019 evaluated, 1018 expanded, t=7723.14s]
Best heuristic value: 1162/907 [g=57, 1044 evaluated, 1043 expanded, t=7743s]
Best heuristic value: 1160/906 [g=58, 1069 evaluated, 1068 expanded, t=7762.86s]
Best heuristic value: 1159/905 [g=59, 1094 evaluated, 1093 expanded, t=7782.71s]
Best heuristic value: 1157/904 [g=60, 1122 evaluated, 1121 expanded, t=7804.96s]
Best heuristic value: 1156/903 [g=61, 1150 evaluated, 1149 expanded, t=7827.2s]
Best heuristic value: 1155/902 [g=62, 1178 evaluated, 1177 expanded, t=7849.43s]
Best heuristic value: 1154/901 [g=63, 1206 evaluated, 1205 expanded, t=7871.65s]
Best heuristic value: 1153/900 [g=64, 1234 evaluated, 1233 expanded, t=7893.87s]
Best heuristic value: 1151/899 [g=65, 1264 evaluated, 1263 expanded, t=7917.67s]
Best heuristic value: 1150/898 [g=66, 1294 evaluated, 1293 expanded, t=7941.48s]
Best heuristic value: 1149/897 [g=67, 1325 evaluated, 1324 expanded, t=7966.07s]
Best heuristic value: 1147/895 [g=68, 1355 evaluated, 1354 expanded, t=7989.88s]
Best heuristic value: 1146/894 [g=69, 1386 evaluated, 1385 expanded, t=8014.48s]
Best heuristic value: 1144/893 [g=70, 1417 evaluated, 1416 expanded, t=8039.09s]
Best heuristic value: 1142/892 [g=71, 1448 evaluated, 1447 expanded, t=8063.69s]
Best heuristic value: 1141/891 [g=72, 1480 evaluated, 1479 expanded, t=8089.1s]
Best heuristic value: 1140/890 [g=73, 1512 evaluated, 1511 expanded, t=8114.5s]
Best heuristic value: 1139/889 [g=74, 1544 evaluated, 1543 expanded, t=8139.93s]
Best heuristic value: 1138/888 [g=75, 1576 evaluated, 1575 expanded, t=8165.33s]
Best heuristic value: 1137/887 [g=76, 1608 evaluated, 1607 expanded, t=8190.73s]
Best heuristic value: 1135/886 [g=77, 1640 evaluated, 1639 expanded, t=8216.13s]
Best heuristic value: 1134/885 [g=78, 1672 evaluated, 1671 expanded, t=8241.57s]
Best heuristic value: 1133/884 [g=79, 1704 evaluated, 1703 expanded, t=8267.01s]
Best heuristic value: 1132/883 [g=80, 1736 evaluated, 1735 expanded, t=8292.45s]
Best heuristic value: 1130/882 [g=81, 1768 evaluated, 1767 expanded, t=8317.89s]
Best heuristic value: 1128/881 [g=82, 1800 evaluated, 1799 expanded, t=8343.32s]
Best heuristic value: 1126/880 [g=83, 1832 evaluated, 1831 expanded, t=8368.75s]
Best heuristic value: 1125/879 [g=84, 1864 evaluated, 1863 expanded, t=8394.17s]
Best heuristic value: 1124/878 [g=85, 1896 evaluated, 1895 expanded, t=8419.6s]
Best heuristic value: 1123/877 [g=86, 1930 evaluated, 1929 expanded, t=8446.62s]
Best heuristic value: 1122/876 [g=87, 1964 evaluated, 1963 expanded, t=8473.63s]
Best heuristic value: 1119/874 [g=88, 1998 evaluated, 1997 expanded, t=8500.65s]
Best heuristic value: 1115/871 [g=89, 2032 evaluated, 2031 expanded, t=8527.57s]
Best heuristic value: 1111/868 [g=90, 2066 evaluated, 2065 expanded, t=8554.38s]
Best heuristic value: 1108/866 [g=91, 2100 evaluated, 2099 expanded, t=8581.04s]
Best heuristic value: 1105/864 [g=92, 2134 evaluated, 2133 expanded, t=8607.63s]
Best heuristic value: 1102/863 [g=93, 2168 evaluated, 2167 expanded, t=8634.1s]
Best heuristic value: 1099/861 [g=94, 2202 evaluated, 2201 expanded, t=8660.47s]
Best heuristic value: 1096/859 [g=95, 2236 evaluated, 2235 expanded, t=8686.77s]
Best heuristic value: 1093/857 [g=96, 2270 evaluated, 2269 expanded, t=8713.01s]
Best heuristic value: 1089/855 [g=97, 2304 evaluated, 2303 expanded, t=8739.15s]
Best heuristic value: 1086/853 [g=98, 2338 evaluated, 2337 expanded, t=8765.2s]
Best heuristic value: 1083/851 [g=99, 2372 evaluated, 2371 expanded, t=8791.16s]
Best heuristic value: 1080/850 [g=100, 2406 evaluated, 2405 expanded, t=8817.02s]
Best heuristic value: 1077/848 [g=101, 2440 evaluated, 2439 expanded, t=8842.8s]
Best heuristic value: 1074/846 [g=102, 2474 evaluated, 2473 expanded, t=8868.49s]
Best heuristic value: 1071/844 [g=103, 2508 evaluated, 2507 expanded, t=8894.12s]
Best heuristic value: 1068/842 [g=104, 2542 evaluated, 2541 expanded, t=8919.64s]
Best heuristic value: 1064/839 [g=105, 2576 evaluated, 2575 expanded, t=8945.08s]
Best heuristic value: 1061/837 [g=106, 2610 evaluated, 2609 expanded, t=8970.42s]
Best heuristic value: 1058/836 [g=107, 2644 evaluated, 2643 expanded, t=8995.65s]
Best heuristic value: 1056/834 [g=108, 2678 evaluated, 2677 expanded, t=9020.8s]
Best heuristic value: 1054/832 [g=109, 2712 evaluated, 2711 expanded, t=9045.83s]
Best heuristic value: 1051/830 [g=110, 2746 evaluated, 2745 expanded, t=9070.83s]
Best heuristic value: 1048/829 [g=111, 2780 evaluated, 2779 expanded, t=9095.7s]
Best heuristic value: 1044/826 [g=112, 2814 evaluated, 2813 expanded, t=9120.48s]
Best heuristic value: 1041/824 [g=113, 2848 evaluated, 2847 expanded, t=9145.17s]
Best heuristic value: 1038/823 [g=114, 2882 evaluated, 2881 expanded, t=9169.79s]
Best heuristic value: 1035/821 [g=115, 2916 evaluated, 2915 expanded, t=9194.33s]
Best heuristic value: 1032/819 [g=116, 2950 evaluated, 2949 expanded, t=9218.78s]
Best heuristic value: 1029/818 [g=117, 2984 evaluated, 2983 expanded, t=9243.15s]
Best heuristic value: 1026/816 [g=118, 3018 evaluated, 3017 expanded, t=9267.43s]
Best heuristic value: 1023/816 [g=119, 3052 evaluated, 3051 expanded, t=9291.65s]
Best heuristic value: 1023/814 [g=119, 3062 evaluated, 3061 expanded, t=9298.75s]
Best heuristic value: 1020/814 [g=120, 3119 evaluated, 3118 expanded, t=9339.34s]
Best heuristic value: 1020/812 [g=120, 3140 evaluated, 3139 expanded, t=9354.22s]
Best heuristic value: 1017/812 [g=121, 3187 evaluated, 3186 expanded, t=9387.53s]
Best heuristic value: 1017/810 [g=121, 3218 evaluated, 3217 expanded, t=9409.43s]
Best heuristic value: 1014/810 [g=122, 3255 evaluated, 3254 expanded, t=9435.53s]
Best heuristic value: 1014/808 [g=122, 3296 evaluated, 3295 expanded, t=9464.39s]
Best heuristic value: 1011/808 [g=123, 3323 evaluated, 3322 expanded, t=9483.38s]
Best heuristic value: 1011/806 [g=123, 3374 evaluated, 3373 expanded, t=9519.14s]
Best heuristic value: 1008/806 [g=124, 3391 evaluated, 3390 expanded, t=9531.04s]
Best heuristic value: 1008/804 [g=124, 3452 evaluated, 3451 expanded, t=9573.65s]
Best heuristic value: 1006/804 [g=125, 3459 evaluated, 3458 expanded, t=9578.53s]
Best heuristic value: 1003/804 [g=126, 3527 evaluated, 3526 expanded, t=9625.9s]
Best heuristic value: 1003/802 [g=125, 3534 evaluated, 3533 expanded, t=9630.77s]
Best heuristic value: 1000/802 [g=127, 3595 evaluated, 3594 expanded, t=9673.2s]
Best heuristic value: 1000/800 [g=126, 3616 evaluated, 3615 expanded, t=9687.76s]
Best heuristic value: 997/800 [g=128, 3663 evaluated, 3662 expanded, t=9720.24s]
Best heuristic value: 997/798 [g=127, 3698 evaluated, 3697 expanded, t=9744.4s]
Best heuristic value: 994/798 [g=129, 3731 evaluated, 3730 expanded, t=9767.16s]
Best heuristic value: 994/796 [g=128, 3780 evaluated, 3779 expanded, t=9800.9s]
Best heuristic value: 991/796 [g=130, 3799 evaluated, 3798 expanded, t=9813.94s]
Best heuristic value: 991/794 [g=129, 3862 evaluated, 3861 expanded, t=9857.08s]
Best heuristic value: 988/794 [g=131, 3867 evaluated, 3866 expanded, t=9860.5s]
Best heuristic value: 986/794 [g=132, 3935 evaluated, 3934 expanded, t=9906.93s]
Best heuristic value: 986/792 [g=130, 3944 evaluated, 3943 expanded, t=9913.05s]
Best heuristic value: 983/792 [g=133, 4003 evaluated, 4002 expanded, t=9953.22s]
Best heuristic value: 983/790 [g=131, 4026 evaluated, 4025 expanded, t=9968.83s]
Best heuristic value: 980/790 [g=134, 4071 evaluated, 4070 expanded, t=9999.36s]
Best heuristic value: 980/788 [g=132, 4108 evaluated, 4107 expanded, t=10024.4s]
Best heuristic value: 977/788 [g=135, 4139 evaluated, 4138 expanded, t=10045.4s]
Best heuristic value: 977/785 [g=133, 4190 evaluated, 4189 expanded, t=10079.9s]
Best heuristic value: 974/785 [g=136, 4207 evaluated, 4206 expanded, t=10091.3s]
Best heuristic value: 974/783 [g=134, 4272 evaluated, 4271 expanded, t=10135.1s]
Best heuristic value: 971/783 [g=137, 4275 evaluated, 4274 expanded, t=10137.1s]
Best heuristic value: 968/783 [g=138, 4343 evaluated, 4342 expanded, t=10182.8s]
Best heuristic value: 968/780 [g=135, 4354 evaluated, 4353 expanded, t=10190.2s]
Best heuristic value: 965/780 [g=139, 4411 evaluated, 4410 expanded, t=10228.3s]
Best heuristic value: 965/778 [g=136, 4436 evaluated, 4435 expanded, t=10245s]
Best heuristic value: 962/778 [g=140, 4479 evaluated, 4478 expanded, t=10273.6s]
Best heuristic value: 962/776 [g=137, 4518 evaluated, 4517 expanded, t=10299.5s]
Best heuristic value: 959/776 [g=141, 4547 evaluated, 4546 expanded, t=10318.8s]
Best heuristic value: 959/774 [g=138, 4600 evaluated, 4599 expanded, t=10354s]
Best heuristic value: 955/773 [g=142, 4615 evaluated, 4614 expanded, t=10363.9s]
Best heuristic value: 953/771 [g=143, 4649 evaluated, 4648 expanded, t=10386.1s]
Best heuristic value: 950/769 [g=144, 4683 evaluated, 4682 expanded, t=10408.3s]
Failed to allocate memory. Released memory buffer.
Memory limit has been reached.
Peak memory: 14999788 KB
