Parsing... [0.050s CPU, 0.056s wall-clock]
Normalizing task... [0.000s CPU, 0.003s wall-clock]
Instantiating...
Generating Datalog program... [0.010s CPU, 0.011s wall-clock]
Normalizing Datalog program...
Normalizing Datalog program: [0.020s CPU, 0.018s wall-clock]
Preparing model... [0.040s CPU, 0.047s wall-clock]
Generated 198 rules.
Computing model... [42.850s CPU, 42.840s wall-clock]
732566 relevant atoms
136471 auxiliary atoms
869037 final queue length
4787538 total queue pushes
Completing instantiation... [252.950s CPU, 252.944s wall-clock]
Instantiating: [296.600s CPU, 296.587s wall-clock]
Computing fact groups...
Finding invariants...
24 initial candidates
Finding invariants: [3.870s CPU, 3.871s wall-clock]
Checking invariant weight... [0.030s CPU, 0.027s wall-clock]
Instantiating groups... [1.260s CPU, 1.260s wall-clock]
Collecting mutex groups... [0.020s CPU, 0.016s wall-clock]
Choosing groups...
2368 uncovered facts
Choosing groups: [0.050s CPU, 0.044s wall-clock]
Building translation key... [0.030s CPU, 0.027s wall-clock]
Computing fact groups: [5.360s CPU, 5.360s wall-clock]
Building STRIPS to SAS dictionary... [0.020s CPU, 0.017s wall-clock]
Building dictionary for full mutex groups... [0.020s CPU, 0.021s wall-clock]
Building mutex information...
Building mutex information: [0.020s CPU, 0.024s wall-clock]
Translating task...
Processing axioms...
Simplifying axioms... [0.000s CPU, 0.000s wall-clock]
Processing axioms: [7.910s CPU, 7.911s wall-clock]
Translating task: [105.270s CPU, 105.262s wall-clock]
89289 implied effects removed
17952 effect conditions simplified
0 implied preconditions added
Detecting unreachable propositions...
1632 operators removed
1019 propositions removed
Detecting unreachable propositions: [22.460s CPU, 22.456s wall-clock]
Translator variables: 3019
Translator derived variables: 0
Translator facts: 9202
Translator mutex groups: 1115
Translator total mutex groups size: 5530
Translator operators: 722212
Translator task size: 6936457
Translator peak memory: 6812068 KB
Writing output... [21.320s CPU, 21.330s wall-clock]
Done! [461.100s CPU, 461.097s wall-clock]
