Parsing... [0.050s CPU, 0.057s wall-clock]
Normalizing task... [0.010s CPU, 0.003s wall-clock]
Instantiating...
Generating Datalog program... [0.010s CPU, 0.011s wall-clock]
Normalizing Datalog program...
Normalizing Datalog program: [0.020s CPU, 0.019s wall-clock]
Preparing model... [0.040s CPU, 0.048s wall-clock]
Generated 198 rules.
Computing model... [42.390s CPU, 42.383s wall-clock]
724016 relevant atoms
137664 auxiliary atoms
861680 final queue length
4710423 total queue pushes
Completing instantiation... [255.470s CPU, 255.459s wall-clock]
Instantiating: [298.640s CPU, 298.640s wall-clock]
Computing fact groups...
Finding invariants...
24 initial candidates
Finding invariants: [3.760s CPU, 3.762s wall-clock]
Checking invariant weight... [0.030s CPU, 0.027s wall-clock]
Instantiating groups... [1.300s CPU, 1.300s wall-clock]
Collecting mutex groups... [0.020s CPU, 0.015s wall-clock]
Choosing groups...
2424 uncovered facts
Choosing groups: [0.040s CPU, 0.045s wall-clock]
Building translation key... [0.030s CPU, 0.027s wall-clock]
Computing fact groups: [5.300s CPU, 5.294s wall-clock]
Building STRIPS to SAS dictionary... [0.020s CPU, 0.018s wall-clock]
Building dictionary for full mutex groups... [0.020s CPU, 0.021s wall-clock]
Building mutex information...
Building mutex information: [0.020s CPU, 0.024s wall-clock]
Translating task...
Processing axioms...
Simplifying axioms... [0.000s CPU, 0.000s wall-clock]
Processing axioms: [8.140s CPU, 8.142s wall-clock]
Translating task: [104.970s CPU, 104.965s wall-clock]
91221 implied effects removed
19460 effect conditions simplified
0 implied preconditions added
Detecting unreachable propositions...
1668 operators removed
1073 propositions removed
Detecting unreachable propositions: [22.520s CPU, 22.504s wall-clock]
Translator variables: 3069
Translator derived variables: 0
Translator facts: 9294
Translator mutex groups: 1123
Translator total mutex groups size: 5538
Translator operators: 713522
Translator task size: 6830553
Translator peak memory: 6708556 KB
Writing output... [21.380s CPU, 21.384s wall-clock]
Done! [462.630s CPU, 462.614s wall-clock]
