Parsing... [0.010s CPU, 0.016s wall-clock]
Normalizing task... [0.000s CPU, 0.001s wall-clock]
Instantiating...
Generating Datalog program... [0.000s CPU, 0.003s wall-clock]
Normalizing Datalog program...
Normalizing Datalog program: [0.020s CPU, 0.016s wall-clock]
Preparing model... [0.010s CPU, 0.012s wall-clock]
Generated 198 rules.
Computing model... [0.630s CPU, 0.627s wall-clock]
9211 relevant atoms
15571 auxiliary atoms
24782 final queue length
54105 total queue pushes
Completing instantiation... [1.920s CPU, 1.919s wall-clock]
Instantiating: [2.600s CPU, 2.598s wall-clock]
Computing fact groups...
Finding invariants...
24 initial candidates
Finding invariants: [0.050s CPU, 0.047s wall-clock]
Checking invariant weight... [0.000s CPU, 0.003s wall-clock]
Instantiating groups... [0.040s CPU, 0.038s wall-clock]
Collecting mutex groups... [0.000s CPU, 0.001s wall-clock]
Choosing groups...
295 uncovered facts
Choosing groups: [0.010s CPU, 0.004s wall-clock]
Building translation key... [0.000s CPU, 0.003s wall-clock]
Computing fact groups: [0.110s CPU, 0.107s wall-clock]
Building STRIPS to SAS dictionary... [0.000s CPU, 0.002s wall-clock]
Building dictionary for full mutex groups... [0.000s CPU, 0.002s wall-clock]
Building mutex information...
Building mutex information: [0.000s CPU, 0.002s wall-clock]
Translating task...
Processing axioms...
Simplifying axioms... [0.000s CPU, 0.000s wall-clock]
Processing axioms: [0.080s CPU, 0.075s wall-clock]
Translating task: [0.970s CPU, 0.965s wall-clock]
3608 implied effects removed
990 effect conditions simplified
0 implied preconditions added
Detecting unreachable propositions...
66 operators removed
154 propositions removed
Detecting unreachable propositions: [0.180s CPU, 0.182s wall-clock]
Translator variables: 368
Translator derived variables: 0
Translator facts: 1080
Translator mutex groups: 137
Translator total mutex groups size: 618
Translator operators: 7963
Translator task size: 68004
Translator peak memory: 111016 KB
Writing output... [0.170s CPU, 0.177s wall-clock]
Done! [4.130s CPU, 4.142s wall-clock]
