Dispatcher selected state size 1.
This is a nonunit task.
Simplifying transitions... done!
Initializing Exploration...
Generating landmarks using the RPG/SAS+ approach
approx. reasonable orders
approx. obedient reasonable orders
Removed 0 reasonable or obedient reasonable orders
Landmarks generation time: 1.05858s
Discovered 276 landmarks, of which 9 are disjunctive and 0 are conjunctive 
314 edges
Initializing LAMA-FF Synergy Object
Initializing landmarks count heuristic...
126 initial landmarks, 105 goal landmarks
Initializing Exploration...
Generating landmarks using the RPG/SAS+ approach
approx. reasonable orders
approx. obedient reasonable orders
Removed 0 reasonable or obedient reasonable orders
Landmarks generation time: 1.10088s
Discovered 276 landmarks, of which 9 are disjunctive and 0 are conjunctive 
315 edges
Initializing LAMA-FF Synergy Object
Initializing landmarks count heuristic...
126 initial landmarks, 105 goal landmarks
Starting search: lazy_greedy(list(hff1, hlm1), preferred = list(hff1, hlm1), cost_type = 1, reopen_closed = false)
Conducting lazy best first search, (real) bound = 2147483647
Best heuristic value: 150/92 [g=0, 1 evaluated, 0 expanded, t=2.64s]
Best heuristic value: 149/92 [g=1, 2 evaluated, 1 expanded, t=2.64s]
Best heuristic value: 147/90 [g=2, 3 evaluated, 2 expanded, t=2.64s]
Best heuristic value: 145/89 [g=3, 4 evaluated, 3 expanded, t=2.65s]
Best heuristic value: 144/88 [g=4, 5 evaluated, 4 expanded, t=2.65s]
Best heuristic value: 142/87 [g=5, 7 evaluated, 6 expanded, t=2.65s]
Best heuristic value: 140/85 [g=6, 9 evaluated, 8 expanded, t=2.65s]
Best heuristic value: 139/84 [g=7, 11 evaluated, 10 expanded, t=2.66s]
Best heuristic value: 138/83 [g=8, 13 evaluated, 12 expanded, t=2.66s]
Best heuristic value: 137/82 [g=9, 15 evaluated, 14 expanded, t=2.66s]
Best heuristic value: 136/81 [g=10, 17 evaluated, 16 expanded, t=2.67s]
Best heuristic value: 135/80 [g=11, 20 evaluated, 19 expanded, t=2.67s]
Best heuristic value: 134/79 [g=12, 23 evaluated, 22 expanded, t=2.68s]
Best heuristic value: 132/78 [g=13, 26 evaluated, 25 expanded, t=2.69s]
Best heuristic value: 131/77 [g=14, 31 evaluated, 30 expanded, t=2.7s]
Best heuristic value: 130/76 [g=15, 36 evaluated, 35 expanded, t=2.71s]
Best heuristic value: 128/75 [g=16, 41 evaluated, 40 expanded, t=2.72s]
Best heuristic value: 125/74 [g=17, 46 evaluated, 45 expanded, t=2.72s]
Best heuristic value: 122/73 [g=18, 51 evaluated, 50 expanded, t=2.73s]
Best heuristic value: 118/72 [g=19, 56 evaluated, 55 expanded, t=2.74s]
Best heuristic value: 114/71 [g=20, 61 evaluated, 60 expanded, t=2.75s]
Best heuristic value: 110/71 [g=21, 66 evaluated, 65 expanded, t=2.76s]
Best heuristic value: 110/70 [g=21, 68 evaluated, 67 expanded, t=2.76s]
Best heuristic value: 107/70 [g=22, 75 evaluated, 74 expanded, t=2.77s]
Best heuristic value: 107/69 [g=22, 83 evaluated, 82 expanded, t=2.78s]
Best heuristic value: 104/69 [g=23, 84 evaluated, 83 expanded, t=2.79s]
Best heuristic value: 103/69 [g=23, 93 evaluated, 92 expanded, t=2.8s]
Best heuristic value: 103/67 [g=23, 99 evaluated, 98 expanded, t=2.81s]
Best heuristic value: 100/67 [g=24, 102 evaluated, 101 expanded, t=2.82s]
Best heuristic value: 97/67 [g=25, 112 evaluated, 111 expanded, t=2.83s]
Best heuristic value: 97/66 [g=24, 115 evaluated, 114 expanded, t=2.84s]
Best heuristic value: 94/65 [g=26, 122 evaluated, 121 expanded, t=2.85s]
Best heuristic value: 90/63 [g=27, 127 evaluated, 126 expanded, t=2.86s]
Best heuristic value: 87/62 [g=28, 132 evaluated, 131 expanded, t=2.86s]
Best heuristic value: 84/61 [g=29, 137 evaluated, 136 expanded, t=2.87s]
Best heuristic value: 80/60 [g=30, 142 evaluated, 141 expanded, t=2.88s]
Best heuristic value: 76/59 [g=31, 147 evaluated, 146 expanded, t=2.88s]
Best heuristic value: 73/58 [g=32, 152 evaluated, 151 expanded, t=2.89s]
Best heuristic value: 70/58 [g=33, 157 evaluated, 156 expanded, t=2.9s]
Best heuristic value: 70/57 [g=33, 159 evaluated, 158 expanded, t=2.9s]
Best heuristic value: 69/57 [g=34, 166 evaluated, 165 expanded, t=2.91s]
Best heuristic value: 68/57 [g=34, 169 evaluated, 168 expanded, t=2.92s]
Best heuristic value: 68/56 [g=34, 171 evaluated, 170 expanded, t=2.92s]
Best heuristic value: 67/56 [g=35, 178 evaluated, 177 expanded, t=2.93s]
Best heuristic value: 67/55 [g=35, 183 evaluated, 182 expanded, t=2.94s]
Best heuristic value: 66/55 [g=36, 188 evaluated, 187 expanded, t=2.94s]
Best heuristic value: 66/54 [g=36, 195 evaluated, 194 expanded, t=2.96s]
Best heuristic value: 65/54 [g=37, 198 evaluated, 197 expanded, t=2.96s]
Best heuristic value: 65/53 [g=37, 207 evaluated, 206 expanded, t=2.97s]
Best heuristic value: 64/53 [g=38, 208 evaluated, 207 expanded, t=2.97s]
Best heuristic value: 63/53 [g=39, 218 evaluated, 217 expanded, t=2.99s]
Best heuristic value: 63/52 [g=38, 219 evaluated, 218 expanded, t=2.99s]
Best heuristic value: 62/52 [g=40, 228 evaluated, 227 expanded, t=3s]
Best heuristic value: 62/51 [g=39, 233 evaluated, 232 expanded, t=3.01s]
Best heuristic value: 61/51 [g=41, 238 evaluated, 237 expanded, t=3.02s]
Best heuristic value: 61/50 [g=40, 247 evaluated, 246 expanded, t=3.03s]
Best heuristic value: 58/50 [g=42, 248 evaluated, 247 expanded, t=3.03s]
Best heuristic value: 57/50 [g=43, 258 evaluated, 257 expanded, t=3.04s]
Best heuristic value: 57/49 [g=41, 261 evaluated, 260 expanded, t=3.04s]
Best heuristic value: 56/49 [g=44, 268 evaluated, 267 expanded, t=3.05s]
Best heuristic value: 55/49 [g=45, 278 evaluated, 277 expanded, t=3.07s]
Best heuristic value: 55/48 [g=42, 279 evaluated, 278 expanded, t=3.07s]
Best heuristic value: 54/48 [g=46, 288 evaluated, 287 expanded, t=3.08s]
Best heuristic value: 54/47 [g=43, 297 evaluated, 296 expanded, t=3.1s]
Best heuristic value: 53/47 [g=47, 298 evaluated, 297 expanded, t=3.1s]
Best heuristic value: 51/47 [g=48, 308 evaluated, 307 expanded, t=3.11s]
Best heuristic value: 51/46 [g=44, 315 evaluated, 314 expanded, t=3.12s]
Best heuristic value: 50/46 [g=49, 320 evaluated, 319 expanded, t=3.13s]
Best heuristic value: 48/44 [g=50, 332 evaluated, 331 expanded, t=3.14s]
Best heuristic value: 46/42 [g=51, 337 evaluated, 336 expanded, t=3.15s]
Best heuristic value: 45/41 [g=52, 342 evaluated, 341 expanded, t=3.16s]
Best heuristic value: 44/40 [g=53, 348 evaluated, 347 expanded, t=3.16s]
Best heuristic value: 43/39 [g=54, 354 evaluated, 353 expanded, t=3.17s]
Best heuristic value: 42/38 [g=55, 360 evaluated, 359 expanded, t=3.18s]
Best heuristic value: 41/37 [g=56, 366 evaluated, 365 expanded, t=3.19s]
Best heuristic value: 40/36 [g=57, 372 evaluated, 371 expanded, t=3.2s]
Best heuristic value: 39/35 [g=58, 378 evaluated, 377 expanded, t=3.2s]
Best heuristic value: 37/34 [g=59, 384 evaluated, 383 expanded, t=3.21s]
Best heuristic value: 36/33 [g=60, 390 evaluated, 389 expanded, t=3.22s]
Best heuristic value: 34/32 [g=61, 397 evaluated, 396 expanded, t=3.23s]
Best heuristic value: 33/31 [g=62, 404 evaluated, 403 expanded, t=3.24s]
Best heuristic value: 32/30 [g=63, 411 evaluated, 410 expanded, t=3.24s]
Best heuristic value: 31/29 [g=64, 418 evaluated, 417 expanded, t=3.25s]
Best heuristic value: 29/27 [g=65, 425 evaluated, 424 expanded, t=3.26s]
Best heuristic value: 28/26 [g=66, 433 evaluated, 432 expanded, t=3.27s]
Best heuristic value: 27/25 [g=67, 441 evaluated, 440 expanded, t=3.28s]
Best heuristic value: 24/24 [g=68, 450 evaluated, 449 expanded, t=3.29s]
Best heuristic value: 23/23 [g=69, 459 evaluated, 458 expanded, t=3.3s]
Best heuristic value: 22/22 [g=70, 468 evaluated, 467 expanded, t=3.32s]
Best heuristic value: 21/21 [g=71, 477 evaluated, 476 expanded, t=3.33s]
Best heuristic value: 20/20 [g=72, 486 evaluated, 485 expanded, t=3.34s]
Best heuristic value: 20/19 [g=73, 497 evaluated, 496 expanded, t=3.35s]
Best heuristic value: 19/19 [g=73, 499 evaluated, 498 expanded, t=3.35s]
Best heuristic value: 19/18 [g=74, 519 evaluated, 518 expanded, t=3.38s]
Best heuristic value: 18/18 [g=74, 524 evaluated, 523 expanded, t=3.38s]
Best heuristic value: 18/17 [g=75, 542 evaluated, 541 expanded, t=3.4s]
Best heuristic value: 17/17 [g=75, 549 evaluated, 548 expanded, t=3.41s]
Best heuristic value: 16/15 [g=76, 565 evaluated, 564 expanded, t=3.43s]
Best heuristic value: 15/15 [g=77, 576 evaluated, 575 expanded, t=3.44s]
Best heuristic value: 14/13 [g=77, 580 evaluated, 579 expanded, t=3.45s]
Best heuristic value: 13/13 [g=78, 589 evaluated, 588 expanded, t=3.46s]
Best heuristic value: 13/12 [g=78, 599 evaluated, 598 expanded, t=3.47s]
Best heuristic value: 12/12 [g=79, 608 evaluated, 607 expanded, t=3.48s]
Best heuristic value: 11/10 [g=79, 621 evaluated, 620 expanded, t=3.5s]
Best heuristic value: 10/10 [g=80, 627 evaluated, 626 expanded, t=3.5s]
Best heuristic value: 10/9 [g=81, 631 evaluated, 630 expanded, t=3.51s]
Best heuristic value: 9/9 [g=81, 640 evaluated, 639 expanded, t=3.52s]
Best heuristic value: 9/8 [g=83, 647 evaluated, 646 expanded, t=3.52s]
Best heuristic value: 8/8 [g=84, 657 evaluated, 656 expanded, t=3.54s]
Best heuristic value: 8/7 [g=85, 663 evaluated, 662 expanded, t=3.54s]
Best heuristic value: 7/7 [g=85, 668 evaluated, 667 expanded, t=3.55s]
Best heuristic value: 7/6 [g=87, 677 evaluated, 676 expanded, t=3.56s]
Best heuristic value: 6/6 [g=88, 683 evaluated, 682 expanded, t=3.56s]
Best heuristic value: 5/6 [g=89, 688 evaluated, 687 expanded, t=3.57s]
Best heuristic value: 4/4 [g=89, 695 evaluated, 694 expanded, t=3.58s]
Best heuristic value: 3/4 [g=93, 704 evaluated, 703 expanded, t=3.59s]
Best heuristic value: 2/2 [g=93, 705 evaluated, 704 expanded, t=3.59s]
Best heuristic value: 1/1 [g=95, 709 evaluated, 708 expanded, t=3.59s]
Solution found!
Actual search time: 0.96s [t=3.59s]
do-grind p9 grinder0 smooth green glazed untreated (15)
do-glaze p9 glazer0 white (10)
do-plane p7 planer0 rough mauve colourfragments (30)
do-glaze p7 glazer0 red (20)
do-plane p28 planer0 rough red colourfragments (30)
do-glaze p28 glazer0 green (20)
do-grind p24 grinder0 smooth mauve colourfragments untreated (30)
do-immersion-varnish p24 immersion-varnisher0 black verysmooth (10)
do-plane p20 planer0 smooth black varnished (20)
do-glaze p20 glazer0 white (15)
do-plane p15 planer0 rough mauve varnished (10)
do-glaze p15 glazer0 black (10)
do-plane p14 planer0 rough natural colourfragments (10)
do-grind p12 grinder0 verysmooth black colourfragments untreated (15)
do-immersion-varnish p12 immersion-varnisher0 black verysmooth (10)
do-saw-large b2 p16 saw0 mahogany rough s4 s2 s3 s1 (30)
do-saw-large b5 p23 saw0 pine rough s9 s7 s8 s6 (30)
do-saw-large b6 p25 saw0 walnut rough s8 s6 s7 s5 (30)
do-saw-large b9 p3 saw0 beech smooth s8 s6 s7 s5 (30)
do-saw-medium b9 p10 saw0 beech smooth s5 s4 s3 (30)
do-saw-medium b6 p26 saw0 walnut rough s5 s4 s3 (30)
do-saw-medium b5 p4 saw0 pine rough s6 s5 s4 (30)
do-saw-medium b9 p11 saw0 beech smooth s3 s2 s1 (30)
do-saw-medium b10 p30 saw0 beech rough s7 s6 s5 (30)
do-saw-medium b10 p32 saw0 beech rough s5 s4 s3 (30)
do-saw-medium b0 p6 saw0 cherry rough s8 s7 s6 (30)
do-saw-small b9 p0 saw0 beech smooth s1 s0 (30)
do-saw-small b1 p1 saw0 cherry rough s1 s0 (30)
do-saw-small b0 p13 saw0 cherry rough s6 s5 (30)
do-saw-small b7 p18 saw0 walnut rough s1 s0 (30)
do-saw-small b8 p19 saw0 teak smooth s4 s3 (30)
do-saw-small b6 p5 saw0 walnut rough s3 s2 (30)
do-glaze p6 glazer0 black (15)
do-saw-medium b8 p8 saw0 teak smooth s3 s2 s1 (30)
do-grind p8 grinder0 smooth natural untreated untreated (30)
do-glaze p8 glazer0 black (15)
do-plane p5 planer0 rough natural untreated (10)
do-immersion-varnish p5 immersion-varnisher0 black smooth (10)
do-plane p4 planer0 rough natural untreated (20)
do-grind p4 grinder0 smooth natural untreated untreated (30)
do-glaze p32 glazer0 black (15)
do-saw-small b8 p31 saw0 teak smooth s1 s0 (30)
do-grind p31 grinder0 smooth natural untreated untreated (15)
do-immersion-varnish p31 immersion-varnisher0 black verysmooth (10)
do-plane p30 planer0 rough natural untreated (20)
do-grind p30 grinder0 smooth natural untreated untreated (30)
do-glaze p3 glazer0 black (20)
do-saw-medium b6 p29 saw0 walnut rough s2 s1 s0 (30)
do-plane p29 planer0 rough natural untreated (20)
do-immersion-varnish p29 immersion-varnisher0 black smooth (10)
do-saw-large b5 p27 saw0 pine rough s4 s2 s3 s1 (30)
do-glaze p27 glazer0 black (20)
do-plane p26 planer0 rough natural untreated (20)
do-grind p26 grinder0 smooth natural untreated untreated (30)
do-plane p25 planer0 rough natural untreated (30)
do-immersion-varnish p25 immersion-varnisher0 black smooth (10)
do-plane p23 planer0 rough natural untreated (30)
do-grind p23 grinder0 smooth natural untreated untreated (45)
do-saw-large b3 p22 saw0 oak rough s7 s5 s6 s4 (30)
do-glaze p22 glazer0 blue (20)
do-saw-small b5 p21 saw0 pine rough s1 s0 (30)
do-plane p21 planer0 rough natural untreated (10)
do-grind p21 grinder0 smooth natural untreated untreated (15)
do-glaze p21 glazer0 black (10)
do-glaze p19 glazer0 white (10)
do-plane p18 planer0 rough natural untreated (10)
do-grind p18 grinder0 smooth natural untreated untreated (15)
do-saw-medium b4 p17 saw0 oak smooth s2 s1 s0 (30)
do-glaze p17 glazer0 mauve (15)
do-plane p16 planer0 rough natural untreated (30)
do-plane p13 planer0 rough natural untreated (10)
do-immersion-varnish p13 immersion-varnisher0 black smooth (10)
do-glaze p10 glazer0 green (15)
do-plane p1 planer0 rough natural untreated (10)
do-grind p1 grinder0 smooth natural untreated untreated (15)
do-glaze p0 glazer0 red (10)
do-immersion-varnish p11 immersion-varnisher0 blue smooth (10)
do-glaze p18 glazer0 natural (10)
do-immersion-varnish p14 immersion-varnisher0 green smooth (10)
do-grind p7 grinder0 smooth red glazed untreated (45)
do-glaze p7 glazer0 red (20)
do-plane p27 planer0 rough black glazed (30)
do-glaze p27 glazer0 black (20)
do-grind p27 grinder0 smooth black glazed untreated (45)
do-glaze p27 glazer0 black (20)
do-plane p22 planer0 rough blue glazed (30)
do-glaze p22 glazer0 blue (20)
do-grind p10 grinder0 smooth green glazed untreated (30)
do-immersion-varnish p10 immersion-varnisher0 green verysmooth (10)
do-plane p2 planer0 verysmooth red varnished (20)
do-glaze p2 glazer0 black (15)
do-grind p2 grinder0 smooth black glazed untreated (30)
do-immersion-varnish p2 immersion-varnisher0 black verysmooth (10)
do-grind p19 grinder0 smooth white glazed untreated (15)
do-glaze p19 glazer0 white (10)
do-grind p0 grinder0 smooth red glazed untreated (15)
do-glaze p0 glazer0 red (10)
Plan length: 97 step(s).
Plan cost: 2060
Initial state h value: 150/92.
Expanded 710 state(s).
Reopened 0 state(s).
Evaluated 711 state(s).
Evaluations: 1422
Generated 195992 state(s).
Dead ends: 0 state(s).
Best solution cost so far: 2060
Solution found - keep searching
Starting search: lazy_greedy(list(hff2, hlm2), preferred = list(hff2, hlm2), reopen_closed = false)
Conducting lazy best first search, (real) bound = 2060
Best heuristic value: 1990/2098 [g=0, 1 evaluated, 0 expanded, t=3.6s]
Best heuristic value: 1980/2098 [g=10, 2 evaluated, 1 expanded, t=3.6s]
Best heuristic value: 1974/2098 [g=15, 3 evaluated, 2 expanded, t=3.6s]
Best heuristic value: 1964/2082 [g=15, 4 evaluated, 3 expanded, t=3.6s]
Best heuristic value: 1958/2082 [g=20, 5 evaluated, 4 expanded, t=3.6s]
Best heuristic value: 1896/2046 [g=50, 7 evaluated, 6 expanded, t=3.61s]
Best heuristic value: 1885/2035 [g=60, 9 evaluated, 8 expanded, t=3.61s]
Best heuristic value: 1850/2031 [g=105, 11 evaluated, 10 expanded, t=3.62s]
Best heuristic value: 1788/1990 [g=135, 13 evaluated, 12 expanded, t=3.62s]
Best heuristic value: 1767/1969 [g=155, 18 evaluated, 17 expanded, t=3.63s]
Best heuristic value: 1756/1958 [g=165, 23 evaluated, 22 expanded, t=3.64s]
Best heuristic value: 1735/1937 [g=185, 28 evaluated, 27 expanded, t=3.65s]
Best heuristic value: 1724/1926 [g=195, 33 evaluated, 32 expanded, t=3.66s]
Best heuristic value: 1705/1926 [g=215, 38 evaluated, 37 expanded, t=3.66s]
Best heuristic value: 1705/1915 [g=205, 40 evaluated, 39 expanded, t=3.67s]
Best heuristic value: 1693/1915 [g=225, 47 evaluated, 46 expanded, t=3.68s]
Best heuristic value: 1693/1904 [g=215, 52 evaluated, 51 expanded, t=3.69s]
Best heuristic value: 1682/1904 [g=235, 59 evaluated, 58 expanded, t=3.7s]
Best heuristic value: 1680/1888 [g=225, 64 evaluated, 63 expanded, t=3.71s]
Best heuristic value: 1661/1888 [g=245, 69 evaluated, 68 expanded, t=3.72s]
Best heuristic value: 1661/1876 [g=230, 71 evaluated, 70 expanded, t=3.73s]
Best heuristic value: 1649/1876 [g=255, 78 evaluated, 77 expanded, t=3.74s]
Best heuristic value: 1646/1845 [g=260, 85 evaluated, 84 expanded, t=3.75s]
Best heuristic value: 1627/1845 [g=280, 90 evaluated, 89 expanded, t=3.76s]
Best heuristic value: 1613/1814 [g=290, 94 evaluated, 93 expanded, t=3.77s]
Best heuristic value: 1594/1814 [g=310, 99 evaluated, 98 expanded, t=3.78s]
Best heuristic value: 1580/1783 [g=320, 103 evaluated, 102 expanded, t=3.78s]
Best heuristic value: 1561/1783 [g=340, 108 evaluated, 107 expanded, t=3.79s]
Best heuristic value: 1536/1752 [g=350, 112 evaluated, 111 expanded, t=3.8s]
Best heuristic value: 1517/1752 [g=370, 117 evaluated, 116 expanded, t=3.81s]
Best heuristic value: 1492/1716 [g=380, 121 evaluated, 120 expanded, t=3.82s]
Best heuristic value: 1473/1716 [g=400, 126 evaluated, 125 expanded, t=3.82s]
Best heuristic value: 1448/1716 [g=410, 130 evaluated, 129 expanded, t=3.83s]
Best heuristic value: 1448/1675 [g=410, 132 evaluated, 131 expanded, t=3.83s]
Best heuristic value: 1429/1675 [g=430, 139 evaluated, 138 expanded, t=3.84s]
Best heuristic value: 1415/1675 [g=440, 146 evaluated, 145 expanded, t=3.86s]
Best heuristic value: 1415/1634 [g=440, 152 evaluated, 151 expanded, t=3.87s]
Best heuristic value: 1396/1634 [g=460, 155 evaluated, 154 expanded, t=3.87s]
Best heuristic value: 1384/1634 [g=470, 165 evaluated, 164 expanded, t=3.89s]
Best heuristic value: 1371/1634 [g=470, 166 evaluated, 165 expanded, t=3.89s]
Best heuristic value: 1371/1572 [g=470, 172 evaluated, 171 expanded, t=3.9s]
Best heuristic value: 1352/1572 [g=490, 175 evaluated, 174 expanded, t=3.91s]
Best heuristic value: 1340/1572 [g=500, 185 evaluated, 184 expanded, t=3.92s]
Best heuristic value: 1338/1572 [g=500, 186 evaluated, 185 expanded, t=3.92s]
Best heuristic value: 1338/1536 [g=500, 192 evaluated, 191 expanded, t=3.94s]
Best heuristic value: 1319/1536 [g=520, 195 evaluated, 194 expanded, t=3.94s]
Best heuristic value: 1307/1536 [g=530, 205 evaluated, 204 expanded, t=3.96s]
Best heuristic value: 1294/1531 [g=530, 206 evaluated, 205 expanded, t=3.96s]
Best heuristic value: 1275/1531 [g=550, 211 evaluated, 210 expanded, t=3.97s]
Best heuristic value: 1261/1490 [g=560, 215 evaluated, 214 expanded, t=3.97s]
Best heuristic value: 1242/1490 [g=580, 220 evaluated, 219 expanded, t=3.98s]
Best heuristic value: 1228/1428 [g=590, 224 evaluated, 223 expanded, t=3.99s]
Best heuristic value: 1209/1428 [g=610, 229 evaluated, 228 expanded, t=4s]
Best heuristic value: 1195/1377 [g=620, 233 evaluated, 232 expanded, t=4s]
Best heuristic value: 1176/1377 [g=640, 238 evaluated, 237 expanded, t=4.01s]
Best heuristic value: 1162/1326 [g=650, 242 evaluated, 241 expanded, t=4.02s]
Best heuristic value: 1143/1326 [g=670, 247 evaluated, 246 expanded, t=4.02s]
Best heuristic value: 1118/1275 [g=680, 251 evaluated, 250 expanded, t=4.03s]
Best heuristic value: 1099/1275 [g=700, 256 evaluated, 255 expanded, t=4.04s]
Best heuristic value: 1074/1239 [g=710, 260 evaluated, 259 expanded, t=4.04s]
Best heuristic value: 1055/1239 [g=730, 265 evaluated, 264 expanded, t=4.05s]
Best heuristic value: 1041/1188 [g=740, 269 evaluated, 268 expanded, t=4.06s]
Best heuristic value: 1022/1188 [g=760, 274 evaluated, 273 expanded, t=4.06s]
Best heuristic value: 1008/1188 [g=770, 278 evaluated, 277 expanded, t=4.07s]
Best heuristic value: 1008/1172 [g=755, 280 evaluated, 279 expanded, t=4.07s]
Best heuristic value: 989/1172 [g=790, 287 evaluated, 286 expanded, t=4.08s]
Best heuristic value: 981/1172 [g=785, 294 evaluated, 293 expanded, t=4.1s]
Best heuristic value: 981/1161 [g=765, 296 evaluated, 295 expanded, t=4.1s]
Best heuristic value: 962/1161 [g=805, 303 evaluated, 302 expanded, t=4.11s]
Best heuristic value: 962/1155 [g=770, 312 evaluated, 311 expanded, t=4.12s]
Best heuristic value: 950/1155 [g=815, 313 evaluated, 312 expanded, t=4.12s]
Best heuristic value: 940/1155 [g=825, 325 evaluated, 324 expanded, t=4.14s]
Best heuristic value: 940/1134 [g=790, 328 evaluated, 327 expanded, t=4.14s]
Best heuristic value: 939/1134 [g=840, 337 evaluated, 336 expanded, t=4.16s]
Best heuristic value: 939/1103 [g=820, 344 evaluated, 343 expanded, t=4.17s]
Best heuristic value: 933/1103 [g=845, 349 evaluated, 348 expanded, t=4.18s]
Best heuristic value: 922/1103 [g=850, 358 evaluated, 357 expanded, t=4.19s]
Best heuristic value: 922/1087 [g=835, 360 evaluated, 359 expanded, t=4.19s]
Best heuristic value: 903/1087 [g=870, 367 evaluated, 366 expanded, t=4.2s]
Best heuristic value: 891/1087 [g=880, 377 evaluated, 376 expanded, t=4.22s]
Best heuristic value: 891/1066 [g=855, 378 evaluated, 377 expanded, t=4.22s]
Best heuristic value: 881/1066 [g=890, 389 evaluated, 388 expanded, t=4.24s]
Best heuristic value: 881/1035 [g=885, 396 evaluated, 395 expanded, t=4.25s]
Best heuristic value: 880/1035 [g=905, 401 evaluated, 400 expanded, t=4.26s]
Best heuristic value: 878/1035 [g=905, 406 evaluated, 405 expanded, t=4.26s]
Best heuristic value: 864/1035 [g=915, 410 evaluated, 409 expanded, t=4.27s]
Best heuristic value: 864/1014 [g=905, 414 evaluated, 413 expanded, t=4.27s]
Best heuristic value: 845/1014 [g=935, 419 evaluated, 418 expanded, t=4.28s]
Best heuristic value: 843/1014 [g=935, 428 evaluated, 427 expanded, t=4.3s]
Best heuristic value: 843/993 [g=925, 436 evaluated, 435 expanded, t=4.3s]
Best heuristic value: 824/993 [g=955, 437 evaluated, 436 expanded, t=4.31s]
Best heuristic value: 812/993 [g=965, 447 evaluated, 446 expanded, t=4.32s]
Best heuristic value: 812/962 [g=955, 458 evaluated, 457 expanded, t=4.34s]
Best heuristic value: 802/962 [g=975, 459 evaluated, 458 expanded, t=4.34s]
Best heuristic value: 801/962 [g=990, 471 evaluated, 470 expanded, t=4.36s]
Best heuristic value: 801/931 [g=985, 480 evaluated, 479 expanded, t=4.37s]
Best heuristic value: 795/931 [g=995, 483 evaluated, 482 expanded, t=4.38s]
Best heuristic value: 790/931 [g=1015, 494 evaluated, 493 expanded, t=4.39s]
Best heuristic value: 790/920 [g=995, 502 evaluated, 501 expanded, t=4.4s]
Best heuristic value: 771/920 [g=1035, 503 evaluated, 502 expanded, t=4.4s]
Best heuristic value: 759/920 [g=1045, 513 evaluated, 512 expanded, t=4.42s]
Best heuristic value: 759/889 [g=1025, 524 evaluated, 523 expanded, t=4.44s]
Best heuristic value: 749/889 [g=1055, 525 evaluated, 524 expanded, t=4.44s]
Best heuristic value: 748/889 [g=1070, 537 evaluated, 536 expanded, t=4.46s]
Best heuristic value: 748/843 [g=1070, 546 evaluated, 545 expanded, t=4.47s]
Best heuristic value: 742/843 [g=1075, 549 evaluated, 548 expanded, t=4.47s]
Best heuristic value: 736/843 [g=1090, 556 evaluated, 555 expanded, t=4.48s]
Best heuristic value: 722/843 [g=1100, 560 evaluated, 559 expanded, t=4.49s]
Best heuristic value: 703/843 [g=1120, 569 evaluated, 568 expanded, t=4.5s]
Best heuristic value: 703/827 [g=1085, 574 evaluated, 573 expanded, t=4.51s]
Best heuristic value: 691/827 [g=1130, 579 evaluated, 578 expanded, t=4.52s]
Best heuristic value: 681/827 [g=1140, 591 evaluated, 590 expanded, t=4.54s]
Best heuristic value: 680/827 [g=1155, 603 evaluated, 602 expanded, t=4.56s]
Best heuristic value: 680/816 [g=1095, 604 evaluated, 603 expanded, t=4.56s]
Best heuristic value: 674/816 [g=1160, 615 evaluated, 614 expanded, t=4.57s]
Best heuristic value: 643/816 [g=1190, 627 evaluated, 626 expanded, t=4.6s]
Best heuristic value: 643/800 [g=1110, 634 evaluated, 633 expanded, t=4.61s]
Best heuristic value: 627/800 [g=1205, 639 evaluated, 638 expanded, t=4.62s]
Best heuristic value: 594/800 [g=1235, 651 evaluated, 650 expanded, t=4.63s]
Best heuristic value: 578/800 [g=1250, 663 evaluated, 662 expanded, t=4.65s]
Best heuristic value: 578/769 [g=1140, 668 evaluated, 667 expanded, t=4.66s]
Best heuristic value: 572/769 [g=1255, 675 evaluated, 674 expanded, t=4.67s]
Best heuristic value: 550/769 [g=1285, 687 evaluated, 686 expanded, t=4.69s]
Best heuristic value: 539/769 [g=1305, 701 evaluated, 700 expanded, t=4.71s]
Best heuristic value: 539/758 [g=1150, 702 evaluated, 701 expanded, t=4.71s]
Best heuristic value: 517/758 [g=1315, 713 evaluated, 712 expanded, t=4.73s]
Best heuristic value: 495/698 [g=1345, 725 evaluated, 724 expanded, t=4.75s]
Best heuristic value: 484/677 [g=1365, 731 evaluated, 730 expanded, t=4.75s]
Best heuristic value: 484/657 [g=1395, 737 evaluated, 736 expanded, t=4.76s]
Best heuristic value: 462/646 [g=1395, 739 evaluated, 738 expanded, t=4.76s]
Best heuristic value: 462/626 [g=1425, 745 evaluated, 744 expanded, t=4.77s]
Best heuristic value: 451/625 [g=1415, 747 evaluated, 746 expanded, t=4.77s]
Best heuristic value: 451/605 [g=1445, 753 evaluated, 752 expanded, t=4.78s]
Best heuristic value: 429/574 [g=1445, 757 evaluated, 756 expanded, t=4.79s]
Best heuristic value: 429/554 [g=1475, 763 evaluated, 762 expanded, t=4.8s]
Best heuristic value: 418/554 [g=1455, 767 evaluated, 766 expanded, t=4.8s]
Best heuristic value: 418/543 [g=1485, 774 evaluated, 773 expanded, t=4.81s]
Best heuristic value: 402/543 [g=1470, 783 evaluated, 782 expanded, t=4.83s]
Best heuristic value: 383/539 [g=1530, 786 evaluated, 785 expanded, t=4.83s]
Best heuristic value: 383/519 [g=1560, 792 evaluated, 791 expanded, t=4.84s]
Best heuristic value: 372/519 [g=1540, 794 evaluated, 793 expanded, t=4.84s]
Best heuristic value: 372/508 [g=1570, 805 evaluated, 804 expanded, t=4.85s]
Best heuristic value: 356/508 [g=1555, 809 evaluated, 808 expanded, t=4.86s]
Best heuristic value: 356/497 [g=1580, 818 evaluated, 817 expanded, t=4.87s]
Best heuristic value: 356/492 [g=1585, 823 evaluated, 822 expanded, t=4.88s]
Best heuristic value: 345/492 [g=1565, 825 evaluated, 824 expanded, t=4.88s]
Best heuristic value: 345/481 [g=1595, 836 evaluated, 835 expanded, t=4.9s]
Best heuristic value: 329/481 [g=1580, 843 evaluated, 842 expanded, t=4.91s]
Best heuristic value: 329/470 [g=1605, 850 evaluated, 849 expanded, t=4.91s]
Best heuristic value: 329/465 [g=1610, 857 evaluated, 856 expanded, t=4.92s]
Best heuristic value: 318/465 [g=1590, 863 evaluated, 862 expanded, t=4.93s]
Best heuristic value: 318/454 [g=1620, 870 evaluated, 869 expanded, t=4.94s]
Best heuristic value: 302/454 [g=1605, 883 evaluated, 882 expanded, t=4.95s]
Best heuristic value: 302/443 [g=1630, 888 evaluated, 887 expanded, t=4.96s]
Best heuristic value: 302/438 [g=1635, 897 evaluated, 896 expanded, t=4.97s]
Best heuristic value: 269/422 [g=1635, 905 evaluated, 904 expanded, t=4.99s]
Best heuristic value: 269/402 [g=1665, 912 evaluated, 911 expanded, t=4.99s]
Best heuristic value: 258/402 [g=1645, 920 evaluated, 919 expanded, t=5.01s]
Best heuristic value: 258/391 [g=1675, 925 evaluated, 924 expanded, t=5.01s]
Best heuristic value: 247/380 [g=1675, 942 evaluated, 941 expanded, t=5.03s]
Best heuristic value: 247/360 [g=1705, 949 evaluated, 948 expanded, t=5.04s]
Best heuristic value: 236/360 [g=1685, 957 evaluated, 956 expanded, t=5.05s]
Best heuristic value: 236/349 [g=1715, 962 evaluated, 961 expanded, t=5.06s]
Best heuristic value: 230/349 [g=1690, 979 evaluated, 978 expanded, t=5.08s]
Best heuristic value: 225/338 [g=1725, 982 evaluated, 981 expanded, t=5.09s]
Best heuristic value: 219/332 [g=1730, 992 evaluated, 991 expanded, t=5.1s]
Best heuristic value: 197/310 [g=1740, 1002 evaluated, 1001 expanded, t=5.11s]
Best heuristic value: 175/288 [g=1750, 1012 evaluated, 1011 expanded, t=5.12s]
Best heuristic value: 166/288 [g=1780, 1022 evaluated, 1021 expanded, t=5.13s]
Best heuristic value: 164/277 [g=1760, 1024 evaluated, 1023 expanded, t=5.14s]
Best heuristic value: 155/277 [g=1790, 1034 evaluated, 1033 expanded, t=5.15s]
Best heuristic value: 148/261 [g=1775, 1036 evaluated, 1035 expanded, t=5.15s]
Best heuristic value: 139/261 [g=1805, 1046 evaluated, 1045 expanded, t=5.17s]
Best heuristic value: 132/245 [g=1790, 1050 evaluated, 1049 expanded, t=5.17s]
Best heuristic value: 123/245 [g=1820, 1060 evaluated, 1059 expanded, t=5.18s]
Best heuristic value: 115/228 [g=1800, 1075 evaluated, 1074 expanded, t=5.2s]
Best heuristic value: 106/228 [g=1830, 1085 evaluated, 1084 expanded, t=5.21s]
Best heuristic value: 104/217 [g=1810, 1093 evaluated, 1092 expanded, t=5.22s]
Best heuristic value: 95/217 [g=1840, 1102 evaluated, 1101 expanded, t=5.23s]
Best heuristic value: 87/200 [g=1820, 1115 evaluated, 1114 expanded, t=5.25s]
Best heuristic value: 78/200 [g=1850, 1122 evaluated, 1121 expanded, t=5.26s]
Best heuristic value: 55/168 [g=1840, 1127 evaluated, 1126 expanded, t=5.27s]
Best heuristic value: 46/168 [g=1870, 1132 evaluated, 1131 expanded, t=5.27s]
Best heuristic value: 46/163 [g=1865, 1145 evaluated, 1144 expanded, t=5.29s]
Best heuristic value: 46/160 [g=1950, 1171 evaluated, 1170 expanded, t=5.32s]
Best heuristic value: 45/149 [g=1960, 1174 evaluated, 1173 expanded, t=5.32s]
Best heuristic value: 45/137 [g=1990, 1185 evaluated, 1184 expanded, t=5.33s]
Best heuristic value: 45/132 [g=2015, 1191 evaluated, 1190 expanded, t=5.34s]
Best heuristic value: 45/128 [g=2010, 1246 evaluated, 1245 expanded, t=5.41s]
Best heuristic value: 23/106 [g=2020, 1250 evaluated, 1249 expanded, t=5.41s]
Best heuristic value: 23/101 [g=2045, 1256 evaluated, 1255 expanded, t=5.42s]
Best heuristic value: 23/95 [g=2045, 1345 evaluated, 1344 expanded, t=5.53s]
Best heuristic value: 23/90 [g=2040, 1349 evaluated, 1348 expanded, t=5.53s]
Best heuristic value: 13/90 [g=2045, 1591 evaluated, 1590 expanded, t=5.83s]
