Parsing... [0.010s CPU, 0.016s wall-clock]
Normalizing task... [0.010s CPU, 0.001s wall-clock]
Instantiating...
Generating Datalog program... [0.000s CPU, 0.003s wall-clock]
Normalizing Datalog program...
Normalizing Datalog program: [0.010s CPU, 0.016s wall-clock]
Preparing model... [0.020s CPU, 0.013s wall-clock]
Generated 198 rules.
Computing model... [0.690s CPU, 0.683s wall-clock]
9734 relevant atoms
16183 auxiliary atoms
25917 final queue length
58938 total queue pushes
Completing instantiation... [1.950s CPU, 1.963s wall-clock]
Instantiating: [2.700s CPU, 2.699s wall-clock]
Computing fact groups...
Finding invariants...
24 initial candidates
Finding invariants: [0.040s CPU, 0.045s wall-clock]
Checking invariant weight... [0.010s CPU, 0.003s wall-clock]
Instantiating groups... [0.040s CPU, 0.040s wall-clock]
Collecting mutex groups... [0.000s CPU, 0.001s wall-clock]
Choosing groups...
284 uncovered facts
Choosing groups: [0.010s CPU, 0.004s wall-clock]
Building translation key... [0.000s CPU, 0.003s wall-clock]
Computing fact groups: [0.100s CPU, 0.108s wall-clock]
Building STRIPS to SAS dictionary... [0.010s CPU, 0.003s wall-clock]
Building dictionary for full mutex groups... [0.000s CPU, 0.002s wall-clock]
Building mutex information...
Building mutex information: [0.000s CPU, 0.002s wall-clock]
Translating task...
Processing axioms...
Simplifying axioms... [0.000s CPU, 0.000s wall-clock]
Processing axioms: [0.090s CPU, 0.083s wall-clock]
Translating task: [1.220s CPU, 1.217s wall-clock]
3529 implied effects removed
900 effect conditions simplified
0 implied preconditions added
Detecting unreachable propositions...
72 operators removed
145 propositions removed
Detecting unreachable propositions: [0.200s CPU, 0.206s wall-clock]
Translator variables: 369
Translator derived variables: 0
Translator facts: 1128
Translator mutex groups: 149
Translator total mutex groups size: 688
Translator operators: 8428
Translator task size: 73554
Translator peak memory: 116652 KB
Writing output... [0.180s CPU, 0.187s wall-clock]
Done! [4.530s CPU, 4.539s wall-clock]
