Parsing... [0.020s CPU, 0.034s wall-clock]
Normalizing task... [0.000s CPU, 0.001s wall-clock]
Instantiating...
Generating Datalog program... [0.000s CPU, 0.003s wall-clock]
Normalizing Datalog program...
Normalizing Datalog program: [0.020s CPU, 0.016s wall-clock]
Preparing model... [0.010s CPU, 0.012s wall-clock]
Generated 198 rules.
Computing model... [0.730s CPU, 0.733s wall-clock]
9423 relevant atoms
15727 auxiliary atoms
25150 final queue length
54646 total queue pushes
Completing instantiation... [3.460s CPU, 3.460s wall-clock]
Instantiating: [4.330s CPU, 4.333s wall-clock]
Computing fact groups...
Finding invariants...
24 initial candidates
Finding invariants: [0.050s CPU, 0.046s wall-clock]
Checking invariant weight... [0.000s CPU, 0.004s wall-clock]
Instantiating groups... [0.050s CPU, 0.045s wall-clock]
Collecting mutex groups... [0.000s CPU, 0.002s wall-clock]
Choosing groups...
322 uncovered facts
Choosing groups: [0.010s CPU, 0.005s wall-clock]
Building translation key... [0.010s CPU, 0.003s wall-clock]
Computing fact groups: [0.120s CPU, 0.119s wall-clock]
Building STRIPS to SAS dictionary... [0.000s CPU, 0.002s wall-clock]
Building dictionary for full mutex groups... [0.000s CPU, 0.002s wall-clock]
Building mutex information...
Building mutex information: [0.010s CPU, 0.002s wall-clock]
Translating task...
Processing axioms...
Simplifying axioms... [0.000s CPU, 0.000s wall-clock]
Processing axioms: [0.250s CPU, 0.253s wall-clock]
Translating task: [1.810s CPU, 1.812s wall-clock]
3864 implied effects removed
1044 effect conditions simplified
0 implied preconditions added
Detecting unreachable propositions...
72 operators removed
181 propositions removed
Detecting unreachable propositions: [0.190s CPU, 0.197s wall-clock]
Translator variables: 389
Translator derived variables: 0
Translator facts: 1103
Translator mutex groups: 137
Translator total mutex groups size: 599
Translator operators: 8142
Translator task size: 68481
Translator peak memory: 112060 KB
Writing output... [0.180s CPU, 0.180s wall-clock]
Done! [7.100s CPU, 7.122s wall-clock]
