Parsing... [0.010s CPU, 0.032s wall-clock]
Normalizing task... [0.000s CPU, 0.002s wall-clock]
Instantiating...
Generating Datalog program... [0.010s CPU, 0.003s wall-clock]
Normalizing Datalog program...
Normalizing Datalog program: [0.010s CPU, 0.016s wall-clock]
Preparing model... [0.010s CPU, 0.013s wall-clock]
Generated 198 rules.
Computing model... [0.960s CPU, 0.966s wall-clock]
11844 relevant atoms
18577 auxiliary atoms
30421 final queue length
70902 total queue pushes
Completing instantiation... [4.600s CPU, 4.590s wall-clock]
Instantiating: [5.720s CPU, 5.718s wall-clock]
Computing fact groups...
Finding invariants...
24 initial candidates
Finding invariants: [0.060s CPU, 0.061s wall-clock]
Checking invariant weight... [0.010s CPU, 0.011s wall-clock]
Instantiating groups... [0.050s CPU, 0.047s wall-clock]
Collecting mutex groups... [0.010s CPU, 0.001s wall-clock]
Choosing groups...
346 uncovered facts
Choosing groups: [0.000s CPU, 0.005s wall-clock]
Building translation key... [0.000s CPU, 0.004s wall-clock]
Computing fact groups: [0.140s CPU, 0.143s wall-clock]
Building STRIPS to SAS dictionary... [0.000s CPU, 0.002s wall-clock]
Building dictionary for full mutex groups... [0.010s CPU, 0.002s wall-clock]
Building mutex information...
Building mutex information: [0.000s CPU, 0.002s wall-clock]
Translating task...
Processing axioms...
Simplifying axioms... [0.000s CPU, 0.000s wall-clock]
Processing axioms: [0.340s CPU, 0.337s wall-clock]
Translating task: [3.290s CPU, 3.292s wall-clock]
4274 implied effects removed
1170 effect conditions simplified
0 implied preconditions added
Detecting unreachable propositions...
78 operators removed
172 propositions removed
Detecting unreachable propositions: [0.270s CPU, 0.268s wall-clock]
Translator variables: 434
Translator derived variables: 0
Translator facts: 1285
Translator mutex groups: 161
Translator total mutex groups size: 739
Translator operators: 10395
Translator task size: 90278
Translator peak memory: 133096 KB
Writing output... [0.240s CPU, 0.238s wall-clock]
Done! [10.230s CPU, 10.258s wall-clock]
