Parsing... [0.010s CPU, 0.013s wall-clock]
Normalizing task... [0.000s CPU, 0.001s wall-clock]
Instantiating...
Generating Datalog program... [0.010s CPU, 0.003s wall-clock]
Normalizing Datalog program...
Normalizing Datalog program: [0.010s CPU, 0.016s wall-clock]
Preparing model... [0.020s CPU, 0.011s wall-clock]
Generated 198 rules.
Computing model... [0.700s CPU, 0.698s wall-clock]
13530 relevant atoms
9783 auxiliary atoms
23313 final queue length
73238 total queue pushes
Completing instantiation... [2.860s CPU, 2.854s wall-clock]
Instantiating: [3.610s CPU, 3.600s wall-clock]
Computing fact groups...
Finding invariants...
24 initial candidates
Finding invariants: [0.060s CPU, 0.054s wall-clock]
Checking invariant weight... [0.000s CPU, 0.002s wall-clock]
Instantiating groups... [0.020s CPU, 0.024s wall-clock]
Collecting mutex groups... [0.000s CPU, 0.001s wall-clock]
Choosing groups...
158 uncovered facts
Choosing groups: [0.000s CPU, 0.003s wall-clock]
Building translation key... [0.000s CPU, 0.002s wall-clock]
Computing fact groups: [0.090s CPU, 0.091s wall-clock]
Building STRIPS to SAS dictionary... [0.000s CPU, 0.001s wall-clock]
Building dictionary for full mutex groups... [0.000s CPU, 0.001s wall-clock]
Building mutex information...
Building mutex information: [0.010s CPU, 0.001s wall-clock]
Translating task...
Processing axioms...
Simplifying axioms... [0.000s CPU, 0.000s wall-clock]
Processing axioms: [0.120s CPU, 0.122s wall-clock]
Translating task: [1.570s CPU, 1.575s wall-clock]
5919 implied effects removed
720 effect conditions simplified
0 implied preconditions added
Detecting unreachable propositions...
120 operators removed
77 propositions removed
Detecting unreachable propositions: [0.300s CPU, 0.296s wall-clock]
Translator variables: 218
Translator derived variables: 0
Translator facts: 670
Translator mutex groups: 97
Translator total mutex groups size: 444
Translator operators: 12554
Translator task size: 109356
Translator peak memory: 146952 KB
Writing output... [0.290s CPU, 0.290s wall-clock]
Done! [6.020s CPU, 6.015s wall-clock]
