Parsing... [0.020s CPU, 0.014s wall-clock]
Normalizing task... [0.000s CPU, 0.001s wall-clock]
Instantiating...
Generating Datalog program... [0.000s CPU, 0.003s wall-clock]
Normalizing Datalog program...
Normalizing Datalog program: [0.010s CPU, 0.017s wall-clock]
Preparing model... [0.020s CPU, 0.012s wall-clock]
Generated 198 rules.
Computing model... [0.930s CPU, 0.934s wall-clock]
19053 relevant atoms
13360 auxiliary atoms
32413 final queue length
102254 total queue pushes
Completing instantiation... [4.380s CPU, 4.374s wall-clock]
Instantiating: [5.360s CPU, 5.364s wall-clock]
Computing fact groups...
Finding invariants...
24 initial candidates
Finding invariants: [0.060s CPU, 0.063s wall-clock]
Checking invariant weight... [0.010s CPU, 0.003s wall-clock]
Instantiating groups... [0.030s CPU, 0.034s wall-clock]
Collecting mutex groups... [0.000s CPU, 0.001s wall-clock]
Choosing groups...
232 uncovered facts
Choosing groups: [0.010s CPU, 0.004s wall-clock]
Building translation key... [0.000s CPU, 0.003s wall-clock]
Computing fact groups: [0.110s CPU, 0.116s wall-clock]
Building STRIPS to SAS dictionary... [0.010s CPU, 0.001s wall-clock]
Building dictionary for full mutex groups... [0.000s CPU, 0.002s wall-clock]
Building mutex information...
Building mutex information: [0.000s CPU, 0.002s wall-clock]
Translating task...
Processing axioms...
Simplifying axioms... [0.000s CPU, 0.000s wall-clock]
Processing axioms: [0.170s CPU, 0.170s wall-clock]
Translating task: [2.520s CPU, 2.515s wall-clock]
8592 implied effects removed
962 effect conditions simplified
0 implied preconditions added
Detecting unreachable propositions...
156 operators removed
113 propositions removed
Detecting unreachable propositions: [0.430s CPU, 0.431s wall-clock]
Translator variables: 301
Translator derived variables: 0
Translator facts: 904
Translator mutex groups: 119
Translator total mutex groups size: 560
Translator operators: 17818
Translator task size: 153713
Translator peak memory: 189516 KB
Writing output... [0.400s CPU, 0.399s wall-clock]
Done! [9.050s CPU, 9.050s wall-clock]
