Parsing... [0.020s CPU, 0.018s wall-clock]
Normalizing task... [0.000s CPU, 0.001s wall-clock]
Instantiating...
Generating Datalog program... [0.000s CPU, 0.003s wall-clock]
Normalizing Datalog program...
Normalizing Datalog program: [0.030s CPU, 0.016s wall-clock]
Preparing model... [0.000s CPU, 0.013s wall-clock]
Generated 198 rules.
Computing model... [1.280s CPU, 1.280s wall-clock]
23007 relevant atoms
15488 auxiliary atoms
38495 final queue length
125345 total queue pushes
Completing instantiation... [11.440s CPU, 11.437s wall-clock]
Instantiating: [12.920s CPU, 12.921s wall-clock]
Computing fact groups...
Finding invariants...
24 initial candidates
Finding invariants: [0.090s CPU, 0.088s wall-clock]
Checking invariant weight... [0.000s CPU, 0.003s wall-clock]
Instantiating groups... [0.040s CPU, 0.039s wall-clock]
Collecting mutex groups... [0.000s CPU, 0.002s wall-clock]
Choosing groups...
258 uncovered facts
Choosing groups: [0.010s CPU, 0.007s wall-clock]
Building translation key... [0.000s CPU, 0.003s wall-clock]
Computing fact groups: [0.150s CPU, 0.152s wall-clock]
Building STRIPS to SAS dictionary... [0.000s CPU, 0.002s wall-clock]
Building dictionary for full mutex groups... [0.000s CPU, 0.002s wall-clock]
Building mutex information...
Building mutex information: [0.010s CPU, 0.002s wall-clock]
Translating task...
Processing axioms...
Simplifying axioms... [0.000s CPU, 0.000s wall-clock]
Processing axioms: [0.820s CPU, 0.824s wall-clock]
Translating task: [7.280s CPU, 7.276s wall-clock]
9591 implied effects removed
1682 effect conditions simplified
0 implied preconditions added
Detecting unreachable propositions...
174 operators removed
122 propositions removed
Detecting unreachable propositions: [0.550s CPU, 0.554s wall-clock]
Translator variables: 336
Translator derived variables: 0
Translator facts: 1032
Translator mutex groups: 133
Translator total mutex groups size: 648
Translator operators: 21630
Translator task size: 188304
Translator peak memory: 222544 KB
Writing output... [0.500s CPU, 0.496s wall-clock]
Done! [22.610s CPU, 22.608s wall-clock]
