Parsing... [0.020s CPU, 0.017s wall-clock]
Normalizing task... [0.000s CPU, 0.001s wall-clock]
Instantiating...
Generating Datalog program... [0.000s CPU, 0.004s wall-clock]
Normalizing Datalog program...
Normalizing Datalog program: [0.020s CPU, 0.017s wall-clock]
Preparing model... [0.020s CPU, 0.015s wall-clock]
Generated 198 rules.
Computing model... [1.870s CPU, 1.874s wall-clock]
27228 relevant atoms
17763 auxiliary atoms
44991 final queue length
146092 total queue pushes
Completing instantiation... [14.640s CPU, 14.636s wall-clock]
Instantiating: [16.740s CPU, 16.739s wall-clock]
Computing fact groups...
Finding invariants...
24 initial candidates
Finding invariants: [0.090s CPU, 0.094s wall-clock]
Checking invariant weight... [0.000s CPU, 0.004s wall-clock]
Instantiating groups... [0.050s CPU, 0.049s wall-clock]
Collecting mutex groups... [0.010s CPU, 0.003s wall-clock]
Choosing groups...
311 uncovered facts
Choosing groups: [0.000s CPU, 0.005s wall-clock]
Building translation key... [0.000s CPU, 0.003s wall-clock]
Computing fact groups: [0.170s CPU, 0.170s wall-clock]
Building STRIPS to SAS dictionary... [0.000s CPU, 0.002s wall-clock]
Building dictionary for full mutex groups... [0.010s CPU, 0.005s wall-clock]
Building mutex information...
Building mutex information: [0.000s CPU, 0.002s wall-clock]
Translating task...
Processing axioms...
Simplifying axioms... [0.000s CPU, 0.001s wall-clock]
Processing axioms: [0.940s CPU, 0.939s wall-clock]
Translating task: [8.810s CPU, 8.807s wall-clock]
11490 implied effects removed
2345 effect conditions simplified
0 implied preconditions added
Detecting unreachable propositions...
210 operators removed
158 propositions removed
Detecting unreachable propositions: [0.660s CPU, 0.666s wall-clock]
Translator variables: 392
Translator derived variables: 0
Translator facts: 1180
Translator mutex groups: 147
Translator total mutex groups size: 712
Translator operators: 25661
Translator task size: 219663
Translator peak memory: 254140 KB
Writing output... [0.570s CPU, 0.563s wall-clock]
Done! [28.400s CPU, 28.396s wall-clock]
