Parsing... [0.020s CPU, 0.018s wall-clock]
Normalizing task... [0.000s CPU, 0.001s wall-clock]
Instantiating...
Generating Datalog program... [0.000s CPU, 0.004s wall-clock]
Normalizing Datalog program...
Normalizing Datalog program: [0.020s CPU, 0.018s wall-clock]
Preparing model... [0.010s CPU, 0.014s wall-clock]
Generated 198 rules.
Computing model... [2.030s CPU, 2.022s wall-clock]
32785 relevant atoms
20667 auxiliary atoms
53452 final queue length
178241 total queue pushes
Completing instantiation... [16.890s CPU, 16.905s wall-clock]
Instantiating: [19.160s CPU, 19.181s wall-clock]
Computing fact groups...
Finding invariants...
24 initial candidates
Finding invariants: [0.100s CPU, 0.104s wall-clock]
Checking invariant weight... [0.010s CPU, 0.010s wall-clock]
Instantiating groups... [0.050s CPU, 0.056s wall-clock]
Collecting mutex groups... [0.000s CPU, 0.002s wall-clock]
Choosing groups...
361 uncovered facts
Choosing groups: [0.010s CPU, 0.007s wall-clock]
Building translation key... [0.000s CPU, 0.004s wall-clock]
Computing fact groups: [0.190s CPU, 0.197s wall-clock]
Building STRIPS to SAS dictionary... [0.000s CPU, 0.002s wall-clock]
Building dictionary for full mutex groups... [0.010s CPU, 0.002s wall-clock]
Building mutex information...
Building mutex information: [0.000s CPU, 0.003s wall-clock]
Translating task...
Processing axioms...
Simplifying axioms... [0.000s CPU, 0.000s wall-clock]
Processing axioms: [1.040s CPU, 1.040s wall-clock]
Translating task: [10.090s CPU, 10.088s wall-clock]
13554 implied effects removed
2214 effect conditions simplified
0 implied preconditions added
Detecting unreachable propositions...
246 operators removed
164 propositions removed
Detecting unreachable propositions: [0.790s CPU, 0.795s wall-clock]
Translator variables: 466
Translator derived variables: 0
Translator facts: 1410
Translator mutex groups: 179
Translator total mutex groups size: 862
Translator operators: 30998
Translator task size: 268840
Translator peak memory: 300064 KB
Writing output... [0.730s CPU, 0.713s wall-clock]
Done! [32.650s CPU, 32.657s wall-clock]
