Dispatcher selected state size 1.
This is a nonunit task.
Simplifying transitions... done!
Initializing Exploration...
Generating landmarks using the RPG/SAS+ approach
approx. reasonable orders
approx. obedient reasonable orders
Removed 0 reasonable or obedient reasonable orders
Landmarks generation time: 21.7445s
Discovered 388 landmarks, of which 8 are disjunctive and 0 are conjunctive 
437 edges
Initializing LAMA-FF Synergy Object
Initializing landmarks count heuristic...
179 initial landmarks, 152 goal landmarks
Initializing Exploration...
Generating landmarks using the RPG/SAS+ approach
approx. reasonable orders
approx. obedient reasonable orders
Removed 0 reasonable or obedient reasonable orders
Landmarks generation time: 22.0826s
Discovered 388 landmarks, of which 8 are disjunctive and 0 are conjunctive 
437 edges
Initializing LAMA-FF Synergy Object
Initializing landmarks count heuristic...
179 initial landmarks, 152 goal landmarks
Starting search: lazy_greedy(list(hff1, hlm1), preferred = list(hff1, hlm1), cost_type = 1, reopen_closed = false)
Conducting lazy best first search, (real) bound = 2147483647
Best heuristic value: 209/167 [g=0, 1 evaluated, 0 expanded, t=46.1s]
Best heuristic value: 208/166 [g=1, 2 evaluated, 1 expanded, t=46.13s]
Best heuristic value: 207/165 [g=2, 3 evaluated, 2 expanded, t=46.16s]
Best heuristic value: 206/164 [g=3, 4 evaluated, 3 expanded, t=46.19s]
Best heuristic value: 205/163 [g=4, 5 evaluated, 4 expanded, t=46.22s]
Best heuristic value: 203/161 [g=5, 7 evaluated, 6 expanded, t=46.27s]
Best heuristic value: 201/160 [g=6, 9 evaluated, 8 expanded, t=46.33s]
Best heuristic value: 198/158 [g=7, 15 evaluated, 14 expanded, t=46.49s]
Best heuristic value: 195/156 [g=8, 21 evaluated, 20 expanded, t=46.66s]
Best heuristic value: 192/154 [g=9, 27 evaluated, 26 expanded, t=46.83s]
Best heuristic value: 189/152 [g=10, 33 evaluated, 32 expanded, t=46.99s]
Best heuristic value: 186/150 [g=11, 39 evaluated, 38 expanded, t=47.15s]
Best heuristic value: 183/148 [g=12, 45 evaluated, 44 expanded, t=47.31s]
Best heuristic value: 180/146 [g=13, 51 evaluated, 50 expanded, t=47.46s]
Best heuristic value: 177/144 [g=14, 57 evaluated, 56 expanded, t=47.62s]
Best heuristic value: 174/142 [g=15, 63 evaluated, 62 expanded, t=47.77s]
Best heuristic value: 171/140 [g=16, 69 evaluated, 68 expanded, t=47.92s]
Best heuristic value: 168/136 [g=17, 75 evaluated, 74 expanded, t=48.07s]
Best heuristic value: 165/135 [g=18, 81 evaluated, 80 expanded, t=48.22s]
Best heuristic value: 161/133 [g=19, 87 evaluated, 86 expanded, t=48.36s]
Best heuristic value: 158/131 [g=20, 93 evaluated, 92 expanded, t=48.5s]
Best heuristic value: 155/129 [g=21, 99 evaluated, 98 expanded, t=48.65s]
Best heuristic value: 152/128 [g=22, 105 evaluated, 104 expanded, t=48.79s]
Best heuristic value: 149/126 [g=23, 111 evaluated, 110 expanded, t=48.92s]
Best heuristic value: 146/125 [g=24, 117 evaluated, 116 expanded, t=49.06s]
Best heuristic value: 143/123 [g=25, 123 evaluated, 122 expanded, t=49.2s]
Best heuristic value: 140/121 [g=26, 129 evaluated, 128 expanded, t=49.34s]
Best heuristic value: 136/119 [g=27, 135 evaluated, 134 expanded, t=49.47s]
Best heuristic value: 133/117 [g=28, 141 evaluated, 140 expanded, t=49.6s]
Best heuristic value: 130/115 [g=29, 147 evaluated, 146 expanded, t=49.73s]
Best heuristic value: 127/113 [g=30, 153 evaluated, 152 expanded, t=49.86s]
Best heuristic value: 124/112 [g=31, 159 evaluated, 158 expanded, t=49.99s]
Best heuristic value: 121/110 [g=32, 165 evaluated, 164 expanded, t=50.11s]
Best heuristic value: 119/108 [g=33, 171 evaluated, 170 expanded, t=50.24s]
Best heuristic value: 116/106 [g=34, 177 evaluated, 176 expanded, t=50.37s]
Best heuristic value: 115/105 [g=35, 183 evaluated, 182 expanded, t=50.49s]
Best heuristic value: 114/104 [g=36, 189 evaluated, 188 expanded, t=50.61s]
Best heuristic value: 113/103 [g=37, 195 evaluated, 194 expanded, t=50.73s]
Best heuristic value: 111/102 [g=38, 201 evaluated, 200 expanded, t=50.85s]
Best heuristic value: 110/101 [g=39, 207 evaluated, 206 expanded, t=50.98s]
Best heuristic value: 109/100 [g=40, 213 evaluated, 212 expanded, t=51.11s]
Best heuristic value: 107/99 [g=41, 219 evaluated, 218 expanded, t=51.23s]
Best heuristic value: 107/98 [g=42, 225 evaluated, 224 expanded, t=51.36s]
Best heuristic value: 106/98 [g=42, 227 evaluated, 226 expanded, t=51.4s]
Best heuristic value: 106/97 [g=43, 237 evaluated, 236 expanded, t=51.6s]
Best heuristic value: 104/96 [g=43, 240 evaluated, 239 expanded, t=51.66s]
Best heuristic value: 103/95 [g=44, 246 evaluated, 245 expanded, t=51.78s]
Best heuristic value: 102/94 [g=45, 252 evaluated, 251 expanded, t=51.91s]
Best heuristic value: 100/92 [g=46, 258 evaluated, 257 expanded, t=52.03s]
Best heuristic value: 98/90 [g=47, 265 evaluated, 264 expanded, t=52.17s]
Best heuristic value: 96/89 [g=48, 273 evaluated, 272 expanded, t=52.34s]
Best heuristic value: 95/88 [g=49, 281 evaluated, 280 expanded, t=52.5s]
Best heuristic value: 94/87 [g=50, 289 evaluated, 288 expanded, t=52.66s]
Best heuristic value: 93/86 [g=51, 297 evaluated, 296 expanded, t=52.82s]
Best heuristic value: 92/85 [g=52, 305 evaluated, 304 expanded, t=52.99s]
Best heuristic value: 91/84 [g=53, 314 evaluated, 313 expanded, t=53.17s]
Best heuristic value: 89/83 [g=54, 323 evaluated, 322 expanded, t=53.35s]
Best heuristic value: 89/82 [g=55, 332 evaluated, 331 expanded, t=53.53s]
Best heuristic value: 88/82 [g=55, 334 evaluated, 333 expanded, t=53.57s]
Best heuristic value: 87/76 [g=56, 350 evaluated, 349 expanded, t=53.89s]
Best heuristic value: 86/76 [g=57, 359 evaluated, 358 expanded, t=54.07s]
Best heuristic value: 86/75 [g=57, 361 evaluated, 360 expanded, t=54.11s]
Best heuristic value: 85/75 [g=58, 378 evaluated, 377 expanded, t=54.45s]
Best heuristic value: 85/74 [g=58, 381 evaluated, 380 expanded, t=54.51s]
Best heuristic value: 84/74 [g=59, 397 evaluated, 396 expanded, t=54.83s]
Best heuristic value: 82/73 [g=59, 400 evaluated, 399 expanded, t=54.89s]
Best heuristic value: 81/73 [g=60, 409 evaluated, 408 expanded, t=55.07s]
Best heuristic value: 81/72 [g=60, 415 evaluated, 414 expanded, t=55.19s]
Best heuristic value: 80/72 [g=61, 428 evaluated, 427 expanded, t=55.44s]
Best heuristic value: 80/70 [g=61, 441 evaluated, 440 expanded, t=55.7s]
Best heuristic value: 79/70 [g=62, 453 evaluated, 452 expanded, t=55.94s]
Best heuristic value: 79/69 [g=62, 468 evaluated, 467 expanded, t=56.23s]
Best heuristic value: 77/69 [g=63, 481 evaluated, 480 expanded, t=56.49s]
Best heuristic value: 77/68 [g=63, 498 evaluated, 497 expanded, t=56.83s]
Best heuristic value: 76/68 [g=64, 513 evaluated, 512 expanded, t=57.13s]
Best heuristic value: 76/67 [g=64, 530 evaluated, 529 expanded, t=57.46s]
Best heuristic value: 75/67 [g=65, 549 evaluated, 548 expanded, t=57.84s]
Best heuristic value: 75/66 [g=65, 562 evaluated, 561 expanded, t=58.1s]
Best heuristic value: 74/66 [g=66, 585 evaluated, 584 expanded, t=58.55s]
Best heuristic value: 74/65 [g=66, 594 evaluated, 593 expanded, t=58.73s]
Best heuristic value: 73/65 [g=67, 623 evaluated, 622 expanded, t=59.3s]
Best heuristic value: 73/64 [g=67, 626 evaluated, 625 expanded, t=59.36s]
Best heuristic value: 73/63 [g=68, 658 evaluated, 657 expanded, t=59.99s]
Best heuristic value: 72/63 [g=68, 661 evaluated, 660 expanded, t=60.05s]
Best heuristic value: 72/62 [g=69, 690 evaluated, 689 expanded, t=60.62s]
Best heuristic value: 71/62 [g=69, 699 evaluated, 698 expanded, t=60.8s]
Best heuristic value: 71/61 [g=70, 722 evaluated, 721 expanded, t=61.25s]
Best heuristic value: 70/61 [g=70, 737 evaluated, 736 expanded, t=61.55s]
Best heuristic value: 70/60 [g=71, 754 evaluated, 753 expanded, t=61.87s]
Best heuristic value: 69/60 [g=72, 772 evaluated, 771 expanded, t=62.23s]
Best heuristic value: 69/59 [g=72, 786 evaluated, 785 expanded, t=62.49s]
Best heuristic value: 68/59 [g=73, 791 evaluated, 790 expanded, t=62.59s]
Best heuristic value: 67/59 [g=74, 814 evaluated, 813 expanded, t=63.03s]
Best heuristic value: 67/58 [g=73, 817 evaluated, 816 expanded, t=63.09s]
Best heuristic value: 66/58 [g=75, 840 evaluated, 839 expanded, t=63.53s]
Best heuristic value: 66/57 [g=74, 849 evaluated, 848 expanded, t=63.7s]
Best heuristic value: 65/57 [g=76, 868 evaluated, 867 expanded, t=64.05s]
Best heuristic value: 65/56 [g=75, 881 evaluated, 880 expanded, t=64.3s]
Best heuristic value: 64/56 [g=77, 898 evaluated, 897 expanded, t=64.63s]
Best heuristic value: 64/55 [g=76, 913 evaluated, 912 expanded, t=64.91s]
Best heuristic value: 63/55 [g=78, 927 evaluated, 926 expanded, t=65.19s]
Best heuristic value: 63/54 [g=77, 944 evaluated, 943 expanded, t=65.51s]
Best heuristic value: 62/54 [g=79, 959 evaluated, 958 expanded, t=65.79s]
Best heuristic value: 61/54 [g=78, 976 evaluated, 975 expanded, t=66.12s]
Best heuristic value: 61/53 [g=78, 978 evaluated, 977 expanded, t=66.16s]
Best heuristic value: 60/53 [g=79, 993 evaluated, 992 expanded, t=66.44s]
Best heuristic value: 60/52 [g=79, 1012 evaluated, 1011 expanded, t=66.8s]
Best heuristic value: 59/52 [g=80, 1013 evaluated, 1012 expanded, t=66.82s]
Best heuristic value: 58/52 [g=81, 1036 evaluated, 1035 expanded, t=67.26s]
Best heuristic value: 58/51 [g=80, 1049 evaluated, 1048 expanded, t=67.51s]
Best heuristic value: 57/51 [g=82, 1062 evaluated, 1061 expanded, t=67.75s]
Best heuristic value: 57/50 [g=81, 1089 evaluated, 1088 expanded, t=68.27s]
Best heuristic value: 56/50 [g=83, 1090 evaluated, 1089 expanded, t=68.29s]
Best heuristic value: 55/50 [g=84, 1120 evaluated, 1119 expanded, t=68.86s]
Best heuristic value: 55/49 [g=82, 1129 evaluated, 1128 expanded, t=69.03s]
Best heuristic value: 54/49 [g=85, 1149 evaluated, 1148 expanded, t=69.41s]
Best heuristic value: 54/48 [g=83, 1168 evaluated, 1167 expanded, t=69.77s]
Best heuristic value: 53/48 [g=86, 1181 evaluated, 1180 expanded, t=70.02s]
Best heuristic value: 53/47 [g=84, 1208 evaluated, 1207 expanded, t=70.53s]
Best heuristic value: 52/47 [g=87, 1213 evaluated, 1212 expanded, t=70.63s]
Best heuristic value: 51/47 [g=88, 1244 evaluated, 1243 expanded, t=71.21s]
Best heuristic value: 51/46 [g=85, 1249 evaluated, 1248 expanded, t=71.31s]
Best heuristic value: 50/46 [g=89, 1276 evaluated, 1275 expanded, t=71.82s]
Best heuristic value: 50/44 [g=86, 1293 evaluated, 1292 expanded, t=72.14s]
Best heuristic value: 49/44 [g=90, 1308 evaluated, 1307 expanded, t=72.43s]
Best heuristic value: 49/43 [g=87, 1339 evaluated, 1338 expanded, t=73.02s]
Best heuristic value: 47/43 [g=91, 1340 evaluated, 1339 expanded, t=73.03s]
Best heuristic value: 46/43 [g=92, 1372 evaluated, 1371 expanded, t=73.64s]
Best heuristic value: 46/42 [g=88, 1385 evaluated, 1384 expanded, t=73.89s]
Best heuristic value: 45/42 [g=93, 1404 evaluated, 1403 expanded, t=74.25s]
Best heuristic value: 45/41 [g=89, 1431 evaluated, 1430 expanded, t=74.76s]
Best heuristic value: 43/41 [g=94, 1436 evaluated, 1435 expanded, t=74.85s]
Best heuristic value: 41/41 [g=95, 1468 evaluated, 1467 expanded, t=75.44s]
Best heuristic value: 41/40 [g=90, 1477 evaluated, 1476 expanded, t=75.61s]
Best heuristic value: 40/40 [g=96, 1504 evaluated, 1503 expanded, t=76.11s]
Best heuristic value: 39/40 [g=97, 1536 evaluated, 1535 expanded, t=76.69s]
Best heuristic value: 38/40 [g=98, 1561 evaluated, 1560 expanded, t=77.15s]
Best heuristic value: 37/40 [g=99, 1582 evaluated, 1581 expanded, t=77.54s]
Best heuristic value: 37/38 [g=91, 1595 evaluated, 1594 expanded, t=77.77s]
Best heuristic value: 36/38 [g=100, 1614 evaluated, 1613 expanded, t=78.13s]
Best heuristic value: 35/38 [g=101, 1648 evaluated, 1647 expanded, t=78.76s]
Best heuristic value: 34/38 [g=102, 1678 evaluated, 1677 expanded, t=79.31s]
Best heuristic value: 32/36 [g=103, 1701 evaluated, 1700 expanded, t=79.72s]
Best heuristic value: 30/34 [g=104, 1722 evaluated, 1721 expanded, t=80.1s]
Best heuristic value: 29/33 [g=105, 1744 evaluated, 1743 expanded, t=80.5s]
Best heuristic value: 28/32 [g=106, 1766 evaluated, 1765 expanded, t=80.9s]
Best heuristic value: 27/31 [g=107, 1788 evaluated, 1787 expanded, t=81.3s]
Best heuristic value: 26/30 [g=108, 1810 evaluated, 1809 expanded, t=81.69s]
Best heuristic value: 24/28 [g=109, 1833 evaluated, 1832 expanded, t=82.11s]
Best heuristic value: 22/26 [g=110, 1854 evaluated, 1853 expanded, t=82.48s]
Best heuristic value: 20/24 [g=111, 1874 evaluated, 1873 expanded, t=82.85s]
Best heuristic value: 18/22 [g=112, 1892 evaluated, 1891 expanded, t=83.17s]
Best heuristic value: 17/21 [g=114, 1906 evaluated, 1905 expanded, t=83.42s]
Best heuristic value: 15/19 [g=116, 1919 evaluated, 1918 expanded, t=83.65s]
Best heuristic value: 14/18 [g=118, 1931 evaluated, 1930 expanded, t=83.86s]
Best heuristic value: 13/17 [g=120, 1944 evaluated, 1943 expanded, t=84.08s]
Best heuristic value: 12/16 [g=122, 1957 evaluated, 1956 expanded, t=84.31s]
Best heuristic value: 11/15 [g=124, 2009 evaluated, 2008 expanded, t=85.21s]
Best heuristic value: 10/14 [g=126, 2019 evaluated, 2018 expanded, t=85.39s]
Best heuristic value: 9/13 [g=128, 2029 evaluated, 2028 expanded, t=85.56s]
Best heuristic value: 8/12 [g=130, 2103 evaluated, 2102 expanded, t=86.82s]
Best heuristic value: 7/11 [g=132, 2177 evaluated, 2176 expanded, t=88.1s]
Best heuristic value: 6/10 [g=134, 2241 evaluated, 2240 expanded, t=89.18s]
Best heuristic value: 5/9 [g=136, 2294 evaluated, 2293 expanded, t=90.09s]
Best heuristic value: 4/8 [g=138, 2347 evaluated, 2346 expanded, t=91s]
Best heuristic value: 3/6 [g=140, 42715 evaluated, 42714 expanded, t=787.15s]
Best heuristic value: 2/4 [g=142, 44182 evaluated, 44181 expanded, t=811.64s]
Best heuristic value: 1/2 [g=146, 46277 evaluated, 46276 expanded, t=846.52s]
Solution found!
Actual search time: 829.84s [t=875.92s]
do-grind p6 grinder0 verysmooth white glazed untreated (45)
do-immersion-varnish p6 immersion-varnisher0 black verysmooth (10)
do-plane p4 planer0 smooth natural varnished (30)
do-glaze p4 glazer0 mauve (20)
do-plane p36 planer0 verysmooth red glazed (30)
do-plane p35 planer0 rough mauve colourfragments (20)
do-saw-medium b5 p0 saw0 oak rough s4 s3 s2 (30)
do-saw-large b7 p1 saw0 pine rough s7 s5 s6 s4 (30)
do-saw-large b7 p11 saw0 pine rough s4 s2 s3 s1 (30)
do-saw-medium b12 p12 saw0 beech rough s6 s5 s4 (30)
do-saw-medium b12 p13 saw0 beech rough s4 s3 s2 (30)
do-saw-medium b8 p14 saw0 walnut rough s5 s4 s3 (30)
do-saw-large b2 p15 saw0 cherry rough s8 s6 s7 s5 (30)
do-saw-large b11 p16 saw0 beech rough s10 s8 s9 s7 (30)
do-saw-large b2 p19 saw0 cherry rough s5 s3 s4 s2 (30)
do-saw-medium b2 p2 saw0 cherry rough s2 s1 s0 (30)
do-saw-medium b5 p21 saw0 oak rough s2 s1 s0 (30)
do-saw-small b9 p22 saw0 teak rough s7 s6 (30)
do-saw-small b4 p24 saw0 oak smooth s7 s6 (30)
do-saw-medium b3 p25 saw0 mahogany rough s8 s7 s6 (30)
do-saw-medium b3 p26 saw0 mahogany rough s6 s5 s4 (30)
do-saw-large b9 p27 saw0 teak rough s6 s4 s5 s3 (30)
do-saw-medium b6 p28 saw0 pine rough s9 s8 s7 (30)
do-saw-medium b9 p29 saw0 teak rough s3 s2 s1 (30)
do-saw-medium b12 p3 saw0 beech rough s2 s1 s0 (30)
do-saw-large b1 p30 saw0 cherry rough s6 s4 s5 s3 (30)
do-saw-small b4 p32 saw0 oak smooth s6 s5 (30)
do-saw-medium b11 p38 saw0 beech rough s7 s6 s5 (30)
do-saw-small b7 p39 saw0 pine rough s1 s0 (30)
do-saw-small b6 p41 saw0 pine rough s7 s6 (30)
do-saw-small b9 p42 saw0 teak rough s1 s0 (30)
do-saw-medium b11 p43 saw0 beech rough s5 s4 s3 (30)
do-saw-small b1 p8 saw0 cherry rough s3 s2 (30)
do-saw-small b1 p9 saw0 cherry rough s2 s1 (30)
do-plane p9 planer0 rough natural untreated (10)
do-immersion-varnish p9 immersion-varnisher0 black smooth (10)
do-plane p8 planer0 rough natural untreated (10)
do-saw-large b8 p7 saw0 walnut rough s3 s1 s2 s0 (30)
do-plane p7 planer0 rough natural untreated (30)
do-glaze p7 glazer0 black (20)
do-saw-small b6 p5 saw0 pine rough s6 s5 (30)
do-plane p5 planer0 rough natural untreated (10)
do-immersion-varnish p5 immersion-varnisher0 black smooth (10)
do-plane p43 planer0 rough natural untreated (20)
do-immersion-varnish p43 immersion-varnisher0 black smooth (10)
do-glaze p42 glazer0 mauve (10)
do-glaze p41 glazer0 red (10)
do-saw-medium b6 p40 saw0 pine rough s5 s4 s3 (30)
do-plane p40 planer0 rough natural untreated (20)
do-grind p40 grinder0 smooth natural untreated untreated (30)
do-glaze p40 glazer0 black (15)
do-glaze p39 glazer0 black (10)
do-glaze p38 glazer2 white (15)
do-saw-small b6 p37 saw0 pine rough s3 s2 (30)
do-glaze p37 glazer0 red (10)
do-saw-medium b6 p34 saw0 pine rough s2 s1 s0 (30)
do-plane p34 planer0 rough natural untreated (20)
do-glaze p34 glazer0 black (15)
do-saw-medium b4 p33 saw0 oak smooth s5 s4 s3 (30)
do-glaze p32 glazer1 blue (10)
do-glaze p30 glazer1 blue (20)
do-glaze p3 glazer0 red (15)
do-glaze p29 glazer0 red (15)
do-glaze p28 glazer2 white (15)
do-plane p27 planer0 rough natural untreated (30)
do-immersion-varnish p27 immersion-varnisher0 black smooth (10)
do-glaze p25 glazer0 black (15)
do-grind p24 grinder0 smooth natural untreated untreated (15)
do-immersion-varnish p24 immersion-varnisher0 black verysmooth (10)
do-saw-small b4 p23 saw0 oak smooth s3 s2 (30)
do-grind p23 grinder0 smooth natural untreated untreated (15)
do-glaze p23 glazer0 black (10)
do-plane p22 planer0 rough natural untreated (10)
do-glaze p22 glazer0 black (10)
do-plane p21 planer0 rough natural untreated (20)
do-grind p21 grinder0 smooth natural untreated untreated (30)
do-immersion-varnish p21 immersion-varnisher0 black verysmooth (10)
do-saw-medium b4 p20 saw0 oak smooth s2 s1 s0 (30)
do-plane p37 planer0 rough red glazed (10)
do-immersion-varnish p37 immersion-varnisher0 black smooth (10)
do-grind p32 grinder0 smooth blue glazed untreated (15)
do-immersion-varnish p32 immersion-varnisher0 black verysmooth (10)
do-plane p3 planer0 rough red glazed (20)
do-immersion-varnish p3 immersion-varnisher0 black smooth (10)
do-plane p29 planer0 rough red glazed (20)
do-grind p29 grinder0 smooth natural untreated untreated (30)
do-immersion-varnish p29 immersion-varnisher0 black verysmooth (10)
do-glaze p20 glazer0 mauve (15)
do-glaze p2 glazer0 black (15)
do-glaze p19 glazer0 green (20)
do-saw-medium b3 p18 saw0 mahogany rough s4 s3 s2 (30)
do-plane p18 planer0 rough natural untreated (20)
do-immersion-varnish p18 immersion-varnisher0 black smooth (10)
do-saw-medium b3 p17 saw0 mahogany rough s2 s1 s0 (30)
do-glaze p17 glazer0 red (15)
do-plane p16 planer0 rough natural untreated (30)
do-glaze p15 glazer0 red (20)
do-plane p14 planer0 rough natural untreated (20)
do-immersion-varnish p14 immersion-varnisher0 black smooth (10)
do-plane p13 planer0 rough natural untreated (20)
do-grind p13 grinder0 smooth natural untreated untreated (30)
do-plane p12 planer0 rough natural untreated (20)
do-immersion-varnish p12 immersion-varnisher0 black smooth (10)
do-glaze p11 glazer0 mauve (20)
do-plane p1 planer0 rough natural untreated (30)
do-immersion-varnish p1 immersion-varnisher0 black smooth (10)
do-plane p0 planer0 rough natural untreated (20)
do-glaze p0 glazer0 black (15)
do-immersion-varnish p13 immersion-varnisher0 mauve verysmooth (10)
do-immersion-varnish p16 immersion-varnisher0 mauve smooth (10)
do-immersion-varnish p33 immersion-varnisher0 white smooth (10)
do-immersion-varnish p35 immersion-varnisher0 white smooth (10)
do-grind p4 grinder0 smooth mauve glazed untreated (45)
do-glaze p4 glazer0 mauve (20)
do-plane p31 planer0 rough white glazed (20)
do-glaze p31 glazer0 mauve (15)
do-plane p10 planer0 rough blue glazed (20)
do-glaze p10 glazer0 black (15)
do-plane p39 planer0 rough black glazed (10)
do-glaze p39 glazer0 black (10)
do-grind p39 grinder0 smooth black glazed untreated (15)
do-glaze p39 glazer0 black (10)
do-plane p42 planer0 rough mauve glazed (10)
do-glaze p42 glazer0 mauve (10)
do-plane p41 planer0 rough red glazed (10)
do-glaze p41 glazer0 red (10)
do-grind p41 grinder0 smooth red glazed untreated (15)
do-glaze p41 glazer0 red (10)
do-plane p30 planer0 rough blue glazed (30)
do-glaze p30 glazer1 blue (20)
do-grind p30 grinder0 smooth blue glazed untreated (45)
do-glaze p30 glazer1 blue (20)
do-plane p17 planer0 rough red glazed (20)
do-glaze p17 glazer0 red (15)
do-plane p11 planer0 rough mauve glazed (30)
do-glaze p11 glazer0 mauve (20)
do-grind p11 grinder0 smooth mauve glazed untreated (45)
do-glaze p11 glazer0 mauve (20)
do-plane p37 planer0 smooth black varnished (10)
do-immersion-varnish p37 immersion-varnisher1 red smooth (10)
do-plane p3 planer0 smooth black varnished (20)
do-immersion-varnish p3 immersion-varnisher1 red smooth (10)
do-plane p32 planer0 verysmooth black varnished (10)
do-glaze p32 glazer1 blue (10)
do-grind p32 grinder0 smooth blue glazed untreated (15)
do-immersion-varnish p32 immersion-varnisher0 blue verysmooth (10)
do-plane p29 planer0 verysmooth black varnished (20)
do-glaze p29 glazer0 red (15)
do-grind p29 grinder0 smooth red glazed untreated (30)
do-immersion-varnish p29 immersion-varnisher1 red verysmooth (10)
Plan length: 150 step(s).
Plan cost: 3045
Initial state h value: 209/167.
Expanded 48095 state(s).
Reopened 0 state(s).
Evaluated 48096 state(s).
Evaluations: 96192
Generated 20691994 state(s).
Dead ends: 0 state(s).
Best solution cost so far: 3045
Solution found - keep searching
Starting search: lazy_greedy(list(hff2, hlm2), preferred = list(hff2, hlm2), reopen_closed = false)
Conducting lazy best first search, (real) bound = 3045
Best heuristic value: 2634/4126 [g=0, 1 evaluated, 0 expanded, t=875.95s]
Best heuristic value: 2603/4095 [g=30, 2 evaluated, 1 expanded, t=875.98s]
Best heuristic value: 2592/4084 [g=40, 3 evaluated, 2 expanded, t=876s]
Best heuristic value: 2561/4053 [g=70, 4 evaluated, 3 expanded, t=876.03s]
Best heuristic value: 2550/4042 [g=80, 5 evaluated, 4 expanded, t=876.06s]
Best heuristic value: 2515/4038 [g=125, 6 evaluated, 5 expanded, t=876.09s]
Best heuristic value: 2453/4007 [g=155, 7 evaluated, 6 expanded, t=876.12s]
Best heuristic value: 2411/3981 [g=175, 9 evaluated, 8 expanded, t=876.18s]
Best heuristic value: 2389/3959 [g=185, 11 evaluated, 10 expanded, t=876.23s]
Best heuristic value: 2369/3949 [g=205, 13 evaluated, 12 expanded, t=876.29s]
Best heuristic value: 2358/3949 [g=215, 15 evaluated, 14 expanded, t=876.35s]
Best heuristic value: 2349/3944 [g=225, 18 evaluated, 17 expanded, t=876.43s]
Best heuristic value: 2338/3944 [g=235, 20 evaluated, 19 expanded, t=876.49s]
Best heuristic value: 2338/3928 [g=240, 23 evaluated, 22 expanded, t=876.58s]
Best heuristic value: 2337/3928 [g=250, 24 evaluated, 23 expanded, t=876.61s]
Best heuristic value: 2304/3866 [g=280, 28 evaluated, 27 expanded, t=876.72s]
Best heuristic value: 2304/3856 [g=300, 30 evaluated, 29 expanded, t=876.78s]
Best heuristic value: 2271/3804 [g=310, 32 evaluated, 31 expanded, t=876.83s]
Best heuristic value: 2271/3794 [g=330, 34 evaluated, 33 expanded, t=876.89s]
Best heuristic value: 2238/3742 [g=340, 36 evaluated, 35 expanded, t=876.94s]
Best heuristic value: 2238/3732 [g=360, 38 evaluated, 37 expanded, t=877s]
Best heuristic value: 2205/3670 [g=370, 40 evaluated, 39 expanded, t=877.05s]
Best heuristic value: 2205/3660 [g=390, 42 evaluated, 41 expanded, t=877.11s]
Best heuristic value: 2172/3598 [g=400, 44 evaluated, 43 expanded, t=877.17s]
Best heuristic value: 2172/3588 [g=420, 46 evaluated, 45 expanded, t=877.22s]
Best heuristic value: 2139/3526 [g=430, 48 evaluated, 47 expanded, t=877.28s]
Best heuristic value: 2139/3516 [g=450, 50 evaluated, 49 expanded, t=877.33s]
Best heuristic value: 2106/3464 [g=460, 52 evaluated, 51 expanded, t=877.38s]
Best heuristic value: 2106/3454 [g=480, 54 evaluated, 53 expanded, t=877.44s]
Best heuristic value: 2073/3402 [g=490, 56 evaluated, 55 expanded, t=877.49s]
Best heuristic value: 2073/3392 [g=510, 58 evaluated, 57 expanded, t=877.54s]
Best heuristic value: 2040/3340 [g=520, 60 evaluated, 59 expanded, t=877.59s]
Best heuristic value: 2040/3330 [g=540, 62 evaluated, 61 expanded, t=877.64s]
Best heuristic value: 2007/3278 [g=550, 64 evaluated, 63 expanded, t=877.7s]
Best heuristic value: 2007/3268 [g=570, 66 evaluated, 65 expanded, t=877.74s]
Best heuristic value: 1974/3144 [g=580, 68 evaluated, 67 expanded, t=877.8s]
Best heuristic value: 1974/3134 [g=600, 70 evaluated, 69 expanded, t=877.84s]
Best heuristic value: 1941/3093 [g=610, 72 evaluated, 71 expanded, t=877.9s]
Best heuristic value: 1941/3083 [g=630, 74 evaluated, 73 expanded, t=877.94s]
Best heuristic value: 1897/3031 [g=640, 76 evaluated, 75 expanded, t=878s]
Best heuristic value: 1897/3021 [g=660, 78 evaluated, 77 expanded, t=878.04s]
Best heuristic value: 1864/2969 [g=670, 80 evaluated, 79 expanded, t=878.09s]
Best heuristic value: 1864/2959 [g=690, 82 evaluated, 81 expanded, t=878.14s]
Best heuristic value: 1831/2907 [g=700, 84 evaluated, 83 expanded, t=878.19s]
Best heuristic value: 1831/2897 [g=720, 86 evaluated, 85 expanded, t=878.24s]
Best heuristic value: 1798/2876 [g=730, 88 evaluated, 87 expanded, t=878.29s]
Best heuristic value: 1798/2866 [g=750, 90 evaluated, 89 expanded, t=878.34s]
Best heuristic value: 1765/2814 [g=760, 92 evaluated, 91 expanded, t=878.38s]
Best heuristic value: 1765/2804 [g=780, 94 evaluated, 93 expanded, t=878.43s]
Best heuristic value: 1732/2773 [g=790, 96 evaluated, 95 expanded, t=878.48s]
Best heuristic value: 1732/2763 [g=810, 98 evaluated, 97 expanded, t=878.52s]
Best heuristic value: 1699/2701 [g=820, 100 evaluated, 99 expanded, t=878.57s]
Best heuristic value: 1699/2691 [g=840, 102 evaluated, 101 expanded, t=878.62s]
Best heuristic value: 1666/2639 [g=850, 104 evaluated, 103 expanded, t=878.66s]
Best heuristic value: 1666/2629 [g=870, 106 evaluated, 105 expanded, t=878.71s]
Best heuristic value: 1622/2572 [g=880, 108 evaluated, 107 expanded, t=878.76s]
Best heuristic value: 1622/2562 [g=900, 110 evaluated, 109 expanded, t=878.8s]
Best heuristic value: 1589/2510 [g=910, 112 evaluated, 111 expanded, t=878.85s]
Best heuristic value: 1589/2500 [g=930, 114 evaluated, 113 expanded, t=878.9s]
Best heuristic value: 1556/2428 [g=940, 116 evaluated, 115 expanded, t=878.94s]
Best heuristic value: 1556/2418 [g=960, 118 evaluated, 117 expanded, t=878.99s]
Best heuristic value: 1523/2346 [g=970, 120 evaluated, 119 expanded, t=879.04s]
Best heuristic value: 1523/2336 [g=990, 122 evaluated, 121 expanded, t=879.08s]
Best heuristic value: 1490/2295 [g=1000, 124 evaluated, 123 expanded, t=879.12s]
Best heuristic value: 1490/2285 [g=1020, 126 evaluated, 125 expanded, t=879.17s]
Best heuristic value: 1457/2223 [g=1030, 128 evaluated, 127 expanded, t=879.21s]
Best heuristic value: 1457/2213 [g=1050, 130 evaluated, 129 expanded, t=879.26s]
Best heuristic value: 1435/2141 [g=1060, 132 evaluated, 131 expanded, t=879.3s]
Best heuristic value: 1435/2131 [g=1080, 134 evaluated, 133 expanded, t=879.34s]
Best heuristic value: 1402/2059 [g=1090, 136 evaluated, 135 expanded, t=879.38s]
Best heuristic value: 1402/2049 [g=1110, 138 evaluated, 137 expanded, t=879.43s]
Best heuristic value: 1391/2048 [g=1100, 140 evaluated, 139 expanded, t=879.47s]
Best heuristic value: 1391/2038 [g=1120, 142 evaluated, 141 expanded, t=879.52s]
Best heuristic value: 1385/2038 [g=1105, 144 evaluated, 143 expanded, t=879.56s]
Best heuristic value: 1385/2032 [g=1125, 147 evaluated, 146 expanded, t=879.63s]
Best heuristic value: 1374/2031 [g=1115, 149 evaluated, 148 expanded, t=879.67s]
Best heuristic value: 1374/2021 [g=1135, 151 evaluated, 150 expanded, t=879.71s]
Best heuristic value: 1352/2000 [g=1145, 153 evaluated, 152 expanded, t=879.76s]
Best heuristic value: 1352/1990 [g=1165, 155 evaluated, 154 expanded, t=879.8s]
Best heuristic value: 1341/1969 [g=1175, 157 evaluated, 156 expanded, t=879.84s]
Best heuristic value: 1341/1959 [g=1195, 159 evaluated, 158 expanded, t=879.88s]
Best heuristic value: 1320/1948 [g=1195, 161 evaluated, 160 expanded, t=879.93s]
Best heuristic value: 1320/1938 [g=1215, 163 evaluated, 162 expanded, t=879.97s]
Best heuristic value: 1298/1897 [g=1225, 165 evaluated, 164 expanded, t=880.01s]
Best heuristic value: 1298/1887 [g=1245, 167 evaluated, 166 expanded, t=880.06s]
Best heuristic value: 1298/1886 [g=1235, 169 evaluated, 168 expanded, t=880.1s]
Best heuristic value: 1287/1875 [g=1235, 171 evaluated, 170 expanded, t=880.14s]
Best heuristic value: 1287/1865 [g=1255, 173 evaluated, 172 expanded, t=880.18s]
Best heuristic value: 1275/1865 [g=1240, 175 evaluated, 174 expanded, t=880.22s]
Best heuristic value: 1275/1859 [g=1260, 178 evaluated, 177 expanded, t=880.29s]
Best heuristic value: 1264/1848 [g=1260, 180 evaluated, 179 expanded, t=880.33s]
Best heuristic value: 1264/1838 [g=1280, 182 evaluated, 181 expanded, t=880.37s]
Best heuristic value: 1253/1837 [g=1270, 184 evaluated, 183 expanded, t=880.42s]
Best heuristic value: 1253/1827 [g=1290, 186 evaluated, 185 expanded, t=880.46s]
Best heuristic value: 1236/1815 [g=1280, 188 evaluated, 187 expanded, t=880.5s]
Best heuristic value: 1236/1805 [g=1300, 190 evaluated, 189 expanded, t=880.54s]
Best heuristic value: 1219/1793 [g=1290, 193 evaluated, 192 expanded, t=880.6s]
Best heuristic value: 1219/1783 [g=1310, 195 evaluated, 194 expanded, t=880.64s]
Best heuristic value: 1197/1752 [g=1320, 200 evaluated, 199 expanded, t=880.75s]
Best heuristic value: 1197/1742 [g=1340, 202 evaluated, 201 expanded, t=880.79s]
Best heuristic value: 1186/1731 [g=1340, 207 evaluated, 206 expanded, t=880.9s]
Best heuristic value: 1186/1721 [g=1360, 209 evaluated, 208 expanded, t=880.94s]
Best heuristic value: 1155/1700 [g=1370, 214 evaluated, 213 expanded, t=881.04s]
Best heuristic value: 1155/1690 [g=1390, 216 evaluated, 215 expanded, t=881.08s]
Best heuristic value: 1139/1684 [g=1385, 221 evaluated, 220 expanded, t=881.19s]
Best heuristic value: 1139/1674 [g=1405, 223 evaluated, 222 expanded, t=881.23s]
Best heuristic value: 1133/1673 [g=1395, 228 evaluated, 227 expanded, t=881.33s]
Best heuristic value: 1133/1663 [g=1415, 230 evaluated, 229 expanded, t=881.38s]
Best heuristic value: 1128/1663 [g=1405, 235 evaluated, 234 expanded, t=881.48s]
Best heuristic value: 1128/1658 [g=1425, 239 evaluated, 238 expanded, t=881.56s]
Best heuristic value: 1122/1658 [g=1410, 244 evaluated, 243 expanded, t=881.67s]
Best heuristic value: 1122/1652 [g=1430, 248 evaluated, 247 expanded, t=881.75s]
Best heuristic value: 1112/1652 [g=1425, 253 evaluated, 252 expanded, t=881.86s]
Best heuristic value: 1112/1636 [g=1445, 259 evaluated, 258 expanded, t=881.98s]
Best heuristic value: 1111/1636 [g=1455, 262 evaluated, 261 expanded, t=882.04s]
Best heuristic value: 1101/1636 [g=1470, 270 evaluated, 269 expanded, t=882.21s]
Best heuristic value: 1100/1585 [g=1475, 271 evaluated, 270 expanded, t=882.23s]
Best heuristic value: 1089/1585 [g=1485, 273 evaluated, 272 expanded, t=882.27s]
Best heuristic value: 1079/1585 [g=1500, 281 evaluated, 280 expanded, t=882.44s]
Best heuristic value: 1079/1574 [g=1485, 282 evaluated, 281 expanded, t=882.46s]
Best heuristic value: 1068/1574 [g=1510, 294 evaluated, 293 expanded, t=882.71s]
Best heuristic value: 1068/1569 [g=1495, 295 evaluated, 294 expanded, t=882.73s]
Best heuristic value: 1056/1568 [g=1515, 306 evaluated, 305 expanded, t=882.96s]
Best heuristic value: 1056/1558 [g=1535, 308 evaluated, 307 expanded, t=883s]
Best heuristic value: 1034/1372 [g=1545, 315 evaluated, 314 expanded, t=883.15s]
Best heuristic value: 1034/1362 [g=1565, 317 evaluated, 316 expanded, t=883.19s]
Best heuristic value: 1023/1351 [g=1565, 324 evaluated, 323 expanded, t=883.34s]
Best heuristic value: 1023/1341 [g=1585, 326 evaluated, 325 expanded, t=883.39s]
Best heuristic value: 1007/1335 [g=1580, 333 evaluated, 332 expanded, t=883.53s]
Best heuristic value: 1007/1325 [g=1600, 335 evaluated, 334 expanded, t=883.57s]
Best heuristic value: 974/1299 [g=1610, 342 evaluated, 341 expanded, t=883.71s]
Best heuristic value: 974/1289 [g=1630, 344 evaluated, 343 expanded, t=883.75s]
Best heuristic value: 952/1277 [g=1620, 351 evaluated, 350 expanded, t=883.89s]
Best heuristic value: 952/1267 [g=1640, 353 evaluated, 352 expanded, t=883.94s]
Best heuristic value: 940/1265 [g=1625, 360 evaluated, 359 expanded, t=884.08s]
Best heuristic value: 940/1255 [g=1645, 362 evaluated, 361 expanded, t=884.12s]
Best heuristic value: 936/1255 [g=1640, 369 evaluated, 368 expanded, t=884.27s]
Best heuristic value: 919/1213 [g=1665, 375 evaluated, 374 expanded, t=884.39s]
Best heuristic value: 908/1213 [g=1675, 377 evaluated, 376 expanded, t=884.43s]
Best heuristic value: 904/1213 [g=1690, 387 evaluated, 386 expanded, t=884.64s]
Best heuristic value: 904/1197 [g=1680, 390 evaluated, 389 expanded, t=884.7s]
Best heuristic value: 893/1197 [g=1710, 404 evaluated, 403 expanded, t=884.98s]
Best heuristic value: 893/1187 [g=1700, 407 evaluated, 406 expanded, t=885.04s]
Best heuristic value: 871/1182 [g=1720, 420 evaluated, 419 expanded, t=885.32s]
Best heuristic value: 871/1172 [g=1740, 422 evaluated, 421 expanded, t=885.36s]
Best heuristic value: 871/1166 [g=1735, 433 evaluated, 432 expanded, t=885.58s]
Best heuristic value: 860/1156 [g=1740, 435 evaluated, 434 expanded, t=885.62s]
Best heuristic value: 860/1146 [g=1760, 437 evaluated, 436 expanded, t=885.66s]
Best heuristic value: 838/1134 [g=1750, 448 evaluated, 447 expanded, t=885.88s]
Best heuristic value: 838/1124 [g=1770, 450 evaluated, 449 expanded, t=885.92s]
Best heuristic value: 829/1124 [g=1780, 461 evaluated, 460 expanded, t=886.14s]
Best heuristic value: 829/1108 [g=1785, 467 evaluated, 466 expanded, t=886.27s]
Best heuristic value: 827/1108 [g=1795, 471 evaluated, 470 expanded, t=886.35s]
Best heuristic value: 818/1108 [g=1825, 485 evaluated, 484 expanded, t=886.64s]
Best heuristic value: 818/1077 [g=1815, 486 evaluated, 485 expanded, t=886.66s]
Best heuristic value: 816/1077 [g=1825, 489 evaluated, 488 expanded, t=886.72s]
Best heuristic value: 807/1077 [g=1855, 503 evaluated, 502 expanded, t=887s]
Best heuristic value: 807/1066 [g=1825, 504 evaluated, 503 expanded, t=887.02s]
Best heuristic value: 805/1066 [g=1835, 507 evaluated, 506 expanded, t=887.08s]
Best heuristic value: 796/1066 [g=1865, 521 evaluated, 520 expanded, t=887.36s]
Best heuristic value: 796/1050 [g=1840, 522 evaluated, 521 expanded, t=887.38s]
Best heuristic value: 789/1050 [g=1850, 525 evaluated, 524 expanded, t=887.44s]
Best heuristic value: 780/1050 [g=1880, 539 evaluated, 538 expanded, t=887.72s]
Best heuristic value: 780/1034 [g=1855, 540 evaluated, 539 expanded, t=887.74s]
Best heuristic value: 773/1034 [g=1865, 543 evaluated, 542 expanded, t=887.8s]
Best heuristic value: 764/1034 [g=1895, 557 evaluated, 556 expanded, t=888.08s]
Best heuristic value: 764/1028 [g=1860, 558 evaluated, 557 expanded, t=888.1s]
Best heuristic value: 758/1028 [g=1900, 574 evaluated, 573 expanded, t=888.42s]
Best heuristic value: 745/997 [g=1890, 577 evaluated, 576 expanded, t=888.49s]
Best heuristic value: 734/997 [g=1900, 579 evaluated, 578 expanded, t=888.53s]
Best heuristic value: 725/997 [g=1930, 593 evaluated, 592 expanded, t=888.8s]
Best heuristic value: 725/981 [g=1905, 594 evaluated, 593 expanded, t=888.82s]
Best heuristic value: 718/981 [g=1915, 597 evaluated, 596 expanded, t=888.88s]
Best heuristic value: 709/981 [g=1945, 611 evaluated, 610 expanded, t=889.15s]
Best heuristic value: 709/970 [g=1915, 612 evaluated, 611 expanded, t=889.17s]
Best heuristic value: 707/970 [g=1925, 615 evaluated, 614 expanded, t=889.23s]
Best heuristic value: 698/970 [g=1955, 629 evaluated, 628 expanded, t=889.49s]
Best heuristic value: 698/959 [g=1925, 630 evaluated, 629 expanded, t=889.51s]
Best heuristic value: 696/959 [g=1935, 633 evaluated, 632 expanded, t=889.57s]
Best heuristic value: 687/959 [g=1965, 647 evaluated, 646 expanded, t=889.84s]
Best heuristic value: 687/948 [g=1935, 648 evaluated, 647 expanded, t=889.86s]
Best heuristic value: 685/948 [g=1945, 651 evaluated, 650 expanded, t=889.92s]
Best heuristic value: 676/948 [g=1975, 665 evaluated, 664 expanded, t=890.19s]
Best heuristic value: 676/927 [g=1955, 666 evaluated, 665 expanded, t=890.21s]
Best heuristic value: 674/927 [g=1965, 669 evaluated, 668 expanded, t=890.27s]
Best heuristic value: 665/927 [g=1995, 683 evaluated, 682 expanded, t=890.54s]
Best heuristic value: 654/896 [g=1985, 684 evaluated, 683 expanded, t=890.56s]
Best heuristic value: 643/896 [g=1995, 686 evaluated, 685 expanded, t=890.59s]
Best heuristic value: 634/896 [g=2025, 700 evaluated, 699 expanded, t=890.87s]
Best heuristic value: 634/885 [g=1995, 701 evaluated, 700 expanded, t=890.89s]
Best heuristic value: 632/885 [g=2005, 704 evaluated, 703 expanded, t=890.95s]
Best heuristic value: 623/885 [g=2035, 718 evaluated, 717 expanded, t=891.23s]
Best heuristic value: 610/885 [g=2025, 719 evaluated, 718 expanded, t=891.25s]
Best heuristic value: 610/869 [g=2010, 721 evaluated, 720 expanded, t=891.29s]
Best heuristic value: 599/869 [g=2035, 722 evaluated, 721 expanded, t=891.31s]
Best heuristic value: 590/869 [g=2065, 737 evaluated, 736 expanded, t=891.6s]
Best heuristic value: 590/848 [g=2030, 742 evaluated, 741 expanded, t=891.7s]
Best heuristic value: 579/848 [g=2075, 755 evaluated, 754 expanded, t=891.95s]
Best heuristic value: 579/827 [g=2050, 768 evaluated, 767 expanded, t=892.2s]
Best heuristic value: 563/827 [g=2090, 773 evaluated, 772 expanded, t=892.3s]
Best heuristic value: 552/827 [g=2110, 791 evaluated, 790 expanded, t=892.65s]
Best heuristic value: 552/807 [g=2080, 794 evaluated, 793 expanded, t=892.7s]
Best heuristic value: 530/807 [g=2140, 809 evaluated, 808 expanded, t=893.01s]
Best heuristic value: 530/785 [g=2090, 820 evaluated, 819 expanded, t=893.23s]
Best heuristic value: 519/785 [g=2160, 827 evaluated, 826 expanded, t=893.37s]
Best heuristic value: 508/785 [g=2170, 845 evaluated, 844 expanded, t=893.71s]
Best heuristic value: 508/764 [g=2110, 846 evaluated, 845 expanded, t=893.73s]
Best heuristic value: 486/764 [g=2200, 863 evaluated, 862 expanded, t=894.05s]
Best heuristic value: 486/761 [g=2220, 867 evaluated, 866 expanded, t=894.13s]
Best heuristic value: 459/739 [g=2215, 880 evaluated, 879 expanded, t=894.37s]
Best heuristic value: 459/729 [g=2235, 882 evaluated, 881 expanded, t=894.41s]
Best heuristic value: 459/718 [g=2235, 897 evaluated, 896 expanded, t=894.69s]
Best heuristic value: 448/698 [g=2245, 899 evaluated, 898 expanded, t=894.72s]
Best heuristic value: 448/688 [g=2265, 901 evaluated, 900 expanded, t=894.76s]
Best heuristic value: 426/676 [g=2255, 916 evaluated, 915 expanded, t=895.05s]
Best heuristic value: 426/666 [g=2275, 918 evaluated, 917 expanded, t=895.09s]
Best heuristic value: 415/655 [g=2275, 933 evaluated, 932 expanded, t=895.37s]
Best heuristic value: 415/645 [g=2295, 935 evaluated, 934 expanded, t=895.4s]
Best heuristic value: 404/634 [g=2295, 950 evaluated, 949 expanded, t=895.68s]
Best heuristic value: 404/624 [g=2315, 952 evaluated, 951 expanded, t=895.72s]
Best heuristic value: 393/623 [g=2305, 967 evaluated, 966 expanded, t=895.99s]
Best heuristic value: 393/613 [g=2325, 969 evaluated, 968 expanded, t=896.03s]
Best heuristic value: 393/607 [g=2320, 984 evaluated, 983 expanded, t=896.31s]
Best heuristic value: 382/597 [g=2325, 986 evaluated, 985 expanded, t=896.35s]
Best heuristic value: 382/587 [g=2345, 988 evaluated, 987 expanded, t=896.39s]
Best heuristic value: 360/575 [g=2335, 1003 evaluated, 1002 expanded, t=896.67s]
Best heuristic value: 360/565 [g=2355, 1005 evaluated, 1004 expanded, t=896.71s]
Best heuristic value: 351/565 [g=2365, 1020 evaluated, 1019 expanded, t=897.01s]
Best heuristic value: 351/549 [g=2370, 1026 evaluated, 1025 expanded, t=897.12s]
Best heuristic value: 340/549 [g=2385, 1042 evaluated, 1041 expanded, t=897.42s]
Best heuristic value: 340/540 [g=2405, 1046 evaluated, 1045 expanded, t=897.5s]
Best heuristic value: 318/539 [g=2395, 1063 evaluated, 1062 expanded, t=897.81s]
Best heuristic value: 318/529 [g=2415, 1065 evaluated, 1064 expanded, t=897.85s]
Best heuristic value: 286/497 [g=2415, 1082 evaluated, 1081 expanded, t=898.16s]
Best heuristic value: 286/487 [g=2435, 1084 evaluated, 1083 expanded, t=898.2s]
Best heuristic value: 275/466 [g=2445, 1103 evaluated, 1102 expanded, t=898.55s]
Best heuristic value: 275/456 [g=2465, 1105 evaluated, 1104 expanded, t=898.59s]
Best heuristic value: 264/455 [g=2455, 1124 evaluated, 1123 expanded, t=898.94s]
Best heuristic value: 264/445 [g=2475, 1126 evaluated, 1125 expanded, t=898.98s]
Best heuristic value: 253/434 [g=2475, 1145 evaluated, 1144 expanded, t=899.33s]
Best heuristic value: 253/424 [g=2495, 1147 evaluated, 1146 expanded, t=899.37s]
Best heuristic value: 237/418 [g=2490, 1166 evaluated, 1165 expanded, t=899.72s]
Best heuristic value: 237/408 [g=2510, 1168 evaluated, 1167 expanded, t=899.76s]
Best heuristic value: 223/363 [g=2585, 1205 evaluated, 1204 expanded, t=900.46s]
Best heuristic value: 212/363 [g=2595, 1207 evaluated, 1206 expanded, t=900.5s]
Best heuristic value: 201/363 [g=2605, 1219 evaluated, 1218 expanded, t=900.73s]
Best heuristic value: 191/363 [g=2615, 1243 evaluated, 1242 expanded, t=901.18s]
Best heuristic value: 191/318 [g=2660, 1253 evaluated, 1252 expanded, t=901.37s]
Best heuristic value: 187/318 [g=2670, 1256 evaluated, 1255 expanded, t=901.42s]
Best heuristic value: 176/318 [g=2680, 1268 evaluated, 1267 expanded, t=901.63s]
Best heuristic value: 165/318 [g=2690, 1284 evaluated, 1283 expanded, t=901.92s]
Best heuristic value: 165/317 [g=2675, 1317 evaluated, 1316 expanded, t=902.52s]
Best heuristic value: 160/317 [g=2710, 1333 evaluated, 1332 expanded, t=902.82s]
Best heuristic value: 150/317 [g=2740, 1366 evaluated, 1365 expanded, t=903.41s]
Best heuristic value: 150/310 [g=2690, 1381 evaluated, 1380 expanded, t=903.69s]
Best heuristic value: 144/310 [g=2740, 1476 evaluated, 1475 expanded, t=905.39s]
Best heuristic value: 144/300 [g=2715, 1493 evaluated, 1492 expanded, t=905.7s]
Best heuristic value: 139/300 [g=2745, 1495 evaluated, 1494 expanded, t=905.73s]
Best heuristic value: 133/300 [g=2775, 1708 evaluated, 1707 expanded, t=909.56s]
Best heuristic value: 133/290 [g=2755, 1831 evaluated, 1830 expanded, t=911.76s]
Best heuristic value: 133/284 [g=2760, 1841 evaluated, 1840 expanded, t=911.94s]
Best heuristic value: 121/284 [g=2805, 1915 evaluated, 1914 expanded, t=913.27s]
Best heuristic value: 121/272 [g=2790, 2244 evaluated, 2243 expanded, t=919.53s]
Best heuristic value: 121/260 [g=2820, 2582 evaluated, 2581 expanded, t=925.99s]
Best heuristic value: 118/260 [g=2850, 2727 evaluated, 2726 expanded, t=928.76s]
Best heuristic value: 113/260 [g=2855, 2852 evaluated, 2851 expanded, t=931.13s]
Best heuristic value: 101/260 [g=2885, 3041 evaluated, 3040 expanded, t=934.72s]
Best heuristic value: 101/256 [g=2860, 3438 evaluated, 3437 expanded, t=942.34s]
Best heuristic value: 101/244 [g=2865, 3450 evaluated, 3449 expanded, t=942.57s]
Best heuristic value: 101/213 [g=2940, 4565 evaluated, 4564 expanded, t=963.8s]
Best heuristic value: 101/202 [g=2950, 4567 evaluated, 4566 expanded, t=963.84s]
Best heuristic value: 79/202 [g=2945, 5976 evaluated, 5975 expanded, t=990.5s]
Best heuristic value: 57/202 [g=3005, 7119 evaluated, 7118 expanded, t=1012.32s]
Best heuristic value: 57/193 [g=3030, 7390 evaluated, 7389 expanded, t=1017.49s]
Best heuristic value: 57/171 [g=3040, 7397 evaluated, 7396 expanded, t=1017.61s]
