Parsing... [0.020s CPU, 0.017s wall-clock]
Normalizing task... [0.000s CPU, 0.001s wall-clock]
Instantiating...
Generating Datalog program... [0.000s CPU, 0.004s wall-clock]
Normalizing Datalog program...
Normalizing Datalog program: [0.020s CPU, 0.016s wall-clock]
Preparing model... [0.020s CPU, 0.015s wall-clock]
Generated 198 rules.
Computing model... [2.180s CPU, 2.183s wall-clock]
40757 relevant atoms
23206 auxiliary atoms
63963 final queue length
230460 total queue pushes
Completing instantiation... [10.220s CPU, 10.223s wall-clock]
Instantiating: [12.490s CPU, 12.490s wall-clock]
Computing fact groups...
Finding invariants...
24 initial candidates
Finding invariants: [0.110s CPU, 0.113s wall-clock]
Checking invariant weight... [0.010s CPU, 0.004s wall-clock]
Instantiating groups... [0.060s CPU, 0.064s wall-clock]
Collecting mutex groups... [0.000s CPU, 0.002s wall-clock]
Choosing groups...
384 uncovered facts
Choosing groups: [0.000s CPU, 0.006s wall-clock]
Building translation key... [0.000s CPU, 0.004s wall-clock]
Computing fact groups: [0.210s CPU, 0.208s wall-clock]
Building STRIPS to SAS dictionary... [0.000s CPU, 0.003s wall-clock]
Building dictionary for full mutex groups... [0.000s CPU, 0.003s wall-clock]
Building mutex information...
Building mutex information: [0.010s CPU, 0.003s wall-clock]
Translating task...
Processing axioms...
Simplifying axioms... [0.000s CPU, 0.000s wall-clock]
Processing axioms: [0.390s CPU, 0.392s wall-clock]
Translating task: [5.560s CPU, 5.566s wall-clock]
14553 implied effects removed
2772 effect conditions simplified
0 implied preconditions added
Detecting unreachable propositions...
264 operators removed
161 propositions removed
Detecting unreachable propositions: [0.980s CPU, 0.978s wall-clock]
Translator variables: 501
Translator derived variables: 0
Translator facts: 1548
Translator mutex groups: 193
Translator total mutex groups size: 958
Translator operators: 38824
Translator task size: 344541
Translator peak memory: 372684 KB
Writing output... [0.890s CPU, 0.885s wall-clock]
Done! [20.630s CPU, 20.623s wall-clock]
