Dispatcher selected state size 1.
This is a nonunit task.
Simplifying transitions... done!
Initializing Exploration...
Generating landmarks using the RPG/SAS+ approach
approx. reasonable orders
approx. obedient reasonable orders
Removed 0 reasonable or obedient reasonable orders
Landmarks generation time: 148.118s
Discovered 403 landmarks, of which 7 are disjunctive and 0 are conjunctive 
448 edges
Initializing LAMA-FF Synergy Object
Initializing landmarks count heuristic...
191 initial landmarks, 156 goal landmarks
Initializing Exploration...
Generating landmarks using the RPG/SAS+ approach
approx. reasonable orders
approx. obedient reasonable orders
Removed 0 reasonable or obedient reasonable orders
Landmarks generation time: 150.955s
Discovered 403 landmarks, of which 7 are disjunctive and 0 are conjunctive 
448 edges
Initializing LAMA-FF Synergy Object
Initializing landmarks count heuristic...
191 initial landmarks, 156 goal landmarks
Starting search: lazy_greedy(list(hff1, hlm1), preferred = list(hff1, hlm1), cost_type = 1, reopen_closed = false)
Conducting lazy best first search, (real) bound = 2147483647
Best heuristic value: 212/135 [g=0, 1 evaluated, 0 expanded, t=302.98s]
Best heuristic value: 211/134 [g=1, 2 evaluated, 1 expanded, t=303.16s]
Best heuristic value: 209/133 [g=2, 3 evaluated, 2 expanded, t=303.34s]
Best heuristic value: 208/132 [g=3, 4 evaluated, 3 expanded, t=303.52s]
Best heuristic value: 207/131 [g=4, 5 evaluated, 4 expanded, t=303.7s]
Best heuristic value: 206/130 [g=5, 6 evaluated, 5 expanded, t=303.88s]
Best heuristic value: 204/128 [g=6, 7 evaluated, 6 expanded, t=304.06s]
Best heuristic value: 202/127 [g=7, 8 evaluated, 7 expanded, t=304.24s]
Best heuristic value: 201/126 [g=8, 9 evaluated, 8 expanded, t=304.42s]
Best heuristic value: 200/125 [g=9, 10 evaluated, 9 expanded, t=304.6s]
Best heuristic value: 199/124 [g=10, 11 evaluated, 10 expanded, t=304.78s]
Best heuristic value: 197/123 [g=11, 13 evaluated, 12 expanded, t=305.16s]
Best heuristic value: 196/123 [g=12, 15 evaluated, 14 expanded, t=305.54s]
Best heuristic value: 195/121 [g=12, 17 evaluated, 16 expanded, t=305.9s]
Best heuristic value: 194/121 [g=13, 19 evaluated, 18 expanded, t=306.29s]
Best heuristic value: 192/119 [g=14, 22 evaluated, 21 expanded, t=306.86s]
Best heuristic value: 189/118 [g=15, 25 evaluated, 24 expanded, t=307.44s]
Best heuristic value: 186/116 [g=16, 28 evaluated, 27 expanded, t=307.99s]
Best heuristic value: 183/114 [g=17, 31 evaluated, 30 expanded, t=308.52s]
Best heuristic value: 180/112 [g=18, 34 evaluated, 33 expanded, t=309.05s]
Best heuristic value: 177/111 [g=19, 37 evaluated, 36 expanded, t=309.57s]
Best heuristic value: 175/110 [g=20, 40 evaluated, 39 expanded, t=310.08s]
Best heuristic value: 172/109 [g=21, 43 evaluated, 42 expanded, t=310.6s]
Best heuristic value: 169/108 [g=22, 46 evaluated, 45 expanded, t=311.11s]
Best heuristic value: 166/107 [g=23, 49 evaluated, 48 expanded, t=311.59s]
Best heuristic value: 162/106 [g=24, 52 evaluated, 51 expanded, t=312.06s]
Best heuristic value: 159/104 [g=25, 55 evaluated, 54 expanded, t=312.53s]
Best heuristic value: 155/103 [g=26, 58 evaluated, 57 expanded, t=313s]
Best heuristic value: 151/103 [g=27, 61 evaluated, 60 expanded, t=313.45s]
Best heuristic value: 151/102 [g=27, 63 evaluated, 62 expanded, t=313.76s]
Best heuristic value: 148/102 [g=28, 66 evaluated, 65 expanded, t=314.23s]
Best heuristic value: 148/100 [g=28, 70 evaluated, 69 expanded, t=314.83s]
Best heuristic value: 145/100 [g=29, 71 evaluated, 70 expanded, t=314.97s]
Best heuristic value: 142/100 [g=30, 76 evaluated, 75 expanded, t=315.7s]
Best heuristic value: 142/99 [g=29, 79 evaluated, 78 expanded, t=316.14s]
Best heuristic value: 139/99 [g=31, 82 evaluated, 81 expanded, t=316.63s]
Best heuristic value: 136/99 [g=32, 88 evaluated, 87 expanded, t=317.54s]
Best heuristic value: 136/98 [g=30, 89 evaluated, 88 expanded, t=317.69s]
Best heuristic value: 133/98 [g=33, 94 evaluated, 93 expanded, t=318.43s]
Best heuristic value: 133/96 [g=31, 99 evaluated, 98 expanded, t=319.15s]
Best heuristic value: 130/96 [g=34, 100 evaluated, 99 expanded, t=319.3s]
Best heuristic value: 127/96 [g=35, 106 evaluated, 105 expanded, t=320.17s]
Best heuristic value: 127/95 [g=32, 109 evaluated, 108 expanded, t=320.62s]
Best heuristic value: 124/95 [g=36, 112 evaluated, 111 expanded, t=321.04s]
Best heuristic value: 121/95 [g=37, 118 evaluated, 117 expanded, t=321.89s]
Best heuristic value: 121/93 [g=33, 119 evaluated, 118 expanded, t=322.04s]
Best heuristic value: 118/93 [g=38, 124 evaluated, 123 expanded, t=322.76s]
Best heuristic value: 118/92 [g=34, 129 evaluated, 128 expanded, t=323.48s]
Best heuristic value: 115/92 [g=39, 130 evaluated, 129 expanded, t=323.62s]
Best heuristic value: 113/92 [g=40, 136 evaluated, 135 expanded, t=324.47s]
Best heuristic value: 113/91 [g=35, 139 evaluated, 138 expanded, t=324.9s]
Best heuristic value: 110/91 [g=41, 142 evaluated, 141 expanded, t=325.34s]
Best heuristic value: 110/90 [g=36, 149 evaluated, 148 expanded, t=326.4s]
Best heuristic value: 109/90 [g=42, 150 evaluated, 149 expanded, t=326.56s]
Best heuristic value: 109/89 [g=37, 159 evaluated, 158 expanded, t=327.84s]
Best heuristic value: 108/89 [g=43, 160 evaluated, 159 expanded, t=327.98s]
Best heuristic value: 108/88 [g=38, 169 evaluated, 168 expanded, t=329.24s]
Best heuristic value: 107/88 [g=44, 172 evaluated, 171 expanded, t=329.66s]
Best heuristic value: 107/87 [g=39, 179 evaluated, 178 expanded, t=330.63s]
Best heuristic value: 105/87 [g=45, 184 evaluated, 183 expanded, t=331.35s]
Best heuristic value: 105/86 [g=40, 189 evaluated, 188 expanded, t=332.09s]
Best heuristic value: 104/86 [g=46, 196 evaluated, 195 expanded, t=333.09s]
Best heuristic value: 104/85 [g=41, 201 evaluated, 200 expanded, t=333.78s]
Best heuristic value: 103/85 [g=47, 210 evaluated, 209 expanded, t=335.02s]
Best heuristic value: 103/84 [g=42, 215 evaluated, 214 expanded, t=335.7s]
Best heuristic value: 102/84 [g=48, 226 evaluated, 225 expanded, t=337.2s]
Best heuristic value: 102/83 [g=43, 229 evaluated, 228 expanded, t=337.64s]
Best heuristic value: 101/83 [g=49, 242 evaluated, 241 expanded, t=339.5s]
Best heuristic value: 101/82 [g=44, 245 evaluated, 244 expanded, t=339.93s]
Best heuristic value: 100/82 [g=50, 260 evaluated, 259 expanded, t=342.06s]
Best heuristic value: 100/81 [g=45, 261 evaluated, 260 expanded, t=342.2s]
Best heuristic value: 99/81 [g=51, 278 evaluated, 277 expanded, t=344.57s]
Best heuristic value: 99/80 [g=46, 281 evaluated, 280 expanded, t=344.99s]
Best heuristic value: 97/80 [g=52, 296 evaluated, 295 expanded, t=347.22s]
Best heuristic value: 97/79 [g=47, 303 evaluated, 302 expanded, t=348.21s]
Best heuristic value: 96/79 [g=53, 314 evaluated, 313 expanded, t=349.75s]
Best heuristic value: 96/78 [g=48, 325 evaluated, 324 expanded, t=351.3s]
Best heuristic value: 95/78 [g=54, 332 evaluated, 331 expanded, t=352.25s]
Best heuristic value: 94/78 [g=55, 350 evaluated, 349 expanded, t=354.86s]
Best heuristic value: 94/76 [g=49, 353 evaluated, 352 expanded, t=355.29s]
Best heuristic value: 92/76 [g=56, 368 evaluated, 367 expanded, t=357.44s]
Best heuristic value: 91/76 [g=57, 386 evaluated, 385 expanded, t=359.9s]
Best heuristic value: 91/74 [g=50, 387 evaluated, 386 expanded, t=360.04s]
Best heuristic value: 90/74 [g=58, 408 evaluated, 407 expanded, t=362.96s]
Best heuristic value: 90/73 [g=51, 421 evaluated, 420 expanded, t=364.71s]
Best heuristic value: 89/73 [g=59, 430 evaluated, 429 expanded, t=366s]
Best heuristic value: 88/73 [g=60, 454 evaluated, 453 expanded, t=369.32s]
Best heuristic value: 88/72 [g=52, 455 evaluated, 454 expanded, t=369.47s]
Best heuristic value: 87/72 [g=61, 478 evaluated, 477 expanded, t=372.87s]
Best heuristic value: 87/71 [g=53, 489 evaluated, 488 expanded, t=374.47s]
Best heuristic value: 85/71 [g=62, 502 evaluated, 501 expanded, t=376.35s]
Best heuristic value: 83/71 [g=63, 526 evaluated, 525 expanded, t=379.8s]
Best heuristic value: 83/70 [g=54, 527 evaluated, 526 expanded, t=379.95s]
Best heuristic value: 81/70 [g=64, 556 evaluated, 555 expanded, t=384.11s]
Best heuristic value: 81/69 [g=55, 565 evaluated, 564 expanded, t=385.43s]
Best heuristic value: 79/69 [g=65, 586 evaluated, 585 expanded, t=388.4s]
Best heuristic value: 79/68 [g=56, 603 evaluated, 602 expanded, t=390.72s]
Best heuristic value: 77/68 [g=66, 616 evaluated, 615 expanded, t=392.6s]
Best heuristic value: 77/66 [g=57, 643 evaluated, 642 expanded, t=396.26s]
Best heuristic value: 76/66 [g=67, 646 evaluated, 645 expanded, t=396.66s]
Best heuristic value: 74/66 [g=68, 678 evaluated, 677 expanded, t=401.19s]
Best heuristic value: 74/65 [g=58, 685 evaluated, 684 expanded, t=402.15s]
Best heuristic value: 72/65 [g=69, 710 evaluated, 709 expanded, t=405.66s]
Best heuristic value: 72/64 [g=59, 727 evaluated, 726 expanded, t=408.11s]
Best heuristic value: 71/64 [g=70, 742 evaluated, 741 expanded, t=410.15s]
Best heuristic value: 71/62 [g=60, 769 evaluated, 768 expanded, t=413.81s]
Best heuristic value: 70/62 [g=71, 774 evaluated, 773 expanded, t=414.49s]
Best heuristic value: 68/62 [g=72, 806 evaluated, 805 expanded, t=418.73s]
Best heuristic value: 68/61 [g=61, 813 evaluated, 812 expanded, t=419.68s]
Best heuristic value: 67/61 [g=73, 840 evaluated, 839 expanded, t=423.49s]
Best heuristic value: 67/60 [g=62, 859 evaluated, 858 expanded, t=426.12s]
Best heuristic value: 65/60 [g=74, 876 evaluated, 875 expanded, t=428.55s]
Best heuristic value: 65/58 [g=63, 909 evaluated, 908 expanded, t=433.18s]
Best heuristic value: 64/58 [g=75, 914 evaluated, 913 expanded, t=433.85s]
Best heuristic value: 62/58 [g=76, 954 evaluated, 953 expanded, t=439.32s]
Best heuristic value: 62/57 [g=64, 959 evaluated, 958 expanded, t=440s]
Best heuristic value: 61/57 [g=77, 994 evaluated, 993 expanded, t=444.71s]
Best heuristic value: 61/56 [g=65, 1009 evaluated, 1008 expanded, t=446.82s]
Best heuristic value: 60/56 [g=78, 1034 evaluated, 1033 expanded, t=450.28s]
Best heuristic value: 60/55 [g=66, 1059 evaluated, 1058 expanded, t=453.68s]
Best heuristic value: 59/55 [g=79, 1074 evaluated, 1073 expanded, t=455.67s]
Best heuristic value: 59/54 [g=67, 1111 evaluated, 1110 expanded, t=460.54s]
Best heuristic value: 57/54 [g=80, 1116 evaluated, 1115 expanded, t=461.2s]
Best heuristic value: 56/54 [g=81, 1158 evaluated, 1157 expanded, t=466.8s]
Best heuristic value: 56/52 [g=68, 1159 evaluated, 1158 expanded, t=466.94s]
Best heuristic value: 55/52 [g=82, 1200 evaluated, 1199 expanded, t=472.32s]
Best heuristic value: 55/51 [g=69, 1209 evaluated, 1208 expanded, t=473.51s]
Best heuristic value: 54/51 [g=83, 1242 evaluated, 1241 expanded, t=477.87s]
Best heuristic value: 54/50 [g=70, 1255 evaluated, 1254 expanded, t=479.58s]
Best heuristic value: 53/50 [g=84, 1286 evaluated, 1285 expanded, t=483.82s]
Best heuristic value: 53/49 [g=71, 1303 evaluated, 1302 expanded, t=486.21s]
Best heuristic value: 51/49 [g=85, 1332 evaluated, 1331 expanded, t=490.2s]
Best heuristic value: 51/48 [g=72, 1349 evaluated, 1348 expanded, t=492.45s]
Best heuristic value: 50/48 [g=86, 1380 evaluated, 1379 expanded, t=496.62s]
Best heuristic value: 50/47 [g=73, 1397 evaluated, 1396 expanded, t=498.88s]
Best heuristic value: 49/47 [g=87, 1428 evaluated, 1427 expanded, t=502.96s]
Best heuristic value: 49/46 [g=74, 1455 evaluated, 1454 expanded, t=506.59s]
Best heuristic value: 47/45 [g=88, 1472 evaluated, 1471 expanded, t=508.82s]
Best heuristic value: 47/44 [g=89, 1497 evaluated, 1496 expanded, t=512.09s]
Best heuristic value: 46/44 [g=89, 1499 evaluated, 1498 expanded, t=512.37s]
Best heuristic value: 46/43 [g=90, 1547 evaluated, 1546 expanded, t=518.65s]
Best heuristic value: 45/43 [g=90, 1552 evaluated, 1551 expanded, t=519.28s]
Best heuristic value: 44/42 [g=91, 1598 evaluated, 1597 expanded, t=525.1s]
Best heuristic value: 43/42 [g=92, 1623 evaluated, 1622 expanded, t=528.4s]
Best heuristic value: 43/41 [g=92, 1625 evaluated, 1624 expanded, t=528.65s]
Best heuristic value: 42/41 [g=93, 1674 evaluated, 1673 expanded, t=534.97s]
Best heuristic value: 41/40 [g=93, 1679 evaluated, 1678 expanded, t=535.59s]
Best heuristic value: 40/40 [g=94, 1704 evaluated, 1703 expanded, t=538.67s]
Best heuristic value: 39/38 [g=94, 1708 evaluated, 1707 expanded, t=539.16s]
Best heuristic value: 38/38 [g=95, 1733 evaluated, 1732 expanded, t=542.36s]
Best heuristic value: 37/36 [g=95, 1737 evaluated, 1736 expanded, t=542.88s]
Best heuristic value: 36/36 [g=96, 1762 evaluated, 1761 expanded, t=546.08s]
Best heuristic value: 36/35 [g=96, 1766 evaluated, 1765 expanded, t=546.59s]
Best heuristic value: 35/35 [g=97, 1813 evaluated, 1812 expanded, t=552.55s]
Best heuristic value: 35/34 [g=97, 1820 evaluated, 1819 expanded, t=553.4s]
Best heuristic value: 34/34 [g=98, 1866 evaluated, 1865 expanded, t=559.13s]
Best heuristic value: 34/33 [g=98, 1873 evaluated, 1872 expanded, t=559.98s]
Best heuristic value: 33/33 [g=99, 1919 evaluated, 1918 expanded, t=565.81s]
Best heuristic value: 32/31 [g=99, 1940 evaluated, 1939 expanded, t=568.53s]
Best heuristic value: 31/31 [g=100, 1963 evaluated, 1962 expanded, t=571.54s]
Best heuristic value: 31/30 [g=100, 1979 evaluated, 1978 expanded, t=573.54s]
Best heuristic value: 30/30 [g=101, 2002 evaluated, 2001 expanded, t=576.33s]
Best heuristic value: 29/28 [g=101, 2043 evaluated, 2042 expanded, t=581.41s]
Best heuristic value: 28/28 [g=102, 2063 evaluated, 2062 expanded, t=583.84s]
Best heuristic value: 27/26 [g=102, 2081 evaluated, 2080 expanded, t=586.11s]
Best heuristic value: 26/26 [g=103, 2099 evaluated, 2098 expanded, t=588.48s]
Best heuristic value: 25/24 [g=103, 2115 evaluated, 2114 expanded, t=590.41s]
Best heuristic value: 24/24 [g=104, 2131 evaluated, 2130 expanded, t=592.37s]
Best heuristic value: 23/22 [g=104, 2149 evaluated, 2148 expanded, t=594.62s]
Best heuristic value: 22/22 [g=105, 2163 evaluated, 2162 expanded, t=596.4s]
Best heuristic value: 21/22 [g=106, 2180 evaluated, 2179 expanded, t=598.46s]
Best heuristic value: 21/20 [g=105, 2192 evaluated, 2191 expanded, t=599.96s]
Best heuristic value: 20/20 [g=106, 2211 evaluated, 2210 expanded, t=602.36s]
Best heuristic value: 19/20 [g=107, 2226 evaluated, 2225 expanded, t=604.17s]
Best heuristic value: 19/18 [g=106, 2243 evaluated, 2242 expanded, t=606.3s]
Best heuristic value: 18/18 [g=107, 2253 evaluated, 2252 expanded, t=607.59s]
Best heuristic value: 17/18 [g=108, 2266 evaluated, 2265 expanded, t=609.24s]
Best heuristic value: 17/17 [g=107, 2281 evaluated, 2280 expanded, t=611.03s]
Best heuristic value: 16/17 [g=109, 2296 evaluated, 2295 expanded, t=612.83s]
Best heuristic value: 16/16 [g=109, 2307 evaluated, 2306 expanded, t=614.13s]
Best heuristic value: 15/16 [g=111, 2318 evaluated, 2317 expanded, t=615.55s]
Best heuristic value: 15/15 [g=111, 2326 evaluated, 2325 expanded, t=616.55s]
Best heuristic value: 14/15 [g=113, 2339 evaluated, 2338 expanded, t=618.21s]
Best heuristic value: 14/14 [g=113, 2347 evaluated, 2346 expanded, t=619.14s]
Best heuristic value: 13/14 [g=115, 2359 evaluated, 2358 expanded, t=620.64s]
Best heuristic value: 13/13 [g=115, 2365 evaluated, 2364 expanded, t=621.36s]
Best heuristic value: 12/13 [g=117, 2377 evaluated, 2376 expanded, t=622.85s]
Best heuristic value: 12/12 [g=117, 2380 evaluated, 2379 expanded, t=623.22s]
Best heuristic value: 12/11 [g=119, 2393 evaluated, 2392 expanded, t=624.88s]
Best heuristic value: 11/11 [g=119, 2394 evaluated, 2393 expanded, t=625s]
Best heuristic value: 11/10 [g=121, 2408 evaluated, 2407 expanded, t=626.76s]
Best heuristic value: 10/10 [g=121, 2411 evaluated, 2410 expanded, t=627.14s]
Best heuristic value: 10/9 [g=123, 2424 evaluated, 2423 expanded, t=628.8s]
Best heuristic value: 9/9 [g=124, 2428 evaluated, 2427 expanded, t=629.32s]
Best heuristic value: 8/9 [g=125, 2435 evaluated, 2434 expanded, t=630.13s]
Best heuristic value: 8/8 [g=125, 2441 evaluated, 2440 expanded, t=630.82s]
Best heuristic value: 7/8 [g=127, 2447 evaluated, 2446 expanded, t=631.53s]
Best heuristic value: 6/7 [g=129, 2461 evaluated, 2460 expanded, t=633.1s]
Best heuristic value: 5/6 [g=131, 2472 evaluated, 2471 expanded, t=634.34s]
Best heuristic value: 4/5 [g=133, 2483 evaluated, 2482 expanded, t=635.58s]
Best heuristic value: 3/4 [g=135, 2505 evaluated, 2504 expanded, t=638.06s]
Best heuristic value: 2/3 [g=137, 2510 evaluated, 2509 expanded, t=638.64s]
Best heuristic value: 1/2 [g=139, 2514 evaluated, 2513 expanded, t=639.1s]
Best heuristic value: 1/1 [g=137, 3331 evaluated, 3330 expanded, t=732.55s]
Solution found!
Actual search time: 429.93s [t=732.73s]
do-plane p9 planer0 rough red colourfragments (20)
do-plane p8 planer0 rough green colourfragments (30)
do-grind p8 grinder0 smooth natural untreated untreated (45)
do-glaze p8 glazer0 black (20)
do-plane p37 planer0 rough black colourfragments (10)
do-glaze p37 glazer1 white (10)
do-plane p29 planer0 rough green glazed (10)
do-glaze p29 glazer1 white (10)
do-plane p16 planer0 smooth white varnished (30)
do-glaze p16 glazer0 mauve (20)
do-plane p12 planer0 rough green colourfragments (20)
do-plane p0 planer0 verysmooth white varnished (10)
do-plane p11 planer0 rough mauve glazed (20)
do-glaze p11 glazer1 white (15)
do-saw-large b8 p1 saw0 walnut rough s5 s3 s4 s2 (30)
do-saw-large b7 p10 saw0 walnut rough s12 s10 s11 s9 (30)
do-saw-large b13 p14 saw0 beech rough s8 s6 s7 s5 (30)
do-saw-large b13 p18 saw0 beech rough s5 s3 s4 s2 (30)
do-saw-large b7 p19 saw0 walnut rough s9 s7 s8 s6 (30)
do-saw-medium b6 p20 saw0 pine rough s8 s7 s6 (30)
do-saw-medium b9 p21 saw0 teak smooth s10 s9 s8 (30)
do-saw-medium b2 p22 saw0 mahogany rough s5 s4 s3 (30)
do-saw-large b7 p23 saw0 walnut rough s6 s4 s5 s3 (30)
do-saw-large b5 p27 saw0 oak rough s5 s3 s4 s2 (30)
do-saw-large b4 p28 saw0 oak rough s7 s5 s6 s4 (30)
do-saw-large b9 p3 saw0 teak smooth s8 s6 s7 s5 (30)
do-saw-large b9 p38 saw0 teak smooth s5 s3 s4 s2 (30)
do-saw-large b12 p40 saw0 beech rough s10 s8 s9 s7 (30)
do-saw-medium b8 p5 saw0 walnut rough s2 s1 s0 (30)
do-saw-large b11 p7 saw0 teak rough s9 s7 s8 s6 (30)
do-saw-small b13 p13 saw0 beech rough s2 s1 (30)
do-saw-small b1 p2 saw0 cherry rough s7 s6 (30)
do-saw-small b13 p24 saw0 beech rough s1 s0 (30)
do-saw-small b9 p25 saw0 teak smooth s2 s1 (30)
do-saw-small b1 p33 saw0 cherry rough s6 s5 (30)
do-saw-small b9 p34 saw0 teak smooth s1 s0 (30)
do-saw-small b3 p4 saw0 mahogany rough s1 s0 (30)
do-saw-small b2 p43 saw0 mahogany rough s3 s2 (30)
do-saw-small b12 p44 saw0 beech rough s7 s6 (30)
do-saw-small b2 p45 saw0 mahogany rough s2 s1 (30)
do-saw-small b5 p6 saw0 oak rough s2 s1 (30)
do-plane p7 planer0 rough natural untreated (30)
do-glaze p6 glazer1 white (10)
do-glaze p5 glazer0 black (15)
do-saw-large b7 p46 saw0 walnut rough s3 s1 s2 s0 (30)
do-glaze p46 glazer0 blue (20)
do-plane p45 planer0 rough natural untreated (10)
do-plane p44 planer0 rough natural untreated (10)
do-grind p44 grinder0 smooth natural untreated untreated (15)
do-plane p43 planer0 rough natural untreated (10)
do-grind p43 grinder0 smooth natural untreated untreated (15)
do-saw-large b6 p42 saw0 pine rough s6 s4 s5 s3 (30)
do-plane p42 planer0 rough natural untreated (30)
do-grind p42 grinder0 smooth natural untreated untreated (45)
do-glaze p42 glazer0 black (20)
do-saw-medium b6 p41 saw0 pine rough s3 s2 s1 (30)
do-glaze p41 glazer0 red (15)
do-plane p40 planer0 rough natural untreated (30)
do-grind p40 grinder0 smooth natural untreated untreated (45)
do-plane p4 planer0 rough natural untreated (10)
do-immersion-varnish p4 immersion-varnisher0 black smooth (10)
do-saw-large b4 p39 saw0 oak rough s4 s2 s3 s1 (30)
do-glaze p39 glazer0 black (20)
do-saw-large b12 p36 saw0 beech rough s6 s4 s5 s3 (30)
do-glaze p36 glazer0 black (20)
do-saw-large b12 p35 saw0 beech rough s3 s1 s2 s0 (30)
do-glaze p35 glazer0 mauve (20)
do-glaze p34 glazer0 red (10)
do-saw-large b11 p32 saw0 teak rough s6 s4 s5 s3 (30)
do-plane p32 planer0 rough natural untreated (30)
do-immersion-varnish p32 immersion-varnisher0 black smooth (10)
do-saw-large b11 p31 saw0 teak rough s3 s1 s2 s0 (30)
do-plane p31 planer0 rough natural untreated (30)
do-saw-small b6 p30 saw0 pine rough s1 s0 (30)
do-plane p30 planer0 rough natural untreated (10)
do-glaze p3 glazer1 white (20)
do-glaze p28 glazer0 black (20)
do-plane p27 planer0 rough natural untreated (30)
do-grind p27 grinder0 smooth natural untreated untreated (45)
do-saw-small b5 p26 saw0 oak rough s1 s0 (30)
do-plane p26 planer0 rough natural untreated (10)
do-glaze p25 glazer1 white (10)
do-glaze p24 glazer1 white (10)
do-plane p23 planer0 rough natural untreated (30)
do-glaze p22 glazer1 white (15)
do-glaze p21 glazer0 black (15)
do-plane p20 planer0 rough natural untreated (20)
do-glaze p2 glazer0 mauve (10)
do-glaze p19 glazer0 red (20)
do-glaze p18 glazer0 blue (20)
do-saw-small b4 p17 saw0 oak rough s1 s0 (30)
do-glaze p17 glazer0 mauve (10)
do-saw-small b2 p15 saw0 mahogany rough s1 s0 (30)
do-glaze p15 glazer0 green (10)
do-glaze p14 glazer0 red (20)
do-plane p13 planer0 rough natural untreated (10)
do-glaze p10 glazer0 black (20)
do-glaze p1 glazer0 blue (20)
do-immersion-varnish p23 immersion-varnisher0 red smooth (10)
do-immersion-varnish p27 immersion-varnisher0 natural verysmooth (10)
do-immersion-varnish p30 immersion-varnisher1 white smooth (10)
do-immersion-varnish p31 immersion-varnisher0 red smooth (10)
do-immersion-varnish p38 immersion-varnisher0 blue smooth (10)
do-immersion-varnish p40 immersion-varnisher0 blue verysmooth (10)
do-immersion-varnish p44 immersion-varnisher1 white verysmooth (10)
do-immersion-varnish p7 immersion-varnisher1 white smooth (10)
do-glaze p0 glazer0 natural (10)
do-grind p16 grinder0 smooth mauve glazed untreated (45)
do-glaze p16 glazer0 mauve (20)
do-plane p6 planer0 rough white glazed (10)
do-glaze p6 glazer1 white (10)
do-grind p6 grinder0 smooth white glazed untreated (15)
do-glaze p6 glazer1 white (10)
do-plane p46 planer0 rough blue glazed (30)
do-glaze p46 glazer0 blue (20)
do-plane p41 planer0 rough red glazed (20)
do-glaze p41 glazer0 red (15)
do-plane p39 planer0 rough black glazed (30)
do-glaze p39 glazer0 black (20)
do-grind p39 grinder0 smooth black glazed untreated (45)
do-glaze p39 glazer0 black (20)
do-plane p35 planer0 rough mauve glazed (30)
do-glaze p35 glazer0 mauve (20)
do-grind p35 grinder0 smooth mauve glazed untreated (45)
do-glaze p35 glazer0 mauve (20)
do-plane p19 planer0 rough red glazed (30)
do-immersion-varnish p19 immersion-varnisher0 red smooth (10)
do-plane p17 planer0 rough mauve glazed (10)
do-glaze p17 glazer0 mauve (10)
do-plane p1 planer0 rough blue glazed (30)
do-glaze p1 glazer0 blue (20)
do-grind p1 grinder0 smooth blue glazed untreated (45)
do-glaze p1 glazer0 blue (20)
do-plane p22 planer0 rough white glazed (20)
do-glaze p22 glazer1 white (15)
do-grind p22 grinder0 smooth white glazed untreated (30)
do-glaze p22 glazer1 white (15)
do-plane p2 planer0 rough mauve glazed (10)
do-glaze p2 glazer0 mauve (10)
Plan length: 139 step(s).
Plan cost: 3085
Initial state h value: 212/135.
Expanded 3332 state(s).
Reopened 0 state(s).
Evaluated 3333 state(s).
Evaluations: 6666
Generated 2762470 state(s).
Dead ends: 0 state(s).
Best solution cost so far: 3085
Solution found - keep searching
Starting search: lazy_greedy(list(hff2, hlm2), preferred = list(hff2, hlm2), reopen_closed = false)
Conducting lazy best first search, (real) bound = 3085
Best heuristic value: 2782/3274 [g=0, 1 evaluated, 0 expanded, t=732.92s]
Best heuristic value: 2761/3253 [g=20, 2 evaluated, 1 expanded, t=733.12s]
Best heuristic value: 2699/3222 [g=50, 3 evaluated, 2 expanded, t=733.32s]
Best heuristic value: 2653/3176 [g=95, 4 evaluated, 3 expanded, t=733.51s]
Best heuristic value: 2632/3155 [g=115, 5 evaluated, 4 expanded, t=733.7s]
Best heuristic value: 2621/3139 [g=125, 6 evaluated, 5 expanded, t=733.89s]
Best heuristic value: 2599/3123 [g=135, 9 evaluated, 8 expanded, t=734.49s]
Best heuristic value: 2593/3117 [g=140, 12 evaluated, 11 expanded, t=735.11s]
Best heuristic value: 2562/3086 [g=170, 15 evaluated, 14 expanded, t=735.73s]
