Dispatcher selected state size 1.
This is a nonunit task.
Simplifying transitions... done!
Initializing Exploration...
Generating landmarks using the RPG/SAS+ approach
approx. reasonable orders
approx. obedient reasonable orders
Removed 0 reasonable or obedient reasonable orders
Landmarks generation time: 39.0339s
Discovered 488 landmarks, of which 10 are disjunctive and 0 are conjunctive 
545 edges
Initializing LAMA-FF Synergy Object
Initializing landmarks count heuristic...
228 initial landmarks, 186 goal landmarks
Initializing Exploration...
Generating landmarks using the RPG/SAS+ approach
approx. reasonable orders
approx. obedient reasonable orders
Removed 0 reasonable or obedient reasonable orders
Landmarks generation time: 39.5561s
Discovered 488 landmarks, of which 10 are disjunctive and 0 are conjunctive 
545 edges
Initializing LAMA-FF Synergy Object
Initializing landmarks count heuristic...
228 initial landmarks, 186 goal landmarks
Starting search: lazy_greedy(list(hff1, hlm1), preferred = list(hff1, hlm1), cost_type = 1, reopen_closed = false)
Conducting lazy best first search, (real) bound = 2147483647
Best heuristic value: 260/196 [g=0, 1 evaluated, 0 expanded, t=81.66s]
Best heuristic value: 258/195 [g=1, 2 evaluated, 1 expanded, t=81.7s]
Best heuristic value: 256/193 [g=2, 3 evaluated, 2 expanded, t=81.74s]
Best heuristic value: 255/192 [g=3, 4 evaluated, 3 expanded, t=81.78s]
Best heuristic value: 254/191 [g=4, 5 evaluated, 4 expanded, t=81.82s]
Best heuristic value: 253/190 [g=5, 6 evaluated, 5 expanded, t=81.87s]
Best heuristic value: 252/189 [g=6, 7 evaluated, 6 expanded, t=81.91s]
Best heuristic value: 251/188 [g=7, 8 evaluated, 7 expanded, t=81.95s]
Best heuristic value: 250/187 [g=8, 9 evaluated, 8 expanded, t=81.99s]
Best heuristic value: 248/186 [g=9, 10 evaluated, 9 expanded, t=82.03s]
Best heuristic value: 246/185 [g=10, 14 evaluated, 13 expanded, t=82.2s]
Best heuristic value: 245/184 [g=11, 18 evaluated, 17 expanded, t=82.36s]
Best heuristic value: 244/183 [g=12, 22 evaluated, 21 expanded, t=82.53s]
Best heuristic value: 243/182 [g=13, 26 evaluated, 25 expanded, t=82.69s]
Best heuristic value: 241/181 [g=14, 30 evaluated, 29 expanded, t=82.86s]
Best heuristic value: 240/180 [g=15, 35 evaluated, 34 expanded, t=83.06s]
Best heuristic value: 238/178 [g=16, 40 evaluated, 39 expanded, t=83.27s]
Best heuristic value: 237/177 [g=17, 46 evaluated, 45 expanded, t=83.51s]
Best heuristic value: 234/175 [g=18, 54 evaluated, 53 expanded, t=83.83s]
Best heuristic value: 231/174 [g=19, 62 evaluated, 61 expanded, t=84.16s]
Best heuristic value: 228/171 [g=20, 70 evaluated, 69 expanded, t=84.47s]
Best heuristic value: 223/168 [g=21, 78 evaluated, 77 expanded, t=84.79s]
Best heuristic value: 219/166 [g=22, 86 evaluated, 85 expanded, t=85.1s]
Best heuristic value: 215/164 [g=23, 94 evaluated, 93 expanded, t=85.41s]
Best heuristic value: 212/163 [g=24, 102 evaluated, 101 expanded, t=85.71s]
Best heuristic value: 209/161 [g=25, 110 evaluated, 109 expanded, t=86.01s]
Best heuristic value: 205/158 [g=26, 118 evaluated, 117 expanded, t=86.32s]
Best heuristic value: 202/156 [g=27, 126 evaluated, 125 expanded, t=86.61s]
Best heuristic value: 198/156 [g=28, 134 evaluated, 133 expanded, t=86.9s]
Best heuristic value: 198/154 [g=28, 136 evaluated, 135 expanded, t=86.97s]
Best heuristic value: 194/154 [g=29, 149 evaluated, 148 expanded, t=87.44s]
Best heuristic value: 194/152 [g=29, 153 evaluated, 152 expanded, t=87.58s]
Best heuristic value: 191/152 [g=30, 164 evaluated, 163 expanded, t=87.97s]
Best heuristic value: 191/150 [g=30, 172 evaluated, 171 expanded, t=88.26s]
Best heuristic value: 188/150 [g=31, 179 evaluated, 178 expanded, t=88.5s]
Best heuristic value: 188/148 [g=31, 192 evaluated, 191 expanded, t=88.96s]
Best heuristic value: 185/148 [g=32, 195 evaluated, 194 expanded, t=89.07s]
Best heuristic value: 182/148 [g=33, 211 evaluated, 210 expanded, t=89.62s]
Best heuristic value: 182/146 [g=32, 212 evaluated, 211 expanded, t=89.66s]
Best heuristic value: 177/146 [g=34, 227 evaluated, 226 expanded, t=90.18s]
Best heuristic value: 177/144 [g=33, 232 evaluated, 231 expanded, t=90.35s]
Best heuristic value: 173/144 [g=35, 243 evaluated, 242 expanded, t=90.72s]
Best heuristic value: 173/142 [g=34, 252 evaluated, 251 expanded, t=91.03s]
Best heuristic value: 170/142 [g=36, 259 evaluated, 258 expanded, t=91.27s]
Best heuristic value: 166/141 [g=37, 275 evaluated, 274 expanded, t=91.8s]
Best heuristic value: 164/139 [g=38, 283 evaluated, 282 expanded, t=92.07s]
Best heuristic value: 161/137 [g=39, 291 evaluated, 290 expanded, t=92.33s]
Best heuristic value: 157/135 [g=40, 299 evaluated, 298 expanded, t=92.59s]
Best heuristic value: 154/133 [g=41, 307 evaluated, 306 expanded, t=92.84s]
Best heuristic value: 151/131 [g=42, 315 evaluated, 314 expanded, t=93.1s]
Best heuristic value: 148/128 [g=43, 323 evaluated, 322 expanded, t=93.36s]
Best heuristic value: 145/126 [g=44, 331 evaluated, 330 expanded, t=93.61s]
Best heuristic value: 142/124 [g=45, 339 evaluated, 338 expanded, t=93.86s]
Best heuristic value: 139/122 [g=46, 347 evaluated, 346 expanded, t=94.1s]
Best heuristic value: 136/121 [g=47, 355 evaluated, 354 expanded, t=94.36s]
Best heuristic value: 133/119 [g=48, 363 evaluated, 362 expanded, t=94.6s]
Best heuristic value: 131/118 [g=49, 371 evaluated, 370 expanded, t=94.84s]
Best heuristic value: 131/117 [g=50, 379 evaluated, 378 expanded, t=95.08s]
Best heuristic value: 130/117 [g=50, 381 evaluated, 380 expanded, t=95.14s]
Best heuristic value: 130/116 [g=51, 395 evaluated, 394 expanded, t=95.56s]
Best heuristic value: 129/116 [g=51, 400 evaluated, 399 expanded, t=95.71s]
Best heuristic value: 128/115 [g=52, 412 evaluated, 411 expanded, t=96.07s]
Best heuristic value: 127/115 [g=53, 420 evaluated, 419 expanded, t=96.31s]
Best heuristic value: 127/114 [g=53, 422 evaluated, 421 expanded, t=96.37s]
Best heuristic value: 126/114 [g=54, 437 evaluated, 436 expanded, t=96.82s]
Best heuristic value: 126/113 [g=54, 440 evaluated, 439 expanded, t=96.91s]
Best heuristic value: 125/113 [g=55, 454 evaluated, 453 expanded, t=97.32s]
Best heuristic value: 125/112 [g=55, 457 evaluated, 456 expanded, t=97.41s]
Best heuristic value: 124/112 [g=56, 471 evaluated, 470 expanded, t=97.83s]
Best heuristic value: 123/111 [g=56, 474 evaluated, 473 expanded, t=97.91s]
Best heuristic value: 122/111 [g=57, 482 evaluated, 481 expanded, t=98.15s]
Best heuristic value: 121/109 [g=57, 484 evaluated, 483 expanded, t=98.21s]
Best heuristic value: 120/109 [g=58, 492 evaluated, 491 expanded, t=98.44s]
Best heuristic value: 120/108 [g=58, 494 evaluated, 493 expanded, t=98.5s]
Best heuristic value: 119/108 [g=59, 509 evaluated, 508 expanded, t=98.94s]
Best heuristic value: 118/106 [g=59, 512 evaluated, 511 expanded, t=99.03s]
Best heuristic value: 117/106 [g=60, 520 evaluated, 519 expanded, t=99.26s]
Best heuristic value: 116/98 [g=60, 524 evaluated, 523 expanded, t=99.38s]
Best heuristic value: 115/98 [g=61, 532 evaluated, 531 expanded, t=99.61s]
Best heuristic value: 115/97 [g=61, 536 evaluated, 535 expanded, t=99.73s]
Best heuristic value: 114/97 [g=62, 549 evaluated, 548 expanded, t=100.1s]
Best heuristic value: 114/96 [g=62, 558 evaluated, 557 expanded, t=100.36s]
Best heuristic value: 113/96 [g=63, 570 evaluated, 569 expanded, t=100.71s]
Best heuristic value: 113/95 [g=63, 579 evaluated, 578 expanded, t=100.97s]
Best heuristic value: 112/95 [g=64, 594 evaluated, 593 expanded, t=101.41s]
Best heuristic value: 111/95 [g=64, 601 evaluated, 600 expanded, t=101.6s]
Best heuristic value: 111/94 [g=64, 603 evaluated, 602 expanded, t=101.66s]
Best heuristic value: 110/94 [g=65, 616 evaluated, 615 expanded, t=102.04s]
Best heuristic value: 110/93 [g=65, 627 evaluated, 626 expanded, t=102.35s]
Best heuristic value: 109/93 [g=66, 634 evaluated, 633 expanded, t=102.55s]
Best heuristic value: 108/93 [g=67, 653 evaluated, 652 expanded, t=103.11s]
Best heuristic value: 108/91 [g=66, 656 evaluated, 655 expanded, t=103.2s]
Best heuristic value: 107/91 [g=68, 675 evaluated, 674 expanded, t=103.74s]
Best heuristic value: 107/90 [g=67, 688 evaluated, 687 expanded, t=104.12s]
Best heuristic value: 106/90 [g=69, 696 evaluated, 695 expanded, t=104.35s]
Best heuristic value: 105/90 [g=70, 718 evaluated, 717 expanded, t=104.98s]
Best heuristic value: 105/89 [g=68, 719 evaluated, 718 expanded, t=105.01s]
Best heuristic value: 104/89 [g=71, 740 evaluated, 739 expanded, t=105.62s]
Best heuristic value: 104/88 [g=69, 751 evaluated, 750 expanded, t=105.93s]
Best heuristic value: 103/88 [g=72, 762 evaluated, 761 expanded, t=106.25s]
Best heuristic value: 103/87 [g=70, 783 evaluated, 782 expanded, t=106.87s]
Best heuristic value: 100/87 [g=73, 788 evaluated, 787 expanded, t=107.01s]
Best heuristic value: 100/86 [g=71, 817 evaluated, 816 expanded, t=107.84s]
Best heuristic value: 98/86 [g=74, 818 evaluated, 817 expanded, t=107.87s]
Best heuristic value: 97/86 [g=75, 850 evaluated, 849 expanded, t=108.79s]
Best heuristic value: 97/85 [g=72, 851 evaluated, 850 expanded, t=108.82s]
Best heuristic value: 96/85 [g=76, 882 evaluated, 881 expanded, t=109.71s]
Best heuristic value: 96/84 [g=73, 885 evaluated, 884 expanded, t=109.8s]
Best heuristic value: 95/84 [g=77, 914 evaluated, 913 expanded, t=110.63s]
Best heuristic value: 95/83 [g=74, 923 evaluated, 922 expanded, t=110.88s]
Best heuristic value: 94/83 [g=78, 946 evaluated, 945 expanded, t=111.54s]
Best heuristic value: 94/82 [g=75, 963 evaluated, 962 expanded, t=112.03s]
Best heuristic value: 92/82 [g=79, 978 evaluated, 977 expanded, t=112.46s]
Best heuristic value: 92/81 [g=76, 1003 evaluated, 1002 expanded, t=113.18s]
Best heuristic value: 91/81 [g=80, 1012 evaluated, 1011 expanded, t=113.43s]
Best heuristic value: 90/81 [g=81, 1048 evaluated, 1047 expanded, t=114.45s]
Best heuristic value: 90/79 [g=77, 1049 evaluated, 1048 expanded, t=114.48s]
Best heuristic value: 89/79 [g=82, 1084 evaluated, 1083 expanded, t=115.47s]
Best heuristic value: 89/78 [g=78, 1095 evaluated, 1094 expanded, t=115.78s]
Best heuristic value: 88/78 [g=83, 1120 evaluated, 1119 expanded, t=116.5s]
Best heuristic value: 88/77 [g=79, 1143 evaluated, 1142 expanded, t=117.15s]
Best heuristic value: 86/77 [g=84, 1156 evaluated, 1155 expanded, t=117.52s]
Best heuristic value: 86/76 [g=80, 1193 evaluated, 1192 expanded, t=118.57s]
Best heuristic value: 85/76 [g=85, 1194 evaluated, 1193 expanded, t=118.59s]
Best heuristic value: 83/76 [g=86, 1234 evaluated, 1233 expanded, t=119.72s]
Best heuristic value: 83/75 [g=81, 1243 evaluated, 1242 expanded, t=119.98s]
Best heuristic value: 82/75 [g=87, 1274 evaluated, 1273 expanded, t=120.85s]
Best heuristic value: 82/74 [g=82, 1295 evaluated, 1294 expanded, t=121.45s]
Best heuristic value: 81/74 [g=88, 1316 evaluated, 1315 expanded, t=122.04s]
Best heuristic value: 81/73 [g=83, 1351 evaluated, 1350 expanded, t=123.03s]
Best heuristic value: 79/73 [g=89, 1360 evaluated, 1359 expanded, t=123.28s]
Best heuristic value: 78/73 [g=90, 1404 evaluated, 1403 expanded, t=124.51s]
Best heuristic value: 78/72 [g=84, 1407 evaluated, 1406 expanded, t=124.59s]
Best heuristic value: 75/72 [g=91, 1454 evaluated, 1453 expanded, t=125.91s]
Best heuristic value: 75/71 [g=85, 1465 evaluated, 1464 expanded, t=126.22s]
Best heuristic value: 74/71 [g=92, 1504 evaluated, 1503 expanded, t=127.3s]
Best heuristic value: 74/69 [g=86, 1525 evaluated, 1524 expanded, t=127.89s]
Best heuristic value: 73/69 [g=93, 1556 evaluated, 1555 expanded, t=128.76s]
Best heuristic value: 73/67 [g=87, 1583 evaluated, 1582 expanded, t=129.51s]
Best heuristic value: 72/67 [g=94, 1608 evaluated, 1607 expanded, t=130.2s]
Best heuristic value: 72/66 [g=88, 1641 evaluated, 1640 expanded, t=131.12s]
Best heuristic value: 71/66 [g=95, 1662 evaluated, 1661 expanded, t=131.7s]
Best heuristic value: 71/64 [g=89, 1699 evaluated, 1698 expanded, t=132.73s]
Best heuristic value: 70/64 [g=96, 1716 evaluated, 1715 expanded, t=133.2s]
Best heuristic value: 70/63 [g=90, 1757 evaluated, 1756 expanded, t=134.34s]
Best heuristic value: 69/63 [g=97, 1772 evaluated, 1771 expanded, t=134.76s]
Best heuristic value: 69/62 [g=91, 1819 evaluated, 1818 expanded, t=136.06s]
Best heuristic value: 67/62 [g=98, 1830 evaluated, 1829 expanded, t=136.38s]
Best heuristic value: 67/61 [g=92, 1881 evaluated, 1880 expanded, t=137.79s]
Best heuristic value: 66/61 [g=99, 1888 evaluated, 1887 expanded, t=137.98s]
Best heuristic value: 66/60 [g=93, 1943 evaluated, 1942 expanded, t=139.5s]
Best heuristic value: 65/60 [g=100, 1946 evaluated, 1945 expanded, t=139.59s]
Best heuristic value: 64/60 [g=101, 2004 evaluated, 2003 expanded, t=141.19s]
Best heuristic value: 64/59 [g=94, 2005 evaluated, 2004 expanded, t=141.22s]
Best heuristic value: 63/59 [g=102, 2062 evaluated, 2061 expanded, t=142.8s]
Best heuristic value: 63/58 [g=95, 2067 evaluated, 2066 expanded, t=142.94s]
Best heuristic value: 62/58 [g=103, 2120 evaluated, 2119 expanded, t=144.4s]
Best heuristic value: 62/57 [g=96, 2129 evaluated, 2128 expanded, t=144.65s]
Best heuristic value: 59/57 [g=104, 2180 evaluated, 2179 expanded, t=146.06s]
Best heuristic value: 59/56 [g=97, 2193 evaluated, 2192 expanded, t=146.41s]
Best heuristic value: 57/56 [g=105, 2242 evaluated, 2241 expanded, t=147.76s]
Best heuristic value: 57/55 [g=98, 2259 evaluated, 2258 expanded, t=148.22s]
Best heuristic value: 55/55 [g=106, 2302 evaluated, 2301 expanded, t=149.4s]
Best heuristic value: 55/54 [g=99, 2319 evaluated, 2318 expanded, t=149.86s]
Best heuristic value: 54/54 [g=107, 2362 evaluated, 2361 expanded, t=151.04s]
Best heuristic value: 54/53 [g=100, 2385 evaluated, 2384 expanded, t=151.66s]
Best heuristic value: 52/52 [g=108, 2422 evaluated, 2421 expanded, t=152.66s]
Best heuristic value: 52/51 [g=109, 2452 evaluated, 2451 expanded, t=153.46s]
Best heuristic value: 51/51 [g=109, 2454 evaluated, 2453 expanded, t=153.52s]
Best heuristic value: 49/50 [g=110, 2512 evaluated, 2511 expanded, t=155.06s]
Best heuristic value: 48/50 [g=111, 2542 evaluated, 2541 expanded, t=155.83s]
Best heuristic value: 48/49 [g=111, 2544 evaluated, 2543 expanded, t=155.88s]
Best heuristic value: 47/49 [g=112, 2603 evaluated, 2602 expanded, t=157.4s]
Best heuristic value: 47/48 [g=112, 2608 evaluated, 2607 expanded, t=157.52s]
Best heuristic value: 46/48 [g=113, 2664 evaluated, 2663 expanded, t=158.95s]
Best heuristic value: 46/47 [g=113, 2671 evaluated, 2670 expanded, t=159.13s]
Best heuristic value: 45/47 [g=114, 2727 evaluated, 2726 expanded, t=160.55s]
Best heuristic value: 45/46 [g=114, 2734 evaluated, 2733 expanded, t=160.73s]
Best heuristic value: 44/46 [g=115, 2790 evaluated, 2789 expanded, t=162.16s]
Best heuristic value: 44/45 [g=115, 2797 evaluated, 2796 expanded, t=162.34s]
Best heuristic value: 43/45 [g=116, 2853 evaluated, 2852 expanded, t=163.76s]
Best heuristic value: 43/44 [g=116, 2860 evaluated, 2859 expanded, t=163.94s]
Best heuristic value: 42/44 [g=117, 2916 evaluated, 2915 expanded, t=165.37s]
Best heuristic value: 42/43 [g=117, 2923 evaluated, 2922 expanded, t=165.54s]
Best heuristic value: 41/43 [g=118, 2979 evaluated, 2978 expanded, t=166.97s]
Best heuristic value: 41/42 [g=118, 2988 evaluated, 2987 expanded, t=167.19s]
Best heuristic value: 40/42 [g=119, 3042 evaluated, 3041 expanded, t=168.57s]
Best heuristic value: 40/41 [g=119, 3061 evaluated, 3060 expanded, t=169.05s]
Best heuristic value: 39/41 [g=120, 3105 evaluated, 3104 expanded, t=170.19s]
Best heuristic value: 39/40 [g=120, 3140 evaluated, 3139 expanded, t=171.08s]
Best heuristic value: 38/40 [g=121, 3172 evaluated, 3171 expanded, t=171.89s]
Best heuristic value: 38/39 [g=121, 3211 evaluated, 3210 expanded, t=172.88s]
Best heuristic value: 37/39 [g=122, 3245 evaluated, 3244 expanded, t=173.74s]
Best heuristic value: 36/37 [g=122, 3278 evaluated, 3277 expanded, t=174.57s]
Best heuristic value: 35/37 [g=123, 3304 evaluated, 3303 expanded, t=175.23s]
Best heuristic value: 34/35 [g=123, 3316 evaluated, 3315 expanded, t=175.54s]
Best heuristic value: 33/35 [g=124, 3340 evaluated, 3339 expanded, t=176.15s]
Best heuristic value: 33/34 [g=124, 3364 evaluated, 3363 expanded, t=176.75s]
Best heuristic value: 32/34 [g=125, 3379 evaluated, 3378 expanded, t=177.13s]
Best heuristic value: 31/32 [g=125, 3426 evaluated, 3425 expanded, t=178.32s]
Best heuristic value: 30/32 [g=126, 3447 evaluated, 3446 expanded, t=178.85s]
Best heuristic value: 29/30 [g=126, 3471 evaluated, 3470 expanded, t=179.45s]
Best heuristic value: 28/30 [g=127, 3490 evaluated, 3489 expanded, t=179.93s]
Best heuristic value: 27/28 [g=127, 3508 evaluated, 3507 expanded, t=180.38s]
Best heuristic value: 26/28 [g=128, 3525 evaluated, 3524 expanded, t=180.81s]
Best heuristic value: 25/28 [g=129, 3548 evaluated, 3547 expanded, t=181.38s]
Best heuristic value: 25/27 [g=128, 3553 evaluated, 3552 expanded, t=181.51s]
Best heuristic value: 24/27 [g=130, 3591 evaluated, 3590 expanded, t=182.46s]
Best heuristic value: 24/26 [g=129, 3596 evaluated, 3595 expanded, t=182.58s]
Best heuristic value: 23/26 [g=131, 3629 evaluated, 3628 expanded, t=183.41s]
Best heuristic value: 23/24 [g=130, 3643 evaluated, 3642 expanded, t=183.76s]
Best heuristic value: 22/24 [g=131, 3667 evaluated, 3666 expanded, t=184.36s]
Best heuristic value: 21/24 [g=132, 3685 evaluated, 3684 expanded, t=184.81s]
Best heuristic value: 21/22 [g=131, 3701 evaluated, 3700 expanded, t=185.21s]
Best heuristic value: 20/22 [g=132, 3719 evaluated, 3718 expanded, t=185.66s]
Best heuristic value: 19/22 [g=133, 3735 evaluated, 3734 expanded, t=186.05s]
Best heuristic value: 19/20 [g=132, 3751 evaluated, 3750 expanded, t=186.45s]
Best heuristic value: 18/20 [g=133, 3764 evaluated, 3763 expanded, t=186.78s]
Best heuristic value: 17/20 [g=134, 3778 evaluated, 3777 expanded, t=187.12s]
Best heuristic value: 17/19 [g=134, 3789 evaluated, 3788 expanded, t=187.39s]
Best heuristic value: 16/19 [g=136, 3804 evaluated, 3803 expanded, t=187.77s]
Best heuristic value: 15/18 [g=138, 3832 evaluated, 3831 expanded, t=188.46s]
Best heuristic value: 14/17 [g=140, 3853 evaluated, 3852 expanded, t=188.97s]
Best heuristic value: 13/16 [g=142, 3875 evaluated, 3874 expanded, t=189.51s]
Best heuristic value: 12/15 [g=144, 3897 evaluated, 3896 expanded, t=190.04s]
Best heuristic value: 11/14 [g=146, 3918 evaluated, 3917 expanded, t=190.56s]
Best heuristic value: 10/13 [g=148, 3938 evaluated, 3937 expanded, t=191.05s]
Best heuristic value: 9/12 [g=150, 3959 evaluated, 3958 expanded, t=191.56s]
Best heuristic value: 8/11 [g=152, 3979 evaluated, 3978 expanded, t=192.05s]
Best heuristic value: 7/10 [g=154, 3999 evaluated, 3998 expanded, t=192.54s]
Best heuristic value: 6/9 [g=156, 4079 evaluated, 4078 expanded, t=194.48s]
Best heuristic value: 5/8 [g=158, 4112 evaluated, 4111 expanded, t=195.29s]
Best heuristic value: 4/7 [g=160, 4164 evaluated, 4163 expanded, t=196.55s]
Best heuristic value: 3/6 [g=162, 4216 evaluated, 4215 expanded, t=197.81s]
Best heuristic value: 2/4 [g=164, 44296 evaluated, 44295 expanded, t=1179.98s]
Best heuristic value: 1/2 [g=166, 46529 evaluated, 46528 expanded, t=1231.96s]
Solution found!
Actual search time: 1181.35s [t=1262.97s]
do-plane p5 planer0 rough white colourfragments (20)
do-glaze p5 glazer1 black (15)
do-plane p47 planer0 rough green varnished (10)
do-grind p47 grinder0 smooth natural untreated untreated (15)
do-grind p43 grinder0 smooth red colourfragments untreated (30)
do-glaze p43 glazer0 blue (15)
do-plane p4 planer0 rough blue varnished (20)
do-grind p4 grinder0 smooth natural untreated untreated (30)
do-plane p28 planer0 rough mauve colourfragments (10)
do-plane p20 planer0 rough mauve glazed (20)
do-grind p20 grinder0 smooth natural untreated untreated (30)
do-immersion-varnish p20 immersion-varnisher0 blue verysmooth (10)
do-grind p2 grinder0 smooth green glazed untreated (15)
do-glaze p2 glazer0 blue (10)
do-plane p12 planer0 smooth white varnished (20)
do-glaze p12 glazer1 black (15)
do-grind p10 grinder0 smooth natural glazed untreated (15)
do-saw-large b8 p15 saw0 pine rough s3 s1 s2 s0 (30)
do-saw-large b9 p17 saw0 walnut rough s9 s7 s8 s6 (30)
do-saw-large b1 p3 saw0 cherry smooth s7 s5 s6 s4 (30)
do-saw-large b14 p35 saw0 beech smooth s10 s8 s9 s7 (30)
do-saw-large b5 p44 saw0 oak smooth s4 s2 s3 s1 (30)
do-saw-large b13 p48 saw0 teak rough s4 s2 s3 s1 (30)
do-saw-large b9 p49 saw0 walnut rough s6 s4 s5 s3 (30)
do-saw-large b7 p50 saw0 pine rough s7 s5 s6 s4 (30)
do-saw-large b1 p8 saw0 cherry smooth s4 s2 s3 s1 (30)
do-saw-small b7 p0 saw0 pine rough s4 s3 (30)
do-saw-medium b9 p1 saw0 walnut rough s3 s2 s1 (30)
do-saw-small b5 p11 saw0 oak smooth s1 s0 (30)
do-saw-small b1 p13 saw0 cherry smooth s1 s0 (30)
do-saw-medium b11 p18 saw0 walnut rough s9 s8 s7 (30)
do-saw-medium b3 p19 saw0 mahogany rough s7 s6 s5 (30)
do-saw-medium b15 p21 saw0 beech rough s2 s1 s0 (30)
do-saw-small b4 p23 saw0 oak smooth s5 s4 (30)
do-saw-small b4 p24 saw0 oak smooth s4 s3 (30)
do-saw-small b3 p26 saw0 mahogany rough s5 s4 (30)
do-saw-medium b11 p29 saw0 walnut rough s7 s6 s5 (30)
do-saw-medium b11 p30 saw0 walnut rough s5 s4 s3 (30)
do-saw-small b13 p31 saw0 teak rough s1 s0 (30)
do-saw-small b4 p33 saw0 oak smooth s3 s2 (30)
do-saw-medium b11 p38 saw0 walnut rough s3 s2 s1 (30)
do-saw-small b12 p39 saw0 teak smooth s7 s6 (30)
do-saw-medium b12 p41 saw0 teak smooth s6 s5 s4 (30)
do-saw-small b3 p42 saw0 mahogany rough s4 s3 (30)
do-saw-small b3 p45 saw0 mahogany rough s3 s2 (30)
do-saw-small b7 p52 saw0 pine rough s3 s2 (30)
do-saw-small b9 p54 saw0 walnut rough s1 s0 (30)
do-saw-medium b12 p55 saw0 teak smooth s4 s3 s2 (30)
do-saw-medium b7 p9 saw0 pine rough s2 s1 s0 (30)
do-glaze p9 glazer0 green (15)
do-glaze p8 glazer1 black (20)
do-saw-large b6 p7 saw0 pine rough s8 s6 s7 s5 (30)
do-plane p7 planer0 rough natural untreated (30)
do-grind p7 grinder0 smooth natural untreated untreated (45)
do-immersion-varnish p7 immersion-varnisher0 blue verysmooth (10)
do-saw-large b6 p6 saw0 pine rough s5 s3 s4 s2 (30)
do-glaze p6 glazer0 white (20)
do-glaze p55 glazer1 black (15)
do-glaze p54 glazer1 red (10)
do-saw-medium b6 p53 saw0 pine rough s2 s1 s0 (30)
do-glaze p53 glazer1 black (15)
do-plane p52 planer0 rough natural untreated (10)
do-immersion-varnish p52 immersion-varnisher0 blue smooth (10)
do-saw-small b4 p51 saw0 oak smooth s2 s1 (30)
do-plane p9 planer0 rough green glazed (20)
do-immersion-varnish p9 immersion-varnisher0 blue smooth (10)
do-plane p53 planer0 rough black glazed (20)
do-immersion-varnish p53 immersion-varnisher0 blue smooth (10)
do-grind p51 grinder0 smooth natural untreated untreated (15)
do-immersion-varnish p51 immersion-varnisher0 blue verysmooth (10)
do-glaze p50 glazer0 white (20)
do-glaze p49 glazer1 red (20)
do-saw-small b4 p46 saw0 oak smooth s1 s0 (30)
do-glaze p45 glazer1 black (10)
do-grind p44 grinder0 smooth natural untreated untreated (45)
do-immersion-varnish p44 immersion-varnisher0 blue verysmooth (10)
do-plane p42 planer0 rough natural untreated (10)
do-immersion-varnish p42 immersion-varnisher0 blue smooth (10)
do-saw-medium b3 p40 saw0 mahogany rough s2 s1 s0 (30)
do-plane p40 planer0 rough natural untreated (20)
do-glaze p39 glazer0 mauve (10)
do-plane p38 planer0 rough natural untreated (20)
do-grind p38 grinder0 smooth natural untreated untreated (30)
do-saw-small b2 p37 saw0 mahogany rough s8 s7 (30)
do-plane p37 planer0 rough natural untreated (10)
do-saw-medium b2 p36 saw0 mahogany rough s7 s6 s5 (30)
do-glaze p36 glazer1 red (15)
do-grind p35 grinder0 smooth natural untreated untreated (45)
do-saw-large b2 p34 saw0 mahogany rough s5 s3 s4 s2 (30)
do-glaze p34 glazer0 green (20)
do-saw-large b14 p32 saw0 beech smooth s7 s5 s6 s4 (30)
do-glaze p32 glazer0 blue (20)
do-plane p31 planer0 rough natural untreated (10)
do-grind p31 grinder0 smooth natural untreated untreated (15)
do-plane p30 planer0 rough natural untreated (20)
do-plane p29 planer0 rough natural untreated (20)
do-glaze p26 glazer0 white (10)
do-saw-small b2 p25 saw0 mahogany rough s2 s1 (30)
do-plane p25 planer0 rough natural untreated (10)
do-grind p25 grinder0 smooth natural untreated untreated (15)
do-glaze p25 glazer0 blue (10)
do-grind p24 grinder0 smooth natural untreated untreated (15)
do-glaze p24 glazer0 blue (10)
do-saw-large b14 p22 saw0 beech smooth s4 s2 s3 s1 (30)
do-immersion-varnish p22 immersion-varnisher0 blue smooth (10)
do-glaze p21 glazer0 green (15)
do-glaze p19 glazer0 white (15)
do-glaze p18 glazer1 black (15)
do-glaze p17 glazer0 mauve (20)
do-saw-medium b12 p16 saw0 teak smooth s2 s1 s0 (30)
do-glaze p16 glazer0 green (15)
do-glaze p15 glazer0 green (20)
do-glaze p13 glazer0 blue (10)
do-grind p11 grinder0 smooth natural untreated untreated (15)
do-glaze p11 glazer0 blue (10)
do-plane p1 planer0 rough natural untreated (20)
do-grind p1 grinder0 smooth natural untreated untreated (30)
do-glaze p0 glazer0 mauve (10)
do-immersion-varnish p1 immersion-varnisher0 natural verysmooth (10)
do-glaze p23 glazer1 natural (10)
do-immersion-varnish p29 immersion-varnisher0 natural smooth (10)
do-immersion-varnish p31 immersion-varnisher0 red verysmooth (10)
do-immersion-varnish p33 immersion-varnisher0 green smooth (10)
do-glaze p35 glazer1 natural (20)
do-immersion-varnish p37 immersion-varnisher0 red smooth (10)
do-immersion-varnish p40 immersion-varnisher1 black smooth (10)
do-immersion-varnish p46 immersion-varnisher0 green smooth (10)
do-glaze p48 glazer1 natural (20)
do-plane p14 planer0 smooth mauve colourfragments (20)
do-immersion-varnish p10 immersion-varnisher1 black verysmooth (10)
do-immersion-varnish p14 immersion-varnisher1 black smooth (10)
do-immersion-varnish p28 immersion-varnisher0 red smooth (10)
do-plane p17 planer0 rough mauve glazed (30)
do-immersion-varnish p17 immersion-varnisher0 blue smooth (10)
do-plane p27 planer0 verysmooth green varnished (10)
do-immersion-varnish p27 immersion-varnisher0 blue smooth (10)
do-plane p49 planer0 rough red glazed (30)
do-glaze p49 glazer1 red (20)
do-grind p49 grinder0 smooth red glazed untreated (45)
do-glaze p49 glazer1 red (20)
do-plane p36 planer0 rough red glazed (20)
do-glaze p36 glazer1 red (15)
do-grind p36 grinder0 smooth red glazed untreated (30)
do-glaze p36 glazer1 red (15)
do-plane p34 planer0 rough green glazed (30)
do-glaze p34 glazer0 green (20)
do-plane p26 planer0 rough white glazed (10)
do-glaze p26 glazer0 white (10)
do-grind p16 grinder0 smooth green glazed untreated (30)
do-glaze p16 glazer0 green (15)
do-plane p0 planer0 rough mauve glazed (10)
do-glaze p0 glazer0 mauve (10)
do-grind p0 grinder0 smooth mauve glazed untreated (15)
do-glaze p0 glazer0 mauve (10)
do-grind p12 grinder0 smooth black glazed untreated (30)
do-glaze p12 glazer1 black (15)
do-plane p54 planer0 rough red glazed (10)
do-glaze p54 glazer1 red (10)
do-plane p45 planer0 rough black glazed (10)
do-glaze p45 glazer1 black (10)
do-grind p45 grinder0 smooth black glazed untreated (15)
do-glaze p45 glazer1 black (10)
do-plane p9 planer0 smooth blue varnished (20)
do-immersion-varnish p9 immersion-varnisher0 green smooth (10)
do-plane p53 planer0 smooth blue varnished (20)
do-immersion-varnish p53 immersion-varnisher1 black smooth (10)
do-plane p17 planer0 smooth blue varnished (30)
do-immersion-varnish p17 immersion-varnisher0 mauve smooth (10)
Plan length: 168 step(s).
Plan cost: 3385
Initial state h value: 260/196.
Expanded 47915 state(s).
Reopened 0 state(s).
Evaluated 47916 state(s).
Evaluations: 95832
Generated 34390978 state(s).
Dead ends: 0 state(s).
Best solution cost so far: 3385
Solution found - keep searching
Starting search: lazy_greedy(list(hff2, hlm2), preferred = list(hff2, hlm2), reopen_closed = false)
Conducting lazy best first search, (real) bound = 3385
Best heuristic value: 3210/4652 [g=0, 1 evaluated, 0 expanded, t=1263.01s]
Best heuristic value: 3168/4626 [g=20, 2 evaluated, 1 expanded, t=1263.05s]
Best heuristic value: 3157/4615 [g=30, 5 evaluated, 4 expanded, t=1263.18s]
