Parsing... [0.030s CPU, 0.025s wall-clock]
Normalizing task... [0.000s CPU, 0.001s wall-clock]
Instantiating...
Generating Datalog program... [0.000s CPU, 0.004s wall-clock]
Normalizing Datalog program...
Normalizing Datalog program: [0.020s CPU, 0.017s wall-clock]
Preparing model... [0.010s CPU, 0.018s wall-clock]
Generated 198 rules.
Computing model... [3.400s CPU, 3.391s wall-clock]
52925 relevant atoms
28682 auxiliary atoms
81607 final queue length
297162 total queue pushes
Completing instantiation... [28.550s CPU, 28.556s wall-clock]
Instantiating: [32.290s CPU, 32.287s wall-clock]
Computing fact groups...
Finding invariants...
24 initial candidates
Finding invariants: [0.170s CPU, 0.171s wall-clock]
Checking invariant weight... [0.000s CPU, 0.007s wall-clock]
Instantiating groups... [0.100s CPU, 0.094s wall-clock]
Collecting mutex groups... [0.000s CPU, 0.002s wall-clock]
Choosing groups...
517 uncovered facts
Choosing groups: [0.000s CPU, 0.009s wall-clock]
Building translation key... [0.000s CPU, 0.005s wall-clock]
Computing fact groups: [0.310s CPU, 0.310s wall-clock]
Building STRIPS to SAS dictionary... [0.000s CPU, 0.003s wall-clock]
Building dictionary for full mutex groups... [0.010s CPU, 0.004s wall-clock]
Building mutex information...
Building mutex information: [0.010s CPU, 0.004s wall-clock]
Translating task...
Processing axioms...
Simplifying axioms... [0.010s CPU, 0.001s wall-clock]
Processing axioms: [1.450s CPU, 1.452s wall-clock]
Translating task: [11.440s CPU, 11.448s wall-clock]
19218 implied effects removed
3540 effect conditions simplified
0 implied preconditions added
Detecting unreachable propositions...
354 operators removed
242 propositions removed
Detecting unreachable propositions: [1.350s CPU, 1.353s wall-clock]
Translator variables: 652
Translator derived variables: 0
Translator facts: 1946
Translator mutex groups: 239
Translator total mutex groups size: 1150
Translator operators: 50526
Translator task size: 443819
Translator peak memory: 471668 KB
Writing output... [1.160s CPU, 1.173s wall-clock]
Done! [49.470s CPU, 49.475s wall-clock]
