Parsing... [0.020s CPU, 0.034s wall-clock]
Normalizing task... [0.000s CPU, 0.002s wall-clock]
Instantiating...
Generating Datalog program... [0.000s CPU, 0.004s wall-clock]
Normalizing Datalog program...
Normalizing Datalog program: [0.020s CPU, 0.018s wall-clock]
Preparing model... [0.020s CPU, 0.018s wall-clock]
Generated 198 rules.
Computing model... [4.640s CPU, 4.645s wall-clock]
64317 relevant atoms
32477 auxiliary atoms
96794 final queue length
372362 total queue pushes
Completing instantiation... [33.990s CPU, 33.986s wall-clock]
Instantiating: [39.050s CPU, 39.054s wall-clock]
Computing fact groups...
Finding invariants...
24 initial candidates
Finding invariants: [0.200s CPU, 0.203s wall-clock]
Checking invariant weight... [0.010s CPU, 0.009s wall-clock]
Instantiating groups... [0.120s CPU, 0.119s wall-clock]
Collecting mutex groups... [0.000s CPU, 0.002s wall-clock]
Choosing groups...
571 uncovered facts
Choosing groups: [0.010s CPU, 0.009s wall-clock]
Building translation key... [0.000s CPU, 0.007s wall-clock]
Computing fact groups: [0.370s CPU, 0.375s wall-clock]
Building STRIPS to SAS dictionary... [0.000s CPU, 0.003s wall-clock]
Building dictionary for full mutex groups... [0.010s CPU, 0.005s wall-clock]
Building mutex information...
Building mutex information: [0.000s CPU, 0.004s wall-clock]
Translating task...
Processing axioms...
Simplifying axioms... [0.000s CPU, 0.000s wall-clock]
Processing axioms: [1.830s CPU, 1.825s wall-clock]
Translating task: [19.840s CPU, 19.844s wall-clock]
21216 implied effects removed
3380 effect conditions simplified
0 implied preconditions added
Detecting unreachable propositions...
390 operators removed
266 propositions removed
Detecting unreachable propositions: [1.740s CPU, 1.742s wall-clock]
Translator variables: 724
Translator derived variables: 0
Translator facts: 2187
Translator mutex groups: 269
Translator total mutex groups size: 1313
Translator operators: 61648
Translator task size: 551404
Translator peak memory: 575332 KB
Writing output... [1.500s CPU, 1.494s wall-clock]
Done! [66.020s CPU, 66.032s wall-clock]
