Parsing... [0.020s CPU, 0.022s wall-clock]
Normalizing task... [0.000s CPU, 0.001s wall-clock]
Instantiating...
Generating Datalog program... [0.010s CPU, 0.004s wall-clock]
Normalizing Datalog program...
Normalizing Datalog program: [0.010s CPU, 0.017s wall-clock]
Preparing model... [0.020s CPU, 0.018s wall-clock]
Generated 198 rules.
Computing model... [4.070s CPU, 4.072s wall-clock]
72287 relevant atoms
34528 auxiliary atoms
106815 final queue length
418961 total queue pushes
Completing instantiation... [20.000s CPU, 19.999s wall-clock]
Instantiating: [24.190s CPU, 24.194s wall-clock]
Computing fact groups...
Finding invariants...
24 initial candidates
Finding invariants: [0.190s CPU, 0.191s wall-clock]
Checking invariant weight... [0.010s CPU, 0.008s wall-clock]
Instantiating groups... [0.120s CPU, 0.119s wall-clock]
Collecting mutex groups... [0.010s CPU, 0.003s wall-clock]
Choosing groups...
595 uncovered facts
Choosing groups: [0.010s CPU, 0.009s wall-clock]
Building translation key... [0.010s CPU, 0.006s wall-clock]
Computing fact groups: [0.360s CPU, 0.360s wall-clock]
Building STRIPS to SAS dictionary... [0.000s CPU, 0.004s wall-clock]
Building dictionary for full mutex groups... [0.010s CPU, 0.004s wall-clock]
Building mutex information...
Building mutex information: [0.000s CPU, 0.005s wall-clock]
Translating task...
Processing axioms...
Simplifying axioms... [0.000s CPU, 0.000s wall-clock]
Processing axioms: [0.720s CPU, 0.716s wall-clock]
Translating task: [10.180s CPU, 10.175s wall-clock]
22380 implied effects removed
4556 effect conditions simplified
0 implied preconditions added
Detecting unreachable propositions...
408 operators removed
263 propositions removed
Detecting unreachable propositions: [1.830s CPU, 1.827s wall-clock]
Translator variables: 763
Translator derived variables: 0
Translator facts: 2324
Translator mutex groups: 287
Translator total mutex groups size: 1410
Translator operators: 69482
Translator task size: 623013
Translator peak memory: 641188 KB
Writing output... [1.620s CPU, 1.616s wall-clock]
Done! [39.060s CPU, 39.061s wall-clock]
