Parsing... [0.020s CPU, 0.036s wall-clock]
Normalizing task... [0.000s CPU, 0.001s wall-clock]
Instantiating...
Generating Datalog program... [0.010s CPU, 0.004s wall-clock]
Normalizing Datalog program...
Normalizing Datalog program: [0.010s CPU, 0.016s wall-clock]
Preparing model... [0.020s CPU, 0.020s wall-clock]
Generated 198 rules.
Computing model... [6.330s CPU, 6.331s wall-clock]
73502 relevant atoms
35519 auxiliary atoms
109021 final queue length
425189 total queue pushes
Completing instantiation... [45.710s CPU, 45.714s wall-clock]
Instantiating: [52.530s CPU, 52.533s wall-clock]
Computing fact groups...
Finding invariants...
24 initial candidates
Finding invariants: [0.220s CPU, 0.222s wall-clock]
Checking invariant weight... [0.020s CPU, 0.010s wall-clock]
Instantiating groups... [0.120s CPU, 0.129s wall-clock]
Collecting mutex groups... [0.010s CPU, 0.004s wall-clock]
Choosing groups...
624 uncovered facts
Choosing groups: [0.010s CPU, 0.011s wall-clock]
Building translation key... [0.010s CPU, 0.006s wall-clock]
Computing fact groups: [0.410s CPU, 0.411s wall-clock]
Building STRIPS to SAS dictionary... [0.010s CPU, 0.004s wall-clock]
Building dictionary for full mutex groups... [0.000s CPU, 0.005s wall-clock]
Building mutex information...
Building mutex information: [0.000s CPU, 0.005s wall-clock]
Translating task...
Processing axioms...
Simplifying axioms... [0.000s CPU, 0.000s wall-clock]
Processing axioms: [2.460s CPU, 2.462s wall-clock]
Translating task: [17.580s CPU, 17.574s wall-clock]
23346 implied effects removed
4473 effect conditions simplified
0 implied preconditions added
Detecting unreachable propositions...
426 operators removed
290 propositions removed
Detecting unreachable propositions: [1.970s CPU, 1.972s wall-clock]
Translator variables: 792
Translator derived variables: 0
Translator facts: 2394
Translator mutex groups: 295
Translator total mutex groups size: 1440
Translator operators: 70607
Translator task size: 631476
Translator peak memory: 653628 KB
Writing output... [1.640s CPU, 1.639s wall-clock]
Done! [78.310s CPU, 78.325s wall-clock]
