Parsing... [0.020s CPU, 0.024s wall-clock]
Normalizing task... [0.000s CPU, 0.001s wall-clock]
Instantiating...
Generating Datalog program... [0.010s CPU, 0.004s wall-clock]
Normalizing Datalog program...
Normalizing Datalog program: [0.010s CPU, 0.017s wall-clock]
Preparing model... [0.020s CPU, 0.019s wall-clock]
Generated 198 rules.
Computing model... [6.860s CPU, 6.855s wall-clock]
85931 relevant atoms
38674 auxiliary atoms
124605 final queue length
503763 total queue pushes
Completing instantiation... [47.390s CPU, 47.397s wall-clock]
Instantiating: [54.790s CPU, 54.790s wall-clock]
Computing fact groups...
Finding invariants...
24 initial candidates
Finding invariants: [0.260s CPU, 0.268s wall-clock]
Checking invariant weight... [0.020s CPU, 0.015s wall-clock]
Instantiating groups... [0.150s CPU, 0.148s wall-clock]
Collecting mutex groups... [0.000s CPU, 0.003s wall-clock]
Choosing groups...
672 uncovered facts
Choosing groups: [0.020s CPU, 0.017s wall-clock]
Building translation key... [0.000s CPU, 0.008s wall-clock]
Computing fact groups: [0.480s CPU, 0.487s wall-clock]
Building STRIPS to SAS dictionary... [0.010s CPU, 0.005s wall-clock]
Building dictionary for full mutex groups... [0.000s CPU, 0.005s wall-clock]
Building mutex information...
Building mutex information: [0.010s CPU, 0.005s wall-clock]
Translating task...
Processing axioms...
Simplifying axioms... [0.000s CPU, 0.000s wall-clock]
Processing axioms: [2.970s CPU, 2.974s wall-clock]
Translating task: [27.210s CPU, 27.203s wall-clock]
25278 implied effects removed
5005 effect conditions simplified
0 implied preconditions added
Detecting unreachable propositions...
462 operators removed
296 propositions removed
Detecting unreachable propositions: [2.370s CPU, 2.366s wall-clock]
Translator variables: 858
Translator derived variables: 0
Translator facts: 2604
Translator mutex groups: 319
Translator total mutex groups size: 1566
Translator operators: 82818
Translator task size: 746874
Translator peak memory: 762216 KB
Writing output... [2.000s CPU, 1.996s wall-clock]
Done! [91.740s CPU, 91.743s wall-clock]
