Parsing... [0.020s CPU, 0.035s wall-clock]
Normalizing task... [0.000s CPU, 0.001s wall-clock]
Instantiating...
Generating Datalog program... [0.010s CPU, 0.005s wall-clock]
Normalizing Datalog program...
Normalizing Datalog program: [0.010s CPU, 0.017s wall-clock]
Preparing model... [0.020s CPU, 0.020s wall-clock]
Generated 198 rules.
Computing model... [8.060s CPU, 8.065s wall-clock]
96802 relevant atoms
41839 auxiliary atoms
138641 final queue length
574518 total queue pushes
Completing instantiation... [52.860s CPU, 52.869s wall-clock]
Instantiating: [61.500s CPU, 61.498s wall-clock]
Computing fact groups...
Finding invariants...
24 initial candidates
Finding invariants: [0.310s CPU, 0.309s wall-clock]
Checking invariant weight... [0.010s CPU, 0.009s wall-clock]
Instantiating groups... [0.170s CPU, 0.170s wall-clock]
Collecting mutex groups... [0.010s CPU, 0.003s wall-clock]
Choosing groups...
728 uncovered facts
Choosing groups: [0.010s CPU, 0.012s wall-clock]
Building translation key... [0.010s CPU, 0.008s wall-clock]
Computing fact groups: [0.540s CPU, 0.545s wall-clock]
Building STRIPS to SAS dictionary... [0.010s CPU, 0.007s wall-clock]
Building dictionary for full mutex groups... [0.010s CPU, 0.006s wall-clock]
Building mutex information...
Building mutex information: [0.000s CPU, 0.006s wall-clock]
Translating task...
Processing axioms...
Simplifying axioms... [0.000s CPU, 0.000s wall-clock]
Processing axioms: [2.770s CPU, 2.764s wall-clock]
Translating task: [30.150s CPU, 30.150s wall-clock]
27243 implied effects removed
5229 effect conditions simplified
0 implied preconditions added
Detecting unreachable propositions...
498 operators removed
338 propositions removed
Detecting unreachable propositions: [2.630s CPU, 2.628s wall-clock]
Translator variables: 920
Translator derived variables: 0
Translator facts: 2791
Translator mutex groups: 339
Translator total mutex groups size: 1673
Translator operators: 93462
Translator task size: 847710
Translator peak memory: 862972 KB
Writing output... [2.290s CPU, 2.287s wall-clock]
Done! [102.530s CPU, 102.555s wall-clock]
