Dispatcher selected state size 1.
This is a nonunit task.
Simplifying transitions... done!
Initializing Exploration...
Generating landmarks using the RPG/SAS+ approach
approx. reasonable orders
approx. obedient reasonable orders
Removed 0 reasonable or obedient reasonable orders
Landmarks generation time: 688.822s
Discovered 683 landmarks, of which 19 are disjunctive and 0 are conjunctive 
771 edges
Initializing LAMA-FF Synergy Object
Initializing landmarks count heuristic...
321 initial landmarks, 256 goal landmarks
Initializing Exploration...
Generating landmarks using the RPG/SAS+ approach
approx. reasonable orders
approx. obedient reasonable orders
Removed 0 reasonable or obedient reasonable orders
Landmarks generation time: 665.131s
Discovered 683 landmarks, of which 19 are disjunctive and 0 are conjunctive 
771 edges
Initializing LAMA-FF Synergy Object
Initializing landmarks count heuristic...
321 initial landmarks, 256 goal landmarks
Starting search: lazy_greedy(list(hff1, hlm1), preferred = list(hff1, hlm1), cost_type = 1, reopen_closed = false)
Conducting lazy best first search, (real) bound = 2147483647
Best heuristic value: 362/283 [g=0, 1 evaluated, 0 expanded, t=1364.12s]
Best heuristic value: 362/282 [g=1, 2 evaluated, 1 expanded, t=1364.65s]
Best heuristic value: 360/281 [g=2, 3 evaluated, 2 expanded, t=1365.18s]
Best heuristic value: 359/280 [g=3, 4 evaluated, 3 expanded, t=1365.73s]
Best heuristic value: 358/279 [g=4, 5 evaluated, 4 expanded, t=1366.25s]
Best heuristic value: 356/278 [g=5, 6 evaluated, 5 expanded, t=1366.77s]
Best heuristic value: 354/277 [g=6, 9 evaluated, 8 expanded, t=1368.34s]
Best heuristic value: 353/276 [g=7, 12 evaluated, 11 expanded, t=1369.89s]
Best heuristic value: 352/275 [g=8, 15 evaluated, 14 expanded, t=1371.49s]
Best heuristic value: 351/274 [g=9, 18 evaluated, 17 expanded, t=1373.08s]
Best heuristic value: 350/273 [g=10, 21 evaluated, 20 expanded, t=1374.64s]
Best heuristic value: 348/272 [g=11, 24 evaluated, 23 expanded, t=1376.22s]
Best heuristic value: 346/270 [g=12, 28 evaluated, 27 expanded, t=1378.31s]
Best heuristic value: 345/269 [g=13, 31 evaluated, 30 expanded, t=1379.87s]
Best heuristic value: 344/268 [g=14, 34 evaluated, 33 expanded, t=1381.45s]
Best heuristic value: 342/267 [g=15, 37 evaluated, 36 expanded, t=1383.03s]
Best heuristic value: 341/266 [g=16, 42 evaluated, 41 expanded, t=1385.61s]
Best heuristic value: 340/265 [g=17, 47 evaluated, 46 expanded, t=1388.33s]
Best heuristic value: 339/264 [g=18, 52 evaluated, 51 expanded, t=1390.99s]
Best heuristic value: 338/263 [g=19, 57 evaluated, 56 expanded, t=1393.56s]
Best heuristic value: 336/262 [g=20, 63 evaluated, 62 expanded, t=1396.69s]
Best heuristic value: 335/261 [g=21, 69 evaluated, 68 expanded, t=1399.83s]
Best heuristic value: 334/260 [g=22, 75 evaluated, 74 expanded, t=1402.97s]
Best heuristic value: 333/259 [g=23, 81 evaluated, 80 expanded, t=1406.14s]
Best heuristic value: 332/258 [g=24, 87 evaluated, 86 expanded, t=1409.29s]
Best heuristic value: 330/256 [g=25, 93 evaluated, 92 expanded, t=1412.46s]
Best heuristic value: 329/255 [g=26, 99 evaluated, 98 expanded, t=1415.61s]
Best heuristic value: 328/254 [g=27, 105 evaluated, 104 expanded, t=1418.76s]
Best heuristic value: 327/253 [g=28, 111 evaluated, 110 expanded, t=1421.93s]
Best heuristic value: 325/252 [g=29, 117 evaluated, 116 expanded, t=1424.99s]
Best heuristic value: 324/251 [g=30, 123 evaluated, 122 expanded, t=1428.19s]
Best heuristic value: 323/250 [g=31, 129 evaluated, 128 expanded, t=1431.31s]
Best heuristic value: 322/249 [g=32, 135 evaluated, 134 expanded, t=1434.43s]
Best heuristic value: 321/248 [g=33, 141 evaluated, 140 expanded, t=1437.58s]
Best heuristic value: 319/247 [g=34, 147 evaluated, 146 expanded, t=1440.71s]
Best heuristic value: 317/246 [g=35, 155 evaluated, 154 expanded, t=1444.88s]
Best heuristic value: 315/244 [g=36, 163 evaluated, 162 expanded, t=1449.03s]
Best heuristic value: 312/242 [g=37, 171 evaluated, 170 expanded, t=1453.19s]
Best heuristic value: 309/240 [g=38, 179 evaluated, 178 expanded, t=1457.36s]
Best heuristic value: 306/238 [g=39, 187 evaluated, 186 expanded, t=1461.52s]
Best heuristic value: 303/236 [g=40, 195 evaluated, 194 expanded, t=1465.59s]
Best heuristic value: 300/234 [g=41, 203 evaluated, 202 expanded, t=1469.66s]
Best heuristic value: 298/232 [g=42, 211 evaluated, 210 expanded, t=1473.74s]
Best heuristic value: 295/230 [g=43, 219 evaluated, 218 expanded, t=1477.66s]
Best heuristic value: 292/228 [g=44, 227 evaluated, 226 expanded, t=1481.57s]
Best heuristic value: 289/227 [g=45, 235 evaluated, 234 expanded, t=1485.44s]
Best heuristic value: 286/225 [g=46, 243 evaluated, 242 expanded, t=1489.31s]
Best heuristic value: 283/223 [g=47, 251 evaluated, 250 expanded, t=1493.16s]
Best heuristic value: 280/221 [g=48, 259 evaluated, 258 expanded, t=1496.98s]
Best heuristic value: 277/219 [g=49, 267 evaluated, 266 expanded, t=1500.73s]
Best heuristic value: 274/218 [g=50, 275 evaluated, 274 expanded, t=1504.49s]
Best heuristic value: 270/215 [g=51, 283 evaluated, 282 expanded, t=1508.22s]
Best heuristic value: 268/214 [g=52, 291 evaluated, 290 expanded, t=1511.92s]
Best heuristic value: 265/212 [g=53, 299 evaluated, 298 expanded, t=1515.57s]
Best heuristic value: 262/210 [g=54, 307 evaluated, 306 expanded, t=1519.25s]
Best heuristic value: 259/208 [g=55, 315 evaluated, 314 expanded, t=1522.85s]
Best heuristic value: 256/206 [g=56, 323 evaluated, 322 expanded, t=1526.42s]
Best heuristic value: 254/205 [g=57, 331 evaluated, 330 expanded, t=1529.98s]
Best heuristic value: 251/204 [g=58, 339 evaluated, 338 expanded, t=1533.49s]
Best heuristic value: 247/202 [g=59, 347 evaluated, 346 expanded, t=1536.95s]
Best heuristic value: 244/201 [g=60, 355 evaluated, 354 expanded, t=1540.4s]
Best heuristic value: 241/199 [g=61, 363 evaluated, 362 expanded, t=1543.84s]
Best heuristic value: 237/196 [g=62, 371 evaluated, 370 expanded, t=1547.24s]
Best heuristic value: 234/194 [g=63, 379 evaluated, 378 expanded, t=1550.65s]
Best heuristic value: 231/192 [g=64, 387 evaluated, 386 expanded, t=1554.02s]
Best heuristic value: 228/190 [g=65, 395 evaluated, 394 expanded, t=1557.35s]
Best heuristic value: 226/188 [g=66, 403 evaluated, 402 expanded, t=1560.62s]
Best heuristic value: 224/186 [g=67, 411 evaluated, 410 expanded, t=1563.82s]
Best heuristic value: 221/185 [g=68, 419 evaluated, 418 expanded, t=1567s]
Best heuristic value: 218/183 [g=69, 427 evaluated, 426 expanded, t=1570.31s]
Best heuristic value: 215/181 [g=70, 435 evaluated, 434 expanded, t=1573.56s]
Best heuristic value: 212/179 [g=71, 443 evaluated, 442 expanded, t=1576.75s]
Best heuristic value: 209/177 [g=72, 451 evaluated, 450 expanded, t=1579.96s]
Best heuristic value: 206/175 [g=73, 459 evaluated, 458 expanded, t=1583.09s]
Best heuristic value: 202/173 [g=74, 467 evaluated, 466 expanded, t=1586.24s]
Best heuristic value: 198/170 [g=75, 475 evaluated, 474 expanded, t=1589.38s]
Best heuristic value: 195/169 [g=76, 483 evaluated, 482 expanded, t=1592.41s]
Best heuristic value: 194/168 [g=77, 491 evaluated, 490 expanded, t=1595.51s]
Best heuristic value: 193/167 [g=78, 500 evaluated, 499 expanded, t=1598.96s]
Best heuristic value: 192/166 [g=79, 509 evaluated, 508 expanded, t=1602.39s]
Best heuristic value: 190/165 [g=80, 518 evaluated, 517 expanded, t=1605.98s]
Best heuristic value: 188/163 [g=81, 527 evaluated, 526 expanded, t=1609.46s]
Best heuristic value: 187/162 [g=82, 536 evaluated, 535 expanded, t=1612.88s]
Best heuristic value: 186/161 [g=83, 545 evaluated, 544 expanded, t=1616.41s]
Best heuristic value: 184/160 [g=84, 554 evaluated, 553 expanded, t=1619.86s]
Best heuristic value: 183/159 [g=85, 563 evaluated, 562 expanded, t=1623.3s]
Best heuristic value: 182/158 [g=86, 572 evaluated, 571 expanded, t=1626.81s]
Best heuristic value: 181/157 [g=87, 581 evaluated, 580 expanded, t=1630.28s]
Best heuristic value: 180/156 [g=88, 590 evaluated, 589 expanded, t=1633.75s]
Best heuristic value: 179/155 [g=89, 599 evaluated, 598 expanded, t=1637.29s]
Best heuristic value: 179/154 [g=90, 608 evaluated, 607 expanded, t=1640.81s]
Best heuristic value: 178/154 [g=90, 610 evaluated, 609 expanded, t=1641.57s]
Best heuristic value: 177/153 [g=91, 626 evaluated, 625 expanded, t=1647.84s]
Best heuristic value: 176/153 [g=92, 635 evaluated, 634 expanded, t=1651.22s]
Best heuristic value: 176/152 [g=92, 637 evaluated, 636 expanded, t=1651.96s]
Best heuristic value: 175/152 [g=93, 654 evaluated, 653 expanded, t=1658.39s]
Best heuristic value: 175/151 [g=93, 659 evaluated, 658 expanded, t=1660.28s]
Best heuristic value: 174/151 [g=94, 675 evaluated, 674 expanded, t=1666.35s]
Best heuristic value: 174/150 [g=94, 680 evaluated, 679 expanded, t=1668.33s]
Best heuristic value: 173/150 [g=95, 699 evaluated, 698 expanded, t=1675.55s]
Best heuristic value: 173/149 [g=95, 704 evaluated, 703 expanded, t=1677.45s]
Best heuristic value: 172/149 [g=96, 725 evaluated, 724 expanded, t=1685.23s]
Best heuristic value: 172/148 [g=96, 728 evaluated, 727 expanded, t=1686.31s]
Best heuristic value: 172/147 [g=97, 752 evaluated, 751 expanded, t=1695.37s]
Best heuristic value: 171/147 [g=97, 753 evaluated, 752 expanded, t=1695.75s]
Best heuristic value: 171/146 [g=98, 776 evaluated, 775 expanded, t=1704.43s]
Best heuristic value: 169/146 [g=98, 781 evaluated, 780 expanded, t=1706.33s]
Best heuristic value: 169/145 [g=99, 800 evaluated, 799 expanded, t=1713.4s]
Best heuristic value: 168/145 [g=99, 809 evaluated, 808 expanded, t=1716.78s]
Best heuristic value: 168/144 [g=100, 824 evaluated, 823 expanded, t=1722.32s]
Best heuristic value: 167/144 [g=100, 837 evaluated, 836 expanded, t=1727.17s]
Best heuristic value: 167/143 [g=101, 848 evaluated, 847 expanded, t=1731.32s]
Best heuristic value: 166/143 [g=101, 865 evaluated, 864 expanded, t=1737.61s]
Best heuristic value: 166/142 [g=102, 872 evaluated, 871 expanded, t=1740.21s]
Best heuristic value: 165/142 [g=103, 890 evaluated, 889 expanded, t=1746.85s]
Best heuristic value: 165/141 [g=103, 896 evaluated, 895 expanded, t=1749.08s]
Best heuristic value: 164/141 [g=104, 909 evaluated, 908 expanded, t=1753.88s]
Best heuristic value: 164/140 [g=104, 920 evaluated, 919 expanded, t=1758.18s]
Best heuristic value: 163/140 [g=105, 928 evaluated, 927 expanded, t=1761.15s]
Best heuristic value: 163/139 [g=105, 943 evaluated, 942 expanded, t=1766.63s]
Best heuristic value: 162/139 [g=106, 950 evaluated, 949 expanded, t=1769.21s]
Best heuristic value: 161/138 [g=106, 967 evaluated, 966 expanded, t=1775.51s]
Best heuristic value: 160/138 [g=107, 976 evaluated, 975 expanded, t=1778.82s]
Best heuristic value: 160/137 [g=107, 982 evaluated, 981 expanded, t=1780.99s]
Best heuristic value: 159/137 [g=108, 995 evaluated, 994 expanded, t=1785.82s]
Best heuristic value: 159/136 [g=108, 1008 evaluated, 1007 expanded, t=1790.75s]
Best heuristic value: 158/136 [g=109, 1014 evaluated, 1013 expanded, t=1792.94s]
Best heuristic value: 158/135 [g=109, 1033 evaluated, 1032 expanded, t=1799.89s]
Best heuristic value: 157/135 [g=110, 1036 evaluated, 1035 expanded, t=1801s]
Best heuristic value: 156/135 [g=111, 1057 evaluated, 1056 expanded, t=1808.65s]
Best heuristic value: 156/134 [g=110, 1058 evaluated, 1057 expanded, t=1809.02s]
Best heuristic value: 155/134 [g=112, 1081 evaluated, 1080 expanded, t=1817.38s]
Best heuristic value: 155/133 [g=111, 1084 evaluated, 1083 expanded, t=1818.5s]
Best heuristic value: 154/133 [g=113, 1106 evaluated, 1105 expanded, t=1826.5s]
Best heuristic value: 154/132 [g=112, 1111 evaluated, 1110 expanded, t=1828.3s]
Best heuristic value: 152/132 [g=114, 1132 evaluated, 1131 expanded, t=1835.92s]
Best heuristic value: 152/131 [g=113, 1139 evaluated, 1138 expanded, t=1838.47s]
Best heuristic value: 151/131 [g=115, 1156 evaluated, 1155 expanded, t=1844.63s]
Best heuristic value: 151/130 [g=114, 1167 evaluated, 1166 expanded, t=1848.57s]
Best heuristic value: 150/130 [g=116, 1180 evaluated, 1179 expanded, t=1853.34s]
Best heuristic value: 150/129 [g=115, 1195 evaluated, 1194 expanded, t=1858.81s]
Best heuristic value: 148/129 [g=117, 1204 evaluated, 1203 expanded, t=1862.06s]
Best heuristic value: 148/128 [g=116, 1225 evaluated, 1224 expanded, t=1869.63s]
Best heuristic value: 147/128 [g=118, 1230 evaluated, 1229 expanded, t=1871.54s]
Best heuristic value: 145/128 [g=119, 1256 evaluated, 1255 expanded, t=1881.4s]
Best heuristic value: 145/127 [g=117, 1257 evaluated, 1256 expanded, t=1881.76s]
Best heuristic value: 143/127 [g=120, 1280 evaluated, 1279 expanded, t=1890.1s]
Best heuristic value: 143/126 [g=118, 1289 evaluated, 1288 expanded, t=1893.32s]
Best heuristic value: 142/126 [g=121, 1304 evaluated, 1303 expanded, t=1898.73s]
Best heuristic value: 142/125 [g=119, 1321 evaluated, 1320 expanded, t=1904.88s]
Best heuristic value: 141/125 [g=122, 1328 evaluated, 1327 expanded, t=1907.55s]
Best heuristic value: 141/124 [g=120, 1353 evaluated, 1352 expanded, t=1916.57s]
Best heuristic value: 140/124 [g=123, 1354 evaluated, 1353 expanded, t=1916.92s]
Best heuristic value: 139/124 [g=124, 1380 evaluated, 1379 expanded, t=1926.25s]
Best heuristic value: 139/123 [g=121, 1385 evaluated, 1384 expanded, t=1927.99s]
Best heuristic value: 138/123 [g=125, 1410 evaluated, 1409 expanded, t=1937.31s]
Best heuristic value: 138/122 [g=122, 1417 evaluated, 1416 expanded, t=1939.79s]
Best heuristic value: 136/121 [g=126, 1440 evaluated, 1439 expanded, t=1948.08s]
Best heuristic value: 135/120 [g=127, 1454 evaluated, 1453 expanded, t=1953.21s]
Best heuristic value: 134/119 [g=128, 1468 evaluated, 1467 expanded, t=1958.2s]
Best heuristic value: 132/118 [g=129, 1482 evaluated, 1481 expanded, t=1963.16s]
Best heuristic value: 131/117 [g=130, 1496 evaluated, 1495 expanded, t=1968.29s]
Best heuristic value: 130/116 [g=131, 1510 evaluated, 1509 expanded, t=1973.44s]
Best heuristic value: 129/115 [g=132, 1524 evaluated, 1523 expanded, t=1978.48s]
Best heuristic value: 127/114 [g=133, 1538 evaluated, 1537 expanded, t=1983.55s]
Best heuristic value: 126/113 [g=134, 1552 evaluated, 1551 expanded, t=1988.53s]
Best heuristic value: 124/103 [g=135, 1567 evaluated, 1566 expanded, t=1993.82s]
Best heuristic value: 122/101 [g=136, 1582 evaluated, 1581 expanded, t=1999.11s]
Best heuristic value: 121/100 [g=137, 1597 evaluated, 1596 expanded, t=2004.34s]
Best heuristic value: 118/99 [g=138, 1614 evaluated, 1613 expanded, t=2010.3s]
Best heuristic value: 117/98 [g=139, 1631 evaluated, 1630 expanded, t=2016.26s]
Best heuristic value: 116/97 [g=140, 1649 evaluated, 1648 expanded, t=2022.59s]
Best heuristic value: 115/96 [g=141, 1667 evaluated, 1666 expanded, t=2029.16s]
Best heuristic value: 114/95 [g=142, 1686 evaluated, 1685 expanded, t=2035.79s]
Best heuristic value: 111/94 [g=143, 1705 evaluated, 1704 expanded, t=2042.49s]
Best heuristic value: 110/93 [g=144, 1724 evaluated, 1723 expanded, t=2049.2s]
Best heuristic value: 109/92 [g=145, 1743 evaluated, 1742 expanded, t=2055.76s]
Best heuristic value: 108/91 [g=146, 1762 evaluated, 1761 expanded, t=2062.31s]
Best heuristic value: 104/90 [g=147, 1781 evaluated, 1780 expanded, t=2069.02s]
Best heuristic value: 101/89 [g=148, 1801 evaluated, 1800 expanded, t=2076.07s]
Best heuristic value: 100/88 [g=149, 1823 evaluated, 1822 expanded, t=2083.65s]
Best heuristic value: 99/87 [g=150, 1845 evaluated, 1844 expanded, t=2091.18s]
Best heuristic value: 98/86 [g=151, 1867 evaluated, 1866 expanded, t=2098.69s]
Best heuristic value: 97/85 [g=152, 1889 evaluated, 1888 expanded, t=2106.04s]
Best heuristic value: 96/84 [g=153, 1911 evaluated, 1910 expanded, t=2113.48s]
Best heuristic value: 95/83 [g=154, 1933 evaluated, 1932 expanded, t=2121s]
Best heuristic value: 95/82 [g=155, 1955 evaluated, 1954 expanded, t=2128.42s]
Best heuristic value: 94/82 [g=155, 1957 evaluated, 1956 expanded, t=2129.11s]
Best heuristic value: 92/82 [g=156, 1999 evaluated, 1998 expanded, t=2143.42s]
Best heuristic value: 92/81 [g=156, 2001 evaluated, 2000 expanded, t=2144.1s]
Best heuristic value: 91/81 [g=157, 2042 evaluated, 2041 expanded, t=2158.08s]
Best heuristic value: 91/80 [g=157, 2053 evaluated, 2052 expanded, t=2161.83s]
Best heuristic value: 90/80 [g=158, 2088 evaluated, 2087 expanded, t=2173.82s]
Best heuristic value: 90/79 [g=158, 2109 evaluated, 2108 expanded, t=2181.11s]
Best heuristic value: 88/79 [g=159, 2134 evaluated, 2133 expanded, t=2189.66s]
Best heuristic value: 88/78 [g=159, 2165 evaluated, 2164 expanded, t=2200.12s]
Best heuristic value: 87/78 [g=160, 2184 evaluated, 2183 expanded, t=2206.71s]
Best heuristic value: 87/77 [g=160, 2223 evaluated, 2222 expanded, t=2220.05s]
Best heuristic value: 85/77 [g=161, 2234 evaluated, 2233 expanded, t=2223.84s]
Best heuristic value: 85/76 [g=161, 2281 evaluated, 2280 expanded, t=2239.78s]
Best heuristic value: 83/76 [g=162, 2282 evaluated, 2281 expanded, t=2240.12s]
Best heuristic value: 81/76 [g=163, 2330 evaluated, 2329 expanded, t=2256.34s]
Best heuristic value: 81/75 [g=162, 2341 evaluated, 2340 expanded, t=2260.06s]
Best heuristic value: 80/75 [g=164, 2380 evaluated, 2379 expanded, t=2273.18s]
Best heuristic value: 80/74 [g=163, 2401 evaluated, 2400 expanded, t=2280.26s]
Best heuristic value: 77/74 [g=165, 2432 evaluated, 2431 expanded, t=2290.69s]
Best heuristic value: 77/73 [g=164, 2461 evaluated, 2460 expanded, t=2300.52s]
Best heuristic value: 76/73 [g=166, 2484 evaluated, 2483 expanded, t=2308.14s]
Best heuristic value: 76/72 [g=165, 2523 evaluated, 2522 expanded, t=2321.29s]
Best heuristic value: 75/72 [g=167, 2536 evaluated, 2535 expanded, t=2325.6s]
Best heuristic value: 75/71 [g=166, 2585 evaluated, 2584 expanded, t=2341.89s]
Best heuristic value: 74/71 [g=168, 2588 evaluated, 2587 expanded, t=2342.9s]
Best heuristic value: 72/71 [g=169, 2640 evaluated, 2639 expanded, t=2360.28s]
Best heuristic value: 72/70 [g=167, 2647 evaluated, 2646 expanded, t=2362.57s]
Best heuristic value: 71/70 [g=170, 2692 evaluated, 2691 expanded, t=2377.6s]
Best heuristic value: 71/69 [g=168, 2713 evaluated, 2712 expanded, t=2384.62s]
Best heuristic value: 70/69 [g=171, 2744 evaluated, 2743 expanded, t=2395.22s]
Best heuristic value: 70/68 [g=169, 2779 evaluated, 2778 expanded, t=2407.07s]
Best heuristic value: 69/68 [g=172, 2796 evaluated, 2795 expanded, t=2412.83s]
Best heuristic value: 69/67 [g=170, 2845 evaluated, 2844 expanded, t=2429.35s]
Best heuristic value: 67/67 [g=173, 2848 evaluated, 2847 expanded, t=2430.32s]
Best heuristic value: 67/66 [g=174, 2900 evaluated, 2899 expanded, t=2447.53s]
Best heuristic value: 66/66 [g=174, 2902 evaluated, 2901 expanded, t=2448.17s]
Best heuristic value: 66/65 [g=175, 2952 evaluated, 2951 expanded, t=2464.24s]
Best heuristic value: 65/65 [g=175, 2955 evaluated, 2954 expanded, t=2465.2s]
Best heuristic value: 65/64 [g=176, 3006 evaluated, 3005 expanded, t=2481.61s]
Best heuristic value: 64/64 [g=176, 3011 evaluated, 3010 expanded, t=2483.17s]
Best heuristic value: 64/63 [g=177, 3060 evaluated, 3059 expanded, t=2498.89s]
Best heuristic value: 63/63 [g=177, 3067 evaluated, 3066 expanded, t=2501.12s]
Best heuristic value: 63/62 [g=178, 3116 evaluated, 3115 expanded, t=2516.76s]
Best heuristic value: 62/62 [g=178, 3125 evaluated, 3124 expanded, t=2519.67s]
Best heuristic value: 62/61 [g=179, 3172 evaluated, 3171 expanded, t=2534.75s]
Best heuristic value: 61/61 [g=179, 3183 evaluated, 3182 expanded, t=2538.22s]
Best heuristic value: 61/60 [g=180, 3228 evaluated, 3227 expanded, t=2552.73s]
Best heuristic value: 60/60 [g=180, 3243 evaluated, 3242 expanded, t=2557.53s]
Best heuristic value: 60/59 [g=181, 3284 evaluated, 3283 expanded, t=2570.75s]
Best heuristic value: 59/59 [g=181, 3303 evaluated, 3302 expanded, t=2576.83s]
Best heuristic value: 58/57 [g=182, 3340 evaluated, 3339 expanded, t=2588.59s]
Best heuristic value: 57/57 [g=183, 3366 evaluated, 3365 expanded, t=2596.81s]
Best heuristic value: 56/56 [g=183, 3372 evaluated, 3371 expanded, t=2598.7s]
Best heuristic value: 55/56 [g=184, 3398 evaluated, 3397 expanded, t=2606.98s]
Best heuristic value: 54/54 [g=184, 3404 evaluated, 3403 expanded, t=2608.89s]
Best heuristic value: 53/54 [g=185, 3430 evaluated, 3429 expanded, t=2617.1s]
Best heuristic value: 53/53 [g=185, 3438 evaluated, 3437 expanded, t=2619.65s]
Best heuristic value: 52/53 [g=186, 3483 evaluated, 3482 expanded, t=2633.79s]
Best heuristic value: 52/52 [g=186, 3498 evaluated, 3497 expanded, t=2638.53s]
Best heuristic value: 51/52 [g=187, 3537 evaluated, 3536 expanded, t=2650.82s]
Best heuristic value: 51/51 [g=187, 3558 evaluated, 3557 expanded, t=2657.44s]
Best heuristic value: 50/51 [g=188, 3590 evaluated, 3589 expanded, t=2667.53s]
Best heuristic value: 50/50 [g=188, 3617 evaluated, 3616 expanded, t=2675.99s]
Best heuristic value: 49/50 [g=189, 3646 evaluated, 3645 expanded, t=2685.14s]
Best heuristic value: 49/49 [g=189, 3677 evaluated, 3676 expanded, t=2694.98s]
Best heuristic value: 48/49 [g=190, 3702 evaluated, 3701 expanded, t=2702.97s]
Best heuristic value: 48/48 [g=190, 3737 evaluated, 3736 expanded, t=2714.06s]
Best heuristic value: 47/48 [g=191, 3761 evaluated, 3760 expanded, t=2721.71s]
Best heuristic value: 46/47 [g=191, 3796 evaluated, 3795 expanded, t=2732.73s]
Best heuristic value: 45/47 [g=192, 3822 evaluated, 3821 expanded, t=2740.83s]
Best heuristic value: 45/46 [g=192, 3830 evaluated, 3829 expanded, t=2743.3s]
Best heuristic value: 44/46 [g=193, 3875 evaluated, 3874 expanded, t=2757.29s]
Best heuristic value: 44/45 [g=193, 3892 evaluated, 3891 expanded, t=2762.5s]
Best heuristic value: 43/45 [g=194, 3929 evaluated, 3928 expanded, t=2773.81s]
Best heuristic value: 43/44 [g=194, 3954 evaluated, 3953 expanded, t=2781.46s]
Best heuristic value: 42/44 [g=195, 3982 evaluated, 3981 expanded, t=2790.04s]
Best heuristic value: 42/43 [g=195, 4015 evaluated, 4014 expanded, t=2800.22s]
Best heuristic value: 41/43 [g=196, 4038 evaluated, 4037 expanded, t=2807.33s]
Best heuristic value: 41/42 [g=196, 4077 evaluated, 4076 expanded, t=2819.31s]
Best heuristic value: 40/42 [g=197, 4094 evaluated, 4093 expanded, t=2824.52s]
Best heuristic value: 39/42 [g=198, 4147 evaluated, 4146 expanded, t=2840.58s]
Best heuristic value: 39/40 [g=197, 4156 evaluated, 4155 expanded, t=2843.31s]
Best heuristic value: 38/40 [g=199, 4205 evaluated, 4204 expanded, t=2858.17s]
Best heuristic value: 38/38 [g=198, 4232 evaluated, 4231 expanded, t=2866.24s]
Best heuristic value: 37/38 [g=200, 4257 evaluated, 4256 expanded, t=2873.99s]
Best heuristic value: 36/38 [g=201, 4307 evaluated, 4306 expanded, t=2889.09s]
Best heuristic value: 36/36 [g=199, 4310 evaluated, 4309 expanded, t=2890.05s]
Best heuristic value: 35/36 [g=202, 4366 evaluated, 4365 expanded, t=2906.82s]
Best heuristic value: 35/35 [g=200, 4382 evaluated, 4381 expanded, t=2911.73s]
Best heuristic value: 34/35 [g=203, 4423 evaluated, 4422 expanded, t=2924.21s]
Best heuristic value: 34/34 [g=201, 4452 evaluated, 4451 expanded, t=2932.9s]
Best heuristic value: 32/34 [g=204, 4481 evaluated, 4480 expanded, t=2941.54s]
Best heuristic value: 32/32 [g=202, 4514 evaluated, 4513 expanded, t=2951.61s]
Best heuristic value: 30/32 [g=205, 4543 evaluated, 4542 expanded, t=2960.48s]
Best heuristic value: 30/30 [g=203, 4582 evaluated, 4581 expanded, t=2972.26s]
Best heuristic value: 28/30 [g=206, 4593 evaluated, 4592 expanded, t=2975.69s]
Best heuristic value: 26/30 [g=207, 4637 evaluated, 4636 expanded, t=2989.08s]
Best heuristic value: 26/28 [g=204, 4644 evaluated, 4643 expanded, t=2991.24s]
Best heuristic value: 24/28 [g=208, 4687 evaluated, 4686 expanded, t=3004.35s]
Best heuristic value: 24/26 [g=205, 4696 evaluated, 4695 expanded, t=3007.15s]
Best heuristic value: 23/26 [g=209, 4731 evaluated, 4730 expanded, t=3017.86s]
Best heuristic value: 23/24 [g=206, 4752 evaluated, 4751 expanded, t=3024.18s]
Best heuristic value: 22/24 [g=210, 4775 evaluated, 4774 expanded, t=3031.18s]
Best heuristic value: 22/23 [g=208, 4794 evaluated, 4793 expanded, t=3036.85s]
Best heuristic value: 20/23 [g=211, 4807 evaluated, 4806 expanded, t=3040.85s]
Best heuristic value: 20/22 [g=210, 4830 evaluated, 4829 expanded, t=3047.78s]
Best heuristic value: 18/22 [g=212, 4846 evaluated, 4845 expanded, t=3052.69s]
Best heuristic value: 16/21 [g=213, 4879 evaluated, 4878 expanded, t=3062.77s]
Best heuristic value: 14/19 [g=214, 4896 evaluated, 4895 expanded, t=3067.91s]
Best heuristic value: 12/17 [g=215, 4914 evaluated, 4913 expanded, t=3073.3s]
Best heuristic value: 11/16 [g=217, 4926 evaluated, 4925 expanded, t=3076.88s]
Best heuristic value: 10/15 [g=219, 4937 evaluated, 4936 expanded, t=3080.11s]
Best heuristic value: 9/14 [g=221, 4953 evaluated, 4952 expanded, t=3084.84s]
Best heuristic value: 8/13 [g=223, 4968 evaluated, 4967 expanded, t=3089.32s]
Best heuristic value: 7/12 [g=225, 5071 evaluated, 5070 expanded, t=3119.8s]
Best heuristic value: 6/11 [g=227, 5143 evaluated, 5142 expanded, t=3141.2s]
Best heuristic value: 5/10 [g=229, 5215 evaluated, 5214 expanded, t=3162.7s]
