Parsing... [0.030s CPU, 0.042s wall-clock]
Normalizing task... [0.000s CPU, 0.001s wall-clock]
Instantiating...
Generating Datalog program... [0.000s CPU, 0.005s wall-clock]
Normalizing Datalog program...
Normalizing Datalog program: [0.020s CPU, 0.017s wall-clock]
Preparing model... [0.030s CPU, 0.020s wall-clock]
Generated 198 rules.
Computing model... [5.990s CPU, 6.000s wall-clock]
107234 relevant atoms
44152 auxiliary atoms
151386 final queue length
641181 total queue pushes
Completing instantiation... [31.970s CPU, 31.966s wall-clock]
Instantiating: [38.130s CPU, 38.124s wall-clock]
Computing fact groups...
Finding invariants...
24 initial candidates
Finding invariants: [0.290s CPU, 0.290s wall-clock]
Checking invariant weight... [0.010s CPU, 0.008s wall-clock]
Instantiating groups... [0.180s CPU, 0.180s wall-clock]
Collecting mutex groups... [0.000s CPU, 0.003s wall-clock]
Choosing groups...
754 uncovered facts
Choosing groups: [0.010s CPU, 0.012s wall-clock]
Building translation key... [0.010s CPU, 0.008s wall-clock]
Computing fact groups: [0.530s CPU, 0.533s wall-clock]
Building STRIPS to SAS dictionary... [0.000s CPU, 0.005s wall-clock]
Building dictionary for full mutex groups... [0.010s CPU, 0.005s wall-clock]
Building mutex information...
Building mutex information: [0.000s CPU, 0.006s wall-clock]
Translating task...
Processing axioms...
Simplifying axioms... [0.000s CPU, 0.000s wall-clock]
Processing axioms: [1.100s CPU, 1.093s wall-clock]
Translating task: [13.980s CPU, 13.978s wall-clock]
28308 implied effects removed
5848 effect conditions simplified
0 implied preconditions added
Detecting unreachable propositions...
516 operators removed
335 propositions removed
Detecting unreachable propositions: [2.870s CPU, 2.870s wall-clock]
Translator variables: 967
Translator derived variables: 0
Translator facts: 2962
Translator mutex groups: 365
Translator total mutex groups size: 1808
Translator operators: 103724
Translator task size: 946720
Translator peak memory: 958520 KB
Writing output... [2.480s CPU, 2.478s wall-clock]
Done! [59.330s CPU, 59.342s wall-clock]
