Dispatcher selected state size 1.
This is a nonunit task.
Simplifying transitions... done!
Initializing Exploration...
Generating landmarks using the RPG/SAS+ approach
approx. reasonable orders
approx. obedient reasonable orders
Removed 0 reasonable or obedient reasonable orders
Landmarks generation time: 184.54s
Discovered 874 landmarks, of which 16 are disjunctive and 0 are conjunctive 
972 edges
Initializing LAMA-FF Synergy Object
Initializing landmarks count heuristic...
413 initial landmarks, 332 goal landmarks
Initializing Exploration...
Generating landmarks using the RPG/SAS+ approach
approx. reasonable orders
approx. obedient reasonable orders
Removed 0 reasonable or obedient reasonable orders
Landmarks generation time: 191.72s
Discovered 874 landmarks, of which 16 are disjunctive and 0 are conjunctive 
978 edges
Initializing LAMA-FF Synergy Object
Initializing landmarks count heuristic...
413 initial landmarks, 332 goal landmarks
Starting search: lazy_greedy(list(hff1, hlm1), preferred = list(hff1, hlm1), cost_type = 1, reopen_closed = false)
Conducting lazy best first search, (real) bound = 2147483647
Best heuristic value: 461/347 [g=0, 1 evaluated, 0 expanded, t=384.86s]
Best heuristic value: 459/346 [g=1, 3 evaluated, 2 expanded, t=385.08s]
Best heuristic value: 458/345 [g=2, 7 evaluated, 6 expanded, t=385.53s]
Best heuristic value: 457/344 [g=3, 12 evaluated, 11 expanded, t=386.1s]
Best heuristic value: 455/343 [g=4, 19 evaluated, 18 expanded, t=386.88s]
Best heuristic value: 454/342 [g=5, 26 evaluated, 25 expanded, t=387.67s]
Best heuristic value: 453/341 [g=6, 34 evaluated, 33 expanded, t=388.57s]
Best heuristic value: 452/340 [g=7, 42 evaluated, 41 expanded, t=389.48s]
Best heuristic value: 451/339 [g=8, 50 evaluated, 49 expanded, t=390.38s]
Best heuristic value: 450/338 [g=9, 58 evaluated, 57 expanded, t=391.28s]
Best heuristic value: 448/337 [g=10, 66 evaluated, 65 expanded, t=392.19s]
Best heuristic value: 447/336 [g=11, 74 evaluated, 73 expanded, t=393.09s]
Best heuristic value: 445/335 [g=12, 82 evaluated, 81 expanded, t=393.99s]
Best heuristic value: 443/334 [g=13, 91 evaluated, 90 expanded, t=395s]
Best heuristic value: 442/333 [g=14, 100 evaluated, 99 expanded, t=396.02s]
Best heuristic value: 440/332 [g=15, 109 evaluated, 108 expanded, t=397.03s]
Best heuristic value: 439/331 [g=16, 118 evaluated, 117 expanded, t=398.05s]
Best heuristic value: 438/330 [g=17, 127 evaluated, 126 expanded, t=399.06s]
Best heuristic value: 437/329 [g=18, 136 evaluated, 135 expanded, t=400.08s]
Best heuristic value: 436/328 [g=19, 145 evaluated, 144 expanded, t=401.1s]
Best heuristic value: 435/327 [g=20, 154 evaluated, 153 expanded, t=402.11s]
Best heuristic value: 434/326 [g=21, 165 evaluated, 164 expanded, t=403.35s]
Best heuristic value: 432/324 [g=22, 176 evaluated, 175 expanded, t=404.59s]
Best heuristic value: 431/323 [g=23, 187 evaluated, 186 expanded, t=405.84s]
Best heuristic value: 429/321 [g=24, 198 evaluated, 197 expanded, t=407.08s]
Best heuristic value: 426/320 [g=25, 209 evaluated, 208 expanded, t=408.32s]
Best heuristic value: 425/319 [g=26, 220 evaluated, 219 expanded, t=409.56s]
Best heuristic value: 423/318 [g=27, 232 evaluated, 231 expanded, t=410.92s]
Best heuristic value: 421/316 [g=28, 245 evaluated, 244 expanded, t=412.38s]
Best heuristic value: 419/314 [g=29, 258 evaluated, 257 expanded, t=413.84s]
Best heuristic value: 418/313 [g=30, 271 evaluated, 270 expanded, t=415.32s]
Best heuristic value: 416/312 [g=31, 284 evaluated, 283 expanded, t=416.79s]
Best heuristic value: 415/311 [g=32, 297 evaluated, 296 expanded, t=418.25s]
Best heuristic value: 414/310 [g=33, 310 evaluated, 309 expanded, t=419.72s]
Best heuristic value: 413/309 [g=34, 323 evaluated, 322 expanded, t=421.2s]
Best heuristic value: 411/308 [g=35, 336 evaluated, 335 expanded, t=422.67s]
Best heuristic value: 409/307 [g=36, 349 evaluated, 348 expanded, t=424.13s]
Best heuristic value: 408/306 [g=37, 362 evaluated, 361 expanded, t=425.6s]
Best heuristic value: 407/305 [g=38, 375 evaluated, 374 expanded, t=427.06s]
Best heuristic value: 405/304 [g=39, 388 evaluated, 387 expanded, t=428.53s]
Best heuristic value: 404/303 [g=40, 401 evaluated, 400 expanded, t=430s]
Best heuristic value: 400/301 [g=41, 414 evaluated, 413 expanded, t=431.47s]
Best heuristic value: 397/299 [g=42, 427 evaluated, 426 expanded, t=432.93s]
Best heuristic value: 393/298 [g=43, 440 evaluated, 439 expanded, t=434.37s]
Best heuristic value: 390/296 [g=44, 453 evaluated, 452 expanded, t=435.81s]
Best heuristic value: 386/294 [g=45, 466 evaluated, 465 expanded, t=437.24s]
Best heuristic value: 382/292 [g=46, 479 evaluated, 478 expanded, t=438.65s]
Best heuristic value: 379/290 [g=47, 492 evaluated, 491 expanded, t=440.06s]
Best heuristic value: 376/288 [g=48, 505 evaluated, 504 expanded, t=441.46s]
Best heuristic value: 373/285 [g=49, 518 evaluated, 517 expanded, t=442.85s]
Best heuristic value: 370/284 [g=50, 531 evaluated, 530 expanded, t=444.22s]
Best heuristic value: 366/281 [g=51, 544 evaluated, 543 expanded, t=445.58s]
Best heuristic value: 363/279 [g=52, 557 evaluated, 556 expanded, t=446.93s]
Best heuristic value: 360/277 [g=53, 570 evaluated, 569 expanded, t=448.28s]
Best heuristic value: 357/275 [g=54, 583 evaluated, 582 expanded, t=449.62s]
Best heuristic value: 354/273 [g=55, 596 evaluated, 595 expanded, t=450.94s]
Best heuristic value: 351/271 [g=56, 609 evaluated, 608 expanded, t=452.26s]
Best heuristic value: 348/269 [g=57, 622 evaluated, 621 expanded, t=453.56s]
Best heuristic value: 345/267 [g=58, 635 evaluated, 634 expanded, t=454.86s]
Best heuristic value: 342/265 [g=59, 648 evaluated, 647 expanded, t=456.14s]
Best heuristic value: 339/264 [g=60, 661 evaluated, 660 expanded, t=457.41s]
Best heuristic value: 336/262 [g=61, 674 evaluated, 673 expanded, t=458.67s]
Best heuristic value: 333/260 [g=62, 687 evaluated, 686 expanded, t=459.93s]
Best heuristic value: 328/260 [g=63, 700 evaluated, 699 expanded, t=461.18s]
Best heuristic value: 328/258 [g=63, 702 evaluated, 701 expanded, t=461.37s]
Best heuristic value: 325/258 [g=64, 725 evaluated, 724 expanded, t=463.55s]
Best heuristic value: 325/255 [g=64, 729 evaluated, 728 expanded, t=463.92s]
Best heuristic value: 321/255 [g=65, 750 evaluated, 749 expanded, t=465.91s]
Best heuristic value: 321/254 [g=65, 756 evaluated, 755 expanded, t=466.47s]
Best heuristic value: 318/254 [g=66, 775 evaluated, 774 expanded, t=468.26s]
Best heuristic value: 318/251 [g=66, 783 evaluated, 782 expanded, t=469s]
Best heuristic value: 314/251 [g=67, 800 evaluated, 799 expanded, t=470.58s]
Best heuristic value: 314/250 [g=67, 816 evaluated, 815 expanded, t=472.06s]
Best heuristic value: 311/250 [g=68, 825 evaluated, 824 expanded, t=472.89s]
Best heuristic value: 311/247 [g=68, 850 evaluated, 849 expanded, t=475.19s]
Best heuristic value: 308/247 [g=69, 851 evaluated, 850 expanded, t=475.27s]
Best heuristic value: 307/247 [g=69, 876 evaluated, 875 expanded, t=477.55s]
Best heuristic value: 307/245 [g=69, 886 evaluated, 885 expanded, t=478.46s]
Best heuristic value: 304/245 [g=70, 901 evaluated, 900 expanded, t=479.82s]
Best heuristic value: 304/242 [g=70, 922 evaluated, 921 expanded, t=481.71s]
Best heuristic value: 301/242 [g=71, 927 evaluated, 926 expanded, t=482.16s]
Best heuristic value: 299/242 [g=71, 948 evaluated, 947 expanded, t=484.04s]
Best heuristic value: 299/240 [g=71, 958 evaluated, 957 expanded, t=484.93s]
Best heuristic value: 296/240 [g=72, 973 evaluated, 972 expanded, t=486.27s]
Best heuristic value: 296/238 [g=72, 996 evaluated, 995 expanded, t=488.3s]
Best heuristic value: 293/238 [g=73, 999 evaluated, 998 expanded, t=488.57s]
Best heuristic value: 291/237 [g=74, 1025 evaluated, 1024 expanded, t=490.86s]
Best heuristic value: 287/235 [g=75, 1038 evaluated, 1037 expanded, t=491.99s]
Best heuristic value: 284/233 [g=76, 1051 evaluated, 1050 expanded, t=493.11s]
Best heuristic value: 280/231 [g=77, 1064 evaluated, 1063 expanded, t=494.22s]
Best heuristic value: 277/229 [g=78, 1077 evaluated, 1076 expanded, t=495.32s]
Best heuristic value: 274/228 [g=79, 1090 evaluated, 1089 expanded, t=496.42s]
Best heuristic value: 271/226 [g=80, 1103 evaluated, 1102 expanded, t=497.51s]
Best heuristic value: 268/224 [g=81, 1116 evaluated, 1115 expanded, t=498.59s]
Best heuristic value: 265/222 [g=82, 1129 evaluated, 1128 expanded, t=499.67s]
Best heuristic value: 261/220 [g=83, 1142 evaluated, 1141 expanded, t=500.74s]
Best heuristic value: 258/219 [g=84, 1155 evaluated, 1154 expanded, t=501.8s]
Best heuristic value: 254/216 [g=85, 1168 evaluated, 1167 expanded, t=502.86s]
Best heuristic value: 251/214 [g=86, 1181 evaluated, 1180 expanded, t=503.9s]
Best heuristic value: 248/212 [g=87, 1194 evaluated, 1193 expanded, t=504.94s]
Best heuristic value: 243/209 [g=88, 1207 evaluated, 1206 expanded, t=505.98s]
Best heuristic value: 240/208 [g=89, 1220 evaluated, 1219 expanded, t=507.01s]
Best heuristic value: 237/206 [g=90, 1233 evaluated, 1232 expanded, t=508.03s]
Best heuristic value: 234/204 [g=91, 1246 evaluated, 1245 expanded, t=509.04s]
Best heuristic value: 231/202 [g=92, 1259 evaluated, 1258 expanded, t=510.05s]
Best heuristic value: 228/200 [g=93, 1272 evaluated, 1271 expanded, t=511.05s]
Best heuristic value: 225/198 [g=94, 1285 evaluated, 1284 expanded, t=512.04s]
Best heuristic value: 224/197 [g=95, 1298 evaluated, 1297 expanded, t=513.03s]
Best heuristic value: 222/196 [g=96, 1311 evaluated, 1310 expanded, t=514.02s]
Best heuristic value: 221/195 [g=97, 1324 evaluated, 1323 expanded, t=515.01s]
Best heuristic value: 220/194 [g=98, 1337 evaluated, 1336 expanded, t=515.99s]
Best heuristic value: 217/193 [g=99, 1350 evaluated, 1349 expanded, t=516.98s]
Best heuristic value: 216/192 [g=100, 1363 evaluated, 1362 expanded, t=517.95s]
Best heuristic value: 215/191 [g=101, 1376 evaluated, 1375 expanded, t=518.93s]
Best heuristic value: 213/190 [g=102, 1389 evaluated, 1388 expanded, t=519.9s]
Best heuristic value: 213/189 [g=103, 1402 evaluated, 1401 expanded, t=520.87s]
Best heuristic value: 212/189 [g=103, 1404 evaluated, 1403 expanded, t=521.01s]
Best heuristic value: 212/188 [g=104, 1428 evaluated, 1427 expanded, t=522.8s]
Best heuristic value: 211/188 [g=104, 1433 evaluated, 1432 expanded, t=523.17s]
Best heuristic value: 211/187 [g=105, 1455 evaluated, 1454 expanded, t=524.8s]
Best heuristic value: 210/187 [g=105, 1462 evaluated, 1461 expanded, t=525.32s]
Best heuristic value: 210/186 [g=106, 1482 evaluated, 1481 expanded, t=526.81s]
Best heuristic value: 209/186 [g=106, 1491 evaluated, 1490 expanded, t=527.48s]
Best heuristic value: 208/185 [g=107, 1509 evaluated, 1508 expanded, t=528.81s]
Best heuristic value: 207/185 [g=108, 1522 evaluated, 1521 expanded, t=529.76s]
Best heuristic value: 207/184 [g=108, 1524 evaluated, 1523 expanded, t=529.91s]
Best heuristic value: 206/184 [g=109, 1549 evaluated, 1548 expanded, t=531.77s]
Best heuristic value: 205/183 [g=109, 1554 evaluated, 1553 expanded, t=532.14s]
Best heuristic value: 204/183 [g=110, 1567 evaluated, 1566 expanded, t=533.09s]
Best heuristic value: 204/182 [g=110, 1571 evaluated, 1570 expanded, t=533.38s]
Best heuristic value: 203/182 [g=111, 1594 evaluated, 1593 expanded, t=535.07s]
Best heuristic value: 203/181 [g=111, 1603 evaluated, 1602 expanded, t=535.73s]
Best heuristic value: 202/181 [g=112, 1625 evaluated, 1624 expanded, t=537.34s]
Best heuristic value: 201/180 [g=112, 1636 evaluated, 1635 expanded, t=538.14s]
Best heuristic value: 200/180 [g=113, 1649 evaluated, 1648 expanded, t=539.09s]
Best heuristic value: 200/179 [g=113, 1657 evaluated, 1656 expanded, t=539.68s]
Best heuristic value: 199/179 [g=114, 1676 evaluated, 1675 expanded, t=541.06s]
Best heuristic value: 199/178 [g=114, 1693 evaluated, 1692 expanded, t=542.3s]
Best heuristic value: 198/178 [g=115, 1705 evaluated, 1704 expanded, t=543.17s]
Best heuristic value: 198/177 [g=115, 1728 evaluated, 1727 expanded, t=544.84s]
Best heuristic value: 197/177 [g=116, 1737 evaluated, 1736 expanded, t=545.49s]
Best heuristic value: 197/176 [g=116, 1764 evaluated, 1763 expanded, t=547.46s]
Best heuristic value: 196/176 [g=117, 1770 evaluated, 1769 expanded, t=547.91s]
Best heuristic value: 195/174 [g=117, 1799 evaluated, 1798 expanded, t=550.01s]
Best heuristic value: 194/174 [g=118, 1812 evaluated, 1811 expanded, t=550.96s]
Best heuristic value: 194/173 [g=118, 1824 evaluated, 1823 expanded, t=551.83s]
Best heuristic value: 193/173 [g=119, 1839 evaluated, 1838 expanded, t=552.92s]
Best heuristic value: 192/172 [g=119, 1862 evaluated, 1861 expanded, t=554.6s]
Best heuristic value: 191/172 [g=120, 1875 evaluated, 1874 expanded, t=555.54s]
Best heuristic value: 191/171 [g=120, 1887 evaluated, 1886 expanded, t=556.41s]
Best heuristic value: 190/171 [g=121, 1902 evaluated, 1901 expanded, t=557.49s]
Best heuristic value: 190/170 [g=121, 1925 evaluated, 1924 expanded, t=559.16s]
Best heuristic value: 189/170 [g=122, 1931 evaluated, 1930 expanded, t=559.59s]
Best heuristic value: 189/169 [g=122, 1962 evaluated, 1961 expanded, t=561.83s]
Best heuristic value: 188/169 [g=123, 1963 evaluated, 1962 expanded, t=561.9s]
Best heuristic value: 187/168 [g=123, 1999 evaluated, 1998 expanded, t=564.5s]
Best heuristic value: 186/168 [g=124, 2012 evaluated, 2011 expanded, t=565.43s]
Best heuristic value: 186/167 [g=124, 2024 evaluated, 2023 expanded, t=566.29s]
Best heuristic value: 185/167 [g=125, 2039 evaluated, 2038 expanded, t=567.36s]
Best heuristic value: 185/166 [g=125, 2062 evaluated, 2061 expanded, t=569.01s]
Best heuristic value: 184/166 [g=126, 2068 evaluated, 2067 expanded, t=569.44s]
Best heuristic value: 184/165 [g=126, 2099 evaluated, 2098 expanded, t=571.66s]
Best heuristic value: 183/165 [g=127, 2100 evaluated, 2099 expanded, t=571.73s]
Best heuristic value: 182/163 [g=127, 2136 evaluated, 2135 expanded, t=574.3s]
Best heuristic value: 181/163 [g=128, 2149 evaluated, 2148 expanded, t=575.23s]
Best heuristic value: 181/162 [g=128, 2163 evaluated, 2162 expanded, t=576.23s]
Best heuristic value: 180/162 [g=129, 2176 evaluated, 2175 expanded, t=577.16s]
Best heuristic value: 180/161 [g=129, 2202 evaluated, 2201 expanded, t=579.02s]
Best heuristic value: 179/161 [g=130, 2205 evaluated, 2204 expanded, t=579.23s]
Best heuristic value: 178/161 [g=131, 2237 evaluated, 2236 expanded, t=581.52s]
Best heuristic value: 178/159 [g=130, 2242 evaluated, 2241 expanded, t=581.88s]
Best heuristic value: 177/159 [g=131, 2267 evaluated, 2266 expanded, t=583.66s]
Best heuristic value: 176/157 [g=131, 2281 evaluated, 2280 expanded, t=584.66s]
Best heuristic value: 175/157 [g=132, 2294 evaluated, 2293 expanded, t=585.59s]
Best heuristic value: 175/156 [g=132, 2310 evaluated, 2309 expanded, t=586.74s]
Best heuristic value: 174/156 [g=133, 2321 evaluated, 2320 expanded, t=587.53s]
Best heuristic value: 173/156 [g=134, 2350 evaluated, 2349 expanded, t=589.59s]
Best heuristic value: 173/155 [g=133, 2351 evaluated, 2350 expanded, t=589.67s]
Best heuristic value: 172/155 [g=135, 2382 evaluated, 2381 expanded, t=591.88s]
Best heuristic value: 172/154 [g=134, 2393 evaluated, 2392 expanded, t=592.67s]
Best heuristic value: 171/154 [g=136, 2423 evaluated, 2422 expanded, t=594.81s]
Best heuristic value: 171/153 [g=135, 2434 evaluated, 2433 expanded, t=595.6s]
Best heuristic value: 170/153 [g=137, 2465 evaluated, 2464 expanded, t=597.82s]
Best heuristic value: 170/152 [g=136, 2476 evaluated, 2475 expanded, t=598.6s]
Best heuristic value: 169/152 [g=138, 2507 evaluated, 2506 expanded, t=600.81s]
Best heuristic value: 169/151 [g=137, 2518 evaluated, 2517 expanded, t=601.6s]
Best heuristic value: 168/151 [g=139, 2549 evaluated, 2548 expanded, t=603.81s]
Best heuristic value: 168/150 [g=138, 2560 evaluated, 2559 expanded, t=604.59s]
Best heuristic value: 167/150 [g=140, 2591 evaluated, 2590 expanded, t=606.8s]
Best heuristic value: 167/149 [g=139, 2602 evaluated, 2601 expanded, t=607.59s]
Best heuristic value: 166/149 [g=141, 2633 evaluated, 2632 expanded, t=609.81s]
Best heuristic value: 166/148 [g=140, 2644 evaluated, 2643 expanded, t=610.59s]
Best heuristic value: 165/148 [g=142, 2675 evaluated, 2674 expanded, t=612.8s]
Best heuristic value: 165/147 [g=141, 2686 evaluated, 2685 expanded, t=613.58s]
Best heuristic value: 164/147 [g=143, 2717 evaluated, 2716 expanded, t=615.79s]
Best heuristic value: 164/146 [g=142, 2728 evaluated, 2727 expanded, t=616.58s]
Best heuristic value: 163/146 [g=144, 2759 evaluated, 2758 expanded, t=618.8s]
Best heuristic value: 163/144 [g=143, 2772 evaluated, 2771 expanded, t=619.72s]
Best heuristic value: 162/144 [g=144, 2798 evaluated, 2797 expanded, t=621.58s]
Best heuristic value: 162/143 [g=144, 2818 evaluated, 2817 expanded, t=623.01s]
Best heuristic value: 161/143 [g=145, 2825 evaluated, 2824 expanded, t=623.51s]
Best heuristic value: 160/143 [g=146, 2854 evaluated, 2853 expanded, t=625.57s]
Best heuristic value: 160/142 [g=145, 2863 evaluated, 2862 expanded, t=626.22s]
Best heuristic value: 159/142 [g=147, 2886 evaluated, 2885 expanded, t=627.85s]
Best heuristic value: 159/141 [g=146, 2909 evaluated, 2908 expanded, t=629.48s]
Best heuristic value: 158/141 [g=148, 2931 evaluated, 2930 expanded, t=631.05s]
Best heuristic value: 158/140 [g=147, 2954 evaluated, 2953 expanded, t=632.69s]
Best heuristic value: 156/140 [g=149, 2977 evaluated, 2976 expanded, t=634.31s]
Best heuristic value: 156/139 [g=148, 3000 evaluated, 2999 expanded, t=635.94s]
Best heuristic value: 155/139 [g=150, 3023 evaluated, 3022 expanded, t=637.57s]
Best heuristic value: 155/138 [g=149, 3046 evaluated, 3045 expanded, t=639.19s]
Best heuristic value: 154/138 [g=151, 3069 evaluated, 3068 expanded, t=640.81s]
Best heuristic value: 154/137 [g=150, 3092 evaluated, 3091 expanded, t=642.46s]
Best heuristic value: 153/137 [g=152, 3115 evaluated, 3114 expanded, t=644.09s]
Best heuristic value: 153/136 [g=151, 3140 evaluated, 3139 expanded, t=645.85s]
Best heuristic value: 151/136 [g=153, 3161 evaluated, 3160 expanded, t=647.33s]
Best heuristic value: 151/135 [g=152, 3190 evaluated, 3189 expanded, t=649.36s]
Best heuristic value: 150/135 [g=154, 3207 evaluated, 3206 expanded, t=650.55s]
Best heuristic value: 150/134 [g=153, 3242 evaluated, 3241 expanded, t=653.02s]
Best heuristic value: 149/134 [g=155, 3257 evaluated, 3256 expanded, t=654.07s]
Best heuristic value: 149/133 [g=154, 3294 evaluated, 3293 expanded, t=656.66s]
Best heuristic value: 148/133 [g=156, 3309 evaluated, 3308 expanded, t=657.71s]
Best heuristic value: 148/132 [g=155, 3346 evaluated, 3345 expanded, t=660.3s]
Best heuristic value: 146/132 [g=157, 3363 evaluated, 3362 expanded, t=661.5s]
Best heuristic value: 146/131 [g=156, 3398 evaluated, 3397 expanded, t=663.93s]
Best heuristic value: 145/131 [g=158, 3417 evaluated, 3416 expanded, t=665.26s]
Best heuristic value: 145/130 [g=157, 3450 evaluated, 3449 expanded, t=667.56s]
Best heuristic value: 144/130 [g=159, 3471 evaluated, 3470 expanded, t=669.03s]
Best heuristic value: 144/129 [g=158, 3502 evaluated, 3501 expanded, t=671.2s]
Best heuristic value: 143/129 [g=160, 3525 evaluated, 3524 expanded, t=672.8s]
Best heuristic value: 143/128 [g=159, 3554 evaluated, 3553 expanded, t=674.83s]
Best heuristic value: 142/128 [g=161, 3579 evaluated, 3578 expanded, t=676.57s]
Best heuristic value: 142/127 [g=160, 3606 evaluated, 3605 expanded, t=678.45s]
Best heuristic value: 141/127 [g=162, 3633 evaluated, 3632 expanded, t=680.34s]
Best heuristic value: 141/125 [g=161, 3658 evaluated, 3657 expanded, t=682.08s]
Best heuristic value: 140/125 [g=163, 3687 evaluated, 3686 expanded, t=684.1s]
Best heuristic value: 140/124 [g=162, 3710 evaluated, 3709 expanded, t=685.7s]
Best heuristic value: 139/124 [g=163, 3736 evaluated, 3735 expanded, t=687.51s]
Best heuristic value: 139/123 [g=163, 3762 evaluated, 3761 expanded, t=689.31s]
Best heuristic value: 138/123 [g=164, 3763 evaluated, 3762 expanded, t=689.38s]
Best heuristic value: 137/123 [g=165, 3792 evaluated, 3791 expanded, t=691.39s]
Best heuristic value: 137/121 [g=164, 3815 evaluated, 3814 expanded, t=692.98s]
Best heuristic value: 136/121 [g=166, 3824 evaluated, 3823 expanded, t=693.6s]
Best heuristic value: 136/120 [g=165, 3868 evaluated, 3867 expanded, t=696.64s]
Best heuristic value: 135/120 [g=167, 3871 evaluated, 3870 expanded, t=696.85s]
Best heuristic value: 134/120 [g=168, 3921 evaluated, 3920 expanded, t=700.31s]
Best heuristic value: 134/119 [g=166, 3922 evaluated, 3921 expanded, t=700.38s]
Best heuristic value: 133/119 [g=169, 3973 evaluated, 3972 expanded, t=703.91s]
Best heuristic value: 133/118 [g=167, 3976 evaluated, 3975 expanded, t=704.11s]
Best heuristic value: 131/118 [g=170, 4027 evaluated, 4026 expanded, t=707.64s]
Best heuristic value: 131/115 [g=168, 4030 evaluated, 4029 expanded, t=707.84s]
Best heuristic value: 130/115 [g=171, 4081 evaluated, 4080 expanded, t=711.36s]
Best heuristic value: 130/114 [g=169, 4084 evaluated, 4083 expanded, t=711.57s]
Best heuristic value: 129/114 [g=172, 4135 evaluated, 4134 expanded, t=715.08s]
Best heuristic value: 129/113 [g=170, 4138 evaluated, 4137 expanded, t=715.29s]
Best heuristic value: 128/113 [g=173, 4189 evaluated, 4188 expanded, t=718.8s]
Best heuristic value: 128/112 [g=171, 4192 evaluated, 4191 expanded, t=719.01s]
Best heuristic value: 126/112 [g=174, 4243 evaluated, 4242 expanded, t=722.52s]
Best heuristic value: 126/110 [g=172, 4246 evaluated, 4245 expanded, t=722.73s]
Best heuristic value: 125/110 [g=175, 4297 evaluated, 4296 expanded, t=726.22s]
Best heuristic value: 125/109 [g=173, 4300 evaluated, 4299 expanded, t=726.43s]
Best heuristic value: 124/109 [g=174, 4326 evaluated, 4325 expanded, t=728.2s]
Best heuristic value: 123/109 [g=175, 4353 evaluated, 4352 expanded, t=730.03s]
Best heuristic value: 123/108 [g=174, 4354 evaluated, 4353 expanded, t=730.1s]
Best heuristic value: 122/108 [g=176, 4382 evaluated, 4381 expanded, t=732s]
Best heuristic value: 122/104 [g=175, 4409 evaluated, 4408 expanded, t=733.83s]
Best heuristic value: 121/104 [g=177, 4414 evaluated, 4413 expanded, t=734.17s]
Best heuristic value: 120/104 [g=178, 4461 evaluated, 4460 expanded, t=737.36s]
Best heuristic value: 120/102 [g=176, 4464 evaluated, 4463 expanded, t=737.56s]
Best heuristic value: 119/102 [g=177, 4490 evaluated, 4489 expanded, t=739.32s]
Best heuristic value: 118/102 [g=178, 4517 evaluated, 4516 expanded, t=741.15s]
Best heuristic value: 118/101 [g=177, 4520 evaluated, 4519 expanded, t=741.36s]
Best heuristic value: 117/101 [g=178, 4545 evaluated, 4544 expanded, t=743.04s]
Best heuristic value: 116/101 [g=179, 4572 evaluated, 4571 expanded, t=744.84s]
Best heuristic value: 116/100 [g=178, 4575 evaluated, 4574 expanded, t=745.04s]
Best heuristic value: 115/100 [g=180, 4601 evaluated, 4600 expanded, t=746.79s]
Best heuristic value: 115/99 [g=179, 4632 evaluated, 4631 expanded, t=748.86s]
Best heuristic value: 114/99 [g=181, 4633 evaluated, 4632 expanded, t=748.93s]
Best heuristic value: 113/99 [g=182, 4680 evaluated, 4679 expanded, t=752.08s]
Best heuristic value: 113/97 [g=180, 4691 evaluated, 4690 expanded, t=752.81s]
Best heuristic value: 112/97 [g=183, 4730 evaluated, 4729 expanded, t=755.42s]
Best heuristic value: 112/96 [g=181, 4751 evaluated, 4750 expanded, t=756.83s]
Best heuristic value: 111/96 [g=184, 4786 evaluated, 4785 expanded, t=759.16s]
Best heuristic value: 111/95 [g=182, 4813 evaluated, 4812 expanded, t=760.96s]
Best heuristic value: 110/95 [g=183, 4839 evaluated, 4838 expanded, t=762.7s]
Best heuristic value: 109/95 [g=184, 4866 evaluated, 4865 expanded, t=764.49s]
Best heuristic value: 109/93 [g=183, 4879 evaluated, 4878 expanded, t=765.35s]
Best heuristic value: 108/93 [g=185, 4895 evaluated, 4894 expanded, t=766.42s]
Best heuristic value: 107/93 [g=186, 4927 evaluated, 4926 expanded, t=768.55s]
Best heuristic value: 107/92 [g=184, 4944 evaluated, 4943 expanded, t=769.69s]
Best heuristic value: 106/92 [g=187, 4974 evaluated, 4973 expanded, t=771.68s]
Best heuristic value: 105/91 [g=185, 5009 evaluated, 5008 expanded, t=774.01s]
Best heuristic value: 104/91 [g=186, 5022 evaluated, 5021 expanded, t=774.87s]
Best heuristic value: 103/91 [g=187, 5049 evaluated, 5048 expanded, t=776.65s]
Best heuristic value: 103/90 [g=186, 5062 evaluated, 5061 expanded, t=777.51s]
Best heuristic value: 102/90 [g=188, 5078 evaluated, 5077 expanded, t=778.57s]
Best heuristic value: 101/90 [g=189, 5110 evaluated, 5109 expanded, t=780.68s]
Best heuristic value: 101/89 [g=187, 5127 evaluated, 5126 expanded, t=781.8s]
Best heuristic value: 100/89 [g=190, 5157 evaluated, 5156 expanded, t=783.78s]
Best heuristic value: 100/88 [g=188, 5192 evaluated, 5191 expanded, t=786.1s]
Best heuristic value: 99/88 [g=191, 5207 evaluated, 5206 expanded, t=787.09s]
Best heuristic value: 99/86 [g=189, 5258 evaluated, 5257 expanded, t=790.45s]
Best heuristic value: 98/86 [g=192, 5267 evaluated, 5266 expanded, t=791.04s]
Best heuristic value: 98/85 [g=190, 5324 evaluated, 5323 expanded, t=794.81s]
Best heuristic value: 97/85 [g=193, 5329 evaluated, 5328 expanded, t=795.14s]
Best heuristic value: 97/83 [g=191, 5391 evaluated, 5390 expanded, t=799.24s]
Best heuristic value: 96/83 [g=194, 5394 evaluated, 5393 expanded, t=799.44s]
Best heuristic value: 95/83 [g=195, 5460 evaluated, 5459 expanded, t=803.79s]
Best heuristic value: 95/82 [g=192, 5461 evaluated, 5460 expanded, t=803.86s]
Best heuristic value: 94/82 [g=193, 5487 evaluated, 5486 expanded, t=805.57s]
Best heuristic value: 93/82 [g=194, 5514 evaluated, 5513 expanded, t=807.34s]
Best heuristic value: 93/81 [g=193, 5531 evaluated, 5530 expanded, t=808.46s]
Best heuristic value: 92/81 [g=195, 5543 evaluated, 5542 expanded, t=809.25s]
Best heuristic value: 91/81 [g=196, 5575 evaluated, 5574 expanded, t=811.35s]
Best heuristic value: 91/80 [g=194, 5602 evaluated, 5601 expanded, t=813.12s]
Best heuristic value: 90/80 [g=197, 5622 evaluated, 5621 expanded, t=814.43s]
Best heuristic value: 89/80 [g=198, 5672 evaluated, 5671 expanded, t=817.71s]
Best heuristic value: 89/78 [g=195, 5673 evaluated, 5672 expanded, t=817.78s]
Best heuristic value: 88/78 [g=199, 5732 evaluated, 5731 expanded, t=821.64s]
Best heuristic value: 88/76 [g=196, 5745 evaluated, 5744 expanded, t=822.49s]
Best heuristic value: 87/76 [g=197, 5771 evaluated, 5770 expanded, t=824.19s]
Best heuristic value: 86/76 [g=198, 5798 evaluated, 5797 expanded, t=825.95s]
Best heuristic value: 86/75 [g=197, 5817 evaluated, 5816 expanded, t=827.19s]
Best heuristic value: 85/75 [g=199, 5827 evaluated, 5826 expanded, t=827.84s]
Best heuristic value: 84/75 [g=200, 5859 evaluated, 5858 expanded, t=829.93s]
Best heuristic value: 84/74 [g=198, 5888 evaluated, 5887 expanded, t=831.82s]
Best heuristic value: 83/74 [g=201, 5906 evaluated, 5905 expanded, t=833s]
Best heuristic value: 82/74 [g=202, 5956 evaluated, 5955 expanded, t=836.26s]
Best heuristic value: 82/73 [g=199, 5959 evaluated, 5958 expanded, t=836.46s]
Best heuristic value: 81/73 [g=203, 6016 evaluated, 6015 expanded, t=840.18s]
Best heuristic value: 81/72 [g=200, 6031 evaluated, 6030 expanded, t=841.16s]
Best heuristic value: 80/72 [g=204, 6078 evaluated, 6077 expanded, t=844.23s]
Best heuristic value: 80/71 [g=201, 6103 evaluated, 6102 expanded, t=845.85s]
Best heuristic value: 79/71 [g=205, 6143 evaluated, 6142 expanded, t=848.45s]
Best heuristic value: 79/70 [g=202, 6174 evaluated, 6173 expanded, t=850.51s]
Best heuristic value: 77/70 [g=206, 6211 evaluated, 6210 expanded, t=852.9s]
Best heuristic value: 77/69 [g=203, 6246 evaluated, 6245 expanded, t=855.17s]
Best heuristic value: 76/69 [g=207, 6281 evaluated, 6280 expanded, t=857.44s]
Best heuristic value: 76/68 [g=204, 6318 evaluated, 6317 expanded, t=859.84s]
Best heuristic value: 75/68 [g=208, 6351 evaluated, 6350 expanded, t=861.98s]
Best heuristic value: 75/67 [g=205, 6392 evaluated, 6391 expanded, t=864.63s]
Best heuristic value: 74/67 [g=206, 6418 evaluated, 6417 expanded, t=866.29s]
Best heuristic value: 73/67 [g=207, 6445 evaluated, 6444 expanded, t=867.98s]
Best heuristic value: 73/66 [g=206, 6466 evaluated, 6465 expanded, t=869.3s]
Best heuristic value: 72/66 [g=208, 6474 evaluated, 6473 expanded, t=869.8s]
Best heuristic value: 71/66 [g=209, 6506 evaluated, 6505 expanded, t=871.81s]
Best heuristic value: 71/65 [g=207, 6538 evaluated, 6537 expanded, t=873.81s]
Best heuristic value: 70/65 [g=210, 6553 evaluated, 6552 expanded, t=874.74s]
Best heuristic value: 69/65 [g=211, 6603 evaluated, 6602 expanded, t=877.88s]
Best heuristic value: 69/63 [g=208, 6612 evaluated, 6611 expanded, t=878.45s]
Best heuristic value: 68/63 [g=212, 6663 evaluated, 6662 expanded, t=881.64s]
Best heuristic value: 68/61 [g=209, 6690 evaluated, 6689 expanded, t=883.33s]
Best heuristic value: 67/61 [g=213, 6725 evaluated, 6724 expanded, t=885.51s]
Best heuristic value: 65/60 [g=210, 6770 evaluated, 6769 expanded, t=888.33s]
Best heuristic value: 64/60 [g=211, 6783 evaluated, 6782 expanded, t=889.13s]
Best heuristic value: 63/60 [g=212, 6810 evaluated, 6809 expanded, t=890.78s]
Best heuristic value: 63/59 [g=211, 6838 evaluated, 6837 expanded, t=892.5s]
Best heuristic value: 62/59 [g=213, 6839 evaluated, 6838 expanded, t=892.56s]
Best heuristic value: 61/59 [g=214, 6871 evaluated, 6870 expanded, t=894.52s]
Best heuristic value: 60/59 [g=215, 6918 evaluated, 6917 expanded, t=897.4s]
Best heuristic value: 60/58 [g=212, 6919 evaluated, 6918 expanded, t=897.46s]
Best heuristic value: 59/58 [g=216, 6968 evaluated, 6967 expanded, t=900.45s]
Best heuristic value: 59/57 [g=213, 7001 evaluated, 7000 expanded, t=902.47s]
Best heuristic value: 58/57 [g=217, 7028 evaluated, 7027 expanded, t=904.12s]
Best heuristic value: 58/56 [g=214, 7089 evaluated, 7088 expanded, t=907.83s]
Best heuristic value: 57/56 [g=218, 7090 evaluated, 7089 expanded, t=907.89s]
Best heuristic value: 56/56 [g=219, 7155 evaluated, 7154 expanded, t=911.84s]
Best heuristic value: 56/55 [g=215, 7174 evaluated, 7173 expanded, t=913s]
Best heuristic value: 54/55 [g=220, 7223 evaluated, 7222 expanded, t=915.98s]
Best heuristic value: 54/54 [g=216, 7260 evaluated, 7259 expanded, t=918.22s]
Best heuristic value: 53/54 [g=221, 7301 evaluated, 7300 expanded, t=920.71s]
Best heuristic value: 53/52 [g=217, 7350 evaluated, 7349 expanded, t=923.69s]
Best heuristic value: 52/52 [g=222, 7369 evaluated, 7368 expanded, t=924.84s]
Best heuristic value: 51/52 [g=223, 7436 evaluated, 7435 expanded, t=928.9s]
Best heuristic value: 51/51 [g=218, 7456 evaluated, 7455 expanded, t=930.11s]
Best heuristic value: 50/51 [g=224, 7507 evaluated, 7506 expanded, t=933.22s]
Best heuristic value: 49/51 [g=225, 7559 evaluated, 7558 expanded, t=936.35s]
Best heuristic value: 49/50 [g=219, 7566 evaluated, 7565 expanded, t=936.78s]
Best heuristic value: 48/50 [g=226, 7637 evaluated, 7636 expanded, t=941.08s]
Best heuristic value: 48/49 [g=220, 7675 evaluated, 7674 expanded, t=943.37s]
Best heuristic value: 46/49 [g=227, 7685 evaluated, 7684 expanded, t=943.98s]
Best heuristic value: 46/48 [g=221, 7690 evaluated, 7689 expanded, t=944.28s]
Best heuristic value: 45/48 [g=228, 7759 evaluated, 7758 expanded, t=948.47s]
Best heuristic value: 45/47 [g=222, 7776 evaluated, 7775 expanded, t=949.49s]
Best heuristic value: 45/46 [g=223, 7796 evaluated, 7795 expanded, t=950.69s]
Best heuristic value: 44/46 [g=229, 7839 evaluated, 7838 expanded, t=953.31s]
Best heuristic value: 44/45 [g=224, 7873 evaluated, 7872 expanded, t=955.35s]
Best heuristic value: 44/44 [g=225, 7882 evaluated, 7881 expanded, t=955.91s]
Best heuristic value: 43/44 [g=230, 7909 evaluated, 7908 expanded, t=957.56s]
Best heuristic value: 42/44 [g=231, 7926 evaluated, 7925 expanded, t=958.59s]
Best heuristic value: 42/43 [g=226, 7959 evaluated, 7958 expanded, t=960.57s]
Best heuristic value: 42/42 [g=227, 7960 evaluated, 7959 expanded, t=960.63s]
Best heuristic value: 41/42 [g=232, 7989 evaluated, 7988 expanded, t=962.4s]
Best heuristic value: 40/42 [g=233, 8001 evaluated, 8000 expanded, t=963.13s]
Best heuristic value: 40/41 [g=228, 8035 evaluated, 8034 expanded, t=965.17s]
Best heuristic value: 39/41 [g=234, 8065 evaluated, 8064 expanded, t=967.01s]
Best heuristic value: 38/41 [g=235, 8074 evaluated, 8073 expanded, t=967.55s]
Best heuristic value: 38/39 [g=229, 8108 evaluated, 8107 expanded, t=969.59s]
Best heuristic value: 37/39 [g=236, 8136 evaluated, 8135 expanded, t=971.3s]
Best heuristic value: 36/39 [g=237, 8137 evaluated, 8136 expanded, t=971.36s]
Best heuristic value: 36/37 [g=230, 8171 evaluated, 8170 expanded, t=973.4s]
Best heuristic value: 35/37 [g=238, 8199 evaluated, 8198 expanded, t=975.11s]
Best heuristic value: 35/36 [g=231, 8230 evaluated, 8229 expanded, t=976.97s]
Best heuristic value: 33/36 [g=239, 8258 evaluated, 8257 expanded, t=978.67s]
Best heuristic value: 33/34 [g=233, 8285 evaluated, 8284 expanded, t=980.28s]
Best heuristic value: 31/34 [g=240, 8313 evaluated, 8312 expanded, t=981.99s]
Best heuristic value: 31/33 [g=235, 8338 evaluated, 8337 expanded, t=983.48s]
Best heuristic value: 30/33 [g=241, 8363 evaluated, 8362 expanded, t=985.01s]
Best heuristic value: 28/32 [g=243, 8410 evaluated, 8409 expanded, t=987.84s]
Best heuristic value: 27/31 [g=245, 8433 evaluated, 8432 expanded, t=989.18s]
Best heuristic value: 26/30 [g=247, 8457 evaluated, 8456 expanded, t=990.57s]
Best heuristic value: 25/29 [g=249, 8481 evaluated, 8480 expanded, t=991.97s]
Best heuristic value: 24/28 [g=251, 8506 evaluated, 8505 expanded, t=993.42s]
Best heuristic value: 23/27 [g=253, 8538 evaluated, 8537 expanded, t=995.28s]
Best heuristic value: 22/26 [g=255, 8570 evaluated, 8569 expanded, t=997.14s]
Best heuristic value: 21/25 [g=257, 8603 evaluated, 8602 expanded, t=999.05s]
Best heuristic value: 20/24 [g=259, 8635 evaluated, 8634 expanded, t=1000.9s]
Best heuristic value: 19/23 [g=261, 8666 evaluated, 8665 expanded, t=1002.7s]
Best heuristic value: 18/22 [g=263, 8696 evaluated, 8695 expanded, t=1004.45s]
Best heuristic value: 17/21 [g=265, 8726 evaluated, 8725 expanded, t=1006.19s]
Best heuristic value: 16/20 [g=267, 8755 evaluated, 8754 expanded, t=1007.86s]
Best heuristic value: 15/19 [g=269, 8784 evaluated, 8783 expanded, t=1009.55s]
Best heuristic value: 14/18 [g=271, 8816 evaluated, 8815 expanded, t=1011.41s]
Best heuristic value: 13/17 [g=273, 8847 evaluated, 8846 expanded, t=1013.21s]
Best heuristic value: 12/16 [g=275, 8996 evaluated, 8995 expanded, t=1021.85s]
Best heuristic value: 11/15 [g=277, 9092 evaluated, 9091 expanded, t=1027.41s]
Best heuristic value: 10/14 [g=279, 9188 evaluated, 9187 expanded, t=1032.97s]
Best heuristic value: 9/13 [g=281, 9274 evaluated, 9273 expanded, t=1037.95s]
Best heuristic value: 8/12 [g=283, 9350 evaluated, 9349 expanded, t=1042.35s]
Best heuristic value: 7/11 [g=285, 9426 evaluated, 9425 expanded, t=1046.74s]
Best heuristic value: 6/10 [g=287, 9510 evaluated, 9509 expanded, t=1051.6s]
Best heuristic value: 5/9 [g=289, 9581 evaluated, 9580 expanded, t=1055.71s]
Best heuristic value: 4/8 [g=291, 9639 evaluated, 9638 expanded, t=1059.07s]
Best heuristic value: 3/6 [g=293, 132690 evaluated, 132689 expanded, t=8203.27s]
Best heuristic value: 2/4 [g=295, 136115 evaluated, 136114 expanded, t=8394.67s]
Best heuristic value: 1/2 [g=297, 138885 evaluated, 138884 expanded, t=8545.2s]
Solution found!
Actual search time: 8360.29s [t=8745.04s]
do-plane p91 planer0 rough mauve colourfragments (30)
do-grind p84 grinder0 verysmooth red colourfragments untreated (45)
do-plane p84 planer0 verysmooth natural untreated (30)
do-plane p78 planer0 rough white colourfragments (10)
do-glaze p78 glazer0 blue (10)
do-plane p76 planer0 rough black colourfragments (10)
do-grind p76 grinder0 smooth natural untreated untreated (15)
do-plane p69 planer0 smooth white varnished (20)
do-glaze p69 glazer0 black (15)
do-grind p67 grinder0 smooth natural glazed untreated (45)
do-glaze p67 glazer1 green (20)
do-grind p65 grinder0 verysmooth mauve colourfragments untreated (30)
do-plane p64 planer0 rough white colourfragments (30)
do-glaze p64 glazer0 black (20)
do-plane p56 planer0 rough mauve colourfragments (10)
do-grind p56 grinder0 smooth natural untreated untreated (15)
do-immersion-varnish p56 immersion-varnisher0 blue verysmooth (10)
do-grind p54 grinder0 smooth mauve varnished colourfragments (30)
do-grind p5 grinder0 verysmooth mauve colourfragments untreated (45)
do-immersion-varnish p5 immersion-varnisher0 blue verysmooth (10)
do-plane p43 planer0 verysmooth red varnished (20)
do-glaze p43 glazer0 mauve (15)
do-grind p42 grinder0 verysmooth red colourfragments untreated (45)
do-glaze p42 glazer0 white (20)
do-plane p4 planer0 rough green colourfragments (10)
do-grind p4 grinder0 smooth natural untreated untreated (15)
do-plane p39 planer0 rough black colourfragments (20)
do-immersion-varnish p39 immersion-varnisher0 blue smooth (10)
do-plane p32 planer0 verysmooth blue colourfragments (30)
do-glaze p32 glazer0 black (20)
do-grind p31 grinder0 smooth mauve colourfragments untreated (45)
do-glaze p31 glazer0 white (20)
do-grind p30 grinder0 verysmooth white colourfragments untreated (45)
do-immersion-varnish p30 immersion-varnisher0 blue verysmooth (10)
do-plane p15 planer0 verysmooth red varnished (10)
do-glaze p15 glazer0 black (10)
do-grind p11 grinder0 verysmooth white colourfragments untreated (30)
do-glaze p11 glazer0 mauve (15)
do-plane p100 planer0 rough green varnished (30)
do-glaze p100 glazer0 white (20)
do-saw-large b16 p0 saw0 walnut rough s6 s4 s5 s3 (30)
do-saw-medium b5 p1 saw0 mahogany rough s8 s7 s6 (30)
do-saw-medium b9 p102 saw0 pine rough s7 s6 s5 (30)
do-saw-large b8 p103 saw0 oak rough s8 s6 s7 s5 (30)
do-saw-medium b24 p12 saw0 beech smooth s7 s6 s5 (30)
do-saw-medium b24 p14 saw0 beech smooth s5 s4 s3 (30)
do-saw-medium b16 p17 saw0 walnut rough s3 s2 s1 (30)
do-saw-medium b15 p18 saw0 walnut smooth s9 s8 s7 (30)
do-saw-large b19 p19 saw0 teak smooth s7 s5 s6 s4 (30)
do-saw-medium b9 p2 saw0 pine rough s5 s4 s3 (30)
do-saw-large b15 p23 saw0 walnut smooth s7 s5 s6 s4 (30)
do-saw-medium b19 p26 saw0 teak smooth s4 s3 s2 (30)
do-saw-large b2 p28 saw0 cherry rough s9 s7 s8 s6 (30)
do-saw-medium b2 p35 saw0 cherry rough s6 s5 s4 (30)
do-saw-medium b2 p40 saw0 cherry rough s4 s3 s2 (30)
do-saw-medium b2 p45 saw0 cherry rough s2 s1 s0 (30)
do-saw-large b15 p50 saw0 walnut smooth s4 s2 s3 s1 (30)
do-saw-medium b5 p52 saw0 mahogany rough s6 s5 s4 (30)
do-saw-large b1 p57 saw0 cherry rough s7 s5 s6 s4 (30)
do-saw-large b9 p6 saw0 pine rough s3 s1 s2 s0 (30)
do-saw-medium b1 p66 saw0 cherry rough s4 s3 s2 (30)
do-saw-medium b5 p7 saw0 mahogany rough s4 s3 s2 (30)
do-saw-large b4 p72 saw0 mahogany rough s9 s7 s8 s6 (30)
do-saw-large b0 p73 saw0 cherry smooth s8 s6 s7 s5 (30)
do-saw-medium b8 p75 saw0 oak rough s5 s4 s3 (30)
do-saw-large b12 p77 saw0 pine smooth s5 s3 s4 s2 (30)
do-saw-medium b8 p85 saw0 oak rough s3 s2 s1 (30)
do-saw-medium b19 p93 saw0 teak smooth s2 s1 s0 (30)
do-saw-medium b5 p95 saw0 mahogany rough s2 s1 s0 (30)
do-saw-medium b12 p99 saw0 pine smooth s2 s1 s0 (30)
do-saw-large b24 p70 saw0 beech smooth s3 s1 s2 s0 (30)
do-saw-medium b23 p8 saw0 beech rough s7 s6 s5 (30)
do-saw-medium b23 p80 saw0 beech rough s5 s4 s3 (30)
do-saw-large b23 p83 saw0 beech rough s3 s1 s2 s0 (30)
do-saw-large b22 p94 saw0 beech smooth s7 s5 s6 s4 (30)
do-saw-small b4 p101 saw0 mahogany rough s6 s5 (30)
do-saw-small b22 p22 saw0 beech smooth s4 s3 (30)
do-saw-small b11 p24 saw0 pine rough s8 s7 (30)
do-saw-small b8 p25 saw0 oak rough s1 s0 (30)
do-saw-small b11 p29 saw0 pine rough s7 s6 (30)
do-saw-small b16 p44 saw0 walnut rough s1 s0 (30)
do-saw-small b20 p46 saw0 teak smooth s1 s0 (30)
do-saw-small b22 p51 saw0 beech smooth s3 s2 (30)
do-saw-small b7 p53 saw0 oak rough s9 s8 (30)
do-saw-small b15 p58 saw0 walnut smooth s1 s0 (30)
do-saw-small b18 p61 saw0 teak smooth s6 s5 (30)
do-saw-small b14 p62 saw0 walnut rough s9 s8 (30)
do-saw-small b18 p63 saw0 teak smooth s5 s4 (30)
do-saw-small b7 p68 saw0 oak rough s8 s7 (30)
do-saw-small b4 p71 saw0 mahogany rough s5 s4 (30)
do-saw-small b14 p74 saw0 walnut rough s8 s7 (30)
do-saw-small b4 p86 saw0 mahogany rough s4 s3 (30)
do-saw-small b1 p87 saw0 cherry rough s2 s1 (30)
do-saw-small b11 p89 saw0 pine rough s6 s5 (30)
do-grind p99 grinder0 smooth natural untreated untreated (30)
do-saw-small b7 p98 saw0 oak rough s7 s6 (30)
do-plane p98 planer0 rough natural untreated (10)
do-glaze p98 glazer0 black (10)
do-saw-medium b7 p97 saw0 oak rough s6 s5 s4 (30)
do-plane p97 planer0 rough natural untreated (20)
do-grind p97 grinder0 smooth natural untreated untreated (30)
do-saw-large b7 p96 saw0 oak rough s4 s2 s3 s1 (30)
do-glaze p96 glazer1 red (20)
do-glaze p95 glazer0 black (15)
do-immersion-varnish p94 immersion-varnisher0 blue smooth (10)
do-immersion-varnish p93 immersion-varnisher0 blue smooth (10)
do-saw-small b7 p90 saw0 oak rough s1 s0 (30)
do-glaze p90 glazer0 black (10)
do-saw-small b6 p9 saw0 oak rough s6 s5 (30)
do-glaze p9 glazer1 red (10)
do-glaze p89 glazer0 black (10)
do-saw-small b6 p88 saw0 oak rough s5 s4 (30)
do-plane p88 planer0 rough natural untreated (10)
do-plane p87 planer0 rough natural untreated (10)
do-immersion-varnish p87 immersion-varnisher0 blue smooth (10)
do-glaze p86 glazer1 green (10)
do-glaze p85 glazer0 white (15)
do-plane p83 planer0 rough natural untreated (30)
do-saw-small b6 p82 saw0 oak rough s4 s3 (30)
do-plane p82 planer0 rough natural untreated (10)
do-grind p82 grinder0 smooth natural untreated untreated (15)
do-immersion-varnish p82 immersion-varnisher0 blue verysmooth (10)
do-saw-large b6 p81 saw0 oak rough s3 s1 s2 s0 (30)
do-plane p81 planer0 rough natural untreated (30)
do-grind p81 grinder0 smooth natural untreated untreated (45)
do-glaze p81 glazer0 black (20)
do-glaze p80 glazer1 red (15)
do-plane p8 planer0 rough natural untreated (20)
do-immersion-varnish p8 immersion-varnisher0 blue smooth (10)
do-glaze p77 glazer0 mauve (20)
do-glaze p75 glazer1 red (15)
do-glaze p74 glazer0 mauve (10)
do-immersion-varnish p73 immersion-varnisher0 blue smooth (10)
do-glaze p72 glazer1 green (20)
do-plane p71 planer0 rough natural untreated (10)
do-immersion-varnish p71 immersion-varnisher0 blue smooth (10)
do-grind p70 grinder0 smooth natural untreated untreated (45)
do-glaze p7 glazer0 black (15)
do-glaze p68 glazer1 red (10)
do-plane p66 planer0 rough natural untreated (20)
do-grind p66 grinder0 smooth natural untreated untreated (30)
do-grind p63 grinder0 smooth natural untreated untreated (15)
do-glaze p62 glazer1 red (10)
do-glaze p61 glazer0 black (10)
do-saw-medium b4 p60 saw0 mahogany rough s3 s2 s1 (30)
do-plane p60 planer0 rough natural untreated (20)
do-immersion-varnish p60 immersion-varnisher0 blue smooth (10)
do-glaze p6 glazer1 green (20)
do-saw-small b4 p59 saw0 mahogany rough s1 s0 (30)
do-glaze p59 glazer0 white (10)
do-glaze p58 glazer1 red (10)
do-glaze p57 glazer1 red (20)
do-saw-small b3 p55 saw0 mahogany rough s7 s6 (30)
do-plane p55 planer0 rough natural untreated (10)
do-glaze p55 glazer0 black (10)
do-plane p53 planer0 rough natural untreated (10)
do-glaze p53 glazer0 black (10)
do-plane p52 planer0 rough natural untreated (20)
do-grind p52 grinder0 smooth natural untreated untreated (30)
do-glaze p52 glazer0 black (15)
do-glaze p51 glazer1 red (10)
do-saw-medium b3 p49 saw0 mahogany rough s6 s5 s4 (30)
do-glaze p49 glazer0 mauve (15)
do-glaze p46 glazer1 red (10)
do-plane p45 planer0 rough natural untreated (20)
do-plane p44 planer0 rough natural untreated (10)
do-grind p44 grinder0 smooth natural untreated untreated (15)
do-saw-large b3 p41 saw0 mahogany rough s4 s2 s3 s1 (30)
do-plane p41 planer0 rough natural untreated (30)
do-grind p41 grinder0 smooth natural untreated untreated (45)
do-immersion-varnish p41 immersion-varnisher0 blue verysmooth (10)
do-glaze p40 glazer0 white (15)
do-saw-large b21 p38 saw0 beech rough s9 s7 s8 s6 (30)
do-glaze p38 glazer0 white (20)
do-saw-small b3 p37 saw0 mahogany rough s1 s0 (30)
do-glaze p37 glazer1 red (10)
do-saw-large b21 p36 saw0 beech rough s6 s4 s5 s3 (30)
do-glaze p36 glazer0 white (20)
do-glaze p35 glazer1 green (15)
do-saw-large b21 p33 saw0 beech rough s3 s1 s2 s0 (30)
do-glaze p33 glazer0 black (20)
do-saw-large b18 p3 saw0 teak smooth s4 s2 s3 s1 (30)
do-glaze p29 glazer0 blue (10)
do-glaze p28 glazer1 red (20)
do-saw-medium b22 p27 saw0 beech smooth s2 s1 s0 (30)
do-glaze p27 glazer0 black (15)
do-glaze p26 glazer0 black (15)
do-glaze p25 glazer0 white (10)
do-glaze p24 glazer0 white (10)
do-glaze p23 glazer0 blue (20)
do-glaze p22 glazer0 white (10)
do-saw-small b18 p21 saw0 teak smooth s1 s0 (30)
do-glaze p21 glazer0 mauve (10)
do-saw-small b17 p20 saw0 teak smooth s8 s7 (30)
do-glaze p20 glazer1 red (10)
do-glaze p2 glazer0 blue (15)
do-glaze p18 glazer1 red (15)
do-plane p17 planer0 rough natural untreated (20)
do-grind p17 grinder0 smooth natural untreated untreated (30)
do-glaze p17 glazer0 black (15)
do-saw-small b17 p16 saw0 teak smooth s7 s6 (30)
do-grind p16 grinder0 smooth natural untreated untreated (15)
do-immersion-varnish p16 immersion-varnisher0 blue verysmooth (10)
do-glaze p14 glazer0 black (15)
do-saw-small b17 p13 saw0 teak smooth s6 s5 (30)
do-glaze p13 glazer1 green (10)
do-grind p12 grinder0 smooth natural untreated untreated (30)
do-glaze p103 glazer0 blue (20)
do-glaze p101 glazer1 red (10)
do-saw-medium b17 p10 saw0 teak smooth s5 s4 s3 (30)
do-plane p96 planer0 rough red glazed (30)
do-immersion-varnish p96 immersion-varnisher0 blue smooth (10)
do-plane p9 planer0 rough red glazed (10)
do-immersion-varnish p9 immersion-varnisher0 blue smooth (10)
do-grind p58 grinder0 smooth red glazed untreated (15)
do-immersion-varnish p58 immersion-varnisher0 blue verysmooth (10)
do-plane p33 planer0 rough black glazed (30)
do-immersion-varnish p33 immersion-varnisher0 blue smooth (10)
do-grind p23 grinder0 smooth blue glazed untreated (45)
do-immersion-varnish p23 immersion-varnisher0 blue verysmooth (10)
do-glaze p1 glazer1 red (15)
do-plane p0 planer0 rough natural untreated (30)
do-grind p0 grinder0 smooth natural untreated untreated (45)
do-glaze p0 glazer0 natural (20)
do-immersion-varnish p10 immersion-varnisher0 natural smooth (10)
do-glaze p102 glazer0 natural (15)
do-immersion-varnish p3 immersion-varnisher0 green smooth (10)
do-glaze p63 glazer0 natural (10)
do-immersion-varnish p88 immersion-varnisher0 natural smooth (10)
do-plane p34 planer0 smooth blue glazed (20)
do-immersion-varnish p34 immersion-varnisher0 blue smooth (10)
do-plane p47 planer0 smooth natural colourfragments (30)
do-immersion-varnish p47 immersion-varnisher0 blue smooth (10)
do-plane p48 planer0 smooth black glazed (20)
do-glaze p48 glazer0 mauve (15)
do-plane p92 planer0 smooth natural glazed (10)
do-glaze p92 glazer0 black (10)
do-immersion-varnish p4 immersion-varnisher0 natural verysmooth (10)
do-immersion-varnish p84 immersion-varnisher0 white smooth (10)
do-immersion-varnish p91 immersion-varnisher1 black smooth (10)
do-glaze p65 glazer0 natural (15)
do-plane p79 planer0 rough red glazed (30)
do-glaze p79 glazer0 white (20)
do-grind p78 grinder0 smooth blue glazed untreated (15)
do-glaze p78 glazer0 blue (10)
do-plane p90 planer0 rough black glazed (10)
do-glaze p90 glazer0 black (10)
do-grind p90 grinder0 smooth black glazed untreated (15)
do-glaze p90 glazer0 black (10)
do-plane p89 planer0 rough black glazed (10)
do-glaze p89 glazer0 black (10)
do-plane p59 planer0 rough white glazed (10)
do-glaze p59 glazer0 white (10)
do-grind p59 grinder0 smooth white glazed untreated (15)
do-glaze p59 glazer0 white (10)
do-plane p57 planer0 rough red glazed (30)
do-glaze p57 glazer1 red (20)
do-plane p49 planer0 rough mauve glazed (20)
do-glaze p49 glazer0 mauve (15)
do-plane p38 planer0 rough white glazed (30)
do-glaze p38 glazer0 white (20)
do-plane p36 planer0 rough white glazed (30)
do-glaze p36 glazer0 white (20)
do-grind p36 grinder0 smooth white glazed untreated (45)
do-glaze p36 glazer0 white (20)
do-plane p35 planer0 rough green glazed (20)
do-glaze p35 glazer1 green (15)
do-grind p35 grinder0 smooth green glazed untreated (30)
do-glaze p35 glazer1 green (15)
do-grind p21 grinder0 smooth mauve glazed untreated (15)
do-glaze p21 glazer0 mauve (10)
do-grind p14 grinder0 smooth black glazed untreated (30)
do-glaze p14 glazer0 black (15)
do-plane p85 planer0 rough white glazed (20)
do-glaze p85 glazer0 white (15)
do-plane p80 planer0 rough red glazed (20)
do-glaze p80 glazer1 red (15)
do-grind p80 grinder0 smooth red glazed untreated (30)
do-glaze p80 glazer1 red (15)
do-plane p75 planer0 rough red glazed (20)
do-glaze p75 glazer1 red (15)
do-plane p62 planer0 rough red glazed (10)
do-glaze p62 glazer1 red (10)
do-grind p62 grinder0 smooth red glazed untreated (15)
do-glaze p62 glazer1 red (10)
do-grind p22 grinder0 smooth white glazed untreated (15)
do-glaze p22 glazer0 white (10)
do-plane p103 planer0 rough blue glazed (30)
do-glaze p103 glazer0 blue (20)
do-plane p101 planer0 rough red glazed (10)
do-glaze p101 glazer1 red (10)
do-plane p96 planer0 smooth blue varnished (30)
do-immersion-varnish p96 immersion-varnisher1 red smooth (10)
do-plane p9 planer0 smooth blue varnished (10)
do-immersion-varnish p9 immersion-varnisher1 red smooth (10)
do-plane p33 planer0 smooth blue varnished (30)
do-immersion-varnish p33 immersion-varnisher1 black smooth (10)
do-plane p58 planer0 verysmooth blue varnished (10)
do-glaze p58 glazer1 red (10)
do-grind p58 grinder0 smooth red glazed untreated (15)
do-immersion-varnish p58 immersion-varnisher1 red verysmooth (10)
Plan length: 301 step(s).
Plan cost: 6255
Initial state h value: 461/347.
Expanded 142570 state(s).
Reopened 0 state(s).
Evaluated 142571 state(s).
Evaluations: 285142
Generated 177681329 state(s).
Dead ends: 0 state(s).
Best solution cost so far: 6255
Solution found - keep searching
Starting search: lazy_greedy(list(hff2, hlm2), preferred = list(hff2, hlm2), reopen_closed = false)
Conducting lazy best first search, (real) bound = 6255
Best heuristic value: 6031/8403 [g=0, 1 evaluated, 0 expanded, t=8745.15s]
Best heuristic value: 6020/8392 [g=10, 2 evaluated, 1 expanded, t=8745.26s]
Best heuristic value: 6014/8386 [g=15, 3 evaluated, 2 expanded, t=8745.38s]
Best heuristic value: 5952/8345 [g=45, 4 evaluated, 3 expanded, t=8745.49s]
