Dispatcher selected state size 1.
This is a nonunit task.
Simplifying transitions... done!
Initializing Exploration...
Generating landmarks using the RPG/SAS+ approach
approx. reasonable orders
approx. obedient reasonable orders
Removed 0 reasonable or obedient reasonable orders
Landmarks generation time: 16.4523s
Discovered 308 landmarks, of which 7 are disjunctive and 0 are conjunctive 
335 edges
Initializing LAMA-FF Synergy Object
Initializing landmarks count heuristic...
144 initial landmarks, 122 goal landmarks
Initializing Exploration...
Generating landmarks using the RPG/SAS+ approach
approx. reasonable orders
approx. obedient reasonable orders
Removed 0 reasonable or obedient reasonable orders
Landmarks generation time: 16.4174s
Discovered 308 landmarks, of which 7 are disjunctive and 0 are conjunctive 
335 edges
Initializing LAMA-FF Synergy Object
Initializing landmarks count heuristic...
144 initial landmarks, 122 goal landmarks
Starting search: lazy_greedy(list(hff1, hlm1), preferred = list(hff1, hlm1), cost_type = 1, reopen_closed = false)
Conducting lazy best first search, (real) bound = 2147483647
Best heuristic value: 164/125 [g=0, 1 evaluated, 0 expanded, t=35.02s]
Best heuristic value: 163/124 [g=1, 2 evaluated, 1 expanded, t=35.05s]
Best heuristic value: 162/123 [g=2, 3 evaluated, 2 expanded, t=35.07s]
Best heuristic value: 161/122 [g=3, 4 evaluated, 3 expanded, t=35.1s]
Best heuristic value: 160/122 [g=4, 5 evaluated, 4 expanded, t=35.13s]
Best heuristic value: 159/121 [g=5, 6 evaluated, 5 expanded, t=35.15s]
Best heuristic value: 156/119 [g=6, 9 evaluated, 8 expanded, t=35.23s]
Best heuristic value: 153/117 [g=7, 12 evaluated, 11 expanded, t=35.31s]
Best heuristic value: 150/115 [g=8, 15 evaluated, 14 expanded, t=35.39s]
Best heuristic value: 147/113 [g=9, 18 evaluated, 17 expanded, t=35.47s]
Best heuristic value: 145/111 [g=10, 21 evaluated, 20 expanded, t=35.55s]
Best heuristic value: 142/109 [g=11, 24 evaluated, 23 expanded, t=35.62s]
Best heuristic value: 137/106 [g=12, 27 evaluated, 26 expanded, t=35.69s]
Best heuristic value: 133/103 [g=13, 30 evaluated, 29 expanded, t=35.76s]
Best heuristic value: 129/100 [g=14, 33 evaluated, 32 expanded, t=35.83s]
Best heuristic value: 126/98 [g=15, 36 evaluated, 35 expanded, t=35.9s]
Best heuristic value: 123/96 [g=16, 39 evaluated, 38 expanded, t=35.97s]
Best heuristic value: 121/94 [g=17, 42 evaluated, 41 expanded, t=36.04s]
Best heuristic value: 119/92 [g=18, 45 evaluated, 44 expanded, t=36.1s]
Best heuristic value: 115/89 [g=19, 48 evaluated, 47 expanded, t=36.17s]
Best heuristic value: 112/87 [g=20, 51 evaluated, 50 expanded, t=36.23s]
Best heuristic value: 109/85 [g=21, 54 evaluated, 53 expanded, t=36.3s]
Best heuristic value: 106/83 [g=22, 57 evaluated, 56 expanded, t=36.37s]
Best heuristic value: 103/81 [g=23, 60 evaluated, 59 expanded, t=36.43s]
Best heuristic value: 101/80 [g=24, 63 evaluated, 62 expanded, t=36.49s]
Best heuristic value: 98/78 [g=25, 66 evaluated, 65 expanded, t=36.55s]
Best heuristic value: 97/77 [g=26, 69 evaluated, 68 expanded, t=36.61s]
Best heuristic value: 96/76 [g=27, 72 evaluated, 71 expanded, t=36.68s]
Best heuristic value: 95/75 [g=28, 75 evaluated, 74 expanded, t=36.74s]
Best heuristic value: 94/74 [g=29, 78 evaluated, 77 expanded, t=36.8s]
Best heuristic value: 92/73 [g=30, 81 evaluated, 80 expanded, t=36.86s]
Best heuristic value: 90/72 [g=31, 84 evaluated, 83 expanded, t=36.92s]
Best heuristic value: 89/71 [g=32, 87 evaluated, 86 expanded, t=36.98s]
Best heuristic value: 88/70 [g=33, 90 evaluated, 89 expanded, t=37.05s]
Best heuristic value: 86/69 [g=34, 93 evaluated, 92 expanded, t=37.11s]
Best heuristic value: 85/68 [g=35, 96 evaluated, 95 expanded, t=37.17s]
Best heuristic value: 83/67 [g=36, 99 evaluated, 98 expanded, t=37.23s]
Best heuristic value: 81/66 [g=37, 102 evaluated, 101 expanded, t=37.29s]
Best heuristic value: 79/64 [g=38, 105 evaluated, 104 expanded, t=37.35s]
Best heuristic value: 78/63 [g=39, 108 evaluated, 107 expanded, t=37.41s]
Best heuristic value: 77/62 [g=40, 113 evaluated, 112 expanded, t=37.51s]
Best heuristic value: 75/61 [g=41, 119 evaluated, 118 expanded, t=37.62s]
Best heuristic value: 74/60 [g=42, 125 evaluated, 124 expanded, t=37.74s]
Best heuristic value: 73/59 [g=43, 131 evaluated, 130 expanded, t=37.86s]
Best heuristic value: 72/58 [g=44, 137 evaluated, 136 expanded, t=37.98s]
Best heuristic value: 71/57 [g=45, 143 evaluated, 142 expanded, t=38.09s]
Best heuristic value: 70/56 [g=46, 149 evaluated, 148 expanded, t=38.21s]
Best heuristic value: 68/54 [g=47, 155 evaluated, 154 expanded, t=38.33s]
Best heuristic value: 66/53 [g=48, 162 evaluated, 161 expanded, t=38.47s]
Best heuristic value: 65/52 [g=49, 169 evaluated, 168 expanded, t=38.6s]
Best heuristic value: 64/51 [g=50, 177 evaluated, 176 expanded, t=38.76s]
Best heuristic value: 62/50 [g=51, 185 evaluated, 184 expanded, t=38.91s]
Best heuristic value: 61/49 [g=52, 193 evaluated, 192 expanded, t=39.07s]
Best heuristic value: 59/48 [g=53, 201 evaluated, 200 expanded, t=39.22s]
Best heuristic value: 58/47 [g=54, 209 evaluated, 208 expanded, t=39.37s]
Best heuristic value: 57/46 [g=55, 217 evaluated, 216 expanded, t=39.53s]
Best heuristic value: 56/45 [g=56, 225 evaluated, 224 expanded, t=39.68s]
Best heuristic value: 55/44 [g=57, 235 evaluated, 234 expanded, t=39.87s]
Best heuristic value: 54/43 [g=58, 245 evaluated, 244 expanded, t=40.06s]
Best heuristic value: 53/42 [g=59, 255 evaluated, 254 expanded, t=40.25s]
Best heuristic value: 52/41 [g=60, 265 evaluated, 264 expanded, t=40.44s]
Best heuristic value: 50/40 [g=61, 275 evaluated, 274 expanded, t=40.63s]
Best heuristic value: 49/39 [g=62, 285 evaluated, 284 expanded, t=40.82s]
Best heuristic value: 47/38 [g=63, 295 evaluated, 294 expanded, t=41.01s]
Best heuristic value: 46/37 [g=64, 305 evaluated, 304 expanded, t=41.2s]
Best heuristic value: 44/36 [g=65, 315 evaluated, 314 expanded, t=41.38s]
Best heuristic value: 42/35 [g=66, 325 evaluated, 324 expanded, t=41.58s]
Best heuristic value: 41/34 [g=67, 336 evaluated, 335 expanded, t=41.79s]
Best heuristic value: 40/33 [g=68, 347 evaluated, 346 expanded, t=41.99s]
Best heuristic value: 37/31 [g=69, 358 evaluated, 357 expanded, t=42.2s]
Best heuristic value: 36/30 [g=70, 369 evaluated, 368 expanded, t=42.41s]
Best heuristic value: 34/29 [g=71, 381 evaluated, 380 expanded, t=42.63s]
Best heuristic value: 32/28 [g=72, 393 evaluated, 392 expanded, t=42.85s]
Best heuristic value: 30/26 [g=73, 406 evaluated, 405 expanded, t=43.09s]
Best heuristic value: 30/25 [g=74, 419 evaluated, 418 expanded, t=43.33s]
Best heuristic value: 29/25 [g=74, 421 evaluated, 420 expanded, t=43.37s]
Best heuristic value: 27/24 [g=75, 445 evaluated, 444 expanded, t=43.81s]
Best heuristic value: 26/24 [g=76, 458 evaluated, 457 expanded, t=44.05s]
Best heuristic value: 26/23 [g=76, 460 evaluated, 459 expanded, t=44.08s]
Best heuristic value: 25/23 [g=77, 485 evaluated, 484 expanded, t=44.52s]
Best heuristic value: 25/22 [g=77, 488 evaluated, 487 expanded, t=44.57s]
Best heuristic value: 24/22 [g=78, 512 evaluated, 511 expanded, t=45s]
Best heuristic value: 22/21 [g=78, 515 evaluated, 514 expanded, t=45.05s]
Best heuristic value: 21/21 [g=79, 528 evaluated, 527 expanded, t=45.28s]
Best heuristic value: 21/20 [g=79, 530 evaluated, 529 expanded, t=45.32s]
Best heuristic value: 20/20 [g=80, 555 evaluated, 554 expanded, t=45.74s]
Best heuristic value: 20/19 [g=80, 558 evaluated, 557 expanded, t=45.79s]
Best heuristic value: 19/19 [g=81, 582 evaluated, 581 expanded, t=46.2s]
Best heuristic value: 19/18 [g=81, 585 evaluated, 584 expanded, t=46.25s]
Best heuristic value: 18/18 [g=82, 609 evaluated, 608 expanded, t=46.65s]
Best heuristic value: 18/17 [g=82, 612 evaluated, 611 expanded, t=46.7s]
Best heuristic value: 17/17 [g=83, 636 evaluated, 635 expanded, t=47.11s]
Best heuristic value: 17/16 [g=83, 643 evaluated, 642 expanded, t=47.23s]
Best heuristic value: 16/16 [g=84, 661 evaluated, 660 expanded, t=47.53s]
Best heuristic value: 15/14 [g=84, 672 evaluated, 671 expanded, t=47.72s]
Best heuristic value: 14/14 [g=85, 682 evaluated, 681 expanded, t=47.89s]
Best heuristic value: 14/13 [g=85, 692 evaluated, 691 expanded, t=48.05s]
Best heuristic value: 13/13 [g=86, 695 evaluated, 694 expanded, t=48.11s]
Best heuristic value: 12/11 [g=86, 715 evaluated, 714 expanded, t=48.44s]
Best heuristic value: 11/11 [g=87, 722 evaluated, 721 expanded, t=48.56s]
Best heuristic value: 10/11 [g=88, 730 evaluated, 729 expanded, t=48.69s]
Best heuristic value: 9/11 [g=90, 744 evaluated, 743 expanded, t=48.93s]
Best heuristic value: 9/10 [g=88, 748 evaluated, 747 expanded, t=49s]
Best heuristic value: 8/10 [g=92, 759 evaluated, 758 expanded, t=49.18s]
Best heuristic value: 7/9 [g=94, 775 evaluated, 774 expanded, t=49.45s]
Best heuristic value: 6/8 [g=96, 795 evaluated, 794 expanded, t=49.78s]
Best heuristic value: 5/7 [g=98, 812 evaluated, 811 expanded, t=50.06s]
Best heuristic value: 4/6 [g=100, 826 evaluated, 825 expanded, t=50.28s]
Best heuristic value: 3/5 [g=102, 840 evaluated, 839 expanded, t=50.51s]
Best heuristic value: 2/4 [g=104, 855 evaluated, 854 expanded, t=50.76s]
Best heuristic value: 1/2 [g=106, 19438 evaluated, 19437 expanded, t=358.21s]
Solution found!
Actual search time: 342.83s [t=377.82s]
do-plane p7 planer0 verysmooth mauve glazed (20)
do-plane p37 planer0 rough natural colourfragments (30)
do-grind p37 grinder0 smooth natural untreated untreated (45)
do-plane p28 planer0 rough green varnished (30)
do-glaze p28 glazer0 white (20)
do-saw-large b1 p0 saw0 cherry rough s6 s4 s5 s3 (30)
do-saw-large b5 p1 saw0 oak rough s3 s1 s2 s0 (30)
do-saw-large b2 p10 saw0 mahogany rough s7 s5 s6 s4 (30)
do-saw-large b7 p20 saw0 pine rough s5 s3 s4 s2 (30)
do-saw-large b12 p22 saw0 teak rough s4 s2 s3 s1 (30)
do-saw-large b1 p3 saw0 cherry rough s3 s1 s2 s0 (30)
do-saw-large b13 p32 saw0 beech smooth s10 s8 s9 s7 (30)
do-saw-large b0 p33 saw0 cherry smooth s11 s9 s10 s8 (30)
do-saw-large b0 p34 saw0 cherry smooth s8 s6 s7 s5 (30)
do-saw-large b6 p9 saw0 pine rough s9 s7 s8 s6 (30)
do-saw-small b12 p16 saw0 teak rough s1 s0 (30)
do-saw-medium b4 p18 saw0 oak rough s10 s9 s8 (30)
do-saw-medium b4 p2 saw0 oak rough s8 s7 s6 (30)
do-saw-medium b13 p21 saw0 beech smooth s7 s6 s5 (30)
do-saw-small b4 p24 saw0 oak rough s6 s5 (30)
do-saw-medium b11 p26 saw0 teak rough s10 s9 s8 (30)
do-saw-medium b7 p30 saw0 pine rough s2 s1 s0 (30)
do-saw-medium b2 p4 saw0 mahogany rough s4 s3 s2 (30)
do-saw-small b9 p6 saw0 walnut rough s2 s1 (30)
do-saw-small b6 p8 saw0 pine rough s6 s5 (30)
do-glaze p9 glazer0 white (20)
do-plane p8 planer0 rough natural untreated (10)
do-immersion-varnish p8 immersion-varnisher0 green smooth (10)
do-plane p6 planer0 rough natural untreated (10)
do-saw-small b9 p5 saw0 walnut rough s1 s0 (30)
do-glaze p5 glazer0 black (10)
do-plane p4 planer0 rough natural untreated (20)
do-glaze p4 glazer0 black (15)
do-saw-large b8 p36 saw0 walnut rough s7 s5 s6 s4 (30)
do-plane p36 planer0 rough natural untreated (30)
do-immersion-varnish p36 immersion-varnisher0 green smooth (10)
do-saw-small b8 p35 saw0 walnut rough s4 s3 (30)
do-glaze p35 glazer0 white (10)
do-grind p34 grinder0 smooth natural untreated untreated (45)
do-grind p32 grinder0 smooth natural untreated untreated (45)
do-saw-small b8 p31 saw0 walnut rough s3 s2 (30)
do-plane p31 planer0 rough natural untreated (10)
do-grind p31 grinder0 smooth natural untreated untreated (15)
do-glaze p31 glazer0 black (10)
do-plane p30 planer0 rough natural untreated (20)
do-immersion-varnish p30 immersion-varnisher0 green smooth (10)
do-glaze p3 glazer0 white (20)
do-saw-small b8 p29 saw0 walnut rough s2 s1 (30)
do-glaze p29 glazer1 mauve (10)
do-glaze p26 glazer1 blue (15)
do-saw-medium b6 p25 saw0 pine rough s5 s4 s3 (30)
do-plane p25 planer0 rough natural untreated (20)
do-saw-large b6 p23 saw0 pine rough s3 s1 s2 s0 (30)
do-plane p23 planer0 rough natural untreated (30)
do-immersion-varnish p23 immersion-varnisher0 green smooth (10)
do-plane p22 planer0 rough natural untreated (30)
do-plane p20 planer0 rough natural untreated (30)
do-grind p20 grinder0 smooth natural untreated untreated (45)
do-immersion-varnish p20 immersion-varnisher0 green verysmooth (10)
do-plane p2 planer0 rough natural untreated (20)
do-saw-small b8 p19 saw0 walnut rough s1 s0 (30)
do-plane p19 planer0 rough natural untreated (10)
do-immersion-varnish p19 immersion-varnisher0 green smooth (10)
do-plane p18 planer0 rough natural untreated (20)
do-saw-medium b4 p17 saw0 oak rough s5 s4 s3 (30)
do-glaze p17 glazer0 black (15)
do-plane p16 planer0 rough natural untreated (10)
do-immersion-varnish p16 immersion-varnisher0 green smooth (10)
do-saw-small b4 p15 saw0 oak rough s3 s2 (30)
do-plane p15 planer0 rough natural untreated (10)
do-saw-small b4 p14 saw0 oak rough s2 s1 (30)
do-glaze p14 glazer0 black (10)
do-saw-small b4 p13 saw0 oak rough s1 s0 (30)
do-glaze p13 glazer1 mauve (10)
do-saw-large b3 p12 saw0 oak smooth s6 s4 s5 s3 (30)
do-grind p12 grinder0 smooth natural untreated untreated (45)
do-glaze p12 glazer0 black (20)
do-saw-small b3 p11 saw0 oak smooth s3 s2 (30)
do-glaze p11 glazer2 red (10)
do-glaze p10 glazer1 mauve (20)
do-glaze p1 glazer0 black (20)
do-glaze p0 glazer0 black (20)
do-immersion-varnish p15 immersion-varnisher0 natural smooth (10)
do-immersion-varnish p21 immersion-varnisher0 mauve smooth (10)
do-glaze p32 glazer0 natural (20)
do-immersion-varnish p33 immersion-varnisher0 red smooth (10)
do-plane p13 planer0 rough mauve glazed (10)
do-immersion-varnish p13 immersion-varnisher0 green smooth (10)
do-grind p28 grinder0 smooth white glazed untreated (45)
do-glaze p28 glazer0 white (20)
do-grind p27 grinder0 smooth blue glazed untreated (15)
do-glaze p27 glazer0 black (10)
do-plane p29 planer0 rough mauve glazed (10)
do-glaze p29 glazer1 mauve (10)
do-plane p17 planer0 rough black glazed (20)
do-glaze p17 glazer0 black (15)
do-grind p17 grinder0 smooth black glazed untreated (30)
do-glaze p17 glazer0 black (15)
do-plane p14 planer0 rough black glazed (10)
do-glaze p14 glazer0 black (10)
do-grind p14 grinder0 smooth black glazed untreated (15)
do-glaze p14 glazer0 black (10)
do-plane p3 planer0 rough white glazed (30)
do-glaze p3 glazer0 white (20)
do-grind p28 grinder0 verysmooth white glazed untreated (45)
do-immersion-varnish p28 immersion-varnisher1 white verysmooth (10)
do-plane p13 planer0 smooth green varnished (10)
do-immersion-varnish p13 immersion-varnisher0 mauve smooth (10)
Plan length: 108 step(s).
Plan cost: 2375
Initial state h value: 164/125.
Expanded 20715 state(s).
Reopened 0 state(s).
Evaluated 20716 state(s).
Evaluations: 41432
Generated 11769455 state(s).
Dead ends: 0 state(s).
Best solution cost so far: 2375
Solution found - keep searching
Starting search: lazy_greedy(list(hff2, hlm2), preferred = list(hff2, hlm2), reopen_closed = false)
Conducting lazy best first search, (real) bound = 2375
Best heuristic value: 2134/3351 [g=0, 1 evaluated, 0 expanded, t=377.85s]
Best heuristic value: 2113/3330 [g=20, 2 evaluated, 1 expanded, t=377.88s]
Best heuristic value: 2082/3299 [g=50, 3 evaluated, 2 expanded, t=377.9s]
Best heuristic value: 2036/3253 [g=95, 4 evaluated, 3 expanded, t=377.93s]
Best heuristic value: 1975/3223 [g=125, 5 evaluated, 4 expanded, t=377.96s]
Best heuristic value: 1963/3201 [g=135, 6 evaluated, 5 expanded, t=377.99s]
Best heuristic value: 1929/3201 [g=180, 7 evaluated, 6 expanded, t=378.01s]
Best heuristic value: 1929/3196 [g=150, 8 evaluated, 7 expanded, t=378.04s]
Best heuristic value: 1914/3196 [g=195, 9 evaluated, 8 expanded, t=378.07s]
Best heuristic value: 1914/3185 [g=160, 11 evaluated, 10 expanded, t=378.12s]
Best heuristic value: 1913/3185 [g=205, 12 evaluated, 11 expanded, t=378.15s]
Best heuristic value: 1913/3123 [g=190, 14 evaluated, 13 expanded, t=378.2s]
Best heuristic value: 1880/3123 [g=235, 15 evaluated, 14 expanded, t=378.23s]
Best heuristic value: 1880/3061 [g=220, 17 evaluated, 16 expanded, t=378.28s]
Best heuristic value: 1847/3061 [g=265, 18 evaluated, 17 expanded, t=378.31s]
Best heuristic value: 1847/2999 [g=250, 20 evaluated, 19 expanded, t=378.36s]
Best heuristic value: 1814/2999 [g=295, 21 evaluated, 20 expanded, t=378.38s]
Best heuristic value: 1814/2937 [g=280, 23 evaluated, 22 expanded, t=378.43s]
Best heuristic value: 1781/2937 [g=325, 24 evaluated, 23 expanded, t=378.46s]
Best heuristic value: 1781/2875 [g=310, 26 evaluated, 25 expanded, t=378.51s]
Best heuristic value: 1759/2875 [g=355, 27 evaluated, 26 expanded, t=378.54s]
Best heuristic value: 1759/2813 [g=340, 29 evaluated, 28 expanded, t=378.59s]
Best heuristic value: 1726/2813 [g=385, 30 evaluated, 29 expanded, t=378.61s]
Best heuristic value: 1705/2720 [g=370, 32 evaluated, 31 expanded, t=378.66s]
Best heuristic value: 1671/2720 [g=415, 33 evaluated, 32 expanded, t=378.69s]
Best heuristic value: 1661/2617 [g=400, 35 evaluated, 34 expanded, t=378.73s]
Best heuristic value: 1627/2617 [g=445, 36 evaluated, 35 expanded, t=378.76s]
Best heuristic value: 1617/2524 [g=430, 38 evaluated, 37 expanded, t=378.81s]
Best heuristic value: 1583/2524 [g=475, 39 evaluated, 38 expanded, t=378.83s]
Best heuristic value: 1583/2462 [g=460, 41 evaluated, 40 expanded, t=378.87s]
Best heuristic value: 1550/2462 [g=505, 42 evaluated, 41 expanded, t=378.9s]
Best heuristic value: 1550/2380 [g=490, 44 evaluated, 43 expanded, t=378.94s]
Best heuristic value: 1517/2380 [g=535, 45 evaluated, 44 expanded, t=378.97s]
Best heuristic value: 1517/2308 [g=520, 47 evaluated, 46 expanded, t=379.01s]
Best heuristic value: 1495/2308 [g=565, 48 evaluated, 47 expanded, t=379.03s]
Best heuristic value: 1495/2236 [g=550, 50 evaluated, 49 expanded, t=379.08s]
Best heuristic value: 1473/2236 [g=595, 51 evaluated, 50 expanded, t=379.1s]
Best heuristic value: 1463/2138 [g=580, 53 evaluated, 52 expanded, t=379.15s]
Best heuristic value: 1429/2138 [g=625, 54 evaluated, 53 expanded, t=379.17s]
Best heuristic value: 1429/2076 [g=610, 56 evaluated, 55 expanded, t=379.21s]
Best heuristic value: 1396/2076 [g=655, 57 evaluated, 56 expanded, t=379.24s]
Best heuristic value: 1396/2014 [g=640, 59 evaluated, 58 expanded, t=379.28s]
Best heuristic value: 1363/2014 [g=685, 60 evaluated, 59 expanded, t=379.3s]
Best heuristic value: 1363/1942 [g=670, 62 evaluated, 61 expanded, t=379.35s]
Best heuristic value: 1330/1942 [g=715, 63 evaluated, 62 expanded, t=379.37s]
Best heuristic value: 1330/1870 [g=700, 65 evaluated, 64 expanded, t=379.41s]
Best heuristic value: 1297/1870 [g=745, 66 evaluated, 65 expanded, t=379.43s]
Best heuristic value: 1297/1819 [g=730, 68 evaluated, 67 expanded, t=379.47s]
Best heuristic value: 1275/1819 [g=775, 69 evaluated, 68 expanded, t=379.5s]
Best heuristic value: 1275/1737 [g=760, 71 evaluated, 70 expanded, t=379.54s]
Best heuristic value: 1242/1737 [g=805, 72 evaluated, 71 expanded, t=379.56s]
Best heuristic value: 1242/1716 [g=780, 74 evaluated, 73 expanded, t=379.6s]
Best heuristic value: 1231/1716 [g=825, 75 evaluated, 74 expanded, t=379.62s]
Best heuristic value: 1231/1705 [g=790, 77 evaluated, 76 expanded, t=379.67s]
Best heuristic value: 1220/1705 [g=835, 78 evaluated, 77 expanded, t=379.69s]
Best heuristic value: 1220/1699 [g=795, 80 evaluated, 79 expanded, t=379.73s]
Best heuristic value: 1214/1699 [g=840, 81 evaluated, 80 expanded, t=379.75s]
Best heuristic value: 1214/1688 [g=805, 83 evaluated, 82 expanded, t=379.79s]
Best heuristic value: 1203/1688 [g=850, 84 evaluated, 83 expanded, t=379.81s]
Best heuristic value: 1203/1657 [g=835, 86 evaluated, 85 expanded, t=379.85s]
Best heuristic value: 1181/1657 [g=880, 87 evaluated, 86 expanded, t=379.87s]
Best heuristic value: 1181/1646 [g=845, 89 evaluated, 88 expanded, t=379.92s]
Best heuristic value: 1159/1646 [g=890, 90 evaluated, 89 expanded, t=379.94s]
Best heuristic value: 1159/1625 [g=865, 92 evaluated, 91 expanded, t=379.98s]
Best heuristic value: 1148/1625 [g=910, 93 evaluated, 92 expanded, t=380s]
Best heuristic value: 1148/1609 [g=880, 95 evaluated, 94 expanded, t=380.04s]
Best heuristic value: 1132/1609 [g=925, 96 evaluated, 95 expanded, t=380.06s]
Best heuristic value: 1132/1578 [g=910, 98 evaluated, 97 expanded, t=380.1s]
Best heuristic value: 1110/1578 [g=955, 99 evaluated, 98 expanded, t=380.12s]
Best heuristic value: 1110/1547 [g=940, 101 evaluated, 100 expanded, t=380.16s]
Best heuristic value: 1099/1547 [g=985, 102 evaluated, 101 expanded, t=380.18s]
Best heuristic value: 1099/1536 [g=950, 104 evaluated, 103 expanded, t=380.23s]
Best heuristic value: 1077/1536 [g=995, 105 evaluated, 104 expanded, t=380.25s]
Best heuristic value: 1077/1505 [g=980, 107 evaluated, 106 expanded, t=380.29s]
Best heuristic value: 1055/1505 [g=1025, 108 evaluated, 107 expanded, t=380.31s]
Best heuristic value: 1055/1483 [g=990, 110 evaluated, 109 expanded, t=380.35s]
Best heuristic value: 1038/1483 [g=1035, 111 evaluated, 110 expanded, t=380.37s]
Best heuristic value: 1026/1437 [g=1035, 113 evaluated, 112 expanded, t=380.41s]
Best heuristic value: 992/1437 [g=1080, 114 evaluated, 113 expanded, t=380.43s]
Best heuristic value: 992/1415 [g=1045, 116 evaluated, 115 expanded, t=380.47s]
Best heuristic value: 970/1415 [g=1090, 117 evaluated, 116 expanded, t=380.49s]
Best heuristic value: 958/1369 [g=1090, 119 evaluated, 118 expanded, t=380.53s]
Best heuristic value: 924/1369 [g=1135, 120 evaluated, 119 expanded, t=380.55s]
Best heuristic value: 914/1369 [g=1155, 123 evaluated, 122 expanded, t=380.61s]
Best heuristic value: 914/1318 [g=1120, 124 evaluated, 123 expanded, t=380.63s]
Best heuristic value: 902/1318 [g=1165, 126 evaluated, 125 expanded, t=380.67s]
Best heuristic value: 892/1318 [g=1185, 129 evaluated, 128 expanded, t=380.72s]
Best heuristic value: 892/1307 [g=1130, 130 evaluated, 129 expanded, t=380.74s]
Best heuristic value: 891/1307 [g=1175, 132 evaluated, 131 expanded, t=380.78s]
Best heuristic value: 881/1307 [g=1195, 135 evaluated, 134 expanded, t=380.84s]
Best heuristic value: 881/1291 [g=1145, 136 evaluated, 135 expanded, t=380.86s]
Best heuristic value: 875/1291 [g=1190, 138 evaluated, 137 expanded, t=380.9s]
Best heuristic value: 865/1291 [g=1210, 141 evaluated, 140 expanded, t=380.95s]
Best heuristic value: 865/1280 [g=1155, 142 evaluated, 141 expanded, t=380.97s]
Best heuristic value: 864/1280 [g=1200, 144 evaluated, 143 expanded, t=381.02s]
Best heuristic value: 854/1280 [g=1220, 147 evaluated, 146 expanded, t=381.07s]
Best heuristic value: 854/1259 [g=1175, 148 evaluated, 147 expanded, t=381.09s]
Best heuristic value: 853/1259 [g=1220, 150 evaluated, 149 expanded, t=381.13s]
Best heuristic value: 843/1259 [g=1240, 153 evaluated, 152 expanded, t=381.19s]
Best heuristic value: 843/1248 [g=1185, 154 evaluated, 153 expanded, t=381.2s]
Best heuristic value: 842/1248 [g=1230, 156 evaluated, 155 expanded, t=381.24s]
Best heuristic value: 832/1248 [g=1250, 159 evaluated, 158 expanded, t=381.3s]
Best heuristic value: 832/1206 [g=1205, 160 evaluated, 159 expanded, t=381.32s]
Best heuristic value: 810/1206 [g=1250, 162 evaluated, 161 expanded, t=381.36s]
Best heuristic value: 800/1206 [g=1270, 165 evaluated, 164 expanded, t=381.41s]
Best heuristic value: 800/1155 [g=1235, 168 evaluated, 167 expanded, t=381.47s]
Best heuristic value: 788/1155 [g=1280, 170 evaluated, 169 expanded, t=381.51s]
Best heuristic value: 778/1155 [g=1300, 173 evaluated, 172 expanded, t=381.57s]
Best heuristic value: 778/1144 [g=1245, 176 evaluated, 175 expanded, t=381.63s]
Best heuristic value: 772/1144 [g=1310, 181 evaluated, 180 expanded, t=381.72s]
Best heuristic value: 772/1139 [g=1255, 184 evaluated, 183 expanded, t=381.77s]
Best heuristic value: 767/1139 [g=1320, 189 evaluated, 188 expanded, t=381.87s]
Best heuristic value: 767/1133 [g=1260, 192 evaluated, 191 expanded, t=381.92s]
Best heuristic value: 761/1133 [g=1325, 197 evaluated, 196 expanded, t=382.02s]
Best heuristic value: 761/1117 [g=1275, 200 evaluated, 199 expanded, t=382.07s]
Best heuristic value: 760/1117 [g=1320, 202 evaluated, 201 expanded, t=382.11s]
Best heuristic value: 750/1117 [g=1340, 205 evaluated, 204 expanded, t=382.17s]
Best heuristic value: 750/1076 [g=1305, 208 evaluated, 207 expanded, t=382.22s]
Best heuristic value: 738/1076 [g=1350, 210 evaluated, 209 expanded, t=382.26s]
Best heuristic value: 728/1076 [g=1370, 213 evaluated, 212 expanded, t=382.31s]
Best heuristic value: 728/1055 [g=1325, 216 evaluated, 215 expanded, t=382.37s]
Best heuristic value: 727/1055 [g=1370, 218 evaluated, 217 expanded, t=382.4s]
Best heuristic value: 717/1055 [g=1390, 221 evaluated, 220 expanded, t=382.46s]
Best heuristic value: 717/1024 [g=1355, 224 evaluated, 223 expanded, t=382.51s]
Best heuristic value: 705/1024 [g=1400, 226 evaluated, 225 expanded, t=382.55s]
Best heuristic value: 695/1024 [g=1420, 229 evaluated, 228 expanded, t=382.61s]
Best heuristic value: 695/993 [g=1385, 232 evaluated, 231 expanded, t=382.66s]
Best heuristic value: 694/993 [g=1430, 234 evaluated, 233 expanded, t=382.7s]
Best heuristic value: 684/993 [g=1450, 237 evaluated, 236 expanded, t=382.75s]
Best heuristic value: 684/982 [g=1395, 240 evaluated, 239 expanded, t=382.81s]
Best heuristic value: 683/982 [g=1440, 242 evaluated, 241 expanded, t=382.84s]
Best heuristic value: 673/982 [g=1460, 245 evaluated, 244 expanded, t=382.9s]
Best heuristic value: 673/951 [g=1425, 248 evaluated, 247 expanded, t=382.95s]
Best heuristic value: 672/951 [g=1470, 250 evaluated, 249 expanded, t=382.99s]
Best heuristic value: 662/951 [g=1490, 253 evaluated, 252 expanded, t=383.04s]
Best heuristic value: 662/929 [g=1435, 256 evaluated, 255 expanded, t=383.1s]
Best heuristic value: 650/929 [g=1480, 258 evaluated, 257 expanded, t=383.13s]
Best heuristic value: 640/929 [g=1500, 261 evaluated, 260 expanded, t=383.19s]
Best heuristic value: 640/898 [g=1465, 264 evaluated, 263 expanded, t=383.24s]
Best heuristic value: 639/898 [g=1510, 266 evaluated, 265 expanded, t=383.28s]
Best heuristic value: 629/898 [g=1530, 269 evaluated, 268 expanded, t=383.33s]
Best heuristic value: 627/852 [g=1510, 272 evaluated, 271 expanded, t=383.39s]
Best heuristic value: 593/852 [g=1555, 273 evaluated, 272 expanded, t=383.41s]
Best heuristic value: 583/852 [g=1575, 276 evaluated, 275 expanded, t=383.46s]
Best heuristic value: 583/841 [g=1520, 279 evaluated, 278 expanded, t=383.51s]
Best heuristic value: 582/841 [g=1565, 281 evaluated, 280 expanded, t=383.55s]
Best heuristic value: 572/841 [g=1585, 284 evaluated, 283 expanded, t=383.61s]
Best heuristic value: 572/820 [g=1540, 287 evaluated, 286 expanded, t=383.66s]
Best heuristic value: 571/820 [g=1585, 289 evaluated, 288 expanded, t=383.7s]
Best heuristic value: 561/820 [g=1605, 292 evaluated, 291 expanded, t=383.75s]
Best heuristic value: 561/769 [g=1570, 295 evaluated, 294 expanded, t=383.81s]
Best heuristic value: 549/769 [g=1615, 297 evaluated, 296 expanded, t=383.84s]
Best heuristic value: 539/769 [g=1635, 300 evaluated, 299 expanded, t=383.9s]
Best heuristic value: 539/758 [g=1580, 303 evaluated, 302 expanded, t=383.95s]
Best heuristic value: 538/758 [g=1625, 305 evaluated, 304 expanded, t=383.99s]
Best heuristic value: 528/758 [g=1645, 308 evaluated, 307 expanded, t=384.04s]
Best heuristic value: 528/746 [g=1585, 311 evaluated, 310 expanded, t=384.1s]
Best heuristic value: 526/746 [g=1630, 313 evaluated, 312 expanded, t=384.13s]
Best heuristic value: 516/746 [g=1650, 316 evaluated, 315 expanded, t=384.19s]
Best heuristic value: 516/725 [g=1605, 319 evaluated, 318 expanded, t=384.24s]
Best heuristic value: 515/725 [g=1650, 321 evaluated, 320 expanded, t=384.28s]
Best heuristic value: 505/725 [g=1670, 324 evaluated, 323 expanded, t=384.33s]
Best heuristic value: 505/684 [g=1635, 327 evaluated, 326 expanded, t=384.39s]
Best heuristic value: 493/684 [g=1680, 329 evaluated, 328 expanded, t=384.42s]
Best heuristic value: 483/684 [g=1700, 332 evaluated, 331 expanded, t=384.48s]
Best heuristic value: 483/668 [g=1650, 335 evaluated, 334 expanded, t=384.53s]
Best heuristic value: 461/668 [g=1695, 337 evaluated, 336 expanded, t=384.57s]
Best heuristic value: 451/668 [g=1715, 340 evaluated, 339 expanded, t=384.63s]
Best heuristic value: 451/663 [g=1670, 343 evaluated, 342 expanded, t=384.68s]
Best heuristic value: 440/663 [g=1725, 350 evaluated, 349 expanded, t=384.8s]
Best heuristic value: 440/647 [g=1685, 351 evaluated, 350 expanded, t=384.82s]
Best heuristic value: 440/632 [g=1715, 359 evaluated, 358 expanded, t=384.97s]
Best heuristic value: 434/632 [g=1730, 360 evaluated, 359 expanded, t=384.99s]
Best heuristic value: 434/616 [g=1730, 367 evaluated, 366 expanded, t=385.12s]
Best heuristic value: 419/616 [g=1775, 369 evaluated, 368 expanded, t=385.15s]
Best heuristic value: 409/616 [g=1795, 372 evaluated, 371 expanded, t=385.2s]
Best heuristic value: 409/605 [g=1740, 375 evaluated, 374 expanded, t=385.26s]
Best heuristic value: 408/605 [g=1785, 377 evaluated, 376 expanded, t=385.29s]
Best heuristic value: 398/605 [g=1805, 380 evaluated, 379 expanded, t=385.35s]
Best heuristic value: 398/599 [g=1745, 383 evaluated, 382 expanded, t=385.4s]
Best heuristic value: 392/599 [g=1810, 388 evaluated, 387 expanded, t=385.49s]
Best heuristic value: 392/517 [g=1775, 391 evaluated, 390 expanded, t=385.55s]
Best heuristic value: 369/517 [g=1820, 393 evaluated, 392 expanded, t=385.58s]
Best heuristic value: 359/517 [g=1840, 396 evaluated, 395 expanded, t=385.64s]
Best heuristic value: 359/506 [g=1785, 399 evaluated, 398 expanded, t=385.69s]
Best heuristic value: 358/506 [g=1830, 401 evaluated, 400 expanded, t=385.73s]
Best heuristic value: 348/506 [g=1850, 404 evaluated, 403 expanded, t=385.78s]
Best heuristic value: 348/455 [g=1815, 409 evaluated, 408 expanded, t=385.87s]
Best heuristic value: 336/455 [g=1860, 411 evaluated, 410 expanded, t=385.9s]
Best heuristic value: 326/455 [g=1880, 414 evaluated, 413 expanded, t=385.96s]
Best heuristic value: 326/444 [g=1825, 419 evaluated, 418 expanded, t=386.04s]
Best heuristic value: 314/444 [g=1870, 421 evaluated, 420 expanded, t=386.08s]
Best heuristic value: 304/444 [g=1890, 424 evaluated, 423 expanded, t=386.14s]
Best heuristic value: 304/362 [g=1855, 431 evaluated, 430 expanded, t=386.26s]
Best heuristic value: 292/362 [g=1900, 433 evaluated, 432 expanded, t=386.3s]
Best heuristic value: 282/362 [g=1920, 436 evaluated, 435 expanded, t=386.35s]
Best heuristic value: 282/351 [g=1865, 443 evaluated, 442 expanded, t=386.47s]
Best heuristic value: 271/351 [g=1930, 450 evaluated, 449 expanded, t=386.59s]
Best heuristic value: 271/346 [g=1875, 455 evaluated, 454 expanded, t=386.68s]
Best heuristic value: 259/346 [g=1935, 462 evaluated, 461 expanded, t=386.8s]
Best heuristic value: 259/334 [g=1880, 467 evaluated, 466 expanded, t=386.9s]
Best heuristic value: 226/320 [g=1965, 474 evaluated, 473 expanded, t=387.02s]
Best heuristic value: 180/274 [g=2010, 480 evaluated, 479 expanded, t=387.12s]
Best heuristic value: 159/253 [g=2030, 486 evaluated, 485 expanded, t=387.22s]
Best heuristic value: 126/217 [g=2060, 492 evaluated, 491 expanded, t=387.32s]
Best heuristic value: 120/211 [g=2065, 498 evaluated, 497 expanded, t=387.41s]
Best heuristic value: 109/190 [g=2085, 504 evaluated, 503 expanded, t=387.5s]
Best heuristic value: 88/169 [g=2105, 510 evaluated, 509 expanded, t=387.59s]
Best heuristic value: 67/148 [g=2125, 516 evaluated, 515 expanded, t=387.68s]
Best heuristic value: 61/142 [g=2135, 524 evaluated, 523 expanded, t=387.8s]
Best heuristic value: 50/131 [g=2155, 533 evaluated, 532 expanded, t=387.94s]
Best heuristic value: 50/126 [g=2170, 537 evaluated, 536 expanded, t=388s]
Best heuristic value: 34/115 [g=2180, 541 evaluated, 540 expanded, t=388.06s]
Best heuristic value: 34/108 [g=2220, 557 evaluated, 556 expanded, t=388.31s]
Best heuristic value: 34/84 [g=2255, 570 evaluated, 569 expanded, t=388.51s]
Best heuristic value: 22/62 [g=2265, 571 evaluated, 570 expanded, t=388.52s]
Best heuristic value: 22/52 [g=2340, 590 evaluated, 589 expanded, t=388.8s]
