Parsing... [0.020s CPU, 0.033s wall-clock]
Normalizing task... [0.000s CPU, 0.001s wall-clock]
Instantiating...
Generating Datalog program... [0.000s CPU, 0.004s wall-clock]
Normalizing Datalog program...
Normalizing Datalog program: [0.020s CPU, 0.017s wall-clock]
Preparing model... [0.020s CPU, 0.015s wall-clock]
Generated 198 rules.
Computing model... [1.970s CPU, 1.966s wall-clock]
36621 relevant atoms
21104 auxiliary atoms
57725 final queue length
210450 total queue pushes
Completing instantiation... [9.650s CPU, 9.652s wall-clock]
Instantiating: [11.710s CPU, 11.702s wall-clock]
Computing fact groups...
Finding invariants...
24 initial candidates
Finding invariants: [0.120s CPU, 0.116s wall-clock]
Checking invariant weight... [0.000s CPU, 0.005s wall-clock]
Instantiating groups... [0.060s CPU, 0.057s wall-clock]
Collecting mutex groups... [0.000s CPU, 0.002s wall-clock]
Choosing groups...
336 uncovered facts
Choosing groups: [0.010s CPU, 0.006s wall-clock]
Building translation key... [0.000s CPU, 0.004s wall-clock]
Computing fact groups: [0.200s CPU, 0.203s wall-clock]
Building STRIPS to SAS dictionary... [0.000s CPU, 0.002s wall-clock]
Building dictionary for full mutex groups... [0.010s CPU, 0.002s wall-clock]
Building mutex information...
Building mutex information: [0.000s CPU, 0.003s wall-clock]
Translating task...
Processing axioms...
Simplifying axioms... [0.000s CPU, 0.000s wall-clock]
Processing axioms: [0.370s CPU, 0.373s wall-clock]
Translating task: [4.740s CPU, 4.738s wall-clock]
12588 implied effects removed
1710 effect conditions simplified
0 implied preconditions added
Detecting unreachable propositions...
228 operators removed
149 propositions removed
Detecting unreachable propositions: [0.940s CPU, 0.941s wall-clock]
Translator variables: 441
Translator derived variables: 0
Translator facts: 1388
Translator mutex groups: 175
Translator total mutex groups size: 884
Translator operators: 34860
Translator task size: 311959
Translator peak memory: 342228 KB
Writing output... [0.840s CPU, 0.843s wall-clock]
Done! [18.930s CPU, 18.936s wall-clock]
