Parsing... [0.020s CPU, 0.032s wall-clock]
Normalizing task... [0.010s CPU, 0.001s wall-clock]
Instantiating...
Generating Datalog program... [0.000s CPU, 0.004s wall-clock]
Normalizing Datalog program...
Normalizing Datalog program: [0.010s CPU, 0.016s wall-clock]
Preparing model... [0.020s CPU, 0.015s wall-clock]
Generated 198 rules.
Computing model... [2.300s CPU, 2.301s wall-clock]
42834 relevant atoms
23810 auxiliary atoms
66644 final queue length
246033 total queue pushes
Completing instantiation... [11.290s CPU, 11.287s wall-clock]
Instantiating: [13.670s CPU, 13.677s wall-clock]
Computing fact groups...
Finding invariants...
24 initial candidates
Finding invariants: [0.120s CPU, 0.120s wall-clock]
Checking invariant weight... [0.010s CPU, 0.004s wall-clock]
Instantiating groups... [0.070s CPU, 0.072s wall-clock]
Collecting mutex groups... [0.010s CPU, 0.002s wall-clock]
Choosing groups...
392 uncovered facts
Choosing groups: [0.000s CPU, 0.007s wall-clock]
Building translation key... [0.010s CPU, 0.004s wall-clock]
Computing fact groups: [0.230s CPU, 0.225s wall-clock]
Building STRIPS to SAS dictionary... [0.000s CPU, 0.003s wall-clock]
Building dictionary for full mutex groups... [0.000s CPU, 0.003s wall-clock]
Building mutex information...
Building mutex information: [0.000s CPU, 0.004s wall-clock]
Translating task...
Processing axioms...
Simplifying axioms... [0.000s CPU, 0.000s wall-clock]
Processing axioms: [0.420s CPU, 0.422s wall-clock]
Translating task: [5.490s CPU, 5.487s wall-clock]
14553 implied effects removed
2684 effect conditions simplified
0 implied preconditions added
Detecting unreachable propositions...
264 operators removed
185 propositions removed
Detecting unreachable propositions: [1.060s CPU, 1.059s wall-clock]
Translator variables: 509
Translator derived variables: 0
Translator facts: 1584
Translator mutex groups: 201
Translator total mutex groups size: 1002
Translator operators: 40848
Translator task size: 365593
Translator peak memory: 395400 KB
Writing output... [0.970s CPU, 0.958s wall-clock]
Done! [21.960s CPU, 21.968s wall-clock]
