Parsing... [0.020s CPU, 0.028s wall-clock]
Normalizing task... [0.000s CPU, 0.001s wall-clock]
Instantiating...
Generating Datalog program... [0.000s CPU, 0.004s wall-clock]
Normalizing Datalog program...
Normalizing Datalog program: [0.020s CPU, 0.017s wall-clock]
Preparing model... [0.020s CPU, 0.016s wall-clock]
Generated 198 rules.
Computing model... [2.420s CPU, 2.428s wall-clock]
45440 relevant atoms
25392 auxiliary atoms
70832 final queue length
257712 total queue pushes
Completing instantiation... [11.950s CPU, 11.941s wall-clock]
Instantiating: [14.460s CPU, 14.460s wall-clock]
Computing fact groups...
Finding invariants...
24 initial candidates
Finding invariants: [0.120s CPU, 0.124s wall-clock]
Checking invariant weight... [0.010s CPU, 0.005s wall-clock]
Instantiating groups... [0.080s CPU, 0.084s wall-clock]
Collecting mutex groups... [0.000s CPU, 0.002s wall-clock]
Choosing groups...
447 uncovered facts
Choosing groups: [0.010s CPU, 0.007s wall-clock]
Building translation key... [0.000s CPU, 0.005s wall-clock]
Computing fact groups: [0.240s CPU, 0.245s wall-clock]
Building STRIPS to SAS dictionary... [0.010s CPU, 0.004s wall-clock]
Building dictionary for full mutex groups... [0.000s CPU, 0.003s wall-clock]
Building mutex information...
Building mutex information: [0.000s CPU, 0.003s wall-clock]
Translating task...
Processing axioms...
Simplifying axioms... [0.000s CPU, 0.000s wall-clock]
Processing axioms: [0.440s CPU, 0.436s wall-clock]
Translating task: [6.420s CPU, 6.423s wall-clock]
16287 implied effects removed
2700 effect conditions simplified
0 implied preconditions added
Detecting unreachable propositions...
300 operators removed
227 propositions removed
Detecting unreachable propositions: [1.150s CPU, 1.146s wall-clock]
Translator variables: 567
Translator derived variables: 0
Translator facts: 1718
Translator mutex groups: 217
Translator total mutex groups size: 1054
Translator operators: 43286
Translator task size: 382900
Translator peak memory: 411592 KB
Writing output... [0.970s CPU, 0.978s wall-clock]
Done! [23.790s CPU, 23.813s wall-clock]
