Dispatcher selected state size 1.
This is a nonunit task.
Simplifying transitions... done!
Initializing Exploration...
Generating landmarks using the RPG/SAS+ approach
approx. reasonable orders
approx. obedient reasonable orders
Removed 0 reasonable or obedient reasonable orders
Landmarks generation time: 26.6491s
Discovered 421 landmarks, of which 7 are disjunctive and 0 are conjunctive 
465 edges
Initializing LAMA-FF Synergy Object
Initializing landmarks count heuristic...
201 initial landmarks, 160 goal landmarks
Initializing Exploration...
Generating landmarks using the RPG/SAS+ approach
approx. reasonable orders
approx. obedient reasonable orders
Removed 0 reasonable or obedient reasonable orders
Landmarks generation time: 26.8521s
Discovered 421 landmarks, of which 7 are disjunctive and 0 are conjunctive 
465 edges
Initializing LAMA-FF Synergy Object
Initializing landmarks count heuristic...
201 initial landmarks, 160 goal landmarks
Starting search: lazy_greedy(list(hff1, hlm1), preferred = list(hff1, hlm1), cost_type = 1, reopen_closed = false)
Conducting lazy best first search, (real) bound = 2147483647
Best heuristic value: 220/178 [g=0, 1 evaluated, 0 expanded, t=56.1s]
Best heuristic value: 219/177 [g=1, 2 evaluated, 1 expanded, t=56.13s]
Best heuristic value: 218/176 [g=2, 4 evaluated, 3 expanded, t=56.2s]
Best heuristic value: 217/175 [g=3, 6 evaluated, 5 expanded, t=56.26s]
Best heuristic value: 216/174 [g=4, 8 evaluated, 7 expanded, t=56.33s]
Best heuristic value: 215/173 [g=5, 10 evaluated, 9 expanded, t=56.4s]
Best heuristic value: 214/172 [g=6, 12 evaluated, 11 expanded, t=56.46s]
Best heuristic value: 213/171 [g=7, 15 evaluated, 14 expanded, t=56.56s]
Best heuristic value: 211/169 [g=8, 19 evaluated, 18 expanded, t=56.69s]
Best heuristic value: 210/168 [g=9, 24 evaluated, 23 expanded, t=56.86s]
Best heuristic value: 208/166 [g=10, 29 evaluated, 28 expanded, t=57.02s]
Best heuristic value: 207/165 [g=11, 35 evaluated, 34 expanded, t=57.22s]
Best heuristic value: 206/164 [g=12, 41 evaluated, 40 expanded, t=57.42s]
Best heuristic value: 205/163 [g=13, 47 evaluated, 46 expanded, t=57.62s]
Best heuristic value: 203/162 [g=14, 54 evaluated, 53 expanded, t=57.85s]
Best heuristic value: 202/161 [g=15, 61 evaluated, 60 expanded, t=58.08s]
Best heuristic value: 199/159 [g=16, 68 evaluated, 67 expanded, t=58.31s]
Best heuristic value: 196/157 [g=17, 75 evaluated, 74 expanded, t=58.54s]
Best heuristic value: 193/155 [g=18, 82 evaluated, 81 expanded, t=58.77s]
Best heuristic value: 189/152 [g=19, 89 evaluated, 88 expanded, t=58.99s]
Best heuristic value: 185/149 [g=20, 96 evaluated, 95 expanded, t=59.21s]
Best heuristic value: 181/146 [g=21, 103 evaluated, 102 expanded, t=59.43s]
Best heuristic value: 179/144 [g=22, 110 evaluated, 109 expanded, t=59.65s]
Best heuristic value: 176/142 [g=23, 117 evaluated, 116 expanded, t=59.86s]
Best heuristic value: 172/142 [g=24, 124 evaluated, 123 expanded, t=60.07s]
Best heuristic value: 172/140 [g=24, 126 evaluated, 125 expanded, t=60.13s]
Best heuristic value: 169/140 [g=25, 137 evaluated, 136 expanded, t=60.46s]
Best heuristic value: 169/138 [g=25, 141 evaluated, 140 expanded, t=60.58s]
Best heuristic value: 166/138 [g=26, 150 evaluated, 149 expanded, t=60.85s]
Best heuristic value: 166/136 [g=26, 156 evaluated, 155 expanded, t=61.03s]
Best heuristic value: 162/136 [g=27, 163 evaluated, 162 expanded, t=61.23s]
Best heuristic value: 162/135 [g=27, 171 evaluated, 170 expanded, t=61.46s]
Best heuristic value: 160/134 [g=28, 176 evaluated, 175 expanded, t=61.61s]
Best heuristic value: 157/132 [g=29, 183 evaluated, 182 expanded, t=61.81s]
Best heuristic value: 154/130 [g=30, 190 evaluated, 189 expanded, t=62.01s]
Best heuristic value: 151/128 [g=31, 197 evaluated, 196 expanded, t=62.21s]
Best heuristic value: 149/126 [g=32, 204 evaluated, 203 expanded, t=62.4s]
Best heuristic value: 146/124 [g=33, 211 evaluated, 210 expanded, t=62.59s]
Best heuristic value: 143/122 [g=34, 218 evaluated, 217 expanded, t=62.79s]
Best heuristic value: 141/121 [g=35, 225 evaluated, 224 expanded, t=62.98s]
Best heuristic value: 140/120 [g=36, 232 evaluated, 231 expanded, t=63.17s]
Best heuristic value: 139/119 [g=37, 239 evaluated, 238 expanded, t=63.35s]
Best heuristic value: 137/118 [g=38, 246 evaluated, 245 expanded, t=63.55s]
Best heuristic value: 136/117 [g=39, 253 evaluated, 252 expanded, t=63.73s]
Best heuristic value: 135/116 [g=40, 261 evaluated, 260 expanded, t=63.94s]
Best heuristic value: 133/115 [g=41, 270 evaluated, 269 expanded, t=64.18s]
Best heuristic value: 132/114 [g=42, 279 evaluated, 278 expanded, t=64.42s]
Best heuristic value: 130/113 [g=43, 289 evaluated, 288 expanded, t=64.68s]
Best heuristic value: 130/112 [g=44, 299 evaluated, 298 expanded, t=64.94s]
Best heuristic value: 129/112 [g=44, 301 evaluated, 300 expanded, t=64.99s]
Best heuristic value: 128/111 [g=45, 319 evaluated, 318 expanded, t=65.46s]
Best heuristic value: 127/111 [g=46, 329 evaluated, 328 expanded, t=65.72s]
Best heuristic value: 127/110 [g=46, 331 evaluated, 330 expanded, t=65.77s]
Best heuristic value: 126/110 [g=47, 350 evaluated, 349 expanded, t=66.26s]
Best heuristic value: 126/109 [g=47, 355 evaluated, 354 expanded, t=66.38s]
Best heuristic value: 125/109 [g=48, 373 evaluated, 372 expanded, t=66.84s]
Best heuristic value: 124/107 [g=48, 378 evaluated, 377 expanded, t=66.97s]
Best heuristic value: 123/107 [g=49, 388 evaluated, 387 expanded, t=67.22s]
Best heuristic value: 123/106 [g=49, 394 evaluated, 393 expanded, t=67.38s]
Best heuristic value: 122/106 [g=50, 409 evaluated, 408 expanded, t=67.76s]
Best heuristic value: 122/105 [g=50, 422 evaluated, 421 expanded, t=68.08s]
Best heuristic value: 121/105 [g=51, 430 evaluated, 429 expanded, t=68.29s]
Best heuristic value: 121/103 [g=51, 449 evaluated, 448 expanded, t=68.77s]
Best heuristic value: 120/103 [g=52, 454 evaluated, 453 expanded, t=68.9s]
Best heuristic value: 119/103 [g=53, 478 evaluated, 477 expanded, t=69.51s]
Best heuristic value: 119/102 [g=52, 479 evaluated, 478 expanded, t=69.53s]
Best heuristic value: 118/102 [g=54, 505 evaluated, 504 expanded, t=70.19s]
Best heuristic value: 118/101 [g=53, 508 evaluated, 507 expanded, t=70.27s]
Best heuristic value: 117/101 [g=55, 533 evaluated, 532 expanded, t=70.9s]
Best heuristic value: 117/100 [g=54, 540 evaluated, 539 expanded, t=71.08s]
Best heuristic value: 116/100 [g=55, 560 evaluated, 559 expanded, t=71.59s]
Best heuristic value: 116/99 [g=55, 572 evaluated, 571 expanded, t=71.89s]
Best heuristic value: 115/99 [g=56, 581 evaluated, 580 expanded, t=72.11s]
Best heuristic value: 114/99 [g=57, 602 evaluated, 601 expanded, t=72.63s]
Best heuristic value: 114/98 [g=56, 603 evaluated, 602 expanded, t=72.66s]
Best heuristic value: 113/98 [g=58, 626 evaluated, 625 expanded, t=73.24s]
Best heuristic value: 113/97 [g=57, 635 evaluated, 634 expanded, t=73.47s]
Best heuristic value: 112/97 [g=59, 650 evaluated, 649 expanded, t=73.84s]
Best heuristic value: 112/96 [g=58, 667 evaluated, 666 expanded, t=74.27s]
Best heuristic value: 111/96 [g=60, 675 evaluated, 674 expanded, t=74.47s]
Best heuristic value: 111/95 [g=59, 698 evaluated, 697 expanded, t=75.03s]
Best heuristic value: 110/95 [g=61, 703 evaluated, 702 expanded, t=75.16s]
Best heuristic value: 110/94 [g=60, 730 evaluated, 729 expanded, t=75.84s]
Best heuristic value: 109/94 [g=62, 731 evaluated, 730 expanded, t=75.86s]
Best heuristic value: 108/92 [g=61, 761 evaluated, 760 expanded, t=76.61s]
Best heuristic value: 107/92 [g=62, 771 evaluated, 770 expanded, t=76.86s]
Best heuristic value: 106/90 [g=62, 785 evaluated, 784 expanded, t=77.21s]
Best heuristic value: 105/90 [g=63, 795 evaluated, 794 expanded, t=77.46s]
Best heuristic value: 105/89 [g=63, 811 evaluated, 810 expanded, t=77.85s]
Best heuristic value: 104/89 [g=64, 816 evaluated, 815 expanded, t=77.98s]
Best heuristic value: 103/89 [g=65, 837 evaluated, 836 expanded, t=78.49s]
Best heuristic value: 103/88 [g=64, 846 evaluated, 845 expanded, t=78.72s]
Best heuristic value: 102/88 [g=66, 861 evaluated, 860 expanded, t=79.08s]
Best heuristic value: 101/86 [g=65, 882 evaluated, 881 expanded, t=79.6s]
Best heuristic value: 100/86 [g=66, 892 evaluated, 891 expanded, t=79.85s]
Best heuristic value: 99/85 [g=66, 908 evaluated, 907 expanded, t=80.24s]
Best heuristic value: 98/85 [g=67, 918 evaluated, 917 expanded, t=80.48s]
Best heuristic value: 98/84 [g=67, 934 evaluated, 933 expanded, t=80.87s]
Best heuristic value: 97/84 [g=68, 939 evaluated, 938 expanded, t=80.99s]
Best heuristic value: 96/84 [g=69, 960 evaluated, 959 expanded, t=81.5s]
Best heuristic value: 96/83 [g=68, 971 evaluated, 970 expanded, t=81.77s]
Best heuristic value: 95/83 [g=70, 984 evaluated, 983 expanded, t=82.08s]
Best heuristic value: 94/83 [g=71, 1008 evaluated, 1007 expanded, t=82.67s]
Best heuristic value: 94/82 [g=69, 1009 evaluated, 1008 expanded, t=82.69s]
Best heuristic value: 93/82 [g=72, 1033 evaluated, 1032 expanded, t=83.27s]
Best heuristic value: 93/80 [g=70, 1046 evaluated, 1045 expanded, t=83.58s]
Best heuristic value: 92/80 [g=73, 1061 evaluated, 1060 expanded, t=83.95s]
Best heuristic value: 92/79 [g=71, 1084 evaluated, 1083 expanded, t=84.51s]
Best heuristic value: 91/79 [g=74, 1089 evaluated, 1088 expanded, t=84.63s]
Best heuristic value: 91/78 [g=72, 1121 evaluated, 1120 expanded, t=85.4s]
Best heuristic value: 90/78 [g=75, 1126 evaluated, 1125 expanded, t=85.52s]
Best heuristic value: 90/77 [g=73, 1161 evaluated, 1160 expanded, t=86.37s]
Best heuristic value: 89/77 [g=76, 1166 evaluated, 1165 expanded, t=86.49s]
Best heuristic value: 89/76 [g=74, 1201 evaluated, 1200 expanded, t=87.33s]
Best heuristic value: 87/76 [g=77, 1206 evaluated, 1205 expanded, t=87.45s]
Best heuristic value: 87/75 [g=75, 1241 evaluated, 1240 expanded, t=88.28s]
Best heuristic value: 85/75 [g=78, 1246 evaluated, 1245 expanded, t=88.4s]
Best heuristic value: 85/74 [g=76, 1281 evaluated, 1280 expanded, t=89.24s]
Best heuristic value: 84/74 [g=79, 1286 evaluated, 1285 expanded, t=89.36s]
Best heuristic value: 84/73 [g=77, 1321 evaluated, 1320 expanded, t=90.2s]
Best heuristic value: 83/73 [g=80, 1326 evaluated, 1325 expanded, t=90.31s]
Best heuristic value: 83/72 [g=78, 1361 evaluated, 1360 expanded, t=91.15s]
Best heuristic value: 81/72 [g=81, 1368 evaluated, 1367 expanded, t=91.32s]
Best heuristic value: 81/71 [g=79, 1401 evaluated, 1400 expanded, t=92.1s]
Best heuristic value: 80/71 [g=82, 1410 evaluated, 1409 expanded, t=92.31s]
Best heuristic value: 80/70 [g=80, 1441 evaluated, 1440 expanded, t=93.05s]
Best heuristic value: 79/70 [g=83, 1452 evaluated, 1451 expanded, t=93.32s]
Best heuristic value: 79/69 [g=81, 1481 evaluated, 1480 expanded, t=94.01s]
Best heuristic value: 78/69 [g=84, 1494 evaluated, 1493 expanded, t=94.31s]
Best heuristic value: 78/68 [g=82, 1521 evaluated, 1520 expanded, t=94.95s]
Best heuristic value: 77/68 [g=85, 1536 evaluated, 1535 expanded, t=95.31s]
Best heuristic value: 77/67 [g=83, 1561 evaluated, 1560 expanded, t=95.9s]
Best heuristic value: 75/67 [g=86, 1578 evaluated, 1577 expanded, t=96.31s]
Best heuristic value: 75/66 [g=84, 1601 evaluated, 1600 expanded, t=96.85s]
Best heuristic value: 74/66 [g=87, 1620 evaluated, 1619 expanded, t=97.3s]
Best heuristic value: 74/65 [g=85, 1641 evaluated, 1640 expanded, t=97.8s]
Best heuristic value: 73/65 [g=88, 1662 evaluated, 1661 expanded, t=98.29s]
Best heuristic value: 73/64 [g=86, 1681 evaluated, 1680 expanded, t=98.74s]
Best heuristic value: 72/64 [g=89, 1704 evaluated, 1703 expanded, t=99.28s]
Best heuristic value: 72/63 [g=87, 1723 evaluated, 1722 expanded, t=99.72s]
Best heuristic value: 70/63 [g=90, 1746 evaluated, 1745 expanded, t=100.26s]
Best heuristic value: 70/62 [g=88, 1765 evaluated, 1764 expanded, t=100.7s]
Best heuristic value: 69/62 [g=91, 1788 evaluated, 1787 expanded, t=101.23s]
Best heuristic value: 69/61 [g=89, 1807 evaluated, 1806 expanded, t=101.68s]
Best heuristic value: 68/61 [g=92, 1830 evaluated, 1829 expanded, t=102.21s]
Best heuristic value: 68/60 [g=90, 1849 evaluated, 1848 expanded, t=102.65s]
Best heuristic value: 66/60 [g=93, 1872 evaluated, 1871 expanded, t=103.19s]
Best heuristic value: 66/59 [g=91, 1891 evaluated, 1890 expanded, t=103.63s]
Best heuristic value: 65/59 [g=94, 1916 evaluated, 1915 expanded, t=104.21s]
Best heuristic value: 65/58 [g=92, 1935 evaluated, 1934 expanded, t=104.65s]
Best heuristic value: 63/58 [g=95, 1962 evaluated, 1961 expanded, t=105.27s]
Best heuristic value: 63/56 [g=93, 1979 evaluated, 1978 expanded, t=105.66s]
Best heuristic value: 62/56 [g=96, 2008 evaluated, 2007 expanded, t=106.33s]
Best heuristic value: 62/55 [g=94, 2023 evaluated, 2022 expanded, t=106.67s]
Best heuristic value: 61/55 [g=97, 2054 evaluated, 2053 expanded, t=107.38s]
Best heuristic value: 61/54 [g=95, 2067 evaluated, 2066 expanded, t=107.68s]
Best heuristic value: 60/54 [g=98, 2100 evaluated, 2099 expanded, t=108.44s]
Best heuristic value: 60/53 [g=96, 2113 evaluated, 2112 expanded, t=108.73s]
Best heuristic value: 59/53 [g=99, 2148 evaluated, 2147 expanded, t=109.53s]
Best heuristic value: 59/52 [g=97, 2159 evaluated, 2158 expanded, t=109.79s]
Best heuristic value: 57/52 [g=100, 2198 evaluated, 2197 expanded, t=110.67s]
Best heuristic value: 57/51 [g=98, 2205 evaluated, 2204 expanded, t=110.83s]
Best heuristic value: 55/51 [g=101, 2248 evaluated, 2247 expanded, t=111.81s]
Best heuristic value: 55/50 [g=99, 2253 evaluated, 2252 expanded, t=111.92s]
Best heuristic value: 54/50 [g=102, 2298 evaluated, 2297 expanded, t=112.95s]
Best heuristic value: 54/49 [g=100, 2301 evaluated, 2300 expanded, t=113.01s]
Best heuristic value: 54/48 [g=101, 2349 evaluated, 2348 expanded, t=114.12s]
Best heuristic value: 53/48 [g=103, 2350 evaluated, 2349 expanded, t=114.14s]
Best heuristic value: 53/47 [g=102, 2397 evaluated, 2396 expanded, t=115.2s]
Best heuristic value: 52/47 [g=104, 2404 evaluated, 2403 expanded, t=115.36s]
Best heuristic value: 52/46 [g=103, 2445 evaluated, 2444 expanded, t=116.3s]
Best heuristic value: 50/46 [g=105, 2458 evaluated, 2457 expanded, t=116.58s]
Best heuristic value: 50/45 [g=104, 2493 evaluated, 2492 expanded, t=117.35s]
Best heuristic value: 49/45 [g=106, 2512 evaluated, 2511 expanded, t=117.76s]
Best heuristic value: 49/44 [g=105, 2543 evaluated, 2542 expanded, t=118.44s]
Best heuristic value: 48/44 [g=107, 2568 evaluated, 2567 expanded, t=118.98s]
Best heuristic value: 48/43 [g=106, 2611 evaluated, 2610 expanded, t=119.93s]
Best heuristic value: 47/43 [g=108, 2614 evaluated, 2613 expanded, t=119.99s]
Best heuristic value: 45/43 [g=109, 2664 evaluated, 2663 expanded, t=121.09s]
Best heuristic value: 45/42 [g=107, 2689 evaluated, 2688 expanded, t=121.65s]
Best heuristic value: 43/42 [g=110, 2696 evaluated, 2695 expanded, t=121.8s]
Best heuristic value: 41/42 [g=111, 2745 evaluated, 2744 expanded, t=122.87s]
Best heuristic value: 40/42 [g=112, 2774 evaluated, 2773 expanded, t=123.47s]
Best heuristic value: 40/40 [g=108, 2783 evaluated, 2782 expanded, t=123.66s]
Best heuristic value: 39/40 [g=113, 2829 evaluated, 2828 expanded, t=124.62s]
Best heuristic value: 38/40 [g=114, 2859 evaluated, 2858 expanded, t=125.25s]
Best heuristic value: 38/39 [g=109, 2875 evaluated, 2874 expanded, t=125.58s]
Best heuristic value: 36/39 [g=115, 2914 evaluated, 2913 expanded, t=126.39s]
Best heuristic value: 34/37 [g=116, 2947 evaluated, 2946 expanded, t=127.08s]
Best heuristic value: 32/35 [g=117, 2976 evaluated, 2975 expanded, t=127.68s]
Best heuristic value: 30/33 [g=118, 3001 evaluated, 3000 expanded, t=128.19s]
Best heuristic value: 29/32 [g=119, 3027 evaluated, 3026 expanded, t=128.74s]
Best heuristic value: 27/30 [g=120, 3050 evaluated, 3049 expanded, t=129.21s]
Best heuristic value: 26/29 [g=121, 3069 evaluated, 3068 expanded, t=129.6s]
Best heuristic value: 24/27 [g=122, 3092 evaluated, 3091 expanded, t=130.08s]
Best heuristic value: 23/26 [g=123, 3114 evaluated, 3113 expanded, t=130.54s]
Best heuristic value: 21/24 [g=125, 3132 evaluated, 3131 expanded, t=130.91s]
Best heuristic value: 20/23 [g=127, 3148 evaluated, 3147 expanded, t=131.23s]
Best heuristic value: 19/22 [g=129, 3163 evaluated, 3162 expanded, t=131.54s]
Best heuristic value: 18/22 [g=131, 3177 evaluated, 3176 expanded, t=131.82s]
Best heuristic value: 18/21 [g=131, 3204 evaluated, 3203 expanded, t=132.36s]
Best heuristic value: 17/21 [g=133, 3229 evaluated, 3228 expanded, t=132.87s]
Best heuristic value: 16/20 [g=135, 3255 evaluated, 3254 expanded, t=133.39s]
Best heuristic value: 15/19 [g=137, 3270 evaluated, 3269 expanded, t=133.7s]
Best heuristic value: 14/18 [g=139, 3284 evaluated, 3283 expanded, t=133.98s]
Best heuristic value: 13/17 [g=141, 3298 evaluated, 3297 expanded, t=134.26s]
Best heuristic value: 12/16 [g=143, 3321 evaluated, 3320 expanded, t=134.73s]
Best heuristic value: 11/15 [g=145, 3344 evaluated, 3343 expanded, t=135.19s]
Best heuristic value: 10/14 [g=147, 3370 evaluated, 3369 expanded, t=135.72s]
Best heuristic value: 9/13 [g=149, 3449 evaluated, 3448 expanded, t=137.3s]
Best heuristic value: 8/12 [g=151, 3512 evaluated, 3511 expanded, t=138.57s]
Best heuristic value: 7/11 [g=153, 3568 evaluated, 3567 expanded, t=139.7s]
Best heuristic value: 6/10 [g=155, 3624 evaluated, 3623 expanded, t=140.83s]
Best heuristic value: 5/9 [g=157, 3672 evaluated, 3671 expanded, t=141.8s]
Best heuristic value: 4/8 [g=159, 3712 evaluated, 3711 expanded, t=142.61s]
Best heuristic value: 3/6 [g=161, 73754 evaluated, 73753 expanded, t=1557.81s]
Best heuristic value: 2/4 [g=163, 76339 evaluated, 76338 expanded, t=1608.32s]
Best heuristic value: 1/2 [g=167, 79814 evaluated, 79813 expanded, t=1675.16s]
Solution found!
Actual search time: 1662.24s [t=1718.31s]
do-grind p7 grinder0 verysmooth red varnished colourfragments (15)
do-grind p35 grinder0 smooth natural varnished colourfragments (30)
do-grind p35 grinder0 verysmooth natural colourfragments untreated (30)
do-glaze p35 glazer0 black (15)
do-grind p31 grinder0 verysmooth natural colourfragments untreated (45)
do-glaze p31 glazer0 white (20)
do-grind p3 grinder0 verysmooth mauve colourfragments untreated (30)
do-immersion-varnish p3 immersion-varnisher0 black verysmooth (10)
do-plane p18 planer0 verysmooth white varnished (30)
do-glaze p18 glazer0 green (20)
do-grind p11 grinder0 smooth red colourfragments untreated (30)
do-plane p10 planer0 verysmooth black varnished (30)
do-grind p10 grinder0 smooth natural untreated untreated (45)
do-grind p1 grinder0 smooth green glazed untreated (30)
do-glaze p1 glazer0 white (15)
do-saw-large b13 p0 saw0 teak rough s9 s7 s8 s6 (30)
do-saw-large b1 p5 saw0 cherry smooth s8 s6 s7 s5 (30)
do-saw-medium b5 p15 saw0 mahogany rough s6 s5 s4 (30)
do-saw-medium b17 p17 saw0 beech smooth s2 s1 s0 (30)
do-saw-medium b1 p21 saw0 cherry smooth s5 s4 s3 (30)
do-saw-medium b1 p26 saw0 cherry smooth s3 s2 s1 (30)
do-saw-medium b5 p32 saw0 mahogany rough s4 s3 s2 (30)
do-saw-medium b16 p42 saw0 beech rough s7 s6 s5 (30)
do-saw-medium b11 p44 saw0 walnut smooth s2 s1 s0 (30)
do-saw-small b14 p19 saw0 teak rough s2 s1 (30)
do-saw-small b6 p2 saw0 mahogany rough s1 s0 (30)
do-saw-small b16 p28 saw0 beech rough s5 s4 (30)
do-saw-small b10 p36 saw0 walnut rough s7 s6 (30)
do-saw-small b5 p37 saw0 mahogany rough s2 s1 (30)
do-saw-small b5 p38 saw0 mahogany rough s1 s0 (30)
do-saw-small b14 p40 saw0 teak rough s1 s0 (30)
do-saw-small b13 p41 saw0 teak rough s6 s5 (30)
do-saw-small b10 p45 saw0 walnut rough s6 s5 (30)
do-saw-small b4 p6 saw0 mahogany rough s5 s4 (30)
do-saw-medium b9 p9 saw0 pine rough s3 s2 s1 (30)
do-plane p9 planer0 rough natural untreated (20)
do-glaze p9 glazer0 black (15)
do-saw-large b8 p8 saw0 oak rough s3 s1 s2 s0 (30)
do-glaze p8 glazer0 blue (20)
do-glaze p6 glazer0 green (10)
do-saw-medium b7 p49 saw0 oak rough s9 s8 s7 (30)
do-glaze p49 glazer0 green (15)
do-saw-medium b7 p48 saw0 oak rough s7 s6 s5 (30)
do-glaze p48 glazer0 white (15)
do-saw-small b9 p47 saw0 pine rough s1 s0 (30)
do-glaze p47 glazer0 white (10)
do-saw-large b7 p46 saw0 oak rough s5 s3 s4 s2 (30)
do-glaze p46 glazer0 white (20)
do-glaze p45 glazer0 red (10)
do-grind p44 grinder0 smooth natural untreated untreated (30)
do-glaze p42 glazer0 white (15)
do-plane p41 planer0 rough natural untreated (10)
do-glaze p40 glazer0 black (10)
do-saw-medium b7 p4 saw0 oak rough s2 s1 s0 (30)
do-plane p4 planer0 rough natural untreated (20)
do-grind p4 grinder0 smooth natural untreated untreated (30)
do-glaze p4 glazer0 black (15)
do-saw-small b4 p39 saw0 mahogany rough s4 s3 (30)
do-plane p39 planer0 rough natural untreated (10)
do-immersion-varnish p39 immersion-varnisher0 black smooth (10)
do-glaze p38 glazer0 red (10)
do-glaze p37 glazer0 green (10)
do-plane p36 planer0 rough natural untreated (10)
do-saw-medium b4 p34 saw0 mahogany rough s3 s2 s1 (30)
do-glaze p34 glazer0 mauve (15)
do-saw-small b4 p33 saw0 mahogany rough s1 s0 (30)
do-plane p48 planer0 rough white glazed (20)
do-immersion-varnish p48 immersion-varnisher0 black smooth (10)
do-plane p47 planer0 rough white glazed (10)
do-grind p47 grinder0 smooth natural untreated untreated (15)
do-immersion-varnish p47 immersion-varnisher0 black verysmooth (10)
do-plane p45 planer0 rough red glazed (10)
do-grind p45 grinder0 smooth natural untreated untreated (15)
do-immersion-varnish p45 immersion-varnisher0 black verysmooth (10)
do-plane p33 planer0 rough natural untreated (10)
do-plane p32 planer0 rough natural untreated (20)
do-saw-large b3 p30 saw0 mahogany rough s7 s5 s6 s4 (30)
do-glaze p30 glazer0 green (20)
do-plane p28 planer0 rough natural untreated (10)
do-grind p28 grinder0 smooth natural untreated untreated (15)
do-saw-large b3 p27 saw0 mahogany rough s4 s2 s3 s1 (30)
do-plane p27 planer0 rough natural untreated (30)
do-grind p27 grinder0 smooth natural untreated untreated (45)
do-immersion-varnish p27 immersion-varnisher0 black verysmooth (10)
do-grind p26 grinder0 smooth natural untreated untreated (30)
do-saw-large b2 p25 saw0 mahogany rough s7 s5 s6 s4 (30)
do-plane p25 planer0 rough natural untreated (30)
do-grind p25 grinder0 smooth natural untreated untreated (45)
do-immersion-varnish p25 immersion-varnisher0 black verysmooth (10)
do-saw-small b3 p24 saw0 mahogany rough s1 s0 (30)
do-plane p24 planer0 rough natural untreated (10)
do-glaze p24 glazer0 black (10)
do-saw-medium b2 p23 saw0 mahogany rough s4 s3 s2 (30)
do-plane p23 planer0 rough natural untreated (20)
do-saw-medium b2 p22 saw0 mahogany rough s2 s1 s0 (30)
do-plane p22 planer0 rough natural untreated (20)
do-grind p22 grinder0 smooth natural untreated untreated (30)
do-glaze p22 glazer0 black (15)
do-grind p21 grinder0 smooth natural untreated untreated (30)
do-saw-small b16 p20 saw0 beech rough s4 s3 (30)
do-glaze p20 glazer0 white (10)
do-glaze p2 glazer0 red (10)
do-plane p19 planer0 rough natural untreated (10)
do-grind p17 grinder0 smooth natural untreated untreated (30)
do-saw-medium b16 p16 saw0 beech rough s3 s2 s1 (30)
do-glaze p16 glazer0 white (15)
do-plane p15 planer0 rough natural untreated (20)
do-grind p15 grinder0 smooth natural untreated untreated (30)
do-saw-medium b15 p14 saw0 beech rough s8 s7 s6 (30)
do-glaze p14 glazer0 black (15)
do-saw-small b16 p12 saw0 beech rough s1 s0 (30)
do-plane p12 planer0 rough natural untreated (10)
do-grind p12 grinder0 smooth natural untreated untreated (15)
do-glaze p0 glazer0 green (20)
do-immersion-varnish p12 immersion-varnisher0 green verysmooth (10)
do-immersion-varnish p19 immersion-varnisher0 white smooth (10)
do-immersion-varnish p21 immersion-varnisher0 white verysmooth (10)
do-immersion-varnish p23 immersion-varnisher0 green smooth (10)
do-immersion-varnish p28 immersion-varnisher1 natural verysmooth (10)
do-immersion-varnish p33 immersion-varnisher0 red smooth (10)
do-plane p13 planer0 smooth black colourfragments (30)
do-immersion-varnish p13 immersion-varnisher0 red smooth (10)
do-glaze p10 glazer0 natural (20)
do-grind p43 grinder0 smooth green glazed untreated (15)
do-glaze p43 glazer0 red (10)
do-plane p31 planer0 verysmooth white glazed (30)
do-glaze p31 glazer0 white (20)
do-plane p29 planer0 smooth blue varnished (10)
do-glaze p29 glazer0 red (10)
do-grind p29 grinder0 smooth red glazed untreated (15)
do-glaze p29 glazer0 red (10)
do-plane p8 planer0 rough blue glazed (30)
do-glaze p8 glazer0 blue (20)
do-grind p8 grinder0 smooth blue glazed untreated (45)
do-glaze p8 glazer0 blue (20)
do-plane p6 planer0 rough green glazed (10)
do-glaze p6 glazer0 green (10)
do-plane p49 planer0 rough green glazed (20)
do-glaze p49 glazer0 green (15)
do-grind p49 grinder0 smooth green glazed untreated (30)
do-glaze p49 glazer0 green (15)
do-plane p40 planer0 rough black glazed (10)
do-glaze p40 glazer0 black (10)
do-grind p40 grinder0 smooth black glazed untreated (15)
do-glaze p40 glazer0 black (10)
do-plane p16 planer0 rough white glazed (20)
do-glaze p16 glazer0 white (15)
do-plane p46 planer0 rough white glazed (30)
do-glaze p46 glazer0 white (20)
do-grind p46 grinder0 smooth white glazed untreated (45)
do-glaze p46 glazer0 white (20)
do-plane p42 planer0 rough white glazed (20)
do-glaze p42 glazer0 white (15)
do-grind p42 grinder0 smooth white glazed untreated (30)
do-glaze p42 glazer0 white (15)
do-plane p38 planer0 rough red glazed (10)
do-glaze p38 glazer0 red (10)
do-plane p37 planer0 rough green glazed (10)
do-glaze p37 glazer0 green (10)
do-grind p29 grinder0 verysmooth red glazed untreated (15)
do-immersion-varnish p29 immersion-varnisher0 red verysmooth (10)
do-plane p48 planer0 smooth black varnished (20)
do-immersion-varnish p48 immersion-varnisher0 white smooth (10)
do-plane p47 planer0 verysmooth black varnished (10)
do-glaze p47 glazer0 white (10)
do-grind p47 grinder0 smooth white glazed untreated (15)
do-immersion-varnish p47 immersion-varnisher0 white verysmooth (10)
do-plane p45 planer0 verysmooth black varnished (10)
do-glaze p45 glazer0 red (10)
do-grind p45 grinder0 smooth red glazed untreated (15)
do-immersion-varnish p45 immersion-varnisher0 red verysmooth (10)
Plan length: 171 step(s).
Plan cost: 3505
Initial state h value: 220/178.
Expanded 82188 state(s).
Reopened 0 state(s).
Evaluated 82189 state(s).
Evaluations: 164378
Generated 59059873 state(s).
Dead ends: 0 state(s).
Best solution cost so far: 3505
Solution found - keep searching
Starting search: lazy_greedy(list(hff2, hlm2), preferred = list(hff2, hlm2), reopen_closed = false)
Conducting lazy best first search, (real) bound = 3505
Best heuristic value: 2960/4301 [g=0, 1 evaluated, 0 expanded, t=1718.34s]
Best heuristic value: 2949/4290 [g=10, 2 evaluated, 1 expanded, t=1718.37s]
Best heuristic value: 2939/4290 [g=20, 3 evaluated, 2 expanded, t=1718.41s]
Best heuristic value: 2933/4290 [g=25, 4 evaluated, 3 expanded, t=1718.44s]
Best heuristic value: 2918/4259 [g=40, 5 evaluated, 4 expanded, t=1718.47s]
Best heuristic value: 2908/4259 [g=50, 6 evaluated, 5 expanded, t=1718.51s]
Best heuristic value: 2902/4259 [g=55, 7 evaluated, 6 expanded, t=1718.54s]
Best heuristic value: 2856/4228 [g=70, 9 evaluated, 8 expanded, t=1718.61s]
Best heuristic value: 2846/4228 [g=80, 10 evaluated, 9 expanded, t=1718.64s]
Best heuristic value: 2840/4228 [g=85, 11 evaluated, 10 expanded, t=1718.67s]
Best heuristic value: 2840/4217 [g=80, 13 evaluated, 12 expanded, t=1718.74s]
Best heuristic value: 2835/4217 [g=90, 15 evaluated, 14 expanded, t=1718.8s]
Best heuristic value: 2829/4217 [g=95, 16 evaluated, 15 expanded, t=1718.84s]
Best heuristic value: 2825/4217 [g=100, 18 evaluated, 17 expanded, t=1718.9s]
Best heuristic value: 2815/4217 [g=110, 19 evaluated, 18 expanded, t=1718.93s]
Best heuristic value: 2815/4212 [g=90, 20 evaluated, 19 expanded, t=1718.97s]
Best heuristic value: 2809/4212 [g=115, 21 evaluated, 20 expanded, t=1719s]
Best heuristic value: 2787/4212 [g=125, 26 evaluated, 25 expanded, t=1719.17s]
Best heuristic value: 2787/4200 [g=95, 27 evaluated, 26 expanded, t=1719.2s]
Best heuristic value: 2777/4200 [g=135, 34 evaluated, 33 expanded, t=1719.44s]
Best heuristic value: 2777/4169 [g=125, 37 evaluated, 36 expanded, t=1719.54s]
Best heuristic value: 2770/4169 [g=140, 42 evaluated, 41 expanded, t=1719.71s]
Best heuristic value: 2761/4169 [g=155, 50 evaluated, 49 expanded, t=1719.97s]
Best heuristic value: 2761/4138 [g=155, 51 evaluated, 50 expanded, t=1720s]
Best heuristic value: 2756/4138 [g=165, 53 evaluated, 52 expanded, t=1720.07s]
Best heuristic value: 2750/4138 [g=170, 54 evaluated, 53 expanded, t=1720.1s]
Best heuristic value: 2746/4138 [g=175, 56 evaluated, 55 expanded, t=1720.17s]
Best heuristic value: 2736/4138 [g=185, 57 evaluated, 56 expanded, t=1720.2s]
Best heuristic value: 2730/4138 [g=190, 59 evaluated, 58 expanded, t=1720.27s]
