Parsing... [0.020s CPU, 0.022s wall-clock]
Normalizing task... [0.000s CPU, 0.001s wall-clock]
Instantiating...
Generating Datalog program... [0.000s CPU, 0.004s wall-clock]
Normalizing Datalog program...
Normalizing Datalog program: [0.020s CPU, 0.017s wall-clock]
Preparing model... [0.020s CPU, 0.018s wall-clock]
Generated 198 rules.
Computing model... [3.490s CPU, 3.495s wall-clock]
64994 relevant atoms
31777 auxiliary atoms
96771 final queue length
375765 total queue pushes
Completing instantiation... [18.450s CPU, 18.448s wall-clock]
Instantiating: [22.060s CPU, 22.062s wall-clock]
Computing fact groups...
Finding invariants...
24 initial candidates
Finding invariants: [0.170s CPU, 0.175s wall-clock]
Checking invariant weight... [0.010s CPU, 0.007s wall-clock]
Instantiating groups... [0.110s CPU, 0.112s wall-clock]
Collecting mutex groups... [0.000s CPU, 0.002s wall-clock]
Choosing groups...
548 uncovered facts
Choosing groups: [0.010s CPU, 0.008s wall-clock]
Building translation key... [0.010s CPU, 0.006s wall-clock]
Computing fact groups: [0.330s CPU, 0.333s wall-clock]
Building STRIPS to SAS dictionary... [0.000s CPU, 0.003s wall-clock]
Building dictionary for full mutex groups... [0.010s CPU, 0.005s wall-clock]
Building mutex information...
Building mutex information: [0.000s CPU, 0.004s wall-clock]
Translating task...
Processing axioms...
Simplifying axioms... [0.000s CPU, 0.000s wall-clock]
Processing axioms: [0.660s CPU, 0.658s wall-clock]
Translating task: [9.570s CPU, 9.565s wall-clock]
20415 implied effects removed
4030 effect conditions simplified
0 implied preconditions added
Detecting unreachable propositions...
372 operators removed
263 propositions removed
Detecting unreachable propositions: [1.680s CPU, 1.671s wall-clock]
Translator variables: 695
Translator derived variables: 0
Translator facts: 2117
Translator mutex groups: 261
Translator total mutex groups size: 1287
Translator operators: 62394
Translator task size: 557495
Translator peak memory: 581460 KB
Writing output... [1.440s CPU, 1.446s wall-clock]
Done! [35.910s CPU, 35.911s wall-clock]
