Dispatcher selected state size 1.
This is a nonunit task.
Simplifying transitions... done!
Initializing Exploration...
Generating landmarks using the RPG/SAS+ approach
approx. reasonable orders
approx. obedient reasonable orders
Removed 0 reasonable or obedient reasonable orders
Landmarks generation time: 113.786s
Discovered 691 landmarks, of which 12 are disjunctive and 0 are conjunctive 
774 edges
Initializing LAMA-FF Synergy Object
Initializing landmarks count heuristic...
324 initial landmarks, 269 goal landmarks
Initializing Exploration...
Generating landmarks using the RPG/SAS+ approach
approx. reasonable orders
approx. obedient reasonable orders
Removed 0 reasonable or obedient reasonable orders
Landmarks generation time: 118.414s
Discovered 691 landmarks, of which 12 are disjunctive and 0 are conjunctive 
774 edges
Initializing LAMA-FF Synergy Object
Initializing landmarks count heuristic...
324 initial landmarks, 269 goal landmarks
Starting search: lazy_greedy(list(hff1, hlm1), preferred = list(hff1, hlm1), cost_type = 1, reopen_closed = false)
Conducting lazy best first search, (real) bound = 2147483647
Best heuristic value: 367/235 [g=0, 1 evaluated, 0 expanded, t=238.76s]
Best heuristic value: 365/234 [g=1, 3 evaluated, 2 expanded, t=238.93s]
Best heuristic value: 363/233 [g=2, 5 evaluated, 4 expanded, t=239.1s]
Best heuristic value: 362/232 [g=3, 7 evaluated, 6 expanded, t=239.28s]
Best heuristic value: 361/231 [g=4, 9 evaluated, 8 expanded, t=239.46s]
Best heuristic value: 359/230 [g=5, 13 evaluated, 12 expanded, t=239.81s]
Best heuristic value: 357/229 [g=6, 17 evaluated, 16 expanded, t=240.15s]
Best heuristic value: 356/228 [g=7, 23 evaluated, 22 expanded, t=240.67s]
Best heuristic value: 355/227 [g=8, 29 evaluated, 28 expanded, t=241.19s]
Best heuristic value: 353/226 [g=9, 36 evaluated, 35 expanded, t=241.79s]
Best heuristic value: 352/225 [g=10, 43 evaluated, 42 expanded, t=242.4s]
Best heuristic value: 351/225 [g=11, 50 evaluated, 49 expanded, t=243.01s]
Best heuristic value: 350/224 [g=11, 54 evaluated, 53 expanded, t=243.36s]
Best heuristic value: 349/224 [g=12, 61 evaluated, 60 expanded, t=243.97s]
Best heuristic value: 349/223 [g=12, 65 evaluated, 64 expanded, t=244.31s]
Best heuristic value: 347/222 [g=13, 74 evaluated, 73 expanded, t=245.09s]
Best heuristic value: 346/221 [g=14, 82 evaluated, 81 expanded, t=245.78s]
Best heuristic value: 344/220 [g=15, 91 evaluated, 90 expanded, t=246.56s]
Best heuristic value: 342/218 [g=16, 100 evaluated, 99 expanded, t=247.34s]
Best heuristic value: 340/217 [g=17, 110 evaluated, 109 expanded, t=248.21s]
Best heuristic value: 338/216 [g=18, 122 evaluated, 121 expanded, t=249.25s]
Best heuristic value: 337/215 [g=19, 134 evaluated, 133 expanded, t=250.29s]
Best heuristic value: 336/214 [g=20, 146 evaluated, 145 expanded, t=251.34s]
Best heuristic value: 334/212 [g=21, 158 evaluated, 157 expanded, t=252.38s]
Best heuristic value: 333/211 [g=22, 170 evaluated, 169 expanded, t=253.42s]
Best heuristic value: 332/210 [g=23, 182 evaluated, 181 expanded, t=254.46s]
Best heuristic value: 331/209 [g=24, 194 evaluated, 193 expanded, t=255.51s]
Best heuristic value: 330/208 [g=25, 206 evaluated, 205 expanded, t=256.56s]
Best heuristic value: 327/207 [g=26, 218 evaluated, 217 expanded, t=257.59s]
Best heuristic value: 323/205 [g=27, 230 evaluated, 229 expanded, t=258.63s]
Best heuristic value: 320/204 [g=28, 242 evaluated, 241 expanded, t=259.65s]
Best heuristic value: 317/203 [g=29, 254 evaluated, 253 expanded, t=260.66s]
Best heuristic value: 313/201 [g=30, 266 evaluated, 265 expanded, t=261.66s]
Best heuristic value: 309/199 [g=31, 278 evaluated, 277 expanded, t=262.66s]
Best heuristic value: 306/198 [g=32, 290 evaluated, 289 expanded, t=263.63s]
Best heuristic value: 303/197 [g=33, 302 evaluated, 301 expanded, t=264.61s]
Best heuristic value: 300/196 [g=34, 314 evaluated, 313 expanded, t=265.57s]
Best heuristic value: 297/195 [g=35, 326 evaluated, 325 expanded, t=266.53s]
Best heuristic value: 294/194 [g=36, 338 evaluated, 337 expanded, t=267.48s]
Best heuristic value: 290/193 [g=37, 350 evaluated, 349 expanded, t=268.42s]
Best heuristic value: 287/192 [g=38, 362 evaluated, 361 expanded, t=269.35s]
Best heuristic value: 283/191 [g=39, 374 evaluated, 373 expanded, t=270.27s]
Best heuristic value: 280/189 [g=40, 386 evaluated, 385 expanded, t=271.18s]
Best heuristic value: 277/188 [g=41, 398 evaluated, 397 expanded, t=272.09s]
Best heuristic value: 273/187 [g=42, 410 evaluated, 409 expanded, t=272.99s]
Best heuristic value: 270/186 [g=43, 422 evaluated, 421 expanded, t=273.88s]
Best heuristic value: 266/185 [g=44, 434 evaluated, 433 expanded, t=274.76s]
Best heuristic value: 263/183 [g=45, 446 evaluated, 445 expanded, t=275.63s]
Best heuristic value: 260/182 [g=46, 458 evaluated, 457 expanded, t=276.5s]
Best heuristic value: 257/181 [g=47, 470 evaluated, 469 expanded, t=277.36s]
Best heuristic value: 254/179 [g=48, 482 evaluated, 481 expanded, t=278.22s]
Best heuristic value: 251/177 [g=49, 494 evaluated, 493 expanded, t=279.07s]
Best heuristic value: 249/176 [g=50, 506 evaluated, 505 expanded, t=279.9s]
Best heuristic value: 246/175 [g=51, 518 evaluated, 517 expanded, t=280.73s]
Best heuristic value: 243/174 [g=52, 530 evaluated, 529 expanded, t=281.57s]
Best heuristic value: 240/173 [g=53, 542 evaluated, 541 expanded, t=282.39s]
Best heuristic value: 237/172 [g=54, 554 evaluated, 553 expanded, t=283.21s]
Best heuristic value: 234/170 [g=55, 566 evaluated, 565 expanded, t=284.02s]
Best heuristic value: 231/169 [g=56, 578 evaluated, 577 expanded, t=284.82s]
Best heuristic value: 228/168 [g=57, 590 evaluated, 589 expanded, t=285.61s]
Best heuristic value: 225/167 [g=58, 602 evaluated, 601 expanded, t=286.4s]
Best heuristic value: 223/166 [g=59, 614 evaluated, 613 expanded, t=287.18s]
Best heuristic value: 220/165 [g=60, 626 evaluated, 625 expanded, t=287.95s]
Best heuristic value: 217/163 [g=61, 638 evaluated, 637 expanded, t=288.73s]
Best heuristic value: 213/162 [g=62, 650 evaluated, 649 expanded, t=289.49s]
Best heuristic value: 210/161 [g=63, 662 evaluated, 661 expanded, t=290.25s]
Best heuristic value: 206/160 [g=64, 674 evaluated, 673 expanded, t=291s]
Best heuristic value: 201/159 [g=65, 686 evaluated, 685 expanded, t=291.74s]
Best heuristic value: 198/158 [g=66, 698 evaluated, 697 expanded, t=292.48s]
Best heuristic value: 195/156 [g=67, 710 evaluated, 709 expanded, t=293.22s]
Best heuristic value: 193/154 [g=68, 722 evaluated, 721 expanded, t=293.95s]
Best heuristic value: 192/153 [g=69, 734 evaluated, 733 expanded, t=294.68s]
Best heuristic value: 191/152 [g=70, 746 evaluated, 745 expanded, t=295.41s]
Best heuristic value: 190/151 [g=71, 758 evaluated, 757 expanded, t=296.13s]
Best heuristic value: 189/150 [g=72, 771 evaluated, 770 expanded, t=296.92s]
Best heuristic value: 188/149 [g=73, 784 evaluated, 783 expanded, t=297.72s]
Best heuristic value: 187/148 [g=74, 797 evaluated, 796 expanded, t=298.5s]
Best heuristic value: 185/146 [g=75, 810 evaluated, 809 expanded, t=299.29s]
Best heuristic value: 182/145 [g=76, 824 evaluated, 823 expanded, t=300.14s]
Best heuristic value: 179/145 [g=77, 840 evaluated, 839 expanded, t=301.11s]
Best heuristic value: 179/144 [g=77, 842 evaluated, 841 expanded, t=301.23s]
Best heuristic value: 178/144 [g=78, 871 evaluated, 870 expanded, t=302.97s]
Best heuristic value: 178/143 [g=78, 876 evaluated, 875 expanded, t=303.27s]
Best heuristic value: 177/143 [g=79, 903 evaluated, 902 expanded, t=304.89s]
Best heuristic value: 177/142 [g=79, 912 evaluated, 911 expanded, t=305.43s]
Best heuristic value: 176/142 [g=80, 935 evaluated, 934 expanded, t=306.81s]
Best heuristic value: 174/142 [g=80, 944 evaluated, 943 expanded, t=307.34s]
Best heuristic value: 174/140 [g=80, 950 evaluated, 949 expanded, t=307.7s]
Best heuristic value: 173/140 [g=81, 975 evaluated, 974 expanded, t=309.19s]
Best heuristic value: 172/140 [g=81, 982 evaluated, 981 expanded, t=309.6s]
Best heuristic value: 172/139 [g=81, 986 evaluated, 985 expanded, t=309.84s]
Best heuristic value: 171/139 [g=82, 1013 evaluated, 1012 expanded, t=311.44s]
Best heuristic value: 171/137 [g=82, 1026 evaluated, 1025 expanded, t=312.21s]
Best heuristic value: 170/137 [g=83, 1049 evaluated, 1048 expanded, t=313.57s]
Best heuristic value: 170/136 [g=83, 1068 evaluated, 1067 expanded, t=314.7s]
Best heuristic value: 168/136 [g=84, 1087 evaluated, 1086 expanded, t=315.83s]
Best heuristic value: 168/135 [g=84, 1110 evaluated, 1109 expanded, t=317.2s]
Best heuristic value: 166/135 [g=85, 1125 evaluated, 1124 expanded, t=318.09s]
Best heuristic value: 166/134 [g=85, 1152 evaluated, 1151 expanded, t=319.68s]
Best heuristic value: 164/134 [g=86, 1163 evaluated, 1162 expanded, t=320.33s]
Best heuristic value: 164/132 [g=86, 1196 evaluated, 1195 expanded, t=322.28s]
Best heuristic value: 163/132 [g=87, 1203 evaluated, 1202 expanded, t=322.7s]
Best heuristic value: 163/131 [g=87, 1242 evaluated, 1241 expanded, t=325s]
Best heuristic value: 162/131 [g=88, 1243 evaluated, 1242 expanded, t=325.06s]
Best heuristic value: 161/131 [g=89, 1283 evaluated, 1282 expanded, t=327.43s]
Best heuristic value: 161/130 [g=88, 1292 evaluated, 1291 expanded, t=327.96s]
Best heuristic value: 159/130 [g=90, 1325 evaluated, 1324 expanded, t=329.9s]
Best heuristic value: 159/129 [g=89, 1342 evaluated, 1341 expanded, t=330.91s]
Best heuristic value: 158/129 [g=91, 1369 evaluated, 1368 expanded, t=332.51s]
Best heuristic value: 158/128 [g=90, 1392 evaluated, 1391 expanded, t=333.86s]
Best heuristic value: 156/128 [g=92, 1413 evaluated, 1412 expanded, t=335.1s]
Best heuristic value: 156/127 [g=91, 1442 evaluated, 1441 expanded, t=336.81s]
Best heuristic value: 155/127 [g=93, 1457 evaluated, 1456 expanded, t=337.69s]
Best heuristic value: 155/126 [g=92, 1492 evaluated, 1491 expanded, t=339.75s]
Best heuristic value: 154/126 [g=94, 1501 evaluated, 1500 expanded, t=340.28s]
Best heuristic value: 154/125 [g=93, 1542 evaluated, 1541 expanded, t=342.69s]
Best heuristic value: 153/125 [g=95, 1545 evaluated, 1544 expanded, t=342.88s]
Best heuristic value: 151/125 [g=96, 1589 evaluated, 1588 expanded, t=345.46s]
Best heuristic value: 151/124 [g=94, 1594 evaluated, 1593 expanded, t=345.76s]
Best heuristic value: 150/124 [g=97, 1633 evaluated, 1632 expanded, t=348.03s]
Best heuristic value: 150/122 [g=95, 1646 evaluated, 1645 expanded, t=348.78s]
Best heuristic value: 149/122 [g=98, 1677 evaluated, 1676 expanded, t=350.59s]
Best heuristic value: 149/120 [g=96, 1700 evaluated, 1699 expanded, t=351.92s]
Best heuristic value: 148/120 [g=99, 1721 evaluated, 1720 expanded, t=353.14s]
Best heuristic value: 148/119 [g=97, 1756 evaluated, 1755 expanded, t=355.18s]
Best heuristic value: 147/119 [g=100, 1765 evaluated, 1764 expanded, t=355.7s]
Best heuristic value: 146/119 [g=101, 1809 evaluated, 1808 expanded, t=358.26s]
Best heuristic value: 146/118 [g=98, 1814 evaluated, 1813 expanded, t=358.55s]
Best heuristic value: 145/118 [g=102, 1853 evaluated, 1852 expanded, t=360.81s]
Best heuristic value: 145/117 [g=99, 1872 evaluated, 1871 expanded, t=361.92s]
Best heuristic value: 144/117 [g=103, 1897 evaluated, 1896 expanded, t=363.37s]
Best heuristic value: 144/116 [g=100, 1934 evaluated, 1933 expanded, t=365.51s]
Best heuristic value: 143/116 [g=104, 1943 evaluated, 1942 expanded, t=366.04s]
Best heuristic value: 142/116 [g=105, 1989 evaluated, 1988 expanded, t=368.71s]
Best heuristic value: 142/115 [g=101, 1996 evaluated, 1995 expanded, t=369.12s]
Best heuristic value: 140/115 [g=106, 2035 evaluated, 2034 expanded, t=371.38s]
Best heuristic value: 140/114 [g=102, 2058 evaluated, 2057 expanded, t=372.72s]
Best heuristic value: 137/114 [g=107, 2079 evaluated, 2078 expanded, t=373.94s]
Best heuristic value: 137/113 [g=103, 2120 evaluated, 2119 expanded, t=376.3s]
Best heuristic value: 135/113 [g=108, 2123 evaluated, 2122 expanded, t=376.47s]
Best heuristic value: 133/113 [g=109, 2169 evaluated, 2168 expanded, t=379.13s]
Best heuristic value: 133/112 [g=104, 2186 evaluated, 2185 expanded, t=380.12s]
Best heuristic value: 132/112 [g=110, 2219 evaluated, 2218 expanded, t=382.03s]
Best heuristic value: 132/111 [g=105, 2252 evaluated, 2251 expanded, t=383.94s]
Best heuristic value: 131/111 [g=111, 2269 evaluated, 2268 expanded, t=384.92s]
Best heuristic value: 131/109 [g=106, 2318 evaluated, 2317 expanded, t=387.76s]
Best heuristic value: 130/109 [g=112, 2321 evaluated, 2320 expanded, t=387.93s]
Best heuristic value: 129/109 [g=113, 2373 evaluated, 2372 expanded, t=390.94s]
Best heuristic value: 129/108 [g=107, 2390 evaluated, 2389 expanded, t=391.92s]
Best heuristic value: 127/108 [g=114, 2425 evaluated, 2424 expanded, t=393.94s]
Best heuristic value: 127/107 [g=108, 2464 evaluated, 2463 expanded, t=396.19s]
Best heuristic value: 126/107 [g=115, 2477 evaluated, 2476 expanded, t=396.94s]
Best heuristic value: 125/107 [g=116, 2529 evaluated, 2528 expanded, t=399.93s]
Best heuristic value: 125/106 [g=109, 2544 evaluated, 2543 expanded, t=400.79s]
Best heuristic value: 123/106 [g=117, 2581 evaluated, 2580 expanded, t=402.92s]
Best heuristic value: 123/105 [g=110, 2624 evaluated, 2623 expanded, t=405.38s]
Best heuristic value: 122/105 [g=118, 2633 evaluated, 2632 expanded, t=405.9s]
Best heuristic value: 121/105 [g=119, 2687 evaluated, 2686 expanded, t=408.99s]
Best heuristic value: 121/104 [g=111, 2706 evaluated, 2705 expanded, t=410.09s]
Best heuristic value: 120/104 [g=120, 2741 evaluated, 2740 expanded, t=412.1s]
Best heuristic value: 120/103 [g=112, 2788 evaluated, 2787 expanded, t=414.79s]
Best heuristic value: 119/103 [g=121, 2795 evaluated, 2794 expanded, t=415.19s]
Best heuristic value: 118/103 [g=122, 2851 evaluated, 2850 expanded, t=418.4s]
Best heuristic value: 118/102 [g=113, 2870 evaluated, 2869 expanded, t=419.48s]
Best heuristic value: 117/102 [g=123, 2907 evaluated, 2906 expanded, t=421.6s]
Best heuristic value: 117/101 [g=114, 2952 evaluated, 2951 expanded, t=424.18s]
Best heuristic value: 115/101 [g=124, 2965 evaluated, 2964 expanded, t=424.93s]
Best heuristic value: 114/101 [g=125, 3025 evaluated, 3024 expanded, t=428.35s]
Best heuristic value: 114/99 [g=115, 3034 evaluated, 3033 expanded, t=428.87s]
Best heuristic value: 112/99 [g=126, 3085 evaluated, 3084 expanded, t=431.79s]
Best heuristic value: 112/98 [g=116, 3126 evaluated, 3125 expanded, t=434.13s]
Best heuristic value: 111/98 [g=127, 3143 evaluated, 3142 expanded, t=435.1s]
Best heuristic value: 110/98 [g=128, 3201 evaluated, 3200 expanded, t=438.4s]
Best heuristic value: 110/97 [g=117, 3218 evaluated, 3217 expanded, t=439.37s]
Best heuristic value: 108/96 [g=129, 3259 evaluated, 3258 expanded, t=441.71s]
Best heuristic value: 106/95 [g=130, 3289 evaluated, 3288 expanded, t=443.37s]
Best heuristic value: 104/94 [g=131, 3319 evaluated, 3318 expanded, t=445s]
Best heuristic value: 102/88 [g=132, 3349 evaluated, 3348 expanded, t=446.65s]
Best heuristic value: 101/87 [g=133, 3379 evaluated, 3378 expanded, t=448.28s]
Best heuristic value: 100/86 [g=134, 3409 evaluated, 3408 expanded, t=449.91s]
Best heuristic value: 99/85 [g=135, 3439 evaluated, 3438 expanded, t=451.54s]
Best heuristic value: 99/84 [g=136, 3469 evaluated, 3468 expanded, t=453.17s]
Best heuristic value: 98/84 [g=136, 3471 evaluated, 3470 expanded, t=453.28s]
Best heuristic value: 98/83 [g=137, 3529 evaluated, 3528 expanded, t=456.42s]
Best heuristic value: 97/83 [g=137, 3532 evaluated, 3531 expanded, t=456.58s]
Best heuristic value: 95/83 [g=138, 3595 evaluated, 3594 expanded, t=460.01s]
Best heuristic value: 95/82 [g=138, 3597 evaluated, 3596 expanded, t=460.11s]
Best heuristic value: 94/82 [g=139, 3654 evaluated, 3653 expanded, t=463.2s]
Best heuristic value: 94/81 [g=139, 3665 evaluated, 3664 expanded, t=463.79s]
Best heuristic value: 93/81 [g=140, 3716 evaluated, 3715 expanded, t=466.54s]
Best heuristic value: 93/80 [g=140, 3735 evaluated, 3734 expanded, t=467.57s]
Best heuristic value: 92/80 [g=141, 3778 evaluated, 3777 expanded, t=469.9s]
Best heuristic value: 92/79 [g=141, 3805 evaluated, 3804 expanded, t=471.36s]
Best heuristic value: 91/79 [g=142, 3843 evaluated, 3842 expanded, t=473.41s]
Best heuristic value: 91/78 [g=142, 3874 evaluated, 3873 expanded, t=475.1s]
Best heuristic value: 90/78 [g=143, 3909 evaluated, 3908 expanded, t=476.98s]
Best heuristic value: 90/77 [g=143, 3944 evaluated, 3943 expanded, t=478.87s]
Best heuristic value: 89/77 [g=144, 3975 evaluated, 3974 expanded, t=480.54s]
Best heuristic value: 89/75 [g=144, 4014 evaluated, 4013 expanded, t=482.65s]
Best heuristic value: 87/75 [g=145, 4041 evaluated, 4040 expanded, t=484.11s]
Best heuristic value: 87/74 [g=145, 4086 evaluated, 4085 expanded, t=486.53s]
Best heuristic value: 86/74 [g=146, 4107 evaluated, 4106 expanded, t=487.66s]
Best heuristic value: 85/74 [g=146, 4152 evaluated, 4151 expanded, t=490.07s]
Best heuristic value: 85/73 [g=146, 4158 evaluated, 4157 expanded, t=490.4s]
Best heuristic value: 84/73 [g=147, 4211 evaluated, 4210 expanded, t=493.24s]
Best heuristic value: 84/72 [g=147, 4236 evaluated, 4235 expanded, t=494.58s]
Best heuristic value: 83/72 [g=148, 4273 evaluated, 4272 expanded, t=496.55s]
Best heuristic value: 83/71 [g=148, 4314 evaluated, 4313 expanded, t=498.74s]
Best heuristic value: 82/71 [g=149, 4335 evaluated, 4334 expanded, t=499.86s]
Best heuristic value: 82/70 [g=149, 4394 evaluated, 4393 expanded, t=503.02s]
Best heuristic value: 81/70 [g=150, 4400 evaluated, 4399 expanded, t=503.34s]
Best heuristic value: 79/70 [g=151, 4466 evaluated, 4465 expanded, t=506.86s]
Best heuristic value: 79/69 [g=150, 4473 evaluated, 4472 expanded, t=507.24s]
Best heuristic value: 78/69 [g=152, 4532 evaluated, 4531 expanded, t=510.37s]
Best heuristic value: 78/68 [g=151, 4553 evaluated, 4552 expanded, t=511.49s]
Best heuristic value: 77/68 [g=153, 4598 evaluated, 4597 expanded, t=513.9s]
Best heuristic value: 77/67 [g=152, 4635 evaluated, 4634 expanded, t=515.86s]
Best heuristic value: 75/67 [g=154, 4664 evaluated, 4663 expanded, t=517.4s]
Best heuristic value: 75/66 [g=153, 4717 evaluated, 4716 expanded, t=520.23s]
Best heuristic value: 74/66 [g=155, 4730 evaluated, 4729 expanded, t=520.92s]
Best heuristic value: 73/66 [g=156, 4796 evaluated, 4795 expanded, t=524.42s]
Best heuristic value: 73/65 [g=154, 4799 evaluated, 4798 expanded, t=524.58s]
Best heuristic value: 72/65 [g=157, 4862 evaluated, 4861 expanded, t=527.93s]
Best heuristic value: 72/64 [g=155, 4881 evaluated, 4880 expanded, t=528.94s]
Best heuristic value: 71/64 [g=158, 4930 evaluated, 4929 expanded, t=531.55s]
Best heuristic value: 71/63 [g=156, 4965 evaluated, 4964 expanded, t=533.41s]
Best heuristic value: 69/63 [g=159, 5000 evaluated, 4999 expanded, t=535.26s]
Best heuristic value: 69/61 [g=157, 5049 evaluated, 5048 expanded, t=537.83s]
Best heuristic value: 67/61 [g=160, 5070 evaluated, 5069 expanded, t=538.93s]
Best heuristic value: 67/60 [g=158, 5133 evaluated, 5132 expanded, t=542.24s]
Best heuristic value: 65/60 [g=161, 5142 evaluated, 5141 expanded, t=542.71s]
Best heuristic value: 64/60 [g=162, 5214 evaluated, 5213 expanded, t=546.42s]
Best heuristic value: 64/59 [g=159, 5217 evaluated, 5216 expanded, t=546.57s]
Best heuristic value: 63/59 [g=163, 5286 evaluated, 5285 expanded, t=550.12s]
Best heuristic value: 62/59 [g=164, 5339 evaluated, 5338 expanded, t=552.81s]
Best heuristic value: 60/59 [g=165, 5387 evaluated, 5386 expanded, t=555.24s]
Best heuristic value: 59/58 [g=166, 5435 evaluated, 5434 expanded, t=557.67s]
Best heuristic value: 58/57 [g=167, 5472 evaluated, 5471 expanded, t=559.52s]
Best heuristic value: 57/56 [g=168, 5509 evaluated, 5508 expanded, t=561.37s]
Best heuristic value: 55/55 [g=169, 5546 evaluated, 5545 expanded, t=563.21s]
Best heuristic value: 54/54 [g=170, 5584 evaluated, 5583 expanded, t=565.11s]
Best heuristic value: 53/53 [g=171, 5622 evaluated, 5621 expanded, t=567.01s]
Best heuristic value: 52/52 [g=172, 5660 evaluated, 5659 expanded, t=568.91s]
Best heuristic value: 51/51 [g=173, 5698 evaluated, 5697 expanded, t=570.8s]
Best heuristic value: 49/50 [g=174, 5737 evaluated, 5736 expanded, t=572.75s]
Best heuristic value: 47/48 [g=175, 5776 evaluated, 5775 expanded, t=574.59s]
Best heuristic value: 46/47 [g=176, 5815 evaluated, 5814 expanded, t=576.43s]
Best heuristic value: 45/46 [g=177, 5854 evaluated, 5853 expanded, t=578.29s]
Best heuristic value: 44/45 [g=178, 5895 evaluated, 5894 expanded, t=580.23s]
Best heuristic value: 42/43 [g=179, 5933 evaluated, 5932 expanded, t=582.03s]
Best heuristic value: 40/41 [g=180, 5973 evaluated, 5972 expanded, t=583.92s]
Best heuristic value: 38/39 [g=181, 6011 evaluated, 6010 expanded, t=585.71s]
Best heuristic value: 36/37 [g=182, 6043 evaluated, 6042 expanded, t=587.22s]
Best heuristic value: 34/35 [g=183, 6076 evaluated, 6075 expanded, t=588.78s]
Best heuristic value: 33/34 [g=184, 6106 evaluated, 6105 expanded, t=590.19s]
Best heuristic value: 31/32 [g=185, 6133 evaluated, 6132 expanded, t=591.46s]
Best heuristic value: 30/31 [g=186, 6160 evaluated, 6159 expanded, t=592.78s]
Best heuristic value: 29/30 [g=187, 6184 evaluated, 6183 expanded, t=593.9s]
Best heuristic value: 28/29 [g=188, 6193 evaluated, 6192 expanded, t=594.32s]
Best heuristic value: 27/28 [g=189, 6216 evaluated, 6215 expanded, t=595.4s]
Best heuristic value: 26/27 [g=190, 6223 evaluated, 6222 expanded, t=595.73s]
Best heuristic value: 25/26 [g=191, 6245 evaluated, 6244 expanded, t=596.77s]
Best heuristic value: 24/25 [g=192, 6248 evaluated, 6247 expanded, t=596.91s]
Best heuristic value: 24/24 [g=193, 6269 evaluated, 6268 expanded, t=597.89s]
Best heuristic value: 22/23 [g=194, 6270 evaluated, 6269 expanded, t=597.93s]
Best heuristic value: 20/21 [g=195, 6294 evaluated, 6293 expanded, t=599.02s]
Best heuristic value: 18/19 [g=196, 6312 evaluated, 6311 expanded, t=599.83s]
Best heuristic value: 17/18 [g=198, 6328 evaluated, 6327 expanded, t=600.55s]
Best heuristic value: 16/17 [g=200, 6343 evaluated, 6342 expanded, t=601.23s]
Best heuristic value: 15/16 [g=202, 6357 evaluated, 6356 expanded, t=601.86s]
Best heuristic value: 14/15 [g=204, 6372 evaluated, 6371 expanded, t=602.53s]
Best heuristic value: 13/14 [g=206, 6387 evaluated, 6386 expanded, t=603.18s]
Best heuristic value: 12/13 [g=208, 6404 evaluated, 6403 expanded, t=603.93s]
Best heuristic value: 11/12 [g=210, 6423 evaluated, 6422 expanded, t=604.76s]
Best heuristic value: 10/11 [g=212, 6442 evaluated, 6441 expanded, t=605.59s]
Best heuristic value: 9/10 [g=214, 6451 evaluated, 6450 expanded, t=605.98s]
Best heuristic value: 8/9 [g=216, 6459 evaluated, 6458 expanded, t=606.33s]
Best heuristic value: 7/8 [g=218, 6466 evaluated, 6465 expanded, t=606.64s]
Best heuristic value: 6/7 [g=220, 6472 evaluated, 6471 expanded, t=606.9s]
Best heuristic value: 5/6 [g=222, 6477 evaluated, 6476 expanded, t=607.12s]
Best heuristic value: 4/5 [g=224, 6481 evaluated, 6480 expanded, t=607.3s]
Best heuristic value: 3/4 [g=226, 6485 evaluated, 6484 expanded, t=607.47s]
Best heuristic value: 2/3 [g=228, 6491 evaluated, 6490 expanded, t=607.73s]
Best heuristic value: 1/2 [g=230, 6496 evaluated, 6495 expanded, t=607.94s]
Solution found!
Actual search time: 2311.65s [t=2550.32s]
do-plane p7 planer0 verysmooth blue varnished (10)
do-glaze p7 glazer0 black (10)
do-grind p69 grinder0 verysmooth natural colourfragments untreated (45)
do-glaze p69 glazer0 red (20)
do-grind p63 grinder0 smooth green varnished colourfragments (15)
do-grind p60 grinder0 smooth white glazed untreated (15)
do-grind p6 grinder0 verysmooth mauve colourfragments untreated (45)
do-glaze p6 glazer0 green (20)
do-plane p54 planer0 rough white glazed (10)
do-glaze p54 glazer0 red (10)
do-plane p37 planer0 rough mauve glazed (10)
do-grind p51 grinder0 smooth natural glazed untreated (15)
do-glaze p51 glazer0 green (10)
do-glaze p37 glazer2 blue (10)
do-grind p36 grinder0 smooth black colourfragments untreated (45)
do-glaze p36 glazer0 green (20)
do-grind p30 grinder0 smooth black glazed untreated (15)
do-plane p26 planer0 rough red glazed (10)
do-immersion-varnish p26 immersion-varnisher0 black smooth (10)
do-grind p23 grinder0 verysmooth mauve colourfragments untreated (45)
do-glaze p23 glazer0 green (20)
do-plane p15 planer0 rough natural varnished (30)
do-grind p15 grinder0 smooth natural untreated untreated (45)
do-grind p10 grinder0 smooth white colourfragments untreated (30)
do-immersion-varnish p10 immersion-varnisher0 black verysmooth (10)
do-saw-large b21 p1 saw0 teak rough s4 s2 s3 s1 (30)
do-saw-large b20 p13 saw0 teak smooth s10 s8 s9 s7 (30)
do-saw-large b18 p14 saw0 walnut rough s9 s7 s8 s6 (30)
do-saw-large b13 p16 saw0 pine rough s3 s1 s2 s0 (30)
do-saw-large b3 p25 saw0 cherry smooth s6 s4 s5 s3 (30)
do-saw-large b3 p34 saw0 cherry smooth s3 s1 s2 s0 (30)
do-saw-large b2 p41 saw0 cherry rough s10 s8 s9 s7 (30)
do-saw-large b24 p49 saw0 beech rough s6 s4 s5 s3 (30)
do-saw-large b2 p57 saw0 cherry rough s7 s5 s6 s4 (30)
do-saw-large b18 p65 saw0 walnut rough s6 s4 s5 s3 (30)
do-saw-large b18 p67 saw0 walnut rough s3 s1 s2 s0 (30)
do-saw-large b24 p72 saw0 beech rough s3 s1 s2 s0 (30)
do-saw-large b2 p75 saw0 cherry rough s4 s2 s3 s1 (30)
do-saw-large b9 p77 saw0 oak smooth s10 s8 s9 s7 (30)
do-saw-large b17 p78 saw0 walnut rough s10 s8 s9 s7 (30)
do-saw-medium b9 p0 saw0 oak smooth s7 s6 s5 (30)
do-saw-medium b7 p12 saw0 mahogany rough s2 s1 s0 (30)
do-saw-small b6 p17 saw0 mahogany rough s7 s6 (30)
do-saw-small b9 p22 saw0 oak smooth s5 s4 (30)
do-saw-medium b19 p24 saw0 walnut rough s2 s1 s0 (30)
do-saw-small b9 p27 saw0 oak smooth s4 s3 (30)
do-saw-small b23 p28 saw0 beech rough s6 s5 (30)
do-saw-medium b20 p3 saw0 teak smooth s7 s6 s5 (30)
do-saw-medium b20 p31 saw0 teak smooth s5 s4 s3 (30)
do-saw-small b23 p35 saw0 beech rough s5 s4 (30)
do-saw-small b23 p38 saw0 beech rough s4 s3 (30)
do-saw-medium b12 p40 saw0 pine rough s7 s6 s5 (30)
do-saw-medium b6 p43 saw0 mahogany rough s6 s5 s4 (30)
do-saw-small b17 p45 saw0 walnut rough s7 s6 (30)
do-saw-medium b1 p46 saw0 cherry rough s8 s7 s6 (30)
do-saw-small b23 p5 saw0 beech rough s3 s2 (30)
do-saw-medium b6 p50 saw0 mahogany rough s4 s3 s2 (30)
do-saw-small b6 p53 saw0 mahogany rough s2 s1 (30)
do-saw-medium b23 p55 saw0 beech rough s2 s1 s0 (30)
do-saw-medium b17 p56 saw0 walnut rough s6 s5 s4 (30)
do-saw-small b22 p61 saw0 beech rough s9 s8 (30)
do-saw-medium b9 p62 saw0 oak smooth s3 s2 s1 (30)
do-saw-medium b17 p66 saw0 walnut rough s4 s3 s2 (30)
do-saw-medium b8 p70 saw0 oak smooth s8 s7 s6 (30)
do-saw-small b9 p79 saw0 oak smooth s1 s0 (30)
do-saw-small b6 p8 saw0 mahogany rough s1 s0 (30)
do-saw-medium b1 p9 saw0 cherry rough s6 s5 s4 (30)
do-glaze p9 glazer0 mauve (15)
do-plane p8 planer0 rough natural untreated (10)
do-grind p8 grinder0 smooth natural untreated untreated (15)
do-grind p79 grinder0 smooth natural untreated untreated (15)
do-glaze p78 glazer0 green (20)
do-grind p77 grinder0 smooth natural untreated untreated (45)
do-glaze p77 glazer0 black (20)
do-glaze p75 glazer0 mauve (20)
do-saw-small b8 p74 saw0 oak smooth s6 s5 (30)
do-plane p72 planer0 rough natural untreated (30)
do-grind p72 grinder0 smooth natural untreated untreated (45)
do-saw-small b8 p71 saw0 oak smooth s5 s4 (30)
do-immersion-varnish p71 immersion-varnisher0 black smooth (10)
do-saw-large b8 p73 saw0 oak smooth s4 s2 s3 s1 (30)
do-immersion-varnish p73 immersion-varnisher0 black smooth (10)
do-grind p70 grinder0 smooth natural untreated untreated (30)
do-saw-medium b5 p68 saw0 mahogany rough s8 s7 s6 (30)
do-glaze p68 glazer0 red (15)
do-glaze p67 glazer0 red (20)
do-plane p66 planer0 rough natural untreated (20)
do-immersion-varnish p66 immersion-varnisher0 black smooth (10)
do-glaze p65 glazer1 white (20)
do-glaze p62 glazer0 green (15)
do-glaze p61 glazer0 green (10)
do-saw-large b5 p59 saw0 mahogany rough s6 s4 s5 s3 (30)
do-plane p59 planer0 rough natural untreated (30)
do-grind p59 grinder0 smooth natural untreated untreated (45)
do-immersion-varnish p59 immersion-varnisher0 black verysmooth (10)
do-saw-medium b5 p58 saw0 mahogany rough s3 s2 s1 (30)
do-plane p58 planer0 rough natural untreated (20)
do-immersion-varnish p58 immersion-varnisher0 black smooth (10)
do-plane p57 planer0 rough natural untreated (30)
do-glaze p57 glazer0 black (20)
do-plane p56 planer0 rough natural untreated (20)
do-immersion-varnish p56 immersion-varnisher0 black smooth (10)
do-plane p55 planer0 rough natural untreated (20)
do-plane p53 planer0 rough natural untreated (10)
do-grind p53 grinder0 smooth natural untreated untreated (15)
do-immersion-varnish p53 immersion-varnisher0 black verysmooth (10)
do-saw-small b8 p52 saw0 oak smooth s1 s0 (30)
do-glaze p52 glazer0 red (10)
do-glaze p50 glazer0 mauve (15)
do-plane p5 planer0 rough natural untreated (10)
do-grind p5 grinder0 smooth natural untreated untreated (15)
do-plane p49 planer0 rough natural untreated (30)
do-immersion-varnish p49 immersion-varnisher0 black smooth (10)
do-saw-medium b4 p48 saw0 mahogany rough s6 s5 s4 (30)
do-plane p48 planer0 rough natural untreated (20)
do-immersion-varnish p48 immersion-varnisher0 black smooth (10)
do-saw-large b4 p47 saw0 mahogany rough s4 s2 s3 s1 (30)
do-glaze p47 glazer0 mauve (20)
do-glaze p46 glazer0 black (15)
do-plane p45 planer0 rough natural untreated (10)
do-immersion-varnish p45 immersion-varnisher0 black smooth (10)
do-plane p43 planer0 rough natural untreated (20)
do-grind p43 grinder0 smooth natural untreated untreated (30)
do-saw-medium b22 p42 saw0 beech rough s8 s7 s6 (30)
do-plane p42 planer0 rough natural untreated (20)
do-immersion-varnish p42 immersion-varnisher0 black smooth (10)
do-plane p41 planer0 rough natural untreated (30)
do-grind p41 grinder0 smooth natural untreated untreated (45)
do-glaze p40 glazer0 red (15)
do-saw-medium b22 p4 saw0 beech rough s6 s5 s4 (30)
do-glaze p4 glazer0 black (15)
do-saw-large b22 p39 saw0 beech rough s4 s2 s3 s1 (30)
do-plane p39 planer0 rough natural untreated (30)
do-grind p39 grinder0 smooth natural untreated untreated (45)
do-immersion-varnish p39 immersion-varnisher0 black verysmooth (10)
do-glaze p38 glazer0 red (10)
do-plane p35 planer0 rough natural untreated (10)
do-glaze p31 glazer0 black (15)
do-glaze p3 glazer1 white (15)
do-plane p28 planer0 rough natural untreated (10)
do-immersion-varnish p28 immersion-varnisher0 black smooth (10)
do-glaze p27 glazer0 red (10)
do-glaze p24 glazer0 black (15)
do-glaze p22 glazer0 mauve (10)
do-saw-small b5 p20 saw0 mahogany rough s1 s0 (30)
do-saw-medium b20 p32 saw0 teak smooth s3 s2 s1 (30)
do-plane p38 planer0 rough red glazed (10)
do-grind p38 grinder0 smooth natural untreated untreated (15)
do-immersion-varnish p38 immersion-varnisher0 black verysmooth (10)
do-glaze p32 glazer0 black (15)
do-saw-medium b17 p29 saw0 walnut rough s2 s1 s0 (30)
do-plane p29 planer0 rough natural untreated (20)
do-immersion-varnish p29 immersion-varnisher0 black smooth (10)
do-saw-large b16 p21 saw0 walnut rough s7 s5 s6 s4 (30)
do-plane p21 planer0 rough natural untreated (30)
do-grind p21 grinder0 smooth natural untreated untreated (45)
do-glaze p21 glazer0 black (20)
do-plane p20 planer0 rough natural untreated (10)
do-saw-medium b16 p2 saw0 walnut rough s4 s3 s2 (30)
do-glaze p2 glazer0 green (15)
do-saw-medium b16 p19 saw0 walnut rough s2 s1 s0 (30)
do-plane p19 planer0 rough natural untreated (20)
do-grind p19 grinder0 smooth natural untreated untreated (30)
do-glaze p19 glazer0 black (15)
do-saw-small b4 p18 saw0 mahogany rough s1 s0 (30)
do-glaze p18 glazer2 blue (10)
do-plane p17 planer0 rough natural untreated (10)
do-immersion-varnish p17 immersion-varnisher0 black smooth (10)
do-glaze p16 glazer0 black (20)
do-plane p14 planer0 rough natural untreated (30)
do-grind p14 grinder0 smooth natural untreated untreated (45)
do-grind p13 grinder0 smooth natural untreated untreated (45)
do-plane p12 planer0 rough natural untreated (20)
do-saw-small b22 p11 saw0 beech rough s1 s0 (30)
do-glaze p11 glazer0 red (10)
do-plane p1 planer0 rough natural untreated (30)
do-grind p1 grinder0 smooth natural untreated untreated (45)
do-glaze p12 glazer0 natural (15)
do-immersion-varnish p20 immersion-varnisher0 green smooth (10)
do-immersion-varnish p34 immersion-varnisher0 white smooth (10)
do-immersion-varnish p43 immersion-varnisher0 white verysmooth (10)
do-immersion-varnish p5 immersion-varnisher0 green verysmooth (10)
do-immersion-varnish p70 immersion-varnisher0 red verysmooth (10)
do-glaze p72 glazer0 natural (20)
do-immersion-varnish p74 immersion-varnisher0 green smooth (10)
do-immersion-varnish p79 immersion-varnisher0 natural verysmooth (10)
do-plane p33 planer0 smooth blue colourfragments (10)
do-glaze p33 glazer0 red (10)
do-plane p44 planer0 smooth white glazed (30)
do-glaze p44 glazer0 mauve (20)
do-plane p64 planer0 smooth green glazed (10)
do-immersion-varnish p64 immersion-varnisher0 black smooth (10)
do-plane p76 planer0 smooth red glazed (20)
do-glaze p76 glazer0 black (15)
do-immersion-varnish p30 immersion-varnisher0 white verysmooth (10)
do-immersion-varnish p60 immersion-varnisher0 green verysmooth (10)
do-plane p69 planer0 verysmooth red glazed (30)
do-glaze p69 glazer0 red (20)
do-plane p6 planer0 verysmooth green glazed (30)
do-glaze p6 glazer0 green (20)
do-grind p37 grinder0 smooth blue glazed untreated (15)
do-glaze p37 glazer2 blue (10)
do-plane p65 planer0 rough white glazed (30)
do-glaze p65 glazer1 white (20)
do-grind p65 grinder0 smooth white glazed untreated (45)
do-glaze p65 glazer1 white (20)
do-plane p47 planer0 rough mauve glazed (30)
do-glaze p47 glazer0 mauve (20)
do-plane p18 planer0 rough blue glazed (10)
do-glaze p18 glazer2 blue (10)
do-plane p16 planer0 rough black glazed (30)
do-glaze p16 glazer0 black (20)
do-plane p75 planer0 rough mauve glazed (30)
do-glaze p75 glazer0 mauve (20)
do-plane p67 planer0 rough red glazed (30)
do-glaze p67 glazer0 red (20)
do-grind p62 grinder0 smooth green glazed untreated (30)
do-glaze p62 glazer0 green (15)
do-grind p52 grinder0 smooth red glazed untreated (15)
do-glaze p52 glazer0 red (10)
do-plane p50 planer0 rough mauve glazed (20)
do-glaze p50 glazer0 mauve (15)
do-plane p40 planer0 rough red glazed (20)
do-glaze p40 glazer0 red (15)
do-grind p40 grinder0 smooth red glazed untreated (30)
do-glaze p40 glazer0 red (15)
do-plane p2 planer0 rough green glazed (20)
do-glaze p2 glazer0 green (15)
do-grind p2 grinder0 smooth green glazed untreated (30)
do-glaze p2 glazer0 green (15)
do-plane p38 planer0 verysmooth black varnished (10)
do-glaze p38 glazer0 red (10)
do-grind p38 grinder0 smooth red glazed untreated (15)
do-immersion-varnish p38 immersion-varnisher0 red verysmooth (10)
Plan length: 234 step(s).
Plan cost: 5140
Initial state h value: 367/235.
Expanded 50406 state(s).
Reopened 0 state(s).
Evaluated 50407 state(s).
Evaluations: 100814
Generated 57687556 state(s).
Dead ends: 0 state(s).
Best solution cost so far: 5140
Solution found - keep searching
Starting search: lazy_greedy(list(hff2, hlm2), preferred = list(hff2, hlm2), reopen_closed = false)
Conducting lazy best first search, (real) bound = 5140
Best heuristic value: 4797/5474 [g=0, 1 evaluated, 0 expanded, t=2550.41s]
Best heuristic value: 4777/5469 [g=20, 2 evaluated, 1 expanded, t=2550.5s]
Best heuristic value: 4766/5469 [g=30, 3 evaluated, 2 expanded, t=2550.59s]
Best heuristic value: 4765/5442 [g=35, 4 evaluated, 3 expanded, t=2550.67s]
Best heuristic value: 4743/5431 [g=45, 5 evaluated, 4 expanded, t=2550.76s]
Best heuristic value: 4726/5414 [g=55, 7 evaluated, 6 expanded, t=2550.93s]
Best heuristic value: 4664/5383 [g=85, 8 evaluated, 7 expanded, t=2551.02s]
Best heuristic value: 4653/5372 [g=95, 9 evaluated, 8 expanded, t=2551.1s]
Best heuristic value: 4642/5361 [g=105, 10 evaluated, 9 expanded, t=2551.19s]
Best heuristic value: 4636/5355 [g=110, 11 evaluated, 10 expanded, t=2551.28s]
Best heuristic value: 4609/5328 [g=125, 12 evaluated, 11 expanded, t=2551.37s]
Best heuristic value: 4598/5317 [g=135, 13 evaluated, 12 expanded, t=2551.45s]
Best heuristic value: 4586/5305 [g=140, 14 evaluated, 13 expanded, t=2551.54s]
Best heuristic value: 4582/5305 [g=155, 15 evaluated, 14 expanded, t=2551.63s]
Best heuristic value: 4524/5274 [g=170, 16 evaluated, 15 expanded, t=2551.71s]
Best heuristic value: 4520/5274 [g=185, 17 evaluated, 16 expanded, t=2551.8s]
Best heuristic value: 4513/5263 [g=180, 19 evaluated, 18 expanded, t=2551.97s]
Best heuristic value: 4509/5263 [g=195, 20 evaluated, 19 expanded, t=2552.07s]
Best heuristic value: 4491/5247 [g=190, 22 evaluated, 21 expanded, t=2552.24s]
Best heuristic value: 4487/5247 [g=205, 23 evaluated, 22 expanded, t=2552.33s]
Best heuristic value: 4485/5241 [g=195, 25 evaluated, 24 expanded, t=2552.5s]
Best heuristic value: 4481/5241 [g=210, 26 evaluated, 25 expanded, t=2552.59s]
Best heuristic value: 4475/5241 [g=205, 28 evaluated, 27 expanded, t=2552.76s]
Best heuristic value: 4471/5241 [g=220, 29 evaluated, 28 expanded, t=2552.85s]
Best heuristic value: 4459/5225 [g=210, 30 evaluated, 29 expanded, t=2552.94s]
Best heuristic value: 4455/5225 [g=225, 31 evaluated, 30 expanded, t=2553.02s]
Best heuristic value: 4453/5225 [g=215, 33 evaluated, 32 expanded, t=2553.2s]
Best heuristic value: 4449/5225 [g=230, 34 evaluated, 33 expanded, t=2553.28s]
Best heuristic value: 4428/5194 [g=240, 37 evaluated, 36 expanded, t=2553.55s]
Best heuristic value: 4424/5194 [g=255, 38 evaluated, 37 expanded, t=2553.64s]
Best heuristic value: 4422/5194 [g=245, 40 evaluated, 39 expanded, t=2553.81s]
Best heuristic value: 4418/5194 [g=260, 41 evaluated, 40 expanded, t=2553.9s]
