Dispatcher selected state size 1.
This is a nonunit task.
Simplifying transitions... done!
Initializing Exploration...
Generating landmarks using the RPG/SAS+ approach
approx. reasonable orders
approx. obedient reasonable orders
Removed 0 reasonable or obedient reasonable orders
Landmarks generation time: 140.103s
Discovered 720 landmarks, of which 10 are disjunctive and 0 are conjunctive 
792 edges
Initializing LAMA-FF Synergy Object
Initializing landmarks count heuristic...
343 initial landmarks, 280 goal landmarks
Initializing Exploration...
Generating landmarks using the RPG/SAS+ approach
approx. reasonable orders
approx. obedient reasonable orders
Removed 0 reasonable or obedient reasonable orders
Landmarks generation time: 144.866s
Discovered 720 landmarks, of which 10 are disjunctive and 0 are conjunctive 
799 edges
Initializing LAMA-FF Synergy Object
Initializing landmarks count heuristic...
343 initial landmarks, 280 goal landmarks
Starting search: lazy_greedy(list(hff1, hlm1), preferred = list(hff1, hlm1), cost_type = 1, reopen_closed = false)
Conducting lazy best first search, (real) bound = 2147483647
Best heuristic value: 377/296 [g=0, 1 evaluated, 0 expanded, t=293.01s]
Best heuristic value: 376/295 [g=1, 2 evaluated, 1 expanded, t=293.11s]
Best heuristic value: 375/294 [g=2, 3 evaluated, 2 expanded, t=293.21s]
Best heuristic value: 373/293 [g=3, 5 evaluated, 4 expanded, t=293.42s]
Best heuristic value: 371/291 [g=4, 7 evaluated, 6 expanded, t=293.63s]
Best heuristic value: 370/290 [g=5, 10 evaluated, 9 expanded, t=293.93s]
Best heuristic value: 369/289 [g=6, 13 evaluated, 12 expanded, t=294.25s]
Best heuristic value: 368/288 [g=7, 16 evaluated, 15 expanded, t=294.56s]
Best heuristic value: 367/287 [g=8, 19 evaluated, 18 expanded, t=294.87s]
Best heuristic value: 365/286 [g=9, 23 evaluated, 22 expanded, t=295.28s]
Best heuristic value: 363/284 [g=10, 27 evaluated, 26 expanded, t=295.7s]
Best heuristic value: 362/283 [g=11, 31 evaluated, 30 expanded, t=296.11s]
Best heuristic value: 361/282 [g=12, 35 evaluated, 34 expanded, t=296.52s]
Best heuristic value: 360/281 [g=13, 42 evaluated, 41 expanded, t=297.25s]
Best heuristic value: 359/280 [g=14, 49 evaluated, 48 expanded, t=297.97s]
Best heuristic value: 357/279 [g=15, 56 evaluated, 55 expanded, t=298.7s]
Best heuristic value: 356/278 [g=16, 63 evaluated, 62 expanded, t=299.42s]
Best heuristic value: 355/277 [g=17, 70 evaluated, 69 expanded, t=300.14s]
Best heuristic value: 354/276 [g=18, 77 evaluated, 76 expanded, t=300.87s]
Best heuristic value: 352/275 [g=19, 86 evaluated, 85 expanded, t=301.81s]
Best heuristic value: 351/274 [g=20, 95 evaluated, 94 expanded, t=302.74s]
Best heuristic value: 349/272 [g=21, 104 evaluated, 103 expanded, t=303.67s]
Best heuristic value: 348/271 [g=22, 114 evaluated, 113 expanded, t=304.71s]
Best heuristic value: 347/270 [g=23, 125 evaluated, 124 expanded, t=305.85s]
Best heuristic value: 344/269 [g=24, 137 evaluated, 136 expanded, t=307.09s]
Best heuristic value: 340/267 [g=25, 149 evaluated, 148 expanded, t=308.33s]
Best heuristic value: 337/265 [g=26, 161 evaluated, 160 expanded, t=309.55s]
Best heuristic value: 334/262 [g=27, 173 evaluated, 172 expanded, t=310.76s]
Best heuristic value: 331/260 [g=28, 185 evaluated, 184 expanded, t=311.97s]
Best heuristic value: 328/258 [g=29, 197 evaluated, 196 expanded, t=313.15s]
Best heuristic value: 324/256 [g=30, 209 evaluated, 208 expanded, t=314.34s]
Best heuristic value: 321/254 [g=31, 221 evaluated, 220 expanded, t=315.51s]
Best heuristic value: 318/252 [g=32, 233 evaluated, 232 expanded, t=316.66s]
Best heuristic value: 315/250 [g=33, 245 evaluated, 244 expanded, t=317.82s]
Best heuristic value: 312/249 [g=34, 257 evaluated, 256 expanded, t=318.96s]
Best heuristic value: 309/247 [g=35, 269 evaluated, 268 expanded, t=320.09s]
Best heuristic value: 306/244 [g=36, 281 evaluated, 280 expanded, t=321.22s]
Best heuristic value: 303/242 [g=37, 293 evaluated, 292 expanded, t=322.33s]
Best heuristic value: 300/241 [g=38, 305 evaluated, 304 expanded, t=323.43s]
Best heuristic value: 297/239 [g=39, 317 evaluated, 316 expanded, t=324.52s]
Best heuristic value: 294/237 [g=40, 329 evaluated, 328 expanded, t=325.6s]
Best heuristic value: 291/235 [g=41, 341 evaluated, 340 expanded, t=326.67s]
Best heuristic value: 287/233 [g=42, 353 evaluated, 352 expanded, t=327.74s]
Best heuristic value: 283/231 [g=43, 365 evaluated, 364 expanded, t=328.8s]
Best heuristic value: 280/229 [g=44, 377 evaluated, 376 expanded, t=329.84s]
Best heuristic value: 277/227 [g=45, 389 evaluated, 388 expanded, t=330.88s]
Best heuristic value: 274/225 [g=46, 401 evaluated, 400 expanded, t=331.9s]
Best heuristic value: 271/223 [g=47, 413 evaluated, 412 expanded, t=332.92s]
Best heuristic value: 268/221 [g=48, 425 evaluated, 424 expanded, t=333.93s]
Best heuristic value: 265/219 [g=49, 437 evaluated, 436 expanded, t=334.94s]
Best heuristic value: 262/217 [g=50, 449 evaluated, 448 expanded, t=335.93s]
Best heuristic value: 259/215 [g=51, 461 evaluated, 460 expanded, t=336.92s]
Best heuristic value: 256/213 [g=52, 473 evaluated, 472 expanded, t=337.9s]
Best heuristic value: 254/211 [g=53, 485 evaluated, 484 expanded, t=338.87s]
Best heuristic value: 251/209 [g=54, 497 evaluated, 496 expanded, t=339.83s]
Best heuristic value: 248/207 [g=55, 509 evaluated, 508 expanded, t=340.8s]
Best heuristic value: 245/205 [g=56, 521 evaluated, 520 expanded, t=341.75s]
Best heuristic value: 242/203 [g=57, 533 evaluated, 532 expanded, t=342.69s]
Best heuristic value: 239/201 [g=58, 545 evaluated, 544 expanded, t=343.63s]
Best heuristic value: 236/199 [g=59, 557 evaluated, 556 expanded, t=344.56s]
Best heuristic value: 232/196 [g=60, 569 evaluated, 568 expanded, t=345.48s]
Best heuristic value: 228/193 [g=61, 581 evaluated, 580 expanded, t=346.4s]
Best heuristic value: 226/192 [g=62, 593 evaluated, 592 expanded, t=347.3s]
Best heuristic value: 223/190 [g=63, 605 evaluated, 604 expanded, t=348.2s]
Best heuristic value: 220/188 [g=64, 617 evaluated, 616 expanded, t=349.09s]
Best heuristic value: 217/187 [g=65, 629 evaluated, 628 expanded, t=349.98s]
Best heuristic value: 214/185 [g=66, 641 evaluated, 640 expanded, t=350.86s]
Best heuristic value: 211/183 [g=67, 653 evaluated, 652 expanded, t=351.74s]
Best heuristic value: 208/181 [g=68, 665 evaluated, 664 expanded, t=352.61s]
Best heuristic value: 207/180 [g=69, 677 evaluated, 676 expanded, t=353.47s]
Best heuristic value: 206/179 [g=70, 689 evaluated, 688 expanded, t=354.34s]
Best heuristic value: 205/178 [g=71, 701 evaluated, 700 expanded, t=355.2s]
Best heuristic value: 204/177 [g=72, 713 evaluated, 712 expanded, t=356.06s]
Best heuristic value: 202/176 [g=73, 725 evaluated, 724 expanded, t=356.92s]
Best heuristic value: 200/175 [g=74, 737 evaluated, 736 expanded, t=357.78s]
Best heuristic value: 198/174 [g=75, 749 evaluated, 748 expanded, t=358.64s]
Best heuristic value: 197/173 [g=76, 761 evaluated, 760 expanded, t=359.49s]
Best heuristic value: 196/172 [g=77, 773 evaluated, 772 expanded, t=360.35s]
Best heuristic value: 194/171 [g=78, 785 evaluated, 784 expanded, t=361.2s]
Best heuristic value: 193/170 [g=79, 797 evaluated, 796 expanded, t=362.04s]
Best heuristic value: 192/169 [g=80, 810 evaluated, 809 expanded, t=362.95s]
Best heuristic value: 191/168 [g=81, 823 evaluated, 822 expanded, t=363.87s]
Best heuristic value: 189/167 [g=82, 836 evaluated, 835 expanded, t=364.78s]
Best heuristic value: 188/166 [g=83, 849 evaluated, 848 expanded, t=365.68s]
Best heuristic value: 187/165 [g=84, 862 evaluated, 861 expanded, t=366.59s]
Best heuristic value: 187/164 [g=85, 875 evaluated, 874 expanded, t=367.49s]
Best heuristic value: 186/164 [g=85, 877 evaluated, 876 expanded, t=367.63s]
Best heuristic value: 186/163 [g=86, 901 evaluated, 900 expanded, t=369.3s]
Best heuristic value: 185/163 [g=86, 906 evaluated, 905 expanded, t=369.65s]
Best heuristic value: 184/162 [g=87, 928 evaluated, 927 expanded, t=371.17s]
Best heuristic value: 183/162 [g=88, 941 evaluated, 940 expanded, t=372.07s]
Best heuristic value: 183/161 [g=88, 943 evaluated, 942 expanded, t=372.21s]
Best heuristic value: 182/161 [g=89, 968 evaluated, 967 expanded, t=373.93s]
Best heuristic value: 181/160 [g=89, 973 evaluated, 972 expanded, t=374.28s]
Best heuristic value: 180/160 [g=90, 986 evaluated, 985 expanded, t=375.17s]
Best heuristic value: 179/158 [g=90, 990 evaluated, 989 expanded, t=375.44s]
Best heuristic value: 178/158 [g=91, 1003 evaluated, 1002 expanded, t=376.33s]
Best heuristic value: 178/157 [g=91, 1009 evaluated, 1008 expanded, t=376.75s]
Best heuristic value: 177/157 [g=92, 1030 evaluated, 1029 expanded, t=378.18s]
Best heuristic value: 177/156 [g=92, 1041 evaluated, 1040 expanded, t=378.93s]
Best heuristic value: 176/156 [g=93, 1061 evaluated, 1060 expanded, t=380.3s]
Best heuristic value: 175/155 [g=93, 1072 evaluated, 1071 expanded, t=381.05s]
Best heuristic value: 174/155 [g=94, 1085 evaluated, 1084 expanded, t=381.93s]
Best heuristic value: 174/154 [g=94, 1091 evaluated, 1090 expanded, t=382.34s]
Best heuristic value: 173/154 [g=95, 1112 evaluated, 1111 expanded, t=383.76s]
Best heuristic value: 173/153 [g=95, 1123 evaluated, 1122 expanded, t=384.5s]
Best heuristic value: 172/153 [g=96, 1143 evaluated, 1142 expanded, t=385.87s]
Best heuristic value: 172/152 [g=96, 1154 evaluated, 1153 expanded, t=386.61s]
Best heuristic value: 171/152 [g=97, 1174 evaluated, 1173 expanded, t=387.97s]
Best heuristic value: 171/151 [g=97, 1185 evaluated, 1184 expanded, t=388.71s]
Best heuristic value: 170/151 [g=98, 1205 evaluated, 1204 expanded, t=390.07s]
Best heuristic value: 170/150 [g=98, 1216 evaluated, 1215 expanded, t=390.81s]
Best heuristic value: 169/150 [g=99, 1236 evaluated, 1235 expanded, t=392.16s]
Best heuristic value: 169/149 [g=99, 1249 evaluated, 1248 expanded, t=393.05s]
Best heuristic value: 168/149 [g=100, 1269 evaluated, 1268 expanded, t=394.4s]
Best heuristic value: 168/148 [g=100, 1282 evaluated, 1281 expanded, t=395.28s]
Best heuristic value: 167/148 [g=101, 1305 evaluated, 1304 expanded, t=396.84s]
Best heuristic value: 167/146 [g=101, 1316 evaluated, 1315 expanded, t=397.59s]
Best heuristic value: 166/146 [g=102, 1341 evaluated, 1340 expanded, t=399.28s]
Best heuristic value: 166/145 [g=102, 1350 evaluated, 1349 expanded, t=399.89s]
Best heuristic value: 164/145 [g=103, 1377 evaluated, 1376 expanded, t=401.72s]
Best heuristic value: 164/144 [g=103, 1386 evaluated, 1385 expanded, t=402.33s]
Best heuristic value: 163/144 [g=104, 1415 evaluated, 1414 expanded, t=404.29s]
Best heuristic value: 163/143 [g=104, 1422 evaluated, 1421 expanded, t=404.76s]
Best heuristic value: 162/143 [g=105, 1455 evaluated, 1454 expanded, t=407s]
Best heuristic value: 162/142 [g=105, 1458 evaluated, 1457 expanded, t=407.2s]
Best heuristic value: 162/141 [g=106, 1494 evaluated, 1493 expanded, t=409.63s]
Best heuristic value: 161/141 [g=106, 1495 evaluated, 1494 expanded, t=409.7s]
Best heuristic value: 161/140 [g=107, 1532 evaluated, 1531 expanded, t=412.18s]
Best heuristic value: 159/140 [g=107, 1535 evaluated, 1534 expanded, t=412.38s]
Best heuristic value: 159/139 [g=108, 1570 evaluated, 1569 expanded, t=414.74s]
Best heuristic value: 158/139 [g=108, 1577 evaluated, 1576 expanded, t=415.21s]
Best heuristic value: 158/138 [g=109, 1608 evaluated, 1607 expanded, t=417.29s]
Best heuristic value: 156/138 [g=109, 1619 evaluated, 1618 expanded, t=418.02s]
Best heuristic value: 156/137 [g=110, 1646 evaluated, 1645 expanded, t=419.83s]
Best heuristic value: 154/137 [g=110, 1659 evaluated, 1658 expanded, t=420.69s]
Best heuristic value: 154/136 [g=111, 1684 evaluated, 1683 expanded, t=422.36s]
Best heuristic value: 153/136 [g=111, 1699 evaluated, 1698 expanded, t=423.35s]
Best heuristic value: 153/135 [g=112, 1724 evaluated, 1723 expanded, t=425.02s]
Best heuristic value: 152/135 [g=112, 1739 evaluated, 1738 expanded, t=426.02s]
Best heuristic value: 152/134 [g=113, 1764 evaluated, 1763 expanded, t=427.68s]
Best heuristic value: 150/134 [g=113, 1779 evaluated, 1778 expanded, t=428.69s]
Best heuristic value: 150/133 [g=114, 1804 evaluated, 1803 expanded, t=430.35s]
Best heuristic value: 149/133 [g=114, 1819 evaluated, 1818 expanded, t=431.34s]
Best heuristic value: 149/132 [g=115, 1844 evaluated, 1843 expanded, t=433s]
Best heuristic value: 148/132 [g=115, 1861 evaluated, 1860 expanded, t=434.13s]
Best heuristic value: 148/131 [g=116, 1884 evaluated, 1883 expanded, t=435.65s]
Best heuristic value: 147/131 [g=116, 1903 evaluated, 1902 expanded, t=436.91s]
Best heuristic value: 147/130 [g=117, 1924 evaluated, 1923 expanded, t=438.31s]
Best heuristic value: 146/130 [g=117, 1945 evaluated, 1944 expanded, t=439.7s]
Best heuristic value: 146/129 [g=118, 1964 evaluated, 1963 expanded, t=440.95s]
Best heuristic value: 145/129 [g=118, 1987 evaluated, 1986 expanded, t=442.49s]
Best heuristic value: 145/128 [g=119, 2004 evaluated, 2003 expanded, t=443.61s]
Best heuristic value: 144/128 [g=119, 2029 evaluated, 2028 expanded, t=445.27s]
Best heuristic value: 144/126 [g=120, 2046 evaluated, 2045 expanded, t=446.39s]
Best heuristic value: 143/126 [g=120, 2071 evaluated, 2070 expanded, t=448.05s]
Best heuristic value: 142/125 [g=121, 2090 evaluated, 2089 expanded, t=449.31s]
Best heuristic value: 141/125 [g=122, 2103 evaluated, 2102 expanded, t=450.16s]
Best heuristic value: 141/124 [g=122, 2121 evaluated, 2120 expanded, t=451.32s]
Best heuristic value: 140/124 [g=123, 2130 evaluated, 2129 expanded, t=451.92s]
Best heuristic value: 139/124 [g=124, 2161 evaluated, 2160 expanded, t=453.95s]
Best heuristic value: 139/123 [g=123, 2164 evaluated, 2163 expanded, t=454.14s]
Best heuristic value: 138/123 [g=125, 2195 evaluated, 2194 expanded, t=456.16s]
Best heuristic value: 138/122 [g=124, 2208 evaluated, 2207 expanded, t=457.01s]
Best heuristic value: 137/122 [g=126, 2228 evaluated, 2227 expanded, t=458.32s]
Best heuristic value: 137/121 [g=125, 2251 evaluated, 2250 expanded, t=459.81s]
Best heuristic value: 136/121 [g=127, 2264 evaluated, 2263 expanded, t=460.66s]
Best heuristic value: 136/120 [g=126, 2297 evaluated, 2296 expanded, t=462.81s]
Best heuristic value: 135/120 [g=128, 2300 evaluated, 2299 expanded, t=463s]
Best heuristic value: 133/120 [g=129, 2338 evaluated, 2337 expanded, t=465.47s]
Best heuristic value: 133/118 [g=127, 2343 evaluated, 2342 expanded, t=465.8s]
Best heuristic value: 132/118 [g=130, 2380 evaluated, 2379 expanded, t=468.2s]
Best heuristic value: 132/117 [g=128, 2391 evaluated, 2390 expanded, t=468.91s]
Best heuristic value: 131/117 [g=131, 2422 evaluated, 2421 expanded, t=470.92s]
Best heuristic value: 131/116 [g=129, 2439 evaluated, 2438 expanded, t=472.03s]
Best heuristic value: 129/116 [g=132, 2464 evaluated, 2463 expanded, t=473.65s]
Best heuristic value: 129/115 [g=130, 2489 evaluated, 2488 expanded, t=475.26s]
Best heuristic value: 128/115 [g=133, 2508 evaluated, 2507 expanded, t=476.49s]
Best heuristic value: 128/114 [g=131, 2541 evaluated, 2540 expanded, t=478.62s]
Best heuristic value: 126/114 [g=134, 2554 evaluated, 2553 expanded, t=479.47s]
Best heuristic value: 126/113 [g=132, 2595 evaluated, 2594 expanded, t=482.11s]
Best heuristic value: 124/113 [g=135, 2600 evaluated, 2599 expanded, t=482.42s]
Best heuristic value: 123/113 [g=136, 2648 evaluated, 2647 expanded, t=485.51s]
Best heuristic value: 123/112 [g=133, 2649 evaluated, 2648 expanded, t=485.58s]
Best heuristic value: 122/112 [g=137, 2698 evaluated, 2697 expanded, t=488.73s]
Best heuristic value: 122/111 [g=134, 2703 evaluated, 2702 expanded, t=489.05s]
Best heuristic value: 120/111 [g=138, 2748 evaluated, 2747 expanded, t=491.96s]
Best heuristic value: 120/107 [g=135, 2757 evaluated, 2756 expanded, t=492.54s]
Best heuristic value: 119/107 [g=139, 2798 evaluated, 2797 expanded, t=495.18s]
Best heuristic value: 119/106 [g=136, 2811 evaluated, 2810 expanded, t=496.02s]
Best heuristic value: 118/106 [g=140, 2850 evaluated, 2849 expanded, t=498.54s]
Best heuristic value: 118/104 [g=137, 2867 evaluated, 2866 expanded, t=499.64s]
Best heuristic value: 117/104 [g=141, 2904 evaluated, 2903 expanded, t=502.02s]
Best heuristic value: 117/103 [g=138, 2925 evaluated, 2924 expanded, t=503.38s]
Best heuristic value: 116/103 [g=142, 2958 evaluated, 2957 expanded, t=505.51s]
Best heuristic value: 116/102 [g=139, 2983 evaluated, 2982 expanded, t=507.12s]
Best heuristic value: 115/102 [g=143, 3012 evaluated, 3011 expanded, t=508.98s]
Best heuristic value: 115/101 [g=140, 3041 evaluated, 3040 expanded, t=510.84s]
Best heuristic value: 113/101 [g=144, 3066 evaluated, 3065 expanded, t=512.44s]
Best heuristic value: 113/100 [g=141, 3101 evaluated, 3100 expanded, t=514.72s]
Best heuristic value: 112/100 [g=145, 3122 evaluated, 3121 expanded, t=516.07s]
Best heuristic value: 112/99 [g=142, 3161 evaluated, 3160 expanded, t=518.58s]
Best heuristic value: 110/99 [g=146, 3178 evaluated, 3177 expanded, t=519.67s]
Best heuristic value: 110/94 [g=143, 3221 evaluated, 3220 expanded, t=522.43s]
Best heuristic value: 108/94 [g=147, 3232 evaluated, 3231 expanded, t=523.14s]
Best heuristic value: 108/92 [g=144, 3283 evaluated, 3282 expanded, t=526.4s]
Best heuristic value: 107/92 [g=148, 3288 evaluated, 3287 expanded, t=526.72s]
Best heuristic value: 104/92 [g=149, 3344 evaluated, 3343 expanded, t=530.31s]
Best heuristic value: 104/91 [g=145, 3345 evaluated, 3344 expanded, t=530.37s]
Best heuristic value: 103/91 [g=150, 3400 evaluated, 3399 expanded, t=533.88s]
Best heuristic value: 103/90 [g=146, 3407 evaluated, 3406 expanded, t=534.32s]
Best heuristic value: 102/90 [g=151, 3458 evaluated, 3457 expanded, t=537.57s]
Best heuristic value: 102/89 [g=147, 3469 evaluated, 3468 expanded, t=538.27s]
Best heuristic value: 101/89 [g=152, 3516 evaluated, 3515 expanded, t=541.27s]
Best heuristic value: 101/87 [g=148, 3533 evaluated, 3532 expanded, t=542.35s]
Best heuristic value: 98/87 [g=153, 3574 evaluated, 3573 expanded, t=544.96s]
Best heuristic value: 98/85 [g=149, 3599 evaluated, 3598 expanded, t=546.54s]
Best heuristic value: 96/85 [g=154, 3634 evaluated, 3633 expanded, t=548.76s]
Best heuristic value: 96/84 [g=150, 3667 evaluated, 3666 expanded, t=550.86s]
Best heuristic value: 95/84 [g=155, 3694 evaluated, 3693 expanded, t=552.58s]
Best heuristic value: 95/83 [g=151, 3735 evaluated, 3734 expanded, t=555.18s]
Best heuristic value: 94/83 [g=156, 3754 evaluated, 3753 expanded, t=556.38s]
Best heuristic value: 94/82 [g=152, 3803 evaluated, 3802 expanded, t=559.47s]
Best heuristic value: 93/82 [g=157, 3816 evaluated, 3815 expanded, t=560.3s]
Best heuristic value: 93/81 [g=153, 3873 evaluated, 3872 expanded, t=563.89s]
Best heuristic value: 92/81 [g=158, 3878 evaluated, 3877 expanded, t=564.21s]
Best heuristic value: 90/80 [g=159, 3942 evaluated, 3941 expanded, t=568.25s]
Best heuristic value: 88/78 [g=160, 3975 evaluated, 3974 expanded, t=570.34s]
Best heuristic value: 87/77 [g=161, 4009 evaluated, 4008 expanded, t=572.5s]
Best heuristic value: 84/76 [g=162, 4043 evaluated, 4042 expanded, t=574.64s]
Best heuristic value: 83/75 [g=163, 4077 evaluated, 4076 expanded, t=576.79s]
Best heuristic value: 80/75 [g=164, 4111 evaluated, 4110 expanded, t=578.92s]
Best heuristic value: 80/74 [g=164, 4113 evaluated, 4112 expanded, t=579.05s]
Best heuristic value: 79/74 [g=165, 4178 evaluated, 4177 expanded, t=583.13s]
Best heuristic value: 79/72 [g=165, 4187 evaluated, 4186 expanded, t=583.69s]
Best heuristic value: 78/72 [g=166, 4246 evaluated, 4245 expanded, t=587.39s]
Best heuristic value: 77/72 [g=166, 4255 evaluated, 4254 expanded, t=587.96s]
Best heuristic value: 77/71 [g=166, 4263 evaluated, 4262 expanded, t=588.46s]
Best heuristic value: 76/71 [g=167, 4322 evaluated, 4321 expanded, t=592.16s]
Best heuristic value: 76/70 [g=167, 4343 evaluated, 4342 expanded, t=593.48s]
Best heuristic value: 74/70 [g=168, 4390 evaluated, 4389 expanded, t=596.42s]
Best heuristic value: 74/69 [g=168, 4423 evaluated, 4422 expanded, t=598.48s]
Best heuristic value: 73/69 [g=169, 4458 evaluated, 4457 expanded, t=600.66s]
Best heuristic value: 73/68 [g=169, 4505 evaluated, 4504 expanded, t=603.6s]
Best heuristic value: 72/68 [g=170, 4526 evaluated, 4525 expanded, t=604.91s]
Best heuristic value: 72/67 [g=170, 4587 evaluated, 4586 expanded, t=608.72s]
Best heuristic value: 71/67 [g=171, 4594 evaluated, 4593 expanded, t=609.16s]
Best heuristic value: 69/67 [g=172, 4662 evaluated, 4661 expanded, t=613.39s]
Best heuristic value: 69/65 [g=171, 4669 evaluated, 4668 expanded, t=613.83s]
Best heuristic value: 67/65 [g=173, 4730 evaluated, 4729 expanded, t=617.62s]
Best heuristic value: 67/64 [g=172, 4765 evaluated, 4764 expanded, t=619.78s]
Best heuristic value: 65/64 [g=174, 4792 evaluated, 4791 expanded, t=621.45s]
Best heuristic value: 65/62 [g=173, 4837 evaluated, 4836 expanded, t=624.2s]
Best heuristic value: 64/62 [g=175, 4860 evaluated, 4859 expanded, t=625.6s]
Best heuristic value: 63/62 [g=176, 4925 evaluated, 4924 expanded, t=629.56s]
Best heuristic value: 62/62 [g=177, 4970 evaluated, 4969 expanded, t=632.27s]
Best heuristic value: 62/61 [g=174, 4979 evaluated, 4978 expanded, t=632.81s]
Best heuristic value: 61/61 [g=178, 5036 evaluated, 5035 expanded, t=636.28s]
Best heuristic value: 61/60 [g=175, 5059 evaluated, 5058 expanded, t=637.67s]
Best heuristic value: 59/60 [g=179, 5108 evaluated, 5107 expanded, t=640.65s]
Best heuristic value: 58/60 [g=180, 5166 evaluated, 5165 expanded, t=644.13s]
Best heuristic value: 58/59 [g=176, 5187 evaluated, 5186 expanded, t=645.38s]
Best heuristic value: 57/59 [g=181, 5230 evaluated, 5229 expanded, t=647.99s]
Best heuristic value: 57/58 [g=177, 5263 evaluated, 5262 expanded, t=649.97s]
Best heuristic value: 56/58 [g=182, 5304 evaluated, 5303 expanded, t=652.44s]
Best heuristic value: 55/57 [g=183, 5367 evaluated, 5366 expanded, t=656.21s]
Best heuristic value: 54/56 [g=184, 5405 evaluated, 5404 expanded, t=658.45s]
Best heuristic value: 52/54 [g=185, 5443 evaluated, 5442 expanded, t=660.7s]
Best heuristic value: 50/53 [g=186, 5481 evaluated, 5480 expanded, t=662.94s]
Best heuristic value: 49/52 [g=187, 5519 evaluated, 5518 expanded, t=665.02s]
Best heuristic value: 48/51 [g=188, 5557 evaluated, 5556 expanded, t=667.1s]
Best heuristic value: 47/50 [g=189, 5597 evaluated, 5596 expanded, t=669.28s]
Best heuristic value: 45/48 [g=190, 5637 evaluated, 5636 expanded, t=671.47s]
Best heuristic value: 43/46 [g=191, 5676 evaluated, 5675 expanded, t=673.59s]
Best heuristic value: 42/45 [g=192, 5712 evaluated, 5711 expanded, t=675.55s]
Best heuristic value: 41/44 [g=193, 5747 evaluated, 5746 expanded, t=677.46s]
Best heuristic value: 39/42 [g=194, 5779 evaluated, 5778 expanded, t=679.2s]
Best heuristic value: 37/40 [g=195, 5812 evaluated, 5811 expanded, t=681.01s]
Best heuristic value: 36/39 [g=196, 5842 evaluated, 5841 expanded, t=682.64s]
Best heuristic value: 35/38 [g=197, 5868 evaluated, 5867 expanded, t=684.04s]
Best heuristic value: 34/37 [g=198, 5876 evaluated, 5875 expanded, t=684.47s]
Best heuristic value: 32/35 [g=199, 5906 evaluated, 5905 expanded, t=686.11s]
Best heuristic value: 31/34 [g=201, 5930 evaluated, 5929 expanded, t=687.42s]
Best heuristic value: 30/33 [g=203, 5954 evaluated, 5953 expanded, t=688.7s]
Best heuristic value: 29/32 [g=205, 5978 evaluated, 5977 expanded, t=690s]
Best heuristic value: 28/31 [g=207, 6001 evaluated, 6000 expanded, t=691.24s]
Best heuristic value: 26/29 [g=209, 6023 evaluated, 6022 expanded, t=692.43s]
Best heuristic value: 24/27 [g=211, 6043 evaluated, 6042 expanded, t=693.5s]
Best heuristic value: 23/26 [g=213, 6064 evaluated, 6063 expanded, t=694.61s]
Best heuristic value: 22/25 [g=215, 6085 evaluated, 6084 expanded, t=695.71s]
Best heuristic value: 21/24 [g=217, 6106 evaluated, 6105 expanded, t=696.82s]
Best heuristic value: 20/23 [g=219, 6131 evaluated, 6130 expanded, t=698.14s]
Best heuristic value: 19/22 [g=221, 6161 evaluated, 6160 expanded, t=699.76s]
Best heuristic value: 18/21 [g=223, 6196 evaluated, 6195 expanded, t=701.6s]
Best heuristic value: 17/20 [g=225, 6234 evaluated, 6233 expanded, t=703.6s]
Best heuristic value: 16/19 [g=227, 6317 evaluated, 6316 expanded, t=707.97s]
Best heuristic value: 15/18 [g=229, 6330 evaluated, 6329 expanded, t=708.65s]
Best heuristic value: 14/17 [g=231, 6342 evaluated, 6341 expanded, t=709.29s]
Best heuristic value: 13/16 [g=233, 6388 evaluated, 6387 expanded, t=711.71s]
Best heuristic value: 12/15 [g=235, 6434 evaluated, 6433 expanded, t=714.12s]
Best heuristic value: 11/14 [g=237, 6497 evaluated, 6496 expanded, t=717.43s]
Best heuristic value: 10/13 [g=239, 6560 evaluated, 6559 expanded, t=720.75s]
Best heuristic value: 9/12 [g=241, 6615 evaluated, 6614 expanded, t=723.63s]
Best heuristic value: 8/11 [g=243, 6662 evaluated, 6661 expanded, t=726.1s]
Best heuristic value: 7/10 [g=245, 6709 evaluated, 6708 expanded, t=728.57s]
Best heuristic value: 6/9 [g=247, 6748 evaluated, 6747 expanded, t=730.62s]
Best heuristic value: 5/8 [g=249, 6787 evaluated, 6786 expanded, t=732.67s]
Best heuristic value: 4/7 [g=251, 6818 evaluated, 6817 expanded, t=734.29s]
Best heuristic value: 3/6 [g=253, 6849 evaluated, 6848 expanded, t=735.91s]
Best heuristic value: 2/4 [g=255, 60137 evaluated, 60136 expanded, t=3540.61s]
Best heuristic value: 1/2 [g=257, 62804 evaluated, 62803 expanded, t=3676.57s]
Solution found!
Actual search time: 3563.72s [t=3856.62s]
do-grind p85 grinder0 verysmooth green glazed untreated (45)
do-immersion-varnish p85 immersion-varnisher0 blue verysmooth (10)
do-plane p70 planer0 rough black colourfragments (30)
do-glaze p70 glazer0 green (20)
do-grind p68 grinder0 verysmooth black colourfragments untreated (15)
do-glaze p68 glazer0 green (10)
do-plane p6 planer0 rough blue varnished (10)
do-glaze p6 glazer0 mauve (10)
do-plane p5 planer0 rough black varnished (30)
do-glaze p5 glazer1 red (20)
do-plane p35 planer0 verysmooth white varnished (10)
do-glaze p35 glazer0 green (10)
do-plane p22 planer0 smooth blue varnished (20)
do-glaze p22 glazer1 red (15)
do-grind p20 grinder0 smooth blue colourfragments untreated (45)
do-immersion-varnish p20 immersion-varnisher0 blue verysmooth (10)
do-grind p2 grinder0 verysmooth white colourfragments untreated (45)
do-glaze p2 glazer0 blue (20)
do-grind p15 grinder0 smooth red varnished colourfragments (45)
do-grind p14 grinder0 verysmooth green colourfragments untreated (45)
do-glaze p14 glazer1 red (20)
do-grind p11 grinder0 verysmooth green colourfragments untreated (30)
do-plane p11 planer0 verysmooth natural untreated (20)
do-saw-large b9 p1 saw0 pine rough s10 s8 s9 s7 (30)
do-saw-large b13 p12 saw0 walnut rough s4 s2 s3 s1 (30)
do-saw-large b23 p30 saw0 beech rough s8 s6 s7 s5 (30)
do-saw-large b3 p36 saw0 cherry smooth s8 s6 s7 s5 (30)
do-saw-large b3 p4 saw0 cherry smooth s5 s3 s4 s2 (30)
do-saw-large b7 p43 saw0 oak rough s8 s6 s7 s5 (30)
do-saw-large b7 p44 saw0 oak rough s5 s3 s4 s2 (30)
do-saw-large b6 p46 saw0 oak rough s12 s10 s11 s9 (30)
do-saw-large b16 p47 saw0 teak rough s8 s6 s7 s5 (30)
do-saw-large b23 p55 saw0 beech rough s5 s3 s4 s2 (30)
do-saw-large b9 p60 saw0 pine rough s7 s5 s6 s4 (30)
do-saw-large b2 p65 saw0 cherry rough s8 s6 s7 s5 (30)
do-saw-large b22 p66 saw0 beech smooth s7 s5 s6 s4 (30)
do-saw-large b6 p67 saw0 oak rough s9 s7 s8 s6 (30)
do-saw-large b9 p69 saw0 pine rough s4 s2 s3 s1 (30)
do-saw-large b12 p71 saw0 walnut rough s8 s6 s7 s5 (30)
do-saw-large b12 p77 saw0 walnut rough s5 s3 s4 s2 (30)
do-saw-medium b17 p10 saw0 teak rough s2 s1 s0 (30)
do-saw-medium b5 p16 saw0 mahogany smooth s7 s6 s5 (30)
do-saw-medium b5 p19 saw0 mahogany smooth s5 s4 s3 (30)
do-saw-medium b3 p25 saw0 cherry smooth s2 s1 s0 (30)
do-saw-medium b12 p28 saw0 walnut rough s2 s1 s0 (30)
do-saw-small b16 p29 saw0 teak rough s5 s4 (30)
do-saw-small b13 p3 saw0 walnut rough s1 s0 (30)
do-saw-medium b16 p31 saw0 teak rough s4 s3 s2 (30)
do-saw-small b11 p34 saw0 walnut smooth s11 s10 (30)
do-saw-medium b16 p38 saw0 teak rough s2 s1 s0 (30)
do-saw-medium b2 p40 saw0 cherry rough s5 s4 s3 (30)
do-saw-small b23 p42 saw0 beech rough s2 s1 (30)
do-saw-small b2 p45 saw0 cherry rough s3 s2 (30)
do-saw-medium b11 p48 saw0 walnut smooth s10 s9 s8 (30)
do-saw-medium b2 p53 saw0 cherry rough s2 s1 s0 (30)
do-saw-small b11 p56 saw0 walnut smooth s8 s7 (30)
do-saw-small b23 p57 saw0 beech rough s1 s0 (30)
do-saw-small b1 p59 saw0 cherry rough s7 s6 (30)
do-saw-medium b15 p62 saw0 teak rough s9 s8 s7 (30)
do-saw-medium b22 p63 saw0 beech smooth s4 s3 s2 (30)
do-saw-medium b22 p64 saw0 beech smooth s2 s1 s0 (30)
do-saw-medium b8 p74 saw0 pine rough s10 s9 s8 (30)
do-saw-medium b15 p75 saw0 teak rough s7 s6 s5 (30)
do-saw-small b5 p8 saw0 mahogany smooth s3 s2 (30)
do-saw-small b9 p82 saw0 pine rough s1 s0 (30)
do-saw-medium b5 p83 saw0 mahogany smooth s2 s1 s0 (30)
do-saw-medium b15 p84 saw0 teak rough s5 s4 s3 (30)
do-saw-medium b7 p9 saw0 oak rough s2 s1 s0 (30)
do-glaze p9 glazer0 mauve (15)
do-plane p84 planer0 rough natural untreated (20)
do-grind p84 grinder0 smooth natural untreated untreated (30)
do-glaze p83 glazer0 black (15)
do-saw-small b8 p80 saw0 pine rough s8 s7 (30)
do-glaze p80 glazer0 black (10)
do-saw-medium b8 p79 saw0 pine rough s7 s6 s5 (30)
do-plane p79 planer0 rough natural untreated (20)
do-immersion-varnish p79 immersion-varnisher0 blue smooth (10)
do-saw-small b8 p78 saw0 pine rough s5 s4 (30)
do-glaze p78 glazer0 white (10)
do-plane p77 planer0 rough natural untreated (30)
do-immersion-varnish p77 immersion-varnisher0 blue smooth (10)
do-saw-small b8 p76 saw0 pine rough s4 s3 (30)
do-plane p76 planer0 rough natural untreated (10)
do-immersion-varnish p76 immersion-varnisher0 blue smooth (10)
do-glaze p75 glazer0 white (15)
do-plane p74 planer0 rough natural untreated (20)
do-saw-medium b8 p73 saw0 pine rough s3 s2 s1 (30)
do-glaze p73 glazer1 red (15)
do-saw-large b6 p72 saw0 oak rough s6 s4 s5 s3 (30)
do-glaze p72 glazer1 red (20)
do-plane p71 planer0 rough natural untreated (30)
do-grind p71 grinder0 smooth natural untreated untreated (45)
do-saw-small b8 p7 saw0 pine rough s1 s0 (30)
do-plane p7 planer0 rough natural untreated (10)
do-immersion-varnish p7 immersion-varnisher0 blue smooth (10)
do-plane p69 planer0 rough natural untreated (30)
do-immersion-varnish p69 immersion-varnisher0 blue smooth (10)
do-glaze p67 glazer0 white (20)
do-plane p65 planer0 rough natural untreated (30)
do-grind p65 grinder0 smooth natural untreated untreated (45)
do-glaze p64 glazer0 white (15)
do-glaze p63 glazer0 green (15)
do-plane p62 planer0 rough natural untreated (20)
do-immersion-varnish p62 immersion-varnisher0 blue smooth (10)
do-saw-large b6 p61 saw0 oak rough s3 s1 s2 s0 (30)
do-glaze p61 glazer0 blue (20)
do-glaze p60 glazer0 black (20)
do-plane p59 planer0 rough natural untreated (10)
do-immersion-varnish p59 immersion-varnisher0 blue smooth (10)
do-saw-small b4 p58 saw0 mahogany rough s9 s8 (30)
do-glaze p58 glazer0 black (10)
do-plane p57 planer0 rough natural untreated (10)
do-grind p57 grinder0 smooth natural untreated untreated (15)
do-glaze p57 glazer0 black (10)
do-glaze p56 glazer0 white (10)
do-plane p55 planer0 rough natural untreated (30)
do-grind p55 grinder0 smooth natural untreated untreated (45)
do-glaze p55 glazer0 black (20)
do-saw-small b4 p54 saw0 mahogany rough s8 s7 (30)
do-glaze p53 glazer1 red (15)
do-saw-small b4 p51 saw0 mahogany rough s7 s6 (30)
do-plane p75 planer0 rough white glazed (20)
do-immersion-varnish p75 immersion-varnisher0 blue smooth (10)
do-plane p67 planer0 rough white glazed (30)
do-immersion-varnish p67 immersion-varnisher0 blue smooth (10)
do-grind p63 grinder0 smooth green glazed untreated (30)
do-immersion-varnish p63 immersion-varnisher0 blue verysmooth (10)
do-plane p61 planer0 rough blue glazed (30)
do-immersion-varnish p61 immersion-varnisher0 blue smooth (10)
do-plane p51 planer0 rough natural untreated (10)
do-glaze p51 glazer0 black (10)
do-saw-medium b4 p50 saw0 mahogany rough s6 s5 s4 (30)
do-plane p50 planer0 rough natural untreated (20)
do-saw-small b4 p49 saw0 mahogany rough s4 s3 (30)
do-glaze p49 glazer0 white (10)
do-glaze p48 glazer0 blue (15)
do-plane p47 planer0 rough natural untreated (30)
do-immersion-varnish p47 immersion-varnisher0 blue smooth (10)
do-plane p46 planer0 rough natural untreated (30)
do-plane p45 planer0 rough natural untreated (10)
do-plane p43 planer0 rough natural untreated (30)
do-grind p43 grinder0 smooth natural untreated untreated (45)
do-glaze p42 glazer0 white (10)
do-saw-medium b4 p41 saw0 mahogany rough s3 s2 s1 (30)
do-plane p41 planer0 rough natural untreated (20)
do-immersion-varnish p41 immersion-varnisher0 blue smooth (10)
do-glaze p40 glazer0 mauve (15)
do-glaze p4 glazer0 black (20)
do-saw-large b21 p39 saw0 beech smooth s7 s5 s6 s4 (30)
do-glaze p39 glazer0 black (20)
do-plane p38 planer0 rough natural untreated (20)
do-immersion-varnish p38 immersion-varnisher0 blue smooth (10)
do-saw-small b4 p37 saw0 mahogany rough s1 s0 (30)
do-glaze p34 glazer0 green (10)
do-plane p31 planer0 rough natural untreated (20)
do-grind p31 grinder0 smooth natural untreated untreated (30)
do-plane p30 planer0 rough natural untreated (30)
do-grind p30 grinder0 smooth natural untreated untreated (45)
do-glaze p3 glazer1 red (10)
do-glaze p29 glazer0 mauve (10)
do-glaze p28 glazer0 white (15)
do-saw-small b21 p27 saw0 beech smooth s4 s3 (30)
do-glaze p27 glazer1 red (10)
do-glaze p25 glazer0 white (15)
do-glaze p19 glazer1 red (15)
do-saw-large b21 p26 saw0 beech smooth s3 s1 s2 s0 (30)
do-glaze p26 glazer0 blue (20)
do-saw-small b20 p23 saw0 beech rough s12 s11 (30)
do-plane p23 planer0 rough natural untreated (10)
do-grind p23 grinder0 smooth natural untreated untreated (15)
do-immersion-varnish p23 immersion-varnisher0 blue verysmooth (10)
do-saw-large b20 p21 saw0 beech rough s11 s9 s10 s8 (30)
do-glaze p21 glazer1 red (20)
do-saw-large b20 p18 saw0 beech rough s8 s6 s7 s5 (30)
do-plane p18 planer0 rough natural untreated (30)
do-grind p18 grinder0 smooth natural untreated untreated (45)
do-immersion-varnish p18 immersion-varnisher0 blue verysmooth (10)
do-grind p16 grinder0 smooth natural untreated untreated (30)
do-saw-small b20 p13 saw0 beech rough s5 s4 (30)
do-glaze p13 glazer0 white (10)
do-plane p12 planer0 rough natural untreated (30)
do-grind p12 grinder0 smooth natural untreated untreated (45)
do-plane p10 planer0 rough natural untreated (20)
do-grind p10 grinder0 smooth natural untreated untreated (30)
do-glaze p1 glazer0 blue (20)
do-saw-small b20 p0 saw0 beech rough s4 s3 (30)
do-plane p0 planer0 rough natural untreated (10)
do-immersion-varnish p0 immersion-varnisher0 blue smooth (10)
do-immersion-varnish p12 immersion-varnisher0 natural verysmooth (10)
do-immersion-varnish p16 immersion-varnisher0 white verysmooth (10)
do-immersion-varnish p30 immersion-varnisher1 black verysmooth (10)
do-glaze p37 glazer0 natural (10)
do-glaze p44 glazer0 natural (20)
do-immersion-varnish p46 immersion-varnisher0 mauve smooth (10)
do-immersion-varnish p50 immersion-varnisher1 black smooth (10)
do-glaze p54 glazer0 natural (10)
do-plane p17 planer0 smooth red colourfragments (20)
do-immersion-varnish p17 immersion-varnisher0 blue smooth (10)
do-immersion-varnish p11 immersion-varnisher1 black smooth (10)
do-plane p81 planer0 verysmooth green varnished (10)
do-glaze p81 glazer0 blue (10)
do-grind p81 grinder0 smooth blue glazed untreated (15)
do-glaze p81 glazer0 blue (10)
do-plane p52 planer0 rough blue varnished (20)
do-immersion-varnish p52 immersion-varnisher0 blue smooth (10)
do-plane p33 planer0 rough green glazed (10)
do-glaze p33 glazer0 black (10)
do-grind p32 grinder0 verysmooth blue glazed untreated (30)
do-glaze p32 glazer1 red (15)
do-plane p24 planer0 verysmooth natural varnished (10)
do-glaze p24 glazer0 white (10)
do-plane p2 planer0 verysmooth blue glazed (30)
do-glaze p2 glazer0 blue (20)
do-plane p78 planer0 rough white glazed (10)
do-glaze p78 glazer0 white (10)
do-grind p78 grinder0 smooth white glazed untreated (15)
do-glaze p78 glazer0 white (10)
do-plane p73 planer0 rough red glazed (20)
do-glaze p73 glazer1 red (15)
do-plane p58 planer0 rough black glazed (10)
do-glaze p58 glazer0 black (10)
do-grind p39 grinder0 smooth black glazed untreated (45)
do-glaze p39 glazer0 black (20)
do-plane p13 planer0 rough white glazed (10)
do-glaze p13 glazer0 white (10)
do-grind p70 grinder0 smooth green glazed untreated (45)
do-glaze p70 glazer0 green (20)
do-grind p24 grinder0 smooth white glazed untreated (15)
do-glaze p24 glazer0 white (10)
do-plane p14 planer0 verysmooth red glazed (30)
do-glaze p14 glazer1 red (20)
do-plane p72 planer0 rough red glazed (30)
do-glaze p72 glazer1 red (20)
do-grind p72 grinder0 smooth red glazed untreated (45)
do-glaze p72 glazer1 red (20)
do-plane p53 planer0 rough red glazed (20)
do-glaze p53 glazer1 red (15)
do-grind p53 grinder0 smooth red glazed untreated (30)
do-glaze p53 glazer1 red (15)
do-plane p49 planer0 rough white glazed (10)
do-glaze p49 glazer0 white (10)
do-plane p40 planer0 rough mauve glazed (20)
do-glaze p40 glazer0 mauve (15)
do-grind p40 grinder0 smooth mauve glazed untreated (30)
do-glaze p40 glazer0 mauve (15)
do-plane p3 planer0 rough red glazed (10)
do-glaze p3 glazer1 red (10)
do-grind p3 grinder0 smooth red glazed untreated (15)
do-glaze p3 glazer1 red (10)
do-plane p29 planer0 rough mauve glazed (10)
do-glaze p29 glazer0 mauve (10)
do-grind p29 grinder0 smooth mauve glazed untreated (15)
do-glaze p29 glazer0 mauve (10)
do-plane p75 planer0 smooth blue varnished (20)
do-immersion-varnish p75 immersion-varnisher0 white smooth (10)
do-plane p67 planer0 smooth blue varnished (30)
do-immersion-varnish p67 immersion-varnisher0 white smooth (10)
do-plane p63 planer0 verysmooth blue varnished (20)
do-glaze p63 glazer0 green (15)
do-grind p63 grinder0 smooth green glazed untreated (30)
do-immersion-varnish p63 immersion-varnisher0 green verysmooth (10)
Plan length: 261 step(s).
Plan cost: 5615
Initial state h value: 377/296.
Expanded 66433 state(s).
Reopened 0 state(s).
Evaluated 66434 state(s).
Evaluations: 132868
Generated 79896368 state(s).
Dead ends: 0 state(s).
Best solution cost so far: 5615
Solution found - keep searching
Starting search: lazy_greedy(list(hff2, hlm2), preferred = list(hff2, hlm2), reopen_closed = false)
Conducting lazy best first search, (real) bound = 5615
Best heuristic value: 5032/7410 [g=0, 1 evaluated, 0 expanded, t=3856.72s]
Best heuristic value: 5001/7379 [g=30, 2 evaluated, 1 expanded, t=3856.83s]
Best heuristic value: 4990/7368 [g=40, 3 evaluated, 2 expanded, t=3856.93s]
Best heuristic value: 4980/7368 [g=50, 4 evaluated, 3 expanded, t=3857.03s]
Best heuristic value: 4974/7367 [g=55, 5 evaluated, 4 expanded, t=3857.14s]
Best heuristic value: 4912/7326 [g=85, 7 evaluated, 6 expanded, t=3857.35s]
Best heuristic value: 4866/7280 [g=130, 10 evaluated, 9 expanded, t=3857.66s]
Best heuristic value: 4855/7269 [g=140, 14 evaluated, 13 expanded, t=3858.08s]
Best heuristic value: 4849/7263 [g=145, 18 evaluated, 17 expanded, t=3858.49s]
Best heuristic value: 4838/7247 [g=155, 22 evaluated, 21 expanded, t=3858.91s]
Best heuristic value: 4832/7241 [g=160, 26 evaluated, 25 expanded, t=3859.33s]
Best heuristic value: 4812/7231 [g=180, 30 evaluated, 29 expanded, t=3859.75s]
Best heuristic value: 4811/7220 [g=190, 34 evaluated, 33 expanded, t=3860.16s]
Best heuristic value: 4749/7179 [g=220, 38 evaluated, 37 expanded, t=3860.58s]
