Dispatcher selected state size 1.
This is a nonunit task.
Simplifying transitions... done!
Initializing Exploration...
Generating landmarks using the RPG/SAS+ approach
approx. reasonable orders
approx. obedient reasonable orders
Removed 0 reasonable or obedient reasonable orders
Landmarks generation time: 216.956s
Discovered 821 landmarks, of which 11 are disjunctive and 0 are conjunctive 
897 edges
Initializing LAMA-FF Synergy Object
Initializing landmarks count heuristic...
391 initial landmarks, 321 goal landmarks
Initializing Exploration...
Generating landmarks using the RPG/SAS+ approach
approx. reasonable orders
approx. obedient reasonable orders
Removed 0 reasonable or obedient reasonable orders
Landmarks generation time: 209.317s
Discovered 821 landmarks, of which 11 are disjunctive and 0 are conjunctive 
891 edges
Initializing LAMA-FF Synergy Object
Initializing landmarks count heuristic...
391 initial landmarks, 321 goal landmarks
Starting search: lazy_greedy(list(hff1, hlm1), preferred = list(hff1, hlm1), cost_type = 1, reopen_closed = false)
Conducting lazy best first search, (real) bound = 2147483647
Best heuristic value: 430/332 [g=0, 1 evaluated, 0 expanded, t=436.75s]
Best heuristic value: 428/331 [g=1, 2 evaluated, 1 expanded, t=436.88s]
Best heuristic value: 426/330 [g=2, 6 evaluated, 5 expanded, t=437.42s]
Best heuristic value: 425/329 [g=3, 10 evaluated, 9 expanded, t=437.96s]
Best heuristic value: 424/328 [g=4, 14 evaluated, 13 expanded, t=438.5s]
Best heuristic value: 423/327 [g=5, 19 evaluated, 18 expanded, t=439.17s]
Best heuristic value: 422/326 [g=6, 24 evaluated, 23 expanded, t=439.85s]
Best heuristic value: 420/325 [g=7, 29 evaluated, 28 expanded, t=440.52s]
Best heuristic value: 419/324 [g=8, 34 evaluated, 33 expanded, t=441.19s]
Best heuristic value: 418/323 [g=9, 39 evaluated, 38 expanded, t=441.87s]
Best heuristic value: 416/321 [g=10, 44 evaluated, 43 expanded, t=442.54s]
Best heuristic value: 415/320 [g=11, 49 evaluated, 48 expanded, t=443.22s]
Best heuristic value: 414/319 [g=12, 54 evaluated, 53 expanded, t=443.89s]
Best heuristic value: 412/318 [g=13, 59 evaluated, 58 expanded, t=444.57s]
Best heuristic value: 411/317 [g=14, 64 evaluated, 63 expanded, t=445.24s]
Best heuristic value: 409/316 [g=15, 69 evaluated, 68 expanded, t=445.92s]
Best heuristic value: 408/315 [g=16, 74 evaluated, 73 expanded, t=446.59s]
Best heuristic value: 407/314 [g=17, 80 evaluated, 79 expanded, t=447.4s]
Best heuristic value: 406/313 [g=18, 86 evaluated, 85 expanded, t=448.21s]
Best heuristic value: 405/312 [g=19, 93 evaluated, 92 expanded, t=449.17s]
Best heuristic value: 404/311 [g=20, 100 evaluated, 99 expanded, t=450.11s]
Best heuristic value: 403/310 [g=21, 109 evaluated, 108 expanded, t=451.33s]
Best heuristic value: 402/309 [g=22, 118 evaluated, 117 expanded, t=452.54s]
Best heuristic value: 401/308 [g=23, 127 evaluated, 126 expanded, t=453.75s]
Best heuristic value: 400/307 [g=24, 136 evaluated, 135 expanded, t=454.98s]
Best heuristic value: 397/305 [g=25, 147 evaluated, 146 expanded, t=456.46s]
Best heuristic value: 393/303 [g=26, 158 evaluated, 157 expanded, t=457.94s]
Best heuristic value: 390/301 [g=27, 169 evaluated, 168 expanded, t=459.39s]
Best heuristic value: 387/299 [g=28, 180 evaluated, 179 expanded, t=460.85s]
Best heuristic value: 384/297 [g=29, 191 evaluated, 190 expanded, t=462.29s]
Best heuristic value: 380/297 [g=30, 202 evaluated, 201 expanded, t=463.73s]
Best heuristic value: 380/295 [g=30, 204 evaluated, 203 expanded, t=463.99s]
Best heuristic value: 378/295 [g=31, 223 evaluated, 222 expanded, t=466.45s]
Best heuristic value: 378/293 [g=31, 227 evaluated, 226 expanded, t=466.96s]
Best heuristic value: 375/293 [g=32, 244 evaluated, 243 expanded, t=469.14s]
Best heuristic value: 375/291 [g=32, 250 evaluated, 249 expanded, t=469.9s]
Best heuristic value: 372/291 [g=33, 265 evaluated, 264 expanded, t=471.81s]
Best heuristic value: 372/289 [g=33, 273 evaluated, 272 expanded, t=472.82s]
Best heuristic value: 369/289 [g=34, 286 evaluated, 285 expanded, t=474.47s]
Best heuristic value: 369/287 [g=34, 296 evaluated, 295 expanded, t=475.73s]
Best heuristic value: 366/287 [g=35, 307 evaluated, 306 expanded, t=477.11s]
Best heuristic value: 366/285 [g=35, 319 evaluated, 318 expanded, t=478.61s]
Best heuristic value: 363/285 [g=36, 328 evaluated, 327 expanded, t=479.73s]
Best heuristic value: 363/283 [g=36, 342 evaluated, 341 expanded, t=481.46s]
Best heuristic value: 360/283 [g=37, 349 evaluated, 348 expanded, t=482.32s]
Best heuristic value: 360/281 [g=37, 365 evaluated, 364 expanded, t=484.29s]
Best heuristic value: 357/281 [g=38, 370 evaluated, 369 expanded, t=484.9s]
Best heuristic value: 357/280 [g=38, 388 evaluated, 387 expanded, t=487.09s]
Best heuristic value: 354/280 [g=39, 391 evaluated, 390 expanded, t=487.46s]
Best heuristic value: 354/278 [g=39, 411 evaluated, 410 expanded, t=489.87s]
Best heuristic value: 351/278 [g=40, 412 evaluated, 411 expanded, t=489.99s]
Best heuristic value: 348/276 [g=41, 433 evaluated, 432 expanded, t=492.51s]
Best heuristic value: 345/274 [g=42, 444 evaluated, 443 expanded, t=493.81s]
Best heuristic value: 342/272 [g=43, 455 evaluated, 454 expanded, t=495.11s]
Best heuristic value: 340/270 [g=44, 466 evaluated, 465 expanded, t=496.39s]
Best heuristic value: 336/268 [g=45, 477 evaluated, 476 expanded, t=497.67s]
Best heuristic value: 333/266 [g=46, 488 evaluated, 487 expanded, t=498.93s]
Best heuristic value: 330/264 [g=47, 499 evaluated, 498 expanded, t=500.18s]
Best heuristic value: 326/264 [g=48, 510 evaluated, 509 expanded, t=501.43s]
Best heuristic value: 326/262 [g=48, 512 evaluated, 511 expanded, t=501.65s]
Best heuristic value: 323/262 [g=49, 531 evaluated, 530 expanded, t=503.8s]
Best heuristic value: 323/260 [g=49, 535 evaluated, 534 expanded, t=504.24s]
Best heuristic value: 320/260 [g=50, 552 evaluated, 551 expanded, t=506.15s]
Best heuristic value: 320/258 [g=50, 558 evaluated, 557 expanded, t=506.81s]
Best heuristic value: 316/258 [g=51, 573 evaluated, 572 expanded, t=508.47s]
Best heuristic value: 316/256 [g=51, 581 evaluated, 580 expanded, t=509.35s]
Best heuristic value: 314/256 [g=52, 594 evaluated, 593 expanded, t=510.78s]
Best heuristic value: 314/254 [g=52, 606 evaluated, 605 expanded, t=512.1s]
Best heuristic value: 310/254 [g=53, 615 evaluated, 614 expanded, t=513.08s]
Best heuristic value: 310/252 [g=53, 632 evaluated, 631 expanded, t=514.93s]
Best heuristic value: 307/252 [g=54, 637 evaluated, 636 expanded, t=515.47s]
Best heuristic value: 307/251 [g=54, 658 evaluated, 657 expanded, t=517.74s]
Best heuristic value: 304/251 [g=55, 659 evaluated, 658 expanded, t=517.85s]
Best heuristic value: 302/250 [g=56, 681 evaluated, 680 expanded, t=520.21s]
Best heuristic value: 299/249 [g=57, 692 evaluated, 691 expanded, t=521.37s]
Best heuristic value: 296/247 [g=58, 703 evaluated, 702 expanded, t=522.53s]
Best heuristic value: 293/245 [g=59, 714 evaluated, 713 expanded, t=523.68s]
Best heuristic value: 290/244 [g=60, 725 evaluated, 724 expanded, t=524.82s]
Best heuristic value: 287/242 [g=61, 736 evaluated, 735 expanded, t=525.95s]
Best heuristic value: 284/241 [g=62, 747 evaluated, 746 expanded, t=527.08s]
Best heuristic value: 282/240 [g=63, 758 evaluated, 757 expanded, t=528.2s]
Best heuristic value: 279/239 [g=64, 769 evaluated, 768 expanded, t=529.3s]
Best heuristic value: 276/237 [g=65, 780 evaluated, 779 expanded, t=530.4s]
Best heuristic value: 273/235 [g=66, 791 evaluated, 790 expanded, t=531.5s]
Best heuristic value: 270/233 [g=67, 802 evaluated, 801 expanded, t=532.58s]
Best heuristic value: 267/231 [g=68, 813 evaluated, 812 expanded, t=533.66s]
Best heuristic value: 264/229 [g=69, 824 evaluated, 823 expanded, t=534.73s]
Best heuristic value: 261/227 [g=70, 835 evaluated, 834 expanded, t=535.79s]
Best heuristic value: 258/225 [g=71, 846 evaluated, 845 expanded, t=536.84s]
Best heuristic value: 255/223 [g=72, 857 evaluated, 856 expanded, t=537.89s]
Best heuristic value: 252/221 [g=73, 868 evaluated, 867 expanded, t=538.92s]
Best heuristic value: 249/219 [g=74, 879 evaluated, 878 expanded, t=539.95s]
Best heuristic value: 246/217 [g=75, 890 evaluated, 889 expanded, t=540.98s]
Best heuristic value: 243/215 [g=76, 901 evaluated, 900 expanded, t=542s]
Best heuristic value: 240/213 [g=77, 912 evaluated, 911 expanded, t=543.02s]
Best heuristic value: 237/211 [g=78, 923 evaluated, 922 expanded, t=544.02s]
Best heuristic value: 234/209 [g=79, 934 evaluated, 933 expanded, t=545.03s]
Best heuristic value: 230/207 [g=80, 945 evaluated, 944 expanded, t=546.02s]
Best heuristic value: 228/206 [g=81, 956 evaluated, 955 expanded, t=547.01s]
Best heuristic value: 227/205 [g=82, 967 evaluated, 966 expanded, t=547.98s]
Best heuristic value: 226/204 [g=83, 979 evaluated, 978 expanded, t=549.05s]
Best heuristic value: 226/203 [g=84, 992 evaluated, 991 expanded, t=550.21s]
Best heuristic value: 225/203 [g=84, 994 evaluated, 993 expanded, t=550.39s]
Best heuristic value: 225/202 [g=85, 1018 evaluated, 1017 expanded, t=552.52s]
Best heuristic value: 224/202 [g=85, 1021 evaluated, 1020 expanded, t=552.79s]
Best heuristic value: 223/201 [g=86, 1048 evaluated, 1047 expanded, t=555.19s]
Best heuristic value: 222/201 [g=87, 1061 evaluated, 1060 expanded, t=556.34s]
Best heuristic value: 221/199 [g=87, 1065 evaluated, 1064 expanded, t=556.69s]
Best heuristic value: 220/199 [g=88, 1078 evaluated, 1077 expanded, t=557.84s]
Best heuristic value: 220/198 [g=88, 1082 evaluated, 1081 expanded, t=558.19s]
Best heuristic value: 219/198 [g=89, 1105 evaluated, 1104 expanded, t=560.22s]
Best heuristic value: 219/197 [g=89, 1112 evaluated, 1111 expanded, t=560.84s]
Best heuristic value: 218/197 [g=90, 1133 evaluated, 1132 expanded, t=562.69s]
Best heuristic value: 217/196 [g=90, 1142 evaluated, 1141 expanded, t=563.48s]
Best heuristic value: 216/196 [g=91, 1155 evaluated, 1154 expanded, t=564.62s]
Best heuristic value: 216/195 [g=91, 1159 evaluated, 1158 expanded, t=564.97s]
Best heuristic value: 215/195 [g=92, 1182 evaluated, 1181 expanded, t=566.98s]
Best heuristic value: 215/194 [g=92, 1191 evaluated, 1190 expanded, t=567.77s]
Best heuristic value: 214/194 [g=93, 1210 evaluated, 1209 expanded, t=569.43s]
Best heuristic value: 214/193 [g=93, 1223 evaluated, 1222 expanded, t=570.57s]
Best heuristic value: 213/193 [g=94, 1239 evaluated, 1238 expanded, t=571.97s]
Best heuristic value: 212/191 [g=94, 1254 evaluated, 1253 expanded, t=573.29s]
Best heuristic value: 211/191 [g=95, 1267 evaluated, 1266 expanded, t=574.42s]
Best heuristic value: 211/190 [g=95, 1275 evaluated, 1274 expanded, t=575.12s]
Best heuristic value: 210/190 [g=96, 1294 evaluated, 1293 expanded, t=576.79s]
Best heuristic value: 210/189 [g=96, 1309 evaluated, 1308 expanded, t=578.11s]
Best heuristic value: 209/189 [g=97, 1322 evaluated, 1321 expanded, t=579.25s]
Best heuristic value: 209/188 [g=97, 1343 evaluated, 1342 expanded, t=581.08s]
Best heuristic value: 208/188 [g=98, 1355 evaluated, 1354 expanded, t=582.13s]
Best heuristic value: 208/187 [g=98, 1378 evaluated, 1377 expanded, t=584.15s]
Best heuristic value: 207/187 [g=99, 1388 evaluated, 1387 expanded, t=585.02s]
Best heuristic value: 206/185 [g=99, 1413 evaluated, 1412 expanded, t=587.2s]
Best heuristic value: 205/185 [g=100, 1426 evaluated, 1425 expanded, t=588.33s]
Best heuristic value: 204/184 [g=100, 1438 evaluated, 1437 expanded, t=589.37s]
Best heuristic value: 203/184 [g=101, 1451 evaluated, 1450 expanded, t=590.49s]
Best heuristic value: 203/183 [g=101, 1463 evaluated, 1462 expanded, t=591.52s]
Best heuristic value: 202/183 [g=102, 1478 evaluated, 1477 expanded, t=592.81s]
Best heuristic value: 202/182 [g=102, 1501 evaluated, 1500 expanded, t=594.79s]
Best heuristic value: 201/182 [g=103, 1506 evaluated, 1505 expanded, t=595.22s]
Best heuristic value: 201/181 [g=103, 1538 evaluated, 1537 expanded, t=597.97s]
Best heuristic value: 200/181 [g=104, 1539 evaluated, 1538 expanded, t=598.06s]
Best heuristic value: 199/181 [g=105, 1575 evaluated, 1574 expanded, t=601.17s]
Best heuristic value: 199/179 [g=104, 1578 evaluated, 1577 expanded, t=601.43s]
Best heuristic value: 198/179 [g=105, 1604 evaluated, 1603 expanded, t=603.67s]
Best heuristic value: 198/178 [g=105, 1620 evaluated, 1619 expanded, t=605.05s]
Best heuristic value: 197/178 [g=106, 1631 evaluated, 1630 expanded, t=606s]
Best heuristic value: 196/178 [g=107, 1659 evaluated, 1658 expanded, t=608.41s]
Best heuristic value: 196/177 [g=106, 1662 evaluated, 1661 expanded, t=608.66s]
Best heuristic value: 195/177 [g=108, 1692 evaluated, 1691 expanded, t=611.25s]
Best heuristic value: 195/176 [g=107, 1703 evaluated, 1702 expanded, t=612.19s]
Best heuristic value: 194/176 [g=109, 1728 evaluated, 1727 expanded, t=614.34s]
Best heuristic value: 194/175 [g=108, 1745 evaluated, 1744 expanded, t=615.81s]
Best heuristic value: 193/175 [g=110, 1769 evaluated, 1768 expanded, t=617.86s]
Best heuristic value: 193/174 [g=109, 1786 evaluated, 1785 expanded, t=619.32s]
Best heuristic value: 192/174 [g=111, 1811 evaluated, 1810 expanded, t=621.47s]
Best heuristic value: 192/173 [g=110, 1830 evaluated, 1829 expanded, t=623.1s]
Best heuristic value: 191/173 [g=112, 1853 evaluated, 1852 expanded, t=625.07s]
Best heuristic value: 191/172 [g=111, 1874 evaluated, 1873 expanded, t=626.87s]
Best heuristic value: 189/172 [g=113, 1895 evaluated, 1894 expanded, t=628.67s]
Best heuristic value: 189/171 [g=112, 1918 evaluated, 1917 expanded, t=630.63s]
Best heuristic value: 188/171 [g=114, 1939 evaluated, 1938 expanded, t=632.43s]
Best heuristic value: 188/170 [g=113, 1962 evaluated, 1961 expanded, t=634.39s]
Best heuristic value: 187/170 [g=115, 1985 evaluated, 1984 expanded, t=636.35s]
Best heuristic value: 187/169 [g=114, 2006 evaluated, 2005 expanded, t=638.15s]
Best heuristic value: 186/169 [g=116, 2031 evaluated, 2030 expanded, t=640.28s]
Best heuristic value: 186/168 [g=115, 2050 evaluated, 2049 expanded, t=641.91s]
Best heuristic value: 185/168 [g=117, 2077 evaluated, 2076 expanded, t=644.22s]
Best heuristic value: 185/167 [g=116, 2096 evaluated, 2095 expanded, t=645.84s]
Best heuristic value: 184/167 [g=118, 2123 evaluated, 2122 expanded, t=648.13s]
Best heuristic value: 184/166 [g=117, 2142 evaluated, 2141 expanded, t=649.74s]
Best heuristic value: 183/166 [g=119, 2169 evaluated, 2168 expanded, t=652.05s]
Best heuristic value: 183/165 [g=118, 2188 evaluated, 2187 expanded, t=653.67s]
Best heuristic value: 182/165 [g=120, 2217 evaluated, 2216 expanded, t=656.13s]
Best heuristic value: 182/164 [g=119, 2234 evaluated, 2233 expanded, t=657.58s]
Best heuristic value: 180/164 [g=121, 2267 evaluated, 2266 expanded, t=660.38s]
Best heuristic value: 180/163 [g=120, 2280 evaluated, 2279 expanded, t=661.48s]
Best heuristic value: 179/163 [g=122, 2317 evaluated, 2316 expanded, t=664.61s]
Best heuristic value: 179/162 [g=121, 2326 evaluated, 2325 expanded, t=665.37s]
Best heuristic value: 178/162 [g=123, 2367 evaluated, 2366 expanded, t=668.85s]
Best heuristic value: 178/161 [g=122, 2372 evaluated, 2371 expanded, t=669.27s]
Best heuristic value: 177/161 [g=124, 2417 evaluated, 2416 expanded, t=673.09s]
Best heuristic value: 177/160 [g=123, 2418 evaluated, 2417 expanded, t=673.17s]
Best heuristic value: 177/159 [g=124, 2464 evaluated, 2463 expanded, t=677.05s]
Best heuristic value: 176/159 [g=125, 2467 evaluated, 2466 expanded, t=677.3s]
Best heuristic value: 176/158 [g=125, 2512 evaluated, 2511 expanded, t=681.09s]
Best heuristic value: 175/158 [g=126, 2517 evaluated, 2516 expanded, t=681.51s]
Best heuristic value: 175/157 [g=126, 2560 evaluated, 2559 expanded, t=685.13s]
Best heuristic value: 174/157 [g=127, 2567 evaluated, 2566 expanded, t=685.72s]
Best heuristic value: 174/156 [g=127, 2610 evaluated, 2609 expanded, t=689.34s]
Best heuristic value: 172/156 [g=128, 2617 evaluated, 2616 expanded, t=689.92s]
Best heuristic value: 172/155 [g=128, 2662 evaluated, 2661 expanded, t=693.69s]
Best heuristic value: 171/155 [g=129, 2667 evaluated, 2666 expanded, t=694.11s]
Best heuristic value: 171/154 [g=129, 2716 evaluated, 2715 expanded, t=698.22s]
Best heuristic value: 169/154 [g=130, 2719 evaluated, 2718 expanded, t=698.47s]
Best heuristic value: 168/154 [g=131, 2771 evaluated, 2770 expanded, t=702.81s]
Best heuristic value: 168/153 [g=130, 2772 evaluated, 2771 expanded, t=702.9s]
Best heuristic value: 167/153 [g=132, 2825 evaluated, 2824 expanded, t=707.31s]
Best heuristic value: 167/152 [g=131, 2828 evaluated, 2827 expanded, t=707.55s]
Best heuristic value: 166/152 [g=133, 2883 evaluated, 2882 expanded, t=712.13s]
Best heuristic value: 166/151 [g=132, 2884 evaluated, 2883 expanded, t=712.21s]
Best heuristic value: 166/150 [g=133, 2940 evaluated, 2939 expanded, t=716.87s]
Best heuristic value: 164/150 [g=134, 2941 evaluated, 2940 expanded, t=716.95s]
Best heuristic value: 164/149 [g=134, 2996 evaluated, 2995 expanded, t=721.52s]
Best heuristic value: 163/149 [g=135, 2999 evaluated, 2998 expanded, t=721.77s]
Best heuristic value: 163/148 [g=135, 3052 evaluated, 3051 expanded, t=726.17s]
Best heuristic value: 162/148 [g=136, 3057 evaluated, 3056 expanded, t=726.59s]
Best heuristic value: 162/147 [g=136, 3108 evaluated, 3107 expanded, t=730.85s]
Best heuristic value: 160/147 [g=137, 3117 evaluated, 3116 expanded, t=731.6s]
Best heuristic value: 160/146 [g=137, 3164 evaluated, 3163 expanded, t=735.49s]
Best heuristic value: 159/146 [g=138, 3177 evaluated, 3176 expanded, t=736.56s]
Best heuristic value: 159/145 [g=138, 3220 evaluated, 3219 expanded, t=740.13s]
Best heuristic value: 158/145 [g=139, 3237 evaluated, 3236 expanded, t=741.54s]
Best heuristic value: 158/144 [g=139, 3276 evaluated, 3275 expanded, t=744.76s]
Best heuristic value: 157/144 [g=140, 3297 evaluated, 3296 expanded, t=746.5s]
Best heuristic value: 157/143 [g=140, 3332 evaluated, 3331 expanded, t=749.4s]
Best heuristic value: 156/143 [g=141, 3357 evaluated, 3356 expanded, t=751.46s]
Best heuristic value: 156/142 [g=141, 3388 evaluated, 3387 expanded, t=754.03s]
Best heuristic value: 155/142 [g=142, 3417 evaluated, 3416 expanded, t=756.43s]
Best heuristic value: 155/141 [g=142, 3444 evaluated, 3443 expanded, t=758.67s]
Best heuristic value: 154/141 [g=143, 3477 evaluated, 3476 expanded, t=761.38s]
Best heuristic value: 154/140 [g=143, 3500 evaluated, 3499 expanded, t=763.28s]
Best heuristic value: 153/140 [g=144, 3537 evaluated, 3536 expanded, t=766.33s]
Best heuristic value: 153/139 [g=144, 3556 evaluated, 3555 expanded, t=767.89s]
Best heuristic value: 152/139 [g=145, 3597 evaluated, 3596 expanded, t=771.28s]
Best heuristic value: 152/138 [g=145, 3612 evaluated, 3611 expanded, t=772.51s]
Best heuristic value: 151/138 [g=146, 3657 evaluated, 3656 expanded, t=776.23s]
Best heuristic value: 151/137 [g=146, 3668 evaluated, 3667 expanded, t=777.13s]
Best heuristic value: 150/137 [g=147, 3717 evaluated, 3716 expanded, t=781.15s]
Best heuristic value: 150/136 [g=147, 3724 evaluated, 3723 expanded, t=781.73s]
Best heuristic value: 149/136 [g=148, 3777 evaluated, 3776 expanded, t=786.08s]
Best heuristic value: 149/134 [g=148, 3782 evaluated, 3781 expanded, t=786.49s]
Best heuristic value: 147/134 [g=149, 3837 evaluated, 3836 expanded, t=791s]
Best heuristic value: 147/133 [g=149, 3842 evaluated, 3841 expanded, t=791.41s]
Best heuristic value: 146/133 [g=150, 3897 evaluated, 3896 expanded, t=795.91s]
Best heuristic value: 146/132 [g=150, 3902 evaluated, 3901 expanded, t=796.32s]
Best heuristic value: 145/132 [g=151, 3957 evaluated, 3956 expanded, t=800.81s]
Best heuristic value: 145/131 [g=151, 3962 evaluated, 3961 expanded, t=801.22s]
Best heuristic value: 144/131 [g=152, 4017 evaluated, 4016 expanded, t=805.72s]
Best heuristic value: 144/130 [g=152, 4024 evaluated, 4023 expanded, t=806.3s]
Best heuristic value: 142/130 [g=153, 4077 evaluated, 4076 expanded, t=810.63s]
Best heuristic value: 142/129 [g=153, 4088 evaluated, 4087 expanded, t=811.52s]
Best heuristic value: 141/129 [g=154, 4137 evaluated, 4136 expanded, t=815.52s]
Best heuristic value: 141/128 [g=154, 4152 evaluated, 4151 expanded, t=816.75s]
Best heuristic value: 139/128 [g=155, 4199 evaluated, 4198 expanded, t=820.58s]
Best heuristic value: 139/127 [g=155, 4216 evaluated, 4215 expanded, t=821.95s]
Best heuristic value: 138/127 [g=156, 4263 evaluated, 4262 expanded, t=825.78s]
Best heuristic value: 138/126 [g=156, 4280 evaluated, 4279 expanded, t=827.17s]
Best heuristic value: 137/126 [g=157, 4327 evaluated, 4326 expanded, t=830.98s]
Best heuristic value: 137/125 [g=157, 4344 evaluated, 4343 expanded, t=832.36s]
Best heuristic value: 135/125 [g=158, 4391 evaluated, 4390 expanded, t=836.18s]
Best heuristic value: 135/124 [g=158, 4410 evaluated, 4409 expanded, t=837.72s]
Best heuristic value: 134/124 [g=159, 4459 evaluated, 4458 expanded, t=841.7s]
Best heuristic value: 134/122 [g=159, 4476 evaluated, 4475 expanded, t=843.08s]
Best heuristic value: 133/122 [g=160, 4529 evaluated, 4528 expanded, t=847.37s]
Best heuristic value: 133/121 [g=160, 4544 evaluated, 4543 expanded, t=848.59s]
Best heuristic value: 132/121 [g=161, 4599 evaluated, 4598 expanded, t=853.05s]
Best heuristic value: 132/120 [g=161, 4612 evaluated, 4611 expanded, t=854.11s]
Best heuristic value: 131/120 [g=162, 4669 evaluated, 4668 expanded, t=858.73s]
Best heuristic value: 131/119 [g=162, 4680 evaluated, 4679 expanded, t=859.62s]
Best heuristic value: 129/119 [g=163, 4739 evaluated, 4738 expanded, t=864.41s]
Best heuristic value: 129/118 [g=163, 4748 evaluated, 4747 expanded, t=865.14s]
Best heuristic value: 128/118 [g=164, 4809 evaluated, 4808 expanded, t=870.06s]
Best heuristic value: 128/117 [g=164, 4816 evaluated, 4815 expanded, t=870.62s]
Best heuristic value: 127/117 [g=165, 4881 evaluated, 4880 expanded, t=875.87s]
Best heuristic value: 127/116 [g=165, 4886 evaluated, 4885 expanded, t=876.27s]
Best heuristic value: 125/116 [g=166, 4953 evaluated, 4952 expanded, t=881.68s]
Best heuristic value: 125/115 [g=166, 4956 evaluated, 4955 expanded, t=881.92s]
Best heuristic value: 125/114 [g=167, 5026 evaluated, 5025 expanded, t=887.57s]
Best heuristic value: 124/114 [g=167, 5027 evaluated, 5026 expanded, t=887.65s]
Best heuristic value: 124/113 [g=168, 5096 evaluated, 5095 expanded, t=893.2s]
Best heuristic value: 123/113 [g=168, 5101 evaluated, 5100 expanded, t=893.61s]
Best heuristic value: 123/112 [g=169, 5168 evaluated, 5167 expanded, t=898.99s]
Best heuristic value: 122/112 [g=169, 5175 evaluated, 5174 expanded, t=899.56s]
Best heuristic value: 122/111 [g=170, 5240 evaluated, 5239 expanded, t=904.78s]
Best heuristic value: 121/111 [g=170, 5249 evaluated, 5248 expanded, t=905.51s]
Best heuristic value: 121/110 [g=171, 5312 evaluated, 5311 expanded, t=910.57s]
Best heuristic value: 120/110 [g=171, 5323 evaluated, 5322 expanded, t=911.45s]
Best heuristic value: 120/109 [g=172, 5384 evaluated, 5383 expanded, t=916.36s]
Best heuristic value: 119/109 [g=172, 5399 evaluated, 5398 expanded, t=917.56s]
Best heuristic value: 119/108 [g=173, 5456 evaluated, 5455 expanded, t=922.12s]
Best heuristic value: 118/108 [g=173, 5475 evaluated, 5474 expanded, t=923.65s]
Best heuristic value: 118/107 [g=174, 5528 evaluated, 5527 expanded, t=927.89s]
Best heuristic value: 116/107 [g=174, 5551 evaluated, 5550 expanded, t=929.73s]
Best heuristic value: 116/106 [g=175, 5600 evaluated, 5599 expanded, t=933.64s]
Best heuristic value: 115/106 [g=175, 5629 evaluated, 5628 expanded, t=935.95s]
Best heuristic value: 115/105 [g=176, 5672 evaluated, 5671 expanded, t=939.36s]
Best heuristic value: 114/105 [g=176, 5709 evaluated, 5708 expanded, t=942.3s]
Best heuristic value: 114/104 [g=177, 5746 evaluated, 5745 expanded, t=945.24s]
Best heuristic value: 113/104 [g=177, 5789 evaluated, 5788 expanded, t=948.66s]
Best heuristic value: 113/103 [g=178, 5822 evaluated, 5821 expanded, t=951.28s]
Best heuristic value: 112/103 [g=178, 5869 evaluated, 5868 expanded, t=955.02s]
Best heuristic value: 112/102 [g=179, 5898 evaluated, 5897 expanded, t=957.32s]
Best heuristic value: 110/102 [g=179, 5949 evaluated, 5948 expanded, t=961.38s]
Best heuristic value: 110/101 [g=180, 5976 evaluated, 5975 expanded, t=963.51s]
Best heuristic value: 109/101 [g=180, 6029 evaluated, 6028 expanded, t=967.72s]
Best heuristic value: 109/99 [g=181, 6054 evaluated, 6053 expanded, t=969.69s]
Best heuristic value: 108/99 [g=181, 6109 evaluated, 6108 expanded, t=974.04s]
Best heuristic value: 108/98 [g=182, 6134 evaluated, 6133 expanded, t=976.02s]
Best heuristic value: 106/98 [g=182, 6189 evaluated, 6188 expanded, t=980.43s]
Best heuristic value: 106/97 [g=183, 6214 evaluated, 6213 expanded, t=982.4s]
Best heuristic value: 105/97 [g=183, 6271 evaluated, 6270 expanded, t=986.88s]
Best heuristic value: 105/95 [g=184, 6294 evaluated, 6293 expanded, t=988.69s]
Best heuristic value: 104/95 [g=184, 6355 evaluated, 6354 expanded, t=993.48s]
Best heuristic value: 104/94 [g=185, 6374 evaluated, 6373 expanded, t=994.97s]
Best heuristic value: 103/94 [g=185, 6441 evaluated, 6440 expanded, t=1000.22s]
Best heuristic value: 103/93 [g=186, 6454 evaluated, 6453 expanded, t=1001.24s]
Best heuristic value: 102/93 [g=186, 6527 evaluated, 6526 expanded, t=1006.96s]
Best heuristic value: 102/91 [g=187, 6536 evaluated, 6535 expanded, t=1007.67s]
Best heuristic value: 101/91 [g=187, 6615 evaluated, 6614 expanded, t=1013.85s]
Best heuristic value: 101/90 [g=188, 6618 evaluated, 6617 expanded, t=1014.09s]
Best heuristic value: 101/89 [g=189, 6702 evaluated, 6701 expanded, t=1020.66s]
Best heuristic value: 99/89 [g=188, 6703 evaluated, 6702 expanded, t=1020.74s]
Best heuristic value: 99/88 [g=190, 6786 evaluated, 6785 expanded, t=1027.18s]
Best heuristic value: 98/88 [g=189, 6793 evaluated, 6792 expanded, t=1027.72s]
Best heuristic value: 98/87 [g=191, 6872 evaluated, 6871 expanded, t=1033.85s]
Best heuristic value: 96/87 [g=190, 6883 evaluated, 6882 expanded, t=1034.7s]
Best heuristic value: 96/86 [g=192, 6958 evaluated, 6957 expanded, t=1040.5s]
Best heuristic value: 94/86 [g=191, 6973 evaluated, 6972 expanded, t=1041.66s]
Best heuristic value: 94/85 [g=193, 7044 evaluated, 7043 expanded, t=1047.14s]
Best heuristic value: 92/85 [g=192, 7063 evaluated, 7062 expanded, t=1048.59s]
Best heuristic value: 92/83 [g=194, 7130 evaluated, 7129 expanded, t=1053.66s]
Best heuristic value: 91/83 [g=193, 7153 evaluated, 7152 expanded, t=1055.4s]
Best heuristic value: 91/82 [g=195, 7216 evaluated, 7215 expanded, t=1060.16s]
Best heuristic value: 89/82 [g=194, 7245 evaluated, 7244 expanded, t=1062.36s]
Best heuristic value: 89/81 [g=196, 7302 evaluated, 7301 expanded, t=1066.66s]
Best heuristic value: 88/81 [g=195, 7337 evaluated, 7336 expanded, t=1069.25s]
Best heuristic value: 88/80 [g=197, 7388 evaluated, 7387 expanded, t=1073.02s]
Best heuristic value: 86/80 [g=196, 7431 evaluated, 7430 expanded, t=1076.2s]
Best heuristic value: 86/79 [g=198, 7474 evaluated, 7473 expanded, t=1079.35s]
Best heuristic value: 85/79 [g=197, 7527 evaluated, 7526 expanded, t=1083.23s]
Best heuristic value: 85/78 [g=199, 7560 evaluated, 7559 expanded, t=1085.64s]
Best heuristic value: 84/78 [g=198, 7623 evaluated, 7622 expanded, t=1090.26s]
Best heuristic value: 84/77 [g=200, 7646 evaluated, 7645 expanded, t=1091.94s]
Best heuristic value: 82/77 [g=199, 7721 evaluated, 7720 expanded, t=1097.44s]
Best heuristic value: 82/76 [g=201, 7732 evaluated, 7731 expanded, t=1098.24s]
Best heuristic value: 82/75 [g=202, 7818 evaluated, 7817 expanded, t=1104.54s]
Best heuristic value: 81/75 [g=200, 7819 evaluated, 7818 expanded, t=1104.61s]
Best heuristic value: 81/74 [g=203, 7904 evaluated, 7903 expanded, t=1110.83s]
Best heuristic value: 79/74 [g=201, 7917 evaluated, 7916 expanded, t=1111.78s]
Best heuristic value: 77/74 [g=202, 8005 evaluated, 8004 expanded, t=1118.12s]
Best heuristic value: 77/73 [g=204, 8014 evaluated, 8013 expanded, t=1118.77s]
Best heuristic value: 76/73 [g=203, 8099 evaluated, 8098 expanded, t=1124.87s]
Best heuristic value: 74/73 [g=204, 8148 evaluated, 8147 expanded, t=1128.48s]
Best heuristic value: 74/72 [g=205, 8156 evaluated, 8155 expanded, t=1129.03s]
Best heuristic value: 73/72 [g=205, 8240 evaluated, 8239 expanded, t=1134.87s]
Best heuristic value: 72/72 [g=206, 8289 evaluated, 8288 expanded, t=1138.25s]
Best heuristic value: 72/71 [g=206, 8298 evaluated, 8297 expanded, t=1138.87s]
Best heuristic value: 71/71 [g=207, 8380 evaluated, 8379 expanded, t=1144.56s]
Best heuristic value: 70/71 [g=208, 8429 evaluated, 8428 expanded, t=1147.94s]
Best heuristic value: 70/70 [g=207, 8446 evaluated, 8445 expanded, t=1149.11s]
Best heuristic value: 70/69 [g=208, 8460 evaluated, 8459 expanded, t=1150.08s]
Best heuristic value: 69/69 [g=209, 8511 evaluated, 8510 expanded, t=1153.62s]
Best heuristic value: 68/69 [g=210, 8574 evaluated, 8573 expanded, t=1157.98s]
Best heuristic value: 68/67 [g=209, 8626 evaluated, 8625 expanded, t=1161.57s]
Best heuristic value: 67/67 [g=211, 8635 evaluated, 8634 expanded, t=1162.19s]
Best heuristic value: 65/67 [g=212, 8721 evaluated, 8720 expanded, t=1168.15s]
Best heuristic value: 63/65 [g=213, 8775 evaluated, 8774 expanded, t=1171.87s]
Best heuristic value: 62/64 [g=214, 8826 evaluated, 8825 expanded, t=1175.39s]
Best heuristic value: 60/62 [g=215, 8875 evaluated, 8874 expanded, t=1178.76s]
Best heuristic value: 58/60 [g=216, 8921 evaluated, 8920 expanded, t=1181.92s]
Best heuristic value: 56/58 [g=217, 8963 evaluated, 8962 expanded, t=1184.81s]
Best heuristic value: 54/56 [g=218, 9006 evaluated, 9005 expanded, t=1187.77s]
Best heuristic value: 52/54 [g=219, 9048 evaluated, 9047 expanded, t=1190.65s]
Best heuristic value: 50/52 [g=220, 9088 evaluated, 9087 expanded, t=1193.39s]
Best heuristic value: 49/51 [g=221, 9123 evaluated, 9122 expanded, t=1195.79s]
Best heuristic value: 48/50 [g=222, 9157 evaluated, 9156 expanded, t=1198.13s]
Best heuristic value: 48/49 [g=223, 9189 evaluated, 9188 expanded, t=1200.32s]
Best heuristic value: 46/48 [g=224, 9197 evaluated, 9196 expanded, t=1200.87s]
Best heuristic value: 44/46 [g=225, 9234 evaluated, 9233 expanded, t=1203.4s]
Best heuristic value: 43/45 [g=227, 9264 evaluated, 9263 expanded, t=1205.46s]
Best heuristic value: 42/44 [g=229, 9293 evaluated, 9292 expanded, t=1207.45s]
Best heuristic value: 41/43 [g=230, 9294 evaluated, 9293 expanded, t=1207.52s]
Best heuristic value: 40/43 [g=232, 9324 evaluated, 9323 expanded, t=1209.56s]
Best heuristic value: 39/41 [g=232, 9377 evaluated, 9376 expanded, t=1213.16s]
Best heuristic value: 38/40 [g=234, 9406 evaluated, 9405 expanded, t=1215.14s]
Best heuristic value: 37/40 [g=236, 9434 evaluated, 9433 expanded, t=1217.04s]
Best heuristic value: 37/39 [g=236, 9486 evaluated, 9485 expanded, t=1220.58s]
Best heuristic value: 36/39 [g=238, 9536 evaluated, 9535 expanded, t=1223.98s]
Best heuristic value: 35/38 [g=240, 9590 evaluated, 9589 expanded, t=1227.65s]
Best heuristic value: 34/37 [g=242, 9623 evaluated, 9622 expanded, t=1229.9s]
Best heuristic value: 33/36 [g=244, 9661 evaluated, 9660 expanded, t=1232.48s]
Best heuristic value: 32/35 [g=246, 9699 evaluated, 9698 expanded, t=1235.06s]
Best heuristic value: 31/34 [g=248, 9738 evaluated, 9737 expanded, t=1237.72s]
Best heuristic value: 30/33 [g=250, 9777 evaluated, 9776 expanded, t=1240.37s]
Best heuristic value: 29/32 [g=252, 9815 evaluated, 9814 expanded, t=1242.96s]
Best heuristic value: 28/31 [g=254, 9852 evaluated, 9851 expanded, t=1245.47s]
Best heuristic value: 27/30 [g=256, 9888 evaluated, 9887 expanded, t=1247.92s]
Best heuristic value: 26/29 [g=258, 9927 evaluated, 9926 expanded, t=1250.57s]
Best heuristic value: 25/28 [g=260, 9966 evaluated, 9965 expanded, t=1253.23s]
Best heuristic value: 24/27 [g=262, 10006 evaluated, 10005 expanded, t=1255.95s]
Best heuristic value: 23/26 [g=264, 10045 evaluated, 10044 expanded, t=1258.6s]
Best heuristic value: 22/25 [g=266, 10084 evaluated, 10083 expanded, t=1261.25s]
Best heuristic value: 21/24 [g=268, 10124 evaluated, 10123 expanded, t=1263.97s]
Best heuristic value: 20/23 [g=270, 10164 evaluated, 10163 expanded, t=1266.69s]
Best heuristic value: 19/22 [g=272, 10203 evaluated, 10202 expanded, t=1269.35s]
Best heuristic value: 17/20 [g=274, 10220 evaluated, 10219 expanded, t=1270.5s]
Best heuristic value: 16/20 [g=278, 10255 evaluated, 10254 expanded, t=1272.88s]
Best heuristic value: 16/19 [g=276, 10293 evaluated, 10292 expanded, t=1275.46s]
Best heuristic value: 15/18 [g=278, 10354 evaluated, 10353 expanded, t=1279.6s]
Best heuristic value: 14/18 [g=282, 10405 evaluated, 10404 expanded, t=1283.07s]
Best heuristic value: 13/17 [g=284, 10491 evaluated, 10490 expanded, t=1288.91s]
Best heuristic value: 12/16 [g=286, 10569 evaluated, 10568 expanded, t=1294.2s]
Best heuristic value: 11/15 [g=288, 10662 evaluated, 10661 expanded, t=1300.51s]
Best heuristic value: 10/14 [g=290, 10755 evaluated, 10754 expanded, t=1306.81s]
Best heuristic value: 9/13 [g=292, 10837 evaluated, 10836 expanded, t=1312.37s]
Best heuristic value: 8/12 [g=294, 10919 evaluated, 10918 expanded, t=1317.94s]
Best heuristic value: 7/11 [g=296, 10990 evaluated, 10989 expanded, t=1322.75s]
Best heuristic value: 6/10 [g=298, 11050 evaluated, 11049 expanded, t=1326.82s]
Best heuristic value: 5/9 [g=300, 11110 evaluated, 11109 expanded, t=1330.88s]
Best heuristic value: 4/8 [g=302, 11159 evaluated, 11158 expanded, t=1334.2s]
