Parsing... [0.020s CPU, 0.029s wall-clock]
Normalizing task... [0.010s CPU, 0.002s wall-clock]
Instantiating...
Generating Datalog program... [0.000s CPU, 0.006s wall-clock]
Normalizing Datalog program...
Normalizing Datalog program: [0.010s CPU, 0.018s wall-clock]
Preparing model... [0.030s CPU, 0.024s wall-clock]
Generated 198 rules.
Computing model... [9.410s CPU, 9.406s wall-clock]
163747 relevant atoms
56159 auxiliary atoms
219906 final queue length
1003316 total queue pushes
Completing instantiation... [48.520s CPU, 48.506s wall-clock]
Instantiating: [58.130s CPU, 58.134s wall-clock]
Computing fact groups...
Finding invariants...
24 initial candidates
Finding invariants: [0.450s CPU, 0.444s wall-clock]
Checking invariant weight... [0.010s CPU, 0.010s wall-clock]
Instantiating groups... [0.270s CPU, 0.272s wall-clock]
Collecting mutex groups... [0.010s CPU, 0.004s wall-clock]
Choosing groups...
969 uncovered facts
Choosing groups: [0.010s CPU, 0.016s wall-clock]
Building translation key... [0.010s CPU, 0.011s wall-clock]
Computing fact groups: [0.800s CPU, 0.800s wall-clock]
Building STRIPS to SAS dictionary... [0.010s CPU, 0.006s wall-clock]
Building dictionary for full mutex groups... [0.010s CPU, 0.007s wall-clock]
Building mutex information...
Building mutex information: [0.000s CPU, 0.007s wall-clock]
Translating task...
Processing axioms...
Simplifying axioms... [0.000s CPU, 0.000s wall-clock]
Processing axioms: [1.720s CPU, 1.712s wall-clock]
Translating task: [24.800s CPU, 24.802s wall-clock]
36102 implied effects removed
8250 effect conditions simplified
0 implied preconditions added
Detecting unreachable propositions...
660 operators removed
455 propositions removed
Detecting unreachable propositions: [4.490s CPU, 4.488s wall-clock]
Translator variables: 1227
Translator derived variables: 0
Translator facts: 3746
Translator mutex groups: 457
Translator total mutex groups size: 2270
Translator operators: 159344
Translator task size: 1472474
Translator peak memory: 1467456 KB
Writing output... [3.910s CPU, 3.904s wall-clock]
Done! [94.220s CPU, 94.220s wall-clock]
