Parsing... [0.030s CPU, 0.039s wall-clock]
Normalizing task... [0.000s CPU, 0.002s wall-clock]
Instantiating...
Generating Datalog program... [0.010s CPU, 0.006s wall-clock]
Normalizing Datalog program...
Normalizing Datalog program: [0.010s CPU, 0.017s wall-clock]
Preparing model... [0.020s CPU, 0.025s wall-clock]
Generated 198 rules.
Computing model... [18.320s CPU, 18.318s wall-clock]
188832 relevant atoms
59789 auxiliary atoms
248621 final queue length
1178125 total queue pushes
Completing instantiation... [125.110s CPU, 125.108s wall-clock]
Instantiating: [144.600s CPU, 144.594s wall-clock]
Computing fact groups...
Finding invariants...
24 initial candidates
Finding invariants: [0.600s CPU, 0.603s wall-clock]
Checking invariant weight... [0.010s CPU, 0.012s wall-clock]
Instantiating groups... [0.290s CPU, 0.288s wall-clock]
Collecting mutex groups... [0.000s CPU, 0.007s wall-clock]
Choosing groups...
992 uncovered facts
Choosing groups: [0.020s CPU, 0.019s wall-clock]
Building translation key... [0.010s CPU, 0.011s wall-clock]
Computing fact groups: [0.990s CPU, 0.992s wall-clock]
Building STRIPS to SAS dictionary... [0.010s CPU, 0.009s wall-clock]
Building dictionary for full mutex groups... [0.010s CPU, 0.008s wall-clock]
Building mutex information...
Building mutex information: [0.000s CPU, 0.008s wall-clock]
Translating task...
Processing axioms...
Simplifying axioms... [0.000s CPU, 0.000s wall-clock]
Processing axioms: [7.740s CPU, 7.741s wall-clock]
Translating task: [69.500s CPU, 69.491s wall-clock]
37332 implied effects removed
7910 effect conditions simplified
0 implied preconditions added
Detecting unreachable propositions...
678 operators removed
434 propositions removed
Detecting unreachable propositions: [5.680s CPU, 5.683s wall-clock]
Translator variables: 1280
Translator derived variables: 0
Translator facts: 3976
Translator mutex groups: 489
Translator total mutex groups size: 2464
Translator operators: 184216
Translator task size: 1723592
Translator peak memory: 1711384 KB
Writing output... [4.630s CPU, 4.630s wall-clock]
Done! [236.690s CPU, 236.692s wall-clock]
