Dispatcher selected state size 1.
This is a nonunit task.
Simplifying transitions... done!
Initializing Exploration...
Generating landmarks using the RPG/SAS+ approach
approx. reasonable orders
approx. obedient reasonable orders
Removed 0 reasonable or obedient reasonable orders
Landmarks generation time: 2286.9s
Discovered 1023 landmarks, of which 18 are disjunctive and 0 are conjunctive 
1153 edges
Initializing LAMA-FF Synergy Object
Initializing landmarks count heuristic...
480 initial landmarks, 399 goal landmarks
Initializing Exploration...
Generating landmarks using the RPG/SAS+ approach
approx. reasonable orders
approx. obedient reasonable orders
Removed 0 reasonable or obedient reasonable orders
Landmarks generation time: 2222.7s
Discovered 1023 landmarks, of which 18 are disjunctive and 0 are conjunctive 
1157 edges
Initializing LAMA-FF Synergy Object
Initializing landmarks count heuristic...
480 initial landmarks, 399 goal landmarks
Starting search: lazy_greedy(list(hff1, hlm1), preferred = list(hff1, hlm1), cost_type = 1, reopen_closed = false)
Conducting lazy best first search, (real) bound = 2147483647
Best heuristic value: 543/420 [g=0, 1 evaluated, 0 expanded, t=4532.42s]
Best heuristic value: 542/419 [g=1, 2 evaluated, 1 expanded, t=4533.63s]
Best heuristic value: 541/418 [g=2, 3 evaluated, 2 expanded, t=4534.82s]
Best heuristic value: 540/417 [g=3, 5 evaluated, 4 expanded, t=4537.14s]
Best heuristic value: 539/416 [g=4, 9 evaluated, 8 expanded, t=4541.83s]
Best heuristic value: 537/414 [g=5, 13 evaluated, 12 expanded, t=4546.49s]
Best heuristic value: 536/413 [g=6, 17 evaluated, 16 expanded, t=4550.97s]
Best heuristic value: 534/411 [g=7, 21 evaluated, 20 expanded, t=4555.64s]
Best heuristic value: 532/410 [g=8, 26 evaluated, 25 expanded, t=4561.5s]
Best heuristic value: 531/409 [g=9, 31 evaluated, 30 expanded, t=4567.3s]
Best heuristic value: 529/408 [g=10, 37 evaluated, 36 expanded, t=4574.45s]
Best heuristic value: 528/407 [g=11, 43 evaluated, 42 expanded, t=4581.35s]
Best heuristic value: 526/406 [g=12, 50 evaluated, 49 expanded, t=4589.36s]
Best heuristic value: 524/405 [g=13, 59 evaluated, 58 expanded, t=4599.62s]
Best heuristic value: 524/404 [g=14, 68 evaluated, 67 expanded, t=4609.94s]
Best heuristic value: 523/404 [g=14, 70 evaluated, 69 expanded, t=4612.23s]
Best heuristic value: 522/403 [g=15, 86 evaluated, 85 expanded, t=4631.23s]
Best heuristic value: 521/403 [g=16, 95 evaluated, 94 expanded, t=4641.79s]
Best heuristic value: 521/402 [g=16, 97 evaluated, 96 expanded, t=4644.14s]
Best heuristic value: 520/402 [g=17, 114 evaluated, 113 expanded, t=4663.71s]
Best heuristic value: 520/401 [g=17, 117 evaluated, 116 expanded, t=4667.14s]
Best heuristic value: 519/401 [g=18, 134 evaluated, 133 expanded, t=4686.78s]
Best heuristic value: 519/400 [g=18, 137 evaluated, 136 expanded, t=4690.22s]
Best heuristic value: 518/400 [g=19, 154 evaluated, 153 expanded, t=4709.99s]
Best heuristic value: 517/399 [g=19, 157 evaluated, 156 expanded, t=4713.42s]
Best heuristic value: 516/399 [g=20, 166 evaluated, 165 expanded, t=4723.95s]
Best heuristic value: 516/398 [g=20, 168 evaluated, 167 expanded, t=4726.28s]
Best heuristic value: 515/398 [g=21, 185 evaluated, 184 expanded, t=4746s]
Best heuristic value: 514/396 [g=21, 188 evaluated, 187 expanded, t=4749.41s]
Best heuristic value: 513/396 [g=22, 197 evaluated, 196 expanded, t=4759.86s]
Best heuristic value: 513/395 [g=22, 199 evaluated, 198 expanded, t=4762.17s]
Best heuristic value: 512/395 [g=23, 216 evaluated, 215 expanded, t=4781.89s]
Best heuristic value: 511/393 [g=23, 219 evaluated, 218 expanded, t=4785.29s]
Best heuristic value: 510/393 [g=24, 228 evaluated, 227 expanded, t=4795.74s]
Best heuristic value: 509/392 [g=24, 230 evaluated, 229 expanded, t=4798.07s]
Best heuristic value: 508/392 [g=25, 239 evaluated, 238 expanded, t=4808.52s]
Best heuristic value: 508/391 [g=25, 241 evaluated, 240 expanded, t=4810.86s]
Best heuristic value: 507/391 [g=26, 258 evaluated, 257 expanded, t=4830.51s]
Best heuristic value: 506/389 [g=26, 261 evaluated, 260 expanded, t=4834.01s]
Best heuristic value: 505/389 [g=27, 270 evaluated, 269 expanded, t=4844.58s]
Best heuristic value: 505/388 [g=27, 272 evaluated, 271 expanded, t=4846.96s]
Best heuristic value: 504/388 [g=28, 289 evaluated, 288 expanded, t=4866.75s]
Best heuristic value: 504/387 [g=28, 292 evaluated, 291 expanded, t=4870.18s]
Best heuristic value: 503/387 [g=29, 309 evaluated, 308 expanded, t=4889.98s]
Best heuristic value: 502/385 [g=29, 314 evaluated, 313 expanded, t=4895.81s]
Best heuristic value: 501/385 [g=30, 323 evaluated, 322 expanded, t=4906.16s]
Best heuristic value: 500/384 [g=30, 325 evaluated, 324 expanded, t=4908.43s]
Best heuristic value: 499/384 [g=31, 334 evaluated, 333 expanded, t=4918.75s]
Best heuristic value: 499/383 [g=31, 336 evaluated, 335 expanded, t=4921.12s]
Best heuristic value: 498/383 [g=32, 353 evaluated, 352 expanded, t=4940.73s]
Best heuristic value: 498/382 [g=32, 360 evaluated, 359 expanded, t=4948.81s]
Best heuristic value: 497/382 [g=33, 373 evaluated, 372 expanded, t=4963.79s]
Best heuristic value: 496/381 [g=33, 384 evaluated, 383 expanded, t=4976.48s]
Best heuristic value: 495/381 [g=34, 393 evaluated, 392 expanded, t=4987.25s]
Best heuristic value: 495/380 [g=34, 399 evaluated, 398 expanded, t=4994.39s]
Best heuristic value: 494/380 [g=35, 412 evaluated, 411 expanded, t=5009.69s]
Best heuristic value: 493/379 [g=35, 425 evaluated, 424 expanded, t=5024.95s]
Best heuristic value: 492/379 [g=36, 434 evaluated, 433 expanded, t=5035.22s]
Best heuristic value: 492/378 [g=36, 442 evaluated, 441 expanded, t=5044.32s]
Best heuristic value: 491/378 [g=37, 453 evaluated, 452 expanded, t=5056.93s]
Best heuristic value: 491/377 [g=37, 470 evaluated, 469 expanded, t=5076.28s]
Best heuristic value: 490/377 [g=38, 481 evaluated, 480 expanded, t=5088.71s]
Best heuristic value: 490/376 [g=38, 498 evaluated, 497 expanded, t=5108s]
Best heuristic value: 489/376 [g=39, 511 evaluated, 510 expanded, t=5122.79s]
Best heuristic value: 489/375 [g=39, 526 evaluated, 525 expanded, t=5139.78s]
Best heuristic value: 488/375 [g=40, 541 evaluated, 540 expanded, t=5156.82s]
Best heuristic value: 488/374 [g=40, 554 evaluated, 553 expanded, t=5171.52s]
Best heuristic value: 486/374 [g=41, 571 evaluated, 570 expanded, t=5190.66s]
Best heuristic value: 484/371 [g=41, 584 evaluated, 583 expanded, t=5205.38s]
Best heuristic value: 483/371 [g=42, 593 evaluated, 592 expanded, t=5215.71s]
Best heuristic value: 481/369 [g=42, 605 evaluated, 604 expanded, t=5229.59s]
Best heuristic value: 480/369 [g=43, 614 evaluated, 613 expanded, t=5240.01s]
Best heuristic value: 478/367 [g=43, 626 evaluated, 625 expanded, t=5253.66s]
Best heuristic value: 477/367 [g=44, 635 evaluated, 634 expanded, t=5263.78s]
Best heuristic value: 474/364 [g=44, 647 evaluated, 646 expanded, t=5277.07s]
Best heuristic value: 473/364 [g=45, 656 evaluated, 655 expanded, t=5287.28s]
Best heuristic value: 470/361 [g=45, 668 evaluated, 667 expanded, t=5300.88s]
Best heuristic value: 469/361 [g=46, 677 evaluated, 676 expanded, t=5310.88s]
Best heuristic value: 466/359 [g=46, 689 evaluated, 688 expanded, t=5324.15s]
Best heuristic value: 465/359 [g=47, 698 evaluated, 697 expanded, t=5334.08s]
Best heuristic value: 463/357 [g=47, 710 evaluated, 709 expanded, t=5347.48s]
Best heuristic value: 462/357 [g=48, 719 evaluated, 718 expanded, t=5357.45s]
Best heuristic value: 460/355 [g=48, 731 evaluated, 730 expanded, t=5370.95s]
Best heuristic value: 459/355 [g=49, 740 evaluated, 739 expanded, t=5380.87s]
Best heuristic value: 457/354 [g=49, 752 evaluated, 751 expanded, t=5394.49s]
Best heuristic value: 456/354 [g=50, 761 evaluated, 760 expanded, t=5404.57s]
Best heuristic value: 454/352 [g=50, 773 evaluated, 772 expanded, t=5417.89s]
Best heuristic value: 453/352 [g=51, 782 evaluated, 781 expanded, t=5427.85s]
Best heuristic value: 450/350 [g=51, 794 evaluated, 793 expanded, t=5441.18s]
Best heuristic value: 449/350 [g=52, 803 evaluated, 802 expanded, t=5451.14s]
Best heuristic value: 446/347 [g=52, 815 evaluated, 814 expanded, t=5464.6s]
Best heuristic value: 445/347 [g=53, 824 evaluated, 823 expanded, t=5474.34s]
Best heuristic value: 443/345 [g=53, 836 evaluated, 835 expanded, t=5487.44s]
Best heuristic value: 442/345 [g=54, 845 evaluated, 844 expanded, t=5497.14s]
Best heuristic value: 440/343 [g=54, 857 evaluated, 856 expanded, t=5510.05s]
Best heuristic value: 439/343 [g=55, 866 evaluated, 865 expanded, t=5519.65s]
Best heuristic value: 435/340 [g=55, 878 evaluated, 877 expanded, t=5532.76s]
Best heuristic value: 434/340 [g=56, 887 evaluated, 886 expanded, t=5542.61s]
Best heuristic value: 432/339 [g=56, 899 evaluated, 898 expanded, t=5555.28s]
Best heuristic value: 431/339 [g=57, 908 evaluated, 907 expanded, t=5565.14s]
Best heuristic value: 429/337 [g=57, 920 evaluated, 919 expanded, t=5577.94s]
Best heuristic value: 428/337 [g=58, 929 evaluated, 928 expanded, t=5587.61s]
Best heuristic value: 426/335 [g=58, 941 evaluated, 940 expanded, t=5600.53s]
Best heuristic value: 425/335 [g=59, 950 evaluated, 949 expanded, t=5610.02s]
Best heuristic value: 423/333 [g=59, 962 evaluated, 961 expanded, t=5622.59s]
Best heuristic value: 422/333 [g=60, 971 evaluated, 970 expanded, t=5632s]
Best heuristic value: 420/331 [g=60, 983 evaluated, 982 expanded, t=5644.87s]
Best heuristic value: 419/331 [g=61, 992 evaluated, 991 expanded, t=5654.16s]
Best heuristic value: 417/329 [g=61, 1004 evaluated, 1003 expanded, t=5666.48s]
Best heuristic value: 416/329 [g=62, 1013 evaluated, 1012 expanded, t=5675.59s]
Best heuristic value: 414/328 [g=62, 1025 evaluated, 1024 expanded, t=5687.9s]
Best heuristic value: 413/328 [g=63, 1034 evaluated, 1033 expanded, t=5697.08s]
Best heuristic value: 410/325 [g=63, 1046 evaluated, 1045 expanded, t=5709.52s]
Best heuristic value: 409/325 [g=64, 1055 evaluated, 1054 expanded, t=5718.58s]
Best heuristic value: 406/324 [g=64, 1067 evaluated, 1066 expanded, t=5730.49s]
Best heuristic value: 405/324 [g=65, 1076 evaluated, 1075 expanded, t=5739.59s]
Best heuristic value: 403/322 [g=65, 1088 evaluated, 1087 expanded, t=5751.83s]
Best heuristic value: 402/322 [g=66, 1097 evaluated, 1096 expanded, t=5760.72s]
Best heuristic value: 400/320 [g=66, 1109 evaluated, 1108 expanded, t=5772.83s]
Best heuristic value: 399/320 [g=67, 1118 evaluated, 1117 expanded, t=5781.73s]
Best heuristic value: 397/318 [g=67, 1130 evaluated, 1129 expanded, t=5793.79s]
Best heuristic value: 396/318 [g=68, 1139 evaluated, 1138 expanded, t=5802.71s]
Best heuristic value: 394/316 [g=68, 1151 evaluated, 1150 expanded, t=5814.77s]
Best heuristic value: 393/316 [g=69, 1160 evaluated, 1159 expanded, t=5823.72s]
Best heuristic value: 391/314 [g=69, 1172 evaluated, 1171 expanded, t=5835.63s]
Best heuristic value: 390/314 [g=70, 1181 evaluated, 1180 expanded, t=5844.44s]
Best heuristic value: 388/312 [g=70, 1193 evaluated, 1192 expanded, t=5856.26s]
Best heuristic value: 387/312 [g=71, 1202 evaluated, 1201 expanded, t=5865.07s]
Best heuristic value: 384/309 [g=71, 1214 evaluated, 1213 expanded, t=5876.96s]
Best heuristic value: 383/309 [g=72, 1223 evaluated, 1222 expanded, t=5885.9s]
Best heuristic value: 381/307 [g=72, 1235 evaluated, 1234 expanded, t=5897.48s]
Best heuristic value: 380/307 [g=73, 1244 evaluated, 1243 expanded, t=5906.42s]
Best heuristic value: 378/306 [g=73, 1256 evaluated, 1255 expanded, t=5917.92s]
Best heuristic value: 377/306 [g=74, 1265 evaluated, 1264 expanded, t=5926.66s]
Best heuristic value: 374/303 [g=74, 1277 evaluated, 1276 expanded, t=5938.38s]
Best heuristic value: 373/303 [g=75, 1286 evaluated, 1285 expanded, t=5947.05s]
Best heuristic value: 371/302 [g=75, 1298 evaluated, 1297 expanded, t=5958.79s]
Best heuristic value: 370/302 [g=76, 1307 evaluated, 1306 expanded, t=5967.41s]
Best heuristic value: 366/299 [g=76, 1319 evaluated, 1318 expanded, t=5978.98s]
Best heuristic value: 365/299 [g=77, 1328 evaluated, 1327 expanded, t=5987.41s]
Best heuristic value: 363/297 [g=77, 1340 evaluated, 1339 expanded, t=5998.55s]
Best heuristic value: 362/297 [g=78, 1349 evaluated, 1348 expanded, t=6006.83s]
Best heuristic value: 360/295 [g=78, 1361 evaluated, 1360 expanded, t=6017.99s]
Best heuristic value: 359/295 [g=79, 1370 evaluated, 1369 expanded, t=6026.54s]
Best heuristic value: 357/293 [g=79, 1382 evaluated, 1381 expanded, t=6037.73s]
Best heuristic value: 356/293 [g=80, 1391 evaluated, 1390 expanded, t=6045.97s]
Best heuristic value: 354/290 [g=80, 1403 evaluated, 1402 expanded, t=6057.05s]
Best heuristic value: 353/290 [g=81, 1412 evaluated, 1411 expanded, t=6065.5s]
Best heuristic value: 350/288 [g=81, 1424 evaluated, 1423 expanded, t=6076.56s]
Best heuristic value: 349/288 [g=82, 1433 evaluated, 1432 expanded, t=6084.82s]
Best heuristic value: 347/286 [g=82, 1445 evaluated, 1444 expanded, t=6095.66s]
Best heuristic value: 346/286 [g=83, 1454 evaluated, 1453 expanded, t=6103.84s]
Best heuristic value: 344/285 [g=83, 1466 evaluated, 1465 expanded, t=6114.58s]
Best heuristic value: 343/285 [g=84, 1475 evaluated, 1474 expanded, t=6122.57s]
Best heuristic value: 341/283 [g=84, 1487 evaluated, 1486 expanded, t=6133.31s]
Best heuristic value: 340/283 [g=85, 1496 evaluated, 1495 expanded, t=6141.36s]
Best heuristic value: 337/280 [g=85, 1508 evaluated, 1507 expanded, t=6152.02s]
Best heuristic value: 336/280 [g=86, 1517 evaluated, 1516 expanded, t=6160.09s]
Best heuristic value: 334/278 [g=86, 1529 evaluated, 1528 expanded, t=6170.97s]
Best heuristic value: 333/278 [g=87, 1538 evaluated, 1537 expanded, t=6179.01s]
Best heuristic value: 331/276 [g=87, 1550 evaluated, 1549 expanded, t=6189.74s]
Best heuristic value: 330/276 [g=88, 1559 evaluated, 1558 expanded, t=6197.6s]
Best heuristic value: 328/274 [g=88, 1571 evaluated, 1570 expanded, t=6208.11s]
Best heuristic value: 327/274 [g=89, 1580 evaluated, 1579 expanded, t=6216s]
Best heuristic value: 325/272 [g=89, 1592 evaluated, 1591 expanded, t=6226.54s]
Best heuristic value: 324/272 [g=90, 1601 evaluated, 1600 expanded, t=6234.34s]
Best heuristic value: 322/270 [g=90, 1613 evaluated, 1612 expanded, t=6244.81s]
Best heuristic value: 321/270 [g=91, 1622 evaluated, 1621 expanded, t=6252.55s]
Best heuristic value: 318/267 [g=91, 1634 evaluated, 1633 expanded, t=6263.12s]
Best heuristic value: 317/267 [g=92, 1643 evaluated, 1642 expanded, t=6270.93s]
Best heuristic value: 315/265 [g=92, 1655 evaluated, 1654 expanded, t=6281.33s]
Best heuristic value: 314/265 [g=93, 1664 evaluated, 1663 expanded, t=6289.14s]
Best heuristic value: 312/263 [g=93, 1676 evaluated, 1675 expanded, t=6299.31s]
Best heuristic value: 311/263 [g=94, 1685 evaluated, 1684 expanded, t=6307.2s]
Best heuristic value: 309/261 [g=94, 1697 evaluated, 1696 expanded, t=6317.72s]
Best heuristic value: 308/261 [g=95, 1706 evaluated, 1705 expanded, t=6325.65s]
Best heuristic value: 306/259 [g=95, 1718 evaluated, 1717 expanded, t=6336.03s]
Best heuristic value: 305/259 [g=96, 1727 evaluated, 1726 expanded, t=6343.81s]
Best heuristic value: 303/258 [g=96, 1739 evaluated, 1738 expanded, t=6354.02s]
Best heuristic value: 302/258 [g=97, 1748 evaluated, 1747 expanded, t=6361.64s]
Best heuristic value: 300/255 [g=97, 1760 evaluated, 1759 expanded, t=6371.8s]
Best heuristic value: 299/255 [g=98, 1769 evaluated, 1768 expanded, t=6379.34s]
Best heuristic value: 297/253 [g=98, 1781 evaluated, 1780 expanded, t=6389.12s]
Best heuristic value: 296/253 [g=99, 1790 evaluated, 1789 expanded, t=6396.52s]
Best heuristic value: 294/251 [g=99, 1802 evaluated, 1801 expanded, t=6406.36s]
Best heuristic value: 293/251 [g=100, 1811 evaluated, 1810 expanded, t=6413.78s]
Best heuristic value: 291/249 [g=100, 1823 evaluated, 1822 expanded, t=6423.56s]
Best heuristic value: 290/249 [g=101, 1832 evaluated, 1831 expanded, t=6430.79s]
Best heuristic value: 288/247 [g=101, 1844 evaluated, 1843 expanded, t=6440.59s]
Best heuristic value: 287/247 [g=102, 1853 evaluated, 1852 expanded, t=6447.76s]
Best heuristic value: 285/245 [g=102, 1865 evaluated, 1864 expanded, t=6457.36s]
Best heuristic value: 284/245 [g=103, 1874 evaluated, 1873 expanded, t=6464.57s]
Best heuristic value: 281/242 [g=103, 1886 evaluated, 1885 expanded, t=6474.29s]
Best heuristic value: 280/242 [g=104, 1895 evaluated, 1894 expanded, t=6481.47s]
Best heuristic value: 278/240 [g=104, 1907 evaluated, 1906 expanded, t=6491.04s]
Best heuristic value: 277/240 [g=105, 1916 evaluated, 1915 expanded, t=6498.16s]
Best heuristic value: 275/239 [g=105, 1928 evaluated, 1927 expanded, t=6507.74s]
Best heuristic value: 274/239 [g=106, 1937 evaluated, 1936 expanded, t=6515.18s]
Best heuristic value: 272/237 [g=106, 1949 evaluated, 1948 expanded, t=6525.15s]
Best heuristic value: 271/237 [g=107, 1958 evaluated, 1957 expanded, t=6532.38s]
Best heuristic value: 268/234 [g=107, 1970 evaluated, 1969 expanded, t=6542.12s]
Best heuristic value: 267/234 [g=108, 1979 evaluated, 1978 expanded, t=6549.24s]
Best heuristic value: 265/232 [g=108, 1991 evaluated, 1990 expanded, t=6558.84s]
Best heuristic value: 264/232 [g=109, 2000 evaluated, 1999 expanded, t=6565.98s]
Best heuristic value: 263/231 [g=109, 2012 evaluated, 2011 expanded, t=6575.55s]
Best heuristic value: 262/231 [g=110, 2021 evaluated, 2020 expanded, t=6582.69s]
Best heuristic value: 261/230 [g=110, 2033 evaluated, 2032 expanded, t=6592.25s]
Best heuristic value: 260/230 [g=111, 2042 evaluated, 2041 expanded, t=6599.35s]
Best heuristic value: 260/229 [g=111, 2054 evaluated, 2053 expanded, t=6609.22s]
Best heuristic value: 259/229 [g=112, 2061 evaluated, 2060 expanded, t=6614.88s]
Best heuristic value: 258/211 [g=112, 2084 evaluated, 2083 expanded, t=6633.61s]
Best heuristic value: 257/211 [g=113, 2093 evaluated, 2092 expanded, t=6640.75s]
Best heuristic value: 257/210 [g=113, 2105 evaluated, 2104 expanded, t=6650.17s]
Best heuristic value: 256/210 [g=114, 2112 evaluated, 2111 expanded, t=6655.7s]
Best heuristic value: 256/209 [g=114, 2137 evaluated, 2136 expanded, t=6675.17s]
Best heuristic value: 255/209 [g=115, 2138 evaluated, 2137 expanded, t=6675.94s]
Best heuristic value: 254/209 [g=116, 2166 evaluated, 2165 expanded, t=6697.81s]
Best heuristic value: 254/208 [g=115, 2169 evaluated, 2168 expanded, t=6700.12s]
Best heuristic value: 253/208 [g=117, 2198 evaluated, 2197 expanded, t=6723.14s]
Best heuristic value: 253/207 [g=116, 2201 evaluated, 2200 expanded, t=6725.63s]
Best heuristic value: 251/207 [g=118, 2230 evaluated, 2229 expanded, t=6748.56s]
Best heuristic value: 251/206 [g=117, 2233 evaluated, 2232 expanded, t=6750.93s]
Best heuristic value: 250/206 [g=119, 2260 evaluated, 2259 expanded, t=6772.6s]
Best heuristic value: 250/205 [g=118, 2265 evaluated, 2264 expanded, t=6776.58s]
Best heuristic value: 249/205 [g=120, 2290 evaluated, 2289 expanded, t=6796.51s]
Best heuristic value: 249/204 [g=119, 2299 evaluated, 2298 expanded, t=6803.84s]
Best heuristic value: 248/204 [g=121, 2320 evaluated, 2319 expanded, t=6820.95s]
Best heuristic value: 248/202 [g=120, 2335 evaluated, 2334 expanded, t=6833.15s]
Best heuristic value: 247/202 [g=122, 2350 evaluated, 2349 expanded, t=6845.1s]
Best heuristic value: 247/200 [g=121, 2373 evaluated, 2372 expanded, t=6863.47s]
Best heuristic value: 246/200 [g=123, 2380 evaluated, 2379 expanded, t=6869.14s]
Best heuristic value: 245/200 [g=124, 2412 evaluated, 2411 expanded, t=6895.01s]
Best heuristic value: 245/199 [g=122, 2413 evaluated, 2412 expanded, t=6895.78s]
Best heuristic value: 244/199 [g=123, 2431 evaluated, 2430 expanded, t=6910.33s]
Best heuristic value: 243/199 [g=124, 2450 evaluated, 2449 expanded, t=6925.55s]
Best heuristic value: 243/198 [g=123, 2453 evaluated, 2452 expanded, t=6927.88s]
Best heuristic value: 242/198 [g=125, 2476 evaluated, 2475 expanded, t=6946.38s]
Best heuristic value: 241/197 [g=124, 2497 evaluated, 2496 expanded, t=6963.63s]
Best heuristic value: 240/197 [g=125, 2506 evaluated, 2505 expanded, t=6970.76s]
Best heuristic value: 239/197 [g=126, 2525 evaluated, 2524 expanded, t=6985.9s]
Best heuristic value: 239/196 [g=125, 2532 evaluated, 2531 expanded, t=6991.44s]
Best heuristic value: 238/196 [g=127, 2551 evaluated, 2550 expanded, t=7006.72s]
Best heuristic value: 238/195 [g=126, 2576 evaluated, 2575 expanded, t=7026.62s]
Best heuristic value: 237/195 [g=128, 2579 evaluated, 2578 expanded, t=7028.99s]
Best heuristic value: 236/195 [g=129, 2609 evaluated, 2608 expanded, t=7052.23s]
Best heuristic value: 236/194 [g=127, 2622 evaluated, 2621 expanded, t=7062.36s]
Best heuristic value: 234/194 [g=130, 2641 evaluated, 2640 expanded, t=7077.06s]
Best heuristic value: 234/193 [g=128, 2668 evaluated, 2667 expanded, t=7098.31s]
Best heuristic value: 233/193 [g=131, 2683 evaluated, 2682 expanded, t=7110.29s]
Best heuristic value: 233/191 [g=129, 2714 evaluated, 2713 expanded, t=7134.63s]
Best heuristic value: 231/191 [g=132, 2725 evaluated, 2724 expanded, t=7143.09s]
Best heuristic value: 231/190 [g=130, 2762 evaluated, 2761 expanded, t=7171.75s]
Best heuristic value: 230/190 [g=133, 2769 evaluated, 2768 expanded, t=7177.16s]
Best heuristic value: 230/188 [g=131, 2810 evaluated, 2809 expanded, t=7208.93s]
Best heuristic value: 229/188 [g=134, 2813 evaluated, 2812 expanded, t=7211.28s]
Best heuristic value: 227/188 [g=135, 2857 evaluated, 2856 expanded, t=7245.29s]
Best heuristic value: 227/187 [g=132, 2860 evaluated, 2859 expanded, t=7247.68s]
Best heuristic value: 226/187 [g=136, 2903 evaluated, 2902 expanded, t=7281.26s]
Best heuristic value: 226/186 [g=133, 2910 evaluated, 2909 expanded, t=7286.65s]
Best heuristic value: 224/186 [g=137, 2949 evaluated, 2948 expanded, t=7317.23s]
Best heuristic value: 224/185 [g=134, 2960 evaluated, 2959 expanded, t=7325.95s]
Best heuristic value: 223/185 [g=138, 2997 evaluated, 2996 expanded, t=7354.73s]
Best heuristic value: 223/184 [g=135, 3010 evaluated, 3009 expanded, t=7364.76s]
Best heuristic value: 222/184 [g=139, 3045 evaluated, 3044 expanded, t=7392.07s]
Best heuristic value: 222/183 [g=136, 3060 evaluated, 3059 expanded, t=7403.74s]
Best heuristic value: 219/183 [g=140, 3093 evaluated, 3092 expanded, t=7429.45s]
Best heuristic value: 219/182 [g=137, 3110 evaluated, 3109 expanded, t=7442.67s]
Best heuristic value: 218/182 [g=141, 3141 evaluated, 3140 expanded, t=7466.77s]
Best heuristic value: 218/181 [g=138, 3164 evaluated, 3163 expanded, t=7484.51s]
Best heuristic value: 217/181 [g=142, 3189 evaluated, 3188 expanded, t=7504s]
Best heuristic value: 217/180 [g=139, 3218 evaluated, 3217 expanded, t=7526.37s]
Best heuristic value: 214/180 [g=143, 3237 evaluated, 3236 expanded, t=7541.02s]
Best heuristic value: 214/179 [g=140, 3272 evaluated, 3271 expanded, t=7567.79s]
Best heuristic value: 213/179 [g=144, 3289 evaluated, 3288 expanded, t=7580.63s]
Best heuristic value: 213/178 [g=141, 3326 evaluated, 3325 expanded, t=7608.66s]
Best heuristic value: 212/178 [g=145, 3341 evaluated, 3340 expanded, t=7620.09s]
Best heuristic value: 212/177 [g=142, 3380 evaluated, 3379 expanded, t=7650.16s]
Best heuristic value: 211/177 [g=146, 3393 evaluated, 3392 expanded, t=7660.03s]
Best heuristic value: 211/176 [g=143, 3434 evaluated, 3433 expanded, t=7691.27s]
Best heuristic value: 210/176 [g=147, 3445 evaluated, 3444 expanded, t=7699.7s]
Best heuristic value: 210/175 [g=144, 3488 evaluated, 3487 expanded, t=7732.5s]
Best heuristic value: 209/175 [g=148, 3497 evaluated, 3496 expanded, t=7739.4s]
Best heuristic value: 209/174 [g=145, 3546 evaluated, 3545 expanded, t=7776.92s]
Best heuristic value: 208/174 [g=149, 3549 evaluated, 3548 expanded, t=7779.19s]
Best heuristic value: 205/173 [g=150, 3601 evaluated, 3600 expanded, t=7818.84s]
Best heuristic value: 204/172 [g=151, 3629 evaluated, 3628 expanded, t=7840.02s]
Best heuristic value: 203/171 [g=152, 3657 evaluated, 3656 expanded, t=7861.4s]
Best heuristic value: 202/170 [g=153, 3685 evaluated, 3684 expanded, t=7882.94s]
Best heuristic value: 201/169 [g=154, 3713 evaluated, 3712 expanded, t=7904.42s]
Best heuristic value: 199/168 [g=155, 3742 evaluated, 3741 expanded, t=7926.6s]
Best heuristic value: 197/166 [g=156, 3771 evaluated, 3770 expanded, t=7948.8s]
Best heuristic value: 197/165 [g=157, 3800 evaluated, 3799 expanded, t=7970.73s]
Best heuristic value: 196/165 [g=157, 3802 evaluated, 3801 expanded, t=7972.25s]
Best heuristic value: 194/164 [g=158, 3858 evaluated, 3857 expanded, t=8014.53s]
Best heuristic value: 193/164 [g=159, 3887 evaluated, 3886 expanded, t=8036.2s]
Best heuristic value: 193/163 [g=159, 3889 evaluated, 3888 expanded, t=8037.72s]
Best heuristic value: 192/163 [g=160, 3946 evaluated, 3945 expanded, t=8080.46s]
Best heuristic value: 191/161 [g=160, 3949 evaluated, 3948 expanded, t=8082.75s]
Best heuristic value: 190/161 [g=161, 3978 evaluated, 3977 expanded, t=8104.68s]
Best heuristic value: 187/161 [g=161, 3980 evaluated, 3979 expanded, t=8106.18s]
Best heuristic value: 187/160 [g=161, 3982 evaluated, 3981 expanded, t=8107.63s]
Best heuristic value: 186/160 [g=162, 4037 evaluated, 4036 expanded, t=8149.37s]
Best heuristic value: 186/159 [g=162, 4044 evaluated, 4043 expanded, t=8154.59s]
Best heuristic value: 185/159 [g=163, 4097 evaluated, 4096 expanded, t=8195.25s]
Best heuristic value: 185/157 [g=163, 4108 evaluated, 4107 expanded, t=8203.59s]
Best heuristic value: 184/157 [g=164, 4156 evaluated, 4155 expanded, t=8240.61s]
Best heuristic value: 184/156 [g=164, 4173 evaluated, 4172 expanded, t=8253.43s]
Best heuristic value: 183/156 [g=165, 4216 evaluated, 4215 expanded, t=8286.1s]
Best heuristic value: 183/155 [g=165, 4241 evaluated, 4240 expanded, t=8305.49s]
Best heuristic value: 182/155 [g=166, 4278 evaluated, 4277 expanded, t=8333.92s]
Best heuristic value: 182/154 [g=166, 4309 evaluated, 4308 expanded, t=8357.43s]
Best heuristic value: 181/154 [g=167, 4340 evaluated, 4339 expanded, t=8381.36s]
Best heuristic value: 181/153 [g=167, 4377 evaluated, 4376 expanded, t=8409.99s]
Best heuristic value: 179/153 [g=168, 4404 evaluated, 4403 expanded, t=8430.91s]
Best heuristic value: 179/152 [g=168, 4445 evaluated, 4444 expanded, t=8462.68s]
Best heuristic value: 177/152 [g=169, 4468 evaluated, 4467 expanded, t=8479.84s]
Best heuristic value: 177/151 [g=169, 4513 evaluated, 4512 expanded, t=8513.15s]
Best heuristic value: 176/151 [g=170, 4532 evaluated, 4531 expanded, t=8527.16s]
Best heuristic value: 176/150 [g=170, 4581 evaluated, 4580 expanded, t=8563.18s]
Best heuristic value: 175/150 [g=171, 4598 evaluated, 4597 expanded, t=8575.68s]
Best heuristic value: 175/149 [g=171, 4649 evaluated, 4648 expanded, t=8613.27s]
Best heuristic value: 173/149 [g=172, 4664 evaluated, 4663 expanded, t=8624.29s]
Best heuristic value: 173/148 [g=172, 4723 evaluated, 4722 expanded, t=8667.64s]
Best heuristic value: 171/148 [g=173, 4730 evaluated, 4729 expanded, t=8672.71s]
Best heuristic value: 170/148 [g=174, 4798 evaluated, 4797 expanded, t=8722.33s]
Best heuristic value: 170/147 [g=173, 4801 evaluated, 4800 expanded, t=8724.58s]
Best heuristic value: 169/147 [g=175, 4866 evaluated, 4865 expanded, t=8772.45s]
Best heuristic value: 169/146 [g=174, 4879 evaluated, 4878 expanded, t=8781.99s]
Best heuristic value: 168/146 [g=176, 4934 evaluated, 4933 expanded, t=8822.58s]
Best heuristic value: 168/143 [g=175, 4957 evaluated, 4956 expanded, t=8839.56s]
Best heuristic value: 167/143 [g=177, 5002 evaluated, 5001 expanded, t=8872.55s]
Best heuristic value: 167/141 [g=176, 5035 evaluated, 5034 expanded, t=8896.79s]
Best heuristic value: 166/141 [g=178, 5070 evaluated, 5069 expanded, t=8922.39s]
Best heuristic value: 166/140 [g=177, 5113 evaluated, 5112 expanded, t=8953.95s]
Best heuristic value: 165/140 [g=179, 5138 evaluated, 5137 expanded, t=8972.45s]
Best heuristic value: 165/138 [g=178, 5193 evaluated, 5192 expanded, t=9014.1s]
Best heuristic value: 164/138 [g=180, 5206 evaluated, 5205 expanded, t=9024.19s]
Best heuristic value: 164/137 [g=179, 5275 evaluated, 5274 expanded, t=9075.75s]
Best heuristic value: 162/137 [g=181, 5278 evaluated, 5277 expanded, t=9077.99s]
Best heuristic value: 161/137 [g=182, 5350 evaluated, 5349 expanded, t=9131.61s]
Best heuristic value: 161/136 [g=180, 5363 evaluated, 5362 expanded, t=9141.23s]
Best heuristic value: 160/136 [g=183, 5422 evaluated, 5421 expanded, t=9184.85s]
Best heuristic value: 160/134 [g=181, 5451 evaluated, 5450 expanded, t=9206.28s]
Best heuristic value: 159/134 [g=184, 5496 evaluated, 5495 expanded, t=9239.08s]
Best heuristic value: 159/133 [g=182, 5539 evaluated, 5538 expanded, t=9271.06s]
Best heuristic value: 157/133 [g=185, 5572 evaluated, 5571 expanded, t=9295.64s]
Best heuristic value: 157/132 [g=183, 5627 evaluated, 5626 expanded, t=9336.89s]
Best heuristic value: 156/132 [g=186, 5648 evaluated, 5647 expanded, t=9352.76s]
Best heuristic value: 156/131 [g=184, 5715 evaluated, 5714 expanded, t=9402.57s]
Best heuristic value: 155/131 [g=187, 5726 evaluated, 5725 expanded, t=9410.64s]
Best heuristic value: 154/131 [g=188, 5804 evaluated, 5803 expanded, t=9468.32s]
Best heuristic value: 154/130 [g=185, 5805 evaluated, 5804 expanded, t=9469.09s]
Best heuristic value: 152/130 [g=189, 5882 evaluated, 5881 expanded, t=9526.5s]
Best heuristic value: 152/129 [g=186, 5897 evaluated, 5896 expanded, t=9537.56s]
Best heuristic value: 150/129 [g=190, 5960 evaluated, 5959 expanded, t=9584.49s]
Best heuristic value: 150/128 [g=187, 5991 evaluated, 5990 expanded, t=9607.36s]
Best heuristic value: 149/128 [g=191, 6040 evaluated, 6039 expanded, t=9643.31s]
Best heuristic value: 149/127 [g=188, 6085 evaluated, 6084 expanded, t=9677.1s]
Best heuristic value: 147/127 [g=192, 6122 evaluated, 6121 expanded, t=9705.44s]
Best heuristic value: 147/126 [g=189, 6179 evaluated, 6178 expanded, t=9748.38s]
Best heuristic value: 146/126 [g=193, 6208 evaluated, 6207 expanded, t=9770.18s]
Best heuristic value: 146/125 [g=190, 6279 evaluated, 6278 expanded, t=9823.74s]
Best heuristic value: 144/125 [g=194, 6296 evaluated, 6295 expanded, t=9836.34s]
Best heuristic value: 144/124 [g=191, 6379 evaluated, 6378 expanded, t=9897.53s]
Best heuristic value: 143/124 [g=195, 6384 evaluated, 6383 expanded, t=9901.13s]
Best heuristic value: 141/124 [g=196, 6474 evaluated, 6473 expanded, t=9967.45s]
Best heuristic value: 141/123 [g=192, 6481 evaluated, 6480 expanded, t=9972.54s]
Best heuristic value: 140/123 [g=197, 6564 evaluated, 6563 expanded, t=10033.4s]
Best heuristic value: 140/122 [g=193, 6587 evaluated, 6586 expanded, t=10050.2s]
Best heuristic value: 139/122 [g=198, 6654 evaluated, 6653 expanded, t=10099.3s]
Best heuristic value: 139/121 [g=194, 6693 evaluated, 6692 expanded, t=10127.9s]
Best heuristic value: 138/121 [g=199, 6744 evaluated, 6743 expanded, t=10165.1s]
Best heuristic value: 138/120 [g=195, 6801 evaluated, 6800 expanded, t=10206.5s]
Best heuristic value: 137/120 [g=200, 6834 evaluated, 6833 expanded, t=10230.3s]
Best heuristic value: 137/118 [g=196, 6909 evaluated, 6908 expanded, t=10284.6s]
Best heuristic value: 135/118 [g=201, 6924 evaluated, 6923 expanded, t=10295.5s]
Best heuristic value: 134/118 [g=202, 7014 evaluated, 7013 expanded, t=10361.7s]
Best heuristic value: 134/117 [g=197, 7021 evaluated, 7020 expanded, t=10366.7s]
Best heuristic value: 133/117 [g=203, 7104 evaluated, 7103 expanded, t=10427s]
Best heuristic value: 133/116 [g=198, 7133 evaluated, 7132 expanded, t=10448s]
Best heuristic value: 132/116 [g=204, 7196 evaluated, 7195 expanded, t=10493.7s]
Best heuristic value: 132/115 [g=199, 7249 evaluated, 7248 expanded, t=10532.3s]
Best heuristic value: 131/115 [g=205, 7290 evaluated, 7289 expanded, t=10562.2s]
Best heuristic value: 131/114 [g=200, 7365 evaluated, 7364 expanded, t=10616.5s]
Best heuristic value: 129/114 [g=206, 7384 evaluated, 7383 expanded, t=10630.3s]
Best heuristic value: 128/114 [g=207, 7478 evaluated, 7477 expanded, t=10697.9s]
Best heuristic value: 128/113 [g=201, 7481 evaluated, 7480 expanded, t=10700.1s]
Best heuristic value: 127/113 [g=208, 7574 evaluated, 7573 expanded, t=10767.5s]
Best heuristic value: 127/112 [g=202, 7597 evaluated, 7596 expanded, t=10784.4s]
Best heuristic value: 126/112 [g=209, 7672 evaluated, 7671 expanded, t=10838.9s]
Best heuristic value: 126/111 [g=203, 7713 evaluated, 7712 expanded, t=10868.9s]
Best heuristic value: 125/111 [g=210, 7770 evaluated, 7769 expanded, t=10910.6s]
Best heuristic value: 125/110 [g=204, 7831 evaluated, 7830 expanded, t=10955.6s]
Best heuristic value: 124/110 [g=211, 7870 evaluated, 7869 expanded, t=10985s]
Best heuristic value: 124/109 [g=205, 7949 evaluated, 7948 expanded, t=11042.6s]
Best heuristic value: 121/109 [g=212, 7972 evaluated, 7971 expanded, t=11059.2s]
Best heuristic value: 121/108 [g=206, 8073 evaluated, 8072 expanded, t=11131.9s]
Best heuristic value: 119/108 [g=213, 8078 evaluated, 8077 expanded, t=11135.4s]
Best heuristic value: 117/108 [g=214, 8184 evaluated, 8183 expanded, t=11211.2s]
Best heuristic value: 117/107 [g=207, 8197 evaluated, 8196 expanded, t=11220.5s]
Best heuristic value: 116/107 [g=215, 8290 evaluated, 8289 expanded, t=11287.5s]
Best heuristic value: 116/106 [g=208, 8329 evaluated, 8328 expanded, t=11315.6s]
Best heuristic value: 115/106 [g=216, 8394 evaluated, 8393 expanded, t=11362.2s]
Best heuristic value: 115/104 [g=209, 8451 evaluated, 8450 expanded, t=11403.2s]
Best heuristic value: 113/104 [g=217, 8500 evaluated, 8499 expanded, t=11438.5s]
Best heuristic value: 113/103 [g=210, 8581 evaluated, 8580 expanded, t=11497.3s]
Best heuristic value: 112/103 [g=218, 8604 evaluated, 8603 expanded, t=11513.9s]
Best heuristic value: 112/101 [g=211, 8701 evaluated, 8700 expanded, t=11582.9s]
Best heuristic value: 111/101 [g=219, 8712 evaluated, 8711 expanded, t=11590.7s]
Best heuristic value: 108/101 [g=220, 8822 evaluated, 8821 expanded, t=11669.3s]
Best heuristic value: 108/100 [g=212, 8841 evaluated, 8840 expanded, t=11682.6s]
Best heuristic value: 106/100 [g=221, 8924 evaluated, 8923 expanded, t=11742.1s]
Best heuristic value: 106/98 [g=213, 8939 evaluated, 8938 expanded, t=11752.9s]
Best heuristic value: 105/98 [g=222, 9034 evaluated, 9033 expanded, t=11821.4s]
Best heuristic value: 104/98 [g=223, 9118 evaluated, 9117 expanded, t=11881.8s]
Best heuristic value: 103/98 [g=224, 9194 evaluated, 9193 expanded, t=11936.4s]
Best heuristic value: 101/98 [g=225, 9270 evaluated, 9269 expanded, t=11991.6s]
Best heuristic value: 99/98 [g=226, 9347 evaluated, 9346 expanded, t=12047s]
Best heuristic value: 99/97 [g=227, 9424 evaluated, 9423 expanded, t=12102.3s]
Best heuristic value: 98/97 [g=227, 9426 evaluated, 9425 expanded, t=12103.8s]
Best heuristic value: 98/96 [g=228, 9540 evaluated, 9539 expanded, t=12184.4s]
Best heuristic value: 97/96 [g=228, 9543 evaluated, 9542 expanded, t=12186.5s]
Best heuristic value: 97/95 [g=229, 9658 evaluated, 9657 expanded, t=12268s]
Best heuristic value: 95/94 [g=229, 9661 evaluated, 9660 expanded, t=12270.1s]
Best heuristic value: 94/93 [g=230, 9719 evaluated, 9718 expanded, t=12310.8s]
Best heuristic value: 93/92 [g=231, 9777 evaluated, 9776 expanded, t=12351.7s]
Best heuristic value: 92/91 [g=232, 9837 evaluated, 9836 expanded, t=12394s]
Best heuristic value: 91/90 [g=233, 9897 evaluated, 9896 expanded, t=12436.1s]
Best heuristic value: 90/89 [g=234, 9957 evaluated, 9956 expanded, t=12478s]
Best heuristic value: 89/88 [g=235, 10017 evaluated, 10016 expanded, t=12519.8s]
Best heuristic value: 89/87 [g=236, 10077 evaluated, 10076 expanded, t=12561.8s]
Best heuristic value: 88/87 [g=236, 10079 evaluated, 10078 expanded, t=12563.2s]
Best heuristic value: 88/86 [g=237, 10197 evaluated, 10196 expanded, t=12646.1s]
Best heuristic value: 87/86 [g=237, 10202 evaluated, 10201 expanded, t=12649.7s]
Best heuristic value: 87/85 [g=238, 10318 evaluated, 10317 expanded, t=12731.8s]
Best heuristic value: 86/85 [g=238, 10325 evaluated, 10324 expanded, t=12736.7s]
Best heuristic value: 85/84 [g=239, 10441 evaluated, 10440 expanded, t=12819.1s]
Best heuristic value: 84/84 [g=240, 10501 evaluated, 10500 expanded, t=12861.4s]
Best heuristic value: 83/82 [g=240, 10505 evaluated, 10504 expanded, t=12864.3s]
Best heuristic value: 82/82 [g=241, 10565 evaluated, 10564 expanded, t=12906.6s]
Best heuristic value: 81/81 [g=241, 10569 evaluated, 10568 expanded, t=12909.4s]
Best heuristic value: 80/81 [g=242, 10629 evaluated, 10628 expanded, t=12948.9s]
Best heuristic value: 79/79 [g=242, 10633 evaluated, 10632 expanded, t=12951.5s]
Best heuristic value: 78/79 [g=243, 10693 evaluated, 10692 expanded, t=12990.8s]
Best heuristic value: 77/78 [g=243, 10697 evaluated, 10696 expanded, t=12993.5s]
Best heuristic value: 76/78 [g=244, 10757 evaluated, 10756 expanded, t=13031.9s]
Best heuristic value: 76/77 [g=244, 10761 evaluated, 10760 expanded, t=13034.5s]
Best heuristic value: 75/77 [g=245, 10878 evaluated, 10877 expanded, t=13110.7s]
Best heuristic value: 75/76 [g=245, 10887 evaluated, 10886 expanded, t=13116.5s]
Best heuristic value: 74/76 [g=246, 11003 evaluated, 11002 expanded, t=13190.8s]
Best heuristic value: 74/75 [g=246, 11012 evaluated, 11011 expanded, t=13196.7s]
Best heuristic value: 72/75 [g=247, 11129 evaluated, 11128 expanded, t=13271.4s]
Best heuristic value: 72/74 [g=247, 11146 evaluated, 11145 expanded, t=13282.3s]
Best heuristic value: 70/74 [g=248, 11249 evaluated, 11248 expanded, t=13347.9s]
Best heuristic value: 70/72 [g=248, 11278 evaluated, 11277 expanded, t=13366s]
Best heuristic value: 69/72 [g=249, 11367 evaluated, 11366 expanded, t=13421.6s]
Best heuristic value: 69/70 [g=249, 11410 evaluated, 11409 expanded, t=13448.5s]
Best heuristic value: 68/70 [g=250, 11489 evaluated, 11488 expanded, t=13497.9s]
Best heuristic value: 68/69 [g=250, 11536 evaluated, 11535 expanded, t=13527.4s]
Best heuristic value: 66/69 [g=251, 11607 evaluated, 11606 expanded, t=13572.1s]
Best heuristic value: 66/67 [g=251, 11668 evaluated, 11667 expanded, t=13610.1s]
Best heuristic value: 64/67 [g=252, 11723 evaluated, 11722 expanded, t=13644.2s]
Best heuristic value: 64/65 [g=252, 11790 evaluated, 11789 expanded, t=13686.5s]
Best heuristic value: 63/65 [g=253, 11835 evaluated, 11834 expanded, t=13714.5s]
Best heuristic value: 62/63 [g=253, 11910 evaluated, 11909 expanded, t=13761.7s]
Best heuristic value: 61/63 [g=254, 11959 evaluated, 11958 expanded, t=13792.4s]
Best heuristic value: 60/61 [g=254, 11983 evaluated, 11982 expanded, t=13807.4s]
Best heuristic value: 59/61 [g=255, 12030 evaluated, 12029 expanded, t=13836.9s]
Best heuristic value: 58/59 [g=255, 12050 evaluated, 12049 expanded, t=13849.5s]
Best heuristic value: 57/59 [g=256, 12095 evaluated, 12094 expanded, t=13877.6s]
Best heuristic value: 56/57 [g=256, 12117 evaluated, 12116 expanded, t=13891.3s]
Best heuristic value: 55/57 [g=257, 12160 evaluated, 12159 expanded, t=13918.3s]
Best heuristic value: 54/55 [g=257, 12184 evaluated, 12183 expanded, t=13933.2s]
Best heuristic value: 53/55 [g=258, 12225 evaluated, 12224 expanded, t=13958.7s]
Best heuristic value: 53/54 [g=258, 12249 evaluated, 12248 expanded, t=13974.1s]
Best heuristic value: 52/54 [g=259, 12292 evaluated, 12291 expanded, t=14000.9s]
Best heuristic value: 51/54 [g=260, 12354 evaluated, 12353 expanded, t=14039.8s]
Best heuristic value: 51/52 [g=259, 12362 evaluated, 12361 expanded, t=14044.9s]
Best heuristic value: 50/52 [g=260, 12438 evaluated, 12437 expanded, t=14092.7s]
Best heuristic value: 50/51 [g=260, 12477 evaluated, 12476 expanded, t=14117.7s]
Best heuristic value: 49/51 [g=261, 12492 evaluated, 12491 expanded, t=14127.2s]
Best heuristic value: 48/51 [g=262, 12562 evaluated, 12561 expanded, t=14170.9s]
Best heuristic value: 48/49 [g=261, 12578 evaluated, 12577 expanded, t=14180.9s]
Best heuristic value: 46/49 [g=263, 12627 evaluated, 12626 expanded, t=14211.6s]
Best heuristic value: 46/47 [g=262, 12676 evaluated, 12675 expanded, t=14242.1s]
Best heuristic value: 45/47 [g=264, 12714 evaluated, 12713 expanded, t=14265.8s]
Best heuristic value: 44/45 [g=263, 12759 evaluated, 12758 expanded, t=14293.8s]
Best heuristic value: 43/45 [g=264, 12790 evaluated, 12789 expanded, t=14313.4s]
Best heuristic value: 42/45 [g=265, 12824 evaluated, 12823 expanded, t=14334.7s]
Best heuristic value: 42/44 [g=264, 12838 evaluated, 12837 expanded, t=14343.8s]
Best heuristic value: 42/43 [g=265, 12860 evaluated, 12859 expanded, t=14357.6s]
Best heuristic value: 41/43 [g=266, 12874 evaluated, 12873 expanded, t=14366.4s]
Best heuristic value: 39/43 [g=267, 12932 evaluated, 12931 expanded, t=14402.6s]
Best heuristic value: 39/42 [g=266, 12965 evaluated, 12964 expanded, t=14423.1s]
Best heuristic value: 39/41 [g=267, 12969 evaluated, 12968 expanded, t=14425.5s]
Best heuristic value: 38/41 [g=268, 13002 evaluated, 13001 expanded, t=14446s]
Best heuristic value: 37/41 [g=269, 13006 evaluated, 13005 expanded, t=14448.5s]
Best heuristic value: 37/40 [g=268, 13038 evaluated, 13037 expanded, t=14468.6s]
Best heuristic value: 37/39 [g=269, 13039 evaluated, 13038 expanded, t=14469.2s]
Best heuristic value: 36/39 [g=270, 13071 evaluated, 13070 expanded, t=14489.1s]
Best heuristic value: 35/39 [g=271, 13072 evaluated, 13071 expanded, t=14489.7s]
Best heuristic value: 35/37 [g=270, 13107 evaluated, 13106 expanded, t=14511.5s]
Best heuristic value: 33/37 [g=272, 13141 evaluated, 13140 expanded, t=14532.4s]
Best heuristic value: 33/35 [g=271, 13171 evaluated, 13170 expanded, t=14551s]
Best heuristic value: 31/35 [g=273, 13200 evaluated, 13199 expanded, t=14569s]
Best heuristic value: 31/34 [g=273, 13227 evaluated, 13226 expanded, t=14585.7s]
Best heuristic value: 30/34 [g=275, 13254 evaluated, 13253 expanded, t=14602.9s]
Best heuristic value: 30/33 [g=275, 13279 evaluated, 13278 expanded, t=14618.3s]
Best heuristic value: 29/33 [g=277, 13306 evaluated, 13305 expanded, t=14635.2s]
Best heuristic value: 29/32 [g=277, 13329 evaluated, 13328 expanded, t=14649.6s]
Best heuristic value: 28/32 [g=279, 13358 evaluated, 13357 expanded, t=14667.7s]
Best heuristic value: 28/31 [g=279, 13377 evaluated, 13376 expanded, t=14679.6s]
Best heuristic value: 27/31 [g=281, 13409 evaluated, 13408 expanded, t=14699.6s]
Best heuristic value: 27/30 [g=281, 13425 evaluated, 13424 expanded, t=14709.7s]
Best heuristic value: 26/30 [g=283, 13460 evaluated, 13459 expanded, t=14731.6s]
Best heuristic value: 26/29 [g=283, 13471 evaluated, 13470 expanded, t=14738.5s]
Best heuristic value: 25/29 [g=285, 13509 evaluated, 13508 expanded, t=14762.2s]
Best heuristic value: 25/28 [g=285, 13515 evaluated, 13514 expanded, t=14766s]
Best heuristic value: 24/28 [g=287, 13560 evaluated, 13559 expanded, t=14794s]
Best heuristic value: 24/27 [g=287, 13561 evaluated, 13560 expanded, t=14794.6s]
Best heuristic value: 23/27 [g=289, 13621 evaluated, 13620 expanded, t=14832s]
Best heuristic value: 23/26 [g=289, 13652 evaluated, 13651 expanded, t=14851.3s]
Best heuristic value: 22/26 [g=291, 13680 evaluated, 13679 expanded, t=14869s]
Best heuristic value: 21/25 [g=291, 13701 evaluated, 13700 expanded, t=14882.3s]
Best heuristic value: 20/24 [g=293, 13728 evaluated, 13727 expanded, t=14899.2s]
Best heuristic value: 19/23 [g=295, 13760 evaluated, 13759 expanded, t=14919.2s]
Best heuristic value: 18/22 [g=297, 13793 evaluated, 13792 expanded, t=14939.9s]
Best heuristic value: 17/21 [g=299, 13825 evaluated, 13824 expanded, t=14959.9s]
Best heuristic value: 16/20 [g=301, 13858 evaluated, 13857 expanded, t=14980.4s]
Best heuristic value: 15/19 [g=303, 13890 evaluated, 13889 expanded, t=15000.5s]
Best heuristic value: 14/18 [g=305, 13922 evaluated, 13921 expanded, t=15019.9s]
Best heuristic value: 13/17 [g=307, 13957 evaluated, 13956 expanded, t=15041.2s]
Best heuristic value: 12/16 [g=309, 13997 evaluated, 13996 expanded, t=15066.1s]
Best heuristic value: 11/15 [g=311, 14013 evaluated, 14012 expanded, t=15075.9s]
Best heuristic value: 10/14 [g=313, 14030 evaluated, 14029 expanded, t=15086.4s]
Best heuristic value: 9/13 [g=315, 14046 evaluated, 14045 expanded, t=15096.1s]
Best heuristic value: 8/12 [g=317, 14061 evaluated, 14060 expanded, t=15105.4s]
Best heuristic value: 7/11 [g=319, 14075 evaluated, 14074 expanded, t=15114s]
Best heuristic value: 6/10 [g=321, 14099 evaluated, 14098 expanded, t=15128.9s]
Best heuristic value: 5/9 [g=323, 14133 evaluated, 14132 expanded, t=15149.9s]
Best heuristic value: 4/8 [g=325, 14162 evaluated, 14161 expanded, t=15167.7s]
/home/asai/repos/downward/src/search/downward: 196 行: 17448 強制終了            "$PLANNER" --heuristic "hlm1,hff1=lm_ff_syn(lm_rhw(
                    reasonable_orders=true,lm_cost_type=1,cost_type=1))" --heuristic "hlm2,hff2=lm_ff_syn(lm_rhw(
                    reasonable_orders=true,lm_cost_type=2,cost_type=2))" --search "iterated([
                    lazy_greedy([hff1,hlm1],preferred=[hff1,hlm1],
                                cost_type=1,reopen_closed=false),
                    lazy_greedy([hff2,hlm2],preferred=[hff2,hlm2],
                                reopen_closed=false),
                    lazy_wastar([hff2,hlm2],preferred=[hff2,hlm2],w=5),
                    lazy_wastar([hff2,hlm2],preferred=[hff2,hlm2],w=3),
                    lazy_wastar([hff2,hlm2],preferred=[hff2,hlm2],w=2),
                    lazy_wastar([hff2,hlm2],preferred=[hff2,hlm2],w=1)],
                    repeat_last=true,continue_on_fail=true)" "$@" < $TEMPFILE
