Dispatcher selected state size 1.
This is a nonunit task.
Simplifying transitions... done!
Initializing Exploration...
Generating landmarks using the RPG/SAS+ approach
approx. reasonable orders
approx. obedient reasonable orders
Removed 0 reasonable or obedient reasonable orders
Landmarks generation time: 1917.59s
Discovered 1876 landmarks, of which 44 are disjunctive and 0 are conjunctive 
2088 edges
Initializing LAMA-FF Synergy Object
Initializing landmarks count heuristic...
882 initial landmarks, 714 goal landmarks
Initializing Exploration...
Generating landmarks using the RPG/SAS+ approach
approx. reasonable orders
approx. obedient reasonable orders
Removed 0 reasonable or obedient reasonable orders
Landmarks generation time: 1947.22s
Discovered 1876 landmarks, of which 44 are disjunctive and 0 are conjunctive 
2091 edges
Initializing LAMA-FF Synergy Object
Initializing landmarks count heuristic...
882 initial landmarks, 714 goal landmarks
Starting search: lazy_greedy(list(hff1, hlm1), preferred = list(hff1, hlm1), cost_type = 1, reopen_closed = false)
Conducting lazy best first search, (real) bound = 2147483647
Best heuristic value: 994/787 [g=0, 1 evaluated, 0 expanded, t=3910.67s]
Best heuristic value: 993/786 [g=1, 2 evaluated, 1 expanded, t=3911.24s]
Best heuristic value: 992/785 [g=2, 3 evaluated, 2 expanded, t=3911.81s]
Best heuristic value: 990/783 [g=3, 5 evaluated, 4 expanded, t=3912.94s]
Best heuristic value: 989/782 [g=4, 7 evaluated, 6 expanded, t=3914.08s]
Best heuristic value: 988/781 [g=5, 9 evaluated, 8 expanded, t=3915.21s]
Best heuristic value: 987/781 [g=6, 13 evaluated, 12 expanded, t=3917.49s]
Best heuristic value: 986/780 [g=6, 15 evaluated, 14 expanded, t=3918.62s]
Best heuristic value: 985/780 [g=7, 19 evaluated, 18 expanded, t=3920.89s]
Best heuristic value: 985/779 [g=7, 21 evaluated, 20 expanded, t=3922.03s]
Best heuristic value: 984/779 [g=8, 26 evaluated, 25 expanded, t=3924.88s]
Best heuristic value: 984/777 [g=8, 33 evaluated, 32 expanded, t=3928.86s]
Best heuristic value: 983/777 [g=9, 38 evaluated, 37 expanded, t=3931.7s]
Best heuristic value: 983/776 [g=9, 45 evaluated, 44 expanded, t=3935.68s]
Best heuristic value: 981/776 [g=10, 52 evaluated, 51 expanded, t=3939.66s]
Best heuristic value: 981/775 [g=10, 57 evaluated, 56 expanded, t=3942.51s]
Best heuristic value: 980/775 [g=11, 66 evaluated, 65 expanded, t=3947.63s]
Best heuristic value: 980/774 [g=11, 75 evaluated, 74 expanded, t=3952.75s]
Best heuristic value: 979/774 [g=12, 80 evaluated, 79 expanded, t=3955.6s]
Best heuristic value: 979/773 [g=12, 93 evaluated, 92 expanded, t=3963s]
Best heuristic value: 978/773 [g=13, 96 evaluated, 95 expanded, t=3964.71s]
Best heuristic value: 978/772 [g=13, 111 evaluated, 110 expanded, t=3973.26s]
Best heuristic value: 977/772 [g=14, 112 evaluated, 111 expanded, t=3973.83s]
Best heuristic value: 977/771 [g=14, 129 evaluated, 128 expanded, t=3983.52s]
Best heuristic value: 976/771 [g=15, 132 evaluated, 131 expanded, t=3985.22s]
Best heuristic value: 976/770 [g=15, 147 evaluated, 146 expanded, t=3993.78s]
Best heuristic value: 975/770 [g=16, 152 evaluated, 151 expanded, t=3996.62s]
Best heuristic value: 974/769 [g=16, 167 evaluated, 166 expanded, t=4005.16s]
Best heuristic value: 973/769 [g=17, 171 evaluated, 170 expanded, t=4007.44s]
Best heuristic value: 972/769 [g=18, 178 evaluated, 177 expanded, t=4011.42s]
Best heuristic value: 972/768 [g=17, 183 evaluated, 182 expanded, t=4014.26s]
Best heuristic value: 971/768 [g=19, 188 evaluated, 187 expanded, t=4017.11s]
Best heuristic value: 970/768 [g=20, 200 evaluated, 199 expanded, t=4023.94s]
Best heuristic value: 970/767 [g=18, 203 evaluated, 202 expanded, t=4025.66s]
Best heuristic value: 969/767 [g=21, 214 evaluated, 213 expanded, t=4031.91s]
Best heuristic value: 969/766 [g=19, 223 evaluated, 222 expanded, t=4037.04s]
Best heuristic value: 968/766 [g=22, 228 evaluated, 227 expanded, t=4039.89s]
Best heuristic value: 968/765 [g=20, 247 evaluated, 246 expanded, t=4050.71s]
Best heuristic value: 967/765 [g=23, 248 evaluated, 247 expanded, t=4051.28s]
Best heuristic value: 966/765 [g=24, 268 evaluated, 267 expanded, t=4062.68s]
Best heuristic value: 966/764 [g=21, 271 evaluated, 270 expanded, t=4064.39s]
Best heuristic value: 965/764 [g=25, 288 evaluated, 287 expanded, t=4074.08s]
Best heuristic value: 965/763 [g=22, 295 evaluated, 294 expanded, t=4078.07s]
Best heuristic value: 964/763 [g=26, 312 evaluated, 311 expanded, t=4087.75s]
Best heuristic value: 964/762 [g=23, 319 evaluated, 318 expanded, t=4091.75s]
Best heuristic value: 963/762 [g=27, 336 evaluated, 335 expanded, t=4101.44s]
Best heuristic value: 963/761 [g=24, 343 evaluated, 342 expanded, t=4105.43s]
Best heuristic value: 962/761 [g=28, 360 evaluated, 359 expanded, t=4115.12s]
Best heuristic value: 962/760 [g=25, 371 evaluated, 370 expanded, t=4121.39s]
Best heuristic value: 961/760 [g=29, 384 evaluated, 383 expanded, t=4128.8s]
Best heuristic value: 961/759 [g=26, 399 evaluated, 398 expanded, t=4137.35s]
Best heuristic value: 959/759 [g=30, 408 evaluated, 407 expanded, t=4142.49s]
Best heuristic value: 959/758 [g=27, 429 evaluated, 428 expanded, t=4154.46s]
Best heuristic value: 958/758 [g=31, 436 evaluated, 435 expanded, t=4158.45s]
Best heuristic value: 958/756 [g=28, 459 evaluated, 458 expanded, t=4171.56s]
Best heuristic value: 957/756 [g=32, 464 evaluated, 463 expanded, t=4174.41s]
Best heuristic value: 957/755 [g=29, 493 evaluated, 492 expanded, t=4190.94s]
Best heuristic value: 955/755 [g=33, 494 evaluated, 493 expanded, t=4191.51s]
Best heuristic value: 953/755 [g=34, 524 evaluated, 523 expanded, t=4208.65s]
Best heuristic value: 953/753 [g=30, 525 evaluated, 524 expanded, t=4209.21s]
Best heuristic value: 952/753 [g=35, 558 evaluated, 557 expanded, t=4228.06s]
Best heuristic value: 952/752 [g=31, 559 evaluated, 558 expanded, t=4228.63s]
Best heuristic value: 950/752 [g=36, 590 evaluated, 589 expanded, t=4246.3s]
Best heuristic value: 950/751 [g=32, 593 evaluated, 592 expanded, t=4248.01s]
Best heuristic value: 948/751 [g=37, 624 evaluated, 623 expanded, t=4265.69s]
Best heuristic value: 948/750 [g=33, 627 evaluated, 626 expanded, t=4267.41s]
Best heuristic value: 947/750 [g=38, 658 evaluated, 657 expanded, t=4285.1s]
Best heuristic value: 947/749 [g=34, 663 evaluated, 662 expanded, t=4287.95s]
Best heuristic value: 944/749 [g=39, 692 evaluated, 691 expanded, t=4304.5s]
Best heuristic value: 944/748 [g=35, 699 evaluated, 698 expanded, t=4308.5s]
Best heuristic value: 943/748 [g=40, 728 evaluated, 727 expanded, t=4325.08s]
Best heuristic value: 943/747 [g=36, 735 evaluated, 734 expanded, t=4329.08s]
Best heuristic value: 942/747 [g=41, 764 evaluated, 763 expanded, t=4345.65s]
Best heuristic value: 942/746 [g=37, 771 evaluated, 770 expanded, t=4349.65s]
Best heuristic value: 941/746 [g=42, 800 evaluated, 799 expanded, t=4366.21s]
Best heuristic value: 941/745 [g=38, 807 evaluated, 806 expanded, t=4370.21s]
Best heuristic value: 939/745 [g=43, 836 evaluated, 835 expanded, t=4386.79s]
Best heuristic value: 939/744 [g=39, 843 evaluated, 842 expanded, t=4390.79s]
Best heuristic value: 938/744 [g=44, 872 evaluated, 871 expanded, t=4407.36s]
Best heuristic value: 938/743 [g=40, 881 evaluated, 880 expanded, t=4412.5s]
Best heuristic value: 937/743 [g=45, 908 evaluated, 907 expanded, t=4427.92s]
Best heuristic value: 937/742 [g=41, 919 evaluated, 918 expanded, t=4434.2s]
Best heuristic value: 936/742 [g=46, 946 evaluated, 945 expanded, t=4449.6s]
Best heuristic value: 936/741 [g=42, 959 evaluated, 958 expanded, t=4457.03s]
Best heuristic value: 935/741 [g=47, 984 evaluated, 983 expanded, t=4471.31s]
Best heuristic value: 935/740 [g=43, 1003 evaluated, 1002 expanded, t=4482.16s]
Best heuristic value: 934/740 [g=48, 1024 evaluated, 1023 expanded, t=4494.15s]
Best heuristic value: 934/738 [g=44, 1049 evaluated, 1048 expanded, t=4508.42s]
Best heuristic value: 933/738 [g=49, 1068 evaluated, 1067 expanded, t=4519.28s]
Best heuristic value: 933/737 [g=45, 1093 evaluated, 1092 expanded, t=4533.55s]
Best heuristic value: 931/737 [g=50, 1114 evaluated, 1113 expanded, t=4545.56s]
Best heuristic value: 931/736 [g=46, 1137 evaluated, 1136 expanded, t=4558.7s]
Best heuristic value: 929/736 [g=51, 1158 evaluated, 1157 expanded, t=4570.7s]
Best heuristic value: 929/735 [g=47, 1181 evaluated, 1180 expanded, t=4583.85s]
Best heuristic value: 928/735 [g=52, 1202 evaluated, 1201 expanded, t=4595.85s]
Best heuristic value: 928/734 [g=48, 1225 evaluated, 1224 expanded, t=4608.99s]
Best heuristic value: 927/734 [g=53, 1246 evaluated, 1245 expanded, t=4620.99s]
Best heuristic value: 927/733 [g=49, 1269 evaluated, 1268 expanded, t=4634.14s]
Best heuristic value: 926/733 [g=54, 1290 evaluated, 1289 expanded, t=4646.14s]
Best heuristic value: 926/732 [g=50, 1313 evaluated, 1312 expanded, t=4659.28s]
Best heuristic value: 925/732 [g=55, 1334 evaluated, 1333 expanded, t=4671.27s]
Best heuristic value: 925/731 [g=51, 1363 evaluated, 1362 expanded, t=4687.84s]
Best heuristic value: 923/731 [g=56, 1378 evaluated, 1377 expanded, t=4696.41s]
Best heuristic value: 923/730 [g=52, 1415 evaluated, 1414 expanded, t=4717.56s]
Best heuristic value: 922/730 [g=57, 1428 evaluated, 1427 expanded, t=4724.99s]
Best heuristic value: 922/729 [g=53, 1467 evaluated, 1466 expanded, t=4747.28s]
Best heuristic value: 920/729 [g=58, 1480 evaluated, 1479 expanded, t=4754.7s]
Best heuristic value: 920/727 [g=54, 1519 evaluated, 1518 expanded, t=4776.99s]
Best heuristic value: 919/727 [g=59, 1532 evaluated, 1531 expanded, t=4784.4s]
Best heuristic value: 919/725 [g=55, 1571 evaluated, 1570 expanded, t=4806.69s]
Best heuristic value: 918/725 [g=56, 1579 evaluated, 1578 expanded, t=4811.24s]
Best heuristic value: 917/725 [g=57, 1586 evaluated, 1585 expanded, t=4815.21s]
Best heuristic value: 916/725 [g=58, 1596 evaluated, 1595 expanded, t=4820.87s]
Best heuristic value: 915/725 [g=59, 1608 evaluated, 1607 expanded, t=4827.67s]
Best heuristic value: 914/725 [g=60, 1622 evaluated, 1621 expanded, t=4835.61s]
Best heuristic value: 914/723 [g=56, 1623 evaluated, 1622 expanded, t=4836.18s]
Best heuristic value: 913/723 [g=61, 1636 evaluated, 1635 expanded, t=4843.53s]
Best heuristic value: 912/721 [g=57, 1675 evaluated, 1674 expanded, t=4865.63s]
Best heuristic value: 911/721 [g=58, 1679 evaluated, 1678 expanded, t=4867.88s]
Best heuristic value: 910/721 [g=59, 1686 evaluated, 1685 expanded, t=4871.81s]
Best heuristic value: 909/721 [g=60, 1696 evaluated, 1695 expanded, t=4877.42s]
Best heuristic value: 908/721 [g=61, 1708 evaluated, 1707 expanded, t=4884.18s]
Best heuristic value: 907/721 [g=62, 1722 evaluated, 1721 expanded, t=4892.04s]
Best heuristic value: 907/719 [g=58, 1723 evaluated, 1722 expanded, t=4892.6s]
Best heuristic value: 906/719 [g=63, 1736 evaluated, 1735 expanded, t=4899.9s]
Best heuristic value: 906/717 [g=59, 1775 evaluated, 1774 expanded, t=4921.79s]
Best heuristic value: 905/717 [g=60, 1783 evaluated, 1782 expanded, t=4926.27s]
Best heuristic value: 904/717 [g=61, 1790 evaluated, 1789 expanded, t=4930.17s]
Best heuristic value: 903/717 [g=62, 1800 evaluated, 1799 expanded, t=4935.74s]
Best heuristic value: 902/717 [g=63, 1812 evaluated, 1811 expanded, t=4942.43s]
Best heuristic value: 901/717 [g=64, 1826 evaluated, 1825 expanded, t=4950.25s]
Best heuristic value: 901/715 [g=60, 1827 evaluated, 1826 expanded, t=4950.8s]
Best heuristic value: 900/715 [g=65, 1840 evaluated, 1839 expanded, t=4958.04s]
Best heuristic value: 900/713 [g=61, 1879 evaluated, 1878 expanded, t=4979.76s]
Best heuristic value: 899/713 [g=62, 1887 evaluated, 1886 expanded, t=4984.2s]
Best heuristic value: 898/713 [g=63, 1894 evaluated, 1893 expanded, t=4988.07s]
Best heuristic value: 897/713 [g=64, 1904 evaluated, 1903 expanded, t=4993.6s]
Best heuristic value: 896/713 [g=65, 1916 evaluated, 1915 expanded, t=5000.25s]
Best heuristic value: 895/713 [g=66, 1930 evaluated, 1929 expanded, t=5007.99s]
Best heuristic value: 895/711 [g=62, 1931 evaluated, 1930 expanded, t=5008.54s]
Best heuristic value: 894/711 [g=67, 1944 evaluated, 1943 expanded, t=5015.72s]
Best heuristic value: 894/709 [g=63, 1983 evaluated, 1982 expanded, t=5037.25s]
Best heuristic value: 893/709 [g=64, 1991 evaluated, 1990 expanded, t=5041.66s]
Best heuristic value: 892/709 [g=65, 1998 evaluated, 1997 expanded, t=5045.5s]
Best heuristic value: 891/709 [g=66, 2008 evaluated, 2007 expanded, t=5050.98s]
Best heuristic value: 890/709 [g=67, 2020 evaluated, 2019 expanded, t=5057.58s]
Best heuristic value: 889/709 [g=68, 2034 evaluated, 2033 expanded, t=5065.27s]
Best heuristic value: 889/707 [g=64, 2035 evaluated, 2034 expanded, t=5065.82s]
Best heuristic value: 888/707 [g=69, 2048 evaluated, 2047 expanded, t=5072.95s]
Best heuristic value: 888/705 [g=65, 2087 evaluated, 2086 expanded, t=5094.36s]
Best heuristic value: 886/705 [g=70, 2100 evaluated, 2099 expanded, t=5101.46s]
Best heuristic value: 886/703 [g=66, 2139 evaluated, 2138 expanded, t=5122.76s]
Best heuristic value: 885/703 [g=67, 2147 evaluated, 2146 expanded, t=5127.11s]
Best heuristic value: 884/703 [g=68, 2154 evaluated, 2153 expanded, t=5130.9s]
Best heuristic value: 883/703 [g=69, 2164 evaluated, 2163 expanded, t=5136.33s]
Best heuristic value: 882/703 [g=70, 2176 evaluated, 2175 expanded, t=5142.85s]
Best heuristic value: 881/703 [g=71, 2190 evaluated, 2189 expanded, t=5150.44s]
Best heuristic value: 881/701 [g=67, 2191 evaluated, 2190 expanded, t=5150.99s]
Best heuristic value: 880/701 [g=72, 2204 evaluated, 2203 expanded, t=5158.03s]
Best heuristic value: 880/699 [g=68, 2243 evaluated, 2242 expanded, t=5179.16s]
Best heuristic value: 879/699 [g=69, 2251 evaluated, 2250 expanded, t=5183.48s]
Best heuristic value: 878/699 [g=70, 2258 evaluated, 2257 expanded, t=5187.25s]
Best heuristic value: 877/699 [g=71, 2268 evaluated, 2267 expanded, t=5192.63s]
Best heuristic value: 876/699 [g=72, 2280 evaluated, 2279 expanded, t=5199.09s]
Best heuristic value: 875/699 [g=73, 2294 evaluated, 2293 expanded, t=5206.62s]
Best heuristic value: 875/697 [g=69, 2295 evaluated, 2294 expanded, t=5207.16s]
Best heuristic value: 874/697 [g=74, 2308 evaluated, 2307 expanded, t=5214.14s]
Best heuristic value: 874/695 [g=70, 2347 evaluated, 2346 expanded, t=5235.07s]
Best heuristic value: 873/695 [g=71, 2355 evaluated, 2354 expanded, t=5239.36s]
Best heuristic value: 872/695 [g=72, 2362 evaluated, 2361 expanded, t=5243.09s]
Best heuristic value: 871/695 [g=73, 2372 evaluated, 2371 expanded, t=5248.42s]
Best heuristic value: 870/695 [g=74, 2384 evaluated, 2383 expanded, t=5254.83s]
Best heuristic value: 869/695 [g=75, 2398 evaluated, 2397 expanded, t=5262.29s]
Best heuristic value: 869/693 [g=71, 2399 evaluated, 2398 expanded, t=5262.83s]
Best heuristic value: 868/693 [g=76, 2412 evaluated, 2411 expanded, t=5269.74s]
Best heuristic value: 868/691 [g=72, 2451 evaluated, 2450 expanded, t=5290.49s]
Best heuristic value: 867/691 [g=73, 2459 evaluated, 2458 expanded, t=5294.73s]
Best heuristic value: 866/691 [g=74, 2466 evaluated, 2465 expanded, t=5298.44s]
Best heuristic value: 865/691 [g=75, 2476 evaluated, 2475 expanded, t=5303.73s]
Best heuristic value: 864/691 [g=76, 2488 evaluated, 2487 expanded, t=5310.09s]
Best heuristic value: 863/691 [g=77, 2502 evaluated, 2501 expanded, t=5317.51s]
Best heuristic value: 863/689 [g=73, 2503 evaluated, 2502 expanded, t=5318.03s]
Best heuristic value: 862/689 [g=78, 2516 evaluated, 2515 expanded, t=5324.91s]
Best heuristic value: 862/687 [g=74, 2555 evaluated, 2554 expanded, t=5345.52s]
Best heuristic value: 861/687 [g=75, 2563 evaluated, 2562 expanded, t=5349.74s]
Best heuristic value: 860/687 [g=76, 2570 evaluated, 2569 expanded, t=5353.41s]
Best heuristic value: 859/687 [g=77, 2580 evaluated, 2579 expanded, t=5358.66s]
Best heuristic value: 858/687 [g=78, 2592 evaluated, 2591 expanded, t=5364.97s]
Best heuristic value: 857/687 [g=79, 2606 evaluated, 2605 expanded, t=5372.33s]
Best heuristic value: 857/685 [g=75, 2607 evaluated, 2606 expanded, t=5372.85s]
Best heuristic value: 856/685 [g=80, 2620 evaluated, 2619 expanded, t=5379.66s]
Best heuristic value: 855/682 [g=76, 2659 evaluated, 2658 expanded, t=5400.1s]
Best heuristic value: 854/682 [g=77, 2663 evaluated, 2662 expanded, t=5402.18s]
Best heuristic value: 853/682 [g=78, 2670 evaluated, 2669 expanded, t=5405.81s]
Best heuristic value: 852/682 [g=79, 2680 evaluated, 2679 expanded, t=5411.02s]
Best heuristic value: 851/682 [g=80, 2692 evaluated, 2691 expanded, t=5417.26s]
Best heuristic value: 850/682 [g=81, 2706 evaluated, 2705 expanded, t=5424.55s]
Best heuristic value: 850/680 [g=77, 2707 evaluated, 2706 expanded, t=5425.07s]
Best heuristic value: 849/680 [g=82, 2720 evaluated, 2719 expanded, t=5431.82s]
Best heuristic value: 849/678 [g=78, 2759 evaluated, 2758 expanded, t=5452.13s]
Best heuristic value: 848/678 [g=79, 2767 evaluated, 2766 expanded, t=5456.28s]
Best heuristic value: 847/678 [g=80, 2774 evaluated, 2773 expanded, t=5459.89s]
Best heuristic value: 846/678 [g=81, 2784 evaluated, 2783 expanded, t=5465.05s]
Best heuristic value: 845/678 [g=82, 2796 evaluated, 2795 expanded, t=5471.25s]
Best heuristic value: 844/678 [g=83, 2810 evaluated, 2809 expanded, t=5478.48s]
Best heuristic value: 844/676 [g=79, 2811 evaluated, 2810 expanded, t=5479s]
Best heuristic value: 843/676 [g=84, 2824 evaluated, 2823 expanded, t=5485.71s]
Best heuristic value: 843/675 [g=80, 2863 evaluated, 2862 expanded, t=5505.84s]
Best heuristic value: 842/675 [g=81, 2871 evaluated, 2870 expanded, t=5509.96s]
Best heuristic value: 841/675 [g=82, 2878 evaluated, 2877 expanded, t=5513.53s]
Best heuristic value: 840/675 [g=83, 2888 evaluated, 2887 expanded, t=5518.65s]
Best heuristic value: 839/675 [g=84, 2900 evaluated, 2899 expanded, t=5524.79s]
Best heuristic value: 838/675 [g=85, 2914 evaluated, 2913 expanded, t=5531.96s]
Best heuristic value: 838/666 [g=81, 2915 evaluated, 2914 expanded, t=5532.47s]
Best heuristic value: 837/666 [g=86, 2928 evaluated, 2927 expanded, t=5539.12s]
Best heuristic value: 837/664 [g=82, 2967 evaluated, 2966 expanded, t=5559.08s]
Best heuristic value: 836/664 [g=83, 2975 evaluated, 2974 expanded, t=5563.15s]
Best heuristic value: 835/664 [g=84, 2982 evaluated, 2981 expanded, t=5566.7s]
Best heuristic value: 834/664 [g=85, 2992 evaluated, 2991 expanded, t=5571.76s]
Best heuristic value: 833/664 [g=86, 3004 evaluated, 3003 expanded, t=5577.84s]
Best heuristic value: 832/664 [g=87, 3018 evaluated, 3017 expanded, t=5584.93s]
Best heuristic value: 832/662 [g=83, 3019 evaluated, 3018 expanded, t=5585.44s]
Best heuristic value: 831/662 [g=88, 3032 evaluated, 3031 expanded, t=5592.02s]
Best heuristic value: 831/660 [g=84, 3071 evaluated, 3070 expanded, t=5611.78s]
Best heuristic value: 830/660 [g=85, 3079 evaluated, 3078 expanded, t=5615.88s]
Best heuristic value: 829/660 [g=86, 3086 evaluated, 3085 expanded, t=5619.41s]
Best heuristic value: 828/660 [g=87, 3096 evaluated, 3095 expanded, t=5624.42s]
Best heuristic value: 827/660 [g=88, 3108 evaluated, 3107 expanded, t=5630.45s]
Best heuristic value: 826/660 [g=89, 3122 evaluated, 3121 expanded, t=5637.49s]
Best heuristic value: 826/658 [g=85, 3123 evaluated, 3122 expanded, t=5637.98s]
Best heuristic value: 825/658 [g=90, 3136 evaluated, 3135 expanded, t=5644.51s]
Best heuristic value: 824/656 [g=86, 3175 evaluated, 3174 expanded, t=5664.09s]
Best heuristic value: 823/656 [g=87, 3179 evaluated, 3178 expanded, t=5666.09s]
Best heuristic value: 822/656 [g=88, 3186 evaluated, 3185 expanded, t=5669.57s]
Best heuristic value: 821/656 [g=89, 3196 evaluated, 3195 expanded, t=5674.54s]
Best heuristic value: 820/656 [g=90, 3208 evaluated, 3207 expanded, t=5680.53s]
Best heuristic value: 819/656 [g=91, 3222 evaluated, 3221 expanded, t=5687.51s]
Best heuristic value: 819/654 [g=87, 3223 evaluated, 3222 expanded, t=5688.01s]
Best heuristic value: 818/654 [g=92, 3236 evaluated, 3235 expanded, t=5694.47s]
Best heuristic value: 818/652 [g=88, 3275 evaluated, 3274 expanded, t=5713.87s]
Best heuristic value: 817/652 [g=89, 3283 evaluated, 3282 expanded, t=5717.84s]
Best heuristic value: 816/652 [g=90, 3290 evaluated, 3289 expanded, t=5721.3s]
Best heuristic value: 815/652 [g=91, 3300 evaluated, 3299 expanded, t=5726.25s]
Best heuristic value: 814/652 [g=92, 3312 evaluated, 3311 expanded, t=5732.18s]
Best heuristic value: 813/652 [g=93, 3326 evaluated, 3325 expanded, t=5739.11s]
Best heuristic value: 813/651 [g=89, 3327 evaluated, 3326 expanded, t=5739.6s]
Best heuristic value: 812/651 [g=94, 3340 evaluated, 3339 expanded, t=5746.02s]
Best heuristic value: 812/649 [g=90, 3379 evaluated, 3378 expanded, t=5765.27s]
Best heuristic value: 811/649 [g=91, 3387 evaluated, 3386 expanded, t=5769.22s]
Best heuristic value: 810/649 [g=92, 3394 evaluated, 3393 expanded, t=5772.65s]
Best heuristic value: 809/649 [g=93, 3404 evaluated, 3403 expanded, t=5777.55s]
Best heuristic value: 808/649 [g=94, 3416 evaluated, 3415 expanded, t=5783.46s]
Best heuristic value: 807/649 [g=95, 3430 evaluated, 3429 expanded, t=5790.33s]
Best heuristic value: 807/647 [g=91, 3431 evaluated, 3430 expanded, t=5790.82s]
Best heuristic value: 806/647 [g=96, 3444 evaluated, 3443 expanded, t=5797.2s]
Best heuristic value: 806/645 [g=92, 3483 evaluated, 3482 expanded, t=5816.32s]
Best heuristic value: 805/645 [g=93, 3491 evaluated, 3490 expanded, t=5820.23s]
Best heuristic value: 804/645 [g=94, 3498 evaluated, 3497 expanded, t=5823.65s]
Best heuristic value: 803/645 [g=95, 3508 evaluated, 3507 expanded, t=5828.52s]
Best heuristic value: 802/645 [g=96, 3520 evaluated, 3519 expanded, t=5834.38s]
Best heuristic value: 801/645 [g=97, 3534 evaluated, 3533 expanded, t=5841.21s]
Best heuristic value: 801/643 [g=93, 3535 evaluated, 3534 expanded, t=5841.7s]
Best heuristic value: 800/643 [g=98, 3548 evaluated, 3547 expanded, t=5848.02s]
Best heuristic value: 799/640 [g=94, 3587 evaluated, 3586 expanded, t=5867.02s]
Best heuristic value: 798/640 [g=95, 3591 evaluated, 3590 expanded, t=5868.96s]
Best heuristic value: 797/640 [g=96, 3598 evaluated, 3597 expanded, t=5872.34s]
Best heuristic value: 796/640 [g=97, 3608 evaluated, 3607 expanded, t=5877.17s]
Best heuristic value: 795/640 [g=98, 3620 evaluated, 3619 expanded, t=5882.98s]
Best heuristic value: 794/640 [g=99, 3634 evaluated, 3633 expanded, t=5889.75s]
Best heuristic value: 794/638 [g=95, 3635 evaluated, 3634 expanded, t=5890.23s]
Best heuristic value: 793/638 [g=100, 3648 evaluated, 3647 expanded, t=5896.51s]
Best heuristic value: 793/636 [g=96, 3687 evaluated, 3686 expanded, t=5915.37s]
Best heuristic value: 790/636 [g=101, 3700 evaluated, 3699 expanded, t=5921.64s]
Best heuristic value: 790/634 [g=97, 3739 evaluated, 3738 expanded, t=5940.42s]
Best heuristic value: 788/634 [g=102, 3752 evaluated, 3751 expanded, t=5946.65s]
Best heuristic value: 788/632 [g=98, 3791 evaluated, 3790 expanded, t=5965.35s]
Best heuristic value: 787/632 [g=99, 3799 evaluated, 3798 expanded, t=5969.17s]
Best heuristic value: 786/632 [g=100, 3806 evaluated, 3805 expanded, t=5972.5s]
Best heuristic value: 785/632 [g=101, 3816 evaluated, 3815 expanded, t=5977.27s]
Best heuristic value: 784/632 [g=102, 3828 evaluated, 3827 expanded, t=5982.99s]
Best heuristic value: 783/632 [g=103, 3842 evaluated, 3841 expanded, t=5989.66s]
Best heuristic value: 783/630 [g=99, 3843 evaluated, 3842 expanded, t=5990.14s]
Best heuristic value: 782/630 [g=104, 3856 evaluated, 3855 expanded, t=5996.33s]
Best heuristic value: 781/628 [g=100, 3895 evaluated, 3894 expanded, t=6014.9s]
Best heuristic value: 780/628 [g=101, 3899 evaluated, 3898 expanded, t=6016.79s]
Best heuristic value: 779/628 [g=102, 3906 evaluated, 3905 expanded, t=6020.1s]
Best heuristic value: 778/628 [g=103, 3916 evaluated, 3915 expanded, t=6024.83s]
Best heuristic value: 777/628 [g=104, 3928 evaluated, 3927 expanded, t=6030.51s]
Best heuristic value: 776/628 [g=105, 3942 evaluated, 3941 expanded, t=6037.13s]
Best heuristic value: 776/627 [g=101, 3943 evaluated, 3942 expanded, t=6037.6s]
Best heuristic value: 775/627 [g=106, 3956 evaluated, 3955 expanded, t=6043.75s]
Best heuristic value: 774/625 [g=102, 3995 evaluated, 3994 expanded, t=6062.19s]
Best heuristic value: 773/625 [g=103, 3999 evaluated, 3998 expanded, t=6064.06s]
Best heuristic value: 772/625 [g=104, 4006 evaluated, 4005 expanded, t=6067.35s]
Best heuristic value: 771/625 [g=105, 4016 evaluated, 4015 expanded, t=6072.04s]
Best heuristic value: 770/625 [g=106, 4028 evaluated, 4027 expanded, t=6077.68s]
Best heuristic value: 769/625 [g=107, 4042 evaluated, 4041 expanded, t=6084.26s]
Best heuristic value: 769/624 [g=103, 4043 evaluated, 4042 expanded, t=6084.74s]
Best heuristic value: 768/624 [g=108, 4056 evaluated, 4055 expanded, t=6090.82s]
Best heuristic value: 768/623 [g=104, 4095 evaluated, 4094 expanded, t=6109.12s]
Best heuristic value: 767/623 [g=105, 4103 evaluated, 4102 expanded, t=6112.86s]
Best heuristic value: 766/623 [g=106, 4110 evaluated, 4109 expanded, t=6116.12s]
Best heuristic value: 765/623 [g=107, 4120 evaluated, 4119 expanded, t=6120.78s]
Best heuristic value: 764/623 [g=108, 4132 evaluated, 4131 expanded, t=6126.38s]
Best heuristic value: 763/623 [g=109, 4146 evaluated, 4145 expanded, t=6132.92s]
Best heuristic value: 763/621 [g=105, 4147 evaluated, 4146 expanded, t=6133.39s]
Best heuristic value: 762/621 [g=110, 4160 evaluated, 4159 expanded, t=6139.44s]
Best heuristic value: 762/619 [g=106, 4199 evaluated, 4198 expanded, t=6157.6s]
Best heuristic value: 761/619 [g=107, 4207 evaluated, 4206 expanded, t=6161.32s]
Best heuristic value: 760/619 [g=108, 4214 evaluated, 4213 expanded, t=6164.56s]
Best heuristic value: 759/619 [g=109, 4224 evaluated, 4223 expanded, t=6169.18s]
Best heuristic value: 758/619 [g=110, 4236 evaluated, 4235 expanded, t=6174.75s]
Best heuristic value: 757/619 [g=111, 4250 evaluated, 4249 expanded, t=6181.23s]
Best heuristic value: 757/616 [g=107, 4251 evaluated, 4250 expanded, t=6181.69s]
Best heuristic value: 756/616 [g=112, 4264 evaluated, 4263 expanded, t=6187.7s]
Best heuristic value: 756/614 [g=108, 4303 evaluated, 4302 expanded, t=6205.73s]
Best heuristic value: 755/614 [g=109, 4311 evaluated, 4310 expanded, t=6209.42s]
Best heuristic value: 754/614 [g=110, 4318 evaluated, 4317 expanded, t=6212.64s]
Best heuristic value: 753/614 [g=111, 4328 evaluated, 4327 expanded, t=6217.24s]
Best heuristic value: 752/614 [g=112, 4340 evaluated, 4339 expanded, t=6222.75s]
Best heuristic value: 751/614 [g=113, 4354 evaluated, 4353 expanded, t=6229.2s]
Best heuristic value: 751/612 [g=109, 4355 evaluated, 4354 expanded, t=6229.66s]
Best heuristic value: 750/612 [g=114, 4368 evaluated, 4367 expanded, t=6235.63s]
Best heuristic value: 750/610 [g=110, 4407 evaluated, 4406 expanded, t=6253.55s]
Best heuristic value: 748/610 [g=115, 4420 evaluated, 4419 expanded, t=6259.51s]
Best heuristic value: 748/608 [g=111, 4459 evaluated, 4458 expanded, t=6277.37s]
Best heuristic value: 746/608 [g=116, 4472 evaluated, 4471 expanded, t=6283.31s]
Best heuristic value: 746/606 [g=112, 4511 evaluated, 4510 expanded, t=6301.09s]
Best heuristic value: 745/606 [g=113, 4519 evaluated, 4518 expanded, t=6304.72s]
Best heuristic value: 744/606 [g=114, 4526 evaluated, 4525 expanded, t=6307.89s]
Best heuristic value: 743/606 [g=115, 4536 evaluated, 4535 expanded, t=6312.42s]
Best heuristic value: 742/606 [g=116, 4548 evaluated, 4547 expanded, t=6317.86s]
Best heuristic value: 741/606 [g=117, 4562 evaluated, 4561 expanded, t=6324.21s]
Best heuristic value: 741/604 [g=113, 4563 evaluated, 4562 expanded, t=6324.67s]
Best heuristic value: 740/604 [g=118, 4576 evaluated, 4575 expanded, t=6330.54s]
Best heuristic value: 740/602 [g=114, 4615 evaluated, 4614 expanded, t=6348.19s]
Best heuristic value: 739/602 [g=115, 4623 evaluated, 4622 expanded, t=6351.8s]
Best heuristic value: 738/602 [g=116, 4630 evaluated, 4629 expanded, t=6354.95s]
Best heuristic value: 737/602 [g=117, 4640 evaluated, 4639 expanded, t=6359.45s]
Best heuristic value: 736/602 [g=118, 4652 evaluated, 4651 expanded, t=6364.84s]
Best heuristic value: 735/602 [g=119, 4666 evaluated, 4665 expanded, t=6371.15s]
Best heuristic value: 735/600 [g=115, 4667 evaluated, 4666 expanded, t=6371.6s]
Best heuristic value: 734/600 [g=120, 4680 evaluated, 4679 expanded, t=6377.44s]
Best heuristic value: 734/598 [g=116, 4719 evaluated, 4718 expanded, t=6394.96s]
Best heuristic value: 733/598 [g=117, 4727 evaluated, 4726 expanded, t=6398.55s]
Best heuristic value: 732/598 [g=118, 4734 evaluated, 4733 expanded, t=6401.68s]
Best heuristic value: 731/598 [g=119, 4744 evaluated, 4743 expanded, t=6406.15s]
Best heuristic value: 730/598 [g=120, 4756 evaluated, 4755 expanded, t=6411.51s]
Best heuristic value: 729/598 [g=121, 4770 evaluated, 4769 expanded, t=6417.77s]
Best heuristic value: 729/595 [g=117, 4771 evaluated, 4770 expanded, t=6418.22s]
Best heuristic value: 728/595 [g=122, 4784 evaluated, 4783 expanded, t=6424.02s]
Best heuristic value: 727/594 [g=118, 4823 evaluated, 4822 expanded, t=6441.42s]
Best heuristic value: 726/594 [g=119, 4827 evaluated, 4826 expanded, t=6443.19s]
Best heuristic value: 725/594 [g=120, 4834 evaluated, 4833 expanded, t=6446.29s]
Best heuristic value: 724/594 [g=121, 4844 evaluated, 4843 expanded, t=6450.73s]
Best heuristic value: 723/594 [g=122, 4856 evaluated, 4855 expanded, t=6456.04s]
Best heuristic value: 722/594 [g=123, 4870 evaluated, 4869 expanded, t=6462.24s]
Best heuristic value: 722/592 [g=119, 4871 evaluated, 4870 expanded, t=6462.68s]
Best heuristic value: 721/592 [g=124, 4884 evaluated, 4883 expanded, t=6468.43s]
Best heuristic value: 721/590 [g=120, 4923 evaluated, 4922 expanded, t=6485.71s]
Best heuristic value: 720/590 [g=121, 4931 evaluated, 4930 expanded, t=6489.24s]
Best heuristic value: 719/590 [g=122, 4938 evaluated, 4937 expanded, t=6492.32s]
Best heuristic value: 718/590 [g=123, 4948 evaluated, 4947 expanded, t=6496.71s]
Best heuristic value: 717/590 [g=124, 4960 evaluated, 4959 expanded, t=6501.99s]
Best heuristic value: 716/590 [g=125, 4974 evaluated, 4973 expanded, t=6508.15s]
Best heuristic value: 716/588 [g=121, 4975 evaluated, 4974 expanded, t=6508.59s]
Best heuristic value: 715/588 [g=126, 4988 evaluated, 4987 expanded, t=6514.3s]
Best heuristic value: 715/586 [g=122, 5027 evaluated, 5026 expanded, t=6531.44s]
Best heuristic value: 714/586 [g=123, 5035 evaluated, 5034 expanded, t=6534.95s]
Best heuristic value: 713/586 [g=124, 5042 evaluated, 5041 expanded, t=6538.01s]
Best heuristic value: 712/586 [g=125, 5052 evaluated, 5051 expanded, t=6542.38s]
Best heuristic value: 711/586 [g=126, 5064 evaluated, 5063 expanded, t=6547.61s]
Best heuristic value: 710/586 [g=127, 5078 evaluated, 5077 expanded, t=6553.73s]
Best heuristic value: 710/584 [g=123, 5079 evaluated, 5078 expanded, t=6554.16s]
Best heuristic value: 709/584 [g=128, 5092 evaluated, 5091 expanded, t=6559.82s]
Best heuristic value: 709/582 [g=124, 5131 evaluated, 5130 expanded, t=6576.84s]
Best heuristic value: 708/582 [g=125, 5139 evaluated, 5138 expanded, t=6580.32s]
Best heuristic value: 707/582 [g=126, 5146 evaluated, 5145 expanded, t=6583.35s]
Best heuristic value: 706/582 [g=127, 5156 evaluated, 5155 expanded, t=6587.68s]
Best heuristic value: 705/582 [g=128, 5168 evaluated, 5167 expanded, t=6592.88s]
Best heuristic value: 704/582 [g=129, 5182 evaluated, 5181 expanded, t=6598.94s]
Best heuristic value: 704/580 [g=125, 5183 evaluated, 5182 expanded, t=6599.37s]
Best heuristic value: 703/580 [g=130, 5196 evaluated, 5195 expanded, t=6605s]
Best heuristic value: 703/579 [g=126, 5235 evaluated, 5234 expanded, t=6621.87s]
Best heuristic value: 701/579 [g=131, 5248 evaluated, 5247 expanded, t=6627.48s]
Best heuristic value: 701/577 [g=127, 5287 evaluated, 5286 expanded, t=6644.28s]
Best heuristic value: 700/577 [g=128, 5295 evaluated, 5294 expanded, t=6647.71s]
Best heuristic value: 699/577 [g=129, 5302 evaluated, 5301 expanded, t=6650.71s]
Best heuristic value: 698/577 [g=130, 5312 evaluated, 5311 expanded, t=6654.99s]
Best heuristic value: 697/577 [g=131, 5324 evaluated, 5323 expanded, t=6660.13s]
Best heuristic value: 696/577 [g=132, 5338 evaluated, 5337 expanded, t=6666.12s]
Best heuristic value: 696/575 [g=128, 5339 evaluated, 5338 expanded, t=6666.54s]
Best heuristic value: 695/575 [g=133, 5352 evaluated, 5351 expanded, t=6672.1s]
Best heuristic value: 694/573 [g=129, 5391 evaluated, 5390 expanded, t=6688.77s]
Best heuristic value: 693/573 [g=130, 5395 evaluated, 5394 expanded, t=6690.47s]
Best heuristic value: 692/573 [g=131, 5402 evaluated, 5401 expanded, t=6693.44s]
Best heuristic value: 691/573 [g=132, 5412 evaluated, 5411 expanded, t=6697.69s]
Best heuristic value: 690/573 [g=133, 5424 evaluated, 5423 expanded, t=6702.79s]
Best heuristic value: 689/573 [g=134, 5438 evaluated, 5437 expanded, t=6708.74s]
Best heuristic value: 689/571 [g=130, 5439 evaluated, 5438 expanded, t=6709.16s]
Best heuristic value: 688/571 [g=135, 5452 evaluated, 5451 expanded, t=6714.67s]
Best heuristic value: 688/569 [g=131, 5491 evaluated, 5490 expanded, t=6731.2s]
Best heuristic value: 687/569 [g=132, 5499 evaluated, 5498 expanded, t=6734.59s]
Best heuristic value: 686/569 [g=133, 5506 evaluated, 5505 expanded, t=6737.54s]
Best heuristic value: 685/569 [g=134, 5516 evaluated, 5515 expanded, t=6741.75s]
Best heuristic value: 684/569 [g=135, 5528 evaluated, 5527 expanded, t=6746.81s]
Best heuristic value: 683/569 [g=136, 5542 evaluated, 5541 expanded, t=6752.72s]
Best heuristic value: 683/567 [g=132, 5543 evaluated, 5542 expanded, t=6753.14s]
Best heuristic value: 682/567 [g=137, 5556 evaluated, 5555 expanded, t=6758.61s]
Best heuristic value: 680/566 [g=133, 5595 evaluated, 5594 expanded, t=6775.03s]
Best heuristic value: 679/566 [g=134, 5599 evaluated, 5598 expanded, t=6776.7s]
Best heuristic value: 678/566 [g=135, 5606 evaluated, 5605 expanded, t=6779.63s]
Best heuristic value: 677/566 [g=136, 5616 evaluated, 5615 expanded, t=6783.8s]
Best heuristic value: 676/566 [g=137, 5628 evaluated, 5627 expanded, t=6788.83s]
Best heuristic value: 675/566 [g=138, 5642 evaluated, 5641 expanded, t=6794.69s]
Best heuristic value: 675/564 [g=134, 5643 evaluated, 5642 expanded, t=6795.11s]
Best heuristic value: 674/564 [g=139, 5656 evaluated, 5655 expanded, t=6800.54s]
Best heuristic value: 674/562 [g=135, 5695 evaluated, 5694 expanded, t=6816.84s]
Best heuristic value: 673/562 [g=136, 5703 evaluated, 5702 expanded, t=6820.18s]
Best heuristic value: 672/562 [g=137, 5710 evaluated, 5709 expanded, t=6823.09s]
Best heuristic value: 671/562 [g=138, 5720 evaluated, 5719 expanded, t=6827.24s]
Best heuristic value: 670/562 [g=139, 5732 evaluated, 5731 expanded, t=6832.24s]
Best heuristic value: 669/562 [g=140, 5746 evaluated, 5745 expanded, t=6838.06s]
Best heuristic value: 669/560 [g=136, 5747 evaluated, 5746 expanded, t=6838.47s]
Best heuristic value: 668/560 [g=141, 5760 evaluated, 5759 expanded, t=6843.87s]
Best heuristic value: 668/558 [g=137, 5799 evaluated, 5798 expanded, t=6860.06s]
Best heuristic value: 667/558 [g=138, 5807 evaluated, 5806 expanded, t=6863.37s]
Best heuristic value: 666/558 [g=139, 5814 evaluated, 5813 expanded, t=6866.26s]
Best heuristic value: 665/558 [g=140, 5824 evaluated, 5823 expanded, t=6870.38s]
Best heuristic value: 664/558 [g=141, 5836 evaluated, 5835 expanded, t=6875.33s]
Best heuristic value: 663/558 [g=142, 5850 evaluated, 5849 expanded, t=6881.11s]
Best heuristic value: 663/556 [g=138, 5851 evaluated, 5850 expanded, t=6881.52s]
Best heuristic value: 662/556 [g=143, 5864 evaluated, 5863 expanded, t=6886.87s]
Best heuristic value: 662/553 [g=139, 5903 evaluated, 5902 expanded, t=6902.93s]
Best heuristic value: 661/553 [g=140, 5911 evaluated, 5910 expanded, t=6906.22s]
Best heuristic value: 660/553 [g=141, 5918 evaluated, 5917 expanded, t=6909.08s]
Best heuristic value: 659/553 [g=142, 5928 evaluated, 5927 expanded, t=6913.17s]
Best heuristic value: 658/553 [g=143, 5940 evaluated, 5939 expanded, t=6918.08s]
Best heuristic value: 657/553 [g=144, 5954 evaluated, 5953 expanded, t=6923.81s]
Best heuristic value: 657/551 [g=140, 5955 evaluated, 5954 expanded, t=6924.22s]
Best heuristic value: 656/551 [g=145, 5968 evaluated, 5967 expanded, t=6929.53s]
Best heuristic value: 656/549 [g=141, 6007 evaluated, 6006 expanded, t=6945.45s]
Best heuristic value: 655/549 [g=142, 6015 evaluated, 6014 expanded, t=6948.7s]
Best heuristic value: 654/549 [g=143, 6022 evaluated, 6021 expanded, t=6951.54s]
Best heuristic value: 653/549 [g=144, 6032 evaluated, 6031 expanded, t=6955.59s]
Best heuristic value: 652/549 [g=145, 6044 evaluated, 6043 expanded, t=6960.47s]
Best heuristic value: 651/549 [g=146, 6058 evaluated, 6057 expanded, t=6966.15s]
Best heuristic value: 651/547 [g=142, 6059 evaluated, 6058 expanded, t=6966.55s]
Best heuristic value: 650/547 [g=147, 6072 evaluated, 6071 expanded, t=6971.82s]
Best heuristic value: 650/545 [g=143, 6111 evaluated, 6110 expanded, t=6987.64s]
Best heuristic value: 648/545 [g=148, 6124 evaluated, 6123 expanded, t=6992.89s]
Best heuristic value: 647/540 [g=144, 6163 evaluated, 6162 expanded, t=7008.75s]
Best heuristic value: 646/540 [g=145, 6167 evaluated, 6166 expanded, t=7010.36s]
Best heuristic value: 645/540 [g=146, 6174 evaluated, 6173 expanded, t=7013.16s]
Best heuristic value: 644/540 [g=147, 6184 evaluated, 6183 expanded, t=7017.19s]
Best heuristic value: 643/540 [g=148, 6196 evaluated, 6195 expanded, t=7022s]
Best heuristic value: 642/540 [g=149, 6210 evaluated, 6209 expanded, t=7027.62s]
Best heuristic value: 642/538 [g=145, 6211 evaluated, 6210 expanded, t=7028.02s]
Best heuristic value: 641/538 [g=150, 6224 evaluated, 6223 expanded, t=7033.23s]
Best heuristic value: 641/536 [g=146, 6263 evaluated, 6262 expanded, t=7048.88s]
Best heuristic value: 640/536 [g=147, 6271 evaluated, 6270 expanded, t=7052.09s]
Best heuristic value: 639/536 [g=148, 6278 evaluated, 6277 expanded, t=7054.87s]
Best heuristic value: 638/536 [g=149, 6288 evaluated, 6287 expanded, t=7058.86s]
Best heuristic value: 637/536 [g=150, 6300 evaluated, 6299 expanded, t=7063.64s]
Best heuristic value: 636/536 [g=151, 6314 evaluated, 6313 expanded, t=7069.22s]
Best heuristic value: 636/534 [g=147, 6315 evaluated, 6314 expanded, t=7069.62s]
Best heuristic value: 635/534 [g=152, 6328 evaluated, 6327 expanded, t=7074.79s]
Best heuristic value: 635/532 [g=148, 6367 evaluated, 6366 expanded, t=7090.31s]
Best heuristic value: 634/532 [g=149, 6375 evaluated, 6374 expanded, t=7093.48s]
Best heuristic value: 633/532 [g=150, 6382 evaluated, 6381 expanded, t=7096.25s]
Best heuristic value: 632/532 [g=151, 6392 evaluated, 6391 expanded, t=7100.2s]
Best heuristic value: 631/532 [g=152, 6404 evaluated, 6403 expanded, t=7104.96s]
Best heuristic value: 630/532 [g=153, 6418 evaluated, 6417 expanded, t=7110.49s]
Best heuristic value: 630/530 [g=149, 6419 evaluated, 6418 expanded, t=7110.89s]
Best heuristic value: 629/530 [g=154, 6432 evaluated, 6431 expanded, t=7116.02s]
Best heuristic value: 629/528 [g=150, 6471 evaluated, 6470 expanded, t=7131.43s]
Best heuristic value: 628/528 [g=151, 6479 evaluated, 6478 expanded, t=7134.58s]
Best heuristic value: 627/528 [g=152, 6486 evaluated, 6485 expanded, t=7137.33s]
Best heuristic value: 626/528 [g=153, 6496 evaluated, 6495 expanded, t=7141.26s]
Best heuristic value: 625/528 [g=154, 6508 evaluated, 6507 expanded, t=7145.97s]
Best heuristic value: 624/528 [g=155, 6522 evaluated, 6521 expanded, t=7151.47s]
Best heuristic value: 624/527 [g=151, 6523 evaluated, 6522 expanded, t=7151.86s]
Best heuristic value: 623/527 [g=156, 6536 evaluated, 6535 expanded, t=7156.96s]
Best heuristic value: 623/525 [g=152, 6575 evaluated, 6574 expanded, t=7172.26s]
Best heuristic value: 622/525 [g=153, 6583 evaluated, 6582 expanded, t=7175.4s]
Best heuristic value: 621/525 [g=154, 6590 evaluated, 6589 expanded, t=7178.13s]
Best heuristic value: 620/525 [g=155, 6600 evaluated, 6599 expanded, t=7182.03s]
Best heuristic value: 619/525 [g=156, 6612 evaluated, 6611 expanded, t=7186.72s]
Best heuristic value: 618/525 [g=157, 6626 evaluated, 6625 expanded, t=7192.18s]
Best heuristic value: 618/523 [g=153, 6627 evaluated, 6626 expanded, t=7192.56s]
Best heuristic value: 617/523 [g=158, 6640 evaluated, 6639 expanded, t=7197.63s]
Best heuristic value: 616/520 [g=154, 6679 evaluated, 6678 expanded, t=7212.84s]
Best heuristic value: 615/520 [g=155, 6683 evaluated, 6682 expanded, t=7214.39s]
Best heuristic value: 614/520 [g=156, 6690 evaluated, 6689 expanded, t=7217.11s]
Best heuristic value: 613/520 [g=157, 6700 evaluated, 6699 expanded, t=7220.98s]
Best heuristic value: 612/520 [g=158, 6712 evaluated, 6711 expanded, t=7225.63s]
Best heuristic value: 611/520 [g=159, 6726 evaluated, 6725 expanded, t=7231.05s]
Best heuristic value: 611/517 [g=155, 6727 evaluated, 6726 expanded, t=7231.45s]
Best heuristic value: 610/517 [g=160, 6740 evaluated, 6739 expanded, t=7236.47s]
Best heuristic value: 609/516 [g=156, 6779 evaluated, 6778 expanded, t=7251.56s]
Best heuristic value: 608/516 [g=157, 6783 evaluated, 6782 expanded, t=7253.1s]
Best heuristic value: 607/516 [g=158, 6790 evaluated, 6789 expanded, t=7255.79s]
Best heuristic value: 606/516 [g=159, 6800 evaluated, 6799 expanded, t=7259.63s]
Best heuristic value: 605/516 [g=160, 6812 evaluated, 6811 expanded, t=7264.25s]
Best heuristic value: 604/516 [g=161, 6826 evaluated, 6825 expanded, t=7269.62s]
Best heuristic value: 604/514 [g=157, 6827 evaluated, 6826 expanded, t=7270.01s]
Best heuristic value: 603/514 [g=162, 6840 evaluated, 6839 expanded, t=7275s]
Best heuristic value: 602/512 [g=158, 6879 evaluated, 6878 expanded, t=7289.96s]
Best heuristic value: 601/512 [g=159, 6883 evaluated, 6882 expanded, t=7291.48s]
Best heuristic value: 600/512 [g=160, 6890 evaluated, 6889 expanded, t=7294.15s]
Best heuristic value: 599/512 [g=161, 6900 evaluated, 6899 expanded, t=7297.97s]
Best heuristic value: 598/512 [g=162, 6912 evaluated, 6911 expanded, t=7302.55s]
Best heuristic value: 597/512 [g=163, 6926 evaluated, 6925 expanded, t=7307.89s]
Best heuristic value: 597/511 [g=159, 6927 evaluated, 6926 expanded, t=7308.27s]
Best heuristic value: 596/511 [g=164, 6940 evaluated, 6939 expanded, t=7313.22s]
Best heuristic value: 596/509 [g=160, 6979 evaluated, 6978 expanded, t=7328.07s]
Best heuristic value: 595/509 [g=161, 6987 evaluated, 6986 expanded, t=7331.11s]
Best heuristic value: 594/509 [g=162, 6994 evaluated, 6993 expanded, t=7333.77s]
Best heuristic value: 593/509 [g=163, 7004 evaluated, 7003 expanded, t=7337.55s]
Best heuristic value: 592/509 [g=164, 7016 evaluated, 7015 expanded, t=7342.1s]
Best heuristic value: 591/509 [g=165, 7030 evaluated, 7029 expanded, t=7347.41s]
Best heuristic value: 591/507 [g=161, 7031 evaluated, 7030 expanded, t=7347.78s]
Best heuristic value: 590/507 [g=166, 7044 evaluated, 7043 expanded, t=7352.7s]
Best heuristic value: 589/505 [g=162, 7083 evaluated, 7082 expanded, t=7367.44s]
Best heuristic value: 588/505 [g=163, 7087 evaluated, 7086 expanded, t=7368.95s]
Best heuristic value: 587/505 [g=164, 7094 evaluated, 7093 expanded, t=7371.58s]
Best heuristic value: 586/505 [g=165, 7104 evaluated, 7103 expanded, t=7375.34s]
Best heuristic value: 585/505 [g=166, 7116 evaluated, 7115 expanded, t=7379.84s]
Best heuristic value: 584/505 [g=167, 7130 evaluated, 7129 expanded, t=7385.1s]
Best heuristic value: 584/503 [g=163, 7131 evaluated, 7130 expanded, t=7385.47s]
Best heuristic value: 583/503 [g=168, 7144 evaluated, 7143 expanded, t=7390.35s]
Best heuristic value: 583/502 [g=164, 7183 evaluated, 7182 expanded, t=7404.99s]
Best heuristic value: 580/502 [g=169, 7196 evaluated, 7195 expanded, t=7409.88s]
Best heuristic value: 580/501 [g=165, 7237 evaluated, 7236 expanded, t=7425.22s]
Best heuristic value: 579/501 [g=170, 7250 evaluated, 7249 expanded, t=7430.08s]
Best heuristic value: 579/500 [g=166, 7291 evaluated, 7290 expanded, t=7445.43s]
Best heuristic value: 577/500 [g=171, 7304 evaluated, 7303 expanded, t=7450.29s]
Best heuristic value: 577/499 [g=167, 7345 evaluated, 7344 expanded, t=7465.62s]
Best heuristic value: 576/499 [g=172, 7356 evaluated, 7355 expanded, t=7469.73s]
Best heuristic value: 576/497 [g=168, 7399 evaluated, 7398 expanded, t=7485.78s]
Best heuristic value: 575/497 [g=173, 7408 evaluated, 7407 expanded, t=7489.14s]
Best heuristic value: 575/496 [g=169, 7453 evaluated, 7452 expanded, t=7505.94s]
Best heuristic value: 573/496 [g=174, 7460 evaluated, 7459 expanded, t=7508.54s]
Best heuristic value: 573/495 [g=170, 7509 evaluated, 7508 expanded, t=7526.79s]
Best heuristic value: 571/495 [g=175, 7512 evaluated, 7511 expanded, t=7527.9s]
Best heuristic value: 570/494 [g=176, 7564 evaluated, 7563 expanded, t=7547.21s]
Best heuristic value: 568/493 [g=177, 7591 evaluated, 7590 expanded, t=7557.25s]
Best heuristic value: 567/492 [g=178, 7618 evaluated, 7617 expanded, t=7567.26s]
Best heuristic value: 566/491 [g=179, 7646 evaluated, 7645 expanded, t=7577.63s]
Best heuristic value: 565/490 [g=180, 7674 evaluated, 7673 expanded, t=7588.01s]
Best heuristic value: 564/489 [g=181, 7702 evaluated, 7701 expanded, t=7598.39s]
Best heuristic value: 562/487 [g=182, 7730 evaluated, 7729 expanded, t=7608.77s]
Best heuristic value: 560/486 [g=183, 7758 evaluated, 7757 expanded, t=7619.13s]
Best heuristic value: 559/485 [g=184, 7786 evaluated, 7785 expanded, t=7629.46s]
Best heuristic value: 557/484 [g=185, 7815 evaluated, 7814 expanded, t=7640.15s]
Best heuristic value: 555/482 [g=186, 7844 evaluated, 7843 expanded, t=7650.81s]
Best heuristic value: 553/481 [g=187, 7874 evaluated, 7873 expanded, t=7661.84s]
Best heuristic value: 552/480 [g=188, 7904 evaluated, 7903 expanded, t=7672.83s]
Best heuristic value: 551/479 [g=189, 7934 evaluated, 7933 expanded, t=7683.8s]
Best heuristic value: 549/478 [g=190, 7964 evaluated, 7963 expanded, t=7694.79s]
Best heuristic value: 547/476 [g=191, 7994 evaluated, 7993 expanded, t=7705.73s]
Best heuristic value: 546/475 [g=192, 8024 evaluated, 8023 expanded, t=7716.67s]
Best heuristic value: 544/474 [g=193, 8054 evaluated, 8053 expanded, t=7727.6s]
Best heuristic value: 544/473 [g=194, 8084 evaluated, 8083 expanded, t=7738.49s]
Best heuristic value: 543/473 [g=194, 8086 evaluated, 8085 expanded, t=7739.21s]
Best heuristic value: 543/472 [g=195, 8144 evaluated, 8143 expanded, t=7760.29s]
Best heuristic value: 542/472 [g=195, 8147 evaluated, 8146 expanded, t=7761.38s]
Best heuristic value: 541/471 [g=196, 8208 evaluated, 8207 expanded, t=7783.53s]
Best heuristic value: 540/471 [g=197, 8238 evaluated, 8237 expanded, t=7794.38s]
Best heuristic value: 540/470 [g=197, 8242 evaluated, 8241 expanded, t=7795.83s]
Best heuristic value: 539/470 [g=198, 8299 evaluated, 8298 expanded, t=7816.44s]
Best heuristic value: 538/469 [g=198, 8308 evaluated, 8307 expanded, t=7819.69s]
Best heuristic value: 537/469 [g=199, 8338 evaluated, 8337 expanded, t=7830.5s]
Best heuristic value: 537/468 [g=199, 8344 evaluated, 8343 expanded, t=7832.66s]
Best heuristic value: 536/468 [g=200, 8399 evaluated, 8398 expanded, t=7852.47s]
Best heuristic value: 536/467 [g=200, 8412 evaluated, 8411 expanded, t=7857.15s]
Best heuristic value: 535/467 [g=201, 8461 evaluated, 8460 expanded, t=7874.8s]
Best heuristic value: 535/466 [g=201, 8480 evaluated, 8479 expanded, t=7881.63s]
Best heuristic value: 534/466 [g=202, 8526 evaluated, 8525 expanded, t=7898.2s]
Best heuristic value: 534/465 [g=202, 8547 evaluated, 8546 expanded, t=7905.77s]
Best heuristic value: 533/465 [g=203, 8593 evaluated, 8592 expanded, t=7922.34s]
Best heuristic value: 533/464 [g=203, 8614 evaluated, 8613 expanded, t=7929.91s]
Best heuristic value: 532/464 [g=204, 8660 evaluated, 8659 expanded, t=7946.47s]
Best heuristic value: 532/463 [g=204, 8681 evaluated, 8680 expanded, t=7954.03s]
Best heuristic value: 531/463 [g=205, 8727 evaluated, 8726 expanded, t=7970.59s]
Best heuristic value: 531/462 [g=205, 8748 evaluated, 8747 expanded, t=7978.15s]
Best heuristic value: 530/462 [g=206, 8794 evaluated, 8793 expanded, t=7994.72s]
Best heuristic value: 529/461 [g=206, 8817 evaluated, 8816 expanded, t=8003.01s]
Best heuristic value: 528/461 [g=207, 8847 evaluated, 8846 expanded, t=8013.76s]
Best heuristic value: 528/460 [g=207, 8857 evaluated, 8856 expanded, t=8017.35s]
Best heuristic value: 527/460 [g=208, 8908 evaluated, 8907 expanded, t=8035.62s]
Best heuristic value: 527/459 [g=208, 8929 evaluated, 8928 expanded, t=8043.15s]
Best heuristic value: 526/459 [g=209, 8970 evaluated, 8969 expanded, t=8057.84s]
Best heuristic value: 525/458 [g=209, 9001 evaluated, 9000 expanded, t=8068.95s]
Best heuristic value: 524/458 [g=210, 9031 evaluated, 9030 expanded, t=8079.65s]
Best heuristic value: 524/457 [g=210, 9043 evaluated, 9042 expanded, t=8083.93s]
Best heuristic value: 523/457 [g=211, 9092 evaluated, 9091 expanded, t=8101.4s]
Best heuristic value: 522/456 [g=211, 9117 evaluated, 9116 expanded, t=8110.31s]
Best heuristic value: 521/456 [g=212, 9147 evaluated, 9146 expanded, t=8120.96s]
Best heuristic value: 521/455 [g=212, 9161 evaluated, 9160 expanded, t=8125.92s]
Best heuristic value: 520/455 [g=213, 9208 evaluated, 9207 expanded, t=8142.59s]
Best heuristic value: 520/454 [g=213, 9237 evaluated, 9236 expanded, t=8152.88s]
Best heuristic value: 519/454 [g=214, 9270 evaluated, 9269 expanded, t=8164.58s]
Best heuristic value: 518/453 [g=214, 9317 evaluated, 9316 expanded, t=8181.25s]
Best heuristic value: 517/453 [g=215, 9347 evaluated, 9346 expanded, t=8191.84s]
Best heuristic value: 517/452 [g=215, 9367 evaluated, 9366 expanded, t=8198.89s]
Best heuristic value: 516/452 [g=216, 9408 evaluated, 9407 expanded, t=8213.36s]
Best heuristic value: 516/451 [g=216, 9449 evaluated, 9448 expanded, t=8227.82s]
Best heuristic value: 515/451 [g=217, 9470 evaluated, 9469 expanded, t=8235.24s]
Best heuristic value: 514/450 [g=217, 9530 evaluated, 9529 expanded, t=8256.42s]
Best heuristic value: 513/450 [g=218, 9560 evaluated, 9559 expanded, t=8266.94s]
Best heuristic value: 513/449 [g=218, 9582 evaluated, 9581 expanded, t=8274.67s]
Best heuristic value: 512/449 [g=219, 9621 evaluated, 9620 expanded, t=8288.37s]
Best heuristic value: 511/448 [g=219, 9666 evaluated, 9665 expanded, t=8304.18s]
Best heuristic value: 510/448 [g=220, 9696 evaluated, 9695 expanded, t=8314.66s]
Best heuristic value: 510/447 [g=220, 9720 evaluated, 9719 expanded, t=8323.05s]
Best heuristic value: 509/447 [g=221, 9757 evaluated, 9756 expanded, t=8335.98s]
Best heuristic value: 509/446 [g=221, 9810 evaluated, 9809 expanded, t=8354.49s]
Best heuristic value: 508/446 [g=222, 9819 evaluated, 9818 expanded, t=8357.63s]
Best heuristic value: 507/446 [g=223, 9888 evaluated, 9887 expanded, t=8381.73s]
Best heuristic value: 507/445 [g=222, 9901 evaluated, 9900 expanded, t=8386.27s]
Best heuristic value: 506/445 [g=224, 9960 evaluated, 9959 expanded, t=8406.89s]
Best heuristic value: 506/444 [g=223, 9993 evaluated, 9992 expanded, t=8418.41s]
Best heuristic value: 505/444 [g=225, 10041 evaluated, 10040 expanded, t=8435.14s]
Best heuristic value: 505/443 [g=224, 10084 evaluated, 10083 expanded, t=8450.13s]
Best heuristic value: 504/443 [g=226, 10125 evaluated, 10124 expanded, t=8464.43s]
Best heuristic value: 504/442 [g=225, 10176 evaluated, 10175 expanded, t=8482.22s]
Best heuristic value: 503/442 [g=227, 10208 evaluated, 10207 expanded, t=8493.38s]
Best heuristic value: 501/441 [g=226, 10267 evaluated, 10266 expanded, t=8513.95s]
Best heuristic value: 500/441 [g=227, 10297 evaluated, 10296 expanded, t=8524.35s]
Best heuristic value: 499/440 [g=227, 10331 evaluated, 10330 expanded, t=8536.14s]
Best heuristic value: 498/440 [g=228, 10361 evaluated, 10360 expanded, t=8546.47s]
Best heuristic value: 498/439 [g=228, 10395 evaluated, 10394 expanded, t=8558.19s]
Best heuristic value: 497/439 [g=229, 10422 evaluated, 10421 expanded, t=8567.49s]
Best heuristic value: 496/439 [g=230, 10484 evaluated, 10483 expanded, t=8588.86s]
Best heuristic value: 496/438 [g=229, 10489 evaluated, 10488 expanded, t=8590.58s]
Best heuristic value: 495/438 [g=231, 10553 evaluated, 10552 expanded, t=8612.63s]
Best heuristic value: 495/437 [g=230, 10582 evaluated, 10581 expanded, t=8622.62s]
Best heuristic value: 494/437 [g=232, 10625 evaluated, 10624 expanded, t=8637.44s]
Best heuristic value: 494/436 [g=231, 10676 evaluated, 10675 expanded, t=8655s]
Best heuristic value: 493/436 [g=233, 10706 evaluated, 10705 expanded, t=8665.32s]
Best heuristic value: 493/435 [g=232, 10769 evaluated, 10768 expanded, t=8686.99s]
Best heuristic value: 492/435 [g=234, 10790 evaluated, 10789 expanded, t=8694.22s]
Best heuristic value: 492/434 [g=233, 10865 evaluated, 10864 expanded, t=8720.02s]
Best heuristic value: 491/434 [g=235, 10883 evaluated, 10882 expanded, t=8726.22s]
Best heuristic value: 491/432 [g=234, 10962 evaluated, 10961 expanded, t=8753.4s]
Best heuristic value: 490/432 [g=236, 10977 evaluated, 10976 expanded, t=8758.56s]
Best heuristic value: 490/431 [g=235, 11062 evaluated, 11061 expanded, t=8787.81s]
Best heuristic value: 489/431 [g=237, 11071 evaluated, 11070 expanded, t=8790.91s]
Best heuristic value: 489/430 [g=236, 11162 evaluated, 11161 expanded, t=8822.2s]
Best heuristic value: 487/430 [g=238, 11165 evaluated, 11164 expanded, t=8823.24s]
Best heuristic value: 486/430 [g=239, 11261 evaluated, 11260 expanded, t=8856.21s]
Best heuristic value: 486/429 [g=237, 11262 evaluated, 11261 expanded, t=8856.55s]
Best heuristic value: 484/429 [g=240, 11357 evaluated, 11356 expanded, t=8889.18s]
Best heuristic value: 484/428 [g=238, 11364 evaluated, 11363 expanded, t=8891.58s]
Best heuristic value: 483/428 [g=241, 11453 evaluated, 11452 expanded, t=8922.14s]
Best heuristic value: 483/427 [g=239, 11468 evaluated, 11467 expanded, t=8927.29s]
Best heuristic value: 481/427 [g=242, 11551 evaluated, 11550 expanded, t=8955.74s]
Best heuristic value: 481/425 [g=240, 11572 evaluated, 11571 expanded, t=8962.94s]
Best heuristic value: 480/425 [g=243, 11651 evaluated, 11650 expanded, t=8990.02s]
Best heuristic value: 480/424 [g=241, 11678 evaluated, 11677 expanded, t=8999.26s]
Best heuristic value: 479/424 [g=244, 11751 evaluated, 11750 expanded, t=9024.23s]
Best heuristic value: 479/423 [g=242, 11784 evaluated, 11783 expanded, t=9035.52s]
Best heuristic value: 478/423 [g=245, 11853 evaluated, 11852 expanded, t=9059.12s]
Best heuristic value: 478/422 [g=243, 11892 evaluated, 11891 expanded, t=9072.46s]
Best heuristic value: 477/422 [g=246, 11955 evaluated, 11954 expanded, t=9093.96s]
Best heuristic value: 477/421 [g=244, 12000 evaluated, 11999 expanded, t=9109.31s]
Best heuristic value: 476/421 [g=247, 12061 evaluated, 12060 expanded, t=9130.13s]
Best heuristic value: 476/420 [g=245, 12108 evaluated, 12107 expanded, t=9146.16s]
Best heuristic value: 475/420 [g=248, 12167 evaluated, 12166 expanded, t=9166.3s]
Best heuristic value: 475/419 [g=246, 12216 evaluated, 12215 expanded, t=9183.03s]
Best heuristic value: 473/419 [g=249, 12275 evaluated, 12274 expanded, t=9203.17s]
Best heuristic value: 473/418 [g=247, 12324 evaluated, 12323 expanded, t=9220.08s]
Best heuristic value: 471/418 [g=250, 12383 evaluated, 12382 expanded, t=9240.19s]
Best heuristic value: 471/417 [g=248, 12434 evaluated, 12433 expanded, t=9257.56s]
Best heuristic value: 469/417 [g=251, 12493 evaluated, 12492 expanded, t=9277.66s]
Best heuristic value: 469/416 [g=249, 12544 evaluated, 12543 expanded, t=9294.98s]
Best heuristic value: 468/416 [g=252, 12605 evaluated, 12604 expanded, t=9315.68s]
Best heuristic value: 468/415 [g=250, 12654 evaluated, 12653 expanded, t=9332.31s]
Failed to allocate memory. Released memory buffer.
Memory limit has been reached.
Peak memory: 14999928 KB
