Parsing... [0.050s CPU, 0.066s wall-clock]
Normalizing task... [0.000s CPU, 0.003s wall-clock]
Instantiating...
Generating Datalog program... [0.020s CPU, 0.010s wall-clock]
Normalizing Datalog program...
Normalizing Datalog program: [0.010s CPU, 0.018s wall-clock]
Preparing model... [0.050s CPU, 0.046s wall-clock]
Generated 198 rules.
Computing model... [52.100s CPU, 52.106s wall-clock]
557642 relevant atoms
115548 auxiliary atoms
673190 final queue length
3615735 total queue pushes
Completing instantiation... [376.680s CPU, 376.676s wall-clock]
Instantiating: [431.630s CPU, 431.620s wall-clock]
Computing fact groups...
Finding invariants...
24 initial candidates
Finding invariants: [6.580s CPU, 6.577s wall-clock]
Checking invariant weight... [0.030s CPU, 0.028s wall-clock]
Instantiating groups... [0.910s CPU, 0.912s wall-clock]
Collecting mutex groups... [0.020s CPU, 0.017s wall-clock]
Choosing groups...
1980 uncovered facts
Choosing groups: [0.040s CPU, 0.046s wall-clock]
Building translation key... [0.020s CPU, 0.023s wall-clock]
Computing fact groups: [7.710s CPU, 7.716s wall-clock]
Building STRIPS to SAS dictionary... [0.030s CPU, 0.027s wall-clock]
Building dictionary for full mutex groups... [0.020s CPU, 0.025s wall-clock]
Building mutex information...
Building mutex information: [0.030s CPU, 0.027s wall-clock]
Translating task...
Processing axioms...
Simplifying axioms... [0.000s CPU, 0.000s wall-clock]
Processing axioms: [20.730s CPU, 20.734s wall-clock]
Translating task: [208.560s CPU, 208.564s wall-clock]
74634 implied effects removed
16117 effect conditions simplified
0 implied preconditions added
Detecting unreachable propositions...
1362 operators removed
860 propositions removed
Detecting unreachable propositions: [17.230s CPU, 17.231s wall-clock]
Translator variables: 2526
Translator derived variables: 0
Translator facts: 7739
Translator mutex groups: 937
Translator total mutex groups size: 4679
Translator operators: 548889
Translator task size: 5247447
Translator peak memory: 5159820 KB
Writing output... [14.120s CPU, 14.119s wall-clock]
Done! [714.850s CPU, 714.875s wall-clock]
