Dispatcher selected state size 1.
This is a nonunit task.
Simplifying transitions... done!
Initializing Exploration...
Generating landmarks using the RPG/SAS+ approach
approx. reasonable orders
approx. obedient reasonable orders
Removed 0 reasonable or obedient reasonable orders
Landmarks generation time: 2249.11s
Discovered 1996 landmarks, of which 33 are disjunctive and 0 are conjunctive 
2262 edges
Initializing LAMA-FF Synergy Object
Initializing landmarks count heuristic...
939 initial landmarks, 766 goal landmarks
Initializing Exploration...
Generating landmarks using the RPG/SAS+ approach
approx. reasonable orders
approx. obedient reasonable orders
Removed 0 reasonable or obedient reasonable orders
Landmarks generation time: 2213.54s
Discovered 1996 landmarks, of which 33 are disjunctive and 0 are conjunctive 
2262 edges
Initializing LAMA-FF Synergy Object
Initializing landmarks count heuristic...
939 initial landmarks, 766 goal landmarks
Starting search: lazy_greedy(list(hff1, hlm1), preferred = list(hff1, hlm1), cost_type = 1, reopen_closed = false)
Conducting lazy best first search, (real) bound = 2147483647
Best heuristic value: 1057/820 [g=0, 1 evaluated, 0 expanded, t=4512.99s]
Best heuristic value: 1056/819 [g=1, 2 evaluated, 1 expanded, t=4513.6s]
Best heuristic value: 1055/818 [g=2, 3 evaluated, 2 expanded, t=4514.21s]
Best heuristic value: 1053/817 [g=3, 4 evaluated, 3 expanded, t=4514.83s]
Best heuristic value: 1052/816 [g=4, 5 evaluated, 4 expanded, t=4515.44s]
Best heuristic value: 1051/815 [g=5, 6 evaluated, 5 expanded, t=4516.05s]
Best heuristic value: 1050/814 [g=6, 10 evaluated, 9 expanded, t=4518.5s]
Best heuristic value: 1049/813 [g=7, 14 evaluated, 13 expanded, t=4520.96s]
Best heuristic value: 1047/811 [g=8, 18 evaluated, 17 expanded, t=4523.41s]
Best heuristic value: 1044/810 [g=9, 22 evaluated, 21 expanded, t=4525.87s]
Best heuristic value: 1043/810 [g=10, 28 evaluated, 27 expanded, t=4529.55s]
Best heuristic value: 1042/809 [g=10, 34 evaluated, 33 expanded, t=4533.23s]
Best heuristic value: 1041/809 [g=11, 40 evaluated, 39 expanded, t=4536.92s]
Best heuristic value: 1041/808 [g=11, 46 evaluated, 45 expanded, t=4540.6s]
Best heuristic value: 1040/808 [g=12, 51 evaluated, 50 expanded, t=4543.67s]
Best heuristic value: 1040/807 [g=12, 66 evaluated, 65 expanded, t=4552.89s]
Best heuristic value: 1039/807 [g=13, 69 evaluated, 68 expanded, t=4554.75s]
Best heuristic value: 1039/806 [g=13, 86 evaluated, 85 expanded, t=4565.21s]
Best heuristic value: 1038/806 [g=14, 89 evaluated, 88 expanded, t=4567.05s]
Best heuristic value: 1037/805 [g=14, 108 evaluated, 107 expanded, t=4578.73s]
Best heuristic value: 1036/805 [g=15, 114 evaluated, 113 expanded, t=4582.42s]
Best heuristic value: 1036/804 [g=15, 124 evaluated, 123 expanded, t=4588.57s]
Best heuristic value: 1035/804 [g=16, 125 evaluated, 124 expanded, t=4589.18s]
Best heuristic value: 1035/803 [g=16, 146 evaluated, 145 expanded, t=4602.11s]
Best heuristic value: 1034/803 [g=17, 147 evaluated, 146 expanded, t=4602.73s]
Best heuristic value: 1034/802 [g=17, 168 evaluated, 167 expanded, t=4615.65s]
Best heuristic value: 1033/802 [g=18, 169 evaluated, 168 expanded, t=4616.27s]
Best heuristic value: 1033/801 [g=18, 190 evaluated, 189 expanded, t=4629.19s]
Best heuristic value: 1032/801 [g=19, 191 evaluated, 190 expanded, t=4629.8s]
Best heuristic value: 1031/800 [g=19, 212 evaluated, 211 expanded, t=4642.74s]
Best heuristic value: 1030/800 [g=20, 218 evaluated, 217 expanded, t=4646.43s]
Best heuristic value: 1029/800 [g=21, 229 evaluated, 228 expanded, t=4653.19s]
Best heuristic value: 1029/799 [g=20, 232 evaluated, 231 expanded, t=4655.04s]
Best heuristic value: 1028/799 [g=22, 255 evaluated, 254 expanded, t=4669.2s]
Best heuristic value: 1028/797 [g=21, 258 evaluated, 257 expanded, t=4671.05s]
Best heuristic value: 1027/797 [g=22, 270 evaluated, 269 expanded, t=4678.43s]
Best heuristic value: 1026/797 [g=23, 281 evaluated, 280 expanded, t=4685.2s]
Best heuristic value: 1026/796 [g=22, 284 evaluated, 283 expanded, t=4687.04s]
Best heuristic value: 1025/796 [g=24, 307 evaluated, 306 expanded, t=4701.21s]
Best heuristic value: 1025/795 [g=23, 310 evaluated, 309 expanded, t=4703.05s]
Best heuristic value: 1024/795 [g=24, 322 evaluated, 321 expanded, t=4710.44s]
Best heuristic value: 1023/795 [g=25, 333 evaluated, 332 expanded, t=4717.21s]
Best heuristic value: 1023/794 [g=24, 336 evaluated, 335 expanded, t=4719.06s]
Best heuristic value: 1022/794 [g=26, 359 evaluated, 358 expanded, t=4733.23s]
Best heuristic value: 1022/793 [g=25, 362 evaluated, 361 expanded, t=4735.08s]
Best heuristic value: 1021/793 [g=26, 374 evaluated, 373 expanded, t=4742.46s]
Best heuristic value: 1020/793 [g=27, 385 evaluated, 384 expanded, t=4749.24s]
Best heuristic value: 1020/792 [g=26, 392 evaluated, 391 expanded, t=4753.56s]
Best heuristic value: 1019/792 [g=27, 404 evaluated, 403 expanded, t=4760.95s]
Best heuristic value: 1018/792 [g=28, 415 evaluated, 414 expanded, t=4767.72s]
Best heuristic value: 1018/791 [g=27, 422 evaluated, 421 expanded, t=4772.03s]
Best heuristic value: 1017/791 [g=29, 445 evaluated, 444 expanded, t=4786.2s]
Best heuristic value: 1017/790 [g=28, 452 evaluated, 451 expanded, t=4790.5s]
Best heuristic value: 1016/790 [g=30, 475 evaluated, 474 expanded, t=4804.67s]
Best heuristic value: 1016/789 [g=29, 486 evaluated, 485 expanded, t=4811.44s]
Best heuristic value: 1015/789 [g=31, 509 evaluated, 508 expanded, t=4825.63s]
Best heuristic value: 1015/788 [g=30, 520 evaluated, 519 expanded, t=4832.39s]
Best heuristic value: 1014/788 [g=31, 532 evaluated, 531 expanded, t=4839.79s]
Best heuristic value: 1013/788 [g=32, 543 evaluated, 542 expanded, t=4846.56s]
Best heuristic value: 1012/786 [g=31, 554 evaluated, 553 expanded, t=4853.33s]
Best heuristic value: 1011/786 [g=32, 560 evaluated, 559 expanded, t=4857.03s]
Best heuristic value: 1010/786 [g=33, 571 evaluated, 570 expanded, t=4863.81s]
Best heuristic value: 1010/785 [g=32, 584 evaluated, 583 expanded, t=4871.82s]
Best heuristic value: 1009/785 [g=33, 596 evaluated, 595 expanded, t=4879.21s]
Best heuristic value: 1008/785 [g=34, 607 evaluated, 606 expanded, t=4885.98s]
Best heuristic value: 1008/784 [g=33, 620 evaluated, 619 expanded, t=4894s]
Best heuristic value: 1007/784 [g=35, 643 evaluated, 642 expanded, t=4908.18s]
Best heuristic value: 1007/783 [g=34, 656 evaluated, 655 expanded, t=4916.2s]
Best heuristic value: 1006/783 [g=35, 668 evaluated, 667 expanded, t=4923.6s]
Best heuristic value: 1005/783 [g=36, 679 evaluated, 678 expanded, t=4930.38s]
Best heuristic value: 1005/781 [g=35, 692 evaluated, 691 expanded, t=4938.4s]
Best heuristic value: 1004/781 [g=36, 704 evaluated, 703 expanded, t=4945.8s]
Best heuristic value: 1003/781 [g=37, 715 evaluated, 714 expanded, t=4952.58s]
Best heuristic value: 1003/780 [g=36, 728 evaluated, 727 expanded, t=4960.59s]
Best heuristic value: 1002/780 [g=37, 740 evaluated, 739 expanded, t=4967.99s]
Best heuristic value: 1001/780 [g=38, 751 evaluated, 750 expanded, t=4974.77s]
Best heuristic value: 1001/779 [g=37, 768 evaluated, 767 expanded, t=4985.26s]
Best heuristic value: 1000/779 [g=39, 791 evaluated, 790 expanded, t=4999.46s]
Best heuristic value: 1000/778 [g=38, 808 evaluated, 807 expanded, t=5009.94s]
Best heuristic value: 999/778 [g=40, 831 evaluated, 830 expanded, t=5024.13s]
Best heuristic value: 999/777 [g=39, 848 evaluated, 847 expanded, t=5034.61s]
Best heuristic value: 998/777 [g=41, 871 evaluated, 870 expanded, t=5048.8s]
Best heuristic value: 998/776 [g=40, 888 evaluated, 887 expanded, t=5059.29s]
Best heuristic value: 997/776 [g=42, 911 evaluated, 910 expanded, t=5073.48s]
Best heuristic value: 997/775 [g=41, 928 evaluated, 927 expanded, t=5083.96s]
Best heuristic value: 996/775 [g=43, 951 evaluated, 950 expanded, t=5098.16s]
Best heuristic value: 996/774 [g=42, 968 evaluated, 967 expanded, t=5108.64s]
Best heuristic value: 995/774 [g=44, 991 evaluated, 990 expanded, t=5122.83s]
Best heuristic value: 994/773 [g=43, 1008 evaluated, 1007 expanded, t=5133.31s]
Best heuristic value: 993/773 [g=44, 1014 evaluated, 1013 expanded, t=5137s]
Best heuristic value: 992/773 [g=45, 1025 evaluated, 1024 expanded, t=5143.78s]
Best heuristic value: 992/772 [g=44, 1042 evaluated, 1041 expanded, t=5154.28s]
Best heuristic value: 991/772 [g=46, 1065 evaluated, 1064 expanded, t=5168.48s]
Best heuristic value: 991/771 [g=45, 1084 evaluated, 1083 expanded, t=5180.2s]
Best heuristic value: 990/771 [g=46, 1096 evaluated, 1095 expanded, t=5187.6s]
Best heuristic value: 989/771 [g=47, 1107 evaluated, 1106 expanded, t=5194.39s]
Best heuristic value: 989/770 [g=46, 1132 evaluated, 1131 expanded, t=5209.82s]
Best heuristic value: 988/770 [g=47, 1144 evaluated, 1143 expanded, t=5217.22s]
Best heuristic value: 987/770 [g=48, 1155 evaluated, 1154 expanded, t=5224.01s]
Best heuristic value: 987/769 [g=47, 1180 evaluated, 1179 expanded, t=5239.43s]
Best heuristic value: 986/769 [g=49, 1203 evaluated, 1202 expanded, t=5253.62s]
Best heuristic value: 986/768 [g=48, 1228 evaluated, 1227 expanded, t=5269.05s]
Best heuristic value: 985/768 [g=49, 1240 evaluated, 1239 expanded, t=5276.45s]
Best heuristic value: 984/768 [g=50, 1251 evaluated, 1250 expanded, t=5283.24s]
Best heuristic value: 984/767 [g=49, 1276 evaluated, 1275 expanded, t=5298.66s]
Best heuristic value: 983/767 [g=51, 1299 evaluated, 1298 expanded, t=5312.85s]
Best heuristic value: 983/766 [g=50, 1328 evaluated, 1327 expanded, t=5330.74s]
Best heuristic value: 982/766 [g=51, 1340 evaluated, 1339 expanded, t=5338.14s]
Best heuristic value: 981/766 [g=52, 1351 evaluated, 1350 expanded, t=5344.93s]
Best heuristic value: 981/764 [g=51, 1380 evaluated, 1379 expanded, t=5362.81s]
Best heuristic value: 980/764 [g=52, 1392 evaluated, 1391 expanded, t=5370.22s]
Best heuristic value: 979/764 [g=53, 1403 evaluated, 1402 expanded, t=5377s]
Best heuristic value: 979/763 [g=52, 1432 evaluated, 1431 expanded, t=5394.89s]
Best heuristic value: 978/763 [g=54, 1455 evaluated, 1454 expanded, t=5409.08s]
Best heuristic value: 978/762 [g=53, 1484 evaluated, 1483 expanded, t=5426.96s]
Best heuristic value: 977/762 [g=55, 1507 evaluated, 1506 expanded, t=5441.16s]
Best heuristic value: 977/761 [g=54, 1536 evaluated, 1535 expanded, t=5459.04s]
Best heuristic value: 976/761 [g=56, 1559 evaluated, 1558 expanded, t=5473.27s]
Best heuristic value: 976/760 [g=55, 1588 evaluated, 1587 expanded, t=5491.16s]
Best heuristic value: 975/760 [g=56, 1600 evaluated, 1599 expanded, t=5498.55s]
Best heuristic value: 974/760 [g=57, 1611 evaluated, 1610 expanded, t=5505.34s]
Best heuristic value: 974/759 [g=56, 1640 evaluated, 1639 expanded, t=5523.22s]
Best heuristic value: 973/759 [g=58, 1663 evaluated, 1662 expanded, t=5537.42s]
Best heuristic value: 972/758 [g=57, 1692 evaluated, 1691 expanded, t=5555.31s]
Best heuristic value: 971/758 [g=58, 1698 evaluated, 1697 expanded, t=5558.99s]
Best heuristic value: 970/758 [g=59, 1709 evaluated, 1708 expanded, t=5565.74s]
Best heuristic value: 969/757 [g=58, 1738 evaluated, 1737 expanded, t=5583.54s]
Best heuristic value: 968/757 [g=59, 1744 evaluated, 1743 expanded, t=5587.21s]
Best heuristic value: 967/757 [g=60, 1755 evaluated, 1754 expanded, t=5593.93s]
Best heuristic value: 965/754 [g=59, 1784 evaluated, 1783 expanded, t=5611.68s]
Best heuristic value: 964/754 [g=60, 1790 evaluated, 1789 expanded, t=5615.33s]
Best heuristic value: 963/754 [g=61, 1801 evaluated, 1800 expanded, t=5622.01s]
Best heuristic value: 962/752 [g=60, 1830 evaluated, 1829 expanded, t=5639.68s]
Best heuristic value: 961/752 [g=61, 1836 evaluated, 1835 expanded, t=5643.32s]
Best heuristic value: 960/752 [g=62, 1847 evaluated, 1846 expanded, t=5649.98s]
Best heuristic value: 959/750 [g=61, 1876 evaluated, 1875 expanded, t=5667.54s]
Best heuristic value: 958/750 [g=62, 1882 evaluated, 1881 expanded, t=5671.18s]
Best heuristic value: 957/750 [g=63, 1893 evaluated, 1892 expanded, t=5677.83s]
Best heuristic value: 956/748 [g=62, 1922 evaluated, 1921 expanded, t=5695.35s]
Best heuristic value: 955/748 [g=63, 1928 evaluated, 1927 expanded, t=5698.96s]
Best heuristic value: 954/748 [g=64, 1939 evaluated, 1938 expanded, t=5705.59s]
Best heuristic value: 953/746 [g=63, 1968 evaluated, 1967 expanded, t=5723.05s]
Best heuristic value: 952/746 [g=64, 1974 evaluated, 1973 expanded, t=5726.64s]
Best heuristic value: 951/746 [g=65, 1985 evaluated, 1984 expanded, t=5733.24s]
Best heuristic value: 950/744 [g=64, 2014 evaluated, 2013 expanded, t=5750.61s]
Best heuristic value: 949/744 [g=65, 2020 evaluated, 2019 expanded, t=5754.19s]
Best heuristic value: 948/744 [g=66, 2031 evaluated, 2030 expanded, t=5760.76s]
Best heuristic value: 947/742 [g=65, 2060 evaluated, 2059 expanded, t=5778.07s]
Best heuristic value: 946/742 [g=66, 2066 evaluated, 2065 expanded, t=5781.64s]
Best heuristic value: 945/742 [g=67, 2077 evaluated, 2076 expanded, t=5788.18s]
Best heuristic value: 944/740 [g=66, 2106 evaluated, 2105 expanded, t=5805.42s]
Best heuristic value: 943/740 [g=67, 2112 evaluated, 2111 expanded, t=5808.97s]
Best heuristic value: 942/740 [g=68, 2123 evaluated, 2122 expanded, t=5815.49s]
Best heuristic value: 940/738 [g=67, 2152 evaluated, 2151 expanded, t=5832.66s]
Best heuristic value: 939/738 [g=68, 2158 evaluated, 2157 expanded, t=5836.2s]
Best heuristic value: 938/738 [g=69, 2169 evaluated, 2168 expanded, t=5842.69s]
Best heuristic value: 937/643 [g=68, 2198 evaluated, 2197 expanded, t=5859.8s]
Best heuristic value: 936/643 [g=69, 2204 evaluated, 2203 expanded, t=5863.32s]
Best heuristic value: 935/643 [g=70, 2215 evaluated, 2214 expanded, t=5869.77s]
Best heuristic value: 933/642 [g=69, 2244 evaluated, 2243 expanded, t=5886.74s]
Best heuristic value: 932/642 [g=70, 2250 evaluated, 2249 expanded, t=5890.24s]
Best heuristic value: 931/642 [g=71, 2261 evaluated, 2260 expanded, t=5896.67s]
Best heuristic value: 929/640 [g=70, 2290 evaluated, 2289 expanded, t=5913.58s]
Best heuristic value: 928/640 [g=71, 2296 evaluated, 2295 expanded, t=5917.07s]
Best heuristic value: 927/640 [g=72, 2307 evaluated, 2306 expanded, t=5923.46s]
Best heuristic value: 926/639 [g=71, 2336 evaluated, 2335 expanded, t=5940.33s]
Best heuristic value: 925/639 [g=72, 2342 evaluated, 2341 expanded, t=5943.8s]
Best heuristic value: 924/639 [g=73, 2353 evaluated, 2352 expanded, t=5950.18s]
Best heuristic value: 924/638 [g=72, 2382 evaluated, 2381 expanded, t=5966.99s]
Best heuristic value: 923/638 [g=73, 2394 evaluated, 2393 expanded, t=5973.93s]
Best heuristic value: 922/638 [g=74, 2405 evaluated, 2404 expanded, t=5980.28s]
Best heuristic value: 921/636 [g=73, 2434 evaluated, 2433 expanded, t=5997.03s]
Best heuristic value: 920/636 [g=74, 2440 evaluated, 2439 expanded, t=6000.48s]
Best heuristic value: 919/636 [g=75, 2451 evaluated, 2450 expanded, t=6006.81s]
Best heuristic value: 917/634 [g=74, 2480 evaluated, 2479 expanded, t=6023.5s]
Best heuristic value: 916/634 [g=75, 2486 evaluated, 2485 expanded, t=6026.93s]
Best heuristic value: 915/634 [g=76, 2497 evaluated, 2496 expanded, t=6033.24s]
Best heuristic value: 914/633 [g=75, 2526 evaluated, 2525 expanded, t=6049.86s]
Best heuristic value: 913/633 [g=76, 2532 evaluated, 2531 expanded, t=6053.28s]
Best heuristic value: 912/633 [g=77, 2543 evaluated, 2542 expanded, t=6059.57s]
Best heuristic value: 910/633 [g=76, 2572 evaluated, 2571 expanded, t=6076.14s]
Best heuristic value: 910/632 [g=76, 2574 evaluated, 2573 expanded, t=6077.28s]
Best heuristic value: 909/632 [g=77, 2583 evaluated, 2582 expanded, t=6082.41s]
Best heuristic value: 908/632 [g=78, 2595 evaluated, 2594 expanded, t=6089.25s]
Best heuristic value: 907/632 [g=77, 2626 evaluated, 2625 expanded, t=6106.95s]
Best heuristic value: 907/630 [g=77, 2628 evaluated, 2627 expanded, t=6108.09s]
Best heuristic value: 906/630 [g=78, 2637 evaluated, 2636 expanded, t=6113.19s]
Best heuristic value: 905/630 [g=79, 2649 evaluated, 2648 expanded, t=6120.01s]
Best heuristic value: 904/630 [g=78, 2680 evaluated, 2679 expanded, t=6137.63s]
Best heuristic value: 904/629 [g=78, 2682 evaluated, 2681 expanded, t=6138.77s]
Best heuristic value: 903/629 [g=79, 2691 evaluated, 2690 expanded, t=6143.86s]
Best heuristic value: 902/629 [g=80, 2703 evaluated, 2702 expanded, t=6150.65s]
Best heuristic value: 901/629 [g=79, 2734 evaluated, 2733 expanded, t=6168.23s]
Best heuristic value: 901/628 [g=79, 2736 evaluated, 2735 expanded, t=6169.36s]
Best heuristic value: 900/628 [g=80, 2745 evaluated, 2744 expanded, t=6174.43s]
Best heuristic value: 899/628 [g=81, 2757 evaluated, 2756 expanded, t=6181.18s]
Best heuristic value: 898/628 [g=80, 2788 evaluated, 2787 expanded, t=6198.66s]
Best heuristic value: 898/626 [g=80, 2790 evaluated, 2789 expanded, t=6199.79s]
Best heuristic value: 897/626 [g=81, 2799 evaluated, 2798 expanded, t=6204.83s]
Best heuristic value: 896/626 [g=82, 2811 evaluated, 2810 expanded, t=6211.56s]
Best heuristic value: 895/626 [g=81, 2842 evaluated, 2841 expanded, t=6228.97s]
Best heuristic value: 895/625 [g=81, 2844 evaluated, 2843 expanded, t=6230.09s]
Best heuristic value: 894/625 [g=82, 2853 evaluated, 2852 expanded, t=6235.11s]
Best heuristic value: 893/625 [g=83, 2865 evaluated, 2864 expanded, t=6241.8s]
Best heuristic value: 892/625 [g=82, 2896 evaluated, 2895 expanded, t=6259.11s]
Best heuristic value: 892/623 [g=82, 2898 evaluated, 2897 expanded, t=6260.23s]
Best heuristic value: 891/623 [g=83, 2907 evaluated, 2906 expanded, t=6265.23s]
Best heuristic value: 890/623 [g=84, 2919 evaluated, 2918 expanded, t=6271.91s]
Best heuristic value: 889/623 [g=83, 2950 evaluated, 2949 expanded, t=6289.17s]
Best heuristic value: 889/622 [g=83, 2958 evaluated, 2957 expanded, t=6293.61s]
Best heuristic value: 888/622 [g=84, 2961 evaluated, 2960 expanded, t=6295.27s]
Best heuristic value: 887/622 [g=85, 2973 evaluated, 2972 expanded, t=6301.92s]
Best heuristic value: 886/622 [g=84, 3010 evaluated, 3009 expanded, t=6322.43s]
Best heuristic value: 886/621 [g=84, 3018 evaluated, 3017 expanded, t=6326.84s]
Best heuristic value: 885/621 [g=85, 3021 evaluated, 3020 expanded, t=6328.5s]
Best heuristic value: 884/621 [g=86, 3033 evaluated, 3032 expanded, t=6335.11s]
Best heuristic value: 883/621 [g=85, 3070 evaluated, 3069 expanded, t=6355.55s]
Best heuristic value: 883/619 [g=85, 3078 evaluated, 3077 expanded, t=6359.95s]
Best heuristic value: 882/619 [g=86, 3081 evaluated, 3080 expanded, t=6361.65s]
Best heuristic value: 881/619 [g=87, 3093 evaluated, 3092 expanded, t=6368.24s]
Best heuristic value: 880/619 [g=86, 3130 evaluated, 3129 expanded, t=6388.55s]
Best heuristic value: 880/618 [g=86, 3138 evaluated, 3137 expanded, t=6392.93s]
Best heuristic value: 879/618 [g=87, 3141 evaluated, 3140 expanded, t=6394.57s]
Best heuristic value: 878/618 [g=88, 3153 evaluated, 3152 expanded, t=6401.13s]
Best heuristic value: 878/617 [g=87, 3198 evaluated, 3197 expanded, t=6425.73s]
Best heuristic value: 875/617 [g=89, 3205 evaluated, 3204 expanded, t=6429.56s]
Best heuristic value: 872/617 [g=90, 3257 evaluated, 3256 expanded, t=6457.9s]
Best heuristic value: 872/616 [g=88, 3258 evaluated, 3257 expanded, t=6458.44s]
Best heuristic value: 868/616 [g=91, 3309 evaluated, 3308 expanded, t=6486.1s]
Best heuristic value: 868/614 [g=89, 3318 evaluated, 3317 expanded, t=6490.97s]
Best heuristic value: 866/614 [g=92, 3361 evaluated, 3360 expanded, t=6514.23s]
Best heuristic value: 866/612 [g=90, 3378 evaluated, 3377 expanded, t=6523.41s]
Best heuristic value: 863/612 [g=93, 3413 evaluated, 3412 expanded, t=6542.26s]
Best heuristic value: 863/611 [g=91, 3438 evaluated, 3437 expanded, t=6555.69s]
Best heuristic value: 860/611 [g=94, 3465 evaluated, 3464 expanded, t=6570.17s]
Best heuristic value: 860/609 [g=92, 3498 evaluated, 3497 expanded, t=6587.82s]
Best heuristic value: 857/609 [g=95, 3517 evaluated, 3516 expanded, t=6597.96s]
Best heuristic value: 857/607 [g=93, 3558 evaluated, 3557 expanded, t=6619.81s]
Best heuristic value: 854/607 [g=96, 3569 evaluated, 3568 expanded, t=6625.66s]
Best heuristic value: 854/605 [g=94, 3618 evaluated, 3617 expanded, t=6651.69s]
Best heuristic value: 851/605 [g=97, 3621 evaluated, 3620 expanded, t=6653.27s]
Best heuristic value: 847/605 [g=98, 3673 evaluated, 3672 expanded, t=6680.79s]
Best heuristic value: 847/604 [g=95, 3678 evaluated, 3677 expanded, t=6683.42s]
Best heuristic value: 844/604 [g=99, 3725 evaluated, 3724 expanded, t=6708.16s]
Best heuristic value: 844/602 [g=96, 3744 evaluated, 3743 expanded, t=6718.15s]
Best heuristic value: 840/602 [g=100, 3777 evaluated, 3776 expanded, t=6735.47s]
Best heuristic value: 840/600 [g=97, 3810 evaluated, 3809 expanded, t=6752.76s]
Best heuristic value: 837/600 [g=101, 3829 evaluated, 3828 expanded, t=6762.69s]
Best heuristic value: 837/598 [g=98, 3876 evaluated, 3875 expanded, t=6787.21s]
Best heuristic value: 834/598 [g=102, 3881 evaluated, 3880 expanded, t=6789.81s]
Best heuristic value: 830/598 [g=103, 3933 evaluated, 3932 expanded, t=6816.89s]
Best heuristic value: 830/595 [g=99, 3942 evaluated, 3941 expanded, t=6821.56s]
Best heuristic value: 826/595 [g=104, 3985 evaluated, 3984 expanded, t=6843.84s]
Best heuristic value: 826/593 [g=100, 4008 evaluated, 4007 expanded, t=6855.72s]
Best heuristic value: 822/593 [g=105, 4037 evaluated, 4036 expanded, t=6870.64s]
Best heuristic value: 822/591 [g=101, 4074 evaluated, 4073 expanded, t=6889.66s]
Best heuristic value: 819/591 [g=106, 4089 evaluated, 4088 expanded, t=6897.36s]
Best heuristic value: 819/590 [g=102, 4140 evaluated, 4139 expanded, t=6923.48s]
Best heuristic value: 815/590 [g=107, 4141 evaluated, 4140 expanded, t=6923.98s]
Best heuristic value: 811/590 [g=108, 4193 evaluated, 4192 expanded, t=6950.54s]
Best heuristic value: 811/588 [g=103, 4206 evaluated, 4205 expanded, t=6957.17s]
Best heuristic value: 808/588 [g=109, 4245 evaluated, 4244 expanded, t=6977.01s]
Best heuristic value: 808/587 [g=104, 4272 evaluated, 4271 expanded, t=6990.72s]
Best heuristic value: 805/587 [g=110, 4297 evaluated, 4296 expanded, t=7003.39s]
Best heuristic value: 805/585 [g=105, 4338 evaluated, 4337 expanded, t=7024.13s]
Best heuristic value: 802/585 [g=111, 4349 evaluated, 4348 expanded, t=7029.68s]
Best heuristic value: 799/585 [g=112, 4401 evaluated, 4400 expanded, t=7055.88s]
Best heuristic value: 799/584 [g=106, 4404 evaluated, 4403 expanded, t=7057.4s]
Best heuristic value: 795/584 [g=113, 4453 evaluated, 4452 expanded, t=7081.99s]
Best heuristic value: 795/582 [g=107, 4472 evaluated, 4471 expanded, t=7091.49s]
Best heuristic value: 792/582 [g=114, 4505 evaluated, 4504 expanded, t=7108s]
Best heuristic value: 792/581 [g=108, 4540 evaluated, 4539 expanded, t=7125.47s]
Best heuristic value: 790/581 [g=115, 4557 evaluated, 4556 expanded, t=7133.94s]
Best heuristic value: 790/579 [g=109, 4608 evaluated, 4607 expanded, t=7159.3s]
Best heuristic value: 787/579 [g=116, 4609 evaluated, 4608 expanded, t=7159.79s]
Best heuristic value: 784/579 [g=117, 4661 evaluated, 4660 expanded, t=7185.54s]
Best heuristic value: 784/578 [g=110, 4676 evaluated, 4675 expanded, t=7192.95s]
Best heuristic value: 781/578 [g=118, 4713 evaluated, 4712 expanded, t=7211.23s]
Best heuristic value: 781/577 [g=111, 4744 evaluated, 4743 expanded, t=7226.49s]
Best heuristic value: 778/577 [g=119, 4765 evaluated, 4764 expanded, t=7236.81s]
Best heuristic value: 778/574 [g=112, 4812 evaluated, 4811 expanded, t=7259.88s]
Best heuristic value: 775/574 [g=120, 4817 evaluated, 4816 expanded, t=7262.33s]
Best heuristic value: 772/574 [g=121, 4869 evaluated, 4868 expanded, t=7287.79s]
Best heuristic value: 772/571 [g=113, 4882 evaluated, 4881 expanded, t=7294.14s]
Best heuristic value: 768/571 [g=122, 4921 evaluated, 4920 expanded, t=7313.16s]
Best heuristic value: 768/570 [g=114, 4952 evaluated, 4951 expanded, t=7328.25s]
Best heuristic value: 764/570 [g=123, 4973 evaluated, 4972 expanded, t=7338.45s]
Best heuristic value: 764/533 [g=115, 5022 evaluated, 5021 expanded, t=7362.21s]
Best heuristic value: 760/533 [g=124, 5025 evaluated, 5024 expanded, t=7363.66s]
Best heuristic value: 757/533 [g=125, 5077 evaluated, 5076 expanded, t=7388.82s]
Best heuristic value: 757/532 [g=116, 5092 evaluated, 5091 expanded, t=7396.06s]
Best heuristic value: 754/532 [g=126, 5129 evaluated, 5128 expanded, t=7413.87s]
Best heuristic value: 754/531 [g=117, 5162 evaluated, 5161 expanded, t=7429.73s]
Best heuristic value: 751/531 [g=127, 5181 evaluated, 5180 expanded, t=7438.84s]
Best heuristic value: 751/530 [g=118, 5232 evaluated, 5231 expanded, t=7463.29s]
Best heuristic value: 749/530 [g=128, 5233 evaluated, 5232 expanded, t=7463.76s]
Best heuristic value: 746/530 [g=129, 5285 evaluated, 5284 expanded, t=7488.61s]
Best heuristic value: 746/529 [g=119, 5302 evaluated, 5301 expanded, t=7496.71s]
Best heuristic value: 743/529 [g=130, 5337 evaluated, 5336 expanded, t=7513.35s]
Best heuristic value: 743/528 [g=120, 5372 evaluated, 5371 expanded, t=7529.97s]
Best heuristic value: 739/528 [g=131, 5389 evaluated, 5388 expanded, t=7538.03s]
Best heuristic value: 736/528 [g=132, 5441 evaluated, 5440 expanded, t=7562.64s]
Best heuristic value: 736/526 [g=121, 5442 evaluated, 5441 expanded, t=7563.12s]
Best heuristic value: 733/526 [g=133, 5493 evaluated, 5492 expanded, t=7587.17s]
Best heuristic value: 733/525 [g=122, 5512 evaluated, 5511 expanded, t=7596.12s]
Best heuristic value: 729/525 [g=134, 5545 evaluated, 5544 expanded, t=7611.64s]
Best heuristic value: 729/523 [g=123, 5582 evaluated, 5581 expanded, t=7629.03s]
Best heuristic value: 726/523 [g=135, 5597 evaluated, 5596 expanded, t=7636.07s]
Best heuristic value: 723/523 [g=136, 5649 evaluated, 5648 expanded, t=7660.41s]
Best heuristic value: 723/521 [g=124, 5652 evaluated, 5651 expanded, t=7661.82s]
Best heuristic value: 720/521 [g=137, 5701 evaluated, 5700 expanded, t=7684.68s]
Best heuristic value: 720/520 [g=125, 5722 evaluated, 5721 expanded, t=7694.47s]
Best heuristic value: 717/520 [g=138, 5753 evaluated, 5752 expanded, t=7708.87s]
Best heuristic value: 717/519 [g=126, 5792 evaluated, 5791 expanded, t=7726.98s]
Best heuristic value: 714/519 [g=139, 5805 evaluated, 5804 expanded, t=7732.99s]
Best heuristic value: 711/519 [g=140, 5857 evaluated, 5856 expanded, t=7757.02s]
Best heuristic value: 711/518 [g=127, 5862 evaluated, 5861 expanded, t=7759.33s]
Best heuristic value: 708/518 [g=141, 5909 evaluated, 5908 expanded, t=7780.97s]
Best heuristic value: 708/517 [g=128, 5932 evaluated, 5931 expanded, t=7791.55s]
Best heuristic value: 705/517 [g=142, 5961 evaluated, 5960 expanded, t=7804.86s]
Best heuristic value: 705/516 [g=129, 6004 evaluated, 6003 expanded, t=7824.58s]
Best heuristic value: 701/516 [g=143, 6013 evaluated, 6012 expanded, t=7828.7s]
Best heuristic value: 699/516 [g=144, 6065 evaluated, 6064 expanded, t=7852.48s]
Best heuristic value: 699/514 [g=130, 6076 evaluated, 6075 expanded, t=7857.51s]
Best heuristic value: 696/514 [g=145, 6117 evaluated, 6116 expanded, t=7876.2s]
Best heuristic value: 696/512 [g=131, 6148 evaluated, 6147 expanded, t=7890.31s]
Best heuristic value: 692/512 [g=146, 6169 evaluated, 6168 expanded, t=7899.95s]
Best heuristic value: 692/511 [g=132, 6220 evaluated, 6219 expanded, t=7923.07s]
Best heuristic value: 689/511 [g=147, 6221 evaluated, 6220 expanded, t=7923.51s]
Best heuristic value: 685/511 [g=148, 6273 evaluated, 6272 expanded, t=7946.99s]
Best heuristic value: 685/510 [g=133, 6292 evaluated, 6291 expanded, t=7955.54s]
Best heuristic value: 681/510 [g=149, 6325 evaluated, 6324 expanded, t=7970.36s]
Best heuristic value: 681/508 [g=134, 6364 evaluated, 6363 expanded, t=7987.87s]
Best heuristic value: 678/508 [g=150, 6377 evaluated, 6376 expanded, t=7993.68s]
Best heuristic value: 675/508 [g=151, 6429 evaluated, 6428 expanded, t=8016.95s]
Best heuristic value: 675/507 [g=135, 6436 evaluated, 6435 expanded, t=8020.09s]
Best heuristic value: 672/507 [g=152, 6481 evaluated, 6480 expanded, t=8040.13s]
Best heuristic value: 672/505 [g=136, 6508 evaluated, 6507 expanded, t=8052.14s]
Best heuristic value: 669/505 [g=153, 6533 evaluated, 6532 expanded, t=8063.23s]
Best heuristic value: 669/503 [g=137, 6580 evaluated, 6579 expanded, t=8084.04s]
Best heuristic value: 666/503 [g=154, 6585 evaluated, 6584 expanded, t=8086.24s]
Best heuristic value: 662/503 [g=155, 6637 evaluated, 6636 expanded, t=8109.2s]
Best heuristic value: 662/502 [g=138, 6652 evaluated, 6651 expanded, t=8115.81s]
Best heuristic value: 659/502 [g=156, 6689 evaluated, 6688 expanded, t=8132.07s]
Best heuristic value: 659/500 [g=139, 6724 evaluated, 6723 expanded, t=8147.44s]
Best heuristic value: 657/500 [g=157, 6741 evaluated, 6740 expanded, t=8154.88s]
Best heuristic value: 654/500 [g=158, 6793 evaluated, 6792 expanded, t=8177.61s]
Best heuristic value: 654/498 [g=140, 6796 evaluated, 6795 expanded, t=8178.93s]
Best heuristic value: 650/498 [g=159, 6845 evaluated, 6844 expanded, t=8200.27s]
Best heuristic value: 650/496 [g=141, 6868 evaluated, 6867 expanded, t=8210.28s]
Best heuristic value: 647/496 [g=160, 6897 evaluated, 6896 expanded, t=8222.85s]
Best heuristic value: 647/495 [g=142, 6944 evaluated, 6943 expanded, t=8243.2s]
Best heuristic value: 644/495 [g=161, 6949 evaluated, 6948 expanded, t=8245.36s]
Best heuristic value: 641/495 [g=162, 7001 evaluated, 7000 expanded, t=8267.79s]
Best heuristic value: 641/494 [g=143, 7020 evaluated, 7019 expanded, t=8275.97s]
Best heuristic value: 637/494 [g=163, 7053 evaluated, 7052 expanded, t=8290.14s]
Best heuristic value: 637/493 [g=144, 7096 evaluated, 7095 expanded, t=8308.59s]
Best heuristic value: 634/493 [g=164, 7105 evaluated, 7104 expanded, t=8312.43s]
Best heuristic value: 631/493 [g=165, 7157 evaluated, 7156 expanded, t=8334.66s]
Best heuristic value: 631/491 [g=145, 7174 evaluated, 7173 expanded, t=8341.93s]
Best heuristic value: 628/491 [g=166, 7209 evaluated, 7208 expanded, t=8356.83s]
Best heuristic value: 628/489 [g=146, 7252 evaluated, 7251 expanded, t=8375.14s]
Best heuristic value: 624/489 [g=167, 7261 evaluated, 7260 expanded, t=8378.95s]
Best heuristic value: 621/489 [g=168, 7313 evaluated, 7312 expanded, t=8400.98s]
Best heuristic value: 621/487 [g=147, 7330 evaluated, 7329 expanded, t=8408.19s]
Best heuristic value: 620/487 [g=169, 7365 evaluated, 7364 expanded, t=8422.96s]
Best heuristic value: 620/485 [g=148, 7408 evaluated, 7407 expanded, t=8441.12s]
Best heuristic value: 619/485 [g=170, 7417 evaluated, 7416 expanded, t=8444.89s]
Best heuristic value: 617/485 [g=171, 7469 evaluated, 7468 expanded, t=8466.82s]
Best heuristic value: 617/484 [g=149, 7486 evaluated, 7485 expanded, t=8473.98s]
Best heuristic value: 616/484 [g=172, 7521 evaluated, 7520 expanded, t=8488.66s]
Best heuristic value: 616/483 [g=150, 7564 evaluated, 7563 expanded, t=8506.72s]
Best heuristic value: 615/483 [g=173, 7573 evaluated, 7572 expanded, t=8510.47s]
Best heuristic value: 614/483 [g=174, 7625 evaluated, 7624 expanded, t=8532.27s]
Best heuristic value: 614/482 [g=151, 7642 evaluated, 7641 expanded, t=8539.4s]
Best heuristic value: 613/482 [g=175, 7683 evaluated, 7682 expanded, t=8556.55s]
Best heuristic value: 613/480 [g=152, 7722 evaluated, 7721 expanded, t=8572.86s]
Best heuristic value: 612/480 [g=176, 7743 evaluated, 7742 expanded, t=8581.62s]
Best heuristic value: 612/479 [g=153, 7802 evaluated, 7801 expanded, t=8606.27s]
Best heuristic value: 610/479 [g=177, 7805 evaluated, 7804 expanded, t=8607.51s]
Best heuristic value: 608/460 [g=178, 7869 evaluated, 7868 expanded, t=8634.25s]
Best heuristic value: 607/459 [g=179, 7901 evaluated, 7900 expanded, t=8647.11s]
Best heuristic value: 606/458 [g=180, 7933 evaluated, 7932 expanded, t=8659.98s]
Best heuristic value: 605/457 [g=181, 7965 evaluated, 7964 expanded, t=8672.84s]
Best heuristic value: 604/456 [g=182, 7997 evaluated, 7996 expanded, t=8685.71s]
Best heuristic value: 604/455 [g=183, 8029 evaluated, 8028 expanded, t=8698.57s]
Best heuristic value: 603/455 [g=183, 8031 evaluated, 8030 expanded, t=8699.38s]
Best heuristic value: 601/454 [g=184, 8093 evaluated, 8092 expanded, t=8724.29s]
Best heuristic value: 600/454 [g=185, 8125 evaluated, 8124 expanded, t=8737.1s]
Best heuristic value: 600/453 [g=185, 8127 evaluated, 8126 expanded, t=8737.9s]
Best heuristic value: 599/453 [g=186, 8190 evaluated, 8189 expanded, t=8763.13s]
Best heuristic value: 598/452 [g=186, 8195 evaluated, 8194 expanded, t=8765.14s]
Best heuristic value: 597/452 [g=187, 8227 evaluated, 8226 expanded, t=8777.9s]
Best heuristic value: 597/451 [g=187, 8231 evaluated, 8230 expanded, t=8779.51s]
Best heuristic value: 596/451 [g=188, 8292 evaluated, 8291 expanded, t=8803.85s]
Best heuristic value: 595/450 [g=188, 8299 evaluated, 8298 expanded, t=8806.64s]
Best heuristic value: 594/450 [g=189, 8331 evaluated, 8330 expanded, t=8819.35s]
Best heuristic value: 593/449 [g=189, 8335 evaluated, 8334 expanded, t=8820.94s]
Best heuristic value: 592/449 [g=190, 8367 evaluated, 8366 expanded, t=8833.65s]
Best heuristic value: 591/449 [g=190, 8371 evaluated, 8370 expanded, t=8835.24s]
Best heuristic value: 590/449 [g=190, 8373 evaluated, 8372 expanded, t=8836.04s]
Best heuristic value: 590/447 [g=190, 8377 evaluated, 8376 expanded, t=8837.63s]
Best heuristic value: 589/447 [g=191, 8436 evaluated, 8435 expanded, t=8861.06s]
Best heuristic value: 588/447 [g=191, 8447 evaluated, 8446 expanded, t=8865.41s]
Best heuristic value: 588/446 [g=191, 8453 evaluated, 8452 expanded, t=8867.8s]
Best heuristic value: 587/446 [g=192, 8510 evaluated, 8509 expanded, t=8890.45s]
Best heuristic value: 586/446 [g=192, 8531 evaluated, 8530 expanded, t=8898.79s]
Best heuristic value: 586/445 [g=192, 8541 evaluated, 8540 expanded, t=8902.75s]
Best heuristic value: 585/445 [g=193, 8594 evaluated, 8593 expanded, t=8923.8s]
Best heuristic value: 585/444 [g=193, 8631 evaluated, 8630 expanded, t=8938.49s]
Best heuristic value: 584/444 [g=194, 8660 evaluated, 8659 expanded, t=8950s]
Best heuristic value: 583/444 [g=195, 8725 evaluated, 8724 expanded, t=8975.82s]
Best heuristic value: 583/443 [g=194, 8726 evaluated, 8725 expanded, t=8976.22s]
Best heuristic value: 582/443 [g=196, 8793 evaluated, 8792 expanded, t=9002.82s]
Best heuristic value: 582/442 [g=195, 8822 evaluated, 8821 expanded, t=9014.35s]
Best heuristic value: 580/442 [g=197, 8861 evaluated, 8860 expanded, t=9029.82s]
Best heuristic value: 580/441 [g=196, 8922 evaluated, 8921 expanded, t=9054s]
Best heuristic value: 578/441 [g=198, 8929 evaluated, 8928 expanded, t=9056.78s]
Best heuristic value: 576/441 [g=199, 8997 evaluated, 8996 expanded, t=9083.74s]
Failed to allocate memory. Released memory buffer.
Memory limit has been reached.
Failed to allocate memory. Released memory buffer.
Memory limit has been reached.
