Parsing... [0.060s CPU, 0.051s wall-clock]
Normalizing task... [0.000s CPU, 0.003s wall-clock]
Instantiating...
Generating Datalog program... [0.010s CPU, 0.010s wall-clock]
Normalizing Datalog program...
Normalizing Datalog program: [0.010s CPU, 0.018s wall-clock]
Preparing model... [0.050s CPU, 0.043s wall-clock]
Generated 198 rules.
Computing model... [32.670s CPU, 32.677s wall-clock]
538076 relevant atoms
117044 auxiliary atoms
655120 final queue length
3461012 total queue pushes
Completing instantiation... [181.120s CPU, 181.112s wall-clock]
Instantiating: [214.380s CPU, 214.379s wall-clock]
Computing fact groups...
Finding invariants...
24 initial candidates
Finding invariants: [2.560s CPU, 2.559s wall-clock]
Checking invariant weight... [0.020s CPU, 0.023s wall-clock]
Instantiating groups... [1.010s CPU, 1.016s wall-clock]
Collecting mutex groups... [0.010s CPU, 0.012s wall-clock]
Choosing groups...
2060 uncovered facts
Choosing groups: [0.040s CPU, 0.037s wall-clock]
Building translation key... [0.030s CPU, 0.023s wall-clock]
Computing fact groups: [3.770s CPU, 3.767s wall-clock]
Building STRIPS to SAS dictionary... [0.010s CPU, 0.015s wall-clock]
Building dictionary for full mutex groups... [0.020s CPU, 0.018s wall-clock]
Building mutex information...
Building mutex information: [0.020s CPU, 0.019s wall-clock]
Translating task...
Processing axioms...
Simplifying axioms... [0.000s CPU, 0.000s wall-clock]
Processing axioms: [5.710s CPU, 5.704s wall-clock]
Translating task: [84.990s CPU, 84.988s wall-clock]
77532 implied effects removed
17464 effect conditions simplified
0 implied preconditions added
Detecting unreachable propositions...
1416 operators removed
917 propositions removed
Detecting unreachable propositions: [16.320s CPU, 16.315s wall-clock]
Translator variables: 2609
Translator derived variables: 0
Translator facts: 7901
Translator mutex groups: 957
Translator total mutex groups size: 4715
Translator operators: 529108
Translator task size: 5032193
Translator peak memory: 4946068 KB
Writing output... [13.280s CPU, 13.286s wall-clock]
Done! [339.980s CPU, 339.966s wall-clock]
