Dispatcher selected state size 1.
This is a nonunit task.
Simplifying transitions... done!
Initializing Exploration...
Generating landmarks using the RPG/SAS+ approach
approx. reasonable orders
approx. obedient reasonable orders
Removed 0 reasonable or obedient reasonable orders
Landmarks generation time: 2028.74s
Discovered 2013 landmarks, of which 32 are disjunctive and 0 are conjunctive 
2262 edges
Initializing LAMA-FF Synergy Object
Initializing landmarks count heuristic...
952 initial landmarks, 775 goal landmarks
Initializing Exploration...
Generating landmarks using the RPG/SAS+ approach
approx. reasonable orders
approx. obedient reasonable orders
Removed 0 reasonable or obedient reasonable orders
Landmarks generation time: 2057.67s
Discovered 2013 landmarks, of which 32 are disjunctive and 0 are conjunctive 
2262 edges
Initializing LAMA-FF Synergy Object
Initializing landmarks count heuristic...
952 initial landmarks, 775 goal landmarks
Starting search: lazy_greedy(list(hff1, hlm1), preferred = list(hff1, hlm1), cost_type = 1, reopen_closed = false)
Conducting lazy best first search, (real) bound = 2147483647
Best heuristic value: 1061/689 [g=0, 1 evaluated, 0 expanded, t=4131.74s]
Best heuristic value: 1059/688 [g=1, 2 evaluated, 1 expanded, t=4132.31s]
Best heuristic value: 1057/687 [g=2, 4 evaluated, 3 expanded, t=4133.43s]
Best heuristic value: 1055/685 [g=3, 6 evaluated, 5 expanded, t=4134.56s]
Best heuristic value: 1054/684 [g=4, 10 evaluated, 9 expanded, t=4136.82s]
Best heuristic value: 1053/684 [g=5, 15 evaluated, 14 expanded, t=4139.64s]
Best heuristic value: 1053/683 [g=5, 19 evaluated, 18 expanded, t=4141.9s]
Best heuristic value: 1052/683 [g=6, 24 evaluated, 23 expanded, t=4144.73s]
Best heuristic value: 1052/682 [g=6, 33 evaluated, 32 expanded, t=4149.82s]
Best heuristic value: 1051/682 [g=7, 38 evaluated, 37 expanded, t=4152.65s]
Best heuristic value: 1050/681 [g=7, 49 evaluated, 48 expanded, t=4158.85s]
Best heuristic value: 1049/681 [g=8, 54 evaluated, 53 expanded, t=4161.68s]
Best heuristic value: 1049/680 [g=8, 60 evaluated, 59 expanded, t=4165.08s]
Best heuristic value: 1048/680 [g=9, 63 evaluated, 62 expanded, t=4166.78s]
Best heuristic value: 1047/680 [g=10, 81 evaluated, 80 expanded, t=4176.96s]
Best heuristic value: 1047/679 [g=9, 82 evaluated, 81 expanded, t=4177.52s]
Best heuristic value: 1046/679 [g=11, 105 evaluated, 104 expanded, t=4190.54s]
Best heuristic value: 1046/678 [g=10, 108 evaluated, 107 expanded, t=4192.24s]
Best heuristic value: 1045/678 [g=12, 133 evaluated, 132 expanded, t=4206.39s]
Best heuristic value: 1045/677 [g=11, 134 evaluated, 133 expanded, t=4206.96s]
Best heuristic value: 1044/677 [g=13, 161 evaluated, 160 expanded, t=4222.25s]
Best heuristic value: 1044/676 [g=12, 162 evaluated, 161 expanded, t=4222.82s]
Best heuristic value: 1044/675 [g=13, 190 evaluated, 189 expanded, t=4238.68s]
Best heuristic value: 1043/675 [g=14, 191 evaluated, 190 expanded, t=4239.25s]
Best heuristic value: 1043/674 [g=14, 218 evaluated, 217 expanded, t=4254.54s]
Best heuristic value: 1042/674 [g=15, 221 evaluated, 220 expanded, t=4256.24s]
Best heuristic value: 1042/672 [g=15, 246 evaluated, 245 expanded, t=4270.42s]
Best heuristic value: 1041/672 [g=16, 251 evaluated, 250 expanded, t=4273.25s]
Best heuristic value: 1040/671 [g=16, 278 evaluated, 277 expanded, t=4288.55s]
Best heuristic value: 1039/671 [g=17, 283 evaluated, 282 expanded, t=4291.37s]
Best heuristic value: 1038/671 [g=18, 292 evaluated, 291 expanded, t=4296.47s]
Best heuristic value: 1038/670 [g=17, 305 evaluated, 304 expanded, t=4303.83s]
Best heuristic value: 1037/670 [g=19, 308 evaluated, 307 expanded, t=4305.53s]
Best heuristic value: 1036/670 [g=20, 326 evaluated, 325 expanded, t=4315.73s]
Best heuristic value: 1036/669 [g=18, 339 evaluated, 338 expanded, t=4323.1s]
Best heuristic value: 1035/669 [g=21, 360 evaluated, 359 expanded, t=4335s]
Best heuristic value: 1035/668 [g=19, 373 evaluated, 372 expanded, t=4342.37s]
Best heuristic value: 1033/668 [g=22, 396 evaluated, 395 expanded, t=4355.41s]
Best heuristic value: 1033/667 [g=20, 407 evaluated, 406 expanded, t=4361.65s]
Best heuristic value: 1032/667 [g=23, 432 evaluated, 431 expanded, t=4375.83s]
Best heuristic value: 1032/665 [g=21, 441 evaluated, 440 expanded, t=4380.94s]
Best heuristic value: 1031/665 [g=24, 468 evaluated, 467 expanded, t=4396.24s]
Best heuristic value: 1031/664 [g=22, 475 evaluated, 474 expanded, t=4400.21s]
Best heuristic value: 1030/664 [g=23, 485 evaluated, 484 expanded, t=4405.88s]
Best heuristic value: 1029/664 [g=24, 494 evaluated, 493 expanded, t=4410.97s]
Best heuristic value: 1028/664 [g=25, 510 evaluated, 509 expanded, t=4420.04s]
Best heuristic value: 1028/663 [g=23, 511 evaluated, 510 expanded, t=4420.61s]
Best heuristic value: 1027/663 [g=26, 528 evaluated, 527 expanded, t=4430.25s]
Best heuristic value: 1027/662 [g=24, 551 evaluated, 550 expanded, t=4443.3s]
Best heuristic value: 1026/662 [g=27, 560 evaluated, 559 expanded, t=4448.4s]
Best heuristic value: 1026/661 [g=25, 593 evaluated, 592 expanded, t=4467.12s]
Best heuristic value: 1025/661 [g=28, 594 evaluated, 593 expanded, t=4467.69s]
Best heuristic value: 1023/661 [g=29, 630 evaluated, 629 expanded, t=4488.11s]
Best heuristic value: 1023/659 [g=26, 635 evaluated, 634 expanded, t=4490.95s]
Best heuristic value: 1022/659 [g=30, 670 evaluated, 669 expanded, t=4510.8s]
Best heuristic value: 1022/658 [g=27, 675 evaluated, 674 expanded, t=4513.64s]
Best heuristic value: 1021/658 [g=31, 712 evaluated, 711 expanded, t=4534.64s]
Best heuristic value: 1021/657 [g=28, 717 evaluated, 716 expanded, t=4537.49s]
Best heuristic value: 1019/657 [g=32, 754 evaluated, 753 expanded, t=4558.49s]
Best heuristic value: 1019/655 [g=29, 759 evaluated, 758 expanded, t=4561.33s]
Best heuristic value: 1017/655 [g=33, 794 evaluated, 793 expanded, t=4581.2s]
Best heuristic value: 1017/654 [g=30, 803 evaluated, 802 expanded, t=4586.31s]
Best heuristic value: 1016/654 [g=34, 836 evaluated, 835 expanded, t=4605.03s]
Best heuristic value: 1016/653 [g=31, 847 evaluated, 846 expanded, t=4611.28s]
Best heuristic value: 1014/653 [g=35, 878 evaluated, 877 expanded, t=4628.89s]
Best heuristic value: 1014/652 [g=32, 895 evaluated, 894 expanded, t=4638.54s]
Best heuristic value: 1012/652 [g=36, 922 evaluated, 921 expanded, t=4653.88s]
Best heuristic value: 1012/651 [g=33, 945 evaluated, 944 expanded, t=4666.94s]
Best heuristic value: 1011/651 [g=37, 966 evaluated, 965 expanded, t=4678.87s]
Best heuristic value: 1011/650 [g=34, 995 evaluated, 994 expanded, t=4695.33s]
Best heuristic value: 1010/650 [g=38, 1012 evaluated, 1011 expanded, t=4704.99s]
Best heuristic value: 1010/649 [g=35, 1045 evaluated, 1044 expanded, t=4723.76s]
Best heuristic value: 1008/649 [g=39, 1058 evaluated, 1057 expanded, t=4731.14s]
Best heuristic value: 1008/648 [g=36, 1099 evaluated, 1098 expanded, t=4754.44s]
Best heuristic value: 1007/648 [g=40, 1104 evaluated, 1103 expanded, t=4757.28s]
Best heuristic value: 1005/648 [g=41, 1152 evaluated, 1151 expanded, t=4784.54s]
Best heuristic value: 1005/647 [g=37, 1153 evaluated, 1152 expanded, t=4785.1s]
Best heuristic value: 1004/647 [g=42, 1200 evaluated, 1199 expanded, t=4811.81s]
Best heuristic value: 1004/646 [g=38, 1207 evaluated, 1206 expanded, t=4815.79s]
Best heuristic value: 1002/646 [g=43, 1248 evaluated, 1247 expanded, t=4839.09s]
Best heuristic value: 1002/645 [g=39, 1261 evaluated, 1260 expanded, t=4846.47s]
Best heuristic value: 1001/645 [g=44, 1300 evaluated, 1299 expanded, t=4868.62s]
Best heuristic value: 1001/644 [g=40, 1315 evaluated, 1314 expanded, t=4877.14s]
Best heuristic value: 1000/644 [g=45, 1352 evaluated, 1351 expanded, t=4898.15s]
Best heuristic value: 1000/643 [g=41, 1371 evaluated, 1370 expanded, t=4908.94s]
Best heuristic value: 999/643 [g=46, 1404 evaluated, 1403 expanded, t=4927.69s]
Best heuristic value: 999/642 [g=42, 1429 evaluated, 1428 expanded, t=4941.9s]
Best heuristic value: 998/642 [g=47, 1456 evaluated, 1455 expanded, t=4957.24s]
Best heuristic value: 998/641 [g=43, 1493 evaluated, 1492 expanded, t=4978.25s]
Best heuristic value: 997/641 [g=48, 1508 evaluated, 1507 expanded, t=4986.78s]
Best heuristic value: 997/640 [g=44, 1557 evaluated, 1556 expanded, t=5014.66s]
Best heuristic value: 996/640 [g=49, 1562 evaluated, 1561 expanded, t=5017.5s]
Best heuristic value: 995/640 [g=50, 1618 evaluated, 1617 expanded, t=5049.34s]
Best heuristic value: 995/639 [g=45, 1621 evaluated, 1620 expanded, t=5051.04s]
Best heuristic value: 994/639 [g=51, 1678 evaluated, 1677 expanded, t=5083.45s]
Best heuristic value: 994/638 [g=46, 1685 evaluated, 1684 expanded, t=5087.42s]
Best heuristic value: 992/638 [g=52, 1738 evaluated, 1737 expanded, t=5117.57s]
Best heuristic value: 992/637 [g=47, 1749 evaluated, 1748 expanded, t=5123.82s]
Best heuristic value: 991/637 [g=53, 1798 evaluated, 1797 expanded, t=5151.68s]
Best heuristic value: 991/636 [g=48, 1813 evaluated, 1812 expanded, t=5160.2s]
Best heuristic value: 990/636 [g=54, 1858 evaluated, 1857 expanded, t=5185.81s]
Best heuristic value: 990/635 [g=49, 1877 evaluated, 1876 expanded, t=5196.63s]
Best heuristic value: 989/635 [g=55, 1918 evaluated, 1917 expanded, t=5219.94s]
Best heuristic value: 989/634 [g=50, 1941 evaluated, 1940 expanded, t=5233.01s]
Best heuristic value: 988/634 [g=56, 1978 evaluated, 1977 expanded, t=5254.06s]
Best heuristic value: 988/633 [g=51, 2005 evaluated, 2004 expanded, t=5269.41s]
Best heuristic value: 986/633 [g=57, 2040 evaluated, 2039 expanded, t=5289.32s]
Best heuristic value: 986/632 [g=52, 2069 evaluated, 2068 expanded, t=5305.81s]
Best heuristic value: 985/632 [g=58, 2102 evaluated, 2101 expanded, t=5324.58s]
Best heuristic value: 985/631 [g=53, 2135 evaluated, 2134 expanded, t=5343.34s]
Best heuristic value: 984/631 [g=59, 2164 evaluated, 2163 expanded, t=5359.82s]
Best heuristic value: 984/629 [g=54, 2201 evaluated, 2200 expanded, t=5380.86s]
Best heuristic value: 983/629 [g=60, 2226 evaluated, 2225 expanded, t=5395.08s]
Best heuristic value: 983/628 [g=55, 2271 evaluated, 2270 expanded, t=5420.68s]
Best heuristic value: 981/628 [g=61, 2290 evaluated, 2289 expanded, t=5431.49s]
Best heuristic value: 981/627 [g=56, 2341 evaluated, 2340 expanded, t=5460.49s]
Best heuristic value: 979/627 [g=62, 2354 evaluated, 2353 expanded, t=5467.88s]
Best heuristic value: 979/626 [g=63, 2414 evaluated, 2413 expanded, t=5502.02s]
Best heuristic value: 977/626 [g=63, 2422 evaluated, 2421 expanded, t=5506.56s]
Best heuristic value: 977/625 [g=64, 2473 evaluated, 2472 expanded, t=5535.59s]
Best heuristic value: 976/625 [g=64, 2490 evaluated, 2489 expanded, t=5545.26s]
Best heuristic value: 975/624 [g=65, 2539 evaluated, 2538 expanded, t=5573.11s]
Best heuristic value: 974/623 [g=66, 2572 evaluated, 2571 expanded, t=5591.83s]
Best heuristic value: 973/622 [g=67, 2607 evaluated, 2606 expanded, t=5611.69s]
Best heuristic value: 972/621 [g=68, 2643 evaluated, 2642 expanded, t=5632.12s]
Best heuristic value: 971/620 [g=69, 2680 evaluated, 2679 expanded, t=5653.12s]
Best heuristic value: 970/619 [g=70, 2717 evaluated, 2716 expanded, t=5674.12s]
Best heuristic value: 969/618 [g=71, 2756 evaluated, 2755 expanded, t=5696.27s]
Best heuristic value: 967/617 [g=72, 2797 evaluated, 2796 expanded, t=5719.53s]
Best heuristic value: 966/616 [g=73, 2838 evaluated, 2837 expanded, t=5742.84s]
Best heuristic value: 964/615 [g=74, 2880 evaluated, 2879 expanded, t=5766.69s]
Best heuristic value: 964/614 [g=75, 2922 evaluated, 2921 expanded, t=5790.57s]
Best heuristic value: 963/614 [g=75, 2924 evaluated, 2923 expanded, t=5791.7s]
Best heuristic value: 961/613 [g=76, 3006 evaluated, 3005 expanded, t=5838.3s]
Best heuristic value: 960/613 [g=77, 3048 evaluated, 3047 expanded, t=5862.09s]
Best heuristic value: 959/612 [g=77, 3050 evaluated, 3049 expanded, t=5863.21s]
Best heuristic value: 958/612 [g=78, 3092 evaluated, 3091 expanded, t=5886.97s]
Best heuristic value: 956/611 [g=78, 3094 evaluated, 3093 expanded, t=5888.1s]
Best heuristic value: 955/611 [g=79, 3136 evaluated, 3135 expanded, t=5911.71s]
Best heuristic value: 954/610 [g=79, 3138 evaluated, 3137 expanded, t=5912.83s]
Best heuristic value: 953/610 [g=80, 3180 evaluated, 3179 expanded, t=5936.33s]
Best heuristic value: 951/609 [g=80, 3182 evaluated, 3181 expanded, t=5937.45s]
Best heuristic value: 950/609 [g=81, 3224 evaluated, 3223 expanded, t=5960.81s]
Best heuristic value: 948/608 [g=81, 3226 evaluated, 3225 expanded, t=5961.92s]
Best heuristic value: 947/608 [g=82, 3268 evaluated, 3267 expanded, t=5985.2s]
Best heuristic value: 944/606 [g=82, 3270 evaluated, 3269 expanded, t=5986.31s]
Best heuristic value: 943/606 [g=83, 3312 evaluated, 3311 expanded, t=6009.52s]
Best heuristic value: 940/604 [g=83, 3314 evaluated, 3313 expanded, t=6010.62s]
Best heuristic value: 939/604 [g=84, 3356 evaluated, 3355 expanded, t=6033.73s]
Best heuristic value: 936/602 [g=84, 3358 evaluated, 3357 expanded, t=6034.83s]
Best heuristic value: 935/602 [g=85, 3400 evaluated, 3399 expanded, t=6057.84s]
Best heuristic value: 933/600 [g=85, 3402 evaluated, 3401 expanded, t=6058.94s]
Best heuristic value: 932/600 [g=86, 3444 evaluated, 3443 expanded, t=6081.87s]
Best heuristic value: 930/599 [g=86, 3446 evaluated, 3445 expanded, t=6082.96s]
Best heuristic value: 929/599 [g=87, 3488 evaluated, 3487 expanded, t=6105.79s]
Best heuristic value: 927/597 [g=87, 3490 evaluated, 3489 expanded, t=6106.89s]
Best heuristic value: 926/597 [g=88, 3532 evaluated, 3531 expanded, t=6129.64s]
Best heuristic value: 924/596 [g=88, 3534 evaluated, 3533 expanded, t=6130.72s]
Best heuristic value: 923/596 [g=89, 3576 evaluated, 3575 expanded, t=6153.41s]
Best heuristic value: 921/595 [g=89, 3578 evaluated, 3577 expanded, t=6154.48s]
Best heuristic value: 920/595 [g=90, 3620 evaluated, 3619 expanded, t=6177.03s]
Best heuristic value: 917/593 [g=90, 3622 evaluated, 3621 expanded, t=6178.11s]
Best heuristic value: 916/593 [g=91, 3664 evaluated, 3663 expanded, t=6200.55s]
Best heuristic value: 914/591 [g=91, 3666 evaluated, 3665 expanded, t=6201.62s]
Best heuristic value: 913/591 [g=92, 3708 evaluated, 3707 expanded, t=6223.99s]
Best heuristic value: 912/590 [g=92, 3710 evaluated, 3709 expanded, t=6225.04s]
Best heuristic value: 911/590 [g=93, 3752 evaluated, 3751 expanded, t=6247.32s]
Best heuristic value: 909/588 [g=93, 3754 evaluated, 3753 expanded, t=6248.38s]
Best heuristic value: 908/588 [g=94, 3796 evaluated, 3795 expanded, t=6270.56s]
Best heuristic value: 905/587 [g=94, 3798 evaluated, 3797 expanded, t=6271.62s]
Best heuristic value: 904/587 [g=95, 3840 evaluated, 3839 expanded, t=6293.72s]
Best heuristic value: 902/586 [g=95, 3842 evaluated, 3841 expanded, t=6294.77s]
Best heuristic value: 901/586 [g=96, 3884 evaluated, 3883 expanded, t=6316.78s]
Best heuristic value: 899/585 [g=96, 3886 evaluated, 3885 expanded, t=6317.82s]
Best heuristic value: 898/585 [g=97, 3928 evaluated, 3927 expanded, t=6339.73s]
Best heuristic value: 895/583 [g=97, 3930 evaluated, 3929 expanded, t=6340.78s]
Best heuristic value: 894/583 [g=98, 3972 evaluated, 3971 expanded, t=6362.61s]
Best heuristic value: 891/582 [g=98, 3974 evaluated, 3973 expanded, t=6363.65s]
Best heuristic value: 890/582 [g=99, 4016 evaluated, 4015 expanded, t=6385.35s]
Best heuristic value: 888/580 [g=99, 4018 evaluated, 4017 expanded, t=6386.38s]
Best heuristic value: 887/580 [g=100, 4060 evaluated, 4059 expanded, t=6408.03s]
Best heuristic value: 885/579 [g=100, 4062 evaluated, 4061 expanded, t=6409.06s]
Best heuristic value: 884/579 [g=101, 4104 evaluated, 4103 expanded, t=6430.6s]
Best heuristic value: 882/577 [g=101, 4106 evaluated, 4105 expanded, t=6431.62s]
Best heuristic value: 881/577 [g=102, 4148 evaluated, 4147 expanded, t=6453.12s]
Best heuristic value: 878/576 [g=102, 4150 evaluated, 4149 expanded, t=6454.14s]
Best heuristic value: 877/576 [g=103, 4192 evaluated, 4191 expanded, t=6475.56s]
Best heuristic value: 874/575 [g=103, 4194 evaluated, 4193 expanded, t=6476.57s]
Best heuristic value: 873/575 [g=104, 4236 evaluated, 4235 expanded, t=6497.92s]
Best heuristic value: 871/573 [g=104, 4238 evaluated, 4237 expanded, t=6498.93s]
Best heuristic value: 870/573 [g=105, 4280 evaluated, 4279 expanded, t=6520.18s]
Best heuristic value: 868/572 [g=105, 4282 evaluated, 4281 expanded, t=6521.19s]
Best heuristic value: 867/572 [g=106, 4324 evaluated, 4323 expanded, t=6542.38s]
Best heuristic value: 864/570 [g=106, 4326 evaluated, 4325 expanded, t=6543.39s]
Best heuristic value: 863/570 [g=107, 4368 evaluated, 4367 expanded, t=6564.49s]
Best heuristic value: 861/569 [g=107, 4370 evaluated, 4369 expanded, t=6565.49s]
Best heuristic value: 860/569 [g=108, 4412 evaluated, 4411 expanded, t=6586.5s]
Best heuristic value: 858/567 [g=108, 4414 evaluated, 4413 expanded, t=6587.5s]
Best heuristic value: 857/567 [g=109, 4456 evaluated, 4455 expanded, t=6608.44s]
Best heuristic value: 855/565 [g=109, 4458 evaluated, 4457 expanded, t=6609.44s]
Best heuristic value: 854/565 [g=110, 4500 evaluated, 4499 expanded, t=6630.29s]
Best heuristic value: 852/565 [g=110, 4502 evaluated, 4501 expanded, t=6631.28s]
Best heuristic value: 851/563 [g=110, 4504 evaluated, 4503 expanded, t=6632.27s]
Best heuristic value: 850/563 [g=111, 4546 evaluated, 4545 expanded, t=6653.06s]
Best heuristic value: 848/563 [g=111, 4548 evaluated, 4547 expanded, t=6654.04s]
Best heuristic value: 848/561 [g=111, 4550 evaluated, 4549 expanded, t=6655.03s]
Best heuristic value: 847/561 [g=112, 4631 evaluated, 4630 expanded, t=6694.98s]
Best heuristic value: 845/561 [g=112, 4636 evaluated, 4635 expanded, t=6697.44s]
Best heuristic value: 845/560 [g=112, 4638 evaluated, 4637 expanded, t=6698.42s]
Best heuristic value: 844/560 [g=113, 4719 evaluated, 4718 expanded, t=6738.19s]
Best heuristic value: 842/560 [g=113, 4724 evaluated, 4723 expanded, t=6740.64s]
Best heuristic value: 842/559 [g=113, 4730 evaluated, 4729 expanded, t=6743.57s]
Best heuristic value: 841/559 [g=114, 4807 evaluated, 4806 expanded, t=6781.17s]
Best heuristic value: 839/559 [g=114, 4816 evaluated, 4815 expanded, t=6785.57s]
Best heuristic value: 838/559 [g=114, 4822 evaluated, 4821 expanded, t=6788.49s]
Best heuristic value: 838/558 [g=114, 4824 evaluated, 4823 expanded, t=6789.47s]
Best heuristic value: 837/558 [g=115, 4905 evaluated, 4904 expanded, t=6828.91s]
Best heuristic value: 836/558 [g=115, 4910 evaluated, 4909 expanded, t=6831.35s]
Best heuristic value: 835/558 [g=115, 4916 evaluated, 4915 expanded, t=6834.26s]
Best heuristic value: 835/557 [g=115, 4918 evaluated, 4917 expanded, t=6835.23s]
Best heuristic value: 834/557 [g=116, 4999 evaluated, 4998 expanded, t=6874.48s]
Best heuristic value: 833/557 [g=116, 5004 evaluated, 5003 expanded, t=6876.9s]
Best heuristic value: 832/557 [g=116, 5010 evaluated, 5009 expanded, t=6879.8s]
Best heuristic value: 832/555 [g=116, 5012 evaluated, 5011 expanded, t=6880.77s]
Best heuristic value: 831/555 [g=117, 5093 evaluated, 5092 expanded, t=6919.87s]
Best heuristic value: 830/555 [g=117, 5098 evaluated, 5097 expanded, t=6922.28s]
Best heuristic value: 829/555 [g=117, 5104 evaluated, 5103 expanded, t=6925.17s]
Best heuristic value: 829/554 [g=117, 5106 evaluated, 5105 expanded, t=6926.13s]
Best heuristic value: 828/554 [g=118, 5187 evaluated, 5186 expanded, t=6965.04s]
Best heuristic value: 827/554 [g=118, 5192 evaluated, 5191 expanded, t=6967.45s]
Best heuristic value: 826/554 [g=118, 5198 evaluated, 5197 expanded, t=6970.31s]
Best heuristic value: 826/553 [g=118, 5200 evaluated, 5199 expanded, t=6971.27s]
Best heuristic value: 825/553 [g=119, 5281 evaluated, 5280 expanded, t=7009.99s]
Best heuristic value: 823/553 [g=119, 5286 evaluated, 5285 expanded, t=7012.38s]
Best heuristic value: 822/553 [g=119, 5292 evaluated, 5291 expanded, t=7015.24s]
Best heuristic value: 822/551 [g=119, 5294 evaluated, 5293 expanded, t=7016.2s]
Best heuristic value: 821/551 [g=120, 5375 evaluated, 5374 expanded, t=7054.77s]
Best heuristic value: 819/551 [g=120, 5380 evaluated, 5379 expanded, t=7057.15s]
Best heuristic value: 818/551 [g=120, 5386 evaluated, 5385 expanded, t=7060s]
Best heuristic value: 818/550 [g=120, 5388 evaluated, 5387 expanded, t=7060.94s]
Best heuristic value: 817/550 [g=121, 5469 evaluated, 5468 expanded, t=7099.43s]
Best heuristic value: 816/550 [g=121, 5474 evaluated, 5473 expanded, t=7101.8s]
Best heuristic value: 815/550 [g=121, 5480 evaluated, 5479 expanded, t=7104.65s]
Best heuristic value: 815/549 [g=121, 5482 evaluated, 5481 expanded, t=7105.6s]
Best heuristic value: 814/549 [g=122, 5563 evaluated, 5562 expanded, t=7143.9s]
Best heuristic value: 813/549 [g=122, 5568 evaluated, 5567 expanded, t=7146.27s]
Best heuristic value: 812/549 [g=122, 5574 evaluated, 5573 expanded, t=7149.1s]
Best heuristic value: 812/547 [g=122, 5578 evaluated, 5577 expanded, t=7151s]
Best heuristic value: 811/547 [g=123, 5657 evaluated, 5656 expanded, t=7188.2s]
Best heuristic value: 810/547 [g=123, 5664 evaluated, 5663 expanded, t=7191.51s]
Best heuristic value: 809/547 [g=123, 5670 evaluated, 5669 expanded, t=7194.31s]
Best heuristic value: 809/546 [g=123, 5674 evaluated, 5673 expanded, t=7196.2s]
Best heuristic value: 808/546 [g=124, 5753 evaluated, 5752 expanded, t=7233.24s]
Best heuristic value: 806/546 [g=124, 5760 evaluated, 5759 expanded, t=7236.53s]
Best heuristic value: 805/546 [g=124, 5766 evaluated, 5765 expanded, t=7239.33s]
Best heuristic value: 805/544 [g=124, 5772 evaluated, 5771 expanded, t=7242.13s]
Best heuristic value: 804/544 [g=125, 5849 evaluated, 5848 expanded, t=7278.05s]
Best heuristic value: 802/544 [g=125, 5858 evaluated, 5857 expanded, t=7282.25s]
Best heuristic value: 801/544 [g=125, 5864 evaluated, 5863 expanded, t=7285.05s]
Best heuristic value: 801/542 [g=125, 5870 evaluated, 5869 expanded, t=7287.84s]
Best heuristic value: 800/542 [g=126, 5947 evaluated, 5946 expanded, t=7323.7s]
Best heuristic value: 799/542 [g=126, 5956 evaluated, 5955 expanded, t=7327.89s]
Best heuristic value: 798/542 [g=126, 5962 evaluated, 5961 expanded, t=7330.67s]
Best heuristic value: 798/540 [g=126, 5970 evaluated, 5969 expanded, t=7334.38s]
Best heuristic value: 797/540 [g=127, 6045 evaluated, 6044 expanded, t=7369.13s]
Best heuristic value: 796/540 [g=127, 6056 evaluated, 6055 expanded, t=7374.24s]
Best heuristic value: 795/540 [g=127, 6062 evaluated, 6061 expanded, t=7377s]
Best heuristic value: 795/539 [g=127, 6070 evaluated, 6069 expanded, t=7380.7s]
Best heuristic value: 794/539 [g=128, 6145 evaluated, 6144 expanded, t=7415.32s]
Best heuristic value: 793/539 [g=128, 6156 evaluated, 6155 expanded, t=7420.52s]
Best heuristic value: 792/539 [g=128, 6162 evaluated, 6161 expanded, t=7423.27s]
Best heuristic value: 792/538 [g=128, 6170 evaluated, 6169 expanded, t=7426.94s]
Best heuristic value: 791/538 [g=129, 6245 evaluated, 6244 expanded, t=7461.4s]
Best heuristic value: 790/538 [g=129, 6256 evaluated, 6255 expanded, t=7466.45s]
Best heuristic value: 789/538 [g=129, 6262 evaluated, 6261 expanded, t=7469.2s]
Best heuristic value: 789/536 [g=129, 6270 evaluated, 6269 expanded, t=7472.86s]
Best heuristic value: 788/536 [g=130, 6345 evaluated, 6344 expanded, t=7507.2s]
Best heuristic value: 786/536 [g=130, 6356 evaluated, 6355 expanded, t=7512.24s]
Best heuristic value: 785/536 [g=130, 6362 evaluated, 6361 expanded, t=7514.96s]
Best heuristic value: 785/535 [g=130, 6370 evaluated, 6369 expanded, t=7518.62s]
Best heuristic value: 784/535 [g=131, 6445 evaluated, 6444 expanded, t=7552.84s]
Best heuristic value: 783/535 [g=131, 6456 evaluated, 6455 expanded, t=7557.86s]
Best heuristic value: 782/535 [g=131, 6462 evaluated, 6461 expanded, t=7560.59s]
Best heuristic value: 782/533 [g=131, 6470 evaluated, 6469 expanded, t=7564.23s]
Best heuristic value: 781/533 [g=132, 6545 evaluated, 6544 expanded, t=7598.34s]
Best heuristic value: 780/533 [g=132, 6556 evaluated, 6555 expanded, t=7603.34s]
Best heuristic value: 779/533 [g=132, 6562 evaluated, 6561 expanded, t=7606.06s]
Best heuristic value: 779/532 [g=132, 6570 evaluated, 6569 expanded, t=7609.68s]
Best heuristic value: 778/532 [g=133, 6645 evaluated, 6644 expanded, t=7643.65s]
Best heuristic value: 777/532 [g=133, 6656 evaluated, 6655 expanded, t=7648.62s]
Best heuristic value: 776/532 [g=133, 6662 evaluated, 6661 expanded, t=7651.32s]
Best heuristic value: 776/531 [g=133, 6670 evaluated, 6669 expanded, t=7654.93s]
Best heuristic value: 775/531 [g=134, 6745 evaluated, 6744 expanded, t=7688.72s]
Best heuristic value: 773/531 [g=134, 6756 evaluated, 6755 expanded, t=7693.68s]
Best heuristic value: 772/531 [g=134, 6762 evaluated, 6761 expanded, t=7696.38s]
Best heuristic value: 772/529 [g=134, 6770 evaluated, 6769 expanded, t=7699.98s]
Best heuristic value: 771/529 [g=135, 6845 evaluated, 6844 expanded, t=7733.65s]
Best heuristic value: 769/529 [g=135, 6856 evaluated, 6855 expanded, t=7738.59s]
Best heuristic value: 768/529 [g=135, 6862 evaluated, 6861 expanded, t=7741.28s]
Best heuristic value: 768/528 [g=135, 6870 evaluated, 6869 expanded, t=7744.86s]
Best heuristic value: 767/528 [g=136, 6945 evaluated, 6944 expanded, t=7778.4s]
Best heuristic value: 766/528 [g=136, 6956 evaluated, 6955 expanded, t=7783.32s]
Best heuristic value: 765/528 [g=136, 6962 evaluated, 6961 expanded, t=7786s]
Best heuristic value: 765/526 [g=136, 6970 evaluated, 6969 expanded, t=7789.56s]
Best heuristic value: 764/526 [g=137, 7045 evaluated, 7044 expanded, t=7823.02s]
Best heuristic value: 763/526 [g=137, 7056 evaluated, 7055 expanded, t=7827.94s]
Best heuristic value: 762/526 [g=137, 7062 evaluated, 7061 expanded, t=7830.59s]
Best heuristic value: 762/525 [g=137, 7070 evaluated, 7069 expanded, t=7834.15s]
Best heuristic value: 761/525 [g=138, 7145 evaluated, 7144 expanded, t=7867.47s]
Failed to allocate memory. Released memory buffer.
Memory limit has been reached.
Peak memory: 15000000 KB
