Dispatcher selected state size 1.
This is a nonunit task.
Simplifying transitions... done!
Initializing Exploration...
Generating landmarks using the RPG/SAS+ approach
approx. reasonable orders
approx. obedient reasonable orders
Removed 0 reasonable or obedient reasonable orders
Landmarks generation time: 2699.68s
Discovered 2106 landmarks, of which 39 are disjunctive and 0 are conjunctive 
2372 edges
Initializing LAMA-FF Synergy Object
Initializing landmarks count heuristic...
984 initial landmarks, 812 goal landmarks
Initializing Exploration...
Generating landmarks using the RPG/SAS+ approach
approx. reasonable orders
approx. obedient reasonable orders
Removed 0 reasonable or obedient reasonable orders
Landmarks generation time: 2780.37s
Discovered 2106 landmarks, of which 39 are disjunctive and 0 are conjunctive 
2371 edges
Initializing LAMA-FF Synergy Object
Initializing landmarks count heuristic...
984 initial landmarks, 812 goal landmarks
Starting search: lazy_greedy(list(hff1, hlm1), preferred = list(hff1, hlm1), cost_type = 1, reopen_closed = false)
Conducting lazy best first search, (real) bound = 2147483647
Best heuristic value: 1122/868 [g=0, 1 evaluated, 0 expanded, t=5534.48s]
Best heuristic value: 1121/867 [g=1, 2 evaluated, 1 expanded, t=5535.17s]
Best heuristic value: 1120/866 [g=2, 3 evaluated, 2 expanded, t=5535.86s]
Best heuristic value: 1118/865 [g=3, 5 evaluated, 4 expanded, t=5537.23s]
Best heuristic value: 1116/863 [g=4, 9 evaluated, 8 expanded, t=5539.98s]
Best heuristic value: 1115/862 [g=5, 13 evaluated, 12 expanded, t=5542.73s]
Best heuristic value: 1114/861 [g=6, 17 evaluated, 16 expanded, t=5545.48s]
Best heuristic value: 1112/859 [g=7, 21 evaluated, 20 expanded, t=5548.23s]
Best heuristic value: 1111/858 [g=8, 26 evaluated, 25 expanded, t=5551.67s]
Best heuristic value: 1110/857 [g=9, 31 evaluated, 30 expanded, t=5555.11s]
Best heuristic value: 1109/856 [g=10, 36 evaluated, 35 expanded, t=5558.55s]
Best heuristic value: 1108/855 [g=11, 42 evaluated, 41 expanded, t=5562.69s]
Best heuristic value: 1106/853 [g=12, 47 evaluated, 46 expanded, t=5566.13s]
Best heuristic value: 1105/852 [g=13, 52 evaluated, 51 expanded, t=5569.56s]
Best heuristic value: 1104/851 [g=14, 57 evaluated, 56 expanded, t=5573.01s]
Best heuristic value: 1103/850 [g=15, 62 evaluated, 61 expanded, t=5576.45s]
Best heuristic value: 1102/849 [g=16, 67 evaluated, 66 expanded, t=5579.89s]
Best heuristic value: 1101/848 [g=17, 74 evaluated, 73 expanded, t=5584.72s]
Best heuristic value: 1100/847 [g=18, 81 evaluated, 80 expanded, t=5589.53s]
Best heuristic value: 1099/846 [g=19, 89 evaluated, 88 expanded, t=5595.04s]
Best heuristic value: 1097/845 [g=20, 97 evaluated, 96 expanded, t=5600.55s]
Best heuristic value: 1096/844 [g=21, 105 evaluated, 104 expanded, t=5606.07s]
Best heuristic value: 1095/844 [g=22, 113 evaluated, 112 expanded, t=5611.57s]
Best heuristic value: 1095/843 [g=22, 115 evaluated, 114 expanded, t=5612.95s]
Best heuristic value: 1094/843 [g=23, 128 evaluated, 127 expanded, t=5621.92s]
Best heuristic value: 1093/841 [g=23, 133 evaluated, 132 expanded, t=5625.36s]
Best heuristic value: 1092/841 [g=24, 141 evaluated, 140 expanded, t=5630.87s]
Best heuristic value: 1092/840 [g=24, 143 evaluated, 142 expanded, t=5632.25s]
Best heuristic value: 1091/840 [g=25, 156 evaluated, 155 expanded, t=5641.21s]
Best heuristic value: 1091/839 [g=25, 161 evaluated, 160 expanded, t=5644.66s]
Best heuristic value: 1090/839 [g=26, 174 evaluated, 173 expanded, t=5653.64s]
Best heuristic value: 1090/838 [g=26, 179 evaluated, 178 expanded, t=5657.09s]
Best heuristic value: 1089/838 [g=27, 192 evaluated, 191 expanded, t=5666.06s]
Best heuristic value: 1089/837 [g=27, 197 evaluated, 196 expanded, t=5669.52s]
Best heuristic value: 1088/837 [g=28, 210 evaluated, 209 expanded, t=5678.48s]
Best heuristic value: 1087/836 [g=28, 215 evaluated, 214 expanded, t=5681.94s]
Best heuristic value: 1086/836 [g=29, 223 evaluated, 222 expanded, t=5687.46s]
Best heuristic value: 1086/835 [g=29, 225 evaluated, 224 expanded, t=5688.84s]
Best heuristic value: 1085/835 [g=30, 238 evaluated, 237 expanded, t=5697.81s]
Best heuristic value: 1084/834 [g=30, 245 evaluated, 244 expanded, t=5702.66s]
Best heuristic value: 1083/834 [g=31, 253 evaluated, 252 expanded, t=5708.16s]
Best heuristic value: 1083/833 [g=31, 257 evaluated, 256 expanded, t=5710.92s]
Best heuristic value: 1082/833 [g=32, 268 evaluated, 267 expanded, t=5718.52s]
Best heuristic value: 1082/832 [g=32, 279 evaluated, 278 expanded, t=5726.12s]
Best heuristic value: 1081/832 [g=33, 290 evaluated, 289 expanded, t=5733.73s]
Best heuristic value: 1081/830 [g=33, 301 evaluated, 300 expanded, t=5741.34s]
Best heuristic value: 1080/830 [g=34, 314 evaluated, 313 expanded, t=5750.32s]
Best heuristic value: 1080/829 [g=34, 323 evaluated, 322 expanded, t=5756.53s]
Best heuristic value: 1078/829 [g=35, 338 evaluated, 337 expanded, t=5766.89s]
Best heuristic value: 1078/828 [g=35, 345 evaluated, 344 expanded, t=5771.73s]
Best heuristic value: 1077/828 [g=36, 362 evaluated, 361 expanded, t=5783.48s]
Best heuristic value: 1077/827 [g=36, 369 evaluated, 368 expanded, t=5788.33s]
Best heuristic value: 1076/827 [g=37, 385 evaluated, 384 expanded, t=5799.37s]
Best heuristic value: 1075/826 [g=37, 395 evaluated, 394 expanded, t=5806.27s]
Best heuristic value: 1074/826 [g=38, 403 evaluated, 402 expanded, t=5811.8s]
Best heuristic value: 1074/825 [g=38, 413 evaluated, 412 expanded, t=5818.71s]
Best heuristic value: 1073/825 [g=39, 418 evaluated, 417 expanded, t=5822.17s]
Best heuristic value: 1072/825 [g=40, 438 evaluated, 437 expanded, t=5836s]
Best heuristic value: 1072/824 [g=39, 441 evaluated, 440 expanded, t=5838.07s]
Best heuristic value: 1071/824 [g=41, 460 evaluated, 459 expanded, t=5851.21s]
Best heuristic value: 1071/823 [g=40, 473 evaluated, 472 expanded, t=5860.2s]
Best heuristic value: 1070/823 [g=42, 484 evaluated, 483 expanded, t=5867.81s]
Best heuristic value: 1070/822 [g=41, 505 evaluated, 504 expanded, t=5882.33s]
Best heuristic value: 1069/822 [g=43, 510 evaluated, 509 expanded, t=5885.78s]
Best heuristic value: 1069/821 [g=42, 537 evaluated, 536 expanded, t=5904.45s]
Best heuristic value: 1068/821 [g=44, 538 evaluated, 537 expanded, t=5905.14s]
Best heuristic value: 1068/820 [g=43, 569 evaluated, 568 expanded, t=5926.58s]
Best heuristic value: 1066/820 [g=45, 570 evaluated, 569 expanded, t=5927.27s]
Best heuristic value: 1065/820 [g=46, 602 evaluated, 601 expanded, t=5949.42s]
Best heuristic value: 1065/819 [g=44, 603 evaluated, 602 expanded, t=5950.11s]
Best heuristic value: 1064/819 [g=47, 634 evaluated, 633 expanded, t=5971.56s]
Best heuristic value: 1064/818 [g=45, 637 evaluated, 636 expanded, t=5973.64s]
Best heuristic value: 1063/818 [g=48, 666 evaluated, 665 expanded, t=5993.7s]
Best heuristic value: 1063/817 [g=46, 671 evaluated, 670 expanded, t=5997.16s]
Best heuristic value: 1062/817 [g=49, 698 evaluated, 697 expanded, t=6015.83s]
Best heuristic value: 1062/816 [g=47, 705 evaluated, 704 expanded, t=6020.69s]
Best heuristic value: 1060/816 [g=50, 730 evaluated, 729 expanded, t=6037.98s]
Best heuristic value: 1060/815 [g=48, 739 evaluated, 738 expanded, t=6044.21s]
Best heuristic value: 1059/815 [g=51, 762 evaluated, 761 expanded, t=6060.14s]
Best heuristic value: 1059/814 [g=49, 773 evaluated, 772 expanded, t=6067.76s]
Best heuristic value: 1058/814 [g=52, 794 evaluated, 793 expanded, t=6082.29s]
Best heuristic value: 1058/813 [g=50, 807 evaluated, 806 expanded, t=6091.28s]
Best heuristic value: 1057/813 [g=53, 826 evaluated, 825 expanded, t=6104.43s]
Best heuristic value: 1057/811 [g=51, 843 evaluated, 842 expanded, t=6116.19s]
Best heuristic value: 1056/811 [g=54, 858 evaluated, 857 expanded, t=6126.55s]
Best heuristic value: 1054/802 [g=52, 879 evaluated, 878 expanded, t=6141.05s]
Best heuristic value: 1053/802 [g=53, 887 evaluated, 886 expanded, t=6146.55s]
Best heuristic value: 1052/802 [g=54, 902 evaluated, 901 expanded, t=6156.84s]
Best heuristic value: 1051/799 [g=53, 907 evaluated, 906 expanded, t=6160.28s]
Best heuristic value: 1050/799 [g=54, 915 evaluated, 914 expanded, t=6165.75s]
Best heuristic value: 1049/799 [g=55, 930 evaluated, 929 expanded, t=6176.01s]
Best heuristic value: 1048/797 [g=54, 935 evaluated, 934 expanded, t=6179.43s]
Best heuristic value: 1047/797 [g=55, 943 evaluated, 942 expanded, t=6184.86s]
Best heuristic value: 1046/797 [g=56, 958 evaluated, 957 expanded, t=6195.06s]
Best heuristic value: 1044/794 [g=55, 963 evaluated, 962 expanded, t=6198.45s]
Best heuristic value: 1043/794 [g=56, 971 evaluated, 970 expanded, t=6203.87s]
Best heuristic value: 1042/794 [g=57, 986 evaluated, 985 expanded, t=6214.04s]
Best heuristic value: 1041/792 [g=56, 991 evaluated, 990 expanded, t=6217.43s]
Best heuristic value: 1040/792 [g=57, 999 evaluated, 998 expanded, t=6222.83s]
Best heuristic value: 1039/792 [g=58, 1014 evaluated, 1013 expanded, t=6232.96s]
Best heuristic value: 1038/790 [g=57, 1019 evaluated, 1018 expanded, t=6236.34s]
Best heuristic value: 1037/790 [g=58, 1027 evaluated, 1026 expanded, t=6241.72s]
Best heuristic value: 1036/790 [g=59, 1042 evaluated, 1041 expanded, t=6251.82s]
Best heuristic value: 1035/789 [g=58, 1047 evaluated, 1046 expanded, t=6255.18s]
Best heuristic value: 1034/789 [g=59, 1055 evaluated, 1054 expanded, t=6260.55s]
Best heuristic value: 1033/789 [g=60, 1070 evaluated, 1069 expanded, t=6270.62s]
Best heuristic value: 1032/787 [g=59, 1075 evaluated, 1074 expanded, t=6273.97s]
Best heuristic value: 1031/787 [g=60, 1083 evaluated, 1082 expanded, t=6279.32s]
Best heuristic value: 1030/787 [g=61, 1098 evaluated, 1097 expanded, t=6289.34s]
Best heuristic value: 1029/785 [g=60, 1103 evaluated, 1102 expanded, t=6292.68s]
Best heuristic value: 1028/785 [g=61, 1111 evaluated, 1110 expanded, t=6298s]
Best heuristic value: 1027/785 [g=62, 1126 evaluated, 1125 expanded, t=6307.99s]
Best heuristic value: 1026/783 [g=61, 1131 evaluated, 1130 expanded, t=6311.32s]
Best heuristic value: 1025/783 [g=62, 1139 evaluated, 1138 expanded, t=6316.63s]
Best heuristic value: 1024/783 [g=63, 1154 evaluated, 1153 expanded, t=6326.59s]
Best heuristic value: 1022/780 [g=62, 1159 evaluated, 1158 expanded, t=6329.9s]
Best heuristic value: 1021/780 [g=63, 1167 evaluated, 1166 expanded, t=6335.19s]
Best heuristic value: 1020/780 [g=64, 1182 evaluated, 1181 expanded, t=6345.1s]
Best heuristic value: 1019/779 [g=63, 1187 evaluated, 1186 expanded, t=6348.4s]
Best heuristic value: 1018/779 [g=64, 1195 evaluated, 1194 expanded, t=6353.67s]
Best heuristic value: 1017/779 [g=65, 1210 evaluated, 1209 expanded, t=6363.54s]
Best heuristic value: 1016/777 [g=64, 1215 evaluated, 1214 expanded, t=6366.83s]
Best heuristic value: 1015/777 [g=65, 1223 evaluated, 1222 expanded, t=6372.08s]
Best heuristic value: 1014/777 [g=66, 1238 evaluated, 1237 expanded, t=6381.92s]
Best heuristic value: 1013/776 [g=65, 1243 evaluated, 1242 expanded, t=6385.2s]
Best heuristic value: 1012/776 [g=66, 1251 evaluated, 1250 expanded, t=6390.42s]
Best heuristic value: 1011/776 [g=67, 1266 evaluated, 1265 expanded, t=6400.21s]
Best heuristic value: 1010/774 [g=66, 1271 evaluated, 1270 expanded, t=6403.47s]
Best heuristic value: 1009/774 [g=67, 1279 evaluated, 1278 expanded, t=6408.68s]
Best heuristic value: 1008/774 [g=68, 1294 evaluated, 1293 expanded, t=6418.43s]
Best heuristic value: 1007/772 [g=67, 1299 evaluated, 1298 expanded, t=6421.68s]
Best heuristic value: 1006/772 [g=68, 1307 evaluated, 1306 expanded, t=6426.87s]
Best heuristic value: 1005/772 [g=69, 1322 evaluated, 1321 expanded, t=6436.59s]
Best heuristic value: 1004/771 [g=68, 1327 evaluated, 1326 expanded, t=6439.83s]
Best heuristic value: 1003/771 [g=69, 1335 evaluated, 1334 expanded, t=6445s]
Best heuristic value: 1002/771 [g=70, 1350 evaluated, 1349 expanded, t=6454.7s]
Best heuristic value: 1002/770 [g=69, 1355 evaluated, 1354 expanded, t=6457.92s]
Best heuristic value: 1001/770 [g=71, 1370 evaluated, 1369 expanded, t=6467.59s]
Best heuristic value: 999/742 [g=70, 1391 evaluated, 1390 expanded, t=6481.14s]
Best heuristic value: 998/742 [g=71, 1399 evaluated, 1398 expanded, t=6486.27s]
Best heuristic value: 997/742 [g=72, 1414 evaluated, 1413 expanded, t=6495.86s]
Best heuristic value: 995/740 [g=71, 1419 evaluated, 1418 expanded, t=6499.06s]
Best heuristic value: 994/740 [g=72, 1427 evaluated, 1426 expanded, t=6504.17s]
Best heuristic value: 993/740 [g=73, 1442 evaluated, 1441 expanded, t=6513.73s]
Best heuristic value: 992/739 [g=72, 1447 evaluated, 1446 expanded, t=6516.92s]
Best heuristic value: 991/739 [g=73, 1455 evaluated, 1454 expanded, t=6522s]
Best heuristic value: 990/739 [g=74, 1470 evaluated, 1469 expanded, t=6531.54s]
Best heuristic value: 988/737 [g=73, 1475 evaluated, 1474 expanded, t=6534.72s]
Best heuristic value: 987/737 [g=74, 1483 evaluated, 1482 expanded, t=6539.78s]
Best heuristic value: 986/737 [g=75, 1498 evaluated, 1497 expanded, t=6549.28s]
Best heuristic value: 984/735 [g=74, 1503 evaluated, 1502 expanded, t=6552.45s]
Best heuristic value: 983/735 [g=75, 1511 evaluated, 1510 expanded, t=6557.49s]
Best heuristic value: 982/735 [g=76, 1526 evaluated, 1525 expanded, t=6566.95s]
Best heuristic value: 981/734 [g=75, 1531 evaluated, 1530 expanded, t=6570.11s]
Best heuristic value: 980/734 [g=76, 1539 evaluated, 1538 expanded, t=6575.13s]
Best heuristic value: 979/734 [g=77, 1554 evaluated, 1553 expanded, t=6584.59s]
Best heuristic value: 977/732 [g=76, 1559 evaluated, 1558 expanded, t=6587.73s]
Best heuristic value: 976/732 [g=77, 1567 evaluated, 1566 expanded, t=6592.74s]
Best heuristic value: 975/732 [g=78, 1582 evaluated, 1581 expanded, t=6602.14s]
Best heuristic value: 974/731 [g=77, 1587 evaluated, 1586 expanded, t=6605.26s]
Best heuristic value: 973/731 [g=78, 1595 evaluated, 1594 expanded, t=6610.25s]
Best heuristic value: 972/731 [g=79, 1610 evaluated, 1609 expanded, t=6619.62s]
Best heuristic value: 971/730 [g=78, 1615 evaluated, 1614 expanded, t=6622.74s]
Best heuristic value: 970/730 [g=79, 1623 evaluated, 1622 expanded, t=6627.71s]
Best heuristic value: 969/730 [g=80, 1638 evaluated, 1637 expanded, t=6637.04s]
Best heuristic value: 968/728 [g=79, 1643 evaluated, 1642 expanded, t=6640.15s]
Best heuristic value: 967/728 [g=80, 1651 evaluated, 1650 expanded, t=6645.12s]
Best heuristic value: 966/728 [g=81, 1666 evaluated, 1665 expanded, t=6654.42s]
Best heuristic value: 965/727 [g=80, 1671 evaluated, 1670 expanded, t=6657.51s]
Best heuristic value: 964/727 [g=81, 1679 evaluated, 1678 expanded, t=6662.45s]
Best heuristic value: 963/727 [g=82, 1694 evaluated, 1693 expanded, t=6671.72s]
Best heuristic value: 963/726 [g=81, 1699 evaluated, 1698 expanded, t=6674.8s]
Best heuristic value: 962/726 [g=83, 1714 evaluated, 1713 expanded, t=6684.06s]
Best heuristic value: 959/726 [g=82, 1735 evaluated, 1734 expanded, t=6697.01s]
Best heuristic value: 959/724 [g=82, 1737 evaluated, 1736 expanded, t=6698.23s]
Best heuristic value: 958/724 [g=83, 1750 evaluated, 1749 expanded, t=6706.21s]
Best heuristic value: 957/724 [g=84, 1766 evaluated, 1765 expanded, t=6716.03s]
Best heuristic value: 956/724 [g=83, 1773 evaluated, 1772 expanded, t=6720.34s]
Best heuristic value: 956/723 [g=83, 1775 evaluated, 1774 expanded, t=6721.57s]
Best heuristic value: 955/723 [g=84, 1788 evaluated, 1787 expanded, t=6729.51s]
Best heuristic value: 954/723 [g=85, 1804 evaluated, 1803 expanded, t=6739.32s]
Best heuristic value: 953/723 [g=84, 1811 evaluated, 1810 expanded, t=6743.6s]
Best heuristic value: 953/722 [g=84, 1813 evaluated, 1812 expanded, t=6744.82s]
Best heuristic value: 952/722 [g=85, 1826 evaluated, 1825 expanded, t=6752.73s]
Best heuristic value: 951/722 [g=86, 1842 evaluated, 1841 expanded, t=6762.48s]
Best heuristic value: 949/722 [g=85, 1849 evaluated, 1848 expanded, t=6766.75s]
Best heuristic value: 949/720 [g=85, 1851 evaluated, 1850 expanded, t=6767.97s]
Best heuristic value: 948/720 [g=86, 1864 evaluated, 1863 expanded, t=6775.86s]
Best heuristic value: 947/720 [g=87, 1880 evaluated, 1879 expanded, t=6785.57s]
Best heuristic value: 946/720 [g=86, 1887 evaluated, 1886 expanded, t=6789.82s]
Best heuristic value: 946/718 [g=86, 1889 evaluated, 1888 expanded, t=6791.03s]
Best heuristic value: 945/718 [g=87, 1902 evaluated, 1901 expanded, t=6798.89s]
Best heuristic value: 944/718 [g=88, 1918 evaluated, 1917 expanded, t=6808.55s]
Best heuristic value: 943/718 [g=87, 1925 evaluated, 1924 expanded, t=6812.77s]
Best heuristic value: 943/716 [g=87, 1927 evaluated, 1926 expanded, t=6813.98s]
Best heuristic value: 942/716 [g=88, 1940 evaluated, 1939 expanded, t=6821.8s]
Best heuristic value: 941/716 [g=89, 1956 evaluated, 1955 expanded, t=6831.43s]
Best heuristic value: 940/716 [g=88, 1963 evaluated, 1962 expanded, t=6835.65s]
Best heuristic value: 940/714 [g=88, 1965 evaluated, 1964 expanded, t=6836.85s]
Best heuristic value: 939/714 [g=89, 1978 evaluated, 1977 expanded, t=6844.65s]
Best heuristic value: 938/714 [g=90, 1994 evaluated, 1993 expanded, t=6854.23s]
Best heuristic value: 937/714 [g=89, 2001 evaluated, 2000 expanded, t=6858.43s]
Best heuristic value: 937/712 [g=89, 2003 evaluated, 2002 expanded, t=6859.62s]
Best heuristic value: 936/712 [g=90, 2016 evaluated, 2015 expanded, t=6867.39s]
Best heuristic value: 935/712 [g=91, 2032 evaluated, 2031 expanded, t=6876.94s]
Best heuristic value: 934/712 [g=90, 2039 evaluated, 2038 expanded, t=6881.13s]
Best heuristic value: 934/710 [g=90, 2041 evaluated, 2040 expanded, t=6882.31s]
Best heuristic value: 933/710 [g=91, 2054 evaluated, 2053 expanded, t=6890.06s]
Best heuristic value: 932/710 [g=92, 2070 evaluated, 2069 expanded, t=6899.59s]
Best heuristic value: 931/710 [g=91, 2077 evaluated, 2076 expanded, t=6903.75s]
Best heuristic value: 931/660 [g=91, 2079 evaluated, 2078 expanded, t=6904.94s]
Best heuristic value: 930/660 [g=92, 2092 evaluated, 2091 expanded, t=6912.64s]
Best heuristic value: 929/660 [g=93, 2108 evaluated, 2107 expanded, t=6922.12s]
Best heuristic value: 928/660 [g=92, 2115 evaluated, 2114 expanded, t=6926.28s]
Best heuristic value: 928/657 [g=92, 2117 evaluated, 2116 expanded, t=6927.46s]
Best heuristic value: 927/657 [g=93, 2130 evaluated, 2129 expanded, t=6935.13s]
Best heuristic value: 926/657 [g=94, 2146 evaluated, 2145 expanded, t=6944.58s]
Best heuristic value: 924/657 [g=93, 2153 evaluated, 2152 expanded, t=6948.7s]
Best heuristic value: 924/655 [g=93, 2155 evaluated, 2154 expanded, t=6949.89s]
Best heuristic value: 923/655 [g=94, 2168 evaluated, 2167 expanded, t=6957.54s]
Best heuristic value: 922/655 [g=95, 2184 evaluated, 2183 expanded, t=6966.97s]
Best heuristic value: 921/655 [g=94, 2191 evaluated, 2190 expanded, t=6971.07s]
Best heuristic value: 921/654 [g=94, 2195 evaluated, 2194 expanded, t=6973.43s]
Best heuristic value: 920/654 [g=95, 2206 evaluated, 2205 expanded, t=6979.89s]
Best heuristic value: 919/654 [g=96, 2222 evaluated, 2221 expanded, t=6989.28s]
Best heuristic value: 918/654 [g=95, 2231 evaluated, 2230 expanded, t=6994.56s]
Best heuristic value: 918/602 [g=95, 2235 evaluated, 2234 expanded, t=6996.91s]
Best heuristic value: 917/602 [g=96, 2246 evaluated, 2245 expanded, t=7003.34s]
Best heuristic value: 916/602 [g=97, 2262 evaluated, 2261 expanded, t=7012.7s]
Best heuristic value: 915/602 [g=96, 2271 evaluated, 2270 expanded, t=7017.95s]
Best heuristic value: 915/601 [g=96, 2275 evaluated, 2274 expanded, t=7020.29s]
Best heuristic value: 914/601 [g=97, 2286 evaluated, 2285 expanded, t=7026.71s]
Best heuristic value: 913/601 [g=98, 2302 evaluated, 2301 expanded, t=7036.03s]
Best heuristic value: 912/601 [g=97, 2311 evaluated, 2310 expanded, t=7041.28s]
Best heuristic value: 912/600 [g=97, 2319 evaluated, 2318 expanded, t=7045.93s]
Best heuristic value: 911/600 [g=98, 2326 evaluated, 2325 expanded, t=7050s]
Best heuristic value: 910/600 [g=99, 2342 evaluated, 2341 expanded, t=7059.3s]
Best heuristic value: 909/600 [g=98, 2355 evaluated, 2354 expanded, t=7066.85s]
Best heuristic value: 909/599 [g=98, 2363 evaluated, 2362 expanded, t=7071.49s]
Best heuristic value: 908/599 [g=99, 2370 evaluated, 2369 expanded, t=7075.54s]
Best heuristic value: 907/599 [g=100, 2386 evaluated, 2385 expanded, t=7084.81s]
Best heuristic value: 906/599 [g=99, 2399 evaluated, 2398 expanded, t=7092.35s]
Best heuristic value: 906/598 [g=99, 2407 evaluated, 2406 expanded, t=7096.97s]
Best heuristic value: 905/598 [g=100, 2414 evaluated, 2413 expanded, t=7101s]
Best heuristic value: 904/598 [g=101, 2430 evaluated, 2429 expanded, t=7110.24s]
Best heuristic value: 903/598 [g=100, 2443 evaluated, 2442 expanded, t=7117.74s]
Best heuristic value: 902/596 [g=100, 2451 evaluated, 2450 expanded, t=7122.35s]
Best heuristic value: 901/596 [g=101, 2459 evaluated, 2458 expanded, t=7126.95s]
Best heuristic value: 900/596 [g=102, 2474 evaluated, 2473 expanded, t=7135.56s]
Best heuristic value: 898/596 [g=101, 2479 evaluated, 2478 expanded, t=7138.42s]
Best heuristic value: 898/595 [g=101, 2487 evaluated, 2486 expanded, t=7143.01s]
Best heuristic value: 897/595 [g=102, 2494 evaluated, 2493 expanded, t=7147.01s]
Best heuristic value: 896/595 [g=103, 2510 evaluated, 2509 expanded, t=7156.19s]
Best heuristic value: 895/595 [g=102, 2523 evaluated, 2522 expanded, t=7163.62s]
Best heuristic value: 895/594 [g=102, 2531 evaluated, 2530 expanded, t=7168.18s]
Best heuristic value: 894/594 [g=103, 2538 evaluated, 2537 expanded, t=7172.18s]
Best heuristic value: 893/594 [g=104, 2554 evaluated, 2553 expanded, t=7181.31s]
Best heuristic value: 892/594 [g=103, 2567 evaluated, 2566 expanded, t=7188.74s]
Best heuristic value: 892/593 [g=103, 2575 evaluated, 2574 expanded, t=7193.28s]
Best heuristic value: 891/593 [g=104, 2582 evaluated, 2581 expanded, t=7197.27s]
Best heuristic value: 890/593 [g=105, 2598 evaluated, 2597 expanded, t=7206.37s]
Best heuristic value: 889/593 [g=104, 2611 evaluated, 2610 expanded, t=7213.77s]
Best heuristic value: 889/592 [g=104, 2619 evaluated, 2618 expanded, t=7218.31s]
Best heuristic value: 888/592 [g=105, 2626 evaluated, 2625 expanded, t=7222.27s]
Best heuristic value: 887/592 [g=106, 2642 evaluated, 2641 expanded, t=7231.33s]
Best heuristic value: 886/592 [g=105, 2655 evaluated, 2654 expanded, t=7238.7s]
Best heuristic value: 886/591 [g=105, 2663 evaluated, 2662 expanded, t=7243.23s]
Best heuristic value: 885/591 [g=106, 2670 evaluated, 2669 expanded, t=7247.18s]
Best heuristic value: 884/591 [g=107, 2686 evaluated, 2685 expanded, t=7256.22s]
Best heuristic value: 883/591 [g=106, 2699 evaluated, 2698 expanded, t=7263.55s]
Best heuristic value: 883/589 [g=106, 2707 evaluated, 2706 expanded, t=7268.06s]
Best heuristic value: 882/589 [g=107, 2714 evaluated, 2713 expanded, t=7272s]
Best heuristic value: 881/589 [g=108, 2730 evaluated, 2729 expanded, t=7281.01s]
Best heuristic value: 880/589 [g=107, 2743 evaluated, 2742 expanded, t=7288.33s]
Best heuristic value: 880/587 [g=107, 2751 evaluated, 2750 expanded, t=7292.83s]
Best heuristic value: 879/587 [g=108, 2758 evaluated, 2757 expanded, t=7296.76s]
Best heuristic value: 878/587 [g=109, 2774 evaluated, 2773 expanded, t=7305.74s]
Best heuristic value: 877/587 [g=108, 2787 evaluated, 2786 expanded, t=7313.03s]
Best heuristic value: 877/585 [g=108, 2797 evaluated, 2796 expanded, t=7318.63s]
Best heuristic value: 876/585 [g=109, 2802 evaluated, 2801 expanded, t=7321.43s]
Best heuristic value: 875/585 [g=110, 2818 evaluated, 2817 expanded, t=7330.38s]
Best heuristic value: 874/585 [g=109, 2833 evaluated, 2832 expanded, t=7338.78s]
Best heuristic value: 874/584 [g=109, 2843 evaluated, 2842 expanded, t=7344.37s]
Best heuristic value: 873/584 [g=110, 2848 evaluated, 2847 expanded, t=7347.15s]
Best heuristic value: 872/584 [g=111, 2864 evaluated, 2863 expanded, t=7356.07s]
Best heuristic value: 871/584 [g=110, 2879 evaluated, 2878 expanded, t=7364.43s]
Best heuristic value: 870/582 [g=110, 2889 evaluated, 2888 expanded, t=7369.98s]
Best heuristic value: 869/582 [g=111, 2897 evaluated, 2896 expanded, t=7374.43s]
Best heuristic value: 868/582 [g=112, 2912 evaluated, 2911 expanded, t=7382.75s]
Best heuristic value: 866/582 [g=111, 2917 evaluated, 2916 expanded, t=7385.52s]
Best heuristic value: 866/581 [g=111, 2927 evaluated, 2926 expanded, t=7391.06s]
Best heuristic value: 865/581 [g=112, 2932 evaluated, 2931 expanded, t=7393.82s]
Best heuristic value: 864/581 [g=113, 2948 evaluated, 2947 expanded, t=7402.69s]
Best heuristic value: 863/581 [g=112, 2963 evaluated, 2962 expanded, t=7411s]
Best heuristic value: 863/580 [g=112, 2973 evaluated, 2972 expanded, t=7416.52s]
Best heuristic value: 862/580 [g=113, 2978 evaluated, 2977 expanded, t=7419.29s]
Best heuristic value: 861/580 [g=114, 2994 evaluated, 2993 expanded, t=7428.12s]
Best heuristic value: 860/580 [g=113, 3009 evaluated, 3008 expanded, t=7436.42s]
Best heuristic value: 860/579 [g=113, 3019 evaluated, 3018 expanded, t=7441.92s]
Best heuristic value: 859/579 [g=114, 3024 evaluated, 3023 expanded, t=7444.67s]
Best heuristic value: 858/579 [g=115, 3040 evaluated, 3039 expanded, t=7453.48s]
Best heuristic value: 857/579 [g=114, 3055 evaluated, 3054 expanded, t=7461.73s]
Best heuristic value: 857/577 [g=114, 3065 evaluated, 3064 expanded, t=7467.21s]
Best heuristic value: 856/577 [g=115, 3070 evaluated, 3069 expanded, t=7469.96s]
Best heuristic value: 855/577 [g=116, 3086 evaluated, 3085 expanded, t=7478.8s]
Best heuristic value: 854/577 [g=115, 3101 evaluated, 3100 expanded, t=7487.03s]
Best heuristic value: 854/576 [g=115, 3111 evaluated, 3110 expanded, t=7492.5s]
Best heuristic value: 853/576 [g=116, 3116 evaluated, 3115 expanded, t=7495.24s]
Best heuristic value: 852/576 [g=117, 3132 evaluated, 3131 expanded, t=7504s]
Best heuristic value: 851/576 [g=116, 3147 evaluated, 3146 expanded, t=7512.19s]
Best heuristic value: 851/574 [g=116, 3157 evaluated, 3156 expanded, t=7517.64s]
Best heuristic value: 850/574 [g=117, 3162 evaluated, 3161 expanded, t=7520.37s]
Best heuristic value: 849/574 [g=118, 3178 evaluated, 3177 expanded, t=7529.09s]
Best heuristic value: 847/574 [g=117, 3193 evaluated, 3192 expanded, t=7537.26s]
Best heuristic value: 847/573 [g=117, 3203 evaluated, 3202 expanded, t=7542.7s]
Best heuristic value: 846/573 [g=118, 3208 evaluated, 3207 expanded, t=7545.42s]
Best heuristic value: 845/573 [g=119, 3224 evaluated, 3223 expanded, t=7554.1s]
Best heuristic value: 843/573 [g=118, 3239 evaluated, 3238 expanded, t=7562.25s]
Best heuristic value: 843/571 [g=118, 3249 evaluated, 3248 expanded, t=7567.66s]
Best heuristic value: 842/571 [g=119, 3254 evaluated, 3253 expanded, t=7570.37s]
Best heuristic value: 841/571 [g=120, 3270 evaluated, 3269 expanded, t=7579.03s]
Best heuristic value: 840/571 [g=119, 3285 evaluated, 3284 expanded, t=7587.15s]
Best heuristic value: 840/570 [g=119, 3295 evaluated, 3294 expanded, t=7592.54s]
Best heuristic value: 839/570 [g=120, 3300 evaluated, 3299 expanded, t=7595.24s]
Best heuristic value: 838/570 [g=121, 3316 evaluated, 3315 expanded, t=7603.88s]
Best heuristic value: 837/570 [g=120, 3331 evaluated, 3330 expanded, t=7611.97s]
Best heuristic value: 837/568 [g=120, 3341 evaluated, 3340 expanded, t=7617.35s]
Best heuristic value: 836/568 [g=121, 3346 evaluated, 3345 expanded, t=7620.04s]
Best heuristic value: 835/568 [g=122, 3362 evaluated, 3361 expanded, t=7628.65s]
Best heuristic value: 834/568 [g=121, 3377 evaluated, 3376 expanded, t=7636.72s]
Best heuristic value: 834/567 [g=121, 3387 evaluated, 3386 expanded, t=7642.09s]
Best heuristic value: 833/567 [g=122, 3392 evaluated, 3391 expanded, t=7644.77s]
Best heuristic value: 832/567 [g=123, 3408 evaluated, 3407 expanded, t=7653.35s]
Best heuristic value: 830/567 [g=122, 3423 evaluated, 3422 expanded, t=7661.4s]
Best heuristic value: 830/566 [g=122, 3433 evaluated, 3432 expanded, t=7666.75s]
Best heuristic value: 829/566 [g=123, 3438 evaluated, 3437 expanded, t=7669.42s]
Best heuristic value: 828/566 [g=124, 3454 evaluated, 3453 expanded, t=7677.97s]
Best heuristic value: 826/566 [g=123, 3469 evaluated, 3468 expanded, t=7685.98s]
Best heuristic value: 826/564 [g=123, 3479 evaluated, 3478 expanded, t=7691.33s]
Best heuristic value: 825/564 [g=124, 3484 evaluated, 3483 expanded, t=7694s]
Best heuristic value: 824/564 [g=125, 3500 evaluated, 3499 expanded, t=7702.52s]
Best heuristic value: 823/564 [g=124, 3515 evaluated, 3514 expanded, t=7710.51s]
Best heuristic value: 823/562 [g=124, 3525 evaluated, 3524 expanded, t=7715.82s]
Best heuristic value: 822/562 [g=125, 3530 evaluated, 3529 expanded, t=7718.48s]
Best heuristic value: 821/562 [g=126, 3546 evaluated, 3545 expanded, t=7726.97s]
Best heuristic value: 820/562 [g=125, 3561 evaluated, 3560 expanded, t=7734.95s]
Best heuristic value: 820/560 [g=125, 3571 evaluated, 3570 expanded, t=7740.25s]
Best heuristic value: 819/560 [g=126, 3576 evaluated, 3575 expanded, t=7742.9s]
Best heuristic value: 818/560 [g=127, 3592 evaluated, 3591 expanded, t=7751.37s]
Best heuristic value: 816/560 [g=126, 3607 evaluated, 3606 expanded, t=7759.31s]
Best heuristic value: 816/558 [g=126, 3617 evaluated, 3616 expanded, t=7764.6s]
Best heuristic value: 815/558 [g=127, 3622 evaluated, 3621 expanded, t=7767.24s]
Best heuristic value: 814/558 [g=128, 3638 evaluated, 3637 expanded, t=7775.69s]
Best heuristic value: 812/558 [g=127, 3653 evaluated, 3652 expanded, t=7783.6s]
Best heuristic value: 812/556 [g=127, 3663 evaluated, 3662 expanded, t=7788.87s]
Best heuristic value: 811/556 [g=128, 3668 evaluated, 3667 expanded, t=7791.51s]
Best heuristic value: 810/556 [g=129, 3684 evaluated, 3683 expanded, t=7799.93s]
Best heuristic value: 809/556 [g=128, 3699 evaluated, 3698 expanded, t=7807.82s]
Best heuristic value: 809/554 [g=128, 3709 evaluated, 3708 expanded, t=7813.07s]
Best heuristic value: 808/554 [g=129, 3714 evaluated, 3713 expanded, t=7815.7s]
Best heuristic value: 807/554 [g=130, 3730 evaluated, 3729 expanded, t=7824.09s]
Best heuristic value: 805/554 [g=129, 3745 evaluated, 3744 expanded, t=7831.97s]
Best heuristic value: 805/553 [g=129, 3755 evaluated, 3754 expanded, t=7837.2s]
Best heuristic value: 804/553 [g=130, 3760 evaluated, 3759 expanded, t=7839.82s]
Best heuristic value: 803/553 [g=131, 3776 evaluated, 3775 expanded, t=7848.19s]
Best heuristic value: 802/553 [g=130, 3791 evaluated, 3790 expanded, t=7856.04s]
Best heuristic value: 802/551 [g=130, 3801 evaluated, 3800 expanded, t=7861.26s]
Best heuristic value: 801/551 [g=131, 3806 evaluated, 3805 expanded, t=7863.87s]
Best heuristic value: 800/551 [g=132, 3822 evaluated, 3821 expanded, t=7872.2s]
Best heuristic value: 799/551 [g=131, 3837 evaluated, 3836 expanded, t=7880.02s]
Best heuristic value: 799/550 [g=131, 3849 evaluated, 3848 expanded, t=7886.26s]
Best heuristic value: 798/550 [g=132, 3852 evaluated, 3851 expanded, t=7887.82s]
Best heuristic value: 797/550 [g=133, 3868 evaluated, 3867 expanded, t=7896.13s]
Best heuristic value: 796/550 [g=132, 3885 evaluated, 3884 expanded, t=7904.97s]
Best heuristic value: 796/548 [g=132, 3897 evaluated, 3896 expanded, t=7911.2s]
Best heuristic value: 795/548 [g=133, 3900 evaluated, 3899 expanded, t=7912.75s]
Best heuristic value: 794/548 [g=134, 3916 evaluated, 3915 expanded, t=7921.04s]
Best heuristic value: 793/548 [g=133, 3933 evaluated, 3932 expanded, t=7929.86s]
Best heuristic value: 793/547 [g=133, 3945 evaluated, 3944 expanded, t=7936.06s]
Best heuristic value: 792/547 [g=134, 3948 evaluated, 3947 expanded, t=7937.61s]
Best heuristic value: 791/547 [g=135, 3964 evaluated, 3963 expanded, t=7945.88s]
Best heuristic value: 790/547 [g=134, 3981 evaluated, 3980 expanded, t=7954.68s]
Best heuristic value: 790/546 [g=134, 3993 evaluated, 3992 expanded, t=7960.86s]
Best heuristic value: 789/546 [g=135, 3996 evaluated, 3995 expanded, t=7962.41s]
Best heuristic value: 788/546 [g=136, 4012 evaluated, 4011 expanded, t=7970.65s]
Best heuristic value: 787/546 [g=135, 4029 evaluated, 4028 expanded, t=7979.39s]
Best heuristic value: 787/544 [g=135, 4041 evaluated, 4040 expanded, t=7985.56s]
Best heuristic value: 786/544 [g=136, 4044 evaluated, 4043 expanded, t=7987.1s]
Best heuristic value: 785/544 [g=137, 4060 evaluated, 4059 expanded, t=7995.31s]
Best heuristic value: 783/544 [g=136, 4077 evaluated, 4076 expanded, t=8004.03s]
Best heuristic value: 783/543 [g=136, 4089 evaluated, 4088 expanded, t=8010.18s]
Best heuristic value: 782/543 [g=137, 4092 evaluated, 4091 expanded, t=8011.71s]
Best heuristic value: 781/543 [g=138, 4108 evaluated, 4107 expanded, t=8019.89s]
Best heuristic value: 780/543 [g=137, 4125 evaluated, 4124 expanded, t=8028.58s]
Best heuristic value: 780/542 [g=137, 4137 evaluated, 4136 expanded, t=8034.7s]
Best heuristic value: 779/542 [g=138, 4140 evaluated, 4139 expanded, t=8036.23s]
Best heuristic value: 778/542 [g=139, 4156 evaluated, 4155 expanded, t=8044.37s]
Best heuristic value: 777/542 [g=138, 4173 evaluated, 4172 expanded, t=8053.03s]
Best heuristic value: 777/540 [g=138, 4185 evaluated, 4184 expanded, t=8059.12s]
Best heuristic value: 776/540 [g=139, 4188 evaluated, 4187 expanded, t=8060.65s]
Best heuristic value: 775/540 [g=140, 4204 evaluated, 4203 expanded, t=8068.78s]
Best heuristic value: 774/540 [g=139, 4221 evaluated, 4220 expanded, t=8077.41s]
Best heuristic value: 774/539 [g=139, 4233 evaluated, 4232 expanded, t=8083.49s]
Best heuristic value: 773/539 [g=140, 4236 evaluated, 4235 expanded, t=8085.01s]
Best heuristic value: 772/539 [g=141, 4252 evaluated, 4251 expanded, t=8093.1s]
Best heuristic value: 771/539 [g=140, 4269 evaluated, 4268 expanded, t=8101.7s]
Best heuristic value: 771/538 [g=140, 4281 evaluated, 4280 expanded, t=8107.76s]
Best heuristic value: 770/538 [g=141, 4284 evaluated, 4283 expanded, t=8109.27s]
Best heuristic value: 769/538 [g=142, 4300 evaluated, 4299 expanded, t=8117.35s]
Best heuristic value: 767/538 [g=141, 4317 evaluated, 4316 expanded, t=8125.92s]
Best heuristic value: 767/536 [g=141, 4329 evaluated, 4328 expanded, t=8131.97s]
Best heuristic value: 766/536 [g=142, 4332 evaluated, 4331 expanded, t=8133.47s]
Best heuristic value: 765/536 [g=143, 4348 evaluated, 4347 expanded, t=8141.52s]
Best heuristic value: 764/536 [g=142, 4365 evaluated, 4364 expanded, t=8150.06s]
Best heuristic value: 764/534 [g=142, 4377 evaluated, 4376 expanded, t=8156.08s]
Best heuristic value: 763/534 [g=143, 4380 evaluated, 4379 expanded, t=8157.58s]
Best heuristic value: 762/534 [g=144, 4396 evaluated, 4395 expanded, t=8165.59s]
Best heuristic value: 761/534 [g=143, 4413 evaluated, 4412 expanded, t=8174.1s]
Best heuristic value: 761/533 [g=143, 4425 evaluated, 4424 expanded, t=8180.11s]
Best heuristic value: 760/533 [g=144, 4428 evaluated, 4427 expanded, t=8181.6s]
Best heuristic value: 759/533 [g=145, 4444 evaluated, 4443 expanded, t=8189.59s]
Best heuristic value: 758/533 [g=144, 4461 evaluated, 4460 expanded, t=8198.07s]
Best heuristic value: 758/531 [g=144, 4473 evaluated, 4472 expanded, t=8204.05s]
Best heuristic value: 757/531 [g=145, 4476 evaluated, 4475 expanded, t=8205.54s]
Best heuristic value: 756/531 [g=146, 4492 evaluated, 4491 expanded, t=8213.5s]
Best heuristic value: 755/531 [g=145, 4509 evaluated, 4508 expanded, t=8221.95s]
Best heuristic value: 755/530 [g=145, 4523 evaluated, 4522 expanded, t=8228.91s]
Best heuristic value: 754/530 [g=146, 4524 evaluated, 4523 expanded, t=8229.41s]
Best heuristic value: 753/530 [g=147, 4540 evaluated, 4539 expanded, t=8237.34s]
Best heuristic value: 752/530 [g=146, 4559 evaluated, 4558 expanded, t=8246.79s]
Best heuristic value: 752/528 [g=146, 4573 evaluated, 4572 expanded, t=8253.71s]
Best heuristic value: 751/528 [g=147, 4574 evaluated, 4573 expanded, t=8254.2s]
Best heuristic value: 750/528 [g=148, 4590 evaluated, 4589 expanded, t=8262.12s]
Best heuristic value: 749/528 [g=147, 4609 evaluated, 4608 expanded, t=8271.51s]
Best heuristic value: 748/528 [g=148, 4624 evaluated, 4623 expanded, t=8278.91s]
Best heuristic value: 748/527 [g=147, 4625 evaluated, 4624 expanded, t=8279.4s]
Best heuristic value: 747/527 [g=149, 4640 evaluated, 4639 expanded, t=8286.8s]
Best heuristic value: 746/527 [g=150, 4660 evaluated, 4659 expanded, t=8296.66s]
Best heuristic value: 746/525 [g=148, 4677 evaluated, 4676 expanded, t=8305.04s]
Best heuristic value: 745/525 [g=151, 4682 evaluated, 4681 expanded, t=8307.5s]
Best heuristic value: 744/525 [g=152, 4706 evaluated, 4705 expanded, t=8319.3s]
Best heuristic value: 743/525 [g=149, 4713 evaluated, 4712 expanded, t=8322.75s]
Best heuristic value: 742/525 [g=150, 4728 evaluated, 4727 expanded, t=8330.1s]
Best heuristic value: 742/524 [g=149, 4729 evaluated, 4728 expanded, t=8330.59s]
Best heuristic value: 741/524 [g=151, 4744 evaluated, 4743 expanded, t=8337.93s]
Best heuristic value: 740/524 [g=152, 4764 evaluated, 4763 expanded, t=8347.72s]
Best heuristic value: 740/522 [g=150, 4781 evaluated, 4780 expanded, t=8356.04s]
Best heuristic value: 739/522 [g=153, 4786 evaluated, 4785 expanded, t=8358.48s]
Best heuristic value: 738/522 [g=154, 4810 evaluated, 4809 expanded, t=8370.22s]
Best heuristic value: 738/520 [g=151, 4835 evaluated, 4834 expanded, t=8382.42s]
Best heuristic value: 737/520 [g=155, 4842 evaluated, 4841 expanded, t=8385.84s]
Best heuristic value: 735/520 [g=152, 4871 evaluated, 4870 expanded, t=8399.98s]
Best heuristic value: 734/520 [g=153, 4886 evaluated, 4885 expanded, t=8407.25s]
Best heuristic value: 734/519 [g=152, 4889 evaluated, 4888 expanded, t=8408.7s]
Best heuristic value: 733/519 [g=154, 4902 evaluated, 4901 expanded, t=8415s]
Best heuristic value: 732/519 [g=155, 4922 evaluated, 4921 expanded, t=8424.69s]
Best heuristic value: 732/517 [g=153, 4943 evaluated, 4942 expanded, t=8434.84s]
Best heuristic value: 731/517 [g=156, 4944 evaluated, 4943 expanded, t=8435.33s]
Best heuristic value: 730/517 [g=157, 4968 evaluated, 4967 expanded, t=8446.93s]
Best heuristic value: 728/517 [g=154, 4979 evaluated, 4978 expanded, t=8452.24s]
Best heuristic value: 727/517 [g=155, 4994 evaluated, 4993 expanded, t=8459.46s]
Best heuristic value: 727/515 [g=154, 4997 evaluated, 4996 expanded, t=8460.9s]
Best heuristic value: 726/515 [g=156, 5010 evaluated, 5009 expanded, t=8467.16s]
Best heuristic value: 725/515 [g=157, 5030 evaluated, 5029 expanded, t=8476.77s]
Best heuristic value: 724/515 [g=158, 5052 evaluated, 5051 expanded, t=8487.34s]
Best heuristic value: 724/513 [g=155, 5053 evaluated, 5052 expanded, t=8487.82s]
Best heuristic value: 723/513 [g=159, 5076 evaluated, 5075 expanded, t=8498.86s]
Best heuristic value: 722/513 [g=156, 5089 evaluated, 5088 expanded, t=8505.1s]
Best heuristic value: 721/513 [g=157, 5104 evaluated, 5103 expanded, t=8512.27s]
Best heuristic value: 721/511 [g=156, 5109 evaluated, 5108 expanded, t=8514.66s]
Best heuristic value: 720/511 [g=158, 5120 evaluated, 5119 expanded, t=8519.92s]
Best heuristic value: 719/511 [g=159, 5140 evaluated, 5139 expanded, t=8529.48s]
Best heuristic value: 718/511 [g=160, 5162 evaluated, 5161 expanded, t=8539.98s]
Best heuristic value: 718/510 [g=157, 5165 evaluated, 5164 expanded, t=8541.41s]
Best heuristic value: 717/510 [g=161, 5186 evaluated, 5185 expanded, t=8551.44s]
Best heuristic value: 716/510 [g=158, 5201 evaluated, 5200 expanded, t=8558.59s]
Best heuristic value: 715/510 [g=159, 5216 evaluated, 5215 expanded, t=8565.73s]
Best heuristic value: 715/509 [g=158, 5221 evaluated, 5220 expanded, t=8568.1s]
Best heuristic value: 714/509 [g=160, 5232 evaluated, 5231 expanded, t=8573.32s]
Best heuristic value: 713/509 [g=161, 5252 evaluated, 5251 expanded, t=8582.81s]
Best heuristic value: 712/509 [g=162, 5274 evaluated, 5273 expanded, t=8593.26s]
Best heuristic value: 712/507 [g=159, 5277 evaluated, 5276 expanded, t=8594.68s]
Best heuristic value: 711/507 [g=163, 5298 evaluated, 5297 expanded, t=8604.62s]
Best heuristic value: 710/507 [g=160, 5313 evaluated, 5312 expanded, t=8611.73s]
Best heuristic value: 709/507 [g=161, 5328 evaluated, 5327 expanded, t=8618.82s]
Best heuristic value: 709/506 [g=160, 5335 evaluated, 5334 expanded, t=8622.12s]
Best heuristic value: 708/506 [g=162, 5344 evaluated, 5343 expanded, t=8626.37s]
Best heuristic value: 707/506 [g=163, 5364 evaluated, 5363 expanded, t=8635.8s]
Best heuristic value: 706/506 [g=164, 5386 evaluated, 5385 expanded, t=8646.17s]
Best heuristic value: 706/505 [g=161, 5393 evaluated, 5392 expanded, t=8649.46s]
Best heuristic value: 705/505 [g=165, 5410 evaluated, 5409 expanded, t=8657.47s]
Best heuristic value: 704/505 [g=162, 5429 evaluated, 5428 expanded, t=8666.42s]
Best heuristic value: 703/505 [g=163, 5444 evaluated, 5443 expanded, t=8673.45s]
Best heuristic value: 703/504 [g=162, 5451 evaluated, 5450 expanded, t=8676.74s]
Best heuristic value: 702/504 [g=164, 5460 evaluated, 5459 expanded, t=8680.96s]
Best heuristic value: 701/504 [g=165, 5480 evaluated, 5479 expanded, t=8690.33s]
Best heuristic value: 700/504 [g=166, 5502 evaluated, 5501 expanded, t=8700.64s]
Best heuristic value: 700/503 [g=163, 5509 evaluated, 5508 expanded, t=8703.91s]
Best heuristic value: 699/503 [g=167, 5526 evaluated, 5525 expanded, t=8711.86s]
Best heuristic value: 698/503 [g=168, 5558 evaluated, 5557 expanded, t=8726.84s]
Best heuristic value: 698/502 [g=164, 5567 evaluated, 5566 expanded, t=8731.04s]
Best heuristic value: 696/502 [g=169, 5590 evaluated, 5589 expanded, t=8741.78s]
Best heuristic value: 693/502 [g=170, 5624 evaluated, 5623 expanded, t=8757.66s]
Best heuristic value: 693/500 [g=165, 5629 evaluated, 5628 expanded, t=8759.98s]
Best heuristic value: 690/500 [g=171, 5658 evaluated, 5657 expanded, t=8773.49s]
Best heuristic value: 690/498 [g=166, 5691 evaluated, 5690 expanded, t=8788.81s]
Best heuristic value: 687/498 [g=172, 5692 evaluated, 5691 expanded, t=8789.27s]
Best heuristic value: 684/498 [g=173, 5726 evaluated, 5725 expanded, t=8805s]
Best heuristic value: 684/497 [g=167, 5753 evaluated, 5752 expanded, t=8817.47s]
Best heuristic value: 681/497 [g=174, 5760 evaluated, 5759 expanded, t=8820.69s]
Best heuristic value: 678/497 [g=175, 5794 evaluated, 5793 expanded, t=8836.35s]
Best heuristic value: 678/495 [g=168, 5815 evaluated, 5814 expanded, t=8845.98s]
Best heuristic value: 675/495 [g=176, 5828 evaluated, 5827 expanded, t=8851.95s]
Best heuristic value: 673/495 [g=177, 5862 evaluated, 5861 expanded, t=8867.51s]
Best heuristic value: 673/494 [g=169, 5877 evaluated, 5876 expanded, t=8874.38s]
Best heuristic value: 670/494 [g=178, 5896 evaluated, 5895 expanded, t=8883.05s]
Best heuristic value: 667/494 [g=179, 5930 evaluated, 5929 expanded, t=8898.53s]
Best heuristic value: 667/492 [g=170, 5939 evaluated, 5938 expanded, t=8902.63s]
Best heuristic value: 665/492 [g=180, 5964 evaluated, 5963 expanded, t=8913.97s]
Best heuristic value: 662/492 [g=181, 5998 evaluated, 5997 expanded, t=8929.36s]
Best heuristic value: 662/490 [g=171, 6001 evaluated, 6000 expanded, t=8930.72s]
Best heuristic value: 659/490 [g=182, 6032 evaluated, 6031 expanded, t=8944.72s]
Best heuristic value: 659/489 [g=172, 6063 evaluated, 6062 expanded, t=8958.69s]
Best heuristic value: 656/489 [g=183, 6066 evaluated, 6065 expanded, t=8960.03s]
Best heuristic value: 653/489 [g=184, 6100 evaluated, 6099 expanded, t=8975.3s]
Best heuristic value: 653/488 [g=173, 6125 evaluated, 6124 expanded, t=8986.49s]
Best heuristic value: 650/488 [g=185, 6134 evaluated, 6133 expanded, t=8990.51s]
Best heuristic value: 647/488 [g=186, 6168 evaluated, 6167 expanded, t=9005.81s]
Best heuristic value: 647/487 [g=174, 6187 evaluated, 6186 expanded, t=9014.28s]
Best heuristic value: 644/487 [g=187, 6202 evaluated, 6201 expanded, t=9020.96s]
Best heuristic value: 641/487 [g=188, 6236 evaluated, 6235 expanded, t=9036.07s]
Best heuristic value: 641/486 [g=175, 6251 evaluated, 6250 expanded, t=9042.74s]
Best heuristic value: 638/486 [g=189, 6270 evaluated, 6269 expanded, t=9051.17s]
Best heuristic value: 635/486 [g=190, 6304 evaluated, 6303 expanded, t=9066.25s]
Best heuristic value: 635/485 [g=176, 6315 evaluated, 6314 expanded, t=9071.11s]
Best heuristic value: 631/485 [g=191, 6338 evaluated, 6337 expanded, t=9081.3s]
Best heuristic value: 628/485 [g=192, 6372 evaluated, 6371 expanded, t=9096.3s]
Best heuristic value: 628/484 [g=177, 6379 evaluated, 6378 expanded, t=9099.39s]
Best heuristic value: 625/484 [g=193, 6406 evaluated, 6405 expanded, t=9111.29s]
Best heuristic value: 624/484 [g=194, 6442 evaluated, 6441 expanded, t=9127.12s]
Best heuristic value: 624/483 [g=178, 6443 evaluated, 6442 expanded, t=9127.57s]
Best heuristic value: 623/483 [g=195, 6478 evaluated, 6477 expanded, t=9142.95s]
Best heuristic value: 623/482 [g=179, 6507 evaluated, 6506 expanded, t=9155.71s]
Best heuristic value: 622/482 [g=196, 6516 evaluated, 6515 expanded, t=9159.67s]
Best heuristic value: 621/482 [g=197, 6554 evaluated, 6553 expanded, t=9176.37s]
Best heuristic value: 621/481 [g=180, 6571 evaluated, 6570 expanded, t=9183.85s]
Best heuristic value: 620/481 [g=198, 6592 evaluated, 6591 expanded, t=9193.08s]
Best heuristic value: 619/481 [g=199, 6630 evaluated, 6629 expanded, t=9209.79s]
Best heuristic value: 619/480 [g=181, 6635 evaluated, 6634 expanded, t=9212s]
Best heuristic value: 618/480 [g=200, 6668 evaluated, 6667 expanded, t=9226.51s]
Best heuristic value: 618/479 [g=182, 6703 evaluated, 6702 expanded, t=9241.89s]
Best heuristic value: 617/479 [g=201, 6706 evaluated, 6705 expanded, t=9243.2s]
Best heuristic value: 616/479 [g=202, 6744 evaluated, 6743 expanded, t=9259.91s]
Best heuristic value: 616/478 [g=183, 6771 evaluated, 6770 expanded, t=9271.79s]
Best heuristic value: 613/478 [g=203, 6784 evaluated, 6783 expanded, t=9277.49s]
Best heuristic value: 612/478 [g=204, 6824 evaluated, 6823 expanded, t=9295.05s]
Best heuristic value: 612/476 [g=184, 6839 evaluated, 6838 expanded, t=9301.64s]
Best heuristic value: 611/476 [g=205, 6864 evaluated, 6863 expanded, t=9312.6s]
Best heuristic value: 610/476 [g=206, 6904 evaluated, 6903 expanded, t=9330.16s]
Best heuristic value: 610/475 [g=185, 6913 evaluated, 6912 expanded, t=9334.12s]
Best heuristic value: 609/475 [g=207, 6944 evaluated, 6943 expanded, t=9347.72s]
Best heuristic value: 607/475 [g=208, 6984 evaluated, 6983 expanded, t=9365.27s]
Best heuristic value: 607/474 [g=186, 6987 evaluated, 6986 expanded, t=9366.6s]
Best heuristic value: 603/474 [g=209, 7024 evaluated, 7023 expanded, t=9382.83s]
Best heuristic value: 603/473 [g=187, 7061 evaluated, 7060 expanded, t=9399.03s]
Best heuristic value: 602/473 [g=210, 7064 evaluated, 7063 expanded, t=9400.33s]
Best heuristic value: 600/462 [g=211, 7104 evaluated, 7103 expanded, t=9417.85s]
Best heuristic value: 599/461 [g=212, 7124 evaluated, 7123 expanded, t=9426.32s]
Best heuristic value: 596/460 [g=213, 7145 evaluated, 7144 expanded, t=9435.2s]
Best heuristic value: 595/459 [g=214, 7166 evaluated, 7165 expanded, t=9444.05s]
Best heuristic value: 594/458 [g=215, 7188 evaluated, 7187 expanded, t=9453.33s]
Best heuristic value: 593/457 [g=216, 7210 evaluated, 7209 expanded, t=9462.61s]
Best heuristic value: 592/456 [g=217, 7232 evaluated, 7231 expanded, t=9471.88s]
Best heuristic value: 591/455 [g=218, 7254 evaluated, 7253 expanded, t=9481.15s]
Best heuristic value: 590/454 [g=219, 7276 evaluated, 7275 expanded, t=9490.43s]
Best heuristic value: 589/453 [g=220, 7298 evaluated, 7297 expanded, t=9499.71s]
Best heuristic value: 588/452 [g=221, 7320 evaluated, 7319 expanded, t=9508.98s]
Best heuristic value: 587/451 [g=222, 7342 evaluated, 7341 expanded, t=9518.27s]
Best heuristic value: 586/450 [g=223, 7364 evaluated, 7363 expanded, t=9527.53s]
Best heuristic value: 585/449 [g=224, 7386 evaluated, 7385 expanded, t=9536.81s]
Best heuristic value: 584/448 [g=225, 7408 evaluated, 7407 expanded, t=9546.09s]
Best heuristic value: 581/447 [g=226, 7431 evaluated, 7430 expanded, t=9555.79s]
Best heuristic value: 580/446 [g=227, 7454 evaluated, 7453 expanded, t=9565.45s]
Best heuristic value: 578/445 [g=228, 7477 evaluated, 7476 expanded, t=9575.12s]
Best heuristic value: 576/443 [g=229, 7500 evaluated, 7499 expanded, t=9584.74s]
Best heuristic value: 575/442 [g=230, 7523 evaluated, 7522 expanded, t=9594.37s]
Best heuristic value: 574/441 [g=231, 7547 evaluated, 7546 expanded, t=9604.43s]
Best heuristic value: 572/439 [g=232, 7571 evaluated, 7570 expanded, t=9614.47s]
Best heuristic value: 571/438 [g=233, 7596 evaluated, 7595 expanded, t=9624.94s]
Best heuristic value: 568/438 [g=234, 7622 evaluated, 7621 expanded, t=9635.82s]
Best heuristic value: 568/437 [g=234, 7626 evaluated, 7625 expanded, t=9637.5s]
Best heuristic value: 567/437 [g=235, 7673 evaluated, 7672 expanded, t=9657.16s]
Best heuristic value: 567/435 [g=235, 7686 evaluated, 7685 expanded, t=9662.6s]
Best heuristic value: 565/435 [g=236, 7725 evaluated, 7724 expanded, t=9678.91s]
Best heuristic value: 565/434 [g=236, 7748 evaluated, 7747 expanded, t=9688.51s]
Best heuristic value: 563/434 [g=237, 7777 evaluated, 7776 expanded, t=9700.64s]
Best heuristic value: 563/433 [g=237, 7810 evaluated, 7809 expanded, t=9714.44s]
Best heuristic value: 562/433 [g=238, 7829 evaluated, 7828 expanded, t=9722.37s]
Best heuristic value: 562/432 [g=238, 7872 evaluated, 7871 expanded, t=9740.34s]
Best heuristic value: 560/432 [g=239, 7883 evaluated, 7882 expanded, t=9744.93s]
Best heuristic value: 560/431 [g=239, 7934 evaluated, 7933 expanded, t=9766.2s]
Best heuristic value: 559/431 [g=240, 7937 evaluated, 7936 expanded, t=9767.46s]
Best heuristic value: 558/431 [g=241, 7991 evaluated, 7990 expanded, t=9789.96s]
Best heuristic value: 558/430 [g=240, 7996 evaluated, 7995 expanded, t=9792.05s]
Best heuristic value: 556/430 [g=242, 8045 evaluated, 8044 expanded, t=9812.49s]
Best heuristic value: 556/429 [g=241, 8058 evaluated, 8057 expanded, t=9817.91s]
Best heuristic value: 554/429 [g=243, 8099 evaluated, 8098 expanded, t=9834.99s]
Best heuristic value: 554/428 [g=242, 8120 evaluated, 8119 expanded, t=9843.72s]
Best heuristic value: 553/428 [g=244, 8153 evaluated, 8152 expanded, t=9857.46s]
Best heuristic value: 553/427 [g=243, 8182 evaluated, 8181 expanded, t=9869.52s]
Best heuristic value: 552/427 [g=245, 8209 evaluated, 8208 expanded, t=9880.75s]
Best heuristic value: 552/426 [g=244, 8246 evaluated, 8245 expanded, t=9896.14s]
Best heuristic value: 551/426 [g=246, 8265 evaluated, 8264 expanded, t=9904.05s]
Best heuristic value: 551/425 [g=245, 8310 evaluated, 8309 expanded, t=9922.76s]
Best heuristic value: 550/425 [g=247, 8321 evaluated, 8320 expanded, t=9927.34s]
Best heuristic value: 550/423 [g=246, 8374 evaluated, 8373 expanded, t=9949.37s]
Best heuristic value: 549/423 [g=248, 8377 evaluated, 8376 expanded, t=9950.62s]
Best heuristic value: 548/423 [g=249, 8433 evaluated, 8432 expanded, t=9973.9s]
Best heuristic value: 548/422 [g=247, 8438 evaluated, 8437 expanded, t=9975.98s]
Best heuristic value: 547/422 [g=250, 8489 evaluated, 8488 expanded, t=9997.19s]
Best heuristic value: 547/421 [g=248, 8504 evaluated, 8503 expanded, t=10003.4s]
Best heuristic value: 546/421 [g=251, 8545 evaluated, 8544 expanded, t=10020.5s]
Best heuristic value: 546/420 [g=249, 8570 evaluated, 8569 expanded, t=10030.9s]
Best heuristic value: 545/420 [g=252, 8601 evaluated, 8600 expanded, t=10043.7s]
Best heuristic value: 545/419 [g=250, 8636 evaluated, 8635 expanded, t=10058.3s]
Best heuristic value: 542/419 [g=253, 8657 evaluated, 8656 expanded, t=10067s]
Best heuristic value: 542/418 [g=251, 8702 evaluated, 8701 expanded, t=10085.7s]
Best heuristic value: 541/418 [g=254, 8713 evaluated, 8712 expanded, t=10090.2s]
Best heuristic value: 541/417 [g=252, 8768 evaluated, 8767 expanded, t=10113.1s]
Best heuristic value: 540/417 [g=255, 8771 evaluated, 8770 expanded, t=10114.3s]
Best heuristic value: 539/417 [g=256, 8829 evaluated, 8828 expanded, t=10138.4s]
Best heuristic value: 539/416 [g=253, 8834 evaluated, 8833 expanded, t=10140.4s]
Best heuristic value: 537/416 [g=257, 8887 evaluated, 8886 expanded, t=10162.4s]
Best heuristic value: 537/415 [g=254, 8904 evaluated, 8903 expanded, t=10169.5s]
Best heuristic value: 536/415 [g=258, 8945 evaluated, 8944 expanded, t=10186.5s]
Best heuristic value: 536/414 [g=255, 8974 evaluated, 8973 expanded, t=10198.5s]
Best heuristic value: 535/414 [g=259, 9005 evaluated, 9004 expanded, t=10211.4s]
Best heuristic value: 535/413 [g=256, 9046 evaluated, 9045 expanded, t=10228.4s]
Best heuristic value: 534/413 [g=260, 9065 evaluated, 9064 expanded, t=10236.2s]
Best heuristic value: 534/411 [g=257, 9120 evaluated, 9119 expanded, t=10259.1s]
Best heuristic value: 533/411 [g=261, 9125 evaluated, 9124 expanded, t=10261.1s]
Best heuristic value: 532/411 [g=262, 9185 evaluated, 9184 expanded, t=10286s]
Best heuristic value: 532/410 [g=258, 9200 evaluated, 9199 expanded, t=10292.3s]
Best heuristic value: 531/410 [g=263, 9245 evaluated, 9244 expanded, t=10311s]
Best heuristic value: 531/409 [g=259, 9282 evaluated, 9281 expanded, t=10326.3s]
Best heuristic value: 530/409 [g=264, 9305 evaluated, 9304 expanded, t=10335.9s]
Best heuristic value: 528/409 [g=265, 9365 evaluated, 9364 expanded, t=10360.8s]
Best heuristic value: 528/407 [g=260, 9368 evaluated, 9367 expanded, t=10362s]
Best heuristic value: 527/407 [g=266, 9427 evaluated, 9426 expanded, t=10386.5s]
Best heuristic value: 527/405 [g=261, 9456 evaluated, 9455 expanded, t=10398.5s]
Best heuristic value: 526/405 [g=267, 9489 evaluated, 9488 expanded, t=10412.1s]
Best heuristic value: 526/403 [g=262, 9548 evaluated, 9547 expanded, t=10436.6s]
Best heuristic value: 524/403 [g=268, 9553 evaluated, 9552 expanded, t=10438.6s]
Best heuristic value: 522/403 [g=269, 9617 evaluated, 9616 expanded, t=10465.1s]
Best heuristic value: 522/402 [g=263, 9642 evaluated, 9641 expanded, t=10475.4s]
Best heuristic value: 521/402 [g=270, 9681 evaluated, 9680 expanded, t=10491.5s]
Best heuristic value: 521/401 [g=264, 9738 evaluated, 9737 expanded, t=10515.1s]
Best heuristic value: 520/401 [g=271, 9745 evaluated, 9744 expanded, t=10518s]
Best heuristic value: 517/401 [g=272, 9809 evaluated, 9808 expanded, t=10544.4s]
Best heuristic value: 517/400 [g=265, 9836 evaluated, 9835 expanded, t=10555.5s]
Best heuristic value: 516/400 [g=273, 9873 evaluated, 9872 expanded, t=10570.8s]
Best heuristic value: 515/400 [g=274, 9937 evaluated, 9936 expanded, t=10597.2s]
Best heuristic value: 515/399 [g=266, 9938 evaluated, 9937 expanded, t=10597.6s]
Best heuristic value: 514/399 [g=275, 10003 evaluated, 10002 expanded, t=10624.4s]
Best heuristic value: 514/398 [g=267, 10044 evaluated, 10043 expanded, t=10641.4s]
Best heuristic value: 513/398 [g=276, 10069 evaluated, 10068 expanded, t=10651.7s]
Best heuristic value: 511/398 [g=277, 10137 evaluated, 10136 expanded, t=10679.7s]
Best heuristic value: 511/397 [g=268, 10154 evaluated, 10153 expanded, t=10686.7s]
Best heuristic value: 509/397 [g=278, 10207 evaluated, 10206 expanded, t=10708.6s]
Best heuristic value: 509/396 [g=269, 10266 evaluated, 10265 expanded, t=10732.9s]
Best heuristic value: 508/396 [g=279, 10279 evaluated, 10278 expanded, t=10738.2s]
Best heuristic value: 507/396 [g=280, 10351 evaluated, 10350 expanded, t=10767.8s]
Best heuristic value: 507/395 [g=270, 10378 evaluated, 10377 expanded, t=10779s]
Best heuristic value: 505/395 [g=281, 10425 evaluated, 10424 expanded, t=10798.3s]
Best heuristic value: 505/394 [g=271, 10498 evaluated, 10497 expanded, t=10828.3s]
Best heuristic value: 504/394 [g=282, 10499 evaluated, 10498 expanded, t=10828.7s]
Best heuristic value: 503/394 [g=283, 10573 evaluated, 10572 expanded, t=10859.1s]
Best heuristic value: 503/393 [g=272, 10618 evaluated, 10617 expanded, t=10877.6s]
Best heuristic value: 502/393 [g=284, 10647 evaluated, 10646 expanded, t=10889.5s]
Best heuristic value: 500/393 [g=285, 10721 evaluated, 10720 expanded, t=10919.9s]
Best heuristic value: 500/392 [g=273, 10738 evaluated, 10737 expanded, t=10926.8s]
Best heuristic value: 499/392 [g=286, 10795 evaluated, 10794 expanded, t=10950.2s]
Best heuristic value: 499/391 [g=274, 10858 evaluated, 10857 expanded, t=10976s]
Best heuristic value: 498/391 [g=287, 10873 evaluated, 10872 expanded, t=10982.1s]
Best heuristic value: 496/391 [g=288, 10951 evaluated, 10950 expanded, t=11014.1s]
Best heuristic value: 496/390 [g=275, 10980 evaluated, 10979 expanded, t=11026s]
Failed to allocate memory. Released memory buffer.
Memory limit has been reached.
Peak memory: 14999884 KB
