Parsing... [0.070s CPU, 0.062s wall-clock]
Normalizing task... [0.000s CPU, 0.005s wall-clock]
Instantiating...
Generating Datalog program... [0.020s CPU, 0.028s wall-clock]
Normalizing Datalog program...
Normalizing Datalog program: [0.020s CPU, 0.012s wall-clock]
Preparing model... [0.120s CPU, 0.119s wall-clock]
Generated 68 rules.
Computing model... [12.100s CPU, 12.101s wall-clock]
131426 relevant atoms
336140 auxiliary atoms
467566 final queue length
644952 total queue pushes
Completing instantiation... [52.730s CPU, 52.736s wall-clock]
Instantiating: [65.530s CPU, 65.534s wall-clock]
Computing fact groups...
Finding invariants...
15 initial candidates
Finding invariants: [0.080s CPU, 0.075s wall-clock]
Checking invariant weight... [0.000s CPU, 0.002s wall-clock]
Instantiating groups... [0.030s CPU, 0.026s wall-clock]
Collecting mutex groups... [0.040s CPU, 0.048s wall-clock]
Choosing groups...
20522 uncovered facts
Choosing groups: [0.060s CPU, 0.061s wall-clock]
Building translation key... [0.160s CPU, 0.158s wall-clock]
Computing fact groups: [1.050s CPU, 1.054s wall-clock]
Building STRIPS to SAS dictionary... [0.090s CPU, 0.089s wall-clock]
Building dictionary for full mutex groups... [0.080s CPU, 0.072s wall-clock]
Building mutex information...
Building mutex information: [0.080s CPU, 0.081s wall-clock]
Translating task...
Processing axioms...
Simplifying axioms... [0.000s CPU, 0.000s wall-clock]
Processing axioms: [0.680s CPU, 0.688s wall-clock]
Translating task: [12.210s CPU, 12.214s wall-clock]
16416 implied effects removed
64612 effect conditions simplified
0 implied preconditions added
Detecting unreachable propositions...
0 operators removed
2060 propositions removed
Detecting unreachable propositions: [2.220s CPU, 2.223s wall-clock]
Translator variables: 19498
Translator derived variables: 0
Translator facts: 43092
Translator mutex groups: 4
Translator total mutex groups size: 4104
Translator operators: 102536
Translator task size: 792662
Translator peak memory: 768244 KB
Writing output... [2.610s CPU, 2.615s wall-clock]
Done! [84.880s CPU, 84.893s wall-clock]
