Parsing... [0.010s CPU, 0.050s wall-clock]
Normalizing task... [0.000s CPU, 0.000s wall-clock]
Instantiating...
Generating Datalog program... [0.000s CPU, 0.003s wall-clock]
Normalizing Datalog program...
Normalizing Datalog program: [0.010s CPU, 0.004s wall-clock]
Preparing model... [0.010s CPU, 0.009s wall-clock]
Generated 31 rules.
Computing model... [4.600s CPU, 4.612s wall-clock]
207619 relevant atoms
4052 auxiliary atoms
211671 final queue length
412803 total queue pushes
Completing instantiation... [14.880s CPU, 14.875s wall-clock]
Instantiating: [19.650s CPU, 19.646s wall-clock]
Computing fact groups...
Finding invariants...
12 initial candidates
Finding invariants: [0.070s CPU, 0.068s wall-clock]
Checking invariant weight... [0.000s CPU, 0.000s wall-clock]
Instantiating groups... [0.000s CPU, 0.006s wall-clock]
Collecting mutex groups... [0.000s CPU, 0.003s wall-clock]
Choosing groups...
1737 uncovered facts
Choosing groups: [0.010s CPU, 0.007s wall-clock]
Building translation key... [0.010s CPU, 0.014s wall-clock]
Computing fact groups: [0.140s CPU, 0.146s wall-clock]
Building STRIPS to SAS dictionary... [0.010s CPU, 0.006s wall-clock]
Building dictionary for full mutex groups... [0.000s CPU, 0.006s wall-clock]
Building mutex information...
Building mutex information: [0.010s CPU, 0.006s wall-clock]
Translating task...
Processing axioms...
Simplifying axioms... [0.000s CPU, 0.000s wall-clock]
Processing axioms: [0.830s CPU, 0.835s wall-clock]
Translating task: [11.930s CPU, 11.939s wall-clock]
1190 implied effects removed
15 effect conditions simplified
0 implied preconditions added
Detecting unreachable propositions...
1190 operators removed
7 propositions removed
Detecting unreachable propositions: [1.450s CPU, 1.445s wall-clock]
Translator variables: 1744
Translator derived variables: 0
Translator facts: 4664
Translator mutex groups: 7
Translator total mutex groups size: 1190
Translator operators: 202855
Translator task size: 619793
Translator peak memory: 733212 KB
Writing output... [2.090s CPU, 2.091s wall-clock]
Done! [36.360s CPU, 36.408s wall-clock]
