Parsing... [0.010s CPU, 0.006s wall-clock]
Normalizing task... [0.000s CPU, 0.000s wall-clock]
Instantiating...
Generating Datalog program... [0.000s CPU, 0.003s wall-clock]
Normalizing Datalog program...
Normalizing Datalog program: [0.000s CPU, 0.016s wall-clock]
Preparing model... [0.010s CPU, 0.009s wall-clock]
Generated 31 rules.
Computing model... [3.180s CPU, 3.184s wall-clock]
140906 relevant atoms
2835 auxiliary atoms
143741 final queue length
279056 total queue pushes
Completing instantiation... [9.740s CPU, 9.748s wall-clock]
Instantiating: [13.030s CPU, 13.052s wall-clock]
Computing fact groups...
Finding invariants...
12 initial candidates
Finding invariants: [0.040s CPU, 0.047s wall-clock]
Checking invariant weight... [0.000s CPU, 0.000s wall-clock]
Instantiating groups... [0.000s CPU, 0.004s wall-clock]
Collecting mutex groups... [0.010s CPU, 0.002s wall-clock]
Choosing groups...
1675 uncovered facts
Choosing groups: [0.000s CPU, 0.006s wall-clock]
Building translation key... [0.010s CPU, 0.013s wall-clock]
Computing fact groups: [0.120s CPU, 0.114s wall-clock]
Building STRIPS to SAS dictionary... [0.010s CPU, 0.006s wall-clock]
Building dictionary for full mutex groups... [0.010s CPU, 0.005s wall-clock]
Building mutex information...
Building mutex information: [0.000s CPU, 0.005s wall-clock]
Translating task...
Processing axioms...
Simplifying axioms... [0.000s CPU, 0.000s wall-clock]
Processing axioms: [0.540s CPU, 0.542s wall-clock]
Translating task: [8.110s CPU, 8.111s wall-clock]
825 implied effects removed
10 effect conditions simplified
0 implied preconditions added
Detecting unreachable propositions...
825 operators removed
5 propositions removed
Detecting unreachable propositions: [0.970s CPU, 0.970s wall-clock]
Translator variables: 1680
Translator derived variables: 0
Translator facts: 4175
Translator mutex groups: 5
Translator total mutex groups size: 825
Translator operators: 136980
Translator task size: 421121
Translator peak memory: 510536 KB
Writing output... [1.450s CPU, 1.457s wall-clock]
Done! [24.440s CPU, 24.453s wall-clock]
