Dispatcher selected state size 2.
This is a unit task.
Simplifying transitions... done!
Initializing Exploration...
Generating landmarks using the RPG/SAS+ approach
approx. reasonable orders
approx. obedient reasonable orders
Removed 0 reasonable or obedient reasonable orders
Landmarks generation time: 1050.13s
Discovered 1306 landmarks, of which 0 are disjunctive and 0 are conjunctive 
2508 edges
Initializing LAMA-FF Synergy Object
Initializing landmarks count heuristic...
452 initial landmarks, 415 goal landmarks
Starting search: lazy_greedy(list(hff, hlm), preferred = list(hff, hlm))
Conducting lazy best first search, (real) bound = 2147483647
Best heuristic value: 854/854 [g=0, 1 evaluated, 0 expanded, t=1091.48s]
Best heuristic value: 853/853 [g=1, 2 evaluated, 1 expanded, t=1091.82s]
Best heuristic value: 852/852 [g=2, 3 evaluated, 2 expanded, t=1092.16s]
Best heuristic value: 851/851 [g=3, 4 evaluated, 3 expanded, t=1092.52s]
Best heuristic value: 850/850 [g=4, 5 evaluated, 4 expanded, t=1092.86s]
Best heuristic value: 849/849 [g=5, 6 evaluated, 5 expanded, t=1093.22s]
Best heuristic value: 848/848 [g=6, 7 evaluated, 6 expanded, t=1093.56s]
Best heuristic value: 847/847 [g=7, 8 evaluated, 7 expanded, t=1093.92s]
Best heuristic value: 846/846 [g=8, 9 evaluated, 8 expanded, t=1094.26s]
Best heuristic value: 845/845 [g=9, 10 evaluated, 9 expanded, t=1094.62s]
Best heuristic value: 844/844 [g=10, 12 evaluated, 11 expanded, t=1095.3s]
Best heuristic value: 843/843 [g=11, 14 evaluated, 13 expanded, t=1096s]
Best heuristic value: 842/842 [g=12, 190 evaluated, 189 expanded, t=1157.44s]
Best heuristic value: 841/841 [g=13, 391 evaluated, 390 expanded, t=1227.56s]
Best heuristic value: 840/840 [g=14, 629 evaluated, 628 expanded, t=1310.6s]
Failed to allocate memory. Released memory buffer.
Memory limit has been reached.
Failed to allocate memory. Released memory buffer.
Memory limit has been reached.
