Dispatcher selected state size 2.
This is a unit task.
Simplifying transitions... done!
Initializing Exploration...
Generating landmarks using the RPG/SAS+ approach
approx. reasonable orders
approx. obedient reasonable orders
Removed 0 reasonable or obedient reasonable orders
Landmarks generation time: 575.303s
Discovered 1139 landmarks, of which 0 are disjunctive and 0 are conjunctive 
2185 edges
Initializing LAMA-FF Synergy Object
Initializing landmarks count heuristic...
394 initial landmarks, 360 goal landmarks
Starting search: lazy_greedy(list(hff, hlm), preferred = list(hff, hlm))
Conducting lazy best first search, (real) bound = 2147483647
Best heuristic value: 745/745 [g=0, 1 evaluated, 0 expanded, t=601.86s]
Best heuristic value: 744/744 [g=1, 2 evaluated, 1 expanded, t=602.08s]
Best heuristic value: 743/743 [g=2, 3 evaluated, 2 expanded, t=602.28s]
Best heuristic value: 742/742 [g=3, 4 evaluated, 3 expanded, t=602.5s]
Best heuristic value: 741/741 [g=4, 5 evaluated, 4 expanded, t=602.7s]
Best heuristic value: 740/740 [g=5, 6 evaluated, 5 expanded, t=602.9s]
Best heuristic value: 739/739 [g=6, 7 evaluated, 6 expanded, t=603.12s]
Best heuristic value: 738/738 [g=7, 8 evaluated, 7 expanded, t=603.32s]
Best heuristic value: 737/737 [g=8, 9 evaluated, 8 expanded, t=603.52s]
Best heuristic value: 736/736 [g=9, 10 evaluated, 9 expanded, t=603.74s]
Best heuristic value: 735/735 [g=10, 55 evaluated, 54 expanded, t=613.02s]
Best heuristic value: 734/734 [g=11, 220 evaluated, 219 expanded, t=647.18s]
Best heuristic value: 733/733 [g=12, 482 evaluated, 481 expanded, t=701.38s]
Best heuristic value: 732/732 [g=13, 744 evaluated, 743 expanded, t=755.62s]
Best heuristic value: 731/731 [g=14, 1086 evaluated, 1085 expanded, t=826.4s]
Failed to allocate memory. Released memory buffer.
Memory limit has been reached.
Peak memory: 4191408 KB
