Parsing... [0.010s CPU, 0.007s wall-clock]
Normalizing task... [0.000s CPU, 0.000s wall-clock]
Instantiating...
Generating Datalog program... [0.010s CPU, 0.004s wall-clock]
Normalizing Datalog program...
Normalizing Datalog program: [0.000s CPU, 0.004s wall-clock]
Preparing model... [0.010s CPU, 0.011s wall-clock]
Generated 31 rules.
Computing model... [12.800s CPU, 12.804s wall-clock]
512712 relevant atoms
8389 auxiliary atoms
521101 final queue length
1022985 total queue pushes
Completing instantiation... [35.870s CPU, 35.861s wall-clock]
Instantiating: [49.040s CPU, 49.037s wall-clock]
Computing fact groups...
Finding invariants...
12 initial candidates
Finding invariants: [0.160s CPU, 0.162s wall-clock]
Checking invariant weight... [0.000s CPU, 0.000s wall-clock]
Instantiating groups... [0.010s CPU, 0.013s wall-clock]
Collecting mutex groups... [0.010s CPU, 0.005s wall-clock]
Choosing groups...
2536 uncovered facts
Choosing groups: [0.010s CPU, 0.013s wall-clock]
Building translation key... [0.020s CPU, 0.022s wall-clock]
Computing fact groups: [0.300s CPU, 0.299s wall-clock]
Building STRIPS to SAS dictionary... [0.010s CPU, 0.011s wall-clock]
Building dictionary for full mutex groups... [0.010s CPU, 0.010s wall-clock]
Building mutex information...
Building mutex information: [0.010s CPU, 0.009s wall-clock]
Translating task...
Processing axioms...
Simplifying axioms... [0.000s CPU, 0.000s wall-clock]
Processing axioms: [1.990s CPU, 1.990s wall-clock]
Translating task: [29.680s CPU, 29.677s wall-clock]
2460 implied effects removed
32 effect conditions simplified
0 implied preconditions added
Detecting unreachable propositions...
2460 operators removed
14 propositions removed
Detecting unreachable propositions: [3.490s CPU, 3.491s wall-clock]
Translator variables: 2547
Translator derived variables: 0
Translator facts: 7530
Translator mutex groups: 12
Translator total mutex groups size: 2460
Translator operators: 504396
Translator task size: 1530973
Translator peak memory: 1752448 KB
Writing output... [5.360s CPU, 5.356s wall-clock]
Done! [90.580s CPU, 90.574s wall-clock]
