Dispatcher selected state size 1.
This is a unit task.
Simplifying transitions... done!
Initializing Exploration...
Generating landmarks using the RPG/SAS+ approach
approx. reasonable orders
approx. obedient reasonable orders
Removed 0 reasonable or obedient reasonable orders
Landmarks generation time: 0.000908356s
Discovered 14 landmarks, of which 0 are disjunctive and 0 are conjunctive 
23 edges
Initializing LAMA-FF Synergy Object
Initializing landmarks count heuristic...
6 initial landmarks, 3 goal landmarks
Starting search: lazy_greedy(list(hff, hlm), preferred = list(hff, hlm))
Conducting lazy best first search, (real) bound = 2147483647
Best heuristic value: 8/8 [g=0, 1 evaluated, 0 expanded, t=0s]
Best heuristic value: 7/7 [g=1, 2 evaluated, 1 expanded, t=0s]
Best heuristic value: 6/6 [g=3, 6 evaluated, 5 expanded, t=0s]
Best heuristic value: 5/5 [g=4, 7 evaluated, 6 expanded, t=0s]
Best heuristic value: 4/4 [g=5, 8 evaluated, 7 expanded, t=0s]
Best heuristic value: 3/3 [g=6, 9 evaluated, 8 expanded, t=0s]
Best heuristic value: 2/2 [g=7, 10 evaluated, 9 expanded, t=0s]
Best heuristic value: 1/1 [g=8, 11 evaluated, 10 expanded, t=0s]
Solution found!
Actual search time: 0s [t=0s]
switch_on instrument0 satellite0 (1)
turn_to satellite0 groundstation2 phenomenon6 (1)
calibrate instrument0 satellite0 groundstation2 (1)
turn_to satellite0 star5 groundstation2 (1)
take_image instrument0 satellite0 star5 thermograph0 (1)
turn_to satellite0 phenomenon6 star5 (1)
take_image instrument0 satellite0 phenomenon6 thermograph0 (1)
turn_to satellite0 phenomenon4 phenomenon6 (1)
take_image instrument0 satellite0 phenomenon4 thermograph0 (1)
Plan length: 9 step(s).
Plan cost: 9
Initial state h value: 8/8.
Expanded 11 state(s).
Reopened 0 state(s).
Evaluated 12 state(s).
Evaluations: 24
Generated 84 state(s).
Dead ends: 0 state(s).
Best solution cost so far: 9
Solution found - keep searching
Starting search: lazy_wastar(list(hff, hlm), preferred = list(hff, hlm), w = 5)
Conducting lazy best first search, (real) bound = 9
Best heuristic value: 8/8 [g=0, 1 evaluated, 0 expanded, t=0s]
Best heuristic value: 7/7 [g=1, 2 evaluated, 1 expanded, t=0s]
Best heuristic value: 6/6 [g=3, 6 evaluated, 5 expanded, t=0s]
Best heuristic value: 5/5 [g=4, 7 evaluated, 6 expanded, t=0s]
Best heuristic value: 4/4 [g=5, 8 evaluated, 7 expanded, t=0s]
Best heuristic value: 3/3 [g=6, 9 evaluated, 8 expanded, t=0s]
Best heuristic value: 2/2 [g=7, 10 evaluated, 9 expanded, t=0s]
Best heuristic value: 1/1 [g=8, 11 evaluated, 10 expanded, t=0s]
Completely explored state space -- no solution!
Actual search time: 0.01s [t=0.01s]
Initial state h value: 8/8.
Expanded 160 state(s).
Reopened 39 state(s).
Evaluated 160 state(s).
Evaluations: 320
Generated 1171 state(s).
Dead ends: 0 state(s).
Best solution cost so far: 9
No solution found - keep searching
Starting search: lazy_wastar(list(hff, hlm), preferred = list(hff, hlm), w = 3)
Conducting lazy best first search, (real) bound = 9
Best heuristic value: 8/8 [g=0, 1 evaluated, 0 expanded, t=0.01s]
Best heuristic value: 7/7 [g=1, 2 evaluated, 1 expanded, t=0.01s]
Best heuristic value: 6/6 [g=3, 6 evaluated, 5 expanded, t=0.01s]
Best heuristic value: 5/5 [g=4, 7 evaluated, 6 expanded, t=0.01s]
Best heuristic value: 4/4 [g=5, 8 evaluated, 7 expanded, t=0.01s]
Best heuristic value: 3/3 [g=6, 9 evaluated, 8 expanded, t=0.01s]
Best heuristic value: 2/2 [g=7, 10 evaluated, 9 expanded, t=0.01s]
Best heuristic value: 1/1 [g=8, 11 evaluated, 10 expanded, t=0.01s]
Completely explored state space -- no solution!
Actual search time: 0s [t=0.01s]
Initial state h value: 8/8.
Expanded 157 state(s).
Reopened 36 state(s).
Evaluated 157 state(s).
Evaluations: 314
Generated 1150 state(s).
Dead ends: 0 state(s).
Best solution cost so far: 9
No solution found - keep searching
Starting search: lazy_wastar(list(hff, hlm), preferred = list(hff, hlm), w = 2)
Conducting lazy best first search, (real) bound = 9
Best heuristic value: 8/8 [g=0, 1 evaluated, 0 expanded, t=0.01s]
Best heuristic value: 7/7 [g=1, 2 evaluated, 1 expanded, t=0.01s]
Best heuristic value: 6/6 [g=3, 9 evaluated, 8 expanded, t=0.02s]
Best heuristic value: 5/5 [g=4, 10 evaluated, 9 expanded, t=0.02s]
Best heuristic value: 4/4 [g=5, 11 evaluated, 10 expanded, t=0.02s]
Best heuristic value: 3/3 [g=6, 12 evaluated, 11 expanded, t=0.02s]
Best heuristic value: 2/2 [g=7, 13 evaluated, 12 expanded, t=0.02s]
Best heuristic value: 1/1 [g=8, 14 evaluated, 13 expanded, t=0.02s]
Completely explored state space -- no solution!
Actual search time: 0.01s [t=0.02s]
Initial state h value: 8/8.
Expanded 146 state(s).
Reopened 25 state(s).
Evaluated 146 state(s).
Evaluations: 292
Generated 1062 state(s).
Dead ends: 0 state(s).
Best solution cost so far: 9
No solution found - keep searching
Starting search: lazy_wastar(list(hff, hlm), preferred = list(hff, hlm), w = 1)
Conducting lazy best first search, (real) bound = 9
Best heuristic value: 8/8 [g=0, 1 evaluated, 0 expanded, t=0.02s]
Best heuristic value: 7/7 [g=1, 2 evaluated, 1 expanded, t=0.02s]
Best heuristic value: 6/6 [g=3, 9 evaluated, 8 expanded, t=0.02s]
Best heuristic value: 5/5 [g=4, 10 evaluated, 9 expanded, t=0.02s]
Best heuristic value: 4/4 [g=5, 13 evaluated, 12 expanded, t=0.02s]
Best heuristic value: 3/3 [g=6, 16 evaluated, 15 expanded, t=0.02s]
Best heuristic value: 2/2 [g=7, 22 evaluated, 21 expanded, t=0.02s]
Best heuristic value: 1/1 [g=8, 28 evaluated, 27 expanded, t=0.02s]
Completely explored state space -- no solution!
Actual search time: 0s [t=0.02s]
Initial state h value: 8/8.
Expanded 121 state(s).
Reopened 0 state(s).
Evaluated 121 state(s).
Evaluations: 242
Generated 879 state(s).
Dead ends: 0 state(s).
Best solution cost so far: 9
No solution found - keep searching
Actual search time: 0.02s [t=0.02s]
Cumulative statistics:
Expanded 595 state(s).
Reopened 100 state(s).
Evaluated 596 state(s).
Evaluations: 1192
Generated 4346 state(s).
Dead ends: 0 state(s).
Search time: 0.02s
Total time: 0.02s
Solution found.
Peak memory: 3700 KB
