Dispatcher selected state size 1.
This is a unit task.
Simplifying transitions... done!
Initializing Exploration...
Generating landmarks using the RPG/SAS+ approach
approx. reasonable orders
approx. obedient reasonable orders
Removed 0 reasonable or obedient reasonable orders
Landmarks generation time: 0.00121765s
Discovered 14 landmarks, of which 4 are disjunctive and 0 are conjunctive 
14 edges
Initializing LAMA-FF Synergy Object
Initializing landmarks count heuristic...
5 initial landmarks, 5 goal landmarks
Starting search: lazy_greedy(list(hff, hlm), preferred = list(hff, hlm))
Conducting lazy best first search, (real) bound = 2147483647
Best heuristic value: 9/11 [g=0, 1 evaluated, 0 expanded, t=0s]
Best heuristic value: 8/10 [g=1, 2 evaluated, 1 expanded, t=0s]
Best heuristic value: 7/9 [g=2, 3 evaluated, 2 expanded, t=0s]
Best heuristic value: 6/8 [g=3, 5 evaluated, 4 expanded, t=0s]
Best heuristic value: 6/7 [g=4, 6 evaluated, 5 expanded, t=0s]
Best heuristic value: 5/6 [g=5, 7 evaluated, 6 expanded, t=0s]
Best heuristic value: 4/5 [g=6, 8 evaluated, 7 expanded, t=0s]
Best heuristic value: 3/4 [g=7, 9 evaluated, 8 expanded, t=0s]
Best heuristic value: 2/3 [g=8, 10 evaluated, 9 expanded, t=0s]
Best heuristic value: 1/2 [g=9, 11 evaluated, 10 expanded, t=0s]
Best heuristic value: 1/1 [g=10, 12 evaluated, 11 expanded, t=0s]
Solution found!
Actual search time: 0s [t=0s]
turn_to satellite0 phenomenon5 star4 (1)
switch_on instrument3 satellite1 (1)
calibrate instrument3 satellite1 star0 (1)
turn_to satellite1 star4 star0 (1)
take_image instrument3 satellite1 star4 spectrograph2 (1)
turn_to satellite1 star3 star4 (1)
take_image instrument3 satellite1 star3 infrared0 (1)
turn_to satellite1 phenomenon7 star3 (1)
take_image instrument3 satellite1 phenomenon7 spectrograph2 (1)
turn_to satellite1 phenomenon5 phenomenon7 (1)
take_image instrument3 satellite1 phenomenon5 spectrograph2 (1)
Plan length: 11 step(s).
Plan cost: 11
Initial state h value: 9/11.
Expanded 12 state(s).
Reopened 0 state(s).
Evaluated 13 state(s).
Evaluations: 26
Generated 225 state(s).
Dead ends: 0 state(s).
Best solution cost so far: 11
Solution found - keep searching
Starting search: lazy_wastar(list(hff, hlm), preferred = list(hff, hlm), w = 5)
Conducting lazy best first search, (real) bound = 11
Best heuristic value: 9/11 [g=0, 1 evaluated, 0 expanded, t=0s]
Best heuristic value: 8/10 [g=1, 2 evaluated, 1 expanded, t=0s]
Best heuristic value: 7/9 [g=2, 3 evaluated, 2 expanded, t=0s]
Best heuristic value: 6/8 [g=3, 5 evaluated, 4 expanded, t=0s]
Best heuristic value: 6/7 [g=4, 6 evaluated, 5 expanded, t=0s]
Best heuristic value: 5/6 [g=5, 7 evaluated, 6 expanded, t=0s]
Best heuristic value: 4/5 [g=6, 8 evaluated, 7 expanded, t=0s]
Best heuristic value: 3/4 [g=7, 9 evaluated, 8 expanded, t=0s]
Best heuristic value: 2/3 [g=8, 10 evaluated, 9 expanded, t=0s]
Best heuristic value: 1/2 [g=9, 11 evaluated, 10 expanded, t=0s]
Best heuristic value: 1/1 [g=10, 12 evaluated, 11 expanded, t=0s]
Completely explored state space -- no solution!
Actual search time: 2.51s [t=2.51s]
Initial state h value: 9/11.
Expanded 33734 state(s).
Reopened 14151 state(s).
Evaluated 33734 state(s).
Evaluations: 67468
Generated 572246 state(s).
Dead ends: 0 state(s).
Best solution cost so far: 11
No solution found - keep searching
Starting search: lazy_wastar(list(hff, hlm), preferred = list(hff, hlm), w = 3)
Conducting lazy best first search, (real) bound = 11
Best heuristic value: 9/11 [g=0, 1 evaluated, 0 expanded, t=2.51s]
Best heuristic value: 8/10 [g=1, 2 evaluated, 1 expanded, t=2.51s]
Best heuristic value: 7/9 [g=2, 3 evaluated, 2 expanded, t=2.51s]
Best heuristic value: 6/8 [g=3, 5 evaluated, 4 expanded, t=2.51s]
Best heuristic value: 6/7 [g=4, 6 evaluated, 5 expanded, t=2.51s]
Best heuristic value: 5/6 [g=5, 7 evaluated, 6 expanded, t=2.51s]
Best heuristic value: 4/5 [g=6, 8 evaluated, 7 expanded, t=2.51s]
Best heuristic value: 3/4 [g=7, 9 evaluated, 8 expanded, t=2.51s]
Best heuristic value: 2/3 [g=8, 10 evaluated, 9 expanded, t=2.51s]
Best heuristic value: 1/2 [g=9, 11 evaluated, 10 expanded, t=2.51s]
Best heuristic value: 1/1 [g=10, 12 evaluated, 11 expanded, t=2.51s]
Completely explored state space -- no solution!
Actual search time: 2.47s [t=4.98s]
Initial state h value: 9/11.
Expanded 33308 state(s).
Reopened 13725 state(s).
Evaluated 33308 state(s).
Evaluations: 66616
Generated 564994 state(s).
Dead ends: 0 state(s).
Best solution cost so far: 11
No solution found - keep searching
Starting search: lazy_wastar(list(hff, hlm), preferred = list(hff, hlm), w = 2)
Conducting lazy best first search, (real) bound = 11
Best heuristic value: 9/11 [g=0, 1 evaluated, 0 expanded, t=4.98s]
Best heuristic value: 8/10 [g=1, 2 evaluated, 1 expanded, t=4.98s]
Best heuristic value: 7/9 [g=2, 3 evaluated, 2 expanded, t=4.98s]
Best heuristic value: 6/8 [g=3, 5 evaluated, 4 expanded, t=4.98s]
Best heuristic value: 6/7 [g=4, 6 evaluated, 5 expanded, t=4.98s]
Best heuristic value: 5/6 [g=5, 7 evaluated, 6 expanded, t=4.98s]
Best heuristic value: 4/5 [g=6, 9 evaluated, 8 expanded, t=4.98s]
Best heuristic value: 3/4 [g=7, 10 evaluated, 9 expanded, t=4.98s]
Best heuristic value: 2/3 [g=8, 11 evaluated, 10 expanded, t=4.98s]
Best heuristic value: 1/2 [g=9, 12 evaluated, 11 expanded, t=4.98s]
Best heuristic value: 1/1 [g=10, 13 evaluated, 12 expanded, t=4.98s]
Completely explored state space -- no solution!
Actual search time: 2.42s [t=7.4s]
Initial state h value: 9/11.
Expanded 31938 state(s).
Reopened 12355 state(s).
Evaluated 31938 state(s).
Evaluations: 63876
Generated 541807 state(s).
Dead ends: 0 state(s).
Best solution cost so far: 11
No solution found - keep searching
Starting search: lazy_wastar(list(hff, hlm), preferred = list(hff, hlm), w = 1)
Conducting lazy best first search, (real) bound = 11
Best heuristic value: 9/11 [g=0, 1 evaluated, 0 expanded, t=7.4s]
Best heuristic value: 8/10 [g=1, 2 evaluated, 1 expanded, t=7.4s]
Best heuristic value: 7/9 [g=2, 8 evaluated, 7 expanded, t=7.4s]
Best heuristic value: 6/8 [g=3, 22 evaluated, 21 expanded, t=7.4s]
Best heuristic value: 6/7 [g=4, 46 evaluated, 45 expanded, t=7.4s]
Best heuristic value: 5/7 [g=4, 47 evaluated, 46 expanded, t=7.4s]
Best heuristic value: 5/6 [g=5, 63 evaluated, 62 expanded, t=7.4s]
Best heuristic value: 4/6 [g=5, 64 evaluated, 63 expanded, t=7.4s]
Best heuristic value: 4/5 [g=6, 82 evaluated, 81 expanded, 1 reopened, t=7.4s]
Best heuristic value: 3/5 [g=6, 88 evaluated, 87 expanded, 1 reopened, t=7.4s]
Best heuristic value: 3/4 [g=7, 114 evaluated, 113 expanded, 2 reopened, t=7.4s]
Best heuristic value: 2/4 [g=7, 121 evaluated, 120 expanded, 2 reopened, t=7.4s]
Best heuristic value: 2/3 [g=8, 132 evaluated, 131 expanded, 2 reopened, t=7.4s]
Best heuristic value: 1/2 [g=9, 186 evaluated, 185 expanded, 2 reopened, t=7.4s]
Best heuristic value: 1/1 [g=10, 233 evaluated, 232 expanded, 2 reopened, t=7.4s]
Completely explored state space -- no solution!
Actual search time: 1.72s [t=9.12s]
Initial state h value: 9/11.
Expanded 22868 state(s).
Reopened 3285 state(s).
Evaluated 22868 state(s).
Evaluations: 45736
Generated 387667 state(s).
Dead ends: 0 state(s).
Best solution cost so far: 11
No solution found - keep searching
Actual search time: 9.12s [t=9.12s]
Cumulative statistics:
Expanded 121860 state(s).
Reopened 43516 state(s).
Evaluated 121861 state(s).
Evaluations: 243722
Generated 2066939 state(s).
Dead ends: 0 state(s).
Search time: 9.12s
Total time: 9.12s
Solution found.
Peak memory: 11384 KB
