Dispatcher selected state size 1.
This is a unit task.
Simplifying transitions... done!
Initializing Exploration...
Generating landmarks using the RPG/SAS+ approach
approx. reasonable orders
approx. obedient reasonable orders
Removed 0 reasonable or obedient reasonable orders
Landmarks generation time: 0.00260314s
Discovered 26 landmarks, of which 5 are disjunctive and 0 are conjunctive 
35 edges
Initializing LAMA-FF Synergy Object
Initializing landmarks count heuristic...
9 initial landmarks, 8 goal landmarks
Starting search: lazy_greedy(list(hff, hlm), preferred = list(hff, hlm))
Conducting lazy best first search, (real) bound = 2147483647
Best heuristic value: 17/21 [g=0, 1 evaluated, 0 expanded, t=0s]
Best heuristic value: 17/19 [g=1, 2 evaluated, 1 expanded, t=0s]
Best heuristic value: 16/18 [g=2, 3 evaluated, 2 expanded, t=0s]
Best heuristic value: 15/18 [g=3, 5 evaluated, 4 expanded, t=0s]
Best heuristic value: 14/17 [g=4, 8 evaluated, 7 expanded, t=0s]
Best heuristic value: 14/16 [g=5, 9 evaluated, 8 expanded, t=0s]
Best heuristic value: 13/16 [g=6, 10 evaluated, 9 expanded, t=0s]
Best heuristic value: 12/15 [g=7, 12 evaluated, 11 expanded, t=0s]
Best heuristic value: 12/14 [g=8, 13 evaluated, 12 expanded, t=0s]
Best heuristic value: 11/14 [g=9, 14 evaluated, 13 expanded, t=0s]
Best heuristic value: 10/13 [g=10, 16 evaluated, 15 expanded, t=0s]
Best heuristic value: 10/12 [g=11, 17 evaluated, 16 expanded, t=0.01s]
Best heuristic value: 9/12 [g=12, 18 evaluated, 17 expanded, t=0.01s]
Best heuristic value: 9/11 [g=12, 19 evaluated, 18 expanded, t=0.01s]
Best heuristic value: 8/11 [g=13, 20 evaluated, 19 expanded, t=0.01s]
Best heuristic value: 7/10 [g=14, 22 evaluated, 21 expanded, t=0.01s]
Best heuristic value: 7/9 [g=15, 23 evaluated, 22 expanded, t=0.01s]
Best heuristic value: 6/8 [g=16, 24 evaluated, 23 expanded, t=0.01s]
Best heuristic value: 5/7 [g=17, 26 evaluated, 25 expanded, t=0.01s]
Best heuristic value: 5/6 [g=19, 32 evaluated, 31 expanded, t=0.01s]
Best heuristic value: 5/5 [g=20, 33 evaluated, 32 expanded, t=0.01s]
Best heuristic value: 4/4 [g=21, 35 evaluated, 34 expanded, t=0.01s]
Best heuristic value: 3/3 [g=22, 36 evaluated, 35 expanded, t=0.01s]
Best heuristic value: 2/2 [g=23, 37 evaluated, 36 expanded, t=0.01s]
Best heuristic value: 1/1 [g=24, 39 evaluated, 38 expanded, t=0.01s]
Solution found!
Actual search time: 0.01s [t=0.01s]
turn_to satellite1 planet5 star0 (1)
switch_on instrument2 satellite1 (1)
turn_to satellite1 star2 planet5 (1)
calibrate instrument2 satellite1 star2 (1)
turn_to satellite1 planet5 star2 (1)
turn_to satellite1 star6 planet5 (1)
take_image instrument2 satellite1 star6 infrared1 (1)
turn_to satellite1 planet5 star6 (1)
turn_to satellite1 star4 planet5 (1)
take_image instrument2 satellite1 star4 infrared1 (1)
turn_to satellite1 planet5 star4 (1)
turn_to satellite1 planet3 planet5 (1)
take_image instrument2 satellite1 planet3 infrared1 (1)
turn_to satellite1 planet5 planet3 (1)
switch_on instrument0 satellite0 (1)
turn_to satellite0 star7 star6 (1)
take_image instrument2 satellite1 planet5 thermograph2 (1)
turn_to satellite0 star0 star7 (1)
calibrate instrument0 satellite0 star0 (1)
turn_to satellite0 star7 star0 (1)
take_image instrument0 satellite0 star7 infrared0 (1)
turn_to satellite0 phenomenon9 star7 (1)
take_image instrument0 satellite0 phenomenon9 infrared0 (1)
turn_to satellite0 phenomenon8 phenomenon9 (1)
take_image instrument0 satellite0 phenomenon8 thermograph2 (1)
Plan length: 25 step(s).
Plan cost: 25
Initial state h value: 17/21.
Expanded 39 state(s).
Reopened 0 state(s).
Evaluated 40 state(s).
Evaluations: 80
Generated 823 state(s).
Dead ends: 0 state(s).
Best solution cost so far: 25
Solution found - keep searching
Starting search: lazy_wastar(list(hff, hlm), preferred = list(hff, hlm), w = 5)
Conducting lazy best first search, (real) bound = 25
Best heuristic value: 17/21 [g=0, 1 evaluated, 0 expanded, t=0.01s]
Best heuristic value: 17/19 [g=1, 2 evaluated, 1 expanded, t=0.01s]
Best heuristic value: 16/18 [g=2, 3 evaluated, 2 expanded, t=0.01s]
Best heuristic value: 15/18 [g=3, 5 evaluated, 4 expanded, t=0.01s]
Best heuristic value: 14/17 [g=4, 8 evaluated, 7 expanded, t=0.01s]
Best heuristic value: 14/16 [g=5, 9 evaluated, 8 expanded, t=0.01s]
Best heuristic value: 13/16 [g=6, 10 evaluated, 9 expanded, t=0.01s]
Best heuristic value: 12/15 [g=7, 12 evaluated, 11 expanded, t=0.01s]
Best heuristic value: 12/14 [g=8, 13 evaluated, 12 expanded, t=0.01s]
Best heuristic value: 11/14 [g=9, 14 evaluated, 13 expanded, t=0.01s]
Best heuristic value: 10/13 [g=10, 16 evaluated, 15 expanded, t=0.01s]
Best heuristic value: 10/12 [g=11, 17 evaluated, 16 expanded, t=0.01s]
Best heuristic value: 9/12 [g=12, 18 evaluated, 17 expanded, t=0.01s]
Best heuristic value: 9/11 [g=12, 19 evaluated, 18 expanded, t=0.01s]
Best heuristic value: 8/11 [g=13, 20 evaluated, 19 expanded, t=0.01s]
Best heuristic value: 7/10 [g=14, 22 evaluated, 21 expanded, t=0.01s]
Best heuristic value: 7/9 [g=15, 23 evaluated, 22 expanded, t=0.01s]
Best heuristic value: 6/8 [g=16, 24 evaluated, 23 expanded, t=0.01s]
Best heuristic value: 5/7 [g=17, 26 evaluated, 25 expanded, t=0.01s]
Best heuristic value: 5/6 [g=19, 32 evaluated, 31 expanded, t=0.01s]
Best heuristic value: 5/5 [g=20, 33 evaluated, 32 expanded, t=0.01s]
Best heuristic value: 4/4 [g=21, 35 evaluated, 34 expanded, t=0.01s]
Best heuristic value: 3/3 [g=22, 36 evaluated, 35 expanded, t=0.01s]
Best heuristic value: 2/2 [g=23, 37 evaluated, 36 expanded, t=0.01s]
Best heuristic value: 1/1 [g=24, 39 evaluated, 38 expanded, t=0.01s]
Solution found!
Actual search time: 0.01s [t=0.02s]
turn_to satellite1 planet5 star0 (1)
switch_on instrument2 satellite1 (1)
turn_to satellite1 star2 planet5 (1)
calibrate instrument2 satellite1 star2 (1)
turn_to satellite1 planet5 star2 (1)
turn_to satellite1 star6 planet5 (1)
take_image instrument2 satellite1 star6 infrared1 (1)
turn_to satellite1 planet5 star6 (1)
turn_to satellite1 star4 planet5 (1)
take_image instrument2 satellite1 star4 infrared1 (1)
turn_to satellite1 planet5 star4 (1)
turn_to satellite1 planet3 planet5 (1)
take_image instrument2 satellite1 planet3 infrared1 (1)
turn_to satellite1 planet5 planet3 (1)
take_image instrument2 satellite1 planet5 thermograph2 (1)
switch_on instrument0 satellite0 (1)
turn_to satellite0 star0 star6 (1)
calibrate instrument0 satellite0 star0 (1)
turn_to satellite0 star7 star0 (1)
take_image instrument0 satellite0 star7 infrared0 (1)
turn_to satellite0 phenomenon9 star7 (1)
take_image instrument0 satellite0 phenomenon9 infrared0 (1)
turn_to satellite0 phenomenon8 phenomenon9 (1)
take_image instrument0 satellite0 phenomenon8 thermograph2 (1)
Plan length: 24 step(s).
Plan cost: 24
Initial state h value: 17/21.
Expanded 260 state(s).
Reopened 57 state(s).
Evaluated 261 state(s).
Evaluations: 522
Generated 5548 state(s).
Dead ends: 0 state(s).
Best solution cost so far: 24
Solution found - keep searching
Starting search: lazy_wastar(list(hff, hlm), preferred = list(hff, hlm), w = 3)
Conducting lazy best first search, (real) bound = 24
Best heuristic value: 17/21 [g=0, 1 evaluated, 0 expanded, t=0.02s]
Best heuristic value: 17/19 [g=1, 2 evaluated, 1 expanded, t=0.02s]
Best heuristic value: 16/18 [g=2, 3 evaluated, 2 expanded, t=0.02s]
Best heuristic value: 15/18 [g=3, 5 evaluated, 4 expanded, t=0.02s]
Best heuristic value: 14/17 [g=4, 8 evaluated, 7 expanded, t=0.02s]
Best heuristic value: 14/16 [g=5, 9 evaluated, 8 expanded, t=0.02s]
Best heuristic value: 13/16 [g=6, 10 evaluated, 9 expanded, t=0.02s]
Best heuristic value: 12/15 [g=7, 12 evaluated, 11 expanded, t=0.02s]
Best heuristic value: 12/14 [g=8, 13 evaluated, 12 expanded, t=0.02s]
Best heuristic value: 11/14 [g=9, 14 evaluated, 13 expanded, t=0.02s]
Best heuristic value: 10/13 [g=10, 16 evaluated, 15 expanded, t=0.02s]
Best heuristic value: 10/12 [g=11, 17 evaluated, 16 expanded, t=0.02s]
Best heuristic value: 9/12 [g=12, 18 evaluated, 17 expanded, t=0.02s]
Best heuristic value: 9/11 [g=12, 19 evaluated, 18 expanded, t=0.02s]
Best heuristic value: 8/11 [g=13, 20 evaluated, 19 expanded, t=0.02s]
Best heuristic value: 7/10 [g=14, 22 evaluated, 21 expanded, t=0.02s]
Best heuristic value: 7/9 [g=15, 23 evaluated, 22 expanded, t=0.02s]
Best heuristic value: 6/8 [g=16, 24 evaluated, 23 expanded, t=0.02s]
Best heuristic value: 5/7 [g=17, 26 evaluated, 25 expanded, t=0.02s]
Best heuristic value: 5/6 [g=19, 32 evaluated, 31 expanded, t=0.02s]
Best heuristic value: 5/5 [g=20, 33 evaluated, 32 expanded, t=0.02s]
Best heuristic value: 4/4 [g=21, 35 evaluated, 34 expanded, t=0.02s]
Best heuristic value: 3/3 [g=22, 36 evaluated, 35 expanded, t=0.02s]
Best heuristic value: 2/2 [g=23, 37 evaluated, 36 expanded, t=0.02s]
Best heuristic value: 1/1 [g=23, 249 evaluated, 248 expanded, 55 reopened, t=0.03s]
Solution found!
Actual search time: 0.08s [t=0.1s]
turn_to satellite1 planet5 star0 (1)
switch_on instrument2 satellite1 (1)
turn_to satellite1 star2 planet5 (1)
calibrate instrument2 satellite1 star2 (1)
turn_to satellite1 planet5 star2 (1)
turn_to satellite1 star6 planet5 (1)
take_image instrument2 satellite1 star6 infrared1 (1)
turn_to satellite1 planet5 star6 (1)
turn_to satellite1 star4 planet5 (1)
take_image instrument2 satellite1 star4 infrared1 (1)
turn_to satellite1 planet3 star4 (1)
take_image instrument2 satellite1 planet3 infrared1 (1)
turn_to satellite1 planet5 planet3 (1)
switch_on instrument0 satellite0 (1)
turn_to satellite0 star0 star6 (1)
calibrate instrument0 satellite0 star0 (1)
turn_to satellite0 star7 star0 (1)
take_image instrument0 satellite0 star7 infrared0 (1)
take_image instrument2 satellite1 planet5 thermograph2 (1)
turn_to satellite0 phenomenon9 star7 (1)
take_image instrument0 satellite0 phenomenon9 infrared0 (1)
turn_to satellite0 phenomenon8 phenomenon9 (1)
take_image instrument0 satellite0 phenomenon8 thermograph2 (1)
Plan length: 23 step(s).
Plan cost: 23
Initial state h value: 17/21.
Expanded 1205 state(s).
Reopened 622 state(s).
Evaluated 1206 state(s).
Evaluations: 2412
Generated 25804 state(s).
Dead ends: 0 state(s).
Best solution cost so far: 23
Solution found - keep searching
Starting search: lazy_wastar(list(hff, hlm), preferred = list(hff, hlm), w = 2)
Conducting lazy best first search, (real) bound = 23
Best heuristic value: 17/21 [g=0, 1 evaluated, 0 expanded, t=0.1s]
Best heuristic value: 17/19 [g=1, 2 evaluated, 1 expanded, t=0.1s]
Best heuristic value: 16/18 [g=2, 3 evaluated, 2 expanded, t=0.1s]
Best heuristic value: 15/18 [g=3, 6 evaluated, 5 expanded, t=0.1s]
Best heuristic value: 15/17 [g=3, 11 evaluated, 10 expanded, 2 reopened, t=0.1s]
Best heuristic value: 14/17 [g=3, 13 evaluated, 12 expanded, 2 reopened, t=0.1s]
Best heuristic value: 14/16 [g=4, 15 evaluated, 14 expanded, 2 reopened, t=0.1s]
Best heuristic value: 13/16 [g=5, 16 evaluated, 15 expanded, 2 reopened, t=0.1s]
Best heuristic value: 12/15 [g=5, 20 evaluated, 19 expanded, 3 reopened, t=0.1s]
Best heuristic value: 12/14 [g=6, 21 evaluated, 20 expanded, 3 reopened, t=0.1s]
Best heuristic value: 11/14 [g=7, 22 evaluated, 21 expanded, 3 reopened, t=0.1s]
Best heuristic value: 11/13 [g=7, 25 evaluated, 24 expanded, 4 reopened, t=0.1s]
Best heuristic value: 10/13 [g=7, 26 evaluated, 25 expanded, 4 reopened, t=0.1s]
Best heuristic value: 10/12 [g=8, 28 evaluated, 27 expanded, 4 reopened, t=0.1s]
Best heuristic value: 9/12 [g=9, 29 evaluated, 28 expanded, 4 reopened, t=0.1s]
Best heuristic value: 9/11 [g=9, 31 evaluated, 30 expanded, 5 reopened, t=0.1s]
Best heuristic value: 8/11 [g=9, 33 evaluated, 32 expanded, 5 reopened, t=0.1s]
Best heuristic value: 8/10 [g=10, 34 evaluated, 33 expanded, 5 reopened, t=0.1s]
Best heuristic value: 7/10 [g=10, 35 evaluated, 34 expanded, 5 reopened, t=0.1s]
Best heuristic value: 7/9 [g=11, 37 evaluated, 36 expanded, 5 reopened, t=0.1s]
Best heuristic value: 6/8 [g=12, 38 evaluated, 37 expanded, 5 reopened, t=0.1s]
Best heuristic value: 5/7 [g=13, 41 evaluated, 40 expanded, 5 reopened, t=0.1s]
Best heuristic value: 5/6 [g=15, 57 evaluated, 56 expanded, 5 reopened, t=0.1s]
Best heuristic value: 5/5 [g=16, 59 evaluated, 58 expanded, 5 reopened, t=0.1s]
Best heuristic value: 4/4 [g=17, 60 evaluated, 59 expanded, 5 reopened, t=0.1s]
Best heuristic value: 3/3 [g=18, 61 evaluated, 60 expanded, 5 reopened, t=0.1s]
Best heuristic value: 2/2 [g=19, 62 evaluated, 61 expanded, 5 reopened, t=0.1s]
Best heuristic value: 1/1 [g=20, 64 evaluated, 63 expanded, 5 reopened, t=0.1s]
Solution found!
Actual search time: 0s [t=0.1s]
switch_on instrument2 satellite1 (1)
turn_to satellite1 star2 star0 (1)
calibrate instrument2 satellite1 star2 (1)
turn_to satellite1 star6 star2 (1)
take_image instrument2 satellite1 star6 infrared1 (1)
turn_to satellite1 star4 star6 (1)
take_image instrument2 satellite1 star4 infrared1 (1)
turn_to satellite1 planet3 star4 (1)
take_image instrument2 satellite1 planet3 infrared1 (1)
turn_to satellite1 planet5 planet3 (1)
switch_on instrument0 satellite0 (1)
turn_to satellite0 star7 star6 (1)
take_image instrument2 satellite1 planet5 thermograph2 (1)
turn_to satellite0 star0 star7 (1)
calibrate instrument0 satellite0 star0 (1)
turn_to satellite0 star7 star0 (1)
take_image instrument0 satellite0 star7 infrared0 (1)
turn_to satellite0 phenomenon9 star7 (1)
take_image instrument0 satellite0 phenomenon9 infrared0 (1)
turn_to satellite0 phenomenon8 phenomenon9 (1)
take_image instrument0 satellite0 phenomenon8 thermograph2 (1)
Plan length: 21 step(s).
Plan cost: 21
Initial state h value: 17/21.
Expanded 64 state(s).
Reopened 5 state(s).
Evaluated 65 state(s).
Evaluations: 130
Generated 1343 state(s).
Dead ends: 0 state(s).
Best solution cost so far: 21
Solution found - keep searching
Starting search: lazy_wastar(list(hff, hlm), preferred = list(hff, hlm), w = 1)
Conducting lazy best first search, (real) bound = 21
Best heuristic value: 17/21 [g=0, 1 evaluated, 0 expanded, t=0.11s]
Best heuristic value: 17/19 [g=1, 2 evaluated, 1 expanded, t=0.11s]
Best heuristic value: 16/18 [g=2, 3 evaluated, 2 expanded, t=0.11s]
Best heuristic value: 16/16 [g=2, 7 evaluated, 6 expanded, 1 reopened, t=0.11s]
Best heuristic value: 15/15 [g=2, 10 evaluated, 9 expanded, 2 reopened, t=0.11s]
Best heuristic value: 14/14 [g=3, 24 evaluated, 23 expanded, 2 reopened, t=0.11s]
Best heuristic value: 14/13 [g=4, 36 evaluated, 35 expanded, 2 reopened, t=0.11s]
Best heuristic value: 13/13 [g=4, 38 evaluated, 37 expanded, 2 reopened, t=0.11s]
Best heuristic value: 13/12 [g=5, 45 evaluated, 44 expanded, 2 reopened, t=0.11s]
Best heuristic value: 12/12 [g=5, 46 evaluated, 45 expanded, 2 reopened, t=0.11s]
Best heuristic value: 12/11 [g=6, 78 evaluated, 77 expanded, 2 reopened, t=0.11s]
Best heuristic value: 11/11 [g=6, 80 evaluated, 79 expanded, 2 reopened, t=0.11s]
Best heuristic value: 11/10 [g=7, 128 evaluated, 127 expanded, 2 reopened, t=0.11s]
Best heuristic value: 10/10 [g=7, 131 evaluated, 130 expanded, 2 reopened, t=0.11s]
Best heuristic value: 10/9 [g=8, 205 evaluated, 204 expanded, 2 reopened, t=0.12s]
Best heuristic value: 9/9 [g=8, 206 evaluated, 205 expanded, 2 reopened, t=0.12s]
Best heuristic value: 9/8 [g=9, 319 evaluated, 318 expanded, 2 reopened, t=0.12s]
Best heuristic value: 8/8 [g=9, 320 evaluated, 319 expanded, 2 reopened, t=0.12s]
Best heuristic value: 7/7 [g=10, 432 evaluated, 431 expanded, 2 reopened, t=0.13s]
Best heuristic value: 6/6 [g=11, 592 evaluated, 591 expanded, 2 reopened, t=0.14s]
Best heuristic value: 5/6 [g=12, 702 evaluated, 701 expanded, 2 reopened, t=0.15s]
Best heuristic value: 5/5 [g=12, 705 evaluated, 704 expanded, 2 reopened, t=0.15s]
Best heuristic value: 4/4 [g=13, 847 evaluated, 846 expanded, 2 reopened, t=0.15s]
Best heuristic value: 3/4 [g=14, 905 evaluated, 904 expanded, 2 reopened, t=0.16s]
Best heuristic value: 3/3 [g=14, 908 evaluated, 907 expanded, 2 reopened, t=0.16s]
Best heuristic value: 2/2 [g=15, 961 evaluated, 960 expanded, 2 reopened, t=0.16s]
Best heuristic value: 1/2 [g=16, 974 evaluated, 973 expanded, 2 reopened, t=0.16s]
Best heuristic value: 1/1 [g=16, 975 evaluated, 974 expanded, 2 reopened, t=0.16s]
Solution found!
Actual search time: 0.05s [t=0.16s]
turn_to satellite1 star2 star0 (1)
switch_on instrument1 satellite1 (1)
calibrate instrument1 satellite1 star2 (1)
turn_to satellite1 star6 star2 (1)
take_image instrument1 satellite1 star6 infrared1 (1)
turn_to satellite1 star4 star6 (1)
take_image instrument1 satellite1 star4 infrared1 (1)
turn_to satellite1 planet3 star4 (1)
take_image instrument1 satellite1 planet3 infrared1 (1)
turn_to satellite1 star7 planet3 (1)
take_image instrument1 satellite1 star7 infrared0 (1)
turn_to satellite1 phenomenon9 star7 (1)
take_image instrument1 satellite1 phenomenon9 infrared0 (1)
turn_to satellite1 phenomenon8 phenomenon9 (1)
take_image instrument1 satellite1 phenomenon8 thermograph2 (1)
turn_to satellite1 planet5 phenomenon8 (1)
take_image instrument1 satellite1 planet5 thermograph2 (1)
Plan length: 17 step(s).
Plan cost: 17
Initial state h value: 17/21.
Expanded 982 state(s).
Reopened 2 state(s).
Evaluated 983 state(s).
Evaluations: 1966
Generated 20551 state(s).
Dead ends: 0 state(s).
Best solution cost so far: 17
Solution found - keep searching
Starting search: lazy_wastar(list(hff, hlm), preferred = list(hff, hlm), w = 1)
Conducting lazy best first search, (real) bound = 17
Best heuristic value: 17/21 [g=0, 1 evaluated, 0 expanded, t=0.16s]
Best heuristic value: 17/19 [g=1, 2 evaluated, 1 expanded, t=0.16s]
Best heuristic value: 16/18 [g=2, 3 evaluated, 2 expanded, t=0.16s]
Best heuristic value: 16/16 [g=2, 7 evaluated, 6 expanded, 1 reopened, t=0.16s]
Best heuristic value: 15/15 [g=2, 10 evaluated, 9 expanded, 2 reopened, t=0.16s]
Best heuristic value: 14/14 [g=3, 24 evaluated, 23 expanded, 2 reopened, t=0.16s]
Best heuristic value: 14/13 [g=4, 36 evaluated, 35 expanded, 2 reopened, t=0.17s]
Best heuristic value: 13/13 [g=4, 38 evaluated, 37 expanded, 2 reopened, t=0.17s]
Best heuristic value: 13/12 [g=5, 45 evaluated, 44 expanded, 2 reopened, t=0.17s]
Best heuristic value: 12/12 [g=5, 46 evaluated, 45 expanded, 2 reopened, t=0.17s]
Best heuristic value: 12/11 [g=6, 78 evaluated, 77 expanded, 2 reopened, t=0.17s]
Best heuristic value: 11/11 [g=6, 80 evaluated, 79 expanded, 2 reopened, t=0.17s]
Best heuristic value: 11/10 [g=7, 128 evaluated, 127 expanded, 2 reopened, t=0.18s]
Best heuristic value: 10/10 [g=7, 131 evaluated, 130 expanded, 2 reopened, t=0.18s]
Best heuristic value: 10/9 [g=8, 205 evaluated, 204 expanded, 2 reopened, t=0.18s]
Best heuristic value: 9/9 [g=8, 206 evaluated, 205 expanded, 2 reopened, t=0.18s]
Best heuristic value: 9/8 [g=9, 319 evaluated, 318 expanded, 2 reopened, t=0.19s]
Best heuristic value: 8/8 [g=9, 320 evaluated, 319 expanded, 2 reopened, t=0.19s]
Best heuristic value: 7/7 [g=10, 432 evaluated, 431 expanded, 2 reopened, t=0.19s]
Best heuristic value: 6/6 [g=11, 592 evaluated, 591 expanded, 2 reopened, t=0.2s]
Best heuristic value: 5/6 [g=12, 702 evaluated, 701 expanded, 2 reopened, t=0.21s]
Best heuristic value: 5/5 [g=12, 705 evaluated, 704 expanded, 2 reopened, t=0.21s]
Best heuristic value: 4/4 [g=13, 847 evaluated, 846 expanded, 2 reopened, t=0.22s]
Best heuristic value: 3/4 [g=14, 905 evaluated, 904 expanded, 2 reopened, t=0.22s]
Best heuristic value: 3/3 [g=14, 908 evaluated, 907 expanded, 2 reopened, t=0.22s]
Best heuristic value: 2/2 [g=15, 961 evaluated, 960 expanded, 2 reopened, t=0.22s]
Best heuristic value: 1/2 [g=16, 974 evaluated, 973 expanded, 2 reopened, t=0.22s]
Best heuristic value: 1/1 [g=16, 975 evaluated, 974 expanded, 2 reopened, t=0.22s]
Completely explored state space -- no solution!
Actual search time: 43.81s [t=43.97s]
Initial state h value: 17/21.
Expanded 378309 state(s).
Reopened 31185 state(s).
Evaluated 378309 state(s).
Evaluations: 756618
Generated 7851387 state(s).
Dead ends: 0 state(s).
Best solution cost so far: 17
No solution found - keep searching
Actual search time: 43.97s [t=43.97s]
Cumulative statistics:
Expanded 380859 state(s).
Reopened 31871 state(s).
Evaluated 380864 state(s).
Evaluations: 761728
Generated 7905456 state(s).
Dead ends: 0 state(s).
Search time: 43.97s
Total time: 43.97s
Solution found.
Peak memory: 89764 KB
