Parsing... [0.010s CPU, 0.008s wall-clock]
Normalizing task... [0.000s CPU, 0.000s wall-clock]
Instantiating...
Generating Datalog program... [0.000s CPU, 0.003s wall-clock]
Normalizing Datalog program...
Normalizing Datalog program: [0.000s CPU, 0.004s wall-clock]
Preparing model... [0.020s CPU, 0.012s wall-clock]
Generated 31 rules.
Computing model... [8.460s CPU, 8.460s wall-clock]
347310 relevant atoms
5527 auxiliary atoms
352837 final queue length
693981 total queue pushes
Completing instantiation... [24.280s CPU, 24.290s wall-clock]
Instantiating: [33.020s CPU, 33.013s wall-clock]
Computing fact groups...
Finding invariants...
12 initial candidates
Finding invariants: [0.110s CPU, 0.117s wall-clock]
Checking invariant weight... [0.000s CPU, 0.000s wall-clock]
Instantiating groups... [0.020s CPU, 0.010s wall-clock]
Collecting mutex groups... [0.000s CPU, 0.003s wall-clock]
Choosing groups...
1065 uncovered facts
Choosing groups: [0.010s CPU, 0.008s wall-clock]
Building translation key... [0.010s CPU, 0.010s wall-clock]
Computing fact groups: [0.190s CPU, 0.195s wall-clock]
Building STRIPS to SAS dictionary... [0.010s CPU, 0.006s wall-clock]
Building dictionary for full mutex groups... [0.000s CPU, 0.005s wall-clock]
Building mutex information...
Building mutex information: [0.010s CPU, 0.004s wall-clock]
Translating task...
Processing axioms...
Simplifying axioms... [0.000s CPU, 0.000s wall-clock]
Processing axioms: [1.380s CPU, 1.387s wall-clock]
Translating task: [19.900s CPU, 19.913s wall-clock]
1640 implied effects removed
16 effect conditions simplified
0 implied preconditions added
Detecting unreachable propositions...
1640 operators removed
8 propositions removed
Detecting unreachable propositions: [2.420s CPU, 2.422s wall-clock]
Translator variables: 1073
Translator derived variables: 0
Translator facts: 3770
Translator mutex groups: 8
Translator total mutex groups size: 1640
Translator operators: 342193
Translator task size: 1048483
Translator peak memory: 1205544 KB
Writing output... [3.500s CPU, 3.499s wall-clock]
Done! [60.900s CPU, 60.903s wall-clock]
