Parsing... [0.010s CPU, 0.009s wall-clock]
Normalizing task... [0.000s CPU, 0.000s wall-clock]
Instantiating...
Generating Datalog program... [0.000s CPU, 0.004s wall-clock]
Normalizing Datalog program...
Normalizing Datalog program: [0.010s CPU, 0.005s wall-clock]
Preparing model... [0.010s CPU, 0.013s wall-clock]
Generated 31 rules.
Computing model... [23.730s CPU, 23.734s wall-clock]
434114 relevant atoms
6967 auxiliary atoms
441081 final queue length
868129 total queue pushes
Completing instantiation... [74.730s CPU, 74.743s wall-clock]
Instantiating: [100.060s CPU, 100.076s wall-clock]
Computing fact groups...
Finding invariants...
12 initial candidates
Finding invariants: [0.400s CPU, 0.391s wall-clock]
Checking invariant weight... [0.000s CPU, 0.001s wall-clock]
Instantiating groups... [0.010s CPU, 0.012s wall-clock]
Collecting mutex groups... [0.010s CPU, 0.008s wall-clock]
Choosing groups...
1081 uncovered facts
Choosing groups: [0.010s CPU, 0.010s wall-clock]
Building translation key... [0.010s CPU, 0.011s wall-clock]
Computing fact groups: [0.490s CPU, 0.496s wall-clock]
Building STRIPS to SAS dictionary... [0.010s CPU, 0.006s wall-clock]
Building dictionary for full mutex groups... [0.000s CPU, 0.006s wall-clock]
Building mutex information...
Building mutex information: [0.010s CPU, 0.005s wall-clock]
Translating task...
Processing axioms...
Simplifying axioms... [0.010s CPU, 0.001s wall-clock]
Processing axioms: [4.970s CPU, 4.962s wall-clock]
Translating task: [53.930s CPU, 53.930s wall-clock]
2050 implied effects removed
23 effect conditions simplified
0 implied preconditions added
Detecting unreachable propositions...
2050 operators removed
10 propositions removed
Detecting unreachable propositions: [4.460s CPU, 4.463s wall-clock]
Translator variables: 1091
Translator derived variables: 0
Translator facts: 4212
Translator mutex groups: 10
Translator total mutex groups size: 2050
Translator operators: 428109
Translator task size: 1311630
Translator peak memory: 1496992 KB
Writing output... [4.430s CPU, 4.435s wall-clock]
Done! [172.740s CPU, 172.769s wall-clock]
