Parsing... [0.010s CPU, 0.002s wall-clock]
Normalizing task... [0.000s CPU, 0.000s wall-clock]
Instantiating...
Generating Datalog program... [0.000s CPU, 0.001s wall-clock]
Normalizing Datalog program...
Normalizing Datalog program: [0.000s CPU, 0.003s wall-clock]
Preparing model... [0.000s CPU, 0.002s wall-clock]
Generated 31 rules.
Computing model... [0.020s CPU, 0.021s wall-clock]
1290 relevant atoms
147 auxiliary atoms
1437 final queue length
2040 total queue pushes
Completing instantiation... [0.030s CPU, 0.037s wall-clock]
Instantiating: [0.050s CPU, 0.064s wall-clock]
Computing fact groups...
Finding invariants...
12 initial candidates
Finding invariants: [0.010s CPU, 0.011s wall-clock]
Checking invariant weight... [0.000s CPU, 0.000s wall-clock]
Instantiating groups... [0.000s CPU, 0.000s wall-clock]
Collecting mutex groups... [0.000s CPU, 0.000s wall-clock]
Choosing groups...
252 uncovered facts
Choosing groups: [0.000s CPU, 0.000s wall-clock]
Building translation key... [0.010s CPU, 0.002s wall-clock]
Computing fact groups: [0.020s CPU, 0.017s wall-clock]
Building STRIPS to SAS dictionary... [0.000s CPU, 0.001s wall-clock]
Building dictionary for full mutex groups... [0.000s CPU, 0.001s wall-clock]
Building mutex information...
Building mutex information: [0.000s CPU, 0.001s wall-clock]
Translating task...
Processing axioms...
Simplifying axioms... [0.000s CPU, 0.000s wall-clock]
Processing axioms: [0.000s CPU, 0.004s wall-clock]
Translating task: [0.030s CPU, 0.038s wall-clock]
25 implied effects removed
2 effect conditions simplified
0 implied preconditions added
Detecting unreachable propositions...
25 operators removed
2 propositions removed
Detecting unreachable propositions: [0.000s CPU, 0.009s wall-clock]
Translator variables: 254
Translator derived variables: 0
Translator facts: 532
Translator mutex groups: 2
Translator total mutex groups size: 28
Translator operators: 856
Translator task size: 3906
Translator peak memory: 41420 KB
Writing output... [0.010s CPU, 0.011s wall-clock]
Done! [0.140s CPU, 0.146s wall-clock]
