Dispatcher selected state size 1.
This is a unit task.
Simplifying transitions... done!
Initializing Exploration...
Generating landmarks using the RPG/SAS+ approach
approx. reasonable orders
approx. obedient reasonable orders
Removed 0 reasonable or obedient reasonable orders
Landmarks generation time: 0.00947178s
Discovered 69 landmarks, of which 0 are disjunctive and 0 are conjunctive 
129 edges
Initializing LAMA-FF Synergy Object
Initializing landmarks count heuristic...
24 initial landmarks, 20 goal landmarks
Starting search: lazy_greedy(list(hff, hlm), preferred = list(hff, hlm))
Conducting lazy best first search, (real) bound = 2147483647
Best heuristic value: 45/45 [g=0, 1 evaluated, 0 expanded, t=0.02s]
Best heuristic value: 44/44 [g=3, 67 evaluated, 66 expanded, t=0.02s]
Best heuristic value: 43/43 [g=4, 68 evaluated, 67 expanded, t=0.02s]
Best heuristic value: 42/42 [g=5, 69 evaluated, 68 expanded, t=0.02s]
Best heuristic value: 41/41 [g=6, 70 evaluated, 69 expanded, t=0.02s]
Best heuristic value: 40/40 [g=7, 71 evaluated, 70 expanded, t=0.02s]
Best heuristic value: 39/39 [g=8, 72 evaluated, 71 expanded, t=0.02s]
Best heuristic value: 38/38 [g=9, 73 evaluated, 72 expanded, t=0.02s]
Best heuristic value: 37/37 [g=10, 74 evaluated, 73 expanded, t=0.02s]
Best heuristic value: 36/36 [g=11, 75 evaluated, 74 expanded, t=0.02s]
Best heuristic value: 35/35 [g=12, 76 evaluated, 75 expanded, t=0.02s]
Best heuristic value: 34/34 [g=13, 77 evaluated, 76 expanded, t=0.02s]
Best heuristic value: 33/33 [g=14, 78 evaluated, 77 expanded, t=0.02s]
Best heuristic value: 32/32 [g=15, 79 evaluated, 78 expanded, t=0.02s]
Best heuristic value: 31/31 [g=16, 80 evaluated, 79 expanded, t=0.02s]
Best heuristic value: 30/30 [g=17, 81 evaluated, 80 expanded, t=0.02s]
Best heuristic value: 29/29 [g=18, 82 evaluated, 81 expanded, t=0.02s]
Best heuristic value: 28/28 [g=19, 83 evaluated, 82 expanded, t=0.02s]
Best heuristic value: 27/27 [g=20, 84 evaluated, 83 expanded, t=0.02s]
Best heuristic value: 26/26 [g=21, 85 evaluated, 84 expanded, t=0.02s]
Best heuristic value: 25/25 [g=22, 86 evaluated, 85 expanded, t=0.02s]
Best heuristic value: 24/24 [g=24, 99 evaluated, 98 expanded, t=0.02s]
Best heuristic value: 23/23 [g=25, 100 evaluated, 99 expanded, t=0.02s]
Best heuristic value: 22/22 [g=26, 101 evaluated, 100 expanded, t=0.02s]
Best heuristic value: 21/21 [g=27, 102 evaluated, 101 expanded, t=0.02s]
Best heuristic value: 20/20 [g=28, 103 evaluated, 102 expanded, t=0.02s]
Best heuristic value: 19/19 [g=29, 104 evaluated, 103 expanded, t=0.02s]
Best heuristic value: 18/18 [g=30, 105 evaluated, 104 expanded, t=0.02s]
Best heuristic value: 17/17 [g=31, 106 evaluated, 105 expanded, t=0.02s]
Best heuristic value: 16/16 [g=32, 107 evaluated, 106 expanded, t=0.02s]
Best heuristic value: 15/15 [g=33, 108 evaluated, 107 expanded, t=0.02s]
Best heuristic value: 14/14 [g=34, 109 evaluated, 108 expanded, t=0.02s]
Best heuristic value: 13/13 [g=35, 110 evaluated, 109 expanded, t=0.02s]
Best heuristic value: 12/12 [g=36, 111 evaluated, 110 expanded, t=0.02s]
Best heuristic value: 11/11 [g=37, 112 evaluated, 111 expanded, t=0.02s]
Best heuristic value: 10/10 [g=38, 113 evaluated, 112 expanded, t=0.02s]
Best heuristic value: 9/9 [g=39, 114 evaluated, 113 expanded, t=0.02s]
Best heuristic value: 8/8 [g=40, 115 evaluated, 114 expanded, t=0.02s]
Best heuristic value: 7/7 [g=41, 116 evaluated, 115 expanded, t=0.02s]
Best heuristic value: 6/6 [g=42, 117 evaluated, 116 expanded, t=0.02s]
Best heuristic value: 5/5 [g=43, 118 evaluated, 117 expanded, t=0.02s]
Best heuristic value: 4/4 [g=44, 119 evaluated, 118 expanded, t=0.02s]
Best heuristic value: 3/3 [g=45, 120 evaluated, 119 expanded, t=0.02s]
Best heuristic value: 2/2 [g=46, 121 evaluated, 120 expanded, t=0.02s]
Best heuristic value: 1/1 [g=47, 122 evaluated, 121 expanded, t=0.02s]
Solution found!
Actual search time: 0s [t=0.02s]
switch_on instrument-1 satellite-0 (1)
turn_to satellite-0 station-2 direction-5 (1)
calibrate instrument-1 satellite-0 station-2 (1)
turn_to satellite-0 direction-9 station-2 (1)
take_image instrument-1 satellite-0 direction-9 mode-2 (1)
turn_to satellite-0 direction-6 direction-9 (1)
take_image instrument-1 satellite-0 direction-6 mode-4 (1)
turn_to satellite-0 direction-5 direction-6 (1)
take_image instrument-1 satellite-0 direction-5 mode-8 (1)
turn_to satellite-0 direction-4 direction-5 (1)
take_image instrument-1 satellite-0 direction-4 mode-4 (1)
turn_to satellite-0 direction-19 direction-4 (1)
take_image instrument-1 satellite-0 direction-19 mode-9 (1)
turn_to satellite-0 direction-18 direction-19 (1)
take_image instrument-1 satellite-0 direction-18 mode-4 (1)
turn_to satellite-0 direction-16 direction-18 (1)
take_image instrument-1 satellite-0 direction-16 mode-4 (1)
turn_to satellite-0 direction-15 direction-16 (1)
take_image instrument-1 satellite-0 direction-15 mode-8 (1)
switch_off instrument-1 satellite-0 (1)
switch_on instrument-0 satellite-0 (1)
turn_to satellite-0 direction-8 direction-15 (1)
turn_to satellite-0 station-0 direction-8 (1)
calibrate instrument-0 satellite-0 station-0 (1)
turn_to satellite-0 direction-8 station-0 (1)
take_image instrument-0 satellite-0 direction-8 mode-1 (1)
turn_to satellite-0 direction-7 direction-8 (1)
take_image instrument-0 satellite-0 direction-7 mode-5 (1)
turn_to satellite-0 direction-3 direction-7 (1)
take_image instrument-0 satellite-0 direction-3 mode-6 (1)
turn_to satellite-0 direction-2 direction-3 (1)
take_image instrument-0 satellite-0 direction-2 mode-3 (1)
turn_to satellite-0 direction-17 direction-2 (1)
take_image instrument-0 satellite-0 direction-17 mode-0 (1)
turn_to satellite-0 direction-14 direction-17 (1)
take_image instrument-0 satellite-0 direction-14 mode-7 (1)
turn_to satellite-0 direction-13 direction-14 (1)
take_image instrument-0 satellite-0 direction-13 mode-0 (1)
turn_to satellite-0 direction-12 direction-13 (1)
take_image instrument-0 satellite-0 direction-12 mode-7 (1)
turn_to satellite-0 direction-11 direction-12 (1)
take_image instrument-0 satellite-0 direction-11 mode-0 (1)
turn_to satellite-0 direction-10 direction-11 (1)
take_image instrument-0 satellite-0 direction-10 mode-5 (1)
turn_to satellite-0 direction-1 direction-10 (1)
take_image instrument-0 satellite-0 direction-1 mode-1 (1)
turn_to satellite-0 direction-0 direction-1 (1)
take_image instrument-0 satellite-0 direction-0 mode-0 (1)
Plan length: 48 step(s).
Plan cost: 48
Initial state h value: 45/45.
Expanded 122 state(s).
Reopened 0 state(s).
Evaluated 123 state(s).
Evaluations: 246
Generated 3117 state(s).
Dead ends: 0 state(s).
Best solution cost so far: 48
Solution found - keep searching
Starting search: lazy_wastar(list(hff, hlm), preferred = list(hff, hlm), w = 5)
Conducting lazy best first search, (real) bound = 48
Best heuristic value: 45/45 [g=0, 1 evaluated, 0 expanded, t=0.02s]
Best heuristic value: 44/44 [g=3, 67 evaluated, 66 expanded, t=0.04s]
Best heuristic value: 43/43 [g=4, 68 evaluated, 67 expanded, t=0.04s]
Best heuristic value: 42/42 [g=5, 69 evaluated, 68 expanded, t=0.04s]
Best heuristic value: 41/41 [g=6, 70 evaluated, 69 expanded, t=0.04s]
Best heuristic value: 40/40 [g=7, 71 evaluated, 70 expanded, t=0.04s]
Best heuristic value: 39/39 [g=8, 72 evaluated, 71 expanded, t=0.04s]
Best heuristic value: 38/38 [g=9, 73 evaluated, 72 expanded, t=0.04s]
Best heuristic value: 37/37 [g=10, 74 evaluated, 73 expanded, t=0.04s]
Best heuristic value: 36/36 [g=11, 75 evaluated, 74 expanded, t=0.04s]
Best heuristic value: 35/35 [g=12, 76 evaluated, 75 expanded, t=0.04s]
Best heuristic value: 34/34 [g=13, 77 evaluated, 76 expanded, t=0.04s]
Best heuristic value: 33/33 [g=14, 78 evaluated, 77 expanded, t=0.04s]
Best heuristic value: 32/32 [g=15, 79 evaluated, 78 expanded, t=0.04s]
Best heuristic value: 31/31 [g=16, 80 evaluated, 79 expanded, t=0.04s]
Best heuristic value: 30/30 [g=17, 81 evaluated, 80 expanded, t=0.04s]
Best heuristic value: 29/29 [g=18, 82 evaluated, 81 expanded, t=0.04s]
Best heuristic value: 28/28 [g=19, 83 evaluated, 82 expanded, t=0.04s]
Best heuristic value: 27/27 [g=20, 84 evaluated, 83 expanded, t=0.04s]
Best heuristic value: 26/26 [g=21, 85 evaluated, 84 expanded, t=0.04s]
Best heuristic value: 25/25 [g=22, 86 evaluated, 85 expanded, t=0.04s]
Best heuristic value: 24/24 [g=24, 99 evaluated, 98 expanded, t=0.04s]
Best heuristic value: 23/23 [g=25, 100 evaluated, 99 expanded, t=0.04s]
Best heuristic value: 22/22 [g=26, 101 evaluated, 100 expanded, t=0.04s]
Best heuristic value: 21/21 [g=27, 102 evaluated, 101 expanded, t=0.04s]
Best heuristic value: 20/20 [g=28, 103 evaluated, 102 expanded, t=0.04s]
Best heuristic value: 19/19 [g=29, 104 evaluated, 103 expanded, t=0.04s]
Best heuristic value: 18/18 [g=30, 105 evaluated, 104 expanded, t=0.04s]
Best heuristic value: 17/17 [g=31, 106 evaluated, 105 expanded, t=0.04s]
Best heuristic value: 16/16 [g=32, 107 evaluated, 106 expanded, t=0.04s]
Best heuristic value: 15/15 [g=33, 108 evaluated, 107 expanded, t=0.04s]
Best heuristic value: 14/14 [g=34, 109 evaluated, 108 expanded, t=0.04s]
Best heuristic value: 13/13 [g=35, 110 evaluated, 109 expanded, t=0.04s]
Best heuristic value: 12/12 [g=36, 111 evaluated, 110 expanded, t=0.04s]
Best heuristic value: 11/11 [g=37, 112 evaluated, 111 expanded, t=0.04s]
Best heuristic value: 10/10 [g=38, 113 evaluated, 112 expanded, t=0.04s]
Best heuristic value: 9/9 [g=39, 114 evaluated, 113 expanded, t=0.04s]
Best heuristic value: 8/8 [g=40, 115 evaluated, 114 expanded, t=0.04s]
Best heuristic value: 7/7 [g=41, 116 evaluated, 115 expanded, t=0.04s]
Best heuristic value: 6/6 [g=42, 117 evaluated, 116 expanded, t=0.04s]
Best heuristic value: 5/5 [g=43, 118 evaluated, 117 expanded, t=0.04s]
Best heuristic value: 4/4 [g=44, 119 evaluated, 118 expanded, t=0.04s]
Best heuristic value: 3/3 [g=45, 120 evaluated, 119 expanded, t=0.04s]
Best heuristic value: 2/2 [g=46, 121 evaluated, 120 expanded, t=0.04s]
Best heuristic value: 1/1 [g=47, 122 evaluated, 121 expanded, t=0.04s]
Solution found!
Actual search time: 37.3s [t=37.32s]
switch_on instrument-1 satellite-0 (1)
turn_to satellite-0 station-2 direction-5 (1)
calibrate instrument-1 satellite-0 station-2 (1)
turn_to satellite-0 direction-9 station-2 (1)
take_image instrument-1 satellite-0 direction-9 mode-2 (1)
turn_to satellite-0 direction-6 direction-9 (1)
take_image instrument-1 satellite-0 direction-6 mode-4 (1)
turn_to satellite-0 direction-5 direction-6 (1)
take_image instrument-1 satellite-0 direction-5 mode-8 (1)
turn_to satellite-0 direction-4 direction-5 (1)
take_image instrument-1 satellite-0 direction-4 mode-4 (1)
turn_to satellite-0 direction-19 direction-4 (1)
take_image instrument-1 satellite-0 direction-19 mode-9 (1)
turn_to satellite-0 direction-18 direction-19 (1)
take_image instrument-1 satellite-0 direction-18 mode-4 (1)
turn_to satellite-0 direction-16 direction-18 (1)
take_image instrument-1 satellite-0 direction-16 mode-4 (1)
turn_to satellite-0 direction-15 direction-16 (1)
take_image instrument-1 satellite-0 direction-15 mode-8 (1)
switch_off instrument-1 satellite-0 (1)
switch_on instrument-0 satellite-0 (1)
turn_to satellite-0 station-0 direction-15 (1)
calibrate instrument-0 satellite-0 station-0 (1)
turn_to satellite-0 direction-8 station-0 (1)
take_image instrument-0 satellite-0 direction-8 mode-1 (1)
turn_to satellite-0 direction-7 direction-8 (1)
take_image instrument-0 satellite-0 direction-7 mode-5 (1)
turn_to satellite-0 direction-3 direction-7 (1)
take_image instrument-0 satellite-0 direction-3 mode-6 (1)
turn_to satellite-0 direction-2 direction-3 (1)
take_image instrument-0 satellite-0 direction-2 mode-3 (1)
turn_to satellite-0 direction-17 direction-2 (1)
take_image instrument-0 satellite-0 direction-17 mode-0 (1)
turn_to satellite-0 direction-14 direction-17 (1)
take_image instrument-0 satellite-0 direction-14 mode-7 (1)
turn_to satellite-0 direction-13 direction-14 (1)
take_image instrument-0 satellite-0 direction-13 mode-0 (1)
turn_to satellite-0 direction-12 direction-13 (1)
take_image instrument-0 satellite-0 direction-12 mode-7 (1)
turn_to satellite-0 direction-11 direction-12 (1)
take_image instrument-0 satellite-0 direction-11 mode-0 (1)
turn_to satellite-0 direction-10 direction-11 (1)
take_image instrument-0 satellite-0 direction-10 mode-5 (1)
turn_to satellite-0 direction-1 direction-10 (1)
take_image instrument-0 satellite-0 direction-1 mode-1 (1)
turn_to satellite-0 direction-0 direction-1 (1)
take_image instrument-0 satellite-0 direction-0 mode-0 (1)
Plan length: 47 step(s).
Plan cost: 47
Initial state h value: 45/45.
Expanded 456401 state(s).
Reopened 326277 state(s).
Evaluated 456402 state(s).
Evaluations: 912804
Generated 11775793 state(s).
Dead ends: 0 state(s).
Best solution cost so far: 47
Solution found - keep searching
Starting search: lazy_wastar(list(hff, hlm), preferred = list(hff, hlm), w = 3)
Conducting lazy best first search, (real) bound = 47
Best heuristic value: 45/45 [g=0, 1 evaluated, 0 expanded, t=37.32s]
Best heuristic value: 44/44 [g=3, 67 evaluated, 66 expanded, t=37.32s]
Best heuristic value: 43/43 [g=4, 68 evaluated, 67 expanded, t=37.32s]
Best heuristic value: 42/42 [g=5, 69 evaluated, 68 expanded, t=37.32s]
Best heuristic value: 41/41 [g=6, 70 evaluated, 69 expanded, t=37.32s]
Best heuristic value: 40/40 [g=7, 71 evaluated, 70 expanded, t=37.32s]
Best heuristic value: 39/39 [g=8, 72 evaluated, 71 expanded, t=37.32s]
Best heuristic value: 38/38 [g=9, 73 evaluated, 72 expanded, t=37.32s]
Best heuristic value: 37/37 [g=10, 74 evaluated, 73 expanded, t=37.32s]
Best heuristic value: 36/36 [g=11, 75 evaluated, 74 expanded, t=37.32s]
Best heuristic value: 35/35 [g=12, 76 evaluated, 75 expanded, t=37.32s]
Best heuristic value: 34/34 [g=13, 77 evaluated, 76 expanded, t=37.32s]
Best heuristic value: 33/33 [g=14, 78 evaluated, 77 expanded, t=37.32s]
Best heuristic value: 32/32 [g=15, 79 evaluated, 78 expanded, t=37.32s]
Best heuristic value: 31/31 [g=16, 80 evaluated, 79 expanded, t=37.32s]
Best heuristic value: 30/30 [g=17, 81 evaluated, 80 expanded, t=37.32s]
Best heuristic value: 29/29 [g=18, 82 evaluated, 81 expanded, t=37.32s]
Best heuristic value: 28/28 [g=19, 83 evaluated, 82 expanded, t=37.32s]
Best heuristic value: 27/27 [g=20, 84 evaluated, 83 expanded, t=37.32s]
Best heuristic value: 26/26 [g=21, 85 evaluated, 84 expanded, t=37.32s]
Best heuristic value: 25/25 [g=22, 86 evaluated, 85 expanded, t=37.32s]
Best heuristic value: 24/24 [g=24, 99 evaluated, 98 expanded, t=37.32s]
Best heuristic value: 23/23 [g=25, 100 evaluated, 99 expanded, t=37.32s]
Best heuristic value: 22/22 [g=26, 101 evaluated, 100 expanded, t=37.32s]
Best heuristic value: 21/21 [g=27, 102 evaluated, 101 expanded, t=37.32s]
Best heuristic value: 20/20 [g=28, 103 evaluated, 102 expanded, t=37.32s]
Best heuristic value: 19/19 [g=29, 104 evaluated, 103 expanded, t=37.32s]
Best heuristic value: 18/18 [g=30, 105 evaluated, 104 expanded, t=37.32s]
Best heuristic value: 17/17 [g=31, 106 evaluated, 105 expanded, t=37.32s]
Best heuristic value: 16/16 [g=32, 107 evaluated, 106 expanded, t=37.32s]
Best heuristic value: 15/15 [g=33, 108 evaluated, 107 expanded, t=37.32s]
Best heuristic value: 14/14 [g=34, 109 evaluated, 108 expanded, t=37.32s]
Best heuristic value: 13/13 [g=35, 110 evaluated, 109 expanded, t=37.32s]
Best heuristic value: 12/12 [g=36, 111 evaluated, 110 expanded, t=37.32s]
Best heuristic value: 11/11 [g=37, 112 evaluated, 111 expanded, t=37.32s]
Best heuristic value: 10/10 [g=38, 113 evaluated, 112 expanded, t=37.32s]
Best heuristic value: 9/9 [g=39, 114 evaluated, 113 expanded, t=37.32s]
Best heuristic value: 8/8 [g=40, 115 evaluated, 114 expanded, t=37.32s]
Best heuristic value: 7/7 [g=41, 116 evaluated, 115 expanded, t=37.32s]
Best heuristic value: 6/6 [g=42, 117 evaluated, 116 expanded, t=37.32s]
Best heuristic value: 5/5 [g=43, 118 evaluated, 117 expanded, t=37.32s]
Best heuristic value: 4/4 [g=44, 119 evaluated, 118 expanded, t=37.32s]
Best heuristic value: 3/3 [g=45, 120 evaluated, 119 expanded, t=37.32s]
Best heuristic value: 2/2 [g=46, 121 evaluated, 120 expanded, t=37.32s]
Best heuristic value: 1/1 [g=46, 464070 evaluated, 464069 expanded, 320627 reopened, t=76.34s]
Peak memory: 921596 KB
caught signal 2 -- exiting
