Parsing... [0.030s CPU, 0.034s wall-clock]
Normalizing task... [0.000s CPU, 0.003s wall-clock]
Instantiating...
Generating Datalog program... [0.010s CPU, 0.004s wall-clock]
Normalizing Datalog program...
Normalizing Datalog program: [0.010s CPU, 0.008s wall-clock]
Preparing model... [0.040s CPU, 0.040s wall-clock]
Generated 31 rules.
Computing model... [4.420s CPU, 4.454s wall-clock]
202891 relevant atoms
2716 auxiliary atoms
205607 final queue length
401459 total queue pushes
Completing instantiation... [14.510s CPU, 14.508s wall-clock]
Instantiating: [19.190s CPU, 19.202s wall-clock]
Computing fact groups...
Finding invariants...
12 initial candidates
Finding invariants: [0.040s CPU, 0.049s wall-clock]
Checking invariant weight... [0.000s CPU, 0.000s wall-clock]
Instantiating groups... [0.010s CPU, 0.004s wall-clock]
Collecting mutex groups... [0.010s CPU, 0.005s wall-clock]
Choosing groups...
2325 uncovered facts
Choosing groups: [0.000s CPU, 0.005s wall-clock]
Building translation key... [0.020s CPU, 0.017s wall-clock]
Computing fact groups: [0.130s CPU, 0.136s wall-clock]
Building STRIPS to SAS dictionary... [0.010s CPU, 0.008s wall-clock]
Building dictionary for full mutex groups... [0.010s CPU, 0.008s wall-clock]
Building mutex information...
Building mutex information: [0.000s CPU, 0.007s wall-clock]
Translating task...
Processing axioms...
Simplifying axioms... [0.000s CPU, 0.000s wall-clock]
Processing axioms: [0.630s CPU, 0.622s wall-clock]
Translating task: [11.210s CPU, 11.207s wall-clock]
768 implied effects removed
9 effect conditions simplified
0 implied preconditions added
Detecting unreachable propositions...
768 operators removed
3 propositions removed
Detecting unreachable propositions: [1.230s CPU, 1.238s wall-clock]
Translator variables: 2328
Translator derived variables: 0
Translator facts: 5418
Translator mutex groups: 3
Translator total mutex groups size: 768
Translator operators: 198171
Translator task size: 609975
Translator peak memory: 719332 KB
Writing output... [1.760s CPU, 1.759s wall-clock]
Done! [34.460s CPU, 34.486s wall-clock]
