Dispatcher selected state size 1.
This is a unit task.
Simplifying transitions... done!
Initializing Exploration...
Generating landmarks using the RPG/SAS+ approach
approx. reasonable orders
approx. obedient reasonable orders
Removed 0 reasonable or obedient reasonable orders
Landmarks generation time: 4.5872s
Discovered 1383 landmarks, of which 0 are disjunctive and 0 are conjunctive 
2538 edges
Initializing LAMA-FF Synergy Object
Initializing landmarks count heuristic...
600 initial landmarks, 576 goal landmarks
Starting search: lazy_greedy(list(hff, hlm), preferred = list(hff, hlm))
Conducting lazy best first search, (real) bound = 2147483647
Best heuristic value: 783/783 [g=0, 1 evaluated, 0 expanded, t=4.76s]
Best heuristic value: 782/782 [g=2, 201 evaluated, 200 expanded, t=5.32s]
Best heuristic value: 781/781 [g=3, 265 evaluated, 264 expanded, t=5.5s]
Best heuristic value: 780/780 [g=5, 462 evaluated, 461 expanded, t=6.04s]
Best heuristic value: 779/779 [g=7, 659 evaluated, 658 expanded, t=6.6s]
Best heuristic value: 778/778 [g=9, 856 evaluated, 855 expanded, t=7.15s]
Best heuristic value: 777/777 [g=11, 1053 evaluated, 1052 expanded, t=7.71s]
Best heuristic value: 776/776 [g=13, 1250 evaluated, 1249 expanded, t=8.25s]
Best heuristic value: 775/775 [g=15, 1447 evaluated, 1446 expanded, t=8.81s]
Best heuristic value: 774/774 [g=17, 1644 evaluated, 1643 expanded, t=9.37s]
Best heuristic value: 773/773 [g=19, 1841 evaluated, 1840 expanded, t=9.92s]
Best heuristic value: 772/772 [g=21, 2038 evaluated, 2037 expanded, t=10.48s]
Best heuristic value: 771/771 [g=23, 2235 evaluated, 2234 expanded, t=10.9s]
Best heuristic value: 770/770 [g=25, 2432 evaluated, 2431 expanded, t=11.44s]
Best heuristic value: 769/769 [g=27, 2629 evaluated, 2628 expanded, t=12s]
Best heuristic value: 768/768 [g=29, 2826 evaluated, 2825 expanded, t=12.56s]
Best heuristic value: 767/767 [g=31, 3023 evaluated, 3022 expanded, t=13.11s]
Best heuristic value: 766/766 [g=33, 3220 evaluated, 3219 expanded, t=13.69s]
Best heuristic value: 765/765 [g=35, 3417 evaluated, 3416 expanded, t=14.25s]
Best heuristic value: 764/764 [g=37, 3614 evaluated, 3613 expanded, t=14.8s]
Best heuristic value: 763/763 [g=39, 3811 evaluated, 3810 expanded, t=15.37s]
Best heuristic value: 762/762 [g=41, 4008 evaluated, 4007 expanded, t=15.92s]
Best heuristic value: 761/761 [g=43, 4205 evaluated, 4204 expanded, t=16.48s]
Best heuristic value: 760/760 [g=45, 4402 evaluated, 4401 expanded, t=17.04s]
Best heuristic value: 759/759 [g=47, 4599 evaluated, 4598 expanded, t=17.59s]
Best heuristic value: 758/758 [g=49, 4796 evaluated, 4795 expanded, t=18.15s]
Best heuristic value: 757/757 [g=51, 4993 evaluated, 4992 expanded, t=18.71s]
Best heuristic value: 756/756 [g=53, 5190 evaluated, 5189 expanded, t=19.27s]
Best heuristic value: 755/755 [g=55, 5387 evaluated, 5386 expanded, t=19.84s]
Best heuristic value: 754/754 [g=57, 5584 evaluated, 5583 expanded, t=20.39s]
Best heuristic value: 753/753 [g=59, 5781 evaluated, 5780 expanded, t=20.96s]
Best heuristic value: 752/752 [g=61, 5978 evaluated, 5977 expanded, t=21.53s]
Best heuristic value: 751/751 [g=63, 6175 evaluated, 6174 expanded, t=22.11s]
Best heuristic value: 750/750 [g=65, 6372 evaluated, 6371 expanded, t=22.67s]
Best heuristic value: 749/749 [g=67, 6569 evaluated, 6568 expanded, t=23.24s]
Best heuristic value: 748/748 [g=69, 6766 evaluated, 6765 expanded, t=23.8s]
Best heuristic value: 747/747 [g=71, 6963 evaluated, 6962 expanded, t=24.36s]
Best heuristic value: 746/746 [g=73, 7160 evaluated, 7159 expanded, t=24.93s]
Best heuristic value: 745/745 [g=75, 7357 evaluated, 7356 expanded, t=25.49s]
Best heuristic value: 744/744 [g=77, 7554 evaluated, 7553 expanded, t=26.06s]
Best heuristic value: 743/743 [g=79, 7751 evaluated, 7750 expanded, t=26.62s]
Best heuristic value: 742/742 [g=81, 7948 evaluated, 7947 expanded, t=27.19s]
Best heuristic value: 741/741 [g=83, 8145 evaluated, 8144 expanded, t=27.75s]
Best heuristic value: 740/740 [g=85, 8342 evaluated, 8341 expanded, t=28.31s]
Best heuristic value: 739/739 [g=87, 8539 evaluated, 8538 expanded, t=28.87s]
Best heuristic value: 738/738 [g=89, 8736 evaluated, 8735 expanded, t=29.44s]
Best heuristic value: 737/737 [g=91, 8933 evaluated, 8932 expanded, t=30s]
Best heuristic value: 736/736 [g=93, 9130 evaluated, 9129 expanded, t=30.57s]
Best heuristic value: 735/735 [g=95, 9327 evaluated, 9326 expanded, t=31.14s]
Best heuristic value: 734/734 [g=97, 9524 evaluated, 9523 expanded, t=31.7s]
Best heuristic value: 733/733 [g=99, 9721 evaluated, 9720 expanded, t=32.27s]
Best heuristic value: 732/732 [g=101, 9918 evaluated, 9917 expanded, t=32.84s]
Best heuristic value: 731/731 [g=103, 10115 evaluated, 10114 expanded, t=33.4s]
Best heuristic value: 730/730 [g=105, 10312 evaluated, 10311 expanded, t=33.98s]
Best heuristic value: 729/729 [g=107, 10509 evaluated, 10508 expanded, t=34.54s]
Best heuristic value: 728/728 [g=109, 10706 evaluated, 10705 expanded, t=35.11s]
Best heuristic value: 727/727 [g=111, 10903 evaluated, 10902 expanded, t=35.67s]
Best heuristic value: 726/726 [g=113, 11100 evaluated, 11099 expanded, t=36.24s]
Best heuristic value: 725/725 [g=115, 11297 evaluated, 11296 expanded, t=36.81s]
Best heuristic value: 724/724 [g=117, 11494 evaluated, 11493 expanded, t=37.38s]
Best heuristic value: 723/723 [g=119, 11691 evaluated, 11690 expanded, t=37.94s]
Best heuristic value: 722/722 [g=121, 11888 evaluated, 11887 expanded, t=38.51s]
Best heuristic value: 721/721 [g=123, 12085 evaluated, 12084 expanded, t=39.08s]
Best heuristic value: 720/720 [g=125, 12282 evaluated, 12281 expanded, t=39.65s]
Best heuristic value: 719/719 [g=127, 12479 evaluated, 12478 expanded, t=40.28s]
Best heuristic value: 718/718 [g=129, 12676 evaluated, 12675 expanded, t=40.85s]
Best heuristic value: 717/717 [g=130, 12677 evaluated, 12676 expanded, t=40.85s]
Best heuristic value: 716/716 [g=132, 21582 evaluated, 21581 expanded, t=66.92s]
Best heuristic value: 715/715 [g=133, 21711 evaluated, 21710 expanded, t=67.3s]
Best heuristic value: 714/714 [g=135, 30483 evaluated, 30482 expanded, t=93.22s]
Best heuristic value: 713/713 [g=137, 39255 evaluated, 39254 expanded, t=120.22s]
Best heuristic value: 712/712 [g=139, 48027 evaluated, 48026 expanded, t=148.69s]
Best heuristic value: 711/711 [g=141, 56826 evaluated, 56825 expanded, t=177.97s]
Best heuristic value: 710/710 [g=143, 65657 evaluated, 65656 expanded, t=207.42s]
Best heuristic value: 709/709 [g=145, 74488 evaluated, 74487 expanded, t=237.27s]
Best heuristic value: 708/708 [g=147, 83319 evaluated, 83318 expanded, t=267.36s]
Best heuristic value: 707/707 [g=149, 92150 evaluated, 92149 expanded, t=297.67s]
Best heuristic value: 706/706 [g=151, 100981 evaluated, 100980 expanded, t=328.05s]
Best heuristic value: 705/705 [g=153, 109812 evaluated, 109811 expanded, t=359.49s]
Best heuristic value: 704/704 [g=155, 118643 evaluated, 118642 expanded, t=390.08s]
Best heuristic value: 703/703 [g=157, 127474 evaluated, 127473 expanded, t=422.25s]
Best heuristic value: 702/702 [g=159, 136305 evaluated, 136304 expanded, t=454.33s]
Failed to allocate memory. Released memory buffer.
Memory limit has been reached.
Failed to allocate memory. Released memory buffer.
Memory limit has been reached.
