Dispatcher selected state size 1.
This is a unit task.
Simplifying transitions... done!
Initializing Exploration...
Generating landmarks using the RPG/SAS+ approach
approx. reasonable orders
approx. obedient reasonable orders
Removed 0 reasonable or obedient reasonable orders
Landmarks generation time: 0.0037203s
Discovered 81 landmarks, of which 0 are disjunctive and 0 are conjunctive 
120 edges
Initializing LAMA-FF Synergy Object
Initializing landmarks count heuristic...
42 initial landmarks, 18 goal landmarks
Starting search: lazy_greedy(list(hff, hlm), preferred = list(hff, hlm))
Conducting lazy best first search, (real) bound = 2147483647
Best heuristic value: 39/39 [g=0, 1 evaluated, 0 expanded, t=0s]
Best heuristic value: 38/38 [g=2, 15 evaluated, 14 expanded, t=0s]
Best heuristic value: 37/37 [g=3, 17 evaluated, 16 expanded, t=0s]
Best heuristic value: 36/36 [g=5, 28 evaluated, 27 expanded, t=0s]
Best heuristic value: 35/35 [g=6, 29 evaluated, 28 expanded, t=0s]
Best heuristic value: 34/34 [g=8, 68 evaluated, 67 expanded, t=0s]
Best heuristic value: 33/33 [g=9, 73 evaluated, 72 expanded, t=0s]
Best heuristic value: 32/32 [g=11, 103 evaluated, 102 expanded, t=0s]
Best heuristic value: 31/31 [g=12, 107 evaluated, 106 expanded, t=0s]
Best heuristic value: 30/30 [g=14, 156 evaluated, 155 expanded, t=0.01s]
Best heuristic value: 29/29 [g=15, 164 evaluated, 163 expanded, t=0.01s]
Best heuristic value: 28/28 [g=17, 198 evaluated, 197 expanded, t=0.01s]
Best heuristic value: 27/27 [g=18, 205 evaluated, 204 expanded, t=0.01s]
Best heuristic value: 26/26 [g=21, 248 evaluated, 247 expanded, t=0.01s]
Best heuristic value: 25/25 [g=22, 250 evaluated, 249 expanded, t=0.01s]
Best heuristic value: 24/24 [g=24, 259 evaluated, 258 expanded, t=0.01s]
Best heuristic value: 23/23 [g=25, 260 evaluated, 259 expanded, t=0.01s]
Best heuristic value: 22/22 [g=26, 261 evaluated, 260 expanded, t=0.01s]
Best heuristic value: 21/21 [g=28, 269 evaluated, 268 expanded, t=0.01s]
Best heuristic value: 20/20 [g=29, 271 evaluated, 270 expanded, t=0.01s]
Best heuristic value: 19/19 [g=30, 272 evaluated, 271 expanded, t=0.01s]
Best heuristic value: 18/18 [g=31, 273 evaluated, 272 expanded, t=0.01s]
Best heuristic value: 17/17 [g=34, 293 evaluated, 292 expanded, t=0.01s]
Best heuristic value: 16/16 [g=35, 295 evaluated, 294 expanded, t=0.01s]
Best heuristic value: 15/15 [g=37, 301 evaluated, 300 expanded, t=0.02s]
Best heuristic value: 14/14 [g=38, 302 evaluated, 301 expanded, t=0.02s]
Best heuristic value: 13/13 [g=39, 303 evaluated, 302 expanded, t=0.02s]
Best heuristic value: 12/12 [g=41, 308 evaluated, 307 expanded, t=0.02s]
Best heuristic value: 11/11 [g=42, 310 evaluated, 309 expanded, t=0.02s]
Best heuristic value: 10/10 [g=43, 311 evaluated, 310 expanded, t=0.02s]
Best heuristic value: 9/9 [g=44, 312 evaluated, 311 expanded, t=0.02s]
Best heuristic value: 8/8 [g=47, 318 evaluated, 317 expanded, t=0.02s]
Best heuristic value: 7/7 [g=48, 320 evaluated, 319 expanded, t=0.02s]
Best heuristic value: 6/6 [g=50, 323 evaluated, 322 expanded, t=0.02s]
Best heuristic value: 5/5 [g=51, 324 evaluated, 323 expanded, t=0.02s]
Best heuristic value: 4/4 [g=52, 325 evaluated, 324 expanded, t=0.02s]
Best heuristic value: 3/3 [g=54, 327 evaluated, 326 expanded, t=0.02s]
Best heuristic value: 2/2 [g=55, 329 evaluated, 328 expanded, t=0.02s]
Best heuristic value: 1/1 [g=56, 330 evaluated, 329 expanded, t=0.02s]
Solution found!
Actual search time: 0.02s [t=0.02s]
switch_on s2-instrument-2 satellite-2 (1)
calibrate s2-instrument-2 satellite-2 direction-0 (1)
take_image s2-instrument-2 satellite-2 direction-0 mode-8 (1)
turn_to satellite-2 direction-1 direction-0 (1)
take_image s2-instrument-2 satellite-2 direction-1 mode-8 (1)
switch_off s2-instrument-2 satellite-2 (1)
switch_on s1-instrument-2 satellite-1 (1)
calibrate s1-instrument-2 satellite-1 direction-0 (1)
take_image s1-instrument-2 satellite-1 direction-0 mode-5 (1)
turn_to satellite-1 direction-1 direction-0 (1)
take_image s1-instrument-2 satellite-1 direction-1 mode-5 (1)
switch_off s1-instrument-2 satellite-1 (1)
switch_on s0-instrument-2 satellite-0 (1)
calibrate s0-instrument-2 satellite-0 direction-0 (1)
take_image s0-instrument-2 satellite-0 direction-0 mode-2 (1)
turn_to satellite-0 direction-1 direction-0 (1)
take_image s0-instrument-2 satellite-0 direction-1 mode-2 (1)
switch_off s0-instrument-2 satellite-0 (1)
switch_on s2-instrument-1 satellite-2 (1)
turn_to satellite-2 direction-0 direction-1 (1)
calibrate s2-instrument-1 satellite-2 direction-0 (1)
take_image s2-instrument-1 satellite-2 direction-0 mode-7 (1)
turn_to satellite-2 direction-1 direction-0 (1)
take_image s2-instrument-1 satellite-2 direction-1 mode-7 (1)
switch_off s2-instrument-1 satellite-2 (1)
switch_on s2-instrument-0 satellite-2 (1)
turn_to satellite-2 direction-0 direction-1 (1)
calibrate s2-instrument-0 satellite-2 direction-0 (1)
take_image s2-instrument-0 satellite-2 direction-0 mode-6 (1)
turn_to satellite-2 direction-1 direction-0 (1)
take_image s2-instrument-0 satellite-2 direction-1 mode-6 (1)
switch_on s1-instrument-1 satellite-1 (1)
turn_to satellite-1 direction-0 direction-1 (1)
calibrate s1-instrument-1 satellite-1 direction-0 (1)
take_image s1-instrument-1 satellite-1 direction-0 mode-4 (1)
turn_to satellite-1 direction-1 direction-0 (1)
take_image s1-instrument-1 satellite-1 direction-1 mode-4 (1)
switch_off s1-instrument-1 satellite-1 (1)
switch_on s1-instrument-0 satellite-1 (1)
turn_to satellite-1 direction-0 direction-1 (1)
calibrate s1-instrument-0 satellite-1 direction-0 (1)
take_image s1-instrument-0 satellite-1 direction-0 mode-3 (1)
turn_to satellite-1 direction-1 direction-0 (1)
take_image s1-instrument-0 satellite-1 direction-1 mode-3 (1)
switch_on s0-instrument-1 satellite-0 (1)
turn_to satellite-0 direction-0 direction-1 (1)
calibrate s0-instrument-1 satellite-0 direction-0 (1)
take_image s0-instrument-1 satellite-0 direction-0 mode-1 (1)
turn_to satellite-0 direction-1 direction-0 (1)
take_image s0-instrument-1 satellite-0 direction-1 mode-1 (1)
switch_off s0-instrument-1 satellite-0 (1)
switch_on s0-instrument-0 satellite-0 (1)
turn_to satellite-0 direction-0 direction-1 (1)
calibrate s0-instrument-0 satellite-0 direction-0 (1)
take_image s0-instrument-0 satellite-0 direction-0 mode-0 (1)
turn_to satellite-0 direction-1 direction-0 (1)
take_image s0-instrument-0 satellite-0 direction-1 mode-0 (1)
Plan length: 57 step(s).
Plan cost: 57
Initial state h value: 39/39.
Expanded 330 state(s).
Reopened 0 state(s).
Evaluated 331 state(s).
Evaluations: 662
Generated 3368 state(s).
Dead ends: 0 state(s).
Best solution cost so far: 57
Solution found - keep searching
Starting search: lazy_wastar(list(hff, hlm), preferred = list(hff, hlm), w = 5)
Conducting lazy best first search, (real) bound = 57
Best heuristic value: 39/39 [g=0, 1 evaluated, 0 expanded, t=0.02s]
Best heuristic value: 38/38 [g=2, 15 evaluated, 14 expanded, t=0.02s]
Best heuristic value: 37/37 [g=3, 17 evaluated, 16 expanded, t=0.02s]
Best heuristic value: 36/36 [g=5, 28 evaluated, 27 expanded, t=0.02s]
Best heuristic value: 35/35 [g=6, 29 evaluated, 28 expanded, t=0.02s]
Best heuristic value: 34/34 [g=8, 68 evaluated, 67 expanded, t=0.02s]
Best heuristic value: 33/33 [g=9, 73 evaluated, 72 expanded, t=0.02s]
Best heuristic value: 32/32 [g=11, 103 evaluated, 102 expanded, t=0.02s]
Best heuristic value: 31/31 [g=12, 107 evaluated, 106 expanded, t=0.02s]
Best heuristic value: 30/30 [g=14, 156 evaluated, 155 expanded, t=0.02s]
Best heuristic value: 29/29 [g=15, 164 evaluated, 163 expanded, t=0.02s]
Best heuristic value: 28/28 [g=17, 198 evaluated, 197 expanded, t=0.02s]
Best heuristic value: 27/27 [g=18, 205 evaluated, 204 expanded, t=0.02s]
Best heuristic value: 26/26 [g=21, 248 evaluated, 247 expanded, t=0.03s]
Best heuristic value: 25/25 [g=22, 250 evaluated, 249 expanded, t=0.03s]
Best heuristic value: 24/24 [g=24, 259 evaluated, 258 expanded, t=0.03s]
Best heuristic value: 23/23 [g=25, 260 evaluated, 259 expanded, t=0.03s]
Best heuristic value: 22/22 [g=26, 261 evaluated, 260 expanded, t=0.03s]
Best heuristic value: 21/21 [g=28, 269 evaluated, 268 expanded, t=0.03s]
Best heuristic value: 20/20 [g=29, 271 evaluated, 270 expanded, t=0.03s]
Best heuristic value: 19/19 [g=30, 272 evaluated, 271 expanded, t=0.03s]
Best heuristic value: 18/18 [g=31, 273 evaluated, 272 expanded, t=0.03s]
Best heuristic value: 17/17 [g=34, 293 evaluated, 292 expanded, t=0.03s]
Best heuristic value: 16/16 [g=35, 295 evaluated, 294 expanded, t=0.03s]
Best heuristic value: 15/15 [g=37, 301 evaluated, 300 expanded, t=0.03s]
Best heuristic value: 14/14 [g=38, 302 evaluated, 301 expanded, t=0.03s]
Best heuristic value: 13/13 [g=39, 303 evaluated, 302 expanded, t=0.03s]
Best heuristic value: 12/12 [g=41, 308 evaluated, 307 expanded, t=0.03s]
Best heuristic value: 11/11 [g=42, 310 evaluated, 309 expanded, t=0.03s]
Best heuristic value: 10/10 [g=43, 311 evaluated, 310 expanded, t=0.03s]
Best heuristic value: 9/9 [g=44, 312 evaluated, 311 expanded, t=0.03s]
Best heuristic value: 8/8 [g=47, 318 evaluated, 317 expanded, t=0.03s]
Best heuristic value: 7/7 [g=48, 320 evaluated, 319 expanded, t=0.03s]
Best heuristic value: 6/6 [g=50, 323 evaluated, 322 expanded, t=0.03s]
Best heuristic value: 5/5 [g=51, 324 evaluated, 323 expanded, t=0.03s]
Best heuristic value: 4/4 [g=52, 325 evaluated, 324 expanded, t=0.03s]
Best heuristic value: 3/3 [g=54, 327 evaluated, 326 expanded, t=0.03s]
Best heuristic value: 2/2 [g=55, 329 evaluated, 328 expanded, t=0.03s]
Best heuristic value: 1/1 [g=56, 330 evaluated, 329 expanded, t=0.03s]
Failed to allocate memory. Released memory buffer.
Memory limit has been reached.
Failed to allocate memory. Released memory buffer.
Memory limit has been reached.
