Dispatcher selected state size 1.
This is a unit task.
Simplifying transitions... done!
Initializing Exploration...
Generating landmarks using the RPG/SAS+ approach
approx. reasonable orders
approx. obedient reasonable orders
Removed 0 reasonable or obedient reasonable orders
Landmarks generation time: 0.00193722s
Discovered 57 landmarks, of which 0 are disjunctive and 0 are conjunctive 
63 edges
Initializing LAMA-FF Synergy Object
Initializing landmarks count heuristic...
30 initial landmarks, 9 goal landmarks
Starting search: lazy_greedy(list(hff, hlm), preferred = list(hff, hlm))
Conducting lazy best first search, (real) bound = 2147483647
Best heuristic value: 27/27 [g=0, 1 evaluated, 0 expanded, t=0s]
Best heuristic value: 26/26 [g=2, 11 evaluated, 10 expanded, t=0s]
Best heuristic value: 25/25 [g=3, 12 evaluated, 11 expanded, t=0s]
Best heuristic value: 24/24 [g=4, 13 evaluated, 12 expanded, t=0s]
Best heuristic value: 23/23 [g=6, 22 evaluated, 21 expanded, t=0s]
Best heuristic value: 22/22 [g=7, 23 evaluated, 22 expanded, t=0s]
Best heuristic value: 21/21 [g=8, 24 evaluated, 23 expanded, t=0s]
Best heuristic value: 20/20 [g=9, 25 evaluated, 24 expanded, t=0s]
Best heuristic value: 19/19 [g=10, 26 evaluated, 25 expanded, t=0s]
Best heuristic value: 18/18 [g=11, 27 evaluated, 26 expanded, t=0s]
Best heuristic value: 17/17 [g=13, 34 evaluated, 33 expanded, t=0s]
Best heuristic value: 16/16 [g=14, 35 evaluated, 34 expanded, t=0s]
Best heuristic value: 15/15 [g=15, 36 evaluated, 35 expanded, t=0s]
Best heuristic value: 14/14 [g=17, 42 evaluated, 41 expanded, t=0s]
Best heuristic value: 13/13 [g=18, 43 evaluated, 42 expanded, t=0s]
Best heuristic value: 12/12 [g=19, 44 evaluated, 43 expanded, t=0s]
Best heuristic value: 11/11 [g=20, 45 evaluated, 44 expanded, t=0s]
Best heuristic value: 10/10 [g=21, 46 evaluated, 45 expanded, t=0s]
Best heuristic value: 9/9 [g=22, 47 evaluated, 46 expanded, t=0s]
Best heuristic value: 8/8 [g=24, 51 evaluated, 50 expanded, t=0s]
Best heuristic value: 7/7 [g=25, 52 evaluated, 51 expanded, t=0s]
Best heuristic value: 6/6 [g=26, 53 evaluated, 52 expanded, t=0s]
Best heuristic value: 5/5 [g=28, 56 evaluated, 55 expanded, t=0s]
Best heuristic value: 4/4 [g=29, 57 evaluated, 56 expanded, t=0s]
Best heuristic value: 3/3 [g=30, 58 evaluated, 57 expanded, t=0s]
Best heuristic value: 2/2 [g=31, 59 evaluated, 58 expanded, t=0s]
Best heuristic value: 1/1 [g=32, 60 evaluated, 59 expanded, t=0s]
Solution found!
Actual search time: 0s [t=0s]
switch_on s2-instrument-2 satellite-2 (1)
calibrate s2-instrument-2 satellite-2 direction-0 (1)
take_image s2-instrument-2 satellite-2 direction-0 mode-8 (1)
switch_off s2-instrument-2 satellite-2 (1)
switch_on s2-instrument-1 satellite-2 (1)
calibrate s2-instrument-1 satellite-2 direction-0 (1)
take_image s2-instrument-1 satellite-2 direction-0 mode-7 (1)
switch_off s2-instrument-1 satellite-2 (1)
switch_on s2-instrument-0 satellite-2 (1)
calibrate s2-instrument-0 satellite-2 direction-0 (1)
take_image s2-instrument-0 satellite-2 direction-0 mode-6 (1)
switch_on s1-instrument-2 satellite-1 (1)
calibrate s1-instrument-2 satellite-1 direction-0 (1)
take_image s1-instrument-2 satellite-1 direction-0 mode-5 (1)
switch_off s1-instrument-2 satellite-1 (1)
switch_on s1-instrument-1 satellite-1 (1)
calibrate s1-instrument-1 satellite-1 direction-0 (1)
take_image s1-instrument-1 satellite-1 direction-0 mode-4 (1)
switch_off s1-instrument-1 satellite-1 (1)
switch_on s1-instrument-0 satellite-1 (1)
calibrate s1-instrument-0 satellite-1 direction-0 (1)
take_image s1-instrument-0 satellite-1 direction-0 mode-3 (1)
switch_on s0-instrument-2 satellite-0 (1)
calibrate s0-instrument-2 satellite-0 direction-0 (1)
take_image s0-instrument-2 satellite-0 direction-0 mode-2 (1)
switch_off s0-instrument-2 satellite-0 (1)
switch_on s0-instrument-1 satellite-0 (1)
calibrate s0-instrument-1 satellite-0 direction-0 (1)
take_image s0-instrument-1 satellite-0 direction-0 mode-1 (1)
switch_off s0-instrument-1 satellite-0 (1)
switch_on s0-instrument-0 satellite-0 (1)
calibrate s0-instrument-0 satellite-0 direction-0 (1)
take_image s0-instrument-0 satellite-0 direction-0 mode-0 (1)
Plan length: 33 step(s).
Plan cost: 33
Initial state h value: 27/27.
Expanded 60 state(s).
Reopened 0 state(s).
Evaluated 61 state(s).
Evaluations: 122
Generated 504 state(s).
Dead ends: 0 state(s).
Best solution cost so far: 33
Solution found - keep searching
Starting search: lazy_wastar(list(hff, hlm), preferred = list(hff, hlm), w = 5)
Conducting lazy best first search, (real) bound = 33
Best heuristic value: 27/27 [g=0, 1 evaluated, 0 expanded, t=0s]
Best heuristic value: 26/26 [g=2, 11 evaluated, 10 expanded, t=0s]
Best heuristic value: 25/25 [g=3, 12 evaluated, 11 expanded, t=0s]
Best heuristic value: 24/24 [g=4, 13 evaluated, 12 expanded, t=0s]
Best heuristic value: 23/23 [g=6, 22 evaluated, 21 expanded, t=0s]
Best heuristic value: 22/22 [g=7, 23 evaluated, 22 expanded, t=0s]
Best heuristic value: 21/21 [g=8, 24 evaluated, 23 expanded, t=0s]
Best heuristic value: 20/20 [g=9, 25 evaluated, 24 expanded, t=0s]
Best heuristic value: 19/19 [g=10, 26 evaluated, 25 expanded, t=0s]
Best heuristic value: 18/18 [g=11, 27 evaluated, 26 expanded, t=0s]
Best heuristic value: 17/17 [g=13, 34 evaluated, 33 expanded, t=0s]
Best heuristic value: 16/16 [g=14, 35 evaluated, 34 expanded, t=0s]
Best heuristic value: 15/15 [g=15, 36 evaluated, 35 expanded, t=0s]
Best heuristic value: 14/14 [g=17, 42 evaluated, 41 expanded, t=0s]
Best heuristic value: 13/13 [g=18, 43 evaluated, 42 expanded, t=0s]
Best heuristic value: 12/12 [g=19, 44 evaluated, 43 expanded, t=0s]
Best heuristic value: 11/11 [g=20, 45 evaluated, 44 expanded, t=0s]
Best heuristic value: 10/10 [g=21, 46 evaluated, 45 expanded, t=0s]
Best heuristic value: 9/9 [g=22, 47 evaluated, 46 expanded, t=0s]
Best heuristic value: 8/8 [g=24, 51 evaluated, 50 expanded, t=0s]
Best heuristic value: 7/7 [g=25, 52 evaluated, 51 expanded, t=0s]
Best heuristic value: 6/6 [g=26, 53 evaluated, 52 expanded, t=0s]
Best heuristic value: 5/5 [g=28, 56 evaluated, 55 expanded, t=0s]
Best heuristic value: 4/4 [g=29, 57 evaluated, 56 expanded, t=0s]
Best heuristic value: 3/3 [g=30, 58 evaluated, 57 expanded, t=0s]
Best heuristic value: 2/2 [g=31, 59 evaluated, 58 expanded, t=0s]
Best heuristic value: 1/1 [g=32, 60 evaluated, 59 expanded, t=0s]
Failed to allocate memory. Released memory buffer.
Memory limit has been reached.
Failed to allocate memory. Released memory buffer.
Memory limit has been reached.
