Dispatcher selected state size 1.
This is a nonunit task.
Simplifying transitions... done!
Initializing Exploration...
Generating landmarks using the RPG/SAS+ approach
approx. reasonable orders
approx. obedient reasonable orders
Removed 0 reasonable or obedient reasonable orders
Landmarks generation time: 0.0137792s
Discovered 45 landmarks, of which 0 are disjunctive and 0 are conjunctive 
134 edges
Initializing LAMA-FF Synergy Object
Initializing landmarks count heuristic...
23 initial landmarks, 2 goal landmarks
Initializing Exploration...
Generating landmarks using the RPG/SAS+ approach
approx. reasonable orders
approx. obedient reasonable orders
Removed 0 reasonable or obedient reasonable orders
Landmarks generation time: 0.00865477s
Discovered 45 landmarks, of which 0 are disjunctive and 0 are conjunctive 
122 edges
Initializing LAMA-FF Synergy Object
Initializing landmarks count heuristic...
23 initial landmarks, 2 goal landmarks
Starting search: lazy_greedy(list(hff1, hlm1), preferred = list(hff1, hlm1), cost_type = 1, reopen_closed = false)
Conducting lazy best first search, (real) bound = 2147483647
Best heuristic value: 22/22 [g=0, 1 evaluated, 0 expanded, t=0.04s]
Best heuristic value: 21/21 [g=1, 3 evaluated, 2 expanded, t=0.04s]
Best heuristic value: 21/20 [g=3, 19 evaluated, 18 expanded, t=0.04s]
Best heuristic value: 20/19 [g=4, 20 evaluated, 19 expanded, t=0.04s]
Best heuristic value: 18/18 [g=6, 27 evaluated, 26 expanded, t=0.04s]
Best heuristic value: 17/16 [g=8, 35 evaluated, 34 expanded, t=0.04s]
Best heuristic value: 16/16 [g=10, 49 evaluated, 47 expanded, t=0.04s]
Best heuristic value: 15/16 [g=11, 50 evaluated, 48 expanded, t=0.04s]
Best heuristic value: 14/15 [g=12, 52 evaluated, 50 expanded, t=0.04s]
Best heuristic value: 14/13 [g=15, 64 evaluated, 60 expanded, t=0.04s]
Best heuristic value: 13/13 [g=17, 76 evaluated, 71 expanded, t=0.04s]
Best heuristic value: 13/12 [g=19, 87 evaluated, 80 expanded, t=0.04s]
Best heuristic value: 12/11 [g=20, 88 evaluated, 81 expanded, t=0.04s]
Best heuristic value: 10/10 [g=22, 92 evaluated, 85 expanded, t=0.04s]
Best heuristic value: 9/9 [g=24, 100 evaluated, 93 expanded, t=0.04s]
Best heuristic value: 8/8 [g=25, 101 evaluated, 94 expanded, t=0.04s]
Best heuristic value: 7/7 [g=27, 104 evaluated, 97 expanded, t=0.04s]
Best heuristic value: 6/7 [g=28, 105 evaluated, 98 expanded, t=0.04s]
Best heuristic value: 6/6 [g=28, 106 evaluated, 99 expanded, t=0.04s]
Best heuristic value: 5/5 [g=29, 108 evaluated, 101 expanded, t=0.04s]
Best heuristic value: 4/5 [g=32, 114 evaluated, 106 expanded, t=0.04s]
Best heuristic value: 3/4 [g=33, 115 evaluated, 107 expanded, t=0.04s]
Best heuristic value: 3/3 [g=35, 117 evaluated, 109 expanded, t=0.04s]
Best heuristic value: 2/2 [g=36, 118 evaluated, 110 expanded, t=0.04s]
Best heuristic value: 1/1 [g=37, 119 evaluated, 111 expanded, t=0.04s]
Solution found!
Actual search time: 0s [t=0.04s]
slide-base-in b-0 carry-in table-in (1)
move-arm arm table-in tray-a (4)
pickup-component part-a-0 arm tray-a (1)
move-arm-holding arm tray-a table-out part-a-0 (5)
move-arm-holding arm table-out table-in part-a-0 (2)
assemble-with-arm part-a-0 attatch-a nothing-done b-0 arm table-in (2)
eject-base b-0 arm table-in (1)
move-arm-holding arm table-in table-out b-0 (2)
move-arm-holding arm table-out screw-machine-a b-0 (4)
set-base b-0 arm screw-machine-a (1)
move-arm arm screw-machine-a table-out (4)
assemble-with-machine b-0 screw-machine-a screw-a attatch-a (2)
move-arm arm table-out screw-machine-a (4)
eject-base b-0 arm screw-machine-a (1)
move-arm-holding arm screw-machine-a table-out b-0 (4)
move-arm-holding arm table-out table1 b-0 (3)
set-base b-0 arm table1 (1)
move-arm arm table1 tray-b (4)
pickup-component part-b-0 arm tray-b (1)
move-arm-holding arm tray-b table-out part-b-0 (4)
move-arm-holding arm table-out table1 part-b-0 (3)
assemble-with-arm part-b-0 attatch-b screw-a b-0 arm table1 (2)
move-arm arm table1 tray-c (5)
pickup-component part-c-0 arm tray-c (1)
move-arm-holding arm tray-c table-out part-c-0 (3)
move-arm-holding arm table-out table1 part-c-0 (3)
assemble-with-arm part-c-0 attatch-c attatch-b b-0 arm table1 (3)
eject-base b-0 arm table1 (1)
move-arm-holding arm table1 table-out b-0 (3)
move-arm-holding arm table-out screw-machine-c b-0 (2)
set-base b-0 arm screw-machine-c (1)
move-arm arm screw-machine-c table-out (2)
assemble-with-machine b-0 screw-machine-c screw-c attatch-c (2)
move-arm arm table-out screw-machine-c (2)
eject-base b-0 arm screw-machine-c (1)
move-arm-holding arm screw-machine-c table-out b-0 (2)
set-base b-0 arm table-out (1)
slide-base-out b-0 table-out carry-out (1)
Plan length: 38 step(s).
Plan cost: 89
Initial state h value: 22/22.
Expanded 112 state(s).
Reopened 0 state(s).
Evaluated 120 state(s).
Evaluations: 240
Generated 866 state(s).
Dead ends: 7 state(s).
Best solution cost so far: 89
Solution found - keep searching
Starting search: lazy_greedy(list(hff2, hlm2), preferred = list(hff2, hlm2), reopen_closed = false)
Conducting lazy best first search, (real) bound = 89
Best heuristic value: 57/66 [g=0, 1 evaluated, 0 expanded, t=0.04s]
Switch from bucket-based to heap-based queue at key = 102, num_pushes = 63
Best heuristic value: 55/66 [g=2, 2 evaluated, 1 expanded, t=0.04s]
Best heuristic value: 55/64 [g=1, 3 evaluated, 2 expanded, t=0.04s]
Best heuristic value: 53/64 [g=3, 4 evaluated, 3 expanded, t=0.04s]
Best heuristic value: 52/62 [g=9, 14 evaluated, 13 expanded, t=0.04s]
Best heuristic value: 49/56 [g=14, 15 evaluated, 14 expanded, t=0.04s]
Best heuristic value: 47/54 [g=18, 22 evaluated, 21 expanded, t=0.04s]
Best heuristic value: 45/53 [g=20, 23 evaluated, 22 expanded, t=0.04s]
Best heuristic value: 43/48 [g=21, 30 evaluated, 29 expanded, t=0.04s]
Best heuristic value: 42/48 [g=22, 31 evaluated, 30 expanded, t=0.04s]
Best heuristic value: 39/48 [g=24, 34 evaluated, 32 expanded, t=0.04s]
Best heuristic value: 36/45 [g=32, 61 evaluated, 50 expanded, t=0.04s]
Best heuristic value: 35/38 [g=41, 70 evaluated, 57 expanded, t=0.04s]
Best heuristic value: 34/38 [g=42, 71 evaluated, 58 expanded, t=0.04s]
Best heuristic value: 34/37 [g=43, 73 evaluated, 59 expanded, t=0.04s]
Best heuristic value: 31/37 [g=44, 74 evaluated, 60 expanded, t=0.04s]
Best heuristic value: 30/31 [g=57, 101 evaluated, 78 expanded, t=0.04s]
Best heuristic value: 26/31 [g=62, 105 evaluated, 82 expanded, t=0.04s]
Best heuristic value: 26/28 [g=65, 106 evaluated, 83 expanded, t=0.04s]
Best heuristic value: 24/28 [g=69, 110 evaluated, 87 expanded, t=0.04s]
Best heuristic value: 21/22 [g=72, 111 evaluated, 88 expanded, t=0.04s]
Best heuristic value: 17/20 [g=78, 114 evaluated, 91 expanded, t=0.04s]
Best heuristic value: 14/18 [g=81, 115 evaluated, 92 expanded, t=0.04s]
Best heuristic value: 12/12 [g=82, 118 evaluated, 95 expanded, t=0.04s]
Best heuristic value: 9/12 [g=85, 122 evaluated, 98 expanded, t=0.04s]
Best heuristic value: 9/9 [g=87, 126 evaluated, 101 expanded, t=0.04s]
Best heuristic value: 7/7 [g=88, 127 evaluated, 102 expanded, t=0.04s]
Completely explored state space -- no solution!
Actual search time: 0.02s [t=0.06s]
Initial state h value: 57/66.
Expanded 269 state(s).
Reopened 0 state(s).
Evaluated 345 state(s).
Evaluations: 690
Generated 2050 state(s).
Dead ends: 76 state(s).
Best solution cost so far: 89
No solution found - keep searching
Starting search: lazy_wastar(list(hff2, hlm2), preferred = list(hff2, hlm2), w = 5)
Conducting lazy best first search, (real) bound = 89
Best heuristic value: 57/66 [g=0, 1 evaluated, 0 expanded, t=0.06s]
Best heuristic value: 55/64 [g=1, 2 evaluated, 1 expanded, t=0.06s]
Best heuristic value: 53/64 [g=3, 4 evaluated, 3 expanded, t=0.06s]
Best heuristic value: 52/62 [g=6, 17 evaluated, 16 expanded, 3 reopened, t=0.06s]
Best heuristic value: 49/59 [g=8, 18 evaluated, 17 expanded, 3 reopened, t=0.06s]
Best heuristic value: 49/58 [g=10, 19 evaluated, 18 expanded, 3 reopened, t=0.06s]
Best heuristic value: 49/57 [g=12, 20 evaluated, 19 expanded, 3 reopened, t=0.06s]
Best heuristic value: 49/56 [g=13, 22 evaluated, 21 expanded, 4 reopened, t=0.06s]
Best heuristic value: 47/54 [g=13, 28 evaluated, 27 expanded, 6 reopened, t=0.06s]
Best heuristic value: 46/54 [g=14, 29 evaluated, 28 expanded, 6 reopened, t=0.06s]
Best heuristic value: 45/53 [g=15, 30 evaluated, 29 expanded, 6 reopened, t=0.06s]
Best heuristic value: 43/48 [g=16, 40 evaluated, 39 expanded, 10 reopened, t=0.06s]
Best heuristic value: 42/48 [g=17, 41 evaluated, 40 expanded, 10 reopened, t=0.06s]
Best heuristic value: 39/48 [g=19, 44 evaluated, 42 expanded, 10 reopened, t=0.06s]
Best heuristic value: 39/47 [g=23, 80 evaluated, 69 expanded, 16 reopened, t=0.06s]
Best heuristic value: 38/47 [g=24, 81 evaluated, 70 expanded, 16 reopened, t=0.06s]
Best heuristic value: 36/47 [g=25, 82 evaluated, 71 expanded, 16 reopened, t=0.06s]
Best heuristic value: 36/45 [g=28, 83 evaluated, 72 expanded, 16 reopened, t=0.06s]
Best heuristic value: 35/42 [g=26, 92 evaluated, 79 expanded, 19 reopened, t=0.06s]
Best heuristic value: 34/42 [g=27, 93 evaluated, 80 expanded, 19 reopened, t=0.06s]
Best heuristic value: 34/38 [g=30, 94 evaluated, 81 expanded, 19 reopened, t=0.06s]
Best heuristic value: 34/37 [g=32, 95 evaluated, 82 expanded, 19 reopened, t=0.06s]
Best heuristic value: 33/37 [g=32, 100 evaluated, 87 expanded, 21 reopened, t=0.06s]
Best heuristic value: 30/33 [g=34, 101 evaluated, 88 expanded, 21 reopened, t=0.06s]
Best heuristic value: 30/31 [g=36, 102 evaluated, 89 expanded, 21 reopened, t=0.06s]
Best heuristic value: 26/31 [g=41, 107 evaluated, 94 expanded, 23 reopened, t=0.06s]
Best heuristic value: 26/28 [g=44, 109 evaluated, 96 expanded, 23 reopened, t=0.06s]
Best heuristic value: 24/28 [g=47, 113 evaluated, 100 expanded, 24 reopened, t=0.06s]
Best heuristic value: 21/23 [g=49, 114 evaluated, 101 expanded, 24 reopened, t=0.06s]
Best heuristic value: 21/22 [g=51, 115 evaluated, 102 expanded, 24 reopened, t=0.06s]
Best heuristic value: 17/20 [g=56, 117 evaluated, 104 expanded, 24 reopened, t=0.06s]
Best heuristic value: 15/18 [g=57, 118 evaluated, 105 expanded, 24 reopened, t=0.06s]
Best heuristic value: 12/12 [g=60, 119 evaluated, 106 expanded, 24 reopened, t=0.06s]
Best heuristic value: 9/12 [g=63, 123 evaluated, 109 expanded, 24 reopened, t=0.06s]
Best heuristic value: 9/9 [g=65, 127 evaluated, 112 expanded, 24 reopened, t=0.06s]
Best heuristic value: 7/7 [g=66, 128 evaluated, 113 expanded, 24 reopened, t=0.06s]
Best heuristic value: 4/4 [g=68, 129 evaluated, 114 expanded, 24 reopened, t=0.06s]
Best heuristic value: 2/2 [g=69, 130 evaluated, 115 expanded, 24 reopened, t=0.06s]
Solution found!
Actual search time: 0s [t=0.06s]
slide-base-in b-0 carry-in table-in (1)
move-arm arm table-in tray-a (4)
pickup-component part-a-0 arm tray-a (1)
move-arm-holding arm tray-a screw-machine-a part-a-0 (2)
move-arm-holding arm screw-machine-a table-in part-a-0 (3)
assemble-with-arm part-a-0 attatch-a nothing-done b-0 arm table-in (2)
eject-base b-0 arm table-in (1)
move-arm-holding arm table-in table-out b-0 (2)
move-arm-holding arm table-out screw-machine-a b-0 (4)
set-base b-0 arm screw-machine-a (1)
assemble-with-machine b-0 screw-machine-a screw-a attatch-a (2)
eject-base b-0 arm screw-machine-a (1)
move-arm-holding arm screw-machine-a table1 b-0 (2)
set-base b-0 arm table1 (1)
move-arm arm table1 tray-b (4)
pickup-component part-b-0 arm tray-b (1)
move-arm-holding arm tray-b tray-c part-b-0 (2)
move-arm-holding arm tray-c table1 part-b-0 (5)
assemble-with-arm part-b-0 attatch-b screw-a b-0 arm table1 (2)
move-arm arm table1 tray-c (5)
pickup-component part-c-0 arm tray-c (1)
move-arm-holding arm tray-c screw-machine-c part-c-0 (2)
move-arm-holding arm screw-machine-c table1 part-c-0 (4)
assemble-with-arm part-c-0 attatch-c attatch-b b-0 arm table1 (3)
eject-base b-0 arm table1 (1)
move-arm-holding arm table1 table-out b-0 (3)
move-arm-holding arm table-out screw-machine-c b-0 (2)
set-base b-0 arm screw-machine-c (1)
assemble-with-machine b-0 screw-machine-c screw-c attatch-c (2)
eject-base b-0 arm screw-machine-c (1)
move-arm-holding arm screw-machine-c table-out b-0 (2)
set-base b-0 arm table-out (1)
slide-base-out b-0 table-out carry-out (1)
Plan length: 33 step(s).
Plan cost: 70
Initial state h value: 57/66.
Expanded 116 state(s).
Reopened 24 state(s).
Evaluated 131 state(s).
Evaluations: 262
Generated 887 state(s).
Dead ends: 14 state(s).
Best solution cost so far: 70
Solution found - keep searching
Starting search: lazy_wastar(list(hff2, hlm2), preferred = list(hff2, hlm2), w = 3)
Conducting lazy best first search, (real) bound = 70
Best heuristic value: 57/66 [g=0, 1 evaluated, 0 expanded, t=0.06s]
Best heuristic value: 55/64 [g=1, 2 evaluated, 1 expanded, t=0.08s]
Best heuristic value: 53/64 [g=3, 4 evaluated, 3 expanded, t=0.08s]
Best heuristic value: 52/62 [g=6, 17 evaluated, 16 expanded, 3 reopened, t=0.08s]
Best heuristic value: 49/59 [g=8, 18 evaluated, 17 expanded, 3 reopened, t=0.08s]
Best heuristic value: 49/58 [g=10, 19 evaluated, 18 expanded, 3 reopened, t=0.08s]
Best heuristic value: 49/57 [g=12, 20 evaluated, 19 expanded, 3 reopened, t=0.08s]
Best heuristic value: 49/56 [g=13, 22 evaluated, 21 expanded, 4 reopened, t=0.08s]
Best heuristic value: 47/54 [g=13, 28 evaluated, 27 expanded, 6 reopened, t=0.08s]
Best heuristic value: 46/54 [g=14, 29 evaluated, 28 expanded, 6 reopened, t=0.08s]
Best heuristic value: 45/53 [g=15, 30 evaluated, 29 expanded, 6 reopened, t=0.08s]
Best heuristic value: 43/48 [g=16, 38 evaluated, 37 expanded, 9 reopened, t=0.08s]
Best heuristic value: 42/48 [g=17, 39 evaluated, 38 expanded, 9 reopened, t=0.08s]
Best heuristic value: 39/48 [g=19, 42 evaluated, 40 expanded, 9 reopened, t=0.08s]
Best heuristic value: 39/47 [g=23, 81 evaluated, 68 expanded, 15 reopened, t=0.08s]
Best heuristic value: 38/47 [g=24, 82 evaluated, 69 expanded, 15 reopened, t=0.08s]
Best heuristic value: 36/47 [g=25, 83 evaluated, 70 expanded, 15 reopened, t=0.08s]
Best heuristic value: 36/45 [g=28, 84 evaluated, 71 expanded, 15 reopened, t=0.08s]
Best heuristic value: 35/42 [g=26, 93 evaluated, 78 expanded, 18 reopened, t=0.08s]
Best heuristic value: 34/42 [g=27, 94 evaluated, 79 expanded, 18 reopened, t=0.08s]
Best heuristic value: 34/38 [g=30, 95 evaluated, 80 expanded, 18 reopened, t=0.08s]
Best heuristic value: 34/37 [g=32, 96 evaluated, 81 expanded, 18 reopened, t=0.08s]
Best heuristic value: 33/37 [g=32, 105 evaluated, 89 expanded, 20 reopened, t=0.08s]
Best heuristic value: 30/33 [g=34, 107 evaluated, 91 expanded, 20 reopened, t=0.08s]
Best heuristic value: 30/31 [g=36, 108 evaluated, 92 expanded, 20 reopened, t=0.08s]
Best heuristic value: 26/31 [g=41, 113 evaluated, 97 expanded, 22 reopened, t=0.08s]
Best heuristic value: 26/28 [g=44, 115 evaluated, 99 expanded, 22 reopened, t=0.08s]
Best heuristic value: 24/28 [g=47, 119 evaluated, 103 expanded, 23 reopened, t=0.08s]
Best heuristic value: 21/23 [g=49, 120 evaluated, 104 expanded, 23 reopened, t=0.08s]
Best heuristic value: 21/22 [g=51, 121 evaluated, 105 expanded, 23 reopened, t=0.08s]
Best heuristic value: 17/20 [g=56, 123 evaluated, 107 expanded, 23 reopened, t=0.08s]
Best heuristic value: 15/18 [g=57, 124 evaluated, 108 expanded, 23 reopened, t=0.08s]
Best heuristic value: 12/12 [g=60, 125 evaluated, 109 expanded, 23 reopened, t=0.08s]
Best heuristic value: 9/12 [g=63, 129 evaluated, 112 expanded, 23 reopened, t=0.08s]
Best heuristic value: 9/9 [g=65, 133 evaluated, 115 expanded, 23 reopened, t=0.08s]
Best heuristic value: 7/7 [g=66, 134 evaluated, 116 expanded, 23 reopened, t=0.08s]
Best heuristic value: 4/4 [g=68, 135 evaluated, 117 expanded, 23 reopened, t=0.08s]
Best heuristic value: 2/2 [g=69, 136 evaluated, 118 expanded, 23 reopened, t=0.08s]
Solution found!
Actual search time: 0.02s [t=0.08s]
slide-base-in b-0 carry-in table-in (1)
move-arm arm table-in tray-a (4)
pickup-component part-a-0 arm tray-a (1)
move-arm-holding arm tray-a screw-machine-a part-a-0 (2)
move-arm-holding arm screw-machine-a table-in part-a-0 (3)
assemble-with-arm part-a-0 attatch-a nothing-done b-0 arm table-in (2)
eject-base b-0 arm table-in (1)
move-arm-holding arm table-in table-out b-0 (2)
move-arm-holding arm table-out screw-machine-a b-0 (4)
set-base b-0 arm screw-machine-a (1)
assemble-with-machine b-0 screw-machine-a screw-a attatch-a (2)
eject-base b-0 arm screw-machine-a (1)
move-arm-holding arm screw-machine-a table1 b-0 (2)
set-base b-0 arm table1 (1)
move-arm arm table1 tray-b (4)
pickup-component part-b-0 arm tray-b (1)
move-arm-holding arm tray-b tray-c part-b-0 (2)
move-arm-holding arm tray-c table1 part-b-0 (5)
assemble-with-arm part-b-0 attatch-b screw-a b-0 arm table1 (2)
move-arm arm table1 tray-c (5)
pickup-component part-c-0 arm tray-c (1)
move-arm-holding arm tray-c screw-machine-c part-c-0 (2)
move-arm-holding arm screw-machine-c table1 part-c-0 (4)
assemble-with-arm part-c-0 attatch-c attatch-b b-0 arm table1 (3)
eject-base b-0 arm table1 (1)
move-arm-holding arm table1 screw-machine-c b-0 (4)
set-base b-0 arm screw-machine-c (1)
assemble-with-machine b-0 screw-machine-c screw-c attatch-c (2)
eject-base b-0 arm screw-machine-c (1)
move-arm-holding arm screw-machine-c table-out b-0 (2)
set-base b-0 arm table-out (1)
slide-base-out b-0 table-out carry-out (1)
Plan length: 32 step(s).
Plan cost: 69
Initial state h value: 57/66.
Expanded 127 state(s).
Reopened 30 state(s).
Evaluated 145 state(s).
Evaluations: 290
Generated 978 state(s).
Dead ends: 17 state(s).
Best solution cost so far: 69
Solution found - keep searching
Starting search: lazy_wastar(list(hff2, hlm2), preferred = list(hff2, hlm2), w = 2)
Conducting lazy best first search, (real) bound = 69
Best heuristic value: 57/66 [g=0, 1 evaluated, 0 expanded, t=0.08s]
Best heuristic value: 55/64 [g=1, 2 evaluated, 1 expanded, t=0.08s]
Best heuristic value: 53/64 [g=3, 4 evaluated, 3 expanded, t=0.08s]
Best heuristic value: 52/62 [g=6, 17 evaluated, 16 expanded, 3 reopened, t=0.08s]
Best heuristic value: 49/59 [g=8, 18 evaluated, 17 expanded, 3 reopened, t=0.08s]
Best heuristic value: 49/58 [g=10, 19 evaluated, 18 expanded, 3 reopened, t=0.08s]
Best heuristic value: 49/57 [g=11, 20 evaluated, 19 expanded, 3 reopened, t=0.08s]
Best heuristic value: 49/56 [g=13, 21 evaluated, 20 expanded, 3 reopened, t=0.08s]
Best heuristic value: 47/54 [g=13, 23 evaluated, 22 expanded, 3 reopened, t=0.08s]
Best heuristic value: 46/54 [g=14, 24 evaluated, 23 expanded, 3 reopened, t=0.08s]
Best heuristic value: 45/53 [g=15, 25 evaluated, 24 expanded, 3 reopened, t=0.08s]
Best heuristic value: 43/48 [g=16, 29 evaluated, 28 expanded, 3 reopened, t=0.08s]
Best heuristic value: 42/48 [g=17, 30 evaluated, 29 expanded, 3 reopened, t=0.08s]
Best heuristic value: 39/48 [g=19, 33 evaluated, 31 expanded, 3 reopened, t=0.08s]
Best heuristic value: 39/47 [g=23, 67 evaluated, 56 expanded, 7 reopened, t=0.08s]
Best heuristic value: 38/47 [g=24, 68 evaluated, 57 expanded, 7 reopened, t=0.08s]
Best heuristic value: 36/47 [g=25, 69 evaluated, 58 expanded, 7 reopened, t=0.08s]
Best heuristic value: 36/45 [g=28, 70 evaluated, 59 expanded, 7 reopened, t=0.08s]
Best heuristic value: 35/42 [g=26, 76 evaluated, 63 expanded, 7 reopened, t=0.08s]
Best heuristic value: 34/42 [g=27, 77 evaluated, 64 expanded, 7 reopened, t=0.08s]
Best heuristic value: 34/38 [g=30, 78 evaluated, 65 expanded, 7 reopened, t=0.08s]
Best heuristic value: 34/37 [g=32, 79 evaluated, 66 expanded, 7 reopened, t=0.08s]
Best heuristic value: 31/37 [g=32, 92 evaluated, 78 expanded, 10 reopened, t=0.08s]
Best heuristic value: 30/33 [g=34, 115 evaluated, 92 expanded, 15 reopened, t=0.08s]
Best heuristic value: 30/31 [g=36, 116 evaluated, 93 expanded, 15 reopened, t=0.08s]
Best heuristic value: 26/31 [g=38, 124 evaluated, 101 expanded, 20 reopened, t=0.08s]
Best heuristic value: 26/28 [g=41, 126 evaluated, 103 expanded, 20 reopened, t=0.08s]
Best heuristic value: 24/28 [g=44, 135 evaluated, 111 expanded, 22 reopened, t=0.08s]
Best heuristic value: 21/23 [g=46, 136 evaluated, 112 expanded, 22 reopened, t=0.08s]
Best heuristic value: 21/22 [g=48, 137 evaluated, 113 expanded, 22 reopened, t=0.08s]
Best heuristic value: 17/20 [g=53, 145 evaluated, 120 expanded, 23 reopened, t=0.08s]
Best heuristic value: 15/18 [g=54, 146 evaluated, 121 expanded, 23 reopened, t=0.08s]
Best heuristic value: 12/12 [g=57, 147 evaluated, 122 expanded, 23 reopened, t=0.08s]
Best heuristic value: 9/12 [g=60, 151 evaluated, 125 expanded, 23 reopened, t=0.08s]
Best heuristic value: 9/9 [g=62, 155 evaluated, 128 expanded, 23 reopened, t=0.08s]
Best heuristic value: 7/7 [g=63, 156 evaluated, 129 expanded, 23 reopened, t=0.1s]
Best heuristic value: 4/4 [g=65, 157 evaluated, 130 expanded, 23 reopened, t=0.1s]
Best heuristic value: 2/2 [g=66, 158 evaluated, 131 expanded, 23 reopened, t=0.1s]
Solution found!
Actual search time: 0.02s [t=0.1s]
slide-base-in b-0 carry-in table-in (1)
move-arm arm table-in tray-a (4)
pickup-component part-a-0 arm tray-a (1)
move-arm-holding arm tray-a screw-machine-a part-a-0 (2)
move-arm-holding arm screw-machine-a table-in part-a-0 (3)
assemble-with-arm part-a-0 attatch-a nothing-done b-0 arm table-in (2)
eject-base b-0 arm table-in (1)
move-arm-holding arm table-in table-out b-0 (2)
move-arm-holding arm table-out screw-machine-a b-0 (4)
set-base b-0 arm screw-machine-a (1)
assemble-with-machine b-0 screw-machine-a screw-a attatch-a (2)
eject-base b-0 arm screw-machine-a (1)
move-arm-holding arm screw-machine-a table1 b-0 (2)
set-base b-0 arm table1 (1)
move-arm arm table1 tray-b (4)
pickup-component part-b-0 arm tray-b (1)
move-arm-holding arm tray-b table1 part-b-0 (4)
assemble-with-arm part-b-0 attatch-b screw-a b-0 arm table1 (2)
move-arm arm table1 tray-c (5)
pickup-component part-c-0 arm tray-c (1)
move-arm-holding arm tray-c screw-machine-c part-c-0 (2)
move-arm-holding arm screw-machine-c table1 part-c-0 (4)
assemble-with-arm part-c-0 attatch-c attatch-b b-0 arm table1 (3)
eject-base b-0 arm table1 (1)
move-arm-holding arm table1 table-out b-0 (3)
move-arm-holding arm table-out screw-machine-c b-0 (2)
set-base b-0 arm screw-machine-c (1)
assemble-with-machine b-0 screw-machine-c screw-c attatch-c (2)
eject-base b-0 arm screw-machine-c (1)
move-arm-holding arm screw-machine-c table-out b-0 (2)
set-base b-0 arm table-out (1)
slide-base-out b-0 table-out carry-out (1)
Plan length: 32 step(s).
Plan cost: 67
Initial state h value: 57/66.
Expanded 132 state(s).
Reopened 23 state(s).
Evaluated 159 state(s).
Evaluations: 318
Generated 1022 state(s).
Dead ends: 26 state(s).
Best solution cost so far: 67
Solution found - keep searching
Starting search: lazy_wastar(list(hff2, hlm2), preferred = list(hff2, hlm2), w = 1)
Conducting lazy best first search, (real) bound = 67
Best heuristic value: 57/66 [g=0, 1 evaluated, 0 expanded, t=0.1s]
Best heuristic value: 55/64 [g=1, 2 evaluated, 1 expanded, t=0.1s]
Best heuristic value: 53/64 [g=3, 4 evaluated, 3 expanded, t=0.1s]
Best heuristic value: 52/62 [g=6, 27 evaluated, 26 expanded, 2 reopened, t=0.1s]
Best heuristic value: 49/59 [g=8, 32 evaluated, 29 expanded, 2 reopened, t=0.1s]
Best heuristic value: 49/58 [g=10, 33 evaluated, 30 expanded, 2 reopened, t=0.1s]
Best heuristic value: 49/57 [g=11, 36 evaluated, 33 expanded, 2 reopened, t=0.1s]
Best heuristic value: 49/56 [g=13, 38 evaluated, 35 expanded, 2 reopened, t=0.1s]
Best heuristic value: 47/54 [g=13, 39 evaluated, 36 expanded, 2 reopened, t=0.1s]
Best heuristic value: 46/54 [g=14, 40 evaluated, 37 expanded, 2 reopened, t=0.1s]
Best heuristic value: 45/53 [g=15, 41 evaluated, 38 expanded, 2 reopened, t=0.1s]
Best heuristic value: 43/48 [g=16, 48 evaluated, 44 expanded, 2 reopened, t=0.1s]
Best heuristic value: 42/48 [g=17, 50 evaluated, 46 expanded, 2 reopened, t=0.1s]
Best heuristic value: 39/48 [g=19, 59 evaluated, 53 expanded, 2 reopened, t=0.1s]
Best heuristic value: 39/47 [g=20, 131 evaluated, 105 expanded, 16 reopened, t=0.1s]
Best heuristic value: 38/47 [g=21, 132 evaluated, 106 expanded, 16 reopened, t=0.1s]
Best heuristic value: 36/47 [g=22, 133 evaluated, 107 expanded, 16 reopened, t=0.1s]
Best heuristic value: 36/45 [g=23, 136 evaluated, 110 expanded, 16 reopened, t=0.1s]
Best heuristic value: 35/42 [g=23, 138 evaluated, 111 expanded, 16 reopened, t=0.1s]
Best heuristic value: 34/42 [g=24, 139 evaluated, 112 expanded, 16 reopened, t=0.1s]
Best heuristic value: 34/38 [g=26, 141 evaluated, 114 expanded, 16 reopened, t=0.1s]
Best heuristic value: 34/37 [g=28, 144 evaluated, 116 expanded, 16 reopened, t=0.1s]
Best heuristic value: 31/37 [g=29, 152 evaluated, 122 expanded, 16 reopened, t=0.1s]
Best heuristic value: 30/33 [g=31, 184 evaluated, 149 expanded, 26 reopened, t=0.1s]
Best heuristic value: 30/31 [g=33, 186 evaluated, 151 expanded, 26 reopened, t=0.1s]
Best heuristic value: 26/31 [g=34, 273 evaluated, 233 expanded, 100 reopened, t=0.1s]
Best heuristic value: 26/28 [g=37, 276 evaluated, 236 expanded, 100 reopened, t=0.1s]
Best heuristic value: 23/28 [g=41, 301 evaluated, 253 expanded, 105 reopened, t=0.1s]
Best heuristic value: 21/23 [g=42, 334 evaluated, 282 expanded, 126 reopened, t=0.12s]
Best heuristic value: 21/22 [g=44, 335 evaluated, 283 expanded, 126 reopened, t=0.12s]
Best heuristic value: 17/20 [g=48, 360 evaluated, 304 expanded, 142 reopened, t=0.12s]
Best heuristic value: 15/18 [g=49, 361 evaluated, 305 expanded, 142 reopened, t=0.12s]
Best heuristic value: 12/12 [g=52, 362 evaluated, 306 expanded, 142 reopened, t=0.12s]
Best heuristic value: 9/12 [g=55, 366 evaluated, 309 expanded, 142 reopened, t=0.12s]
Best heuristic value: 9/9 [g=57, 371 evaluated, 312 expanded, 142 reopened, t=0.12s]
Best heuristic value: 7/7 [g=58, 372 evaluated, 313 expanded, 142 reopened, t=0.12s]
Best heuristic value: 4/4 [g=60, 373 evaluated, 314 expanded, 142 reopened, t=0.12s]
Best heuristic value: 2/2 [g=61, 374 evaluated, 315 expanded, 142 reopened, t=0.12s]
Solution found!
Actual search time: 0.02s [t=0.12s]
slide-base-in b-0 carry-in table-in (1)
move-arm arm table-in tray-a (4)
pickup-component part-a-0 arm tray-a (1)
move-arm-holding arm tray-a table-in part-a-0 (4)
assemble-with-arm part-a-0 attatch-a nothing-done b-0 arm table-in (2)
eject-base b-0 arm table-in (1)
move-arm-holding arm table-in screw-machine-a b-0 (3)
set-base b-0 arm screw-machine-a (1)
assemble-with-machine b-0 screw-machine-a screw-a attatch-a (2)
eject-base b-0 arm screw-machine-a (1)
move-arm-holding arm screw-machine-a table1 b-0 (2)
set-base b-0 arm table1 (1)
move-arm arm table1 tray-b (4)
pickup-component part-b-0 arm tray-b (1)
move-arm-holding arm tray-b table1 part-b-0 (4)
assemble-with-arm part-b-0 attatch-b screw-a b-0 arm table1 (2)
move-arm arm table1 tray-c (5)
pickup-component part-c-0 arm tray-c (1)
move-arm-holding arm tray-c table1 part-c-0 (5)
assemble-with-arm part-c-0 attatch-c attatch-b b-0 arm table1 (3)
eject-base b-0 arm table1 (1)
move-arm-holding arm table1 table-out b-0 (3)
move-arm-holding arm table-out screw-machine-c b-0 (2)
set-base b-0 arm screw-machine-c (1)
assemble-with-machine b-0 screw-machine-c screw-c attatch-c (2)
eject-base b-0 arm screw-machine-c (1)
move-arm-holding arm screw-machine-c table-out b-0 (2)
set-base b-0 arm table-out (1)
slide-base-out b-0 table-out carry-out (1)
Plan length: 29 step(s).
Plan cost: 62
Initial state h value: 57/66.
Expanded 316 state(s).
Reopened 142 state(s).
Evaluated 375 state(s).
Evaluations: 750
Generated 2451 state(s).
Dead ends: 58 state(s).
Best solution cost so far: 62
Solution found - keep searching
Starting search: lazy_wastar(list(hff2, hlm2), preferred = list(hff2, hlm2), w = 1)
Conducting lazy best first search, (real) bound = 62
Best heuristic value: 57/66 [g=0, 1 evaluated, 0 expanded, t=0.12s]
Best heuristic value: 55/64 [g=1, 2 evaluated, 1 expanded, t=0.12s]
Best heuristic value: 53/64 [g=3, 4 evaluated, 3 expanded, t=0.12s]
Best heuristic value: 52/62 [g=6, 27 evaluated, 26 expanded, 2 reopened, t=0.12s]
Best heuristic value: 49/59 [g=8, 32 evaluated, 29 expanded, 2 reopened, t=0.12s]
Best heuristic value: 49/58 [g=10, 33 evaluated, 30 expanded, 2 reopened, t=0.12s]
Best heuristic value: 49/57 [g=11, 36 evaluated, 33 expanded, 2 reopened, t=0.12s]
Best heuristic value: 49/56 [g=13, 38 evaluated, 35 expanded, 2 reopened, t=0.12s]
Best heuristic value: 47/54 [g=13, 39 evaluated, 36 expanded, 2 reopened, t=0.12s]
Best heuristic value: 46/54 [g=14, 40 evaluated, 37 expanded, 2 reopened, t=0.12s]
Best heuristic value: 45/53 [g=15, 41 evaluated, 38 expanded, 2 reopened, t=0.12s]
Best heuristic value: 43/48 [g=16, 48 evaluated, 44 expanded, 2 reopened, t=0.12s]
Best heuristic value: 42/48 [g=17, 50 evaluated, 46 expanded, 2 reopened, t=0.12s]
Best heuristic value: 39/48 [g=19, 59 evaluated, 53 expanded, 2 reopened, t=0.12s]
Best heuristic value: 39/47 [g=20, 131 evaluated, 105 expanded, 16 reopened, t=0.12s]
Best heuristic value: 38/47 [g=21, 132 evaluated, 106 expanded, 16 reopened, t=0.12s]
Best heuristic value: 36/47 [g=22, 133 evaluated, 107 expanded, 16 reopened, t=0.12s]
Best heuristic value: 36/45 [g=23, 136 evaluated, 110 expanded, 16 reopened, t=0.12s]
Best heuristic value: 35/42 [g=23, 138 evaluated, 111 expanded, 16 reopened, t=0.12s]
Best heuristic value: 34/42 [g=24, 139 evaluated, 112 expanded, 16 reopened, t=0.12s]
Best heuristic value: 34/38 [g=26, 141 evaluated, 114 expanded, 16 reopened, t=0.12s]
Best heuristic value: 34/37 [g=28, 144 evaluated, 116 expanded, 16 reopened, t=0.12s]
Best heuristic value: 31/37 [g=29, 152 evaluated, 122 expanded, 16 reopened, t=0.12s]
Best heuristic value: 30/33 [g=31, 184 evaluated, 149 expanded, 26 reopened, t=0.12s]
Best heuristic value: 30/31 [g=33, 186 evaluated, 151 expanded, 26 reopened, t=0.12s]
Best heuristic value: 26/31 [g=34, 273 evaluated, 233 expanded, 100 reopened, t=0.14s]
Best heuristic value: 26/28 [g=37, 276 evaluated, 236 expanded, 100 reopened, t=0.14s]
Best heuristic value: 23/28 [g=41, 301 evaluated, 253 expanded, 105 reopened, t=0.14s]
Best heuristic value: 21/23 [g=42, 334 evaluated, 282 expanded, 126 reopened, t=0.14s]
Best heuristic value: 21/22 [g=44, 335 evaluated, 283 expanded, 126 reopened, t=0.14s]
Best heuristic value: 17/20 [g=48, 360 evaluated, 304 expanded, 142 reopened, t=0.14s]
Best heuristic value: 15/18 [g=49, 361 evaluated, 305 expanded, 142 reopened, t=0.14s]
Best heuristic value: 12/12 [g=52, 362 evaluated, 306 expanded, 142 reopened, t=0.14s]
Best heuristic value: 9/12 [g=55, 366 evaluated, 309 expanded, 142 reopened, t=0.14s]
Best heuristic value: 9/9 [g=57, 371 evaluated, 312 expanded, 142 reopened, t=0.14s]
Best heuristic value: 7/7 [g=58, 372 evaluated, 313 expanded, 142 reopened, t=0.14s]
Best heuristic value: 4/4 [g=60, 373 evaluated, 314 expanded, 142 reopened, t=0.14s]
Best heuristic value: 2/2 [g=61, 374 evaluated, 315 expanded, 142 reopened, t=0.14s]
Solution found!
Actual search time: 0.02s [t=0.14s]
slide-base-in b-0 carry-in table-in (1)
move-arm arm table-in tray-a (4)
pickup-component part-a-0 arm tray-a (1)
move-arm-holding arm tray-a table-in part-a-0 (4)
assemble-with-arm part-a-0 attatch-a nothing-done b-0 arm table-in (2)
eject-base b-0 arm table-in (1)
move-arm-holding arm table-in screw-machine-a b-0 (3)
set-base b-0 arm screw-machine-a (1)
assemble-with-machine b-0 screw-machine-a screw-a attatch-a (2)
eject-base b-0 arm screw-machine-a (1)
move-arm-holding arm screw-machine-a table1 b-0 (2)
set-base b-0 arm table1 (1)
move-arm arm table1 tray-b (4)
pickup-component part-b-0 arm tray-b (1)
move-arm-holding arm tray-b table1 part-b-0 (4)
assemble-with-arm part-b-0 attatch-b screw-a b-0 arm table1 (2)
move-arm arm table1 tray-c (5)
pickup-component part-c-0 arm tray-c (1)
move-arm-holding arm tray-c table1 part-c-0 (5)
assemble-with-arm part-c-0 attatch-c attatch-b b-0 arm table1 (3)
eject-base b-0 arm table1 (1)
move-arm-holding arm table1 screw-machine-c b-0 (4)
set-base b-0 arm screw-machine-c (1)
assemble-with-machine b-0 screw-machine-c screw-c attatch-c (2)
eject-base b-0 arm screw-machine-c (1)
move-arm-holding arm screw-machine-c table-out b-0 (2)
set-base b-0 arm table-out (1)
slide-base-out b-0 table-out carry-out (1)
Plan length: 28 step(s).
Plan cost: 61
Initial state h value: 57/66.
Expanded 325 state(s).
Reopened 149 state(s).
Evaluated 384 state(s).
Evaluations: 768
Generated 2523 state(s).
Dead ends: 58 state(s).
Best solution cost so far: 61
Solution found - keep searching
Starting search: lazy_wastar(list(hff2, hlm2), preferred = list(hff2, hlm2), w = 1)
Conducting lazy best first search, (real) bound = 61
Best heuristic value: 57/66 [g=0, 1 evaluated, 0 expanded, t=0.14s]
Best heuristic value: 55/64 [g=1, 2 evaluated, 1 expanded, t=0.14s]
Best heuristic value: 53/64 [g=3, 4 evaluated, 3 expanded, t=0.14s]
Best heuristic value: 52/62 [g=6, 27 evaluated, 26 expanded, 2 reopened, t=0.14s]
Best heuristic value: 49/59 [g=8, 32 evaluated, 29 expanded, 2 reopened, t=0.14s]
Best heuristic value: 49/58 [g=10, 33 evaluated, 30 expanded, 2 reopened, t=0.14s]
Best heuristic value: 49/57 [g=11, 36 evaluated, 33 expanded, 2 reopened, t=0.14s]
Best heuristic value: 49/56 [g=13, 38 evaluated, 35 expanded, 2 reopened, t=0.14s]
Best heuristic value: 47/54 [g=13, 39 evaluated, 36 expanded, 2 reopened, t=0.14s]
Best heuristic value: 46/54 [g=14, 40 evaluated, 37 expanded, 2 reopened, t=0.14s]
Best heuristic value: 45/53 [g=15, 41 evaluated, 38 expanded, 2 reopened, t=0.14s]
Best heuristic value: 43/48 [g=16, 48 evaluated, 44 expanded, 2 reopened, t=0.14s]
Best heuristic value: 42/48 [g=17, 50 evaluated, 46 expanded, 2 reopened, t=0.14s]
Best heuristic value: 39/48 [g=19, 59 evaluated, 53 expanded, 2 reopened, t=0.14s]
Best heuristic value: 39/47 [g=20, 131 evaluated, 105 expanded, 16 reopened, t=0.14s]
Best heuristic value: 38/47 [g=21, 132 evaluated, 106 expanded, 16 reopened, t=0.14s]
Best heuristic value: 36/47 [g=22, 133 evaluated, 107 expanded, 16 reopened, t=0.14s]
Best heuristic value: 36/45 [g=23, 136 evaluated, 110 expanded, 16 reopened, t=0.14s]
Best heuristic value: 35/42 [g=23, 138 evaluated, 111 expanded, 16 reopened, t=0.14s]
Best heuristic value: 34/42 [g=24, 139 evaluated, 112 expanded, 16 reopened, t=0.14s]
Best heuristic value: 34/38 [g=26, 141 evaluated, 114 expanded, 16 reopened, t=0.14s]
Best heuristic value: 34/37 [g=28, 144 evaluated, 116 expanded, 16 reopened, t=0.14s]
Best heuristic value: 31/37 [g=29, 152 evaluated, 122 expanded, 16 reopened, t=0.14s]
Best heuristic value: 30/33 [g=31, 184 evaluated, 149 expanded, 26 reopened, t=0.16s]
Best heuristic value: 30/31 [g=33, 186 evaluated, 151 expanded, 26 reopened, t=0.16s]
Best heuristic value: 26/31 [g=34, 273 evaluated, 233 expanded, 100 reopened, t=0.16s]
Best heuristic value: 26/28 [g=37, 276 evaluated, 236 expanded, 100 reopened, t=0.16s]
Best heuristic value: 23/28 [g=41, 301 evaluated, 253 expanded, 105 reopened, t=0.16s]
Best heuristic value: 21/23 [g=42, 334 evaluated, 282 expanded, 126 reopened, t=0.16s]
Best heuristic value: 21/22 [g=44, 335 evaluated, 283 expanded, 126 reopened, t=0.16s]
Best heuristic value: 17/20 [g=48, 360 evaluated, 304 expanded, 142 reopened, t=0.16s]
Best heuristic value: 15/18 [g=49, 361 evaluated, 305 expanded, 142 reopened, t=0.16s]
Best heuristic value: 12/12 [g=52, 362 evaluated, 306 expanded, 142 reopened, t=0.16s]
Best heuristic value: 9/12 [g=55, 366 evaluated, 309 expanded, 142 reopened, t=0.16s]
Best heuristic value: 9/9 [g=57, 371 evaluated, 312 expanded, 142 reopened, t=0.16s]
Best heuristic value: 7/7 [g=58, 372 evaluated, 313 expanded, 142 reopened, t=0.16s]
Best heuristic value: 4/4 [g=60, 373 evaluated, 314 expanded, 142 reopened, t=0.16s]
Best heuristic value: 2/2 [g=60, 382 evaluated, 323 expanded, 148 reopened, t=0.16s]
Completely explored state space -- no solution!
Actual search time: 0.04s [t=0.18s]
Initial state h value: 57/66.
Expanded 502 state(s).
Reopened 209 state(s).
Evaluated 581 state(s).
Evaluations: 1162
Generated 3817 state(s).
Dead ends: 79 state(s).
Best solution cost so far: 61
No solution found - keep searching
Actual search time: 0.14s [t=0.18s]
Cumulative statistics:
Expanded 1899 state(s).
Reopened 577 state(s).
Evaluated 2240 state(s).
Evaluations: 4480
Generated 14594 state(s).
Dead ends: 0 state(s).
Search time: 0.14s
Total time: 0.18s
Solution found.
Peak memory: 4780 KB
