Parsing...
Parsing: [0.010s CPU, 0.012s wall-clock]
Normalizing task... [0.000s CPU, 0.001s wall-clock]
Instantiating...
Generating Datalog program... [0.000s CPU, 0.002s wall-clock]
Normalizing Datalog program...
Normalizing Datalog program: [0.000s CPU, 0.009s wall-clock]
Preparing model... [0.010s CPU, 0.006s wall-clock]
Generated 69 rules.
Computing model... [0.080s CPU, 0.072s wall-clock]
932 relevant atoms
1518 auxiliary atoms
2450 final queue length
3671 total queue pushes
Completing instantiation... [0.170s CPU, 0.172s wall-clock]
Instantiating: [0.270s CPU, 0.261s wall-clock]
Computing fact groups...
Finding invariants...
15 initial candidates
Finding invariants: [0.010s CPU, 0.010s wall-clock]
Checking invariant weight... [0.000s CPU, 0.000s wall-clock]
Instantiating groups... [0.000s CPU, 0.003s wall-clock]
Collecting mutex groups... [0.000s CPU, 0.000s wall-clock]
Choosing groups...
45 uncovered facts
Choosing groups: [0.000s CPU, 0.001s wall-clock]
Building translation key... [0.000s CPU, 0.001s wall-clock]
Computing fact groups: [0.010s CPU, 0.016s wall-clock]
Building STRIPS to SAS dictionary... [0.000s CPU, 0.000s wall-clock]
Building dictionary for full mutex groups... [0.000s CPU, 0.000s wall-clock]
Building mutex information...
Building mutex information: [0.000s CPU, 0.000s wall-clock]
Translating task...
Processing axioms...
Simplifying axioms... [0.000s CPU, 0.000s wall-clock]
Processing axioms: [0.010s CPU, 0.006s wall-clock]
Translating task: [0.090s CPU, 0.087s wall-clock]
84 implied effects removed
528 effect conditions simplified
0 implied preconditions added
Detecting unreachable propositions...
0 operators removed
20 propositions removed
Detecting unreachable propositions: [0.020s CPU, 0.014s wall-clock]
Translator variables: 43
Translator derived variables: 0
Translator facts: 124
Translator mutex groups: 6
Translator total mutex groups size: 52
Translator operators: 658
Translator task size: 4611
Translator peak memory: 15352 KB
Writing output... [0.010s CPU, 0.016s wall-clock]
Done! [0.410s CPU, 0.411s wall-clock]
