Parsing... [0.010s CPU, 0.011s wall-clock]
Normalizing task... [0.000s CPU, 0.001s wall-clock]
Instantiating...
Generating Datalog program... [0.000s CPU, 0.002s wall-clock]
Normalizing Datalog program...
Normalizing Datalog program: [0.010s CPU, 0.008s wall-clock]
Preparing model... [0.000s CPU, 0.007s wall-clock]
Generated 69 rules.
Computing model... [0.600s CPU, 0.603s wall-clock]
5222 relevant atoms
25984 auxiliary atoms
31206 final queue length
39291 total queue pushes
Completing instantiation... [1.110s CPU, 1.100s wall-clock]
Instantiating: [1.740s CPU, 1.742s wall-clock]
Computing fact groups...
Finding invariants...
15 initial candidates
Finding invariants: [0.010s CPU, 0.009s wall-clock]
Checking invariant weight... [0.000s CPU, 0.001s wall-clock]
Instantiating groups... [0.020s CPU, 0.026s wall-clock]
Collecting mutex groups... [0.010s CPU, 0.001s wall-clock]
Choosing groups...
201 uncovered facts
Choosing groups: [0.000s CPU, 0.002s wall-clock]
Building translation key... [0.010s CPU, 0.002s wall-clock]
Computing fact groups: [0.050s CPU, 0.046s wall-clock]
Building STRIPS to SAS dictionary... [0.000s CPU, 0.001s wall-clock]
Building dictionary for full mutex groups... [0.000s CPU, 0.003s wall-clock]
Building mutex information...
Building mutex information: [0.000s CPU, 0.001s wall-clock]
Translating task...
Processing axioms...
Simplifying axioms... [0.000s CPU, 0.000s wall-clock]
Processing axioms: [0.040s CPU, 0.037s wall-clock]
Translating task: [0.420s CPU, 0.419s wall-clock]
539 implied effects removed
3414 effect conditions simplified
0 implied preconditions added
Detecting unreachable propositions...
0 operators removed
34 propositions removed
Detecting unreachable propositions: [0.060s CPU, 0.065s wall-clock]
Translator variables: 205
Translator derived variables: 0
Translator facts: 643
Translator mutex groups: 64
Translator total mutex groups size: 376
Translator operators: 4298
Translator task size: 29977
Translator peak memory: 75740 KB
Writing output... [0.070s CPU, 0.075s wall-clock]
Done! [2.390s CPU, 2.399s wall-clock]
