Parsing... [0.000s CPU, 0.010s wall-clock]
Normalizing task... [0.010s CPU, 0.001s wall-clock]
Instantiating...
Generating Datalog program... [0.000s CPU, 0.002s wall-clock]
Normalizing Datalog program...
Normalizing Datalog program: [0.000s CPU, 0.008s wall-clock]
Preparing model... [0.010s CPU, 0.007s wall-clock]
Generated 69 rules.
Computing model... [0.610s CPU, 0.616s wall-clock]
4892 relevant atoms
23130 auxiliary atoms
28022 final queue length
35579 total queue pushes
Completing instantiation... [1.030s CPU, 1.030s wall-clock]
Instantiating: [1.740s CPU, 1.746s wall-clock]
Computing fact groups...
Finding invariants...
15 initial candidates
Finding invariants: [0.010s CPU, 0.010s wall-clock]
Checking invariant weight... [0.000s CPU, 0.001s wall-clock]
Instantiating groups... [0.020s CPU, 0.024s wall-clock]
Collecting mutex groups... [0.010s CPU, 0.001s wall-clock]
Choosing groups...
189 uncovered facts
Choosing groups: [0.000s CPU, 0.002s wall-clock]
Building translation key... [0.000s CPU, 0.002s wall-clock]
Computing fact groups: [0.040s CPU, 0.045s wall-clock]
Building STRIPS to SAS dictionary... [0.010s CPU, 0.001s wall-clock]
Building dictionary for full mutex groups... [0.000s CPU, 0.002s wall-clock]
Building mutex information...
Building mutex information: [0.000s CPU, 0.001s wall-clock]
Translating task...
Processing axioms...
Simplifying axioms... [0.000s CPU, 0.000s wall-clock]
Processing axioms: [0.060s CPU, 0.066s wall-clock]
Translating task: [0.650s CPU, 0.657s wall-clock]
504 implied effects removed
3192 effect conditions simplified
0 implied preconditions added
Detecting unreachable propositions...
0 operators removed
32 propositions removed
Detecting unreachable propositions: [0.060s CPU, 0.067s wall-clock]
Translator variables: 193
Translator derived variables: 0
Translator facts: 604
Translator mutex groups: 60
Translator total mutex groups size: 352
Translator operators: 4018
Translator task size: 28029
Translator peak memory: 73008 KB
Writing output... [0.070s CPU, 0.070s wall-clock]
Done! [2.730s CPU, 2.735s wall-clock]
