Parsing...
Parsing: [0.020s CPU, 0.012s wall-clock]
Normalizing task... [0.000s CPU, 0.001s wall-clock]
Instantiating...
Generating Datalog program... [0.000s CPU, 0.002s wall-clock]
Normalizing Datalog program...
Normalizing Datalog program: [0.010s CPU, 0.024s wall-clock]
Preparing model... [0.000s CPU, 0.005s wall-clock]
Generated 69 rules.
Computing model... [0.050s CPU, 0.041s wall-clock]
602 relevant atoms
770 auxiliary atoms
1372 final queue length
2065 total queue pushes
Completing instantiation... [0.100s CPU, 0.101s wall-clock]
Instantiating: [0.160s CPU, 0.173s wall-clock]
Computing fact groups...
Finding invariants...
15 initial candidates
Finding invariants: [0.000s CPU, 0.009s wall-clock]
Checking invariant weight... [0.000s CPU, 0.000s wall-clock]
Instantiating groups... [0.010s CPU, 0.002s wall-clock]
Collecting mutex groups... [0.000s CPU, 0.000s wall-clock]
Choosing groups...
33 uncovered facts
Choosing groups: [0.000s CPU, 0.000s wall-clock]
Building translation key... [0.000s CPU, 0.000s wall-clock]
Computing fact groups: [0.010s CPU, 0.013s wall-clock]
Building STRIPS to SAS dictionary... [0.000s CPU, 0.000s wall-clock]
Building dictionary for full mutex groups... [0.000s CPU, 0.000s wall-clock]
Building mutex information...
Building mutex information: [0.000s CPU, 0.000s wall-clock]
Translating task...
Processing axioms...
Simplifying axioms... [0.000s CPU, 0.000s wall-clock]
Processing axioms: [0.000s CPU, 0.003s wall-clock]
Translating task: [0.050s CPU, 0.050s wall-clock]
49 implied effects removed
306 effect conditions simplified
0 implied preconditions added
Detecting unreachable propositions...
0 operators removed
11 propositions removed
Detecting unreachable propositions: [0.010s CPU, 0.008s wall-clock]
Translator variables: 34
Translator derived variables: 0
Translator facts: 92
Translator mutex groups: 5
Translator total mutex groups size: 34
Translator operators: 378
Translator task size: 2685
Translator peak memory: 14512 KB
Writing output... [0.010s CPU, 0.010s wall-clock]
Done! [0.260s CPU, 0.270s wall-clock]
