Parsing... [0.010s CPU, 0.009s wall-clock]
Normalizing task... [0.010s CPU, 0.000s wall-clock]
Instantiating...
Generating Datalog program... [0.000s CPU, 0.002s wall-clock]
Normalizing Datalog program...
Normalizing Datalog program: [0.000s CPU, 0.006s wall-clock]
Preparing model... [0.010s CPU, 0.006s wall-clock]
Generated 46 rules.
Computing model... [0.300s CPU, 0.311s wall-clock]
9612 relevant atoms
5472 auxiliary atoms
15084 final queue length
30843 total queue pushes
Completing instantiation... [1.390s CPU, 1.399s wall-clock]
Instantiating: [1.750s CPU, 1.764s wall-clock]
Computing fact groups...
Finding invariants...
12 initial candidates
Finding invariants: [0.010s CPU, 0.016s wall-clock]
Checking invariant weight... [0.010s CPU, 0.002s wall-clock]
Instantiating groups... [0.010s CPU, 0.008s wall-clock]
Collecting mutex groups... [0.000s CPU, 0.001s wall-clock]
Choosing groups...
0 uncovered facts
Choosing groups: [0.000s CPU, 0.003s wall-clock]
Building translation key... [0.000s CPU, 0.001s wall-clock]
Computing fact groups: [0.040s CPU, 0.039s wall-clock]
Building STRIPS to SAS dictionary... [0.000s CPU, 0.001s wall-clock]
Building dictionary for full mutex groups... [0.000s CPU, 0.001s wall-clock]
Building mutex information...
Building mutex information: [0.000s CPU, 0.001s wall-clock]
Translating task...
Processing axioms...
Simplifying axioms... [0.000s CPU, 0.001s wall-clock]
Processing axioms: [0.150s CPU, 0.147s wall-clock]
Translating task: [1.120s CPU, 1.119s wall-clock]
0 implied effects removed
0 effect conditions simplified
0 implied preconditions added
Detecting unreachable propositions...
0 operators removed
31 propositions removed
Detecting unreachable propositions: [0.100s CPU, 0.101s wall-clock]
Translator variables: 31
Translator derived variables: 0
Translator facts: 700
Translator mutex groups: 31
Translator total mutex groups size: 700
Translator operators: 8364
Translator task size: 50736
Translator peak memory: 92044 KB
Writing output... [0.120s CPU, 0.127s wall-clock]
Done! [3.450s CPU, 3.451s wall-clock]
