Parsing... [0.010s CPU, 0.022s wall-clock]
Normalizing task... [0.010s CPU, 0.001s wall-clock]
Instantiating...
Generating Datalog program... [0.000s CPU, 0.007s wall-clock]
Normalizing Datalog program...
Normalizing Datalog program: [0.010s CPU, 0.006s wall-clock]
Preparing model... [0.010s CPU, 0.018s wall-clock]
Generated 46 rules.
Computing model... [7.400s CPU, 7.395s wall-clock]
202632 relevant atoms
59824 auxiliary atoms
262456 final queue length
627872 total queue pushes
Completing instantiation... [25.370s CPU, 25.375s wall-clock]
Instantiating: [32.980s CPU, 32.980s wall-clock]
Computing fact groups...
Finding invariants...
12 initial candidates
Finding invariants: [0.250s CPU, 0.255s wall-clock]
Checking invariant weight... [0.010s CPU, 0.007s wall-clock]
Instantiating groups... [0.360s CPU, 0.359s wall-clock]
Collecting mutex groups... [0.030s CPU, 0.029s wall-clock]
Choosing groups...
0 uncovered facts
Choosing groups: [0.070s CPU, 0.076s wall-clock]
Building translation key... [0.030s CPU, 0.023s wall-clock]
Computing fact groups: [0.900s CPU, 0.899s wall-clock]
Building STRIPS to SAS dictionary... [0.020s CPU, 0.025s wall-clock]
Building dictionary for full mutex groups... [0.020s CPU, 0.022s wall-clock]
Building mutex information...
Building mutex information: [0.020s CPU, 0.023s wall-clock]
Translating task...
Processing axioms...
Simplifying axioms... [0.000s CPU, 0.000s wall-clock]
Processing axioms: [1.380s CPU, 1.374s wall-clock]
Translating task: [19.030s CPU, 19.033s wall-clock]
0 implied effects removed
0 effect conditions simplified
0 implied preconditions added
Detecting unreachable propositions...
0 operators removed
256 propositions removed
Detecting unreachable propositions: [2.300s CPU, 2.299s wall-clock]
Translator variables: 256
Translator derived variables: 0
Translator facts: 11888
Translator mutex groups: 256
Translator total mutex groups size: 11888
Translator operators: 188888
Translator task size: 1155416
Translator peak memory: 1144876 KB
Writing output... [2.810s CPU, 2.814s wall-clock]
Done! [59.730s CPU, 59.747s wall-clock]
