Dispatcher selected state size 1.
This is a nonunit task.
Simplifying transitions... done!
Initializing Exploration...
Generating landmarks using the RPG/SAS+ approach
approx. reasonable orders
approx. obedient reasonable orders
Removed 0 reasonable or obedient reasonable orders
Landmarks generation time: 1118.48s
Discovered 1108 landmarks, of which 161 are disjunctive and 0 are conjunctive 
3146 edges
Initializing LAMA-FF Synergy Object
Initializing landmarks count heuristic...
278 initial landmarks, 270 goal landmarks
Initializing Exploration...
Generating landmarks using the RPG/SAS+ approach
approx. reasonable orders
approx. obedient reasonable orders
Removed 0 reasonable or obedient reasonable orders
Landmarks generation time: 1282.98s
Discovered 1108 landmarks, of which 161 are disjunctive and 0 are conjunctive 
3146 edges
Initializing LAMA-FF Synergy Object
Initializing landmarks count heuristic...
278 initial landmarks, 270 goal landmarks
Starting search: lazy_greedy(list(hff1, hlm1), preferred = list(hff1, hlm1), cost_type = 1, reopen_closed = false)
Conducting lazy best first search, (real) bound = 2147483647
Best heuristic value: 830/1096 [g=0, 1 evaluated, 0 expanded, t=2411.31s]
Best heuristic value: 828/1095 [g=1, 3 evaluated, 2 expanded, t=2412.14s]
Best heuristic value: 828/1094 [g=2, 5 evaluated, 4 expanded, t=2412.97s]
Best heuristic value: 828/1093 [g=3, 7 evaluated, 6 expanded, t=2413.81s]
Best heuristic value: 828/1085 [g=2, 8 evaluated, 7 expanded, t=2414.23s]
Best heuristic value: 828/1084 [g=3, 11 evaluated, 10 expanded, t=2415.47s]
Best heuristic value: 826/1084 [g=2, 12 evaluated, 11 expanded, t=2415.89s]
Best heuristic value: 826/1083 [g=4, 18 evaluated, 17 expanded, t=2418.39s]
Best heuristic value: 824/1083 [g=3, 27 evaluated, 26 expanded, t=2422.14s]
Best heuristic value: 824/1082 [g=5, 30 evaluated, 29 expanded, t=2423.4s]
Best heuristic value: 824/1078 [g=6, 42 evaluated, 41 expanded, t=2428.45s]
Best heuristic value: 823/1078 [g=4, 45 evaluated, 44 expanded, t=2429.69s]
Best heuristic value: 823/1077 [g=7, 53 evaluated, 52 expanded, t=2433.01s]
Best heuristic value: 821/1077 [g=5, 62 evaluated, 61 expanded, t=2436.73s]
Best heuristic value: 821/1076 [g=8, 65 evaluated, 64 expanded, t=2437.97s]
Best heuristic value: 820/1075 [g=9, 77 evaluated, 76 expanded, t=2442.9s]
Best heuristic value: 820/1074 [g=10, 96 evaluated, 95 expanded, t=2450.85s]
Best heuristic value: 819/1074 [g=10, 120 evaluated, 119 expanded, t=2460.85s]
Best heuristic value: 819/1073 [g=11, 135 evaluated, 134 expanded, t=2467.12s]
Best heuristic value: 819/1072 [g=12, 193 evaluated, 192 expanded, t=2491s]
Best heuristic value: 818/1072 [g=11, 196 evaluated, 195 expanded, t=2492.26s]
Best heuristic value: 818/1071 [g=13, 265 evaluated, 264 expanded, t=2520.64s]
Best heuristic value: 817/1071 [g=12, 274 evaluated, 273 expanded, t=2524.25s]
Best heuristic value: 817/1070 [g=14, 339 evaluated, 338 expanded, t=2550.82s]
Best heuristic value: 816/1070 [g=13, 360 evaluated, 359 expanded, t=2559.29s]
Best heuristic value: 816/1069 [g=15, 415 evaluated, 414 expanded, t=2581.82s]
Best heuristic value: 815/1069 [g=14, 464 evaluated, 463 expanded, t=2601.91s]
Best heuristic value: 815/1068 [g=16, 495 evaluated, 494 expanded, t=2614.68s]
Best heuristic value: 814/1068 [g=15, 576 evaluated, 575 expanded, t=2647.88s]
Best heuristic value: 814/1067 [g=17, 593 evaluated, 592 expanded, t=2654.85s]
Best heuristic value: 814/1066 [g=18, 693 evaluated, 692 expanded, t=2696.04s]
Best heuristic value: 813/1066 [g=16, 696 evaluated, 695 expanded, t=2697.29s]
Best heuristic value: 813/1065 [g=19, 803 evaluated, 802 expanded, t=2740.99s]
Best heuristic value: 812/1065 [g=17, 820 evaluated, 819 expanded, t=2747.91s]
Best heuristic value: 812/1064 [g=20, 923 evaluated, 922 expanded, t=2790.37s]
Best heuristic value: 812/1063 [g=21, 1035 evaluated, 1034 expanded, t=2836.63s]
Best heuristic value: 811/1063 [g=19, 1060 evaluated, 1059 expanded, t=2847.1s]
Best heuristic value: 811/1062 [g=22, 1155 evaluated, 1154 expanded, t=2886.43s]
Best heuristic value: 810/1062 [g=20, 1182 evaluated, 1181 expanded, t=2897.74s]
Best heuristic value: 810/1061 [g=24, 1321 evaluated, 1320 expanded, t=2955.85s]
Best heuristic value: 810/1060 [g=25, 1350 evaluated, 1349 expanded, t=2968.09s]
Best heuristic value: 810/1059 [g=26, 1424 evaluated, 1423 expanded, t=2998.81s]
Best heuristic value: 810/1058 [g=27, 1515 evaluated, 1514 expanded, t=3036.84s]
Best heuristic value: 809/1058 [g=22, 1520 evaluated, 1519 expanded, t=3038.89s]
Best heuristic value: 809/1057 [g=29, 1687 evaluated, 1686 expanded, t=3108.35s]
Best heuristic value: 809/1056 [g=30, 1736 evaluated, 1735 expanded, t=3128.76s]
Best heuristic value: 809/1055 [g=31, 1801 evaluated, 1800 expanded, t=3156s]
Best heuristic value: 809/1054 [g=32, 1912 evaluated, 1911 expanded, t=3202.38s]
Best heuristic value: 809/1053 [g=34, 2111 evaluated, 2110 expanded, t=3285.32s]
Best heuristic value: 808/1053 [g=24, 2331 evaluated, 2330 expanded, t=3377.32s]
Best heuristic value: 808/1052 [g=36, 2399 evaluated, 2398 expanded, t=3405.57s]
Best heuristic value: 808/1051 [g=37, 2419 evaluated, 2418 expanded, t=3413.9s]
Best heuristic value: 807/1051 [g=25, 2436 evaluated, 2435 expanded, t=3421.03s]
Best heuristic value: 806/1051 [g=26, 2563 evaluated, 2562 expanded, t=3474.34s]
Best heuristic value: 806/1050 [g=39, 3432 evaluated, 3431 expanded, t=3837.74s]
Best heuristic value: 805/1050 [g=28, 3447 evaluated, 3446 expanded, t=3843.88s]
Best heuristic value: 805/1049 [g=40, 3530 evaluated, 3529 expanded, t=3878.76s]
Best heuristic value: 805/1048 [g=42, 3950 evaluated, 3949 expanded, t=4054.81s]
Best heuristic value: 804/1047 [g=43, 4051 evaluated, 4050 expanded, t=4096.74s]
Best heuristic value: 803/1047 [g=44, 4106 evaluated, 4105 expanded, t=4119.66s]
Best heuristic value: 802/1047 [g=45, 4211 evaluated, 4210 expanded, t=4163.42s]
Best heuristic value: 802/1046 [g=45, 4331 evaluated, 4330 expanded, t=4213.39s]
Best heuristic value: 801/1046 [g=47, 4423 evaluated, 4422 expanded, t=4251.63s]
Best heuristic value: 801/1045 [g=48, 4487 evaluated, 4486 expanded, t=4278.1s]
Best heuristic value: 800/1045 [g=48, 4535 evaluated, 4534 expanded, t=4298.01s]
Best heuristic value: 800/1044 [g=49, 4586 evaluated, 4585 expanded, t=4319.28s]
Best heuristic value: 800/1043 [g=50, 4594 evaluated, 4593 expanded, t=4322.65s]
Best heuristic value: 800/1042 [g=51, 4603 evaluated, 4602 expanded, t=4326.39s]
Best heuristic value: 800/1041 [g=52, 4623 evaluated, 4622 expanded, t=4334.71s]
Best heuristic value: 800/1040 [g=53, 4634 evaluated, 4633 expanded, t=4339.29s]
Best heuristic value: 799/1040 [g=54, 4642 evaluated, 4641 expanded, t=4342.65s]
Best heuristic value: 798/1040 [g=55, 4717 evaluated, 4716 expanded, t=4373.92s]
Best heuristic value: 798/1039 [g=54, 4726 evaluated, 4725 expanded, t=4377.65s]
Best heuristic value: 798/1038 [g=55, 4796 evaluated, 4795 expanded, t=4406.68s]
Best heuristic value: 797/1038 [g=56, 4811 evaluated, 4810 expanded, t=4412.87s]
Best heuristic value: 797/1037 [g=56, 4903 evaluated, 4902 expanded, t=4450.83s]
Best heuristic value: 796/1037 [g=57, 4912 evaluated, 4911 expanded, t=4454.61s]
Best heuristic value: 796/1036 [g=57, 5015 evaluated, 5014 expanded, t=4497.32s]
Best heuristic value: 795/1036 [g=58, 5016 evaluated, 5015 expanded, t=4497.74s]
Best heuristic value: 794/1036 [g=59, 5122 evaluated, 5121 expanded, t=4541.68s]
Best heuristic value: 794/1035 [g=59, 5232 evaluated, 5231 expanded, t=4587.27s]
Best heuristic value: 794/1034 [g=60, 5315 evaluated, 5314 expanded, t=4621.58s]
Best heuristic value: 794/1033 [g=61, 5415 evaluated, 5414 expanded, t=4663.09s]
Best heuristic value: 793/1033 [g=61, 5422 evaluated, 5421 expanded, t=4666s]
Best heuristic value: 792/1033 [g=62, 5537 evaluated, 5536 expanded, t=4713.96s]
Best heuristic value: 791/1033 [g=63, 5647 evaluated, 5646 expanded, t=4759.77s]
Best heuristic value: 791/1032 [g=63, 5732 evaluated, 5731 expanded, t=4795.15s]
Best heuristic value: 790/1032 [g=65, 5997 evaluated, 5996 expanded, t=4905.85s]
Best heuristic value: 790/1031 [g=65, 6235 evaluated, 6234 expanded, t=5005.47s]
Best heuristic value: 790/1030 [g=67, 6550 evaluated, 6549 expanded, t=5137.36s]
Best heuristic value: 789/1030 [g=67, 6899 evaluated, 6898 expanded, t=5283.24s]
Best heuristic value: 788/1030 [g=68, 6917 evaluated, 6916 expanded, t=5290.86s]
Best heuristic value: 788/1029 [g=69, 7062 evaluated, 7061 expanded, t=5351.58s]
Best heuristic value: 788/1028 [g=71, 7370 evaluated, 7369 expanded, t=5480.17s]
Best heuristic value: 788/1027 [g=73, 7873 evaluated, 7872 expanded, t=5689.83s]
Best heuristic value: 787/1027 [g=74, 7948 evaluated, 7947 expanded, t=5721.09s]
Best heuristic value: 787/1026 [g=75, 7990 evaluated, 7989 expanded, t=5738.5s]
Best heuristic value: 786/1025 [g=76, 8002 evaluated, 8001 expanded, t=5743.45s]
Best heuristic value: 785/1025 [g=77, 8053 evaluated, 8052 expanded, t=5764.56s]
Best heuristic value: 785/1024 [g=78, 8104 evaluated, 8103 expanded, t=5785.78s]
Best heuristic value: 784/1023 [g=79, 8108 evaluated, 8107 expanded, t=5787.44s]
Best heuristic value: 783/1022 [g=80, 8158 evaluated, 8157 expanded, t=5808.02s]
Best heuristic value: 782/1021 [g=81, 8209 evaluated, 8208 expanded, t=5829.03s]
Best heuristic value: 781/1021 [g=82, 8261 evaluated, 8260 expanded, t=5850.61s]
Best heuristic value: 781/1020 [g=83, 8299 evaluated, 8298 expanded, t=5866.32s]
Best heuristic value: 780/1019 [g=84, 8302 evaluated, 8301 expanded, t=5867.6s]
Best heuristic value: 779/1019 [g=85, 8347 evaluated, 8346 expanded, t=5886.39s]
Best heuristic value: 779/1018 [g=86, 8350 evaluated, 8349 expanded, t=5887.64s]
Best heuristic value: 779/1017 [g=87, 8351 evaluated, 8350 expanded, t=5888.07s]
Best heuristic value: 778/1017 [g=86, 8450 evaluated, 8449 expanded, t=5929.13s]
Best heuristic value: 778/1016 [g=88, 8453 evaluated, 8452 expanded, t=5930.36s]
Best heuristic value: 778/1015 [g=89, 8557 evaluated, 8556 expanded, t=5973.47s]
Best heuristic value: 777/1015 [g=88, 8656 evaluated, 8655 expanded, t=6014.39s]
Best heuristic value: 776/1015 [g=89, 8750 evaluated, 8749 expanded, t=6053.32s]
Best heuristic value: 776/1014 [g=91, 8751 evaluated, 8750 expanded, t=6053.73s]
Best heuristic value: 776/1013 [g=92, 8853 evaluated, 8852 expanded, t=6096.2s]
Best heuristic value: 776/1012 [g=94, 9045 evaluated, 9044 expanded, t=6175.84s]
Best heuristic value: 775/1012 [g=91, 9124 evaluated, 9123 expanded, t=6208.61s]
Best heuristic value: 774/1012 [g=92, 9209 evaluated, 9208 expanded, t=6243.8s]
Best heuristic value: 773/1012 [g=93, 9306 evaluated, 9305 expanded, t=6284.12s]
Best heuristic value: 772/1012 [g=94, 9413 evaluated, 9412 expanded, t=6328.52s]
Best heuristic value: 772/1011 [g=96, 9628 evaluated, 9627 expanded, t=6417.94s]
Best heuristic value: 772/1010 [g=97, 9642 evaluated, 9641 expanded, t=6423.69s]
Best heuristic value: 771/1010 [g=96, 9835 evaluated, 9834 expanded, t=6503.56s]
Best heuristic value: 771/1009 [g=99, 10044 evaluated, 10043 expanded, t=6590.36s]
Best heuristic value: 771/1008 [g=100, 10133 evaluated, 10132 expanded, t=6627.37s]
Best heuristic value: 770/1008 [g=98, 10467 evaluated, 10466 expanded, t=6766.63s]
Best heuristic value: 769/1008 [g=99, 10574 evaluated, 10573 expanded, t=6811.31s]
Best heuristic value: 768/1008 [g=100, 10664 evaluated, 10663 expanded, t=6849.01s]
Best heuristic value: 768/1007 [g=102, 10937 evaluated, 10936 expanded, t=6963.02s]
Best heuristic value: 768/1006 [g=104, 11162 evaluated, 11161 expanded, t=7056.55s]
Best heuristic value: 767/1006 [g=102, 11762 evaluated, 11761 expanded, t=7307.03s]
Best heuristic value: 767/1005 [g=106, 11998 evaluated, 11997 expanded, t=7405.49s]
Best heuristic value: 767/1004 [g=107, 12084 evaluated, 12083 expanded, t=7441.14s]
Best heuristic value: 766/1004 [g=104, 12869 evaluated, 12868 expanded, t=7769.22s]
Best heuristic value: 766/1003 [g=109, 13243 evaluated, 13242 expanded, t=7925.55s]
Best heuristic value: 766/1002 [g=111, 13505 evaluated, 13504 expanded, t=8034.92s]
Best heuristic value: 765/1002 [g=106, 14518 evaluated, 14517 expanded, t=8456.95s]
Best heuristic value: 765/1001 [g=113, 14717 evaluated, 14716 expanded, t=8539.86s]
Best heuristic value: 764/1001 [g=108, 15468 evaluated, 15467 expanded, t=8853.1s]
Best heuristic value: 764/1000 [g=115, 16282 evaluated, 16281 expanded, t=9192.22s]
Best heuristic value: 764/999 [g=117, 16929 evaluated, 16928 expanded, t=9460.53s]
Best heuristic value: 763/999 [g=110, 17158 evaluated, 17157 expanded, t=9555.45s]
Best heuristic value: 762/999 [g=111, 17255 evaluated, 17254 expanded, t=9595.9s]
Best heuristic value: 762/998 [g=119, 17559 evaluated, 17558 expanded, t=9722.48s]
Best heuristic value: 762/997 [g=120, 17668 evaluated, 17667 expanded, t=9767.92s]
Best heuristic value: 762/996 [g=122, 19112 evaluated, 19111 expanded, t=10369.6s]
Best heuristic value: 762/995 [g=123, 19150 evaluated, 19149 expanded, t=10385.3s]
Best heuristic value: 762/994 [g=125, 19500 evaluated, 19499 expanded, t=10531.2s]
Best heuristic value: 762/993 [g=126, 19564 evaluated, 19563 expanded, t=10557.8s]
Best heuristic value: 761/993 [g=113, 19857 evaluated, 19856 expanded, t=10680.1s]
Best heuristic value: 760/993 [g=115, 20983 evaluated, 20982 expanded, t=11150.3s]
Best heuristic value: 760/992 [g=128, 21220 evaluated, 21219 expanded, t=11249.3s]
Best heuristic value: 760/991 [g=129, 21311 evaluated, 21310 expanded, t=11287.3s]
Best heuristic value: 760/990 [g=131, 22471 evaluated, 22470 expanded, t=11772.8s]
Best heuristic value: 760/989 [g=133, 22747 evaluated, 22746 expanded, t=11887.7s]
Best heuristic value: 759/989 [g=134, 22820 evaluated, 22819 expanded, t=11918s]
Best heuristic value: 759/988 [g=135, 22829 evaluated, 22828 expanded, t=11921.8s]
Best heuristic value: 759/987 [g=136, 22838 evaluated, 22837 expanded, t=11925.5s]
Best heuristic value: 759/986 [g=137, 22926 evaluated, 22925 expanded, t=11962s]
Best heuristic value: 758/986 [g=135, 22927 evaluated, 22926 expanded, t=11962.4s]
Best heuristic value: 757/986 [g=136, 23039 evaluated, 23038 expanded, t=12008.8s]
Best heuristic value: 756/986 [g=138, 23476 evaluated, 23475 expanded, t=12190.8s]
Best heuristic value: 756/985 [g=139, 23557 evaluated, 23556 expanded, t=12224.5s]
Best heuristic value: 755/985 [g=139, 23566 evaluated, 23565 expanded, t=12228.3s]
Best heuristic value: 754/985 [g=140, 23687 evaluated, 23686 expanded, t=12278.8s]
Best heuristic value: 753/985 [g=141, 23807 evaluated, 23806 expanded, t=12329s]
Best heuristic value: 753/984 [g=143, 24379 evaluated, 24378 expanded, t=12568.5s]
Best heuristic value: 753/983 [g=144, 24387 evaluated, 24386 expanded, t=12571.9s]
Best heuristic value: 753/982 [g=145, 24399 evaluated, 24398 expanded, t=12577s]
Best heuristic value: 753/981 [g=146, 24418 evaluated, 24417 expanded, t=12584.9s]
Best heuristic value: 753/980 [g=147, 24499 evaluated, 24498 expanded, t=12618.7s]
Best heuristic value: 752/979 [g=148, 24502 evaluated, 24501 expanded, t=12619.9s]
Best heuristic value: 752/978 [g=149, 24546 evaluated, 24545 expanded, t=12638.3s]
Best heuristic value: 751/978 [g=149, 24564 evaluated, 24563 expanded, t=12645.8s]
Best heuristic value: 751/977 [g=150, 24638 evaluated, 24637 expanded, t=12676.8s]
Best heuristic value: 751/976 [g=151, 24648 evaluated, 24647 expanded, t=12680.9s]
Best heuristic value: 750/976 [g=150, 24669 evaluated, 24668 expanded, t=12689.6s]
Best heuristic value: 750/975 [g=152, 24746 evaluated, 24745 expanded, t=12721.8s]
Best heuristic value: 749/975 [g=151, 24777 evaluated, 24776 expanded, t=12734.6s]
Best heuristic value: 749/974 [g=153, 24846 evaluated, 24845 expanded, t=12763s]
Best heuristic value: 749/973 [g=154, 24944 evaluated, 24943 expanded, t=12803.7s]
Best heuristic value: 748/973 [g=153, 24989 evaluated, 24988 expanded, t=12822.2s]
Best heuristic value: 747/973 [g=154, 25001 evaluated, 25000 expanded, t=12827.2s]
Best heuristic value: 747/972 [g=155, 25036 evaluated, 25035 expanded, t=12841.7s]
Best heuristic value: 747/971 [g=156, 25137 evaluated, 25136 expanded, t=12883.8s]
Best heuristic value: 747/970 [g=157, 25230 evaluated, 25229 expanded, t=12922.2s]
Best heuristic value: 747/969 [g=159, 25580 evaluated, 25579 expanded, t=13067.5s]
Best heuristic value: 747/968 [g=160, 25678 evaluated, 25677 expanded, t=13107.9s]
Best heuristic value: 746/968 [g=161, 25684 evaluated, 25683 expanded, t=13110.4s]
Best heuristic value: 746/967 [g=161, 25769 evaluated, 25768 expanded, t=13145.4s]
Best heuristic value: 745/967 [g=162, 25771 evaluated, 25770 expanded, t=13146.2s]
Best heuristic value: 745/966 [g=162, 25857 evaluated, 25856 expanded, t=13181.5s]
Best heuristic value: 744/966 [g=163, 25860 evaluated, 25859 expanded, t=13182.8s]
Best heuristic value: 744/965 [g=163, 25955 evaluated, 25954 expanded, t=13222.1s]
Best heuristic value: 743/965 [g=164, 25961 evaluated, 25960 expanded, t=13224.6s]
Best heuristic value: 743/964 [g=164, 26044 evaluated, 26043 expanded, t=13258.9s]
Best heuristic value: 742/964 [g=165, 26048 evaluated, 26047 expanded, t=13260.5s]
Best heuristic value: 741/964 [g=166, 26136 evaluated, 26135 expanded, t=13296.8s]
Best heuristic value: 741/963 [g=167, 26211 evaluated, 26210 expanded, t=13327.9s]
Best heuristic value: 740/962 [g=168, 26220 evaluated, 26219 expanded, t=13331.6s]
Best heuristic value: 739/962 [g=169, 26262 evaluated, 26261 expanded, t=13349s]
Best heuristic value: 739/961 [g=169, 26283 evaluated, 26282 expanded, t=13357.7s]
Best heuristic value: 738/960 [g=170, 26360 evaluated, 26359 expanded, t=13389.5s]
Best heuristic value: 737/960 [g=171, 26403 evaluated, 26402 expanded, t=13407.2s]
Best heuristic value: 737/959 [g=172, 26435 evaluated, 26434 expanded, t=13420.4s]
Best heuristic value: 737/958 [g=173, 26443 evaluated, 26442 expanded, t=13423.7s]
Best heuristic value: 736/958 [g=174, 26451 evaluated, 26450 expanded, t=13427s]
Best heuristic value: 736/957 [g=174, 26521 evaluated, 26520 expanded, t=13456.1s]
Best heuristic value: 735/957 [g=175, 26526 evaluated, 26525 expanded, t=13458.2s]
Best heuristic value: 735/956 [g=175, 26604 evaluated, 26603 expanded, t=13490.5s]
Best heuristic value: 735/955 [g=176, 26609 evaluated, 26608 expanded, t=13492.6s]
Best heuristic value: 735/954 [g=177, 26702 evaluated, 26701 expanded, t=13531.2s]
Best heuristic value: 734/954 [g=178, 26706 evaluated, 26705 expanded, t=13532.9s]
Best heuristic value: 734/953 [g=178, 26780 evaluated, 26779 expanded, t=13563.5s]
Best heuristic value: 733/953 [g=179, 26797 evaluated, 26796 expanded, t=13570.6s]
Best heuristic value: 733/952 [g=180, 26966 evaluated, 26965 expanded, t=13641s]
Best heuristic value: 732/952 [g=181, 26981 evaluated, 26980 expanded, t=13647.3s]
Best heuristic value: 731/952 [g=182, 26989 evaluated, 26988 expanded, t=13650.7s]
Best heuristic value: 731/951 [g=181, 27052 evaluated, 27051 expanded, t=13676.9s]
Best heuristic value: 730/951 [g=183, 27105 evaluated, 27104 expanded, t=13699.1s]
Best heuristic value: 730/950 [g=182, 27156 evaluated, 27155 expanded, t=13720.3s]
Best heuristic value: 729/950 [g=184, 27221 evaluated, 27220 expanded, t=13747.4s]
Best heuristic value: 729/949 [g=184, 27350 evaluated, 27349 expanded, t=13801s]
Best heuristic value: 729/948 [g=185, 27352 evaluated, 27351 expanded, t=13801.9s]
Best heuristic value: 728/948 [g=187, 27522 evaluated, 27521 expanded, t=13872.3s]
Best heuristic value: 728/947 [g=188, 27574 evaluated, 27573 expanded, t=13893.9s]
Best heuristic value: 727/946 [g=189, 27587 evaluated, 27586 expanded, t=13899.2s]
Best heuristic value: 726/946 [g=190, 27636 evaluated, 27635 expanded, t=13919.5s]
Best heuristic value: 726/945 [g=191, 27685 evaluated, 27684 expanded, t=13939.7s]
Best heuristic value: 725/944 [g=192, 27698 evaluated, 27697 expanded, t=13945.1s]
Best heuristic value: 724/944 [g=193, 27724 evaluated, 27723 expanded, t=13956s]
Best heuristic value: 724/943 [g=194, 27737 evaluated, 27736 expanded, t=13961.4s]
Best heuristic value: 724/942 [g=195, 27748 evaluated, 27747 expanded, t=13966s]
Best heuristic value: 723/942 [g=195, 27825 evaluated, 27824 expanded, t=13997.9s]
Best heuristic value: 722/942 [g=196, 27831 evaluated, 27830 expanded, t=14000.4s]
Best heuristic value: 722/941 [g=196, 27848 evaluated, 27847 expanded, t=14007.4s]
Best heuristic value: 722/940 [g=197, 27946 evaluated, 27945 expanded, t=14047.8s]
Best heuristic value: 721/940 [g=197, 27947 evaluated, 27946 expanded, t=14048.2s]
Best heuristic value: 720/940 [g=199, 28161 evaluated, 28160 expanded, t=14136.7s]
Best heuristic value: 720/939 [g=199, 28212 evaluated, 28211 expanded, t=14157.8s]
Best heuristic value: 720/938 [g=201, 28476 evaluated, 28475 expanded, t=14267.4s]
Best heuristic value: 719/938 [g=201, 28623 evaluated, 28622 expanded, t=14329.1s]
Best heuristic value: 718/938 [g=203, 29401 evaluated, 29400 expanded, t=14653.8s]
Best heuristic value: 718/937 [g=203, 29573 evaluated, 29572 expanded, t=14725.2s]
Best heuristic value: 717/937 [g=205, 30198 evaluated, 30197 expanded, t=14986s]
Best heuristic value: 717/936 [g=205, 30638 evaluated, 30637 expanded, t=15170.1s]
Best heuristic value: 717/935 [g=206, 30670 evaluated, 30669 expanded, t=15183.5s]
Best heuristic value: 716/935 [g=207, 30812 evaluated, 30811 expanded, t=15242.8s]
Best heuristic value: 715/935 [g=209, 31590 evaluated, 31589 expanded, t=15566.3s]
Best heuristic value: 715/934 [g=208, 31890 evaluated, 31889 expanded, t=15691.1s]
Best heuristic value: 714/934 [g=211, 32475 evaluated, 32474 expanded, t=15933.9s]
Best heuristic value: 713/934 [g=213, 32907 evaluated, 32906 expanded, t=16113.6s]
Best heuristic value: 713/933 [g=210, 33384 evaluated, 33383 expanded, t=16311.9s]
Best heuristic value: 713/932 [g=211, 33456 evaluated, 33455 expanded, t=16341.5s]
Best heuristic value: 713/931 [g=212, 33548 evaluated, 33547 expanded, t=16379.7s]
Best heuristic value: 713/930 [g=213, 33630 evaluated, 33629 expanded, t=16413.4s]
Best heuristic value: 712/930 [g=215, 33873 evaluated, 33872 expanded, t=16514s]
Best heuristic value: 712/929 [g=215, 33956 evaluated, 33955 expanded, t=16548.5s]
Best heuristic value: 712/928 [g=216, 34050 evaluated, 34049 expanded, t=16587.5s]
Best heuristic value: 712/927 [g=218, 34330 evaluated, 34329 expanded, t=16704.5s]
Best heuristic value: 712/926 [g=219, 34418 evaluated, 34417 expanded, t=16741.6s]
Best heuristic value: 711/926 [g=221, 34599 evaluated, 34598 expanded, t=16816.7s]
Best heuristic value: 711/925 [g=222, 34607 evaluated, 34606 expanded, t=16820s]
Best heuristic value: 711/924 [g=223, 34616 evaluated, 34615 expanded, t=16823.8s]
Best heuristic value: 710/924 [g=223, 34704 evaluated, 34703 expanded, t=16860.1s]
Best heuristic value: 709/924 [g=224, 34710 evaluated, 34709 expanded, t=16862.6s]
Best heuristic value: 709/923 [g=224, 34711 evaluated, 34710 expanded, t=16863s]
Best heuristic value: 708/923 [g=225, 34824 evaluated, 34823 expanded, t=16909.5s]
Best heuristic value: 708/922 [g=226, 34861 evaluated, 34860 expanded, t=16924.8s]
Best heuristic value: 708/921 [g=227, 34870 evaluated, 34869 expanded, t=16928.5s]
Best heuristic value: 707/921 [g=228, 34900 evaluated, 34899 expanded, t=16940.8s]
Best heuristic value: 707/920 [g=228, 34961 evaluated, 34960 expanded, t=16965.9s]
Best heuristic value: 707/919 [g=229, 34993 evaluated, 34992 expanded, t=16979s]
Best heuristic value: 707/918 [g=230, 35076 evaluated, 35075 expanded, t=17013.3s]
Best heuristic value: 707/917 [g=231, 35155 evaluated, 35154 expanded, t=17045.9s]
Best heuristic value: 707/916 [g=232, 35243 evaluated, 35242 expanded, t=17082.3s]
Best heuristic value: 706/916 [g=230, 35321 evaluated, 35320 expanded, t=17114.7s]
Best heuristic value: 706/915 [g=234, 35341 evaluated, 35340 expanded, t=17123.1s]
Best heuristic value: 705/915 [g=231, 35432 evaluated, 35431 expanded, t=17161s]
Best heuristic value: 705/914 [g=236, 35447 evaluated, 35446 expanded, t=17167.4s]
Best heuristic value: 705/913 [g=238, 35635 evaluated, 35634 expanded, t=17245.8s]
Best heuristic value: 704/913 [g=239, 35637 evaluated, 35636 expanded, t=17246.6s]
Best heuristic value: 703/912 [g=240, 35638 evaluated, 35637 expanded, t=17247s]
Best heuristic value: 702/912 [g=242, 35710 evaluated, 35709 expanded, t=17276.6s]
Best heuristic value: 702/911 [g=243, 35730 evaluated, 35729 expanded, t=17284.9s]
Best heuristic value: 701/910 [g=244, 35737 evaluated, 35736 expanded, t=17287.8s]
Best heuristic value: 700/910 [g=245, 35787 evaluated, 35786 expanded, t=17308.3s]
Best heuristic value: 700/909 [g=246, 35854 evaluated, 35853 expanded, t=17335.9s]
Best heuristic value: 699/908 [g=247, 35861 evaluated, 35860 expanded, t=17338.8s]
Best heuristic value: 698/908 [g=248, 35898 evaluated, 35897 expanded, t=17354.1s]
Best heuristic value: 698/907 [g=249, 35905 evaluated, 35904 expanded, t=17356.9s]
Best heuristic value: 698/906 [g=250, 35910 evaluated, 35909 expanded, t=17359s]
Best heuristic value: 697/906 [g=249, 35999 evaluated, 35998 expanded, t=17395.7s]
Best heuristic value: 696/906 [g=250, 36087 evaluated, 36086 expanded, t=17432.1s]
Best heuristic value: 696/905 [g=251, 36094 evaluated, 36093 expanded, t=17435s]
Best heuristic value: 696/904 [g=252, 36100 evaluated, 36099 expanded, t=17437.5s]
Best heuristic value: 696/903 [g=253, 36196 evaluated, 36195 expanded, t=17477.1s]
Best heuristic value: 695/902 [g=255, 36371 evaluated, 36370 expanded, t=17549.3s]
Best heuristic value: 694/902 [g=256, 36419 evaluated, 36418 expanded, t=17569.3s]
Best heuristic value: 694/901 [g=257, 36442 evaluated, 36441 expanded, t=17578.8s]
Best heuristic value: 693/900 [g=258, 36448 evaluated, 36447 expanded, t=17581.3s]
Best heuristic value: 692/900 [g=259, 36460 evaluated, 36459 expanded, t=17586.3s]
Best heuristic value: 692/899 [g=260, 36482 evaluated, 36481 expanded, t=17595.3s]
Best heuristic value: 691/898 [g=261, 36490 evaluated, 36489 expanded, t=17598.6s]
Best heuristic value: 690/898 [g=262, 36542 evaluated, 36541 expanded, t=17620.1s]
Best heuristic value: 690/897 [g=263, 36549 evaluated, 36548 expanded, t=17622.9s]
Best heuristic value: 689/896 [g=264, 36555 evaluated, 36554 expanded, t=17625.4s]
Best heuristic value: 688/896 [g=265, 36602 evaluated, 36601 expanded, t=17644.8s]
Best heuristic value: 688/895 [g=265, 36614 evaluated, 36613 expanded, t=17649.7s]
Best heuristic value: 687/895 [g=266, 36705 evaluated, 36704 expanded, t=17687.3s]
Best heuristic value: 687/894 [g=267, 36809 evaluated, 36808 expanded, t=17730.2s]
Best heuristic value: 686/894 [g=268, 36896 evaluated, 36895 expanded, t=17765.9s]
Best heuristic value: 685/894 [g=269, 36986 evaluated, 36985 expanded, t=17803.3s]
Best heuristic value: 685/893 [g=269, 37009 evaluated, 37008 expanded, t=17812.8s]
Best heuristic value: 685/892 [g=271, 37198 evaluated, 37197 expanded, t=17890.9s]
Best heuristic value: 684/892 [g=271, 37284 evaluated, 37283 expanded, t=17926.5s]
Best heuristic value: 683/892 [g=272, 37384 evaluated, 37383 expanded, t=17968s]
Best heuristic value: 682/892 [g=273, 37489 evaluated, 37488 expanded, t=18011.7s]
Best heuristic value: 682/891 [g=274, 37492 evaluated, 37491 expanded, t=18013s]
Best heuristic value: 682/890 [g=275, 37513 evaluated, 37512 expanded, t=18021.7s]
Best heuristic value: 681/889 [g=276, 37523 evaluated, 37522 expanded, t=18025.9s]
Best heuristic value: 681/888 [g=277, 37540 evaluated, 37539 expanded, t=18033s]
Best heuristic value: 681/887 [g=278, 37589 evaluated, 37588 expanded, t=18053.4s]
Best heuristic value: 680/887 [g=277, 37592 evaluated, 37591 expanded, t=18054.6s]
Best heuristic value: 680/886 [g=279, 37595 evaluated, 37594 expanded, t=18055.9s]
Best heuristic value: 679/886 [g=280, 37644 evaluated, 37643 expanded, t=18076.1s]
Best heuristic value: 679/885 [g=280, 37665 evaluated, 37664 expanded, t=18084.8s]
Best heuristic value: 678/885 [g=281, 37725 evaluated, 37724 expanded, t=18109.8s]
Best heuristic value: 678/884 [g=281, 37747 evaluated, 37746 expanded, t=18119s]
Best heuristic value: 677/884 [g=283, 37838 evaluated, 37837 expanded, t=18156.6s]
Best heuristic value: 677/883 [g=283, 38059 evaluated, 38058 expanded, t=18247.9s]
Best heuristic value: 677/882 [g=284, 38149 evaluated, 38148 expanded, t=18285.2s]
Best heuristic value: 676/882 [g=285, 38247 evaluated, 38246 expanded, t=18325.8s]
Best heuristic value: 675/882 [g=287, 38474 evaluated, 38473 expanded, t=18419.6s]
Best heuristic value: 675/881 [g=286, 38542 evaluated, 38541 expanded, t=18447.7s]
Best heuristic value: 675/880 [g=287, 38552 evaluated, 38551 expanded, t=18451.9s]
Best heuristic value: 674/880 [g=288, 38583 evaluated, 38582 expanded, t=18464.7s]
Best heuristic value: 674/879 [g=289, 38773 evaluated, 38772 expanded, t=18543.3s]
Best heuristic value: 674/878 [g=290, 38851 evaluated, 38850 expanded, t=18575.4s]
Best heuristic value: 673/878 [g=290, 39249 evaluated, 39248 expanded, t=18740.4s]
Best heuristic value: 672/878 [g=291, 39261 evaluated, 39260 expanded, t=18745.4s]
Best heuristic value: 672/877 [g=292, 39469 evaluated, 39468 expanded, t=18831.6s]
Best heuristic value: 672/876 [g=293, 39534 evaluated, 39533 expanded, t=18858.5s]
Best heuristic value: 671/876 [g=293, 39727 evaluated, 39726 expanded, t=18938.8s]
Best heuristic value: 670/876 [g=294, 39822 evaluated, 39821 expanded, t=18978.2s]
Best heuristic value: 670/875 [g=295, 39834 evaluated, 39833 expanded, t=18983.1s]
Best heuristic value: 670/874 [g=296, 39936 evaluated, 39935 expanded, t=19025.4s]
Best heuristic value: 669/874 [g=296, 40645 evaluated, 40644 expanded, t=19318.2s]
Best heuristic value: 669/873 [g=298, 40825 evaluated, 40824 expanded, t=19392.4s]
Best heuristic value: 668/873 [g=298, 41510 evaluated, 41509 expanded, t=19675.4s]
Best heuristic value: 668/872 [g=300, 41560 evaluated, 41559 expanded, t=19696s]
Best heuristic value: 667/872 [g=299, 41631 evaluated, 41630 expanded, t=19725.2s]
Best heuristic value: 667/871 [g=302, 42308 evaluated, 42307 expanded, t=20005.2s]
Best heuristic value: 666/871 [g=301, 42592 evaluated, 42591 expanded, t=20122.5s]
Best heuristic value: 665/871 [g=302, 42665 evaluated, 42664 expanded, t=20152.7s]
Best heuristic value: 665/870 [g=304, 43082 evaluated, 43081 expanded, t=20324.9s]
Best heuristic value: 665/869 [g=306, 43809 evaluated, 43808 expanded, t=20626.5s]
Best heuristic value: 664/869 [g=304, 43868 evaluated, 43867 expanded, t=20651.1s]
Best heuristic value: 663/869 [g=305, 43987 evaluated, 43986 expanded, t=20700.1s]
Best heuristic value: 662/869 [g=307, 44409 evaluated, 44408 expanded, t=20873.2s]
Best heuristic value: 662/868 [g=308, 44701 evaluated, 44700 expanded, t=20993.3s]
Best heuristic value: 661/868 [g=309, 45540 evaluated, 45539 expanded, t=21337.7s]
Best heuristic value: 661/867 [g=310, 45565 evaluated, 45564 expanded, t=21348s]
/home/asai/repos/downward/src/search/downward: 196 行: 29673 強制終了            "$PLANNER" --heuristic "hlm1,hff1=lm_ff_syn(lm_rhw(
                    reasonable_orders=true,lm_cost_type=1,cost_type=1))" --heuristic "hlm2,hff2=lm_ff_syn(lm_rhw(
                    reasonable_orders=true,lm_cost_type=2,cost_type=2))" --search "iterated([
                    lazy_greedy([hff1,hlm1],preferred=[hff1,hlm1],
                                cost_type=1,reopen_closed=false),
                    lazy_greedy([hff2,hlm2],preferred=[hff2,hlm2],
                                reopen_closed=false),
                    lazy_wastar([hff2,hlm2],preferred=[hff2,hlm2],w=5),
                    lazy_wastar([hff2,hlm2],preferred=[hff2,hlm2],w=3),
                    lazy_wastar([hff2,hlm2],preferred=[hff2,hlm2],w=2),
                    lazy_wastar([hff2,hlm2],preferred=[hff2,hlm2],w=1)],
                    repeat_last=true,continue_on_fail=true)" "$@" < $TEMPFILE
