Dispatcher selected state size 1.
This is a nonunit task.
Simplifying transitions... done!
Initializing Exploration...
Generating landmarks using the RPG/SAS+ approach
approx. reasonable orders
approx. obedient reasonable orders
Removed 0 reasonable or obedient reasonable orders
Landmarks generation time: 0.00543699s
Discovered 55 landmarks, of which 0 are disjunctive and 0 are conjunctive 
120 edges
Initializing LAMA-FF Synergy Object
Initializing landmarks count heuristic...
33 initial landmarks, 2 goal landmarks
Initializing Exploration...
Generating landmarks using the RPG/SAS+ approach
Switch from bucket-based to heap-based queue at key = 113, num_pushes = 69
approx. reasonable orders
approx. obedient reasonable orders
Removed 0 reasonable or obedient reasonable orders
Landmarks generation time: 0.0055456s
Discovered 55 landmarks, of which 0 are disjunctive and 0 are conjunctive 
120 edges
Initializing LAMA-FF Synergy Object
Initializing landmarks count heuristic...
33 initial landmarks, 2 goal landmarks
Starting search: lazy_greedy(list(hff1, hlm1), preferred = list(hff1, hlm1), cost_type = 1, reopen_closed = false)
Conducting lazy best first search, (real) bound = 2147483647
Best heuristic value: 22/22 [g=0, 1 evaluated, 0 expanded, t=0.01s]
Best heuristic value: 21/21 [g=1, 3 evaluated, 2 expanded, t=0.01s]
Best heuristic value: 21/20 [g=3, 12 evaluated, 11 expanded, t=0.01s]
Best heuristic value: 20/19 [g=4, 13 evaluated, 12 expanded, t=0.01s]
Best heuristic value: 18/18 [g=6, 20 evaluated, 19 expanded, t=0.01s]
Best heuristic value: 17/16 [g=8, 28 evaluated, 27 expanded, t=0.01s]
Best heuristic value: 16/16 [g=9, 29 evaluated, 28 expanded, t=0.01s]
Best heuristic value: 15/16 [g=10, 32 evaluated, 30 expanded, t=0.01s]
Best heuristic value: 14/15 [g=12, 66 evaluated, 55 expanded, t=0.02s]
Best heuristic value: 14/13 [g=15, 77 evaluated, 64 expanded, t=0.02s]
Best heuristic value: 13/13 [g=16, 78 evaluated, 65 expanded, t=0.02s]
Best heuristic value: 12/13 [g=17, 81 evaluated, 67 expanded, t=0.02s]
Best heuristic value: 12/12 [g=19, 106 evaluated, 84 expanded, t=0.03s]
Best heuristic value: 12/11 [g=20, 107 evaluated, 85 expanded, t=0.03s]
Best heuristic value: 10/10 [g=22, 111 evaluated, 89 expanded, t=0.03s]
Best heuristic value: 9/9 [g=24, 119 evaluated, 97 expanded, t=0.03s]
Best heuristic value: 8/8 [g=25, 120 evaluated, 98 expanded, t=0.03s]
Best heuristic value: 7/7 [g=27, 123 evaluated, 101 expanded, t=0.03s]
Best heuristic value: 6/7 [g=28, 124 evaluated, 102 expanded, t=0.03s]
Best heuristic value: 6/6 [g=28, 125 evaluated, 103 expanded, t=0.03s]
Best heuristic value: 5/5 [g=29, 127 evaluated, 105 expanded, t=0.03s]
Best heuristic value: 4/5 [g=31, 131 evaluated, 108 expanded, t=0.03s]
Best heuristic value: 3/4 [g=33, 135 evaluated, 111 expanded, t=0.03s]
Best heuristic value: 3/3 [g=35, 137 evaluated, 113 expanded, t=0.03s]
Best heuristic value: 2/2 [g=36, 138 evaluated, 114 expanded, t=0.03s]
Best heuristic value: 1/1 [g=37, 139 evaluated, 115 expanded, t=0.03s]
Solution found!
Actual search time: 0.02s [t=0.03s]
slide-base-in b1 carry-in table-in (0)
move-arm arm table-out tray-a (3)
pickup-component part-a arm tray-a (0)
move-arm arm tray-a table-out (3)
move-arm arm table-out table-in (4)
assemble-with-arm part-a attatch-a nothing-done b1 arm table-in (35)
eject-base b1 arm table-in (1)
move-arm arm table-in table-out (4)
move-arm arm table-out machine-a (13)
set-base b1 arm machine-a (1)
move-arm arm machine-a table-out (13)
assemble-with-machine b1 machine-a screw-a attatch-a (45)
move-arm arm table-out machine-a (13)
eject-base b1 arm machine-a (1)
move-arm arm machine-a table-out (13)
move-arm arm table-out table2 (10)
set-base b1 arm table2 (1)
move-arm arm table2 tray-b (6)
pickup-component part-b arm tray-b (0)
move-arm arm tray-b table-out (5)
move-arm arm table-out table2 (10)
assemble-with-arm part-b attatch-b screw-a b1 arm table2 (25)
move-arm arm table2 tray-c (3)
pickup-component part-c arm tray-c (0)
move-arm arm tray-c table-out (8)
move-arm arm table-out table2 (10)
assemble-with-arm part-c attatch-c attatch-b b1 arm table2 (50)
eject-base b1 arm table2 (1)
move-arm arm table2 table-out (10)
move-arm arm table-out machine-b (15)
set-base b1 arm machine-b (1)
move-arm arm machine-b table-out (15)
assemble-with-machine b1 machine-b screw-c attatch-c (15)
move-arm arm table-out machine-b (15)
eject-base b1 arm machine-b (1)
move-arm arm machine-b table-out (15)
set-base b1 arm table-out (1)
slide-base-out b1 table-out carry-out (0)
Plan length: 38 step(s).
Plan cost: 366
Initial state h value: 22/22.
Expanded 116 state(s).
Reopened 0 state(s).
Evaluated 140 state(s).
Evaluations: 280
Generated 895 state(s).
Dead ends: 23 state(s).
Best solution cost so far: 366
Solution found - keep searching
Starting search: lazy_greedy(list(hff2, hlm2), preferred = list(hff2, hlm2), reopen_closed = false)
Conducting lazy best first search, (real) bound = 366
Best heuristic value: 219/255 [g=0, 1 evaluated, 0 expanded, t=0.03s]
Best heuristic value: 215/255 [g=4, 2 evaluated, 1 expanded, t=0.03s]
Best heuristic value: 215/254 [g=0, 3 evaluated, 2 expanded, t=0.03s]
Best heuristic value: 214/254 [g=4, 4 evaluated, 3 expanded, t=0.03s]
Best heuristic value: 214/246 [g=10, 7 evaluated, 6 expanded, t=0.03s]
Best heuristic value: 214/242 [g=12, 10 evaluated, 9 expanded, t=0.03s]
Best heuristic value: 210/242 [g=17, 31 evaluated, 26 expanded, t=0.03s]
Best heuristic value: 173/228 [g=52, 33 evaluated, 28 expanded, t=0.03s]
Best heuristic value: 173/213 [g=56, 34 evaluated, 29 expanded, t=0.03s]
Best heuristic value: 172/213 [g=53, 35 evaluated, 30 expanded, t=0.03s]
Best heuristic value: 171/206 [g=57, 37 evaluated, 32 expanded, t=0.03s]
Best heuristic value: 170/206 [g=58, 38 evaluated, 33 expanded, t=0.03s]
Best heuristic value: 168/198 [g=72, 40 evaluated, 34 expanded, t=0.03s]
Best heuristic value: 167/198 [g=73, 41 evaluated, 35 expanded, t=0.03s]
Best heuristic value: 166/198 [g=88, 42 evaluated, 36 expanded, t=0.03s]
Best heuristic value: 166/184 [g=78, 43 evaluated, 37 expanded, t=0.03s]
Best heuristic value: 163/184 [g=98, 44 evaluated, 38 expanded, t=0.03s]
Best heuristic value: 117/152 [g=156, 65 evaluated, 55 expanded, t=0.03s]
Best heuristic value: 117/144 [g=159, 67 evaluated, 57 expanded, t=0.03s]
Best heuristic value: 117/138 [g=162, 68 evaluated, 58 expanded, t=0.03s]
Best heuristic value: 116/138 [g=163, 76 evaluated, 64 expanded, t=0.03s]
Best heuristic value: 116/131 [g=164, 77 evaluated, 65 expanded, t=0.03s]
Best heuristic value: 115/131 [g=164, 78 evaluated, 66 expanded, t=0.03s]
Best heuristic value: 114/131 [g=179, 79 evaluated, 67 expanded, t=0.03s]
Best heuristic value: 111/131 [g=189, 81 evaluated, 69 expanded, t=0.03s]
Best heuristic value: 111/129 [g=167, 83 evaluated, 71 expanded, t=0.03s]
Best heuristic value: 111/123 [g=186, 95 evaluated, 80 expanded, t=0.04s]
Best heuristic value: 84/97 [g=211, 96 evaluated, 81 expanded, t=0.04s]
Best heuristic value: 83/96 [g=214, 104 evaluated, 89 expanded, t=0.04s]
Best heuristic value: 82/96 [g=222, 105 evaluated, 90 expanded, t=0.04s]
Best heuristic value: 79/92 [g=232, 106 evaluated, 91 expanded, t=0.04s]
Best heuristic value: 28/41 [g=282, 107 evaluated, 92 expanded, t=0.04s]
Best heuristic value: 27/41 [g=292, 108 evaluated, 93 expanded, t=0.04s]
Best heuristic value: 26/39 [g=283, 109 evaluated, 94 expanded, t=0.04s]
Best heuristic value: 25/37 [g=293, 110 evaluated, 95 expanded, t=0.04s]
Best heuristic value: 22/37 [g=308, 112 evaluated, 97 expanded, t=0.04s]
Best heuristic value: 21/37 [g=309, 115 evaluated, 99 expanded, t=0.04s]
Best heuristic value: 5/21 [g=339, 118 evaluated, 101 expanded, t=0.04s]
Best heuristic value: 4/19 [g=355, 120 evaluated, 103 expanded, t=0.04s]
Best heuristic value: 4/17 [g=358, 236 evaluated, 175 expanded, t=0.05s]
Best heuristic value: 4/14 [g=361, 237 evaluated, 176 expanded, t=0.05s]
Best heuristic value: 4/12 [g=363, 238 evaluated, 177 expanded, t=0.05s]
Completely explored state space -- no solution!
Actual search time: 0.05s [t=0.08s]
Initial state h value: 219/255.
Expanded 355 state(s).
Reopened 0 state(s).
Evaluated 466 state(s).
Evaluations: 932
Generated 2706 state(s).
Dead ends: 111 state(s).
Best solution cost so far: 366
No solution found - keep searching
Starting search: lazy_wastar(list(hff2, hlm2), preferred = list(hff2, hlm2), w = 5)
Conducting lazy best first search, (real) bound = 366
Best heuristic value: 219/255 [g=0, 1 evaluated, 0 expanded, t=0.08s]
Best heuristic value: 218/254 [g=0, 2 evaluated, 1 expanded, t=0.08s]
Best heuristic value: 215/246 [g=3, 3 evaluated, 2 expanded, t=0.08s]
Best heuristic value: 215/245 [g=3, 4 evaluated, 3 expanded, t=0.08s]
Best heuristic value: 214/245 [g=6, 5 evaluated, 4 expanded, t=0.08s]
Best heuristic value: 210/245 [g=10, 6 evaluated, 5 expanded, t=0.08s]
Best heuristic value: 210/237 [g=6, 7 evaluated, 6 expanded, t=0.08s]
Best heuristic value: 210/234 [g=10, 8 evaluated, 7 expanded, t=0.08s]
Best heuristic value: 173/228 [g=44, 64 evaluated, 59 expanded, 31 reopened, t=0.09s]
Best heuristic value: 172/228 [g=45, 65 evaluated, 60 expanded, 31 reopened, t=0.09s]
Best heuristic value: 171/206 [g=49, 66 evaluated, 61 expanded, 31 reopened, t=0.09s]
Best heuristic value: 170/206 [g=50, 67 evaluated, 62 expanded, 31 reopened, t=0.09s]
Best heuristic value: 168/190 [g=54, 69 evaluated, 63 expanded, 31 reopened, t=0.09s]
Best heuristic value: 168/184 [g=58, 70 evaluated, 64 expanded, 31 reopened, t=0.09s]
Best heuristic value: 167/184 [g=61, 73 evaluated, 67 expanded, 32 reopened, t=0.09s]
Best heuristic value: 163/184 [g=67, 84 evaluated, 76 expanded, 33 reopened, t=0.09s]
Best heuristic value: 117/138 [g=113, 126 evaluated, 107 expanded, 47 reopened, t=0.09s]
Best heuristic value: 116/138 [g=121, 135 evaluated, 114 expanded, 47 reopened, t=0.09s]
Best heuristic value: 115/138 [g=122, 136 evaluated, 115 expanded, 47 reopened, t=0.09s]
Best heuristic value: 115/131 [g=122, 137 evaluated, 116 expanded, 47 reopened, t=0.09s]
Best heuristic value: 115/129 [g=126, 139 evaluated, 118 expanded, 47 reopened, t=0.09s]
Best heuristic value: 111/129 [g=128, 141 evaluated, 119 expanded, 47 reopened, t=0.09s]
Best heuristic value: 111/123 [g=133, 160 evaluated, 136 expanded, 53 reopened, t=0.09s]
Best heuristic value: 84/97 [g=161, 164 evaluated, 140 expanded, 53 reopened, t=0.1s]
Best heuristic value: 83/96 [g=164, 167 evaluated, 143 expanded, 53 reopened, t=0.1s]
Best heuristic value: 79/92 [g=167, 168 evaluated, 144 expanded, 53 reopened, t=0.1s]
Best heuristic value: 28/41 [g=217, 179 evaluated, 155 expanded, 55 reopened, t=0.1s]
Best heuristic value: 26/39 [g=218, 180 evaluated, 156 expanded, 55 reopened, t=0.1s]
Best heuristic value: 22/37 [g=224, 181 evaluated, 157 expanded, 55 reopened, t=0.1s]
Best heuristic value: 21/37 [g=240, 184 evaluated, 160 expanded, 55 reopened, t=0.1s]
Best heuristic value: 6/21 [g=240, 186 evaluated, 162 expanded, 56 reopened, t=0.1s]
Best heuristic value: 4/19 [g=241, 187 evaluated, 163 expanded, 56 reopened, t=0.1s]
Best heuristic value: 3/3 [g=256, 188 evaluated, 164 expanded, 56 reopened, t=0.1s]
Best heuristic value: 1/1 [g=257, 189 evaluated, 165 expanded, 56 reopened, t=0.1s]
Solution found!
Actual search time: 0.02s [t=0.1s]
slide-base-in b1 carry-in table-in (0)
move-arm arm table-out tray-a (3)
pickup-component part-a arm tray-a (0)
move-arm arm tray-a table-in (6)
assemble-with-arm part-a attatch-a nothing-done b1 arm table-in (35)
eject-base b1 arm table-in (1)
move-arm arm table-in table-out (4)
move-arm arm table-out tray-b (5)
move-arm arm tray-b machine-a (9)
set-base b1 arm machine-a (1)
move-arm arm machine-a table2 (4)
assemble-with-machine b1 machine-a screw-a attatch-a (45)
move-arm arm table2 machine-a (4)
eject-base b1 arm machine-a (1)
move-arm arm machine-a table2 (4)
set-base b1 arm table2 (1)
move-arm arm table2 tray-b (6)
pickup-component part-b arm tray-b (0)
move-arm arm tray-b tray-c (4)
move-arm arm tray-c table2 (3)
assemble-with-arm part-b attatch-b screw-a b1 arm table2 (25)
move-arm arm table2 tray-c (3)
pickup-component part-c arm tray-c (0)
move-arm arm tray-c table2 (3)
assemble-with-arm part-c attatch-c attatch-b b1 arm table2 (50)
eject-base b1 arm table2 (1)
move-arm arm table2 machine-b (6)
set-base b1 arm machine-b (1)
assemble-with-machine b1 machine-b screw-c attatch-c (15)
eject-base b1 arm machine-b (1)
move-arm arm machine-b table-out (15)
set-base b1 arm table-out (1)
slide-base-out b1 table-out carry-out (0)
Plan length: 33 step(s).
Plan cost: 257
Initial state h value: 219/255.
Expanded 166 state(s).
Reopened 56 state(s).
Evaluated 190 state(s).
Evaluations: 380
Generated 1276 state(s).
Dead ends: 23 state(s).
Best solution cost so far: 257
Solution found - keep searching
Starting search: lazy_wastar(list(hff2, hlm2), preferred = list(hff2, hlm2), w = 3)
Conducting lazy best first search, (real) bound = 257
Best heuristic value: 219/255 [g=0, 1 evaluated, 0 expanded, t=0.1s]
Best heuristic value: 218/254 [g=0, 2 evaluated, 1 expanded, t=0.1s]
Best heuristic value: 215/246 [g=3, 3 evaluated, 2 expanded, t=0.1s]
Best heuristic value: 215/245 [g=3, 4 evaluated, 3 expanded, t=0.1s]
Best heuristic value: 214/245 [g=6, 5 evaluated, 4 expanded, t=0.1s]
Best heuristic value: 214/242 [g=6, 6 evaluated, 5 expanded, t=0.1s]
Best heuristic value: 211/237 [g=6, 8 evaluated, 6 expanded, t=0.1s]
Best heuristic value: 211/234 [g=10, 9 evaluated, 7 expanded, t=0.1s]
Best heuristic value: 210/234 [g=14, 13 evaluated, 11 expanded, 1 reopened, t=0.1s]
Best heuristic value: 209/234 [g=44, 150 evaluated, 129 expanded, 66 reopened, t=0.11s]
Best heuristic value: 173/228 [g=44, 184 evaluated, 159 expanded, 87 reopened, t=0.12s]
Best heuristic value: 172/228 [g=45, 185 evaluated, 160 expanded, 87 reopened, t=0.12s]
Best heuristic value: 172/213 [g=48, 186 evaluated, 161 expanded, 87 reopened, t=0.12s]
Best heuristic value: 171/206 [g=49, 187 evaluated, 162 expanded, 87 reopened, t=0.12s]
Best heuristic value: 170/206 [g=50, 188 evaluated, 163 expanded, 87 reopened, t=0.12s]
Best heuristic value: 168/190 [g=54, 190 evaluated, 164 expanded, 87 reopened, t=0.12s]
Best heuristic value: 168/184 [g=58, 191 evaluated, 165 expanded, 87 reopened, t=0.12s]
Best heuristic value: 167/184 [g=61, 194 evaluated, 168 expanded, 88 reopened, t=0.12s]
Best heuristic value: 166/184 [g=55, 195 evaluated, 169 expanded, 88 reopened, t=0.12s]
Best heuristic value: 163/184 [g=67, 220 evaluated, 185 expanded, 91 reopened, t=0.12s]
Best heuristic value: 117/138 [g=111, 292 evaluated, 251 expanded, 141 reopened, t=0.13s]
Best heuristic value: 116/138 [g=119, 301 evaluated, 258 expanded, 141 reopened, t=0.13s]
Best heuristic value: 115/138 [g=120, 302 evaluated, 259 expanded, 141 reopened, t=0.13s]
Best heuristic value: 115/131 [g=120, 303 evaluated, 260 expanded, 141 reopened, t=0.13s]
Best heuristic value: 115/129 [g=123, 305 evaluated, 262 expanded, 141 reopened, t=0.13s]
Best heuristic value: 111/129 [g=126, 308 evaluated, 264 expanded, 141 reopened, t=0.13s]
Best heuristic value: 111/123 [g=131, 326 evaluated, 280 expanded, 147 reopened, t=0.13s]
Best heuristic value: 84/97 [g=158, 333 evaluated, 287 expanded, 150 reopened, t=0.13s]
Best heuristic value: 83/96 [g=161, 336 evaluated, 290 expanded, 150 reopened, t=0.13s]
Best heuristic value: 79/92 [g=164, 337 evaluated, 291 expanded, 150 reopened, t=0.13s]
Best heuristic value: 28/41 [g=214, 352 evaluated, 305 expanded, 152 reopened, t=0.13s]
Best heuristic value: 26/39 [g=215, 353 evaluated, 306 expanded, 152 reopened, t=0.13s]
Best heuristic value: 22/37 [g=221, 354 evaluated, 307 expanded, 152 reopened, t=0.13s]
Best heuristic value: 21/37 [g=237, 362 evaluated, 314 expanded, 153 reopened, t=0.13s]
Best heuristic value: 6/21 [g=237, 363 evaluated, 315 expanded, 153 reopened, t=0.13s]
Best heuristic value: 4/19 [g=238, 364 evaluated, 316 expanded, 153 reopened, t=0.13s]
Best heuristic value: 3/3 [g=253, 365 evaluated, 317 expanded, 153 reopened, t=0.13s]
Best heuristic value: 1/1 [g=254, 366 evaluated, 318 expanded, 153 reopened, t=0.13s]
Solution found!
Actual search time: 0.04s [t=0.14s]
slide-base-in b1 carry-in table-in (0)
move-arm arm table-out tray-a (3)
pickup-component part-a arm tray-a (0)
move-arm arm tray-a table-in (6)
assemble-with-arm part-a attatch-a nothing-done b1 arm table-in (35)
eject-base b1 arm table-in (1)
move-arm arm table-in machine-a (16)
set-base b1 arm machine-a (1)
move-arm arm machine-a table2 (4)
assemble-with-machine b1 machine-a screw-a attatch-a (45)
move-arm arm table2 machine-a (4)
eject-base b1 arm machine-a (1)
move-arm arm machine-a table2 (4)
set-base b1 arm table2 (1)
move-arm arm table2 tray-b (6)
pickup-component part-b arm tray-b (0)
move-arm arm tray-b table2 (6)
assemble-with-arm part-b attatch-b screw-a b1 arm table2 (25)
move-arm arm table2 tray-c (3)
pickup-component part-c arm tray-c (0)
move-arm arm tray-c table2 (3)
assemble-with-arm part-c attatch-c attatch-b b1 arm table2 (50)
eject-base b1 arm table2 (1)
move-arm arm table2 machine-b (6)
set-base b1 arm machine-b (1)
assemble-with-machine b1 machine-b screw-c attatch-c (15)
eject-base b1 arm machine-b (1)
move-arm arm machine-b table-out (15)
set-base b1 arm table-out (1)
slide-base-out b1 table-out carry-out (0)
Plan length: 30 step(s).
Plan cost: 254
Initial state h value: 219/255.
Expanded 319 state(s).
Reopened 153 state(s).
Evaluated 367 state(s).
Evaluations: 734
Generated 2476 state(s).
Dead ends: 47 state(s).
Best solution cost so far: 254
Solution found - keep searching
Starting search: lazy_wastar(list(hff2, hlm2), preferred = list(hff2, hlm2), w = 2)
Conducting lazy best first search, (real) bound = 254
Best heuristic value: 219/255 [g=0, 1 evaluated, 0 expanded, t=0.14s]
Best heuristic value: 218/254 [g=0, 2 evaluated, 1 expanded, t=0.14s]
Best heuristic value: 215/246 [g=3, 3 evaluated, 2 expanded, t=0.14s]
Best heuristic value: 215/245 [g=3, 4 evaluated, 3 expanded, t=0.14s]
Best heuristic value: 214/245 [g=6, 5 evaluated, 4 expanded, t=0.14s]
Best heuristic value: 214/242 [g=6, 6 evaluated, 5 expanded, t=0.14s]
Best heuristic value: 211/237 [g=6, 8 evaluated, 6 expanded, t=0.14s]
Best heuristic value: 211/234 [g=10, 9 evaluated, 7 expanded, t=0.14s]
Best heuristic value: 210/234 [g=14, 13 evaluated, 11 expanded, 1 reopened, t=0.14s]
Best heuristic value: 209/234 [g=44, 146 evaluated, 125 expanded, 62 reopened, t=0.15s]
Best heuristic value: 173/228 [g=44, 182 evaluated, 157 expanded, 85 reopened, t=0.15s]
Best heuristic value: 172/228 [g=45, 183 evaluated, 158 expanded, 85 reopened, t=0.15s]
Best heuristic value: 172/213 [g=48, 184 evaluated, 159 expanded, 85 reopened, t=0.15s]
Best heuristic value: 171/206 [g=49, 185 evaluated, 160 expanded, 85 reopened, t=0.15s]
Best heuristic value: 170/206 [g=50, 186 evaluated, 161 expanded, 85 reopened, t=0.15s]
Best heuristic value: 168/190 [g=54, 188 evaluated, 162 expanded, 85 reopened, t=0.15s]
Best heuristic value: 168/184 [g=58, 189 evaluated, 163 expanded, 85 reopened, t=0.15s]
Best heuristic value: 166/184 [g=55, 191 evaluated, 165 expanded, 85 reopened, t=0.15s]
Best heuristic value: 163/184 [g=66, 231 evaluated, 195 expanded, 100 reopened, t=0.16s]
Best heuristic value: 117/138 [g=111, 288 evaluated, 247 expanded, 137 reopened, t=0.17s]
Best heuristic value: 116/138 [g=119, 297 evaluated, 254 expanded, 137 reopened, t=0.17s]
Best heuristic value: 115/138 [g=120, 298 evaluated, 255 expanded, 137 reopened, t=0.17s]
Best heuristic value: 115/131 [g=120, 299 evaluated, 256 expanded, 137 reopened, t=0.17s]
Best heuristic value: 115/129 [g=123, 301 evaluated, 258 expanded, 137 reopened, t=0.17s]
Best heuristic value: 111/129 [g=126, 305 evaluated, 261 expanded, 137 reopened, t=0.17s]
Best heuristic value: 111/123 [g=131, 320 evaluated, 274 expanded, 142 reopened, t=0.17s]
Best heuristic value: 84/97 [g=158, 330 evaluated, 284 expanded, 147 reopened, t=0.17s]
Best heuristic value: 83/96 [g=161, 333 evaluated, 287 expanded, 147 reopened, t=0.17s]
Best heuristic value: 79/92 [g=164, 334 evaluated, 288 expanded, 147 reopened, t=0.17s]
Best heuristic value: 28/41 [g=214, 353 evaluated, 305 expanded, 151 reopened, t=0.17s]
Best heuristic value: 26/39 [g=215, 354 evaluated, 306 expanded, 151 reopened, t=0.17s]
Best heuristic value: 22/37 [g=221, 355 evaluated, 307 expanded, 151 reopened, t=0.17s]
Best heuristic value: 21/37 [g=237, 362 evaluated, 313 expanded, 151 reopened, t=0.17s]
Best heuristic value: 6/21 [g=237, 363 evaluated, 314 expanded, 151 reopened, t=0.17s]
Best heuristic value: 4/19 [g=238, 364 evaluated, 315 expanded, 151 reopened, t=0.17s]
Best heuristic value: 3/3 [g=253, 365 evaluated, 316 expanded, 151 reopened, t=0.17s]
Best heuristic value: 1/1 [g=246, 465 evaluated, 404 expanded, 228 reopened, t=0.18s]
Solution found!
Actual search time: 0.04s [t=0.18s]
slide-base-in b1 carry-in table-in (0)
move-arm arm table-out tray-a (3)
pickup-component part-a arm tray-a (0)
move-arm arm tray-a table-in (6)
assemble-with-arm part-a attatch-a nothing-done b1 arm table-in (35)
eject-base b1 arm table-in (1)
move-arm arm table-in machine-a (16)
set-base b1 arm machine-a (1)
assemble-with-machine b1 machine-a screw-a attatch-a (45)
eject-base b1 arm machine-a (1)
move-arm arm machine-a table2 (4)
set-base b1 arm table2 (1)
move-arm arm table2 tray-b (6)
pickup-component part-b arm tray-b (0)
move-arm arm tray-b table2 (6)
assemble-with-arm part-b attatch-b screw-a b1 arm table2 (25)
move-arm arm table2 tray-c (3)
pickup-component part-c arm tray-c (0)
move-arm arm tray-c table2 (3)
assemble-with-arm part-c attatch-c attatch-b b1 arm table2 (50)
eject-base b1 arm table2 (1)
move-arm arm table2 machine-b (6)
set-base b1 arm machine-b (1)
assemble-with-machine b1 machine-b screw-c attatch-c (15)
eject-base b1 arm machine-b (1)
move-arm arm machine-b table-out (15)
set-base b1 arm table-out (1)
slide-base-out b1 table-out carry-out (0)
Plan length: 28 step(s).
Plan cost: 246
Initial state h value: 219/255.
Expanded 405 state(s).
Reopened 228 state(s).
Evaluated 466 state(s).
Evaluations: 932
Generated 3134 state(s).
Dead ends: 60 state(s).
Best solution cost so far: 246
Solution found - keep searching
Starting search: lazy_wastar(list(hff2, hlm2), preferred = list(hff2, hlm2), w = 1)
Conducting lazy best first search, (real) bound = 246
Best heuristic value: 219/255 [g=0, 1 evaluated, 0 expanded, t=0.18s]
Best heuristic value: 218/254 [g=0, 2 evaluated, 1 expanded, t=0.18s]
Best heuristic value: 215/246 [g=3, 3 evaluated, 2 expanded, t=0.18s]
Best heuristic value: 215/245 [g=3, 4 evaluated, 3 expanded, t=0.18s]
Best heuristic value: 214/245 [g=6, 5 evaluated, 4 expanded, t=0.18s]
Best heuristic value: 211/237 [g=6, 6 evaluated, 5 expanded, t=0.18s]
Best heuristic value: 211/234 [g=10, 8 evaluated, 7 expanded, t=0.18s]
Best heuristic value: 210/234 [g=14, 17 evaluated, 15 expanded, 1 reopened, t=0.18s]
Best heuristic value: 209/234 [g=40, 130 evaluated, 108 expanded, 43 reopened, t=0.2s]
Best heuristic value: 173/228 [g=44, 159 evaluated, 134 expanded, 62 reopened, t=0.2s]
Best heuristic value: 172/228 [g=45, 160 evaluated, 135 expanded, 62 reopened, t=0.2s]
Best heuristic value: 172/213 [g=48, 161 evaluated, 136 expanded, 62 reopened, t=0.2s]
Best heuristic value: 171/206 [g=49, 162 evaluated, 137 expanded, 62 reopened, t=0.2s]
Best heuristic value: 170/206 [g=50, 163 evaluated, 138 expanded, 62 reopened, t=0.2s]
Best heuristic value: 168/190 [g=54, 165 evaluated, 139 expanded, 62 reopened, t=0.2s]
Best heuristic value: 168/184 [g=58, 167 evaluated, 141 expanded, 62 reopened, t=0.2s]
Best heuristic value: 166/184 [g=55, 170 evaluated, 144 expanded, 63 reopened, t=0.2s]
Best heuristic value: 163/184 [g=65, 212 evaluated, 175 expanded, 78 reopened, t=0.2s]
Best heuristic value: 117/138 [g=111, 242 evaluated, 201 expanded, 91 reopened, t=0.21s]
Best heuristic value: 116/138 [g=119, 251 evaluated, 208 expanded, 91 reopened, t=0.21s]
Best heuristic value: 115/138 [g=120, 252 evaluated, 209 expanded, 91 reopened, t=0.21s]
Best heuristic value: 115/131 [g=120, 253 evaluated, 210 expanded, 91 reopened, t=0.21s]
Best heuristic value: 115/129 [g=123, 255 evaluated, 212 expanded, 91 reopened, t=0.21s]
Best heuristic value: 111/129 [g=126, 263 evaluated, 219 expanded, 93 reopened, t=0.21s]
Best heuristic value: 111/123 [g=131, 272 evaluated, 227 expanded, 96 reopened, t=0.21s]
Best heuristic value: 84/97 [g=158, 300 evaluated, 248 expanded, 106 reopened, t=0.21s]
Best heuristic value: 83/96 [g=161, 303 evaluated, 251 expanded, 106 reopened, t=0.21s]
Best heuristic value: 79/92 [g=164, 305 evaluated, 253 expanded, 106 reopened, t=0.21s]
Best heuristic value: 28/41 [g=206, 409 evaluated, 350 expanded, 188 reopened, t=0.22s]
Best heuristic value: 26/39 [g=207, 410 evaluated, 351 expanded, 188 reopened, t=0.22s]
Best heuristic value: 22/37 [g=213, 411 evaluated, 352 expanded, 188 reopened, t=0.22s]
Best heuristic value: 21/37 [g=229, 418 evaluated, 358 expanded, 188 reopened, t=0.22s]
Best heuristic value: 6/21 [g=229, 419 evaluated, 359 expanded, 188 reopened, t=0.22s]
Best heuristic value: 4/19 [g=230, 420 evaluated, 360 expanded, 188 reopened, t=0.22s]
Best heuristic value: 3/3 [g=245, 421 evaluated, 361 expanded, 188 reopened, t=0.22s]
Completely explored state space -- no solution!
Actual search time: 0.09s [t=0.27s]
Initial state h value: 219/255.
Expanded 649 state(s).
Reopened 283 state(s).
Evaluated 763 state(s).
Evaluations: 1526
Generated 4951 state(s).
Dead ends: 114 state(s).
Best solution cost so far: 246
No solution found - keep searching
Actual search time: 0.26s [t=0.27s]
Cumulative statistics:
Expanded 2010 state(s).
Reopened 720 state(s).
Evaluated 2392 state(s).
Evaluations: 4784
Generated 15438 state(s).
Dead ends: 0 state(s).
Search time: 0.26s
Total time: 0.27s
Solution found.
Peak memory: 6196 KB
