Parsing... [0.010s CPU, 0.010s wall-clock]
Normalizing task... [0.000s CPU, 0.001s wall-clock]
Instantiating...
Generating Datalog program... [0.000s CPU, 0.001s wall-clock]
Normalizing Datalog program...
Normalizing Datalog program: [0.000s CPU, 0.007s wall-clock]
Preparing model... [0.000s CPU, 0.004s wall-clock]
Generated 68 rules.
Computing model... [0.070s CPU, 0.062s wall-clock]
1369 relevant atoms
2056 auxiliary atoms
3425 final queue length
5300 total queue pushes
Completing instantiation... [0.190s CPU, 0.186s wall-clock]
Instantiating: [0.260s CPU, 0.262s wall-clock]
Computing fact groups...
Finding invariants...
15 initial candidates
Finding invariants: [0.000s CPU, 0.005s wall-clock]
Checking invariant weight... [0.000s CPU, 0.000s wall-clock]
Instantiating groups... [0.000s CPU, 0.000s wall-clock]
Collecting mutex groups... [0.000s CPU, 0.000s wall-clock]
Choosing groups...
153 uncovered facts
Choosing groups: [0.000s CPU, 0.000s wall-clock]
Building translation key... [0.000s CPU, 0.001s wall-clock]
Computing fact groups: [0.010s CPU, 0.008s wall-clock]
Building STRIPS to SAS dictionary... [0.000s CPU, 0.000s wall-clock]
Building dictionary for full mutex groups... [0.000s CPU, 0.000s wall-clock]
Building mutex information...
Building mutex information: [0.000s CPU, 0.000s wall-clock]
Translating task...
Processing axioms...
Simplifying axioms... [0.000s CPU, 0.000s wall-clock]
Processing axioms: [0.000s CPU, 0.006s wall-clock]
Translating task: [0.080s CPU, 0.081s wall-clock]
119 implied effects removed
786 effect conditions simplified
0 implied preconditions added
Detecting unreachable propositions...
11 operators removed
52 propositions removed
Detecting unreachable propositions: [0.010s CPU, 0.016s wall-clock]
Translator variables: 130
Translator derived variables: 0
Translator facts: 273
Translator mutex groups: 2
Translator total mutex groups size: 17
Translator operators: 1012
Translator task size: 7919
Translator peak memory: 48880 KB
Writing output... [0.020s CPU, 0.080s wall-clock]
Done! [0.400s CPU, 0.465s wall-clock]
