Parsing... [0.010s CPU, 0.015s wall-clock]
Normalizing task... [0.000s CPU, 0.001s wall-clock]
Instantiating...
Generating Datalog program... [0.000s CPU, 0.002s wall-clock]
Normalizing Datalog program...
Normalizing Datalog program: [0.010s CPU, 0.009s wall-clock]
Preparing model... [0.000s CPU, 0.005s wall-clock]
Generated 68 rules.
Computing model... [0.080s CPU, 0.086s wall-clock]
1656 relevant atoms
2857 auxiliary atoms
4513 final queue length
6663 total queue pushes
Completing instantiation... [0.340s CPU, 0.339s wall-clock]
Instantiating: [0.440s CPU, 0.444s wall-clock]
Computing fact groups...
Finding invariants...
15 initial candidates
Finding invariants: [0.010s CPU, 0.005s wall-clock]
Checking invariant weight... [0.000s CPU, 0.000s wall-clock]
Instantiating groups... [0.000s CPU, 0.001s wall-clock]
Collecting mutex groups... [0.000s CPU, 0.000s wall-clock]
Choosing groups...
184 uncovered facts
Choosing groups: [0.000s CPU, 0.000s wall-clock]
Building translation key... [0.000s CPU, 0.001s wall-clock]
Computing fact groups: [0.010s CPU, 0.010s wall-clock]
Building STRIPS to SAS dictionary... [0.000s CPU, 0.000s wall-clock]
Building dictionary for full mutex groups... [0.000s CPU, 0.000s wall-clock]
Building mutex information...
Building mutex information: [0.010s CPU, 0.002s wall-clock]
Translating task...
Processing axioms...
Simplifying axioms... [0.000s CPU, 0.000s wall-clock]
Processing axioms: [0.010s CPU, 0.008s wall-clock]
Translating task: [0.100s CPU, 0.098s wall-clock]
169 implied effects removed
880 effect conditions simplified
0 implied preconditions added
Detecting unreachable propositions...
0 operators removed
25 propositions removed
Detecting unreachable propositions: [0.020s CPU, 0.019s wall-clock]
Translator variables: 179
Translator derived variables: 0
Translator facts: 379
Translator mutex groups: 5
Translator total mutex groups size: 31
Translator operators: 1183
Translator task size: 9262
Translator peak memory: 50676 KB
Writing output... [0.020s CPU, 0.019s wall-clock]
Done! [0.620s CPU, 0.616s wall-clock]
