Dispatcher selected state size 1.
This is a nonunit task.
Simplifying transitions... done!
Initializing Exploration...
Generating landmarks using the RPG/SAS+ approach
approx. reasonable orders
approx. obedient reasonable orders
Removed 0 reasonable or obedient reasonable orders
Landmarks generation time: 0.0644556s
Discovered 177 landmarks, of which 0 are disjunctive and 0 are conjunctive 
943 edges
Initializing LAMA-FF Synergy Object
Initializing landmarks count heuristic...
98 initial landmarks, 4 goal landmarks
Initializing Exploration...
Generating landmarks using the RPG/SAS+ approach
approx. reasonable orders
approx. obedient reasonable orders
Removed 0 reasonable or obedient reasonable orders
Landmarks generation time: 0.0636098s
Discovered 177 landmarks, of which 0 are disjunctive and 0 are conjunctive 
943 edges
Initializing LAMA-FF Synergy Object
Initializing landmarks count heuristic...
98 initial landmarks, 4 goal landmarks
Starting search: lazy_greedy(list(hff1, hlm1), preferred = list(hff1, hlm1), cost_type = 1, reopen_closed = false)
Conducting lazy best first search, (real) bound = 2147483647
Best heuristic value: 79/88 [g=0, 1 evaluated, 0 expanded, t=0.16s]
Best heuristic value: 79/87 [g=1, 2 evaluated, 1 expanded, t=0.16s]
Best heuristic value: 78/87 [g=2, 3 evaluated, 2 expanded, t=0.16s]
Best heuristic value: 77/87 [g=3, 4 evaluated, 3 expanded, t=0.16s]
Best heuristic value: 77/86 [g=4, 6 evaluated, 5 expanded, t=0.16s]
Best heuristic value: 76/86 [g=4, 9 evaluated, 8 expanded, t=0.16s]
Best heuristic value: 76/85 [g=5, 15 evaluated, 14 expanded, t=0.16s]
Best heuristic value: 75/85 [g=6, 20 evaluated, 19 expanded, t=0.16s]
Best heuristic value: 75/84 [g=6, 25 evaluated, 24 expanded, t=0.17s]
Best heuristic value: 74/84 [g=7, 29 evaluated, 28 expanded, t=0.17s]
Best heuristic value: 73/84 [g=8, 49 evaluated, 47 expanded, t=0.17s]
Best heuristic value: 72/84 [g=11, 352 evaluated, 315 expanded, t=0.25s]
Best heuristic value: 71/84 [g=12, 358 evaluated, 321 expanded, t=0.25s]
Best heuristic value: 71/82 [g=13, 359 evaluated, 322 expanded, t=0.25s]
Best heuristic value: 70/82 [g=15, 413 evaluated, 370 expanded, t=0.26s]
Best heuristic value: 69/82 [g=17, 458 evaluated, 412 expanded, t=0.28s]
Best heuristic value: 69/81 [g=15, 549 evaluated, 493 expanded, t=0.3s]
Best heuristic value: 69/80 [g=17, 708 evaluated, 637 expanded, t=0.34s]
Best heuristic value: 69/79 [g=19, 841 evaluated, 754 expanded, t=0.38s]
Best heuristic value: 67/79 [g=20, 851 evaluated, 763 expanded, t=0.38s]
Best heuristic value: 66/79 [g=22, 890 evaluated, 798 expanded, t=0.39s]
Best heuristic value: 65/79 [g=24, 941 evaluated, 844 expanded, t=0.4s]
Best heuristic value: 65/78 [g=26, 977 evaluated, 877 expanded, t=0.41s]
Best heuristic value: 64/78 [g=26, 984 evaluated, 884 expanded, t=0.41s]
Best heuristic value: 63/78 [g=27, 995 evaluated, 894 expanded, t=0.42s]
Best heuristic value: 63/77 [g=29, 1041 evaluated, 936 expanded, t=0.43s]
Best heuristic value: 62/77 [g=29, 1046 evaluated, 941 expanded, t=0.43s]
Best heuristic value: 61/77 [g=30, 1049 evaluated, 944 expanded, t=0.43s]
Best heuristic value: 61/76 [g=31, 1051 evaluated, 946 expanded, t=0.43s]
Best heuristic value: 60/76 [g=41, 27275 evaluated, 17805 expanded, t=7.65s]
Best heuristic value: 59/76 [g=42, 27285 evaluated, 17815 expanded, t=7.65s]
Best heuristic value: 58/76 [g=44, 27535 evaluated, 18052 expanded, t=7.71s]
Best heuristic value: 58/74 [g=45, 27561 evaluated, 18076 expanded, t=7.71s]
Best heuristic value: 57/74 [g=51, 39628 evaluated, 27717 expanded, t=10.84s]
Best heuristic value: 56/73 [g=53, 39879 evaluated, 27951 expanded, t=10.91s]
Best heuristic value: 55/72 [g=54, 39880 evaluated, 27952 expanded, t=10.91s]
Best heuristic value: 54/71 [g=55, 39898 evaluated, 27969 expanded, t=10.91s]
Best heuristic value: 53/71 [g=56, 39915 evaluated, 27985 expanded, t=10.92s]
Best heuristic value: 52/70 [g=57, 39948 evaluated, 28016 expanded, t=10.93s]
Best heuristic value: 52/69 [g=58, 39949 evaluated, 28017 expanded, t=10.93s]
Best heuristic value: 52/68 [g=60, 39988 evaluated, 28054 expanded, t=10.93s]
Best heuristic value: 52/67 [g=61, 39989 evaluated, 28055 expanded, t=10.93s]
Best heuristic value: 52/66 [g=68, 44830 evaluated, 31958 expanded, t=12.12s]
Best heuristic value: 52/65 [g=68, 45094 evaluated, 32156 expanded, t=12.18s]
Best heuristic value: 51/65 [g=70, 51740 evaluated, 37643 expanded, t=13.95s]
Best heuristic value: 51/64 [g=74, 58757 evaluated, 43325 expanded, t=15.74s]
Best heuristic value: 51/63 [g=75, 58758 evaluated, 43326 expanded, t=15.75s]
Best heuristic value: 50/62 [g=76, 58759 evaluated, 43327 expanded, t=15.75s]
Best heuristic value: 49/62 [g=77, 58761 evaluated, 43329 expanded, t=15.75s]
Best heuristic value: 48/62 [g=78, 58768 evaluated, 43336 expanded, t=15.75s]
Best heuristic value: 48/60 [g=78, 58788 evaluated, 43354 expanded, t=15.75s]
Best heuristic value: 47/60 [g=92, 146923 evaluated, 102151 expanded, t=40.59s]
Best heuristic value: 46/60 [g=95, 146964 evaluated, 102191 expanded, t=40.6s]
Best heuristic value: 45/60 [g=96, 146965 evaluated, 102192 expanded, t=40.6s]
Best heuristic value: 44/59 [g=99, 147173 evaluated, 102392 expanded, t=40.66s]
Best heuristic value: 43/59 [g=100, 147174 evaluated, 102393 expanded, t=40.66s]
Best heuristic value: 43/58 [g=110, 163756 evaluated, 116389 expanded, t=45.38s]
Best heuristic value: 42/58 [g=110, 163996 evaluated, 116579 expanded, t=45.44s]
Best heuristic value: 41/58 [g=111, 163997 evaluated, 116580 expanded, t=45.44s]
Best heuristic value: 41/56 [g=115, 164231 evaluated, 116790 expanded, t=45.5s]
Best heuristic value: 40/56 [g=121, 196122 evaluated, 139696 expanded, t=54.62s]
Best heuristic value: 39/56 [g=122, 196123 evaluated, 139697 expanded, t=54.62s]
Best heuristic value: 38/56 [g=126, 196461 evaluated, 140021 expanded, t=54.72s]
Best heuristic value: 38/52 [g=130, 197301 evaluated, 140737 expanded, t=55.28s]
Best heuristic value: 37/52 [g=131, 203772 evaluated, 146117 expanded, t=57.07s]
Best heuristic value: 36/52 [g=132, 203773 evaluated, 146118 expanded, t=57.07s]
Best heuristic value: 36/51 [g=133, 203777 evaluated, 146122 expanded, t=57.07s]
Best heuristic value: 36/50 [g=134, 203778 evaluated, 146123 expanded, t=57.07s]
Best heuristic value: 36/49 [g=139, 204747 evaluated, 146841 expanded, t=57.33s]
Best heuristic value: 36/48 [g=140, 204751 evaluated, 146845 expanded, t=57.33s]
Best heuristic value: 35/48 [g=152, 253359 evaluated, 183810 expanded, t=71.03s]
Best heuristic value: 34/48 [g=153, 253374 evaluated, 183825 expanded, t=71.04s]
Best heuristic value: 33/48 [g=156, 281592 evaluated, 202520 expanded, t=80.99s]
Best heuristic value: 32/48 [g=165, 286806 evaluated, 206293 expanded, t=83.03s]
Best heuristic value: 31/48 [g=172, 295103 evaluated, 212133 expanded, t=86.29s]
Best heuristic value: 30/48 [g=176, 295281 evaluated, 212269 expanded, t=86.36s]
Best heuristic value: 29/48 [g=181, 326276 evaluated, 232040 expanded, t=97.71s]
Best heuristic value: 29/47 [g=183, 326341 evaluated, 232101 expanded, t=97.74s]
Best heuristic value: 28/46 [g=184, 326342 evaluated, 232102 expanded, t=97.74s]
Best heuristic value: 27/46 [g=185, 326343 evaluated, 232103 expanded, t=97.74s]
Best heuristic value: 26/46 [g=187, 326447 evaluated, 232206 expanded, t=97.78s]
Best heuristic value: 25/45 [g=188, 326448 evaluated, 232207 expanded, t=97.78s]
Best heuristic value: 24/45 [g=192, 326744 evaluated, 232484 expanded, t=97.92s]
Best heuristic value: 23/45 [g=201, 343522 evaluated, 247501 expanded, t=105.12s]
Best heuristic value: 23/44 [g=203, 343641 evaluated, 247616 expanded, t=105.16s]
Best heuristic value: 22/43 [g=204, 343645 evaluated, 247620 expanded, t=105.17s]
Best heuristic value: 21/42 [g=205, 343649 evaluated, 247624 expanded, t=105.17s]
Best heuristic value: 21/41 [g=207, 343689 evaluated, 247664 expanded, t=105.18s]
Best heuristic value: 20/40 [g=208, 343694 evaluated, 247669 expanded, t=105.19s]
Best heuristic value: 19/39 [g=209, 343698 evaluated, 247673 expanded, t=105.19s]
Best heuristic value: 18/38 [g=218, 344963 evaluated, 248883 expanded, t=105.7s]
Best heuristic value: 18/37 [g=220, 344991 evaluated, 248911 expanded, t=105.71s]
Best heuristic value: 18/36 [g=220, 344993 evaluated, 248913 expanded, t=105.71s]
Best heuristic value: 17/36 [g=221, 344998 evaluated, 248918 expanded, t=105.71s]
Best heuristic value: 17/35 [g=227, 354959 evaluated, 257305 expanded, t=109.49s]
Best heuristic value: 17/34 [g=230, 356721 evaluated, 258656 expanded, t=110.1s]
Best heuristic value: 16/33 [g=233, 356760 evaluated, 258690 expanded, t=110.11s]
Best heuristic value: 16/32 [g=235, 356774 evaluated, 258702 expanded, t=110.12s]
Best heuristic value: 15/32 [g=244, 359657 evaluated, 260847 expanded, t=111.02s]
Best heuristic value: 14/30 [g=245, 359658 evaluated, 260848 expanded, t=111.02s]
Best heuristic value: 14/29 [g=256, 370970 evaluated, 269196 expanded, t=115.24s]
Best heuristic value: 13/28 [g=257, 370972 evaluated, 269198 expanded, t=115.24s]
Best heuristic value: 12/27 [g=258, 370973 evaluated, 269199 expanded, t=115.24s]
Best heuristic value: 12/26 [g=259, 370974 evaluated, 269200 expanded, t=115.24s]
Best heuristic value: 12/24 [g=265, 371366 evaluated, 269562 expanded, t=115.39s]
Best heuristic value: 12/23 [g=266, 371367 evaluated, 269563 expanded, t=115.4s]
Best heuristic value: 11/23 [g=268, 371402 evaluated, 269597 expanded, t=115.41s]
Best heuristic value: 11/22 [g=269, 371406 evaluated, 269600 expanded, t=115.41s]
Best heuristic value: 10/22 [g=276, 372525 evaluated, 270440 expanded, t=115.82s]
Best heuristic value: 9/22 [g=277, 372533 evaluated, 270447 expanded, t=115.82s]
Best heuristic value: 9/21 [g=278, 372536 evaluated, 270450 expanded, t=115.82s]
Best heuristic value: 9/20 [g=279, 372537 evaluated, 270451 expanded, t=115.82s]
Best heuristic value: 9/19 [g=281, 372553 evaluated, 270467 expanded, t=115.83s]
Best heuristic value: 9/18 [g=282, 372554 evaluated, 270468 expanded, t=115.83s]
Best heuristic value: 9/17 [g=285, 372591 evaluated, 270503 expanded, t=115.85s]
Best heuristic value: 9/16 [g=286, 372599 evaluated, 270511 expanded, t=115.85s]
Best heuristic value: 8/16 [g=287, 372604 evaluated, 270516 expanded, t=115.85s]
Best heuristic value: 8/15 [g=289, 372634 evaluated, 270546 expanded, t=115.86s]
Best heuristic value: 7/14 [g=290, 372635 evaluated, 270547 expanded, t=115.86s]
Best heuristic value: 6/13 [g=291, 372636 evaluated, 270548 expanded, t=115.87s]
Best heuristic value: 6/12 [g=293, 372652 evaluated, 270564 expanded, t=115.87s]
Best heuristic value: 5/11 [g=294, 372654 evaluated, 270566 expanded, t=115.87s]
Best heuristic value: 4/10 [g=295, 372655 evaluated, 270567 expanded, t=115.87s]
Best heuristic value: 4/9 [g=296, 372656 evaluated, 270568 expanded, t=115.88s]
Best heuristic value: 4/8 [g=298, 372663 evaluated, 270575 expanded, t=115.88s]
Best heuristic value: 4/7 [g=299, 372664 evaluated, 270576 expanded, t=115.88s]
Best heuristic value: 4/6 [g=301, 372667 evaluated, 270579 expanded, t=115.88s]
Best heuristic value: 4/5 [g=302, 372669 evaluated, 270581 expanded, t=115.88s]
Best heuristic value: 3/5 [g=303, 372671 evaluated, 270583 expanded, t=115.88s]
Best heuristic value: 2/4 [g=305, 372678 evaluated, 270588 expanded, t=115.88s]
Best heuristic value: 2/3 [g=306, 372679 evaluated, 270589 expanded, t=115.88s]
Best heuristic value: 2/2 [g=307, 372680 evaluated, 270590 expanded, t=115.88s]
Best heuristic value: 1/1 [g=308, 372682 evaluated, 270592 expanded, t=115.88s]
Solution found!
Actual search time: 115.72s [t=115.88s]
slide-base-in b-1 carry-in table-in (1)
eject-base b-1 a1 table-in (1)
move-arm a2 tb12 m4 (2)
move-arm-holding a1 table-in tb12 b-1 (3)
move-arm a5 tb45 table-out (3)
slide-base-in b-0 carry-in table-in (1)
move-arm a4 tb24 t1 (2)
move-arm a3 tb23 t2 (3)
set-base b-1 a1 tb12 (1)
move-arm a1 tb12 table-in (3)
eject-base b-0 a1 table-in (1)
move-arm-holding a1 table-in tb12 b-0 (3)
move-arm-holding a1 tb12 m1 b-0 (2)
set-base b-0 a1 m1 (1)
assemble-with-machine b-0 m1 mj1 nothing-done (3)
eject-base b-0 a1 m1 (1)
move-arm-holding a1 m1 m2 b-0 (2)
set-base b-0 a1 m2 (1)
assemble-with-machine b-0 m2 mj2 mj1 (3)
eject-base b-0 a1 m2 (1)
move-arm a2 m4 tb12 (2)
eject-base b-1 a2 tb12 (1)
move-arm-holding a2 tb12 m4 b-1 (2)
set-base b-1 a2 m4 (1)
move-arm-holding a1 m2 tb12 b-0 (3)
set-base b-0 a1 tb12 (1)
move-arm a1 tb12 m1 (2)
move-arm a2 m4 tb12 (2)
eject-base b-0 a2 tb12 (1)
move-arm-holding a2 tb12 m4 b-0 (2)
move-arm-holding a2 m4 tb24 b-0 (3)
set-base b-0 a2 tb24 (1)
move-arm a2 tb24 m4 (3)
move-arm a4 t1 tb24 (2)
eject-base b-0 a4 tb24 (1)
move-arm-holding a4 tb24 tb-for-1 b-0 (4)
set-base b-0 a4 tb-for-1 (1)
move-arm a4 tb-for-1 t1 (4)
pickup-component p1 a4 t1 (1)
move-arm-holding a4 t1 tb-for-1 p1 (4)
assemble-with-arm p1 j1 mj2 b-0 a4 tb-for-1 (3)
eject-base b-0 a4 tb-for-1 (1)
move-arm-holding a4 tb-for-1 tb-for-56 b-0 (2)
set-base b-0 a4 tb-for-56 (1)
eject-base b-1 a2 m4 (1)
move-arm-holding a2 m4 tb12 b-1 (2)
set-base b-1 a2 tb12 (1)
move-arm a2 tb12 m4 (2)
move-arm a1 m1 tb12 (2)
eject-base b-1 a1 tb12 (1)
move-arm-holding a1 tb12 m1 b-1 (2)
set-base b-1 a1 m1 (1)
assemble-with-machine b-1 m1 mj1 nothing-done (3)
eject-base b-1 a1 m1 (1)
move-arm-holding a1 m1 m2 b-1 (2)
set-base b-1 a1 m2 (1)
assemble-with-machine b-1 m2 mj2 mj1 (3)
eject-base b-1 a1 m2 (1)
move-arm-holding a1 m2 tb12 b-1 (3)
set-base b-1 a1 tb12 (1)
move-arm a1 tb12 m1 (2)
move-arm a2 m4 tb12 (2)
eject-base b-1 a2 tb12 (1)
move-arm-holding a2 tb12 tb23 b-1 (2)
move-arm-holding a2 tb23 tb24 b-1 (3)
set-base b-1 a2 tb24 (1)
move-arm a2 tb24 m4 (3)
move-arm a4 tb-for-56 tb24 (3)
eject-base b-1 a4 tb24 (1)
move-arm a5 table-out tb45 (3)
move-arm-holding a4 tb24 tb-for-1 b-1 (4)
set-base b-1 a4 tb-for-1 (1)
move-arm a4 tb-for-1 t1 (4)
pickup-component p1 a4 t1 (1)
move-arm-holding a4 t1 tb-for-1 p1 (4)
assemble-with-arm p1 j1 mj2 b-1 a4 tb-for-1 (3)
eject-base b-1 a4 tb-for-1 (1)
move-arm-holding a4 tb-for-1 tb-for-56 b-1 (2)
move-arm a5 tb45 m3 (3)
move-arm-holding a4 tb-for-56 tb45 b-1 (2)
set-base b-1 a4 tb45 (1)
move-arm a4 tb45 tb-for-56 (2)
move-arm a5 m3 tb45 (3)
eject-base b-1 a5 tb45 (1)
move-arm-holding a5 tb45 tb35 b-1 (2)
set-base b-1 a5 tb35 (1)
move-arm a5 tb35 table-out (3)
move-arm a3 t2 tb35 (3)
eject-base b-1 a3 tb35 (1)
move-arm-holding a3 tb35 t2 b-1 (3)
move-arm-holding a3 t2 tb-for-234 b-1 (2)
set-base b-1 a3 tb-for-234 (1)
move-arm a3 tb-for-234 t2 (2)
pickup-component p2 a3 t2 (1)
move-arm-holding a3 t2 tb-for-234 p2 (2)
assemble-with-arm p2 j2 j1 b-1 a3 tb-for-234 (2)
move-arm a3 tb-for-234 t3 (3)
pickup-component p3 a3 t3 (1)
move-arm-holding a3 t3 tb-for-234 p3 (3)
assemble-with-arm p3 j3 j2 b-1 a3 tb-for-234 (3)
eject-base b-1 a3 tb-for-234 (1)
move-arm-holding a3 tb-for-234 tb35 b-1 (4)
set-base b-1 a3 tb35 (1)
move-arm a3 tb35 tb-for-234 (4)
move-arm a5 table-out tb35 (3)
eject-base b-1 a5 tb35 (1)
move-arm-holding a5 tb35 table-out b-1 (3)
move-arm-holding a5 table-out m3 b-1 (2)
set-base b-1 a5 m3 (1)
assemble-with-machine b-1 m3 mj3 j3 (3)
eject-base b-1 a5 m3 (1)
move-arm-holding a5 m3 tb35 b-1 (2)
set-base b-1 a5 tb35 (1)
move-arm a5 tb35 table-out (3)
move-arm a3 tb-for-234 tb35 (4)
eject-base b-1 a3 tb35 (1)
move-arm-holding a3 tb35 tb-for-234 b-1 (4)
set-base b-1 a3 tb-for-234 (1)
move-arm a3 tb-for-234 t4 (2)
pickup-component p4 a3 t4 (1)
move-arm-holding a3 t4 tb-for-234 p4 (2)
assemble-with-arm p4 j4 mj3 b-1 a3 tb-for-234 (2)
eject-base b-1 a3 tb-for-234 (1)
move-arm-holding a3 tb-for-234 tb23 b-1 (3)
set-base b-1 a3 tb23 (1)
move-arm a3 tb23 tb-for-234 (3)
move-arm a2 m4 tb23 (3)
eject-base b-1 a2 tb23 (1)
move-arm-holding a2 tb23 m4 b-1 (3)
set-base b-1 a2 m4 (1)
assemble-with-machine b-1 m4 mj4 j4 (3)
eject-base b-1 a2 m4 (1)
move-arm a5 table-out tb35 (3)
move-arm-holding a2 m4 tb24 b-1 (3)
set-base b-1 a2 tb24 (1)
move-arm a2 tb24 m4 (3)
move-arm a4 tb-for-56 tb24 (3)
eject-base b-1 a4 tb24 (1)
move-arm-holding a4 tb24 tb45 b-1 (2)
move-arm a5 tb35 table-out (3)
set-base b-1 a4 tb45 (1)
move-arm a4 tb45 tb-for-56 (2)
move-arm a5 table-out tb45 (3)
eject-base b-1 a5 tb45 (1)
move-arm-holding a5 tb45 table-out b-1 (3)
eject-base b-0 a4 tb-for-56 (1)
move-arm-holding a4 tb-for-56 tb45 b-0 (2)
set-base b-0 a4 tb45 (1)
move-arm a4 tb45 tb-for-56 (2)
set-base b-1 a5 table-out (1)
move-arm a5 table-out tb45 (3)
eject-base b-0 a5 tb45 (1)
move-arm-holding a5 tb45 m3 b-0 (3)
set-base b-0 a5 m3 (1)
move-arm a5 m3 table-out (2)
eject-base b-1 a5 table-out (1)
move-arm a1 m1 m2 (2)
move-arm-holding a5 table-out m5 b-1 (2)
set-base b-1 a5 m5 (1)
move-arm a5 m5 m3 (3)
eject-base b-0 a5 m3 (1)
move-arm-holding a5 m3 m5 b-0 (3)
move-arm-holding a5 m5 table-out b-0 (2)
set-base b-0 a5 table-out (1)
move-arm a5 table-out m5 (2)
eject-base b-1 a5 m5 (1)
move-arm-holding a5 m5 tb35 b-1 (3)
set-base b-1 a5 tb35 (1)
move-arm a5 tb35 table-out (3)
eject-base b-0 a5 table-out (1)
move-arm-holding a5 table-out m5 b-0 (2)
set-base b-0 a5 m5 (1)
move-arm a5 m5 tb35 (3)
eject-base b-1 a5 tb35 (1)
move-arm-holding a5 tb35 tb45 b-1 (2)
set-base b-1 a5 tb45 (1)
move-arm a5 tb45 table-out (3)
move-arm a4 tb-for-56 tb45 (2)
eject-base b-1 a4 tb45 (1)
move-arm-holding a4 tb45 tb-for-56 b-1 (2)
set-base b-1 a4 tb-for-56 (1)
move-arm a4 tb-for-56 t5 (4)
pickup-component p5 a4 t5 (1)
move-arm-holding a4 t5 tb-for-56 p5 (4)
assemble-with-arm p5 j5 mj4 b-1 a4 tb-for-56 (3)
move-arm a4 tb-for-56 t6 (3)
pickup-component p6 a4 t6 (1)
move-arm-holding a4 t6 tb-for-56 p6 (3)
assemble-with-arm p6 j6 j5 b-1 a4 tb-for-56 (3)
move-arm a4 tb-for-56 t5 (4)
pickup-component p5 a4 t5 (1)
move-arm-holding a4 t5 tb-for-56 p5 (4)
move-arm a5 table-out m5 (2)
eject-base b-0 a5 m5 (1)
move-arm-holding a5 m5 tb35 b-0 (3)
set-base b-0 a5 tb35 (1)
move-arm a5 tb35 tb45 (2)
move-arm a3 tb-for-234 tb35 (4)
eject-base b-0 a3 tb35 (1)
move-arm-holding a3 tb35 tb-for-234 b-0 (4)
set-base b-0 a3 tb-for-234 (1)
move-arm a3 tb-for-234 t2 (2)
pickup-component p2 a3 t2 (1)
move-arm-holding a3 t2 tb-for-234 p2 (2)
assemble-with-arm p2 j2 j1 b-0 a3 tb-for-234 (2)
move-arm a3 tb-for-234 t3 (3)
pickup-component p3 a3 t3 (1)
move-arm-holding a3 t3 tb-for-234 p3 (3)
assemble-with-arm p3 j3 j2 b-0 a3 tb-for-234 (3)
eject-base b-0 a3 tb-for-234 (1)
move-arm-holding a3 tb-for-234 tb35 b-0 (4)
set-base b-0 a3 tb35 (1)
move-arm a3 tb35 tb-for-234 (4)
move-arm a5 tb45 tb35 (2)
eject-base b-0 a5 tb35 (1)
move-arm-holding a5 tb35 m3 b-0 (2)
set-base b-0 a5 m3 (1)
assemble-with-machine b-0 m3 mj3 j3 (3)
eject-base b-0 a5 m3 (1)
move-arm-holding a5 m3 table-out b-0 (2)
set-base b-0 a5 table-out (1)
assemble-with-arm p5 j5 mj4 b-1 a4 tb-for-56 (3)
eject-base b-1 a4 tb-for-56 (1)
move-arm-holding a4 tb-for-56 tb45 b-1 (2)
set-base b-1 a4 tb45 (1)
move-arm a4 tb45 t1 (3)
move-arm a4 t1 tb-for-56 (4)
move-arm a5 table-out tb45 (3)
eject-base b-1 a5 tb45 (1)
move-arm-holding a5 tb45 table-out b-1 (3)
move-arm-holding a5 table-out m5 b-1 (2)
set-base b-1 a5 m5 (1)
assemble-with-machine b-1 m5 mj5 j6 (2)
eject-base b-1 a5 m5 (1)
move-arm-holding a5 m5 tb35 b-1 (3)
set-base b-1 a5 tb35 (1)
move-arm a5 tb35 table-out (3)
eject-base b-0 a5 table-out (1)
move-arm-holding a5 table-out m5 b-0 (2)
set-base b-0 a5 m5 (1)
move-arm a5 m5 tb35 (3)
eject-base b-1 a5 tb35 (1)
move-arm-holding a5 tb35 table-out b-1 (3)
set-base b-1 a5 table-out (1)
slide-base-out b-1 table-out carry-out (1)
move-arm a5 table-out m5 (2)
eject-base b-0 a5 m5 (1)
move-arm-holding a5 m5 tb35 b-0 (3)
set-base b-0 a5 tb35 (1)
move-arm a5 tb35 table-out (3)
move-arm a3 tb-for-234 tb35 (4)
eject-base b-0 a3 tb35 (1)
move-arm-holding a3 tb35 tb-for-234 b-0 (4)
set-base b-0 a3 tb-for-234 (1)
move-arm a3 tb-for-234 t4 (2)
pickup-component p4 a3 t4 (1)
move-arm-holding a3 t4 tb-for-234 p4 (2)
assemble-with-arm p4 j4 mj3 b-0 a3 tb-for-234 (2)
eject-base b-0 a3 tb-for-234 (1)
move-arm-holding a3 tb-for-234 tb35 b-0 (4)
set-base b-0 a3 tb35 (1)
move-arm a3 tb35 t2 (3)
move-arm a5 table-out tb35 (3)
eject-base b-0 a5 tb35 (1)
move-arm-holding a5 tb35 tb45 b-0 (2)
set-base b-0 a5 tb45 (1)
move-arm a5 tb45 table-out (3)
move-arm a4 tb-for-56 tb45 (2)
eject-base b-0 a4 tb45 (1)
move-arm-holding a4 tb45 tb24 b-0 (2)
set-base b-0 a4 tb24 (1)
move-arm a4 tb24 tb-for-56 (3)
move-arm a2 m4 tb24 (3)
eject-base b-0 a2 tb24 (1)
move-arm-holding a2 tb24 m4 b-0 (3)
set-base b-0 a2 m4 (1)
assemble-with-machine b-0 m4 mj4 j4 (3)
move-arm a3 t2 tb23 (3)
eject-base b-0 a2 m4 (1)
move-arm-holding a2 m4 tb24 b-0 (3)
set-base b-0 a2 tb24 (1)
move-arm a2 tb24 m4 (3)
move-arm a4 tb-for-56 tb24 (3)
eject-base b-0 a4 tb24 (1)
move-arm-holding a4 tb24 tb45 b-0 (2)
move-arm-holding a4 tb45 tb-for-56 b-0 (2)
set-base b-0 a4 tb-for-56 (1)
move-arm a4 tb-for-56 t5 (4)
pickup-component p5 a4 t5 (1)
move-arm-holding a4 t5 tb-for-56 p5 (4)
assemble-with-arm p5 j5 mj4 b-0 a4 tb-for-56 (3)
move-arm a4 tb-for-56 t6 (3)
pickup-component p6 a4 t6 (1)
move-arm-holding a4 t6 tb-for-56 p6 (3)
assemble-with-arm p6 j6 j5 b-0 a4 tb-for-56 (3)
eject-base b-0 a4 tb-for-56 (1)
move-arm-holding a4 tb-for-56 tb45 b-0 (2)
set-base b-0 a4 tb45 (1)
move-arm a4 tb45 t1 (3)
move-arm a5 table-out tb45 (3)
eject-base b-0 a5 tb45 (1)
move-arm-holding a5 tb45 table-out b-0 (3)
move-arm-holding a5 table-out m5 b-0 (2)
set-base b-0 a5 m5 (1)
assemble-with-machine b-0 m5 mj5 j6 (2)
eject-base b-0 a5 m5 (1)
move-arm-holding a5 m5 table-out b-0 (2)
set-base b-0 a5 table-out (1)
slide-base-out b-0 table-out carry-out (1)
Plan length: 309 step(s).
Plan cost: 627
Initial state h value: 79/88.
Expanded 270593 state(s).
Reopened 0 state(s).
Evaluated 372683 state(s).
Evaluations: 745366
Generated 5763810 state(s).
Dead ends: 102089 state(s).
Best solution cost so far: 627
Solution found - keep searching
Starting search: lazy_greedy(list(hff2, hlm2), preferred = list(hff2, hlm2), reopen_closed = false)
Conducting lazy best first search, (real) bound = 627
Switch from bucket-based to heap-based queue at key = 272, num_pushes = 259
Best heuristic value: 213/242 [g=0, 1 evaluated, 0 expanded, t=115.89s]
Best heuristic value: 212/240 [g=1, 2 evaluated, 1 expanded, t=115.89s]
Best heuristic value: 210/240 [g=2, 3 evaluated, 2 expanded, t=115.89s]
Best heuristic value: 205/240 [g=4, 4 evaluated, 3 expanded, t=115.89s]
Best heuristic value: 203/240 [g=7, 6 evaluated, 5 expanded, t=115.89s]
Best heuristic value: 203/239 [g=3, 9 evaluated, 8 expanded, t=115.89s]
Best heuristic value: 200/239 [g=9, 12 evaluated, 11 expanded, t=115.89s]
Best heuristic value: 197/239 [g=11, 18 evaluated, 17 expanded, t=115.89s]
Best heuristic value: 197/238 [g=5, 22 evaluated, 21 expanded, t=115.89s]
Best heuristic value: 194/238 [g=14, 29 evaluated, 28 expanded, t=115.89s]
Best heuristic value: 194/237 [g=16, 33 evaluated, 32 expanded, t=115.9s]
Best heuristic value: 194/235 [g=18, 35 evaluated, 34 expanded, t=115.9s]
Best heuristic value: 192/235 [g=15, 40 evaluated, 39 expanded, t=115.9s]
Best heuristic value: 192/233 [g=19, 45 evaluated, 44 expanded, t=115.9s]
Best heuristic value: 192/232 [g=21, 84 evaluated, 79 expanded, t=115.91s]
Best heuristic value: 190/228 [g=25, 155 evaluated, 142 expanded, t=115.93s]
Best heuristic value: 188/228 [g=26, 156 evaluated, 143 expanded, t=115.93s]
Best heuristic value: 186/228 [g=28, 157 evaluated, 144 expanded, t=115.93s]
Best heuristic value: 186/227 [g=28, 208 evaluated, 191 expanded, t=115.94s]
Best heuristic value: 186/226 [g=31, 258 evaluated, 237 expanded, t=115.95s]
Best heuristic value: 184/222 [g=34, 289 evaluated, 264 expanded, t=115.96s]
Best heuristic value: 182/222 [g=36, 291 evaluated, 266 expanded, t=115.96s]
Best heuristic value: 180/222 [g=39, 330 evaluated, 301 expanded, t=115.97s]
Best heuristic value: 178/222 [g=43, 371 evaluated, 338 expanded, t=115.98s]
Best heuristic value: 178/221 [g=46, 381 evaluated, 348 expanded, t=115.98s]
Best heuristic value: 178/219 [g=48, 382 evaluated, 349 expanded, t=115.98s]
Best heuristic value: 178/217 [g=49, 394 evaluated, 361 expanded, t=115.99s]
Best heuristic value: 177/213 [g=51, 410 evaluated, 375 expanded, t=115.99s]
Best heuristic value: 175/213 [g=52, 411 evaluated, 376 expanded, t=115.99s]
Best heuristic value: 173/213 [g=54, 420 evaluated, 385 expanded, t=115.99s]
Best heuristic value: 171/213 [g=55, 431 evaluated, 396 expanded, t=116s]
Best heuristic value: 171/211 [g=57, 444 evaluated, 408 expanded, t=116s]
Best heuristic value: 169/207 [g=61, 491 evaluated, 451 expanded, t=116.01s]
Best heuristic value: 167/207 [g=63, 492 evaluated, 452 expanded, t=116.01s]
Best heuristic value: 167/205 [g=62, 501 evaluated, 461 expanded, t=116.02s]
Best heuristic value: 165/205 [g=64, 502 evaluated, 462 expanded, t=116.02s]
Best heuristic value: 162/205 [g=66, 512 evaluated, 472 expanded, t=116.02s]
Best heuristic value: 162/203 [g=64, 513 evaluated, 473 expanded, t=116.02s]
Best heuristic value: 160/199 [g=68, 562 evaluated, 518 expanded, t=116.03s]
Best heuristic value: 158/199 [g=70, 563 evaluated, 519 expanded, t=116.03s]
Best heuristic value: 158/197 [g=69, 572 evaluated, 528 expanded, t=116.03s]
Best heuristic value: 156/197 [g=71, 573 evaluated, 529 expanded, t=116.03s]
Best heuristic value: 153/197 [g=74, 583 evaluated, 539 expanded, t=116.04s]
Best heuristic value: 151/196 [g=75, 595 evaluated, 551 expanded, t=116.04s]
Best heuristic value: 151/193 [g=77, 601 evaluated, 557 expanded, t=116.04s]
Best heuristic value: 151/191 [g=79, 612 evaluated, 568 expanded, t=116.04s]
Best heuristic value: 148/191 [g=82, 644 evaluated, 596 expanded, t=116.06s]
Best heuristic value: 148/189 [g=90, 1430 evaluated, 1195 expanded, t=116.26s]
Best heuristic value: 147/189 [g=95, 1572 evaluated, 1326 expanded, t=116.3s]
Best heuristic value: 147/188 [g=100, 1616 evaluated, 1367 expanded, t=116.31s]
Best heuristic value: 145/188 [g=111, 7999 evaluated, 6084 expanded, t=117.99s]
Best heuristic value: 142/188 [g=114, 8008 evaluated, 6093 expanded, t=117.99s]
Best heuristic value: 140/188 [g=115, 8016 evaluated, 6101 expanded, t=118s]
Best heuristic value: 140/184 [g=118, 8025 evaluated, 6110 expanded, t=118s]
Best heuristic value: 138/184 [g=121, 8127 evaluated, 6209 expanded, t=118.03s]
Best heuristic value: 138/183 [g=146, 13995 evaluated, 10694 expanded, t=119.61s]
Best heuristic value: 138/182 [g=158, 14145 evaluated, 10830 expanded, t=119.65s]
Best heuristic value: 137/182 [g=156, 14197 evaluated, 10876 expanded, t=119.66s]
Best heuristic value: 134/182 [g=158, 14210 evaluated, 10888 expanded, t=119.67s]
Best heuristic value: 132/181 [g=160, 14219 evaluated, 10897 expanded, t=119.67s]
Best heuristic value: 132/180 [g=163, 14222 evaluated, 10900 expanded, t=119.67s]
Best heuristic value: 132/179 [g=167, 14252 evaluated, 10928 expanded, t=119.68s]
Best heuristic value: 131/179 [g=166, 14258 evaluated, 10934 expanded, t=119.68s]
Best heuristic value: 128/179 [g=169, 14269 evaluated, 10945 expanded, t=119.68s]
Best heuristic value: 125/177 [g=172, 14281 evaluated, 10956 expanded, t=119.69s]
Best heuristic value: 125/176 [g=175, 14284 evaluated, 10959 expanded, t=119.69s]
Best heuristic value: 125/175 [g=179, 14314 evaluated, 10987 expanded, t=119.7s]
Best heuristic value: 124/175 [g=183, 15277 evaluated, 11814 expanded, t=119.96s]
Best heuristic value: 123/175 [g=209, 20571 evaluated, 16047 expanded, t=121.42s]
Best heuristic value: 122/175 [g=231, 28599 evaluated, 22406 expanded, t=123.69s]
Best heuristic value: 121/172 [g=240, 28922 evaluated, 22680 expanded, t=123.78s]
Best heuristic value: 116/168 [g=243, 28923 evaluated, 22681 expanded, t=123.78s]
Best heuristic value: 115/168 [g=244, 28924 evaluated, 22682 expanded, t=123.78s]
Best heuristic value: 115/161 [g=247, 28925 evaluated, 22683 expanded, t=123.78s]
Best heuristic value: 112/161 [g=249, 28928 evaluated, 22686 expanded, t=123.79s]
Best heuristic value: 111/161 [g=299, 37898 evaluated, 29742 expanded, t=126.35s]
Best heuristic value: 111/160 [g=308, 39606 evaluated, 31064 expanded, t=126.84s]
Best heuristic value: 108/160 [g=314, 57278 evaluated, 45975 expanded, t=132.07s]
Best heuristic value: 107/160 [g=315, 57280 evaluated, 45977 expanded, t=132.07s]
Best heuristic value: 103/159 [g=318, 57285 evaluated, 45982 expanded, t=132.07s]
Best heuristic value: 103/158 [g=320, 57286 evaluated, 45983 expanded, t=132.07s]
Best heuristic value: 101/158 [g=321, 57287 evaluated, 45984 expanded, t=132.07s]
Best heuristic value: 98/158 [g=323, 57292 evaluated, 45988 expanded, t=132.07s]
Best heuristic value: 98/157 [g=323, 57296 evaluated, 45991 expanded, t=132.08s]
Best heuristic value: 98/156 [g=325, 57308 evaluated, 46003 expanded, t=132.08s]
Best heuristic value: 96/156 [g=327, 57428 evaluated, 46094 expanded, t=132.11s]
Best heuristic value: 94/156 [g=328, 57432 evaluated, 46097 expanded, t=132.11s]
Best heuristic value: 94/155 [g=331, 57445 evaluated, 46108 expanded, t=132.11s]
Best heuristic value: 94/154 [g=333, 57457 evaluated, 46118 expanded, t=132.12s]
Best heuristic value: 92/154 [g=370, 63361 evaluated, 50102 expanded, t=133.92s]
Best heuristic value: 91/154 [g=356, 166711 evaluated, 121963 expanded, t=169.09s]
Best heuristic value: 87/154 [g=358, 166713 evaluated, 121965 expanded, t=169.09s]
Best heuristic value: 87/149 [g=362, 166715 evaluated, 121967 expanded, t=169.09s]
Best heuristic value: 87/148 [g=360, 166716 evaluated, 121968 expanded, t=169.09s]
Best heuristic value: 87/146 [g=361, 166721 evaluated, 121973 expanded, t=169.09s]
Best heuristic value: 86/146 [g=367, 167022 evaluated, 122218 expanded, t=169.19s]
Best heuristic value: 81/138 [g=370, 167023 evaluated, 122219 expanded, t=169.2s]
Best heuristic value: 81/137 [g=374, 167041 evaluated, 122236 expanded, t=169.2s]
Best heuristic value: 77/133 [g=392, 167901 evaluated, 122876 expanded, t=169.47s]
Best heuristic value: 77/128 [g=395, 167916 evaluated, 122889 expanded, t=169.47s]
Best heuristic value: 75/128 [g=396, 167917 evaluated, 122890 expanded, t=169.47s]
Best heuristic value: 75/127 [g=397, 167919 evaluated, 122891 expanded, t=169.47s]
Best heuristic value: 73/127 [g=415, 168985 evaluated, 123635 expanded, t=169.79s]
Best heuristic value: 73/126 [g=426, 215066 evaluated, 156418 expanded, t=185.11s]
Best heuristic value: 70/126 [g=426, 248787 evaluated, 181111 expanded, t=196.89s]
Best heuristic value: 69/125 [g=428, 248788 evaluated, 181112 expanded, t=196.89s]
Best heuristic value: 69/124 [g=430, 248794 evaluated, 181118 expanded, t=196.89s]
Best heuristic value: 67/124 [g=445, 249201 evaluated, 181470 expanded, t=197.03s]
Best heuristic value: 67/120 [g=446, 249203 evaluated, 181471 expanded, t=197.03s]
Best heuristic value: 67/119 [g=450, 249212 evaluated, 181480 expanded, t=197.04s]
Best heuristic value: 65/119 [g=466, 249918 evaluated, 182046 expanded, t=197.27s]
Best heuristic value: 65/117 [g=477, 250361 evaluated, 182424 expanded, t=197.42s]
Best heuristic value: 63/117 [g=493, 254244 evaluated, 185540 expanded, t=198.76s]
Best heuristic value: 63/113 [g=536, 314019 evaluated, 236290 expanded, t=220.43s]
Best heuristic value: 61/113 [g=543, 314111 evaluated, 236369 expanded, t=220.47s]
Best heuristic value: 61/111 [g=553, 314143 evaluated, 236399 expanded, t=220.48s]
Best heuristic value: 61/107 [g=564, 314653 evaluated, 236840 expanded, t=220.67s]
Best heuristic value: 59/107 [g=576, 314854 evaluated, 237016 expanded, t=220.74s]
Best heuristic value: 57/102 [g=619, 336707 evaluated, 254781 expanded, t=228.2s]
Best heuristic value: 54/102 [g=622, 336708 evaluated, 254782 expanded, t=228.2s]
Best heuristic value: 54/101 [g=621, 336720 evaluated, 254794 expanded, t=228.21s]
Best heuristic value: 52/101 [g=626, 336741 evaluated, 254814 expanded, t=228.21s]
Best heuristic value: 52/100 [g=591, 354788 evaluated, 268523 expanded, t=234.49s]
Best heuristic value: 49/98 [g=599, 354838 evaluated, 268570 expanded, t=234.51s]
Best heuristic value: 47/98 [g=602, 354839 evaluated, 268571 expanded, t=234.51s]
Best heuristic value: 47/97 [g=601, 354841 evaluated, 268573 expanded, t=234.51s]
Best heuristic value: 47/96 [g=603, 354854 evaluated, 268586 expanded, t=234.52s]
Best heuristic value: 45/96 [g=609, 354978 evaluated, 268702 expanded, t=234.57s]
Best heuristic value: 43/96 [g=610, 354994 evaluated, 268717 expanded, t=234.57s]
Best heuristic value: 43/94 [g=616, 355117 evaluated, 268828 expanded, t=234.63s]
Best heuristic value: 43/93 [g=618, 355124 evaluated, 268835 expanded, t=234.63s]
Best heuristic value: 43/90 [g=621, 355168 evaluated, 268876 expanded, t=234.65s]
Best heuristic value: 42/90 [g=623, 355182 evaluated, 268890 expanded, t=234.65s]
Best heuristic value: 42/89 [g=624, 355190 evaluated, 268897 expanded, t=234.65s]
Best heuristic value: 41/85 [g=626, 355200 evaluated, 268906 expanded, t=234.66s]
Failed to allocate memory. Released memory buffer.
Memory limit has been reached.
Failed to allocate memory. Released memory buffer.
Memory limit has been reached.
