Parsing... [0.020s CPU, 0.017s wall-clock]
Normalizing task... [0.000s CPU, 0.001s wall-clock]
Instantiating...
Generating Datalog program... [0.000s CPU, 0.004s wall-clock]
Normalizing Datalog program...
Normalizing Datalog program: [0.010s CPU, 0.008s wall-clock]
Preparing model... [0.000s CPU, 0.008s wall-clock]
Generated 68 rules.
Computing model... [0.350s CPU, 0.338s wall-clock]
4452 relevant atoms
10129 auxiliary atoms
14581 final queue length
20955 total queue pushes
Completing instantiation... [2.060s CPU, 2.062s wall-clock]
Instantiating: [2.430s CPU, 2.437s wall-clock]
Computing fact groups...
Finding invariants...
15 initial candidates
Finding invariants: [0.010s CPU, 0.008s wall-clock]
Checking invariant weight... [0.000s CPU, 0.000s wall-clock]
Instantiating groups... [0.000s CPU, 0.001s wall-clock]
Collecting mutex groups... [0.000s CPU, 0.001s wall-clock]
Choosing groups...
532 uncovered facts
Choosing groups: [0.010s CPU, 0.001s wall-clock]
Building translation key... [0.000s CPU, 0.004s wall-clock]
Computing fact groups: [0.030s CPU, 0.027s wall-clock]
Building STRIPS to SAS dictionary... [0.000s CPU, 0.002s wall-clock]
Building dictionary for full mutex groups... [0.000s CPU, 0.002s wall-clock]
Building mutex information...
Building mutex information: [0.010s CPU, 0.006s wall-clock]
Translating task...
Processing axioms...
Simplifying axioms... [0.000s CPU, 0.000s wall-clock]
Processing axioms: [0.030s CPU, 0.031s wall-clock]
Translating task: [0.370s CPU, 0.377s wall-clock]
481 implied effects removed
2524 effect conditions simplified
0 implied preconditions added
Detecting unreachable propositions...
0 operators removed
49 propositions removed
Detecting unreachable propositions: [0.080s CPU, 0.075s wall-clock]
Translator variables: 515
Translator derived variables: 0
Translator facts: 1111
Translator mutex groups: 5
Translator total mutex groups size: 91
Translator operators: 3523
Translator task size: 27394
Translator peak memory: 66840 KB
Writing output... [0.080s CPU, 0.069s wall-clock]
Done! [3.050s CPU, 3.052s wall-clock]
