Parsing... [0.060s CPU, 0.058s wall-clock]
Normalizing task... [0.000s CPU, 0.004s wall-clock]
Instantiating...
Generating Datalog program... [0.020s CPU, 0.022s wall-clock]
Normalizing Datalog program...
Normalizing Datalog program: [0.020s CPU, 0.010s wall-clock]
Preparing model... [0.100s CPU, 0.101s wall-clock]
Generated 68 rules.
Computing model... [18.890s CPU, 19.063s wall-clock]
239316 relevant atoms
620977 auxiliary atoms
860293 final queue length
1221483 total queue pushes
Completing instantiation... [134.690s CPU, 135.035s wall-clock]
Instantiating: [154.350s CPU, 154.869s wall-clock]
Computing fact groups...
Finding invariants...
15 initial candidates
Finding invariants: [0.130s CPU, 0.123s wall-clock]
Checking invariant weight... [0.000s CPU, 0.002s wall-clock]
Instantiating groups... [0.020s CPU, 0.026s wall-clock]
Collecting mutex groups... [0.050s CPU, 0.048s wall-clock]
Choosing groups...
29764 uncovered facts
Choosing groups: [0.070s CPU, 0.067s wall-clock]
Building translation key... [0.200s CPU, 0.201s wall-clock]
Computing fact groups: [1.330s CPU, 1.326s wall-clock]
Building STRIPS to SAS dictionary... [0.100s CPU, 0.102s wall-clock]
Building dictionary for full mutex groups... [0.090s CPU, 0.086s wall-clock]
Building mutex information...
Building mutex information: [0.090s CPU, 0.091s wall-clock]
Translating task...
Processing axioms...
Simplifying axioms... [0.000s CPU, 0.000s wall-clock]
Processing axioms: [1.180s CPU, 1.181s wall-clock]
Translating task: [20.290s CPU, 20.293s wall-clock]
26689 implied effects removed
140620 effect conditions simplified
0 implied preconditions added
Detecting unreachable propositions...
0 operators removed
2065 propositions removed
Detecting unreachable propositions: [3.770s CPU, 3.771s wall-clock]
Translator variables: 28739
Translator derived variables: 0
Translator facts: 62599
Translator mutex groups: 5
Translator total mutex groups size: 5131
Translator operators: 200083
Translator task size: 1550482
Translator peak memory: 1409064 KB
Writing output... [4.350s CPU, 4.348s wall-clock]
Done! [185.820s CPU, 186.343s wall-clock]
