Dispatcher selected state size 1.
This is a unit task.
Simplifying transitions... done!
Initializing Exploration...
Generating landmarks using the RPG/SAS+ approach
approx. reasonable orders
approx. obedient reasonable orders
Removed 0 reasonable or obedient reasonable orders
Landmarks generation time: 0.00909075s
Discovered 26 landmarks, of which 3 are disjunctive and 0 are conjunctive 
52 edges
Initializing LAMA-FF Synergy Object
Initializing landmarks count heuristic...
15 initial landmarks, 1 goal landmarks
Starting search: lazy_greedy(list(hff, hlm), preferred = list(hff, hlm))
Conducting lazy best first search, (real) bound = 2147483647
Best heuristic value: 11/14 [g=0, 1 evaluated, 0 expanded, t=0.04s]
Best heuristic value: 10/13 [g=1, 2 evaluated, 1 expanded, t=0.04s]
Best heuristic value: 9/13 [g=2, 3 evaluated, 2 expanded, t=0.04s]
Best heuristic value: 9/12 [g=4, 5 evaluated, 4 expanded, t=0.04s]
Best heuristic value: 7/10 [g=5, 10 evaluated, 9 expanded, t=0.04s]
Best heuristic value: 6/10 [g=6, 11 evaluated, 10 expanded, t=0.04s]
Best heuristic value: 6/9 [g=6, 14 evaluated, 13 expanded, t=0.04s]
Best heuristic value: 5/9 [g=7, 15 evaluated, 14 expanded, t=0.04s]
Best heuristic value: 5/7 [g=7, 18 evaluated, 17 expanded, t=0.04s]
Best heuristic value: 5/5 [g=8, 22 evaluated, 21 expanded, t=0.04s]
Best heuristic value: 4/5 [g=9, 23 evaluated, 22 expanded, t=0.04s]
Best heuristic value: 4/4 [g=9, 26 evaluated, 25 expanded, t=0.04s]
Best heuristic value: 2/4 [g=11, 27 evaluated, 26 expanded, t=0.05s]
Best heuristic value: 2/3 [g=10, 28 evaluated, 27 expanded, t=0.05s]
Best heuristic value: 2/2 [g=11, 30 evaluated, 29 expanded, t=0.05s]
Best heuristic value: 1/1 [g=12, 32 evaluated, 31 expanded, t=0.05s]
Solution found!
Actual search time: 0.01s [t=0.05s]
grasp left shaker1 (1)
grasp right shot1 (1)
leave left shaker1 (1)
fill-shot shot1 ingredient4 right left dispenser4 (1)
pour-shot-to-clean-shaker shot1 ingredient4 shaker1 right l0 l1 (1)
clean-shot shot1 ingredient4 right left (1)
fill-shot shot1 ingredient11 right left dispenser11 (1)
pour-shot-to-used-shaker shot1 ingredient11 shaker1 right l1 l2 (1)
clean-shot shot1 ingredient11 right left (1)
grasp left shaker1 (1)
leave right shot1 (1)
shake cocktail10 ingredient4 ingredient11 shaker1 left right (1)
pour-shaker-to-shot cocktail10 shot1 left shaker1 l2 l1 (1)
Plan length: 13 step(s).
Plan cost: 13
Initial state h value: 11/14.
Expanded 32 state(s).
Reopened 0 state(s).
Evaluated 33 state(s).
Evaluations: 66
Generated 136 state(s).
Dead ends: 0 state(s).
Best solution cost so far: 13
Solution found - keep searching
Starting search: lazy_wastar(list(hff, hlm), preferred = list(hff, hlm), w = 5)
Conducting lazy best first search, (real) bound = 13
Best heuristic value: 11/14 [g=0, 1 evaluated, 0 expanded, t=0.05s]
Best heuristic value: 10/13 [g=1, 2 evaluated, 1 expanded, t=0.05s]
Best heuristic value: 9/13 [g=2, 3 evaluated, 2 expanded, t=0.05s]
Best heuristic value: 9/12 [g=4, 5 evaluated, 4 expanded, t=0.05s]
Best heuristic value: 7/10 [g=5, 10 evaluated, 9 expanded, t=0.05s]
Best heuristic value: 6/10 [g=6, 11 evaluated, 10 expanded, t=0.05s]
Best heuristic value: 6/9 [g=6, 14 evaluated, 13 expanded, t=0.05s]
Best heuristic value: 5/9 [g=7, 15 evaluated, 14 expanded, t=0.05s]
Best heuristic value: 5/7 [g=7, 18 evaluated, 17 expanded, t=0.05s]
Best heuristic value: 5/5 [g=8, 22 evaluated, 21 expanded, t=0.05s]
Best heuristic value: 4/5 [g=9, 23 evaluated, 22 expanded, t=0.05s]
Best heuristic value: 4/4 [g=9, 26 evaluated, 25 expanded, t=0.05s]
Best heuristic value: 3/3 [g=10, 27 evaluated, 26 expanded, t=0.05s]
Best heuristic value: 3/2 [g=11, 28 evaluated, 27 expanded, t=0.05s]
Best heuristic value: 1/1 [g=12, 29 evaluated, 28 expanded, t=0.05s]
Solution found!
Actual search time: 0.05s [t=0.1s]
grasp right shot1 (1)
fill-shot shot1 ingredient4 right left dispenser4 (1)
pour-shot-to-clean-shaker shot1 ingredient4 shaker1 right l0 l1 (1)
clean-shot shot1 ingredient4 right left (1)
fill-shot shot1 ingredient11 right left dispenser11 (1)
pour-shot-to-used-shaker shot1 ingredient11 shaker1 right l1 l2 (1)
clean-shot shot1 ingredient11 right left (1)
grasp left shaker1 (1)
leave right shot1 (1)
shake cocktail10 ingredient4 ingredient11 shaker1 left right (1)
pour-shaker-to-shot cocktail10 shot1 left shaker1 l2 l1 (1)
Plan length: 11 step(s).
Plan cost: 11
Initial state h value: 11/14.
Expanded 332 state(s).
Reopened 37 state(s).
Evaluated 337 state(s).
Evaluations: 674
Generated 1244 state(s).
Dead ends: 4 state(s).
Best solution cost so far: 11
Solution found - keep searching
Starting search: lazy_wastar(list(hff, hlm), preferred = list(hff, hlm), w = 3)
Conducting lazy best first search, (real) bound = 11
Best heuristic value: 11/14 [g=0, 1 evaluated, 0 expanded, t=0.1s]
Best heuristic value: 10/13 [g=1, 2 evaluated, 1 expanded, t=0.1s]
Best heuristic value: 9/13 [g=2, 3 evaluated, 2 expanded, t=0.1s]
Best heuristic value: 9/12 [g=3, 12 evaluated, 11 expanded, t=0.1s]
Best heuristic value: 6/10 [g=4, 15 evaluated, 14 expanded, 1 reopened, t=0.1s]
Best heuristic value: 6/9 [g=6, 19 evaluated, 18 expanded, 1 reopened, t=0.1s]
Best heuristic value: 5/9 [g=7, 20 evaluated, 19 expanded, 1 reopened, t=0.1s]
Best heuristic value: 5/7 [g=7, 23 evaluated, 22 expanded, 1 reopened, t=0.1s]
Best heuristic value: 5/5 [g=8, 26 evaluated, 25 expanded, 1 reopened, t=0.1s]
Best heuristic value: 4/5 [g=9, 27 evaluated, 26 expanded, 1 reopened, t=0.11s]
Best heuristic value: 4/4 [g=9, 30 evaluated, 29 expanded, 1 reopened, t=0.11s]
Best heuristic value: 3/3 [g=10, 31 evaluated, 30 expanded, 1 reopened, t=0.11s]
Best heuristic value: 3/2 [g=9, 79 evaluated, 78 expanded, 18 reopened, t=0.12s]
Best heuristic value: 1/1 [g=10, 80 evaluated, 79 expanded, 18 reopened, t=0.12s]
Completely explored state space -- no solution!
Actual search time: 0.94s [t=1.04s]
Initial state h value: 11/14.
Expanded 5045 state(s).
Reopened 1632 state(s).
Evaluated 5457 state(s).
Evaluations: 10914
Generated 17077 state(s).
Dead ends: 412 state(s).
Best solution cost so far: 11
No solution found - keep searching
Starting search: lazy_wastar(list(hff, hlm), preferred = list(hff, hlm), w = 2)
Conducting lazy best first search, (real) bound = 11
Best heuristic value: 11/14 [g=0, 1 evaluated, 0 expanded, t=1.04s]
Best heuristic value: 10/13 [g=1, 2 evaluated, 1 expanded, t=1.04s]
Best heuristic value: 9/13 [g=2, 3 evaluated, 2 expanded, t=1.04s]
Best heuristic value: 9/12 [g=2, 13 evaluated, 12 expanded, 1 reopened, t=1.04s]
Best heuristic value: 7/10 [g=3, 17 evaluated, 16 expanded, 1 reopened, t=1.04s]
Best heuristic value: 6/10 [g=4, 18 evaluated, 17 expanded, 1 reopened, t=1.04s]
Best heuristic value: 6/9 [g=4, 21 evaluated, 20 expanded, 1 reopened, t=1.04s]
Best heuristic value: 5/9 [g=5, 22 evaluated, 21 expanded, 1 reopened, t=1.04s]
Best heuristic value: 5/7 [g=5, 25 evaluated, 24 expanded, 1 reopened, t=1.04s]
Best heuristic value: 5/5 [g=6, 29 evaluated, 28 expanded, 1 reopened, t=1.04s]
Best heuristic value: 4/5 [g=7, 30 evaluated, 29 expanded, 1 reopened, t=1.04s]
Best heuristic value: 4/4 [g=7, 33 evaluated, 32 expanded, 1 reopened, t=1.04s]
Best heuristic value: 3/3 [g=8, 34 evaluated, 33 expanded, 1 reopened, t=1.04s]
Best heuristic value: 3/2 [g=9, 35 evaluated, 34 expanded, 1 reopened, t=1.04s]
Best heuristic value: 1/1 [g=10, 36 evaluated, 35 expanded, 1 reopened, t=1.04s]
Completely explored state space -- no solution!
Actual search time: 0.86s [t=1.9s]
Initial state h value: 11/14.
Expanded 4662 state(s).
Reopened 1249 state(s).
Evaluated 5074 state(s).
Evaluations: 10148
Generated 15807 state(s).
Dead ends: 412 state(s).
Best solution cost so far: 11
No solution found - keep searching
Starting search: lazy_wastar(list(hff, hlm), preferred = list(hff, hlm), w = 1)
Conducting lazy best first search, (real) bound = 11
Best heuristic value: 11/14 [g=0, 1 evaluated, 0 expanded, t=1.9s]
Best heuristic value: 10/13 [g=1, 2 evaluated, 1 expanded, t=1.9s]
Best heuristic value: 9/13 [g=2, 6 evaluated, 5 expanded, t=1.9s]
Best heuristic value: 9/12 [g=2, 12 evaluated, 11 expanded, t=1.91s]
Best heuristic value: 7/10 [g=3, 18 evaluated, 17 expanded, t=1.91s]
Best heuristic value: 6/10 [g=4, 19 evaluated, 18 expanded, t=1.91s]
Best heuristic value: 6/9 [g=4, 21 evaluated, 20 expanded, t=1.91s]
Best heuristic value: 5/9 [g=5, 23 evaluated, 22 expanded, t=1.91s]
Best heuristic value: 5/7 [g=5, 25 evaluated, 24 expanded, t=1.91s]
Best heuristic value: 5/5 [g=6, 29 evaluated, 28 expanded, t=1.91s]
Best heuristic value: 4/5 [g=7, 31 evaluated, 30 expanded, t=1.91s]
Best heuristic value: 4/4 [g=7, 33 evaluated, 32 expanded, t=1.91s]
Best heuristic value: 3/3 [g=8, 34 evaluated, 33 expanded, t=1.91s]
Best heuristic value: 3/2 [g=9, 36 evaluated, 35 expanded, t=1.91s]
Best heuristic value: 1/1 [g=10, 37 evaluated, 36 expanded, t=1.91s]
Completely explored state space -- no solution!
Actual search time: 0.78s [t=2.68s]
Initial state h value: 11/14.
Expanded 4160 state(s).
Reopened 747 state(s).
Evaluated 4572 state(s).
Evaluations: 9144
Generated 13874 state(s).
Dead ends: 412 state(s).
Best solution cost so far: 11
No solution found - keep searching
Actual search time: 2.64s [t=2.68s]
Cumulative statistics:
Expanded 14231 state(s).
Reopened 3665 state(s).
Evaluated 15473 state(s).
Evaluations: 30946
Generated 48138 state(s).
Dead ends: 0 state(s).
Search time: 2.64s
Total time: 2.68s
Solution found.
Peak memory: 5908 KB
