Parsing... [0.030s CPU, 0.043s wall-clock]
Normalizing task... [0.000s CPU, 0.003s wall-clock]
Instantiating...
Generating Datalog program... [0.020s CPU, 0.008s wall-clock]
Normalizing Datalog program...
Normalizing Datalog program: [0.040s CPU, 0.052s wall-clock]
Preparing model... [0.030s CPU, 0.055s wall-clock]
Generated 115 rules.
Computing model... [0.920s CPU, 0.986s wall-clock]
6181 relevant atoms
5499 auxiliary atoms
11680 final queue length
21800 total queue pushes
Completing instantiation... [2.690s CPU, 2.779s wall-clock]
Instantiating: [3.770s CPU, 3.952s wall-clock]
Computing fact groups...
Finding invariants...
24 initial candidates
Finding invariants: [0.090s CPU, 0.099s wall-clock]
Checking invariant weight... [0.000s CPU, 0.004s wall-clock]
Instantiating groups... [0.020s CPU, 0.014s wall-clock]
Collecting mutex groups... [0.000s CPU, 0.003s wall-clock]
Choosing groups...
563 uncovered facts
Choosing groups: [0.010s CPU, 0.003s wall-clock]
Building translation key... [0.010s CPU, 0.016s wall-clock]
Computing fact groups: [0.170s CPU, 0.182s wall-clock]
Building STRIPS to SAS dictionary... [0.010s CPU, 0.007s wall-clock]
Building dictionary for full mutex groups... [0.010s CPU, 0.008s wall-clock]
Building mutex information...
Building mutex information: [0.000s CPU, 0.006s wall-clock]
Translating task...
Processing axioms...
Simplifying axioms... [0.000s CPU, 0.001s wall-clock]
Processing axioms: [0.220s CPU, 0.212s wall-clock]
Translating task: [1.700s CPU, 1.753s wall-clock]
18 implied effects removed
0 effect conditions simplified
0 implied preconditions added
Detecting unreachable propositions...
0 operators removed
3 propositions removed
Detecting unreachable propositions: [0.150s CPU, 0.145s wall-clock]
Translator variables: 566
Translator derived variables: 0
Translator facts: 1169
Translator mutex groups: 22
Translator total mutex groups size: 100
Translator operators: 4362
Translator task size: 42074
Translator peak memory: 80112 KB
Writing output... [0.110s CPU, 0.118s wall-clock]
Done! [6.200s CPU, 6.460s wall-clock]
