Parsing... [0.040s CPU, 0.053s wall-clock]
Normalizing task... [0.000s CPU, 0.002s wall-clock]
Instantiating...
Generating Datalog program... [0.010s CPU, 0.012s wall-clock]
Normalizing Datalog program...
Normalizing Datalog program: [0.040s CPU, 0.042s wall-clock]
Preparing model... [0.020s CPU, 0.030s wall-clock]
Generated 115 rules.
Computing model... [0.690s CPU, 0.814s wall-clock]
4939 relevant atoms
4465 auxiliary atoms
9404 final queue length
17424 total queue pushes
Completing instantiation... [2.380s CPU, 2.470s wall-clock]
Instantiating: [3.190s CPU, 3.428s wall-clock]
Computing fact groups...
Finding invariants...
24 initial candidates
Finding invariants: [0.050s CPU, 0.048s wall-clock]
Checking invariant weight... [0.000s CPU, 0.002s wall-clock]
Instantiating groups... [0.010s CPU, 0.003s wall-clock]
Collecting mutex groups... [0.000s CPU, 0.000s wall-clock]
Choosing groups...
453 uncovered facts
Choosing groups: [0.000s CPU, 0.001s wall-clock]
Building translation key... [0.010s CPU, 0.010s wall-clock]
Computing fact groups: [0.080s CPU, 0.076s wall-clock]
Building STRIPS to SAS dictionary... [0.000s CPU, 0.001s wall-clock]
Building dictionary for full mutex groups... [0.000s CPU, 0.001s wall-clock]
Building mutex information...
Building mutex information: [0.000s CPU, 0.002s wall-clock]
Translating task...
Processing axioms...
Simplifying axioms... [0.000s CPU, 0.000s wall-clock]
Processing axioms: [0.200s CPU, 0.193s wall-clock]
Translating task: [1.430s CPU, 1.521s wall-clock]
16 implied effects removed
0 effect conditions simplified
0 implied preconditions added
Detecting unreachable propositions...
0 operators removed
3 propositions removed
Detecting unreachable propositions: [0.150s CPU, 0.162s wall-clock]
Translator variables: 456
Translator derived variables: 0
Translator facts: 945
Translator mutex groups: 20
Translator total mutex groups size: 90
Translator operators: 3462
Translator task size: 33390
Translator peak memory: 72480 KB
Writing output... [0.120s CPU, 0.123s wall-clock]
Done! [5.250s CPU, 5.605s wall-clock]
