Parsing... [0.020s CPU, 0.037s wall-clock]
Normalizing task... [0.000s CPU, 0.002s wall-clock]
Instantiating...
Generating Datalog program... [0.000s CPU, 0.006s wall-clock]
Normalizing Datalog program...
Normalizing Datalog program: [0.030s CPU, 0.027s wall-clock]
Preparing model... [0.010s CPU, 0.013s wall-clock]
Generated 115 rules.
Computing model... [0.090s CPU, 0.087s wall-clock]
829 relevant atoms
915 auxiliary atoms
1744 final queue length
2924 total queue pushes
Completing instantiation... [0.260s CPU, 0.263s wall-clock]
Instantiating: [0.400s CPU, 0.405s wall-clock]
Computing fact groups...
Finding invariants...
24 initial candidates
Finding invariants: [0.090s CPU, 0.093s wall-clock]
Checking invariant weight... [0.000s CPU, 0.001s wall-clock]
Instantiating groups... [0.000s CPU, 0.001s wall-clock]
Collecting mutex groups... [0.000s CPU, 0.000s wall-clock]
Choosing groups...
83 uncovered facts
Choosing groups: [0.000s CPU, 0.000s wall-clock]
Building translation key... [0.000s CPU, 0.002s wall-clock]
Computing fact groups: [0.100s CPU, 0.099s wall-clock]
Building STRIPS to SAS dictionary... [0.000s CPU, 0.001s wall-clock]
Building dictionary for full mutex groups... [0.000s CPU, 0.002s wall-clock]
Building mutex information...
Building mutex information: [0.000s CPU, 0.002s wall-clock]
Translating task...
Processing axioms...
Simplifying axioms... [0.000s CPU, 0.000s wall-clock]
Processing axioms: [0.030s CPU, 0.023s wall-clock]
Translating task: [0.150s CPU, 0.148s wall-clock]
6 implied effects removed
0 effect conditions simplified
0 implied preconditions added
Detecting unreachable propositions...
0 operators removed
3 propositions removed
Detecting unreachable propositions: [0.030s CPU, 0.028s wall-clock]
Translator variables: 86
Translator derived variables: 0
Translator facts: 185
Translator mutex groups: 10
Translator total mutex groups size: 40
Translator operators: 522
Translator task size: 5030
Translator peak memory: 46880 KB
Writing output... [0.070s CPU, 0.075s wall-clock]
Done! [0.850s CPU, 0.865s wall-clock]
