Parsing... [0.030s CPU, 0.047s wall-clock]
Normalizing task... [0.000s CPU, 0.002s wall-clock]
Instantiating...
Generating Datalog program... [0.000s CPU, 0.006s wall-clock]
Normalizing Datalog program...
Normalizing Datalog program: [0.050s CPU, 0.057s wall-clock]
Preparing model... [0.020s CPU, 0.021s wall-clock]
Generated 115 rules.
Computing model... [0.240s CPU, 0.276s wall-clock]
1371 relevant atoms
1409 auxiliary atoms
2780 final queue length
4840 total queue pushes
Completing instantiation... [0.370s CPU, 0.542s wall-clock]
Instantiating: [0.700s CPU, 0.924s wall-clock]
Computing fact groups...
Finding invariants...
24 initial candidates
Finding invariants: [0.060s CPU, 0.057s wall-clock]
Checking invariant weight... [0.000s CPU, 0.001s wall-clock]
Instantiating groups... [0.000s CPU, 0.001s wall-clock]
Collecting mutex groups... [0.000s CPU, 0.000s wall-clock]
Choosing groups...
133 uncovered facts
Choosing groups: [0.000s CPU, 0.000s wall-clock]
Building translation key... [0.010s CPU, 0.001s wall-clock]
Computing fact groups: [0.070s CPU, 0.062s wall-clock]
Building STRIPS to SAS dictionary... [0.000s CPU, 0.000s wall-clock]
Building dictionary for full mutex groups... [0.000s CPU, 0.001s wall-clock]
Building mutex information...
Building mutex information: [0.000s CPU, 0.001s wall-clock]
Translating task...
Processing axioms...
Simplifying axioms... [0.000s CPU, 0.001s wall-clock]
Processing axioms: [0.080s CPU, 0.081s wall-clock]
Translating task: [0.360s CPU, 0.367s wall-clock]
8 implied effects removed
0 effect conditions simplified
0 implied preconditions added
Detecting unreachable propositions...
0 operators removed
3 propositions removed
Detecting unreachable propositions: [0.210s CPU, 0.207s wall-clock]
Translator variables: 136
Translator derived variables: 0
Translator facts: 289
Translator mutex groups: 12
Translator total mutex groups size: 50
Translator operators: 902
Translator task size: 8694
Translator peak memory: 50412 KB
Writing output... [0.110s CPU, 0.130s wall-clock]
Done! [1.630s CPU, 1.892s wall-clock]
