Parsing... [0.010s CPU, 0.007s wall-clock]
Normalizing task... [0.000s CPU, 0.001s wall-clock]
Instantiating...
Generating Datalog program... [0.000s CPU, 0.002s wall-clock]
Normalizing Datalog program...
Normalizing Datalog program: [0.010s CPU, 0.010s wall-clock]
Preparing model... [0.010s CPU, 0.008s wall-clock]
Generated 115 rules.
Computing model... [0.480s CPU, 0.478s wall-clock]
9085 relevant atoms
7891 auxiliary atoms
16976 final queue length
32028 total queue pushes
Completing instantiation... [2.250s CPU, 2.252s wall-clock]
Instantiating: [2.810s CPU, 2.810s wall-clock]
Computing fact groups...
Finding invariants...
24 initial candidates
Finding invariants: [0.030s CPU, 0.038s wall-clock]
Checking invariant weight... [0.010s CPU, 0.001s wall-clock]
Instantiating groups... [0.000s CPU, 0.004s wall-clock]
Collecting mutex groups... [0.000s CPU, 0.001s wall-clock]
Choosing groups...
819 uncovered facts
Choosing groups: [0.000s CPU, 0.001s wall-clock]
Building translation key... [0.010s CPU, 0.006s wall-clock]
Computing fact groups: [0.060s CPU, 0.064s wall-clock]
Building STRIPS to SAS dictionary... [0.010s CPU, 0.006s wall-clock]
Building dictionary for full mutex groups... [0.000s CPU, 0.002s wall-clock]
Building mutex information...
Building mutex information: [0.000s CPU, 0.002s wall-clock]
Translating task...
Processing axioms...
Simplifying axioms... [0.000s CPU, 0.000s wall-clock]
Processing axioms: [0.220s CPU, 0.224s wall-clock]
Translating task: [1.770s CPU, 1.775s wall-clock]
22 implied effects removed
0 effect conditions simplified
0 implied preconditions added
Detecting unreachable propositions...
0 operators removed
3 propositions removed
Detecting unreachable propositions: [0.170s CPU, 0.166s wall-clock]
Translator variables: 822
Translator derived variables: 0
Translator facts: 1689
Translator mutex groups: 26
Translator total mutex groups size: 120
Translator operators: 6474
Translator task size: 62454
Translator peak memory: 98152 KB
Writing output... [0.260s CPU, 0.269s wall-clock]
Done! [5.480s CPU, 5.487s wall-clock]
