Parsing... [0.010s CPU, 0.011s wall-clock]
Normalizing task... [0.010s CPU, 0.001s wall-clock]
Instantiating...
Generating Datalog program... [0.000s CPU, 0.003s wall-clock]
Normalizing Datalog program...
Normalizing Datalog program: [0.010s CPU, 0.028s wall-clock]
Preparing model... [0.020s CPU, 0.022s wall-clock]
Generated 115 rules.
Computing model... [0.400s CPU, 0.408s wall-clock]
7563 relevant atoms
6641 auxiliary atoms
14204 final queue length
26668 total queue pushes
Completing instantiation... [1.850s CPU, 1.908s wall-clock]
Instantiating: [2.350s CPU, 2.436s wall-clock]
Computing fact groups...
Finding invariants...
24 initial candidates
Finding invariants: [0.130s CPU, 0.129s wall-clock]
Checking invariant weight... [0.000s CPU, 0.001s wall-clock]
Instantiating groups... [0.010s CPU, 0.007s wall-clock]
Collecting mutex groups... [0.000s CPU, 0.002s wall-clock]
Choosing groups...
685 uncovered facts
Choosing groups: [0.010s CPU, 0.008s wall-clock]
Building translation key... [0.010s CPU, 0.009s wall-clock]
Computing fact groups: [0.180s CPU, 0.180s wall-clock]
Building STRIPS to SAS dictionary... [0.010s CPU, 0.006s wall-clock]
Building dictionary for full mutex groups... [0.000s CPU, 0.004s wall-clock]
Building mutex information...
Building mutex information: [0.000s CPU, 0.002s wall-clock]
Translating task...
Processing axioms...
Simplifying axioms... [0.000s CPU, 0.001s wall-clock]
Processing axioms: [0.270s CPU, 0.275s wall-clock]
Translating task: [1.970s CPU, 2.074s wall-clock]
20 implied effects removed
0 effect conditions simplified
0 implied preconditions added
Detecting unreachable propositions...
0 operators removed
3 propositions removed
Detecting unreachable propositions: [0.280s CPU, 0.286s wall-clock]
Translator variables: 688
Translator derived variables: 0
Translator facts: 1417
Translator mutex groups: 24
Translator total mutex groups size: 110
Translator operators: 5366
Translator task size: 51762
Translator peak memory: 88740 KB
Writing output... [0.300s CPU, 0.307s wall-clock]
Done! [5.570s CPU, 5.761s wall-clock]
