Dispatcher selected state size 1.
This is a nonunit task.
Simplifying transitions... done!
Initializing Exploration...
Generating landmarks using the RPG/SAS+ approach
approx. reasonable orders
approx. obedient reasonable orders
Removed 0 reasonable or obedient reasonable orders
Landmarks generation time: 0.0103057s
Discovered 98 landmarks, of which 1 are disjunctive and 0 are conjunctive 
326 edges
Initializing LAMA-FF Synergy Object
Initializing landmarks count heuristic...
52 initial landmarks, 6 goal landmarks
Initializing Exploration...
Generating landmarks using the RPG/SAS+ approach
Switch from bucket-based to heap-based queue at key = 124, num_pushes = 117
approx. reasonable orders
approx. obedient reasonable orders
Removed 0 reasonable or obedient reasonable orders
Landmarks generation time: 0.0124586s
Discovered 98 landmarks, of which 1 are disjunctive and 0 are conjunctive 
326 edges
Initializing LAMA-FF Synergy Object
Initializing landmarks count heuristic...
52 initial landmarks, 6 goal landmarks
Starting search: lazy_greedy(list(hff1, hlm1), preferred = list(hff1, hlm1), cost_type = 1, reopen_closed = false)
Conducting lazy best first search, (real) bound = 2147483647
Best heuristic value: 46/43 [g=0, 1 evaluated, 0 expanded, t=0.02s]
Best heuristic value: 46/42 [g=1, 3 evaluated, 1 expanded, t=0.02s]
Best heuristic value: 45/42 [g=2, 6 evaluated, 3 expanded, t=0.02s]
Best heuristic value: 44/42 [g=3, 16 evaluated, 11 expanded, t=0.02s]
Best heuristic value: 44/41 [g=4, 19 evaluated, 13 expanded, t=0.02s]
Best heuristic value: 43/41 [g=5, 22 evaluated, 15 expanded, t=0.02s]
Best heuristic value: 42/41 [g=8, 29 evaluated, 21 expanded, t=0.02s]
Best heuristic value: 42/38 [g=9, 30 evaluated, 22 expanded, t=0.02s]
Best heuristic value: 41/38 [g=11, 37 evaluated, 27 expanded, t=0.03s]
Best heuristic value: 41/37 [g=10, 38 evaluated, 28 expanded, t=0.03s]
Best heuristic value: 40/37 [g=11, 41 evaluated, 30 expanded, t=0.03s]
Best heuristic value: 40/36 [g=12, 49 evaluated, 37 expanded, t=0.03s]
Best heuristic value: 39/36 [g=14, 54 evaluated, 41 expanded, t=0.03s]
Best heuristic value: 38/36 [g=15, 62 evaluated, 48 expanded, t=0.03s]
Best heuristic value: 38/34 [g=20, 71 evaluated, 56 expanded, t=0.03s]
Best heuristic value: 37/34 [g=21, 72 evaluated, 57 expanded, t=0.03s]
Best heuristic value: 37/33 [g=22, 73 evaluated, 58 expanded, t=0.03s]
Best heuristic value: 36/33 [g=24, 76 evaluated, 61 expanded, t=0.03s]
Best heuristic value: 36/32 [g=27, 90 evaluated, 68 expanded, t=0.03s]
Best heuristic value: 36/31 [g=30, 137 evaluated, 99 expanded, t=0.04s]
Best heuristic value: 35/31 [g=31, 138 evaluated, 100 expanded, t=0.04s]
Best heuristic value: 34/30 [g=32, 167 evaluated, 123 expanded, t=0.04s]
Best heuristic value: 33/30 [g=33, 168 evaluated, 124 expanded, t=0.04s]
Best heuristic value: 33/29 [g=35, 186 evaluated, 133 expanded, t=0.04s]
Best heuristic value: 33/28 [g=36, 189 evaluated, 135 expanded, t=0.04s]
Best heuristic value: 33/27 [g=37, 197 evaluated, 141 expanded, t=0.04s]
Best heuristic value: 32/27 [g=38, 198 evaluated, 142 expanded, t=0.04s]
Best heuristic value: 31/27 [g=38, 201 evaluated, 145 expanded, t=0.04s]
Best heuristic value: 31/26 [g=41, 212 evaluated, 149 expanded, t=0.04s]
Best heuristic value: 31/25 [g=44, 230 evaluated, 160 expanded, t=0.05s]
Best heuristic value: 30/25 [g=45, 231 evaluated, 161 expanded, t=0.05s]
Best heuristic value: 29/25 [g=46, 251 evaluated, 174 expanded, t=0.05s]
Best heuristic value: 29/24 [g=47, 262 evaluated, 180 expanded, t=0.05s]
Best heuristic value: 28/24 [g=48, 263 evaluated, 181 expanded, t=0.05s]
Best heuristic value: 27/24 [g=48, 268 evaluated, 185 expanded, t=0.05s]
Best heuristic value: 27/23 [g=58, 328 evaluated, 220 expanded, t=0.06s]
Best heuristic value: 26/23 [g=59, 333 evaluated, 225 expanded, t=0.06s]
Best heuristic value: 26/22 [g=64, 370 evaluated, 253 expanded, t=0.06s]
Best heuristic value: 26/21 [g=65, 377 evaluated, 259 expanded, t=0.06s]
Best heuristic value: 25/21 [g=66, 378 evaluated, 260 expanded, t=0.06s]
Best heuristic value: 24/21 [g=66, 381 evaluated, 263 expanded, t=0.06s]
Best heuristic value: 23/21 [g=75, 427 evaluated, 291 expanded, t=0.07s]
Best heuristic value: 22/21 [g=75, 429 evaluated, 293 expanded, t=0.07s]
Best heuristic value: 22/20 [g=81, 442 evaluated, 305 expanded, t=0.07s]
Best heuristic value: 21/20 [g=82, 443 evaluated, 306 expanded, t=0.07s]
Best heuristic value: 19/20 [g=83, 444 evaluated, 307 expanded, t=0.07s]
Best heuristic value: 19/19 [g=84, 450 evaluated, 313 expanded, t=0.07s]
Best heuristic value: 18/19 [g=87, 459 evaluated, 322 expanded, t=0.07s]
Best heuristic value: 17/19 [g=90, 471 evaluated, 327 expanded, t=0.08s]
Best heuristic value: 16/18 [g=94, 492 evaluated, 339 expanded, t=0.08s]
Best heuristic value: 15/18 [g=95, 495 evaluated, 341 expanded, t=0.08s]
Best heuristic value: 14/17 [g=97, 502 evaluated, 344 expanded, t=0.08s]
Best heuristic value: 14/16 [g=98, 505 evaluated, 346 expanded, t=0.08s]
Best heuristic value: 13/16 [g=99, 508 evaluated, 348 expanded, t=0.08s]
Best heuristic value: 12/16 [g=100, 511 evaluated, 349 expanded, t=0.08s]
Best heuristic value: 12/14 [g=101, 515 evaluated, 352 expanded, t=0.08s]
Best heuristic value: 11/14 [g=102, 519 evaluated, 355 expanded, t=0.08s]
Best heuristic value: 10/14 [g=103, 523 evaluated, 358 expanded, t=0.08s]
Best heuristic value: 10/13 [g=104, 525 evaluated, 359 expanded, t=0.08s]
Best heuristic value: 9/13 [g=106, 536 evaluated, 366 expanded, t=0.08s]
Best heuristic value: 9/12 [g=108, 547 evaluated, 371 expanded, t=0.08s]
Best heuristic value: 9/11 [g=109, 549 evaluated, 372 expanded, t=0.08s]
Best heuristic value: 8/11 [g=112, 562 evaluated, 379 expanded, t=0.08s]
Best heuristic value: 7/11 [g=115, 571 evaluated, 385 expanded, t=0.08s]
Best heuristic value: 7/10 [g=120, 588 evaluated, 399 expanded, t=0.09s]
Best heuristic value: 7/9 [g=122, 592 evaluated, 402 expanded, t=0.09s]
Best heuristic value: 6/9 [g=127, 602 evaluated, 409 expanded, t=0.09s]
Best heuristic value: 5/9 [g=128, 604 evaluated, 411 expanded, t=0.09s]
Best heuristic value: 4/8 [g=129, 605 evaluated, 412 expanded, t=0.09s]
Best heuristic value: 4/7 [g=130, 607 evaluated, 414 expanded, t=0.09s]
Best heuristic value: 4/6 [g=131, 608 evaluated, 415 expanded, t=0.09s]
Best heuristic value: 4/5 [g=132, 610 evaluated, 417 expanded, t=0.09s]
Best heuristic value: 3/5 [g=133, 613 evaluated, 420 expanded, t=0.09s]
Best heuristic value: 2/4 [g=134, 615 evaluated, 422 expanded, t=0.09s]
Best heuristic value: 2/3 [g=135, 616 evaluated, 423 expanded, t=0.09s]
Best heuristic value: 2/2 [g=136, 617 evaluated, 424 expanded, t=0.09s]
Best heuristic value: 1/1 [g=137, 618 evaluated, 425 expanded, t=0.09s]
Solution found!
Actual search time: 0.07s [t=0.09s]
slide-base-in b3 carry-in table-in (1)
pickup-component part-a arm tray-a (1)
move-arm arm tray-a table-in (2)
assemble-with-arm part-a attatch-a nothing-done b3 arm table-in (18)
eject-base b3 arm table-in (1)
slide-base-in b1 carry-in table-in (1)
move-arm arm table-in tray-a (2)
move-arm arm tray-a machine-a (4)
set-base b3 arm machine-a (1)
assemble-with-machine b3 machine-a screw-a attatch-a (18)
pickup-component part-a arm tray-a (1)
move-arm arm tray-a table-in (2)
assemble-with-arm part-a attatch-a nothing-done b1 arm table-in (18)
eject-base b1 arm table-in (1)
slide-base-in b2 carry-in table-in (1)
move-arm arm table-in tray-a (2)
move-arm arm tray-a machine-a (4)
move-arm arm machine-a tray-b (1)
move-arm arm tray-b table2 (3)
move-arm arm table2 tray-c (2)
move-arm arm tray-c machine-b (1)
move-arm arm machine-b table-out (1)
set-base b1 arm table-out (1)
eject-base b3 arm machine-a (1)
move-arm arm machine-a tray-b (1)
move-arm arm tray-b table2 (3)
move-arm arm table2 tray-c (2)
move-arm arm tray-c machine-b (1)
set-base b3 arm machine-b (1)
pickup-component part-a arm tray-a (1)
move-arm arm tray-a table-in (2)
assemble-with-arm part-a attatch-a nothing-done b2 arm table-in (18)
eject-base b2 arm table-in (1)
move-arm arm table-in tray-a (2)
move-arm arm tray-a machine-a (4)
set-base b2 arm machine-a (1)
assemble-with-machine b2 machine-a screw-a attatch-a (18)
eject-base b2 arm machine-a (1)
move-arm arm machine-a tray-b (1)
move-arm arm tray-b table2 (3)
set-base b2 arm table2 (1)
pickup-component part-b arm tray-b (1)
move-arm arm tray-b table2 (3)
assemble-with-arm part-b attatch-b screw-a b2 arm table2 (13)
pickup-component part-c arm tray-c (1)
move-arm arm tray-c table2 (2)
assemble-with-arm part-c attatch-c attatch-b b2 arm table2 (28)
eject-base b2 arm table2 (1)
move-arm arm table2 tray-b (3)
move-arm arm tray-b machine-a (1)
set-base b2 arm machine-a (1)
eject-base b3 arm machine-b (1)
move-arm arm machine-b tray-c (1)
move-arm arm tray-c table2 (2)
set-base b3 arm table2 (1)
pickup-component part-b arm tray-b (1)
move-arm arm tray-b table2 (3)
assemble-with-arm part-b attatch-b screw-a b3 arm table2 (13)
eject-base b2 arm machine-a (1)
move-arm arm machine-a tray-b (1)
move-arm arm tray-b table2 (3)
move-arm arm table2 tray-c (2)
move-arm arm tray-c machine-b (1)
set-base b2 arm machine-b (1)
assemble-with-machine b2 machine-b screw-c attatch-c (38)
eject-base b2 arm machine-b (1)
move-arm arm machine-b tray-c (1)
move-arm arm tray-c table2 (2)
move-arm arm table2 tray-b (3)
move-arm arm tray-b machine-a (1)
set-base b2 arm machine-a (1)
eject-base b1 arm table-out (1)
move-arm arm table-out machine-b (1)
set-base b1 arm machine-b (1)
eject-base b2 arm machine-a (1)
move-arm arm machine-a tray-b (1)
move-arm arm tray-b table2 (3)
move-arm arm table2 tray-c (2)
move-arm arm tray-c machine-b (1)
move-arm arm machine-b table-out (1)
set-base b2 arm table-out (1)
eject-base b3 arm table2 (1)
slide-base-out b2 table-out carry-out (1)
move-arm arm table2 tray-c (2)
move-arm arm tray-c machine-b (1)
move-arm arm machine-b table-out (1)
set-base b3 arm table-out (1)
eject-base b1 arm machine-b (1)
move-arm arm machine-b tray-c (1)
move-arm arm tray-c table2 (2)
move-arm arm table2 tray-b (3)
move-arm arm tray-b machine-a (1)
set-base b1 arm machine-a (1)
assemble-with-machine b1 machine-a screw-a attatch-a (18)
eject-base b1 arm machine-a (1)
move-arm arm machine-a tray-b (1)
move-arm arm tray-b table2 (3)
set-base b1 arm table2 (1)
pickup-component part-b arm tray-b (1)
move-arm arm tray-b table2 (3)
assemble-with-arm part-b attatch-b screw-a b1 arm table2 (13)
pickup-component part-c arm tray-c (1)
move-arm arm tray-c table2 (2)
assemble-with-arm part-c attatch-c attatch-b b1 arm table2 (28)
eject-base b1 arm table2 (1)
move-arm arm table2 tray-c (2)
move-arm arm tray-c machine-b (1)
set-base b1 arm machine-b (1)
assemble-with-machine b1 machine-b screw-c attatch-c (38)
eject-base b1 arm machine-b (1)
move-arm arm machine-b tray-c (1)
move-arm arm tray-c table2 (2)
set-base b1 arm table2 (1)
eject-base b3 arm table-out (1)
move-arm arm table-out machine-b (1)
set-base b3 arm machine-b (1)
eject-base b1 arm table2 (1)
move-arm arm table2 tray-c (2)
move-arm arm tray-c machine-b (1)
move-arm arm machine-b table-out (1)
set-base b1 arm table-out (1)
slide-base-out b1 table-out carry-out (1)
eject-base b3 arm machine-b (1)
move-arm arm machine-b tray-c (1)
move-arm arm tray-c table2 (2)
set-base b3 arm table2 (1)
pickup-component part-c arm tray-c (1)
move-arm arm tray-c table2 (2)
assemble-with-arm part-c attatch-c attatch-b b3 arm table2 (28)
eject-base b3 arm table2 (1)
move-arm arm table2 tray-c (2)
move-arm arm tray-c machine-b (1)
set-base b3 arm machine-b (1)
assemble-with-machine b3 machine-b screw-c attatch-c (38)
eject-base b3 arm machine-b (1)
move-arm arm machine-b table-out (1)
set-base b3 arm table-out (1)
slide-base-out b3 table-out carry-out (1)
Plan length: 138 step(s).
Plan cost: 523
Initial state h value: 46/43.
Expanded 426 state(s).
Reopened 0 state(s).
Evaluated 619 state(s).
Evaluations: 1238
Generated 1356 state(s).
Dead ends: 192 state(s).
Best solution cost so far: 523
Solution found - keep searching
Starting search: lazy_greedy(list(hff2, hlm2), preferred = list(hff2, hlm2), reopen_closed = false)
Conducting lazy best first search, (real) bound = 523
Best heuristic value: 423/417 [g=0, 1 evaluated, 0 expanded, t=0.09s]
Best heuristic value: 422/415 [g=1, 3 evaluated, 1 expanded, t=0.09s]
Best heuristic value: 420/415 [g=2, 5 evaluated, 2 expanded, t=0.09s]
Best heuristic value: 419/415 [g=2, 6 evaluated, 3 expanded, t=0.09s]
Best heuristic value: 417/415 [g=6, 7 evaluated, 4 expanded, t=0.09s]
Best heuristic value: 416/415 [g=10, 13 evaluated, 9 expanded, t=0.1s]
Best heuristic value: 415/415 [g=13, 18 evaluated, 13 expanded, t=0.1s]
Best heuristic value: 403/396 [g=22, 28 evaluated, 21 expanded, t=0.1s]
Best heuristic value: 399/396 [g=23, 30 evaluated, 22 expanded, t=0.1s]
Best heuristic value: 398/396 [g=24, 32 evaluated, 24 expanded, t=0.1s]
Best heuristic value: 396/393 [g=30, 35 evaluated, 26 expanded, t=0.1s]
Best heuristic value: 396/390 [g=31, 36 evaluated, 27 expanded, t=0.1s]
Best heuristic value: 377/371 [g=50, 41 evaluated, 31 expanded, t=0.1s]
Best heuristic value: 375/371 [g=51, 43 evaluated, 33 expanded, t=0.1s]
Best heuristic value: 374/371 [g=56, 52 evaluated, 40 expanded, t=0.1s]
Best heuristic value: 373/371 [g=59, 54 evaluated, 42 expanded, t=0.1s]
Best heuristic value: 373/369 [g=60, 55 evaluated, 43 expanded, t=0.1s]
Best heuristic value: 371/369 [g=63, 63 evaluated, 48 expanded, t=0.1s]
Best heuristic value: 371/368 [g=69, 70 evaluated, 52 expanded, t=0.1s]
Best heuristic value: 371/365 [g=70, 72 evaluated, 53 expanded, t=0.1s]
Best heuristic value: 370/365 [g=75, 85 evaluated, 61 expanded, t=0.1s]
Best heuristic value: 354/346 [g=91, 96 evaluated, 68 expanded, t=0.1s]
Best heuristic value: 352/346 [g=92, 99 evaluated, 69 expanded, t=0.1s]
Best heuristic value: 351/346 [g=92, 101 evaluated, 70 expanded, t=0.1s]
Best heuristic value: 351/345 [g=97, 123 evaluated, 85 expanded, t=0.11s]
Best heuristic value: 350/345 [g=100, 133 evaluated, 93 expanded, t=0.11s]
Best heuristic value: 340/331 [g=114, 163 evaluated, 113 expanded, t=0.11s]
Best heuristic value: 339/331 [g=115, 164 evaluated, 114 expanded, t=0.11s]
Best heuristic value: 337/331 [g=116, 165 evaluated, 115 expanded, t=0.11s]
Best heuristic value: 336/331 [g=117, 173 evaluated, 123 expanded, t=0.11s]
Best heuristic value: 311/302 [g=145, 175 evaluated, 125 expanded, t=0.11s]
Best heuristic value: 310/302 [g=146, 176 evaluated, 126 expanded, t=0.11s]
Best heuristic value: 308/302 [g=147, 177 evaluated, 127 expanded, t=0.11s]
Best heuristic value: 306/302 [g=146, 178 evaluated, 128 expanded, t=0.11s]
Best heuristic value: 306/301 [g=150, 186 evaluated, 136 expanded, t=0.12s]
Best heuristic value: 305/301 [g=152, 192 evaluated, 140 expanded, t=0.12s]
Best heuristic value: 266/265 [g=189, 198 evaluated, 144 expanded, t=0.12s]
Best heuristic value: 266/262 [g=190, 199 evaluated, 145 expanded, t=0.12s]
Best heuristic value: 266/260 [g=192, 202 evaluated, 148 expanded, t=0.12s]
Best heuristic value: 263/258 [g=194, 205 evaluated, 151 expanded, t=0.12s]
Best heuristic value: 261/258 [g=195, 207 evaluated, 152 expanded, t=0.12s]
Best heuristic value: 259/258 [g=195, 208 evaluated, 153 expanded, t=0.12s]
Best heuristic value: 259/257 [g=200, 229 evaluated, 171 expanded, t=0.12s]
Best heuristic value: 247/239 [g=206, 2648 evaluated, 1795 expanded, t=0.42s]
Best heuristic value: 243/239 [g=207, 2650 evaluated, 1796 expanded, t=0.42s]
Best heuristic value: 242/239 [g=210, 2663 evaluated, 1803 expanded, t=0.42s]
Best heuristic value: 242/238 [g=211, 2665 evaluated, 1804 expanded, t=0.42s]
Best heuristic value: 224/218 [g=227, 2705 evaluated, 1832 expanded, t=0.42s]
Best heuristic value: 220/218 [g=228, 2707 evaluated, 1833 expanded, t=0.42s]
Best heuristic value: 219/218 [g=231, 2719 evaluated, 1839 expanded, t=0.43s]
Best heuristic value: 219/217 [g=232, 2721 evaluated, 1840 expanded, t=0.43s]
Best heuristic value: 210/203 [g=259, 2784 evaluated, 1885 expanded, t=0.44s]
Best heuristic value: 209/203 [g=260, 2785 evaluated, 1886 expanded, t=0.44s]
Best heuristic value: 207/203 [g=261, 2786 evaluated, 1887 expanded, t=0.44s]
Best heuristic value: 206/203 [g=260, 2790 evaluated, 1891 expanded, t=0.44s]
Best heuristic value: 181/174 [g=290, 2795 evaluated, 1896 expanded, t=0.44s]
Best heuristic value: 180/174 [g=291, 2796 evaluated, 1897 expanded, t=0.44s]
Best heuristic value: 178/174 [g=292, 2797 evaluated, 1898 expanded, t=0.44s]
Best heuristic value: 176/174 [g=291, 2798 evaluated, 1899 expanded, t=0.44s]
Best heuristic value: 176/173 [g=295, 2805 evaluated, 1906 expanded, t=0.44s]
Best heuristic value: 138/134 [g=333, 2811 evaluated, 1910 expanded, t=0.44s]
Best heuristic value: 136/134 [g=334, 2812 evaluated, 1911 expanded, t=0.44s]
Best heuristic value: 136/132 [g=335, 2813 evaluated, 1912 expanded, t=0.44s]
Best heuristic value: 133/130 [g=337, 2816 evaluated, 1915 expanded, t=0.44s]
Best heuristic value: 131/130 [g=338, 2818 evaluated, 1916 expanded, t=0.44s]
Best heuristic value: 129/130 [g=338, 2819 evaluated, 1917 expanded, t=0.44s]
Best heuristic value: 128/130 [g=342, 2823 evaluated, 1919 expanded, t=0.44s]
Best heuristic value: 128/129 [g=343, 2827 evaluated, 1923 expanded, t=0.44s]
Best heuristic value: 128/128 [g=346, 2833 evaluated, 1929 expanded, t=0.44s]
Best heuristic value: 127/128 [g=348, 2836 evaluated, 1931 expanded, t=0.44s]
Best heuristic value: 124/126 [g=349, 2838 evaluated, 1932 expanded, t=0.44s]
Best heuristic value: 122/125 [g=355, 38898 evaluated, 27385 expanded, t=5.17s]
Best heuristic value: 122/122 [g=356, 38899 evaluated, 27386 expanded, t=5.17s]
Best heuristic value: 103/103 [g=374, 38902 evaluated, 27388 expanded, t=5.17s]
Best heuristic value: 101/103 [g=375, 38904 evaluated, 27389 expanded, t=5.17s]
Best heuristic value: 98/101 [g=379, 38907 evaluated, 27391 expanded, t=5.17s]
Best heuristic value: 98/98 [g=380, 38909 evaluated, 27393 expanded, t=5.17s]
Best heuristic value: 96/98 [g=384, 38918 evaluated, 27399 expanded, t=5.17s]
Best heuristic value: 85/82 [g=397, 38921 evaluated, 27401 expanded, t=5.17s]
Best heuristic value: 83/82 [g=398, 38922 evaluated, 27402 expanded, t=5.17s]
Best heuristic value: 81/82 [g=399, 38923 evaluated, 27403 expanded, t=5.17s]
Best heuristic value: 80/82 [g=400, 38926 evaluated, 27406 expanded, t=5.17s]
Best heuristic value: 51/53 [g=428, 38927 evaluated, 27407 expanded, t=5.17s]
Best heuristic value: 49/52 [g=429, 38929 evaluated, 27409 expanded, t=5.17s]
Best heuristic value: 49/49 [g=431, 38930 evaluated, 27410 expanded, t=5.17s]
Best heuristic value: 47/47 [g=432, 38931 evaluated, 27411 expanded, t=5.17s]
Best heuristic value: 8/8 [g=471, 38934 evaluated, 27414 expanded, t=5.17s]
Best heuristic value: 6/6 [g=472, 38935 evaluated, 27415 expanded, t=5.17s]
Best heuristic value: 4/4 [g=473, 38936 evaluated, 27416 expanded, t=5.17s]
Best heuristic value: 2/2 [g=474, 38937 evaluated, 27417 expanded, t=5.17s]
Solution found!
Actual search time: 5.08s [t=5.17s]
slide-base-in b3 carry-in table-in (1)
pickup-component part-a arm tray-a (1)
move-arm arm tray-a table-in (2)
assemble-with-arm part-a attatch-a nothing-done b3 arm table-in (18)
eject-base b3 arm table-in (1)
slide-base-in b1 carry-in table-in (1)
move-arm arm table-in tray-a (2)
move-arm arm tray-a machine-a (4)
set-base b3 arm machine-a (1)
eject-base b1 arm table-in (1)
assemble-with-machine b3 machine-a screw-a attatch-a (18)
set-base b1 arm table-in (1)
eject-base b3 arm machine-a (1)
move-arm arm machine-a tray-b (1)
move-arm arm tray-b table2 (3)
move-arm arm table2 tray-c (2)
move-arm arm tray-c machine-b (1)
move-arm arm machine-b table-out (1)
set-base b3 arm table-out (1)
pickup-component part-a arm tray-a (1)
move-arm arm tray-a table-in (2)
assemble-with-arm part-a attatch-a nothing-done b1 arm table-in (18)
eject-base b1 arm table-in (1)
slide-base-in b2 carry-in table-in (1)
move-arm arm table-in tray-a (2)
move-arm arm tray-a machine-a (4)
set-base b1 arm machine-a (1)
assemble-with-machine b1 machine-a screw-a attatch-a (18)
eject-base b1 arm machine-a (1)
move-arm arm machine-a tray-b (1)
move-arm arm tray-b table2 (3)
set-base b1 arm table2 (1)
pickup-component part-b arm tray-b (1)
move-arm arm tray-b table2 (3)
assemble-with-arm part-b attatch-b screw-a b1 arm table2 (13)
pickup-component part-c arm tray-c (1)
move-arm arm tray-c table2 (2)
assemble-with-arm part-c attatch-c attatch-b b1 arm table2 (28)
eject-base b1 arm table2 (1)
move-arm arm table2 tray-c (2)
move-arm arm tray-c machine-b (1)
set-base b1 arm machine-b (1)
assemble-with-machine b1 machine-b screw-c attatch-c (38)
pickup-component part-a arm tray-a (1)
move-arm arm tray-a table-in (2)
assemble-with-arm part-a attatch-a nothing-done b2 arm table-in (18)
eject-base b1 arm machine-b (1)
move-arm arm machine-b tray-c (1)
move-arm arm tray-c table2 (2)
move-arm arm table2 tray-b (3)
move-arm arm tray-b machine-a (1)
set-base b1 arm machine-a (1)
eject-base b3 arm table-out (1)
move-arm arm table-out machine-b (1)
move-arm arm machine-b tray-c (1)
move-arm arm tray-c table2 (2)
set-base b3 arm table2 (1)
pickup-component part-b arm tray-b (1)
move-arm arm tray-b table2 (3)
assemble-with-arm part-b attatch-b screw-a b3 arm table2 (13)
pickup-component part-c arm tray-c (1)
move-arm arm tray-c table2 (2)
assemble-with-arm part-c attatch-c attatch-b b3 arm table2 (28)
eject-base b3 arm table2 (1)
move-arm arm table2 tray-c (2)
move-arm arm tray-c machine-b (1)
set-base b3 arm machine-b (1)
assemble-with-machine b3 machine-b screw-c attatch-c (38)
eject-base b3 arm machine-b (1)
move-arm arm machine-b table-out (1)
set-base b3 arm table-out (1)
slide-base-out b3 table-out carry-out (1)
eject-base b1 arm machine-a (1)
move-arm arm machine-a tray-b (1)
move-arm arm tray-b table2 (3)
move-arm arm table2 tray-c (2)
move-arm arm tray-c machine-b (1)
move-arm arm machine-b table-out (1)
set-base b1 arm table-out (1)
eject-base b2 arm table-in (1)
slide-base-out b1 table-out carry-out (1)
move-arm arm table-in tray-a (2)
move-arm arm tray-a machine-a (4)
set-base b2 arm machine-a (1)
assemble-with-machine b2 machine-a screw-a attatch-a (18)
eject-base b2 arm machine-a (1)
move-arm arm machine-a tray-b (1)
move-arm arm tray-b table2 (3)
set-base b2 arm table2 (1)
pickup-component part-b arm tray-b (1)
move-arm arm tray-b table2 (3)
assemble-with-arm part-b attatch-b screw-a b2 arm table2 (13)
pickup-component part-c arm tray-c (1)
move-arm arm tray-c table2 (2)
assemble-with-arm part-c attatch-c attatch-b b2 arm table2 (28)
eject-base b2 arm table2 (1)
move-arm arm table2 tray-c (2)
move-arm arm tray-c machine-b (1)
set-base b2 arm machine-b (1)
assemble-with-machine b2 machine-b screw-c attatch-c (38)
eject-base b2 arm machine-b (1)
move-arm arm machine-b table-out (1)
set-base b2 arm table-out (1)
slide-base-out b2 table-out carry-out (1)
Plan length: 104 step(s).
Plan cost: 475
Initial state h value: 423/417.
Expanded 27418 state(s).
Reopened 0 state(s).
Evaluated 38938 state(s).
Evaluations: 77876
Generated 76615 state(s).
Dead ends: 11519 state(s).
Best solution cost so far: 475
Solution found - keep searching
Starting search: lazy_wastar(list(hff2, hlm2), preferred = list(hff2, hlm2), w = 5)
Conducting lazy best first search, (real) bound = 475
Best heuristic value: 423/417 [g=0, 1 evaluated, 0 expanded, t=5.17s]
Best heuristic value: 422/415 [g=1, 3 evaluated, 1 expanded, t=5.17s]
Best heuristic value: 420/415 [g=2, 5 evaluated, 2 expanded, t=5.17s]
Best heuristic value: 419/415 [g=2, 6 evaluated, 3 expanded, t=5.17s]
Best heuristic value: 417/415 [g=6, 9 evaluated, 5 expanded, t=5.17s]
Best heuristic value: 417/414 [g=9, 41 evaluated, 32 expanded, t=5.17s]
Best heuristic value: 417/411 [g=10, 42 evaluated, 33 expanded, t=5.18s]
Best heuristic value: 415/411 [g=12, 47 evaluated, 37 expanded, t=5.18s]
Best heuristic value: 415/410 [g=14, 52 evaluated, 41 expanded, t=5.18s]
Best heuristic value: 413/410 [g=19, 66 evaluated, 53 expanded, t=5.18s]
Best heuristic value: 413/407 [g=26, 82 evaluated, 61 expanded, t=5.18s]
Best heuristic value: 412/407 [g=29, 92 evaluated, 69 expanded, t=5.18s]
Best heuristic value: 412/406 [g=31, 116 evaluated, 84 expanded, 5 reopened, t=5.18s]
Best heuristic value: 411/406 [g=35, 907 evaluated, 628 expanded, 95 reopened, t=5.28s]
Best heuristic value: 396/388 [g=47, 1085 evaluated, 782 expanded, 123 reopened, t=5.3s]
Best heuristic value: 394/388 [g=48, 1086 evaluated, 783 expanded, 123 reopened, t=5.3s]
Best heuristic value: 393/388 [g=48, 1089 evaluated, 786 expanded, 123 reopened, t=5.3s]
Best heuristic value: 393/387 [g=52, 1110 evaluated, 799 expanded, 123 reopened, t=5.3s]
Best heuristic value: 392/387 [g=56, 1141 evaluated, 818 expanded, 123 reopened, t=5.31s]
Best heuristic value: 392/386 [g=48, 2153 evaluated, 1572 expanded, 429 reopened, t=5.44s]
Best heuristic value: 391/386 [g=51, 2170 evaluated, 1582 expanded, 429 reopened, t=5.44s]
Best heuristic value: 391/385 [g=54, 2178 evaluated, 1588 expanded, 429 reopened, t=5.44s]
Best heuristic value: 375/367 [g=66, 2187 evaluated, 1593 expanded, 429 reopened, t=5.44s]
Best heuristic value: 371/367 [g=67, 2190 evaluated, 1594 expanded, 429 reopened, t=5.44s]
Best heuristic value: 370/367 [g=71, 2206 evaluated, 1604 expanded, 429 reopened, t=5.45s]
Best heuristic value: 370/364 [g=72, 2210 evaluated, 1607 expanded, 429 reopened, t=5.45s]
Best heuristic value: 369/364 [g=76, 2233 evaluated, 1622 expanded, 429 reopened, t=5.45s]
Best heuristic value: 359/350 [g=89, 2236 evaluated, 1624 expanded, 429 reopened, t=5.45s]
Best heuristic value: 358/350 [g=90, 2238 evaluated, 1625 expanded, 429 reopened, t=5.45s]
Best heuristic value: 356/350 [g=90, 2240 evaluated, 1626 expanded, 429 reopened, t=5.45s]
Best heuristic value: 355/350 [g=92, 2280 evaluated, 1652 expanded, 429 reopened, t=5.46s]
Best heuristic value: 354/350 [g=104, 2354 evaluated, 1701 expanded, 430 reopened, t=5.47s]
Best heuristic value: 340/331 [g=110, 2424 evaluated, 1744 expanded, 430 reopened, t=5.48s]
Best heuristic value: 339/331 [g=111, 2426 evaluated, 1745 expanded, 430 reopened, t=5.48s]
Best heuristic value: 337/331 [g=111, 2428 evaluated, 1746 expanded, 430 reopened, t=5.48s]
Best heuristic value: 336/331 [g=113, 2468 evaluated, 1772 expanded, 430 reopened, t=5.48s]
Best heuristic value: 335/331 [g=125, 2542 evaluated, 1821 expanded, 431 reopened, t=5.49s]
Best heuristic value: 311/302 [g=141, 2636 evaluated, 1878 expanded, 431 reopened, t=5.5s]
Best heuristic value: 310/302 [g=142, 2638 evaluated, 1879 expanded, 431 reopened, t=5.51s]
Best heuristic value: 306/302 [g=142, 2640 evaluated, 1880 expanded, 431 reopened, t=5.51s]
Best heuristic value: 306/301 [g=146, 2659 evaluated, 1895 expanded, 431 reopened, t=5.51s]
Best heuristic value: 305/301 [g=147, 2663 evaluated, 1898 expanded, 431 reopened, t=5.51s]
Best heuristic value: 270/262 [g=184, 2723 evaluated, 1932 expanded, 432 reopened, t=5.52s]
Best heuristic value: 266/262 [g=185, 2725 evaluated, 1933 expanded, 432 reopened, t=5.52s]
Best heuristic value: 265/262 [g=188, 2739 evaluated, 1941 expanded, 432 reopened, t=5.52s]
Best heuristic value: 265/261 [g=189, 2741 evaluated, 1942 expanded, 432 reopened, t=5.52s]
Best heuristic value: 265/259 [g=192, 2815 evaluated, 1990 expanded, 432 reopened, t=5.53s]
Best heuristic value: 263/259 [g=194, 2817 evaluated, 1992 expanded, 432 reopened, t=5.53s]
Best heuristic value: 260/259 [g=195, 2818 evaluated, 1993 expanded, 432 reopened, t=5.53s]
Best heuristic value: 260/257 [g=196, 2820 evaluated, 1994 expanded, 432 reopened, t=5.53s]
Best heuristic value: 259/257 [g=197, 2824 evaluated, 1997 expanded, 432 reopened, t=5.53s]
Best heuristic value: 259/256 [g=193, 27404 evaluated, 20663 expanded, 6984 reopened, t=9.03s]
Best heuristic value: 258/256 [g=191, 27406 evaluated, 20665 expanded, 6984 reopened, t=9.03s]
Best heuristic value: 239/240 [g=213, 27434 evaluated, 20679 expanded, 6984 reopened, t=9.03s]
Best heuristic value: 239/237 [g=214, 27435 evaluated, 20680 expanded, 6984 reopened, t=9.03s]
Best heuristic value: 238/237 [g=215, 27441 evaluated, 20684 expanded, 6984 reopened, t=9.04s]
Best heuristic value: 237/237 [g=222, 27450 evaluated, 20689 expanded, 6984 reopened, t=9.04s]
Best heuristic value: 237/235 [g=223, 27451 evaluated, 20690 expanded, 6984 reopened, t=9.04s]
Best heuristic value: 236/235 [g=225, 27458 evaluated, 20695 expanded, 6984 reopened, t=9.04s]
Best heuristic value: 235/235 [g=227, 27460 evaluated, 20697 expanded, 6984 reopened, t=9.04s]
Best heuristic value: 226/221 [g=240, 27464 evaluated, 20700 expanded, 6984 reopened, t=9.04s]
Best heuristic value: 223/221 [g=241, 27466 evaluated, 20701 expanded, 6984 reopened, t=9.04s]
Best heuristic value: 222/221 [g=242, 27473 evaluated, 20708 expanded, 6984 reopened, t=9.04s]
Best heuristic value: 221/221 [g=243, 27487 evaluated, 20718 expanded, 6984 reopened, t=9.04s]
Best heuristic value: 220/221 [g=253, 27544 evaluated, 20751 expanded, 6985 reopened, t=9.05s]
Best heuristic value: 219/221 [g=257, 27552 evaluated, 20756 expanded, 6985 reopened, t=9.05s]
Best heuristic value: 216/221 [g=258, 27554 evaluated, 20757 expanded, 6985 reopened, t=9.05s]
Best heuristic value: 215/221 [g=261, 27569 evaluated, 20765 expanded, 6985 reopened, t=9.05s]
Best heuristic value: 214/221 [g=266, 27582 evaluated, 20772 expanded, 6985 reopened, t=9.06s]
Best heuristic value: 190/192 [g=294, 27614 evaluated, 20793 expanded, 6985 reopened, t=9.06s]
Best heuristic value: 188/192 [g=295, 27615 evaluated, 20794 expanded, 6985 reopened, t=9.06s]
Best heuristic value: 185/192 [g=297, 27618 evaluated, 20797 expanded, 6985 reopened, t=9.06s]
Best heuristic value: 185/191 [g=299, 27626 evaluated, 20804 expanded, 6985 reopened, t=9.07s]
Best heuristic value: 184/191 [g=300, 27635 evaluated, 20810 expanded, 6985 reopened, t=9.07s]
Best heuristic value: 183/191 [g=305, 27645 evaluated, 20814 expanded, 6985 reopened, t=9.07s]
Best heuristic value: 183/190 [g=306, 27646 evaluated, 20815 expanded, 6985 reopened, t=9.07s]
Best heuristic value: 149/152 [g=337, 27679 evaluated, 20833 expanded, 6988 reopened, t=9.07s]
Best heuristic value: 147/152 [g=338, 27680 evaluated, 20834 expanded, 6988 reopened, t=9.07s]
Best heuristic value: 145/150 [g=339, 27684 evaluated, 20837 expanded, 6988 reopened, t=9.07s]
Best heuristic value: 143/150 [g=340, 27685 evaluated, 20838 expanded, 6988 reopened, t=9.07s]
Best heuristic value: 141/148 [g=341, 27690 evaluated, 20840 expanded, 6988 reopened, t=9.07s]
Best heuristic value: 140/148 [g=346, 27698 evaluated, 20843 expanded, 6988 reopened, t=9.07s]
Best heuristic value: 140/147 [g=347, 27699 evaluated, 20844 expanded, 6988 reopened, t=9.07s]
Best heuristic value: 131/130 [g=330, 29689 evaluated, 22448 expanded, 7864 reopened, t=9.36s]
Best heuristic value: 129/130 [g=331, 29690 evaluated, 22449 expanded, 7864 reopened, t=9.36s]
Best heuristic value: 129/128 [g=332, 29691 evaluated, 22450 expanded, 7864 reopened, t=9.36s]
Best heuristic value: 126/126 [g=334, 29694 evaluated, 22453 expanded, 7864 reopened, t=9.36s]
Best heuristic value: 124/126 [g=335, 29696 evaluated, 22454 expanded, 7864 reopened, t=9.36s]
Best heuristic value: 122/125 [g=337, 44266 evaluated, 35115 expanded, 14955 reopened, t=11.54s]
Best heuristic value: 122/122 [g=338, 44267 evaluated, 35116 expanded, 14955 reopened, t=11.54s]
Best heuristic value: 103/103 [g=356, 44271 evaluated, 35118 expanded, 14955 reopened, t=11.54s]
Best heuristic value: 101/103 [g=357, 44273 evaluated, 35119 expanded, 14955 reopened, t=11.54s]
Best heuristic value: 98/101 [g=361, 44276 evaluated, 35121 expanded, 14955 reopened, t=11.54s]
Best heuristic value: 98/98 [g=362, 44277 evaluated, 35122 expanded, 14955 reopened, t=11.54s]
Best heuristic value: 96/98 [g=366, 44281 evaluated, 35125 expanded, 14955 reopened, t=11.54s]
Best heuristic value: 85/82 [g=379, 44285 evaluated, 35129 expanded, 14955 reopened, t=11.54s]
Best heuristic value: 83/82 [g=380, 44286 evaluated, 35130 expanded, 14955 reopened, t=11.54s]
Best heuristic value: 81/82 [g=381, 44287 evaluated, 35131 expanded, 14955 reopened, t=11.54s]
Best heuristic value: 80/82 [g=382, 44290 evaluated, 35134 expanded, 14955 reopened, t=11.54s]
Best heuristic value: 51/53 [g=410, 44299 evaluated, 35140 expanded, 14955 reopened, t=11.54s]
Best heuristic value: 49/52 [g=411, 44301 evaluated, 35142 expanded, 14955 reopened, t=11.55s]
Best heuristic value: 49/49 [g=413, 44302 evaluated, 35143 expanded, 14955 reopened, t=11.55s]
Best heuristic value: 47/47 [g=414, 44303 evaluated, 35144 expanded, 14955 reopened, t=11.55s]
Best heuristic value: 8/8 [g=453, 44310 evaluated, 35149 expanded, 14955 reopened, t=11.55s]
Best heuristic value: 6/6 [g=454, 44311 evaluated, 35150 expanded, 14955 reopened, t=11.55s]
Best heuristic value: 4/4 [g=455, 44312 evaluated, 35151 expanded, 14955 reopened, t=11.55s]
Best heuristic value: 2/2 [g=456, 44313 evaluated, 35152 expanded, 14955 reopened, t=11.55s]
Solution found!
Actual search time: 6.38s [t=11.55s]
slide-base-in b3 carry-in table-in (1)
pickup-component part-a arm tray-a (1)
move-arm arm tray-a table-in (2)
assemble-with-arm part-a attatch-a nothing-done b3 arm table-in (18)
eject-base b3 arm table-in (1)
slide-base-in b1 carry-in table-in (1)
move-arm arm table-in tray-a (2)
move-arm arm tray-a machine-a (4)
set-base b3 arm machine-a (1)
assemble-with-machine b3 machine-a screw-a attatch-a (18)
eject-base b3 arm machine-a (1)
move-arm arm machine-a tray-b (1)
move-arm arm tray-b table2 (3)
set-base b3 arm table2 (1)
pickup-component part-b arm tray-b (1)
move-arm arm tray-b table2 (3)
assemble-with-arm part-b attatch-b screw-a b3 arm table2 (13)
eject-base b3 arm table2 (1)
move-arm arm table2 tray-c (2)
move-arm arm tray-c machine-b (1)
set-base b3 arm machine-b (1)
pickup-component part-a arm tray-a (1)
move-arm arm tray-a table-in (2)
assemble-with-arm part-a attatch-a nothing-done b1 arm table-in (18)
eject-base b1 arm table-in (1)
slide-base-in b2 carry-in table-in (1)
move-arm arm table-in tray-a (2)
move-arm arm tray-a machine-a (4)
set-base b1 arm machine-a (1)
assemble-with-machine b1 machine-a screw-a attatch-a (18)
pickup-component part-a arm tray-a (1)
move-arm arm tray-a table-in (2)
assemble-with-arm part-a attatch-a nothing-done b2 arm table-in (18)
eject-base b3 arm machine-b (1)
move-arm arm machine-b tray-c (1)
move-arm arm tray-c table2 (2)
set-base b3 arm table2 (1)
pickup-component part-c arm tray-c (1)
move-arm arm tray-c table2 (2)
assemble-with-arm part-c attatch-c attatch-b b3 arm table2 (28)
eject-base b3 arm table2 (1)
move-arm arm table2 tray-c (2)
move-arm arm tray-c machine-b (1)
set-base b3 arm machine-b (1)
eject-base b1 arm machine-a (1)
move-arm arm machine-a tray-b (1)
move-arm arm tray-b table2 (3)
set-base b1 arm table2 (1)
assemble-with-machine b3 machine-b screw-c attatch-c (38)
eject-base b3 arm machine-b (1)
move-arm arm machine-b table-out (1)
set-base b3 arm table-out (1)
slide-base-out b3 table-out carry-out (1)
pickup-component part-b arm tray-b (1)
move-arm arm tray-b table2 (3)
assemble-with-arm part-b attatch-b screw-a b1 arm table2 (13)
pickup-component part-c arm tray-c (1)
move-arm arm tray-c table2 (2)
assemble-with-arm part-c attatch-c attatch-b b1 arm table2 (28)
eject-base b1 arm table2 (1)
move-arm arm table2 tray-c (2)
move-arm arm tray-c machine-b (1)
set-base b1 arm machine-b (1)
assemble-with-machine b1 machine-b screw-c attatch-c (38)
eject-base b1 arm machine-b (1)
move-arm arm machine-b table-out (1)
set-base b1 arm table-out (1)
eject-base b2 arm table-in (1)
slide-base-out b1 table-out carry-out (1)
move-arm arm table-in tray-a (2)
move-arm arm tray-a machine-a (4)
set-base b2 arm machine-a (1)
assemble-with-machine b2 machine-a screw-a attatch-a (18)
eject-base b2 arm machine-a (1)
move-arm arm machine-a tray-b (1)
move-arm arm tray-b table2 (3)
set-base b2 arm table2 (1)
pickup-component part-b arm tray-b (1)
move-arm arm tray-b table2 (3)
assemble-with-arm part-b attatch-b screw-a b2 arm table2 (13)
pickup-component part-c arm tray-c (1)
move-arm arm tray-c table2 (2)
assemble-with-arm part-c attatch-c attatch-b b2 arm table2 (28)
eject-base b2 arm table2 (1)
move-arm arm table2 tray-c (2)
move-arm arm tray-c machine-b (1)
set-base b2 arm machine-b (1)
assemble-with-machine b2 machine-b screw-c attatch-c (38)
eject-base b2 arm machine-b (1)
move-arm arm machine-b table-out (1)
set-base b2 arm table-out (1)
slide-base-out b2 table-out carry-out (1)
Plan length: 92 step(s).
Plan cost: 457
Initial state h value: 423/417.
Expanded 35153 state(s).
Reopened 14955 state(s).
Evaluated 44314 state(s).
Evaluations: 88628
Generated 96549 state(s).
Dead ends: 9160 state(s).
Best solution cost so far: 457
Solution found - keep searching
Starting search: lazy_wastar(list(hff2, hlm2), preferred = list(hff2, hlm2), w = 3)
Conducting lazy best first search, (real) bound = 457
Best heuristic value: 423/417 [g=0, 1 evaluated, 0 expanded, t=11.55s]
Best heuristic value: 422/415 [g=1, 3 evaluated, 1 expanded, t=11.55s]
Best heuristic value: 420/415 [g=2, 5 evaluated, 2 expanded, t=11.55s]
Best heuristic value: 419/415 [g=2, 6 evaluated, 3 expanded, t=11.55s]
Best heuristic value: 417/415 [g=6, 14 evaluated, 10 expanded, t=11.55s]
Best heuristic value: 417/414 [g=9, 42 evaluated, 33 expanded, t=11.55s]
Best heuristic value: 417/411 [g=10, 43 evaluated, 34 expanded, t=11.55s]
Best heuristic value: 415/411 [g=12, 48 evaluated, 38 expanded, t=11.55s]
Best heuristic value: 415/410 [g=14, 52 evaluated, 41 expanded, t=11.55s]
Best heuristic value: 413/410 [g=19, 71 evaluated, 55 expanded, t=11.55s]
Best heuristic value: 413/406 [g=22, 287 evaluated, 210 expanded, t=11.58s]
Best heuristic value: 412/406 [g=33, 328 evaluated, 233 expanded, t=11.58s]
Best heuristic value: 411/406 [g=35, 1118 evaluated, 827 expanded, 164 reopened, t=11.68s]
Best heuristic value: 403/396 [g=22, 1189 evaluated, 887 expanded, 164 reopened, t=11.69s]
Best heuristic value: 399/396 [g=23, 1191 evaluated, 888 expanded, 164 reopened, t=11.69s]
Best heuristic value: 398/396 [g=24, 1193 evaluated, 890 expanded, 164 reopened, t=11.69s]
Best heuristic value: 396/393 [g=30, 1198 evaluated, 894 expanded, 164 reopened, t=11.69s]
Best heuristic value: 396/390 [g=31, 1199 evaluated, 895 expanded, 164 reopened, t=11.69s]
Best heuristic value: 394/390 [g=33, 1209 evaluated, 902 expanded, 164 reopened, t=11.69s]
Best heuristic value: 394/389 [g=35, 1220 evaluated, 912 expanded, 164 reopened, t=11.69s]
Best heuristic value: 392/389 [g=40, 1234 evaluated, 924 expanded, 164 reopened, t=11.69s]
Best heuristic value: 379/371 [g=49, 1283 evaluated, 953 expanded, 164 reopened, t=11.7s]
Best heuristic value: 375/371 [g=50, 1285 evaluated, 954 expanded, 164 reopened, t=11.7s]
Best heuristic value: 374/371 [g=54, 1292 evaluated, 960 expanded, 164 reopened, t=11.7s]
Best heuristic value: 374/368 [g=55, 1293 evaluated, 961 expanded, 164 reopened, t=11.7s]
Best heuristic value: 373/368 [g=57, 1297 evaluated, 964 expanded, 164 reopened, t=11.7s]
Best heuristic value: 371/368 [g=60, 1307 evaluated, 974 expanded, 164 reopened, t=11.7s]
Best heuristic value: 371/364 [g=63, 1325 evaluated, 982 expanded, 164 reopened, t=11.7s]
Best heuristic value: 370/364 [g=70, 1369 evaluated, 1017 expanded, 172 reopened, t=11.71s]
Best heuristic value: 363/354 [g=72, 1523 evaluated, 1124 expanded, 184 reopened, t=11.73s]
Best heuristic value: 360/354 [g=73, 1524 evaluated, 1125 expanded, 184 reopened, t=11.73s]
Best heuristic value: 358/354 [g=74, 1525 evaluated, 1126 expanded, 184 reopened, t=11.73s]
Best heuristic value: 357/354 [g=79, 1546 evaluated, 1144 expanded, 184 reopened, t=11.73s]
Best heuristic value: 357/350 [g=80, 1559 evaluated, 1153 expanded, 184 reopened, t=11.74s]
Best heuristic value: 356/350 [g=83, 1562 evaluated, 1156 expanded, 184 reopened, t=11.74s]
Best heuristic value: 355/350 [g=95, 1761 evaluated, 1301 expanded, 199 reopened, t=11.76s]
Best heuristic value: 342/336 [g=98, 1789 evaluated, 1320 expanded, 200 reopened, t=11.77s]
Best heuristic value: 340/336 [g=99, 1790 evaluated, 1321 expanded, 200 reopened, t=11.77s]
Best heuristic value: 338/336 [g=99, 1792 evaluated, 1323 expanded, 200 reopened, t=11.77s]
Best heuristic value: 336/336 [g=100, 1794 evaluated, 1324 expanded, 200 reopened, t=11.77s]
Best heuristic value: 336/333 [g=106, 1800 evaluated, 1329 expanded, 200 reopened, t=11.77s]
Best heuristic value: 336/330 [g=107, 1801 evaluated, 1330 expanded, 200 reopened, t=11.77s]
Best heuristic value: 335/330 [g=110, 1812 evaluated, 1338 expanded, 200 reopened, t=11.77s]
Best heuristic value: 335/329 [g=112, 1824 evaluated, 1346 expanded, 200 reopened, t=11.77s]
Best heuristic value: 333/329 [g=117, 1851 evaluated, 1364 expanded, 200 reopened, t=11.77s]
Best heuristic value: 319/311 [g=125, 1873 evaluated, 1376 expanded, 204 reopened, t=11.78s]
Best heuristic value: 317/311 [g=126, 1874 evaluated, 1377 expanded, 204 reopened, t=11.78s]
Best heuristic value: 315/311 [g=126, 1876 evaluated, 1379 expanded, 204 reopened, t=11.78s]
Best heuristic value: 313/311 [g=129, 1886 evaluated, 1385 expanded, 204 reopened, t=11.78s]
Best heuristic value: 312/311 [g=133, 1894 evaluated, 1389 expanded, 204 reopened, t=11.78s]
Best heuristic value: 312/308 [g=134, 1896 evaluated, 1390 expanded, 204 reopened, t=11.78s]
Best heuristic value: 311/308 [g=138, 1929 evaluated, 1413 expanded, 204 reopened, t=11.78s]
Best heuristic value: 301/294 [g=151, 2007 evaluated, 1468 expanded, 211 reopened, t=11.8s]
Best heuristic value: 300/294 [g=152, 2009 evaluated, 1469 expanded, 211 reopened, t=11.8s]
Best heuristic value: 298/294 [g=152, 2011 evaluated, 1470 expanded, 211 reopened, t=11.8s]
Best heuristic value: 297/294 [g=154, 2036 evaluated, 1488 expanded, 211 reopened, t=11.8s]
Best heuristic value: 278/273 [g=172, 2190 evaluated, 1588 expanded, 212 reopened, t=11.82s]
Best heuristic value: 277/273 [g=173, 2192 evaluated, 1589 expanded, 212 reopened, t=11.82s]
Best heuristic value: 275/273 [g=173, 2194 evaluated, 1590 expanded, 212 reopened, t=11.82s]
Best heuristic value: 274/273 [g=175, 2215 evaluated, 1605 expanded, 212 reopened, t=11.82s]
Best heuristic value: 273/273 [g=188, 2291 evaluated, 1657 expanded, 213 reopened, t=11.84s]
Best heuristic value: 272/273 [g=189, 2307 evaluated, 1666 expanded, 213 reopened, t=11.84s]
Best heuristic value: 249/244 [g=203, 2373 evaluated, 1711 expanded, 213 reopened, t=11.85s]
Best heuristic value: 248/244 [g=204, 2375 evaluated, 1712 expanded, 213 reopened, t=11.85s]
Best heuristic value: 244/244 [g=204, 2377 evaluated, 1713 expanded, 213 reopened, t=11.85s]
Best heuristic value: 244/243 [g=208, 2390 evaluated, 1722 expanded, 213 reopened, t=11.85s]
Best heuristic value: 244/242 [g=214, 2452 evaluated, 1760 expanded, 214 reopened, t=11.86s]
Best heuristic value: 243/242 [g=223, 2495 evaluated, 1790 expanded, 214 reopened, t=11.87s]
Best heuristic value: 210/204 [g=246, 2543 evaluated, 1823 expanded, 214 reopened, t=11.87s]
Best heuristic value: 206/204 [g=247, 2545 evaluated, 1824 expanded, 214 reopened, t=11.87s]
Best heuristic value: 205/204 [g=250, 2558 evaluated, 1831 expanded, 214 reopened, t=11.88s]
Best heuristic value: 205/203 [g=251, 2560 evaluated, 1832 expanded, 214 reopened, t=11.88s]
Best heuristic value: 203/203 [g=255, 2573 evaluated, 1841 expanded, 214 reopened, t=11.88s]
Best heuristic value: 203/201 [g=254, 2615 evaluated, 1872 expanded, 216 reopened, t=11.88s]
Best heuristic value: 200/201 [g=257, 2618 evaluated, 1875 expanded, 216 reopened, t=11.88s]
Best heuristic value: 200/199 [g=258, 2620 evaluated, 1877 expanded, 216 reopened, t=11.88s]
Best heuristic value: 199/199 [g=259, 2637 evaluated, 1894 expanded, 222 reopened, t=11.89s]
Best heuristic value: 174/170 [g=287, 2734 evaluated, 1975 expanded, 228 reopened, t=11.9s]
Best heuristic value: 173/170 [g=288, 2735 evaluated, 1976 expanded, 228 reopened, t=11.9s]
Best heuristic value: 171/170 [g=289, 2736 evaluated, 1977 expanded, 228 reopened, t=11.9s]
Best heuristic value: 169/170 [g=288, 2737 evaluated, 1978 expanded, 228 reopened, t=11.9s]
Best heuristic value: 169/169 [g=292, 2744 evaluated, 1985 expanded, 228 reopened, t=11.9s]
Best heuristic value: 168/169 [g=293, 2747 evaluated, 1988 expanded, 228 reopened, t=11.9s]
Best heuristic value: 131/130 [g=330, 2765 evaluated, 1998 expanded, 228 reopened, t=11.91s]
Best heuristic value: 129/130 [g=331, 2766 evaluated, 1999 expanded, 228 reopened, t=11.91s]
Best heuristic value: 129/128 [g=332, 2767 evaluated, 2000 expanded, 228 reopened, t=11.91s]
Best heuristic value: 126/126 [g=334, 2770 evaluated, 2003 expanded, 228 reopened, t=11.91s]
Best heuristic value: 124/126 [g=335, 2772 evaluated, 2004 expanded, 228 reopened, t=11.91s]
Best heuristic value: 122/125 [g=327, 40402 evaluated, 34913 expanded, 20052 reopened, t=17.48s]
Best heuristic value: 122/122 [g=328, 40403 evaluated, 34914 expanded, 20052 reopened, t=17.48s]
Best heuristic value: 121/122 [g=331, 40407 evaluated, 34916 expanded, 20052 reopened, t=17.48s]
Best heuristic value: 121/121 [g=332, 40408 evaluated, 34917 expanded, 20052 reopened, t=17.48s]
Best heuristic value: 103/103 [g=346, 40421 evaluated, 34923 expanded, 20052 reopened, t=17.48s]
Best heuristic value: 101/103 [g=347, 40423 evaluated, 34924 expanded, 20052 reopened, t=17.48s]
Best heuristic value: 98/101 [g=351, 40426 evaluated, 34926 expanded, 20052 reopened, t=17.49s]
Best heuristic value: 98/98 [g=352, 40427 evaluated, 34927 expanded, 20052 reopened, t=17.49s]
Best heuristic value: 96/98 [g=356, 40431 evaluated, 34930 expanded, 20052 reopened, t=17.49s]
Best heuristic value: 85/82 [g=369, 40444 evaluated, 34938 expanded, 20052 reopened, t=17.49s]
Best heuristic value: 83/82 [g=370, 40445 evaluated, 34939 expanded, 20052 reopened, t=17.49s]
Best heuristic value: 81/82 [g=371, 40446 evaluated, 34940 expanded, 20052 reopened, t=17.49s]
Best heuristic value: 80/82 [g=372, 40449 evaluated, 34943 expanded, 20052 reopened, t=17.49s]
Best heuristic value: 51/53 [g=400, 40458 evaluated, 34949 expanded, 20052 reopened, t=17.49s]
Best heuristic value: 49/52 [g=401, 40460 evaluated, 34951 expanded, 20052 reopened, t=17.49s]
Best heuristic value: 49/49 [g=403, 40461 evaluated, 34952 expanded, 20052 reopened, t=17.49s]
Best heuristic value: 47/47 [g=404, 40462 evaluated, 34953 expanded, 20052 reopened, t=17.49s]
Best heuristic value: 8/8 [g=443, 40469 evaluated, 34958 expanded, 20052 reopened, t=17.49s]
Best heuristic value: 6/6 [g=444, 40470 evaluated, 34959 expanded, 20052 reopened, t=17.49s]
Best heuristic value: 4/4 [g=445, 40471 evaluated, 34960 expanded, 20052 reopened, t=17.49s]
Best heuristic value: 2/2 [g=446, 40472 evaluated, 34961 expanded, 20052 reopened, t=17.49s]
Solution found!
Actual search time: 5.94s [t=17.49s]
slide-base-in b3 carry-in table-in (1)
pickup-component part-a arm tray-a (1)
move-arm arm tray-a table-in (2)
assemble-with-arm part-a attatch-a nothing-done b3 arm table-in (18)
eject-base b3 arm table-in (1)
slide-base-in b1 carry-in table-in (1)
move-arm arm table-in tray-a (2)
move-arm arm tray-a machine-a (4)
set-base b3 arm machine-a (1)
assemble-with-machine b3 machine-a screw-a attatch-a (18)
eject-base b3 arm machine-a (1)
move-arm arm machine-a tray-b (1)
move-arm arm tray-b table2 (3)
set-base b3 arm table2 (1)
pickup-component part-b arm tray-b (1)
move-arm arm tray-b table2 (3)
assemble-with-arm part-b attatch-b screw-a b3 arm table2 (13)
pickup-component part-a arm tray-a (1)
move-arm arm tray-a table-in (2)
assemble-with-arm part-a attatch-a nothing-done b1 arm table-in (18)
eject-base b1 arm table-in (1)
slide-base-in b2 carry-in table-in (1)
move-arm arm table-in tray-a (2)
move-arm arm tray-a machine-a (4)
set-base b1 arm machine-a (1)
assemble-with-machine b1 machine-a screw-a attatch-a (18)
pickup-component part-a arm tray-a (1)
move-arm arm tray-a table-in (2)
assemble-with-arm part-a attatch-a nothing-done b2 arm table-in (18)
pickup-component part-c arm tray-c (1)
move-arm arm tray-c table2 (2)
assemble-with-arm part-c attatch-c attatch-b b3 arm table2 (28)
eject-base b3 arm table2 (1)
move-arm arm table2 tray-c (2)
move-arm arm tray-c machine-b (1)
set-base b3 arm machine-b (1)
eject-base b1 arm machine-a (1)
move-arm arm machine-a tray-b (1)
move-arm arm tray-b table2 (3)
set-base b1 arm table2 (1)
assemble-with-machine b3 machine-b screw-c attatch-c (38)
eject-base b3 arm machine-b (1)
move-arm arm machine-b table-out (1)
set-base b3 arm table-out (1)
slide-base-out b3 table-out carry-out (1)
pickup-component part-b arm tray-b (1)
move-arm arm tray-b table2 (3)
assemble-with-arm part-b attatch-b screw-a b1 arm table2 (13)
pickup-component part-c arm tray-c (1)
move-arm arm tray-c table2 (2)
assemble-with-arm part-c attatch-c attatch-b b1 arm table2 (28)
eject-base b1 arm table2 (1)
move-arm arm table2 tray-c (2)
move-arm arm tray-c machine-b (1)
set-base b1 arm machine-b (1)
assemble-with-machine b1 machine-b screw-c attatch-c (38)
eject-base b1 arm machine-b (1)
move-arm arm machine-b table-out (1)
set-base b1 arm table-out (1)
eject-base b2 arm table-in (1)
slide-base-out b1 table-out carry-out (1)
move-arm arm table-in tray-a (2)
move-arm arm tray-a machine-a (4)
set-base b2 arm machine-a (1)
assemble-with-machine b2 machine-a screw-a attatch-a (18)
eject-base b2 arm machine-a (1)
move-arm arm machine-a tray-b (1)
move-arm arm tray-b table2 (3)
set-base b2 arm table2 (1)
pickup-component part-b arm tray-b (1)
move-arm arm tray-b table2 (3)
assemble-with-arm part-b attatch-b screw-a b2 arm table2 (13)
pickup-component part-c arm tray-c (1)
move-arm arm tray-c table2 (2)
assemble-with-arm part-c attatch-c attatch-b b2 arm table2 (28)
eject-base b2 arm table2 (1)
move-arm arm table2 tray-c (2)
move-arm arm tray-c machine-b (1)
set-base b2 arm machine-b (1)
assemble-with-machine b2 machine-b screw-c attatch-c (38)
eject-base b2 arm machine-b (1)
move-arm arm machine-b table-out (1)
set-base b2 arm table-out (1)
slide-base-out b2 table-out carry-out (1)
Plan length: 84 step(s).
Plan cost: 447
Initial state h value: 423/417.
Expanded 34962 state(s).
Reopened 20052 state(s).
Evaluated 40473 state(s).
Evaluations: 80946
Generated 97486 state(s).
Dead ends: 5510 state(s).
Best solution cost so far: 447
Solution found - keep searching
Starting search: lazy_wastar(list(hff2, hlm2), preferred = list(hff2, hlm2), w = 2)
Conducting lazy best first search, (real) bound = 447
Best heuristic value: 423/417 [g=0, 1 evaluated, 0 expanded, t=17.49s]
Best heuristic value: 422/415 [g=1, 3 evaluated, 1 expanded, t=17.49s]
Best heuristic value: 420/415 [g=2, 5 evaluated, 2 expanded, t=17.49s]
Best heuristic value: 419/415 [g=2, 6 evaluated, 3 expanded, t=17.49s]
Best heuristic value: 417/415 [g=6, 14 evaluated, 10 expanded, t=17.49s]
Best heuristic value: 417/414 [g=9, 42 evaluated, 33 expanded, t=17.49s]
Best heuristic value: 417/411 [g=10, 43 evaluated, 34 expanded, t=17.49s]
Best heuristic value: 415/411 [g=12, 50 evaluated, 39 expanded, t=17.49s]
Best heuristic value: 415/410 [g=14, 53 evaluated, 42 expanded, t=17.49s]
Best heuristic value: 413/410 [g=20, 71 evaluated, 54 expanded, t=17.5s]
Best heuristic value: 413/406 [g=22, 288 evaluated, 213 expanded, t=17.52s]
Best heuristic value: 412/406 [g=31, 537 evaluated, 389 expanded, 14 reopened, t=17.55s]
Best heuristic value: 403/396 [g=22, 1013 evaluated, 746 expanded, 131 reopened, t=17.62s]
Best heuristic value: 399/396 [g=23, 1015 evaluated, 747 expanded, 131 reopened, t=17.62s]
Best heuristic value: 398/396 [g=24, 1017 evaluated, 749 expanded, 131 reopened, t=17.62s]
Best heuristic value: 396/393 [g=30, 1023 evaluated, 754 expanded, 131 reopened, t=17.62s]
Best heuristic value: 396/390 [g=31, 1024 evaluated, 755 expanded, 131 reopened, t=17.62s]
Best heuristic value: 394/390 [g=33, 1034 evaluated, 762 expanded, 131 reopened, t=17.62s]
Best heuristic value: 394/389 [g=35, 1044 evaluated, 771 expanded, 131 reopened, t=17.62s]
Best heuristic value: 392/389 [g=40, 1072 evaluated, 792 expanded, 131 reopened, t=17.62s]
Best heuristic value: 379/371 [g=49, 1108 evaluated, 817 expanded, 131 reopened, t=17.63s]
Best heuristic value: 375/371 [g=50, 1110 evaluated, 818 expanded, 131 reopened, t=17.63s]
Best heuristic value: 374/371 [g=54, 1117 evaluated, 824 expanded, 131 reopened, t=17.63s]
Best heuristic value: 374/368 [g=55, 1118 evaluated, 825 expanded, 131 reopened, t=17.63s]
Best heuristic value: 373/368 [g=57, 1122 evaluated, 828 expanded, 131 reopened, t=17.63s]
Best heuristic value: 371/368 [g=60, 1132 evaluated, 838 expanded, 131 reopened, t=17.63s]
Best heuristic value: 371/364 [g=63, 1150 evaluated, 848 expanded, 131 reopened, t=17.63s]
Best heuristic value: 370/364 [g=74, 1192 evaluated, 879 expanded, 131 reopened, t=17.64s]
Best heuristic value: 363/354 [g=72, 1351 evaluated, 994 expanded, 151 reopened, t=17.66s]
Best heuristic value: 360/354 [g=73, 1352 evaluated, 995 expanded, 151 reopened, t=17.66s]
Best heuristic value: 358/354 [g=74, 1353 evaluated, 996 expanded, 151 reopened, t=17.66s]
Best heuristic value: 357/354 [g=79, 1375 evaluated, 1015 expanded, 151 reopened, t=17.66s]
Best heuristic value: 357/350 [g=80, 1386 evaluated, 1022 expanded, 151 reopened, t=17.66s]
Best heuristic value: 356/350 [g=83, 1393 evaluated, 1029 expanded, 151 reopened, t=17.66s]
Best heuristic value: 355/350 [g=95, 1591 evaluated, 1177 expanded, 168 reopened, t=17.69s]
Best heuristic value: 344/335 [g=93, 1625 evaluated, 1202 expanded, 178 reopened, t=17.7s]
Best heuristic value: 341/335 [g=94, 1626 evaluated, 1203 expanded, 178 reopened, t=17.7s]
Best heuristic value: 339/335 [g=95, 1627 evaluated, 1204 expanded, 178 reopened, t=17.7s]
Best heuristic value: 338/335 [g=95, 1633 evaluated, 1210 expanded, 178 reopened, t=17.7s]
Best heuristic value: 338/329 [g=101, 1636 evaluated, 1213 expanded, 178 reopened, t=17.7s]
Best heuristic value: 337/329 [g=103, 1639 evaluated, 1216 expanded, 178 reopened, t=17.7s]
Best heuristic value: 335/329 [g=104, 1641 evaluated, 1218 expanded, 178 reopened, t=17.7s]
Best heuristic value: 321/310 [g=120, 1726 evaluated, 1280 expanded, 183 reopened, t=17.71s]
Best heuristic value: 318/310 [g=121, 1727 evaluated, 1281 expanded, 183 reopened, t=17.71s]
Best heuristic value: 316/310 [g=122, 1728 evaluated, 1282 expanded, 183 reopened, t=17.71s]
Best heuristic value: 315/310 [g=126, 1742 evaluated, 1296 expanded, 183 reopened, t=17.71s]
Best heuristic value: 314/310 [g=130, 1764 evaluated, 1310 expanded, 183 reopened, t=17.72s]
Best heuristic value: 314/308 [g=131, 1765 evaluated, 1311 expanded, 183 reopened, t=17.72s]
Best heuristic value: 313/308 [g=135, 1831 evaluated, 1359 expanded, 188 reopened, t=17.72s]
Best heuristic value: 303/294 [g=148, 1941 evaluated, 1433 expanded, 188 reopened, t=17.74s]
Best heuristic value: 301/294 [g=149, 1942 evaluated, 1434 expanded, 188 reopened, t=17.74s]
Best heuristic value: 300/294 [g=149, 1944 evaluated, 1436 expanded, 188 reopened, t=17.74s]
Best heuristic value: 299/294 [g=151, 1966 evaluated, 1454 expanded, 188 reopened, t=17.74s]
Best heuristic value: 298/294 [g=166, 2051 evaluated, 1515 expanded, 189 reopened, t=17.76s]
Best heuristic value: 297/294 [g=168, 2154 evaluated, 1575 expanded, 189 reopened, t=17.77s]
Best heuristic value: 280/273 [g=169, 2163 evaluated, 1580 expanded, 189 reopened, t=17.77s]
Best heuristic value: 278/273 [g=170, 2164 evaluated, 1581 expanded, 189 reopened, t=17.77s]
Best heuristic value: 277/273 [g=170, 2166 evaluated, 1583 expanded, 189 reopened, t=17.77s]
Best heuristic value: 276/273 [g=172, 2183 evaluated, 1597 expanded, 189 reopened, t=17.78s]
Best heuristic value: 275/273 [g=187, 2260 evaluated, 1647 expanded, 190 reopened, t=17.78s]
Best heuristic value: 274/273 [g=189, 2312 evaluated, 1680 expanded, 190 reopened, t=17.79s]
Best heuristic value: 251/244 [g=200, 2342 evaluated, 1702 expanded, 190 reopened, t=17.8s]
Best heuristic value: 249/244 [g=201, 2343 evaluated, 1703 expanded, 190 reopened, t=17.8s]
Best heuristic value: 246/244 [g=201, 2345 evaluated, 1705 expanded, 190 reopened, t=17.8s]
Best heuristic value: 246/243 [g=208, 2374 evaluated, 1727 expanded, 190 reopened, t=17.8s]
Best heuristic value: 246/242 [g=214, 2421 evaluated, 1756 expanded, 191 reopened, t=17.8s]
Best heuristic value: 244/242 [g=218, 2430 evaluated, 1765 expanded, 191 reopened, t=17.81s]
Best heuristic value: 243/242 [g=223, 2481 evaluated, 1797 expanded, 191 reopened, t=17.81s]
Best heuristic value: 210/204 [g=246, 2514 evaluated, 1817 expanded, 191 reopened, t=17.82s]
Best heuristic value: 206/204 [g=247, 2516 evaluated, 1818 expanded, 191 reopened, t=17.82s]
Best heuristic value: 205/204 [g=250, 2529 evaluated, 1825 expanded, 191 reopened, t=17.82s]
Best heuristic value: 205/203 [g=251, 2531 evaluated, 1826 expanded, 191 reopened, t=17.82s]
Best heuristic value: 203/203 [g=255, 2543 evaluated, 1835 expanded, 191 reopened, t=17.82s]
Best heuristic value: 203/201 [g=254, 2563 evaluated, 1850 expanded, 191 reopened, t=17.82s]
Best heuristic value: 200/201 [g=257, 2566 evaluated, 1853 expanded, 191 reopened, t=17.83s]
Best heuristic value: 200/199 [g=258, 2568 evaluated, 1855 expanded, 191 reopened, t=17.83s]
Best heuristic value: 199/199 [g=259, 2589 evaluated, 1876 expanded, 197 reopened, t=17.83s]
Best heuristic value: 174/170 [g=287, 2705 evaluated, 1969 expanded, 203 reopened, t=17.85s]
Best heuristic value: 173/170 [g=288, 2706 evaluated, 1970 expanded, 203 reopened, t=17.85s]
Best heuristic value: 171/170 [g=289, 2707 evaluated, 1971 expanded, 203 reopened, t=17.85s]
Best heuristic value: 169/170 [g=288, 2708 evaluated, 1972 expanded, 203 reopened, t=17.85s]
Best heuristic value: 169/169 [g=292, 2715 evaluated, 1979 expanded, 203 reopened, t=17.85s]
Best heuristic value: 168/169 [g=293, 2718 evaluated, 1982 expanded, 203 reopened, t=17.85s]
Best heuristic value: 131/130 [g=330, 2736 evaluated, 1992 expanded, 203 reopened, t=17.85s]
Best heuristic value: 129/130 [g=331, 2737 evaluated, 1993 expanded, 203 reopened, t=17.85s]
Best heuristic value: 129/128 [g=332, 2738 evaluated, 1994 expanded, 203 reopened, t=17.85s]
Best heuristic value: 126/126 [g=334, 2741 evaluated, 1997 expanded, 203 reopened, t=17.85s]
Best heuristic value: 124/126 [g=335, 2743 evaluated, 1998 expanded, 203 reopened, t=17.85s]
Best heuristic value: 122/125 [g=327, 41656 evaluated, 34959 expanded, 17228 reopened, t=23.61s]
Best heuristic value: 122/122 [g=328, 41657 evaluated, 34960 expanded, 17228 reopened, t=23.61s]
Best heuristic value: 121/122 [g=331, 41667 evaluated, 34966 expanded, 17228 reopened, t=23.61s]
Best heuristic value: 121/121 [g=332, 41668 evaluated, 34967 expanded, 17228 reopened, t=23.61s]
Best heuristic value: 103/103 [g=346, 41697 evaluated, 34982 expanded, 17228 reopened, t=23.61s]
Best heuristic value: 101/103 [g=347, 41699 evaluated, 34983 expanded, 17228 reopened, t=23.61s]
Best heuristic value: 98/101 [g=351, 41702 evaluated, 34985 expanded, 17228 reopened, t=23.61s]
Best heuristic value: 98/98 [g=352, 41703 evaluated, 34986 expanded, 17228 reopened, t=23.61s]
Best heuristic value: 96/98 [g=356, 41707 evaluated, 34989 expanded, 17228 reopened, t=23.62s]
Best heuristic value: 85/82 [g=369, 41720 evaluated, 34997 expanded, 17228 reopened, t=23.62s]
Best heuristic value: 83/82 [g=370, 41721 evaluated, 34998 expanded, 17228 reopened, t=23.62s]
Best heuristic value: 81/82 [g=371, 41722 evaluated, 34999 expanded, 17228 reopened, t=23.62s]
Best heuristic value: 80/82 [g=372, 41725 evaluated, 35002 expanded, 17228 reopened, t=23.62s]
Best heuristic value: 51/53 [g=400, 41734 evaluated, 35008 expanded, 17228 reopened, t=23.62s]
Best heuristic value: 49/52 [g=401, 41736 evaluated, 35010 expanded, 17228 reopened, t=23.62s]
Best heuristic value: 49/49 [g=403, 41737 evaluated, 35011 expanded, 17228 reopened, t=23.62s]
Best heuristic value: 47/47 [g=404, 41738 evaluated, 35012 expanded, 17228 reopened, t=23.62s]
Best heuristic value: 8/8 [g=443, 41745 evaluated, 35017 expanded, 17228 reopened, t=23.62s]
Best heuristic value: 6/6 [g=444, 41746 evaluated, 35018 expanded, 17228 reopened, t=23.62s]
Best heuristic value: 4/4 [g=445, 41747 evaluated, 35019 expanded, 17228 reopened, t=23.62s]
Best heuristic value: 2/2 [g=446, 41748 evaluated, 35020 expanded, 17228 reopened, t=23.62s]
Completely explored state space -- no solution!
Actual search time: 181.52s [t=199.01s]
Initial state h value: 423/417.
Expanded 957946 state(s).
Reopened 642955 state(s).
Evaluated 1100931 state(s).
Evaluations: 2201862
Generated 2770800 state(s).
Dead ends: 142985 state(s).
Best solution cost so far: 447
No solution found - keep searching
Starting search: lazy_wastar(list(hff2, hlm2), preferred = list(hff2, hlm2), w = 1)
Conducting lazy best first search, (real) bound = 447
Best heuristic value: 423/417 [g=0, 1 evaluated, 0 expanded, t=199.01s]
Best heuristic value: 422/415 [g=1, 3 evaluated, 1 expanded, t=199.01s]
Best heuristic value: 420/415 [g=2, 6 evaluated, 3 expanded, t=199.01s]
Best heuristic value: 419/415 [g=2, 7 evaluated, 4 expanded, t=199.01s]
Best heuristic value: 417/415 [g=6, 36 evaluated, 27 expanded, t=199.02s]
Best heuristic value: 417/414 [g=9, 44 evaluated, 35 expanded, t=199.02s]
Best heuristic value: 417/411 [g=10, 45 evaluated, 36 expanded, t=199.02s]
Best heuristic value: 415/411 [g=12, 50 evaluated, 39 expanded, t=199.02s]
Best heuristic value: 415/410 [g=14, 112 evaluated, 91 expanded, t=199.02s]
Best heuristic value: 413/410 [g=19, 177 evaluated, 139 expanded, t=199.03s]
Best heuristic value: 413/406 [g=22, 308 evaluated, 233 expanded, t=199.05s]
Best heuristic value: 412/406 [g=29, 606 evaluated, 453 expanded, 30 reopened, t=199.09s]
Best heuristic value: 403/396 [g=22, 612 evaluated, 459 expanded, 30 reopened, t=199.09s]
Best heuristic value: 399/396 [g=23, 614 evaluated, 460 expanded, 30 reopened, t=199.09s]
Best heuristic value: 398/396 [g=24, 616 evaluated, 462 expanded, 30 reopened, t=199.09s]
Best heuristic value: 396/393 [g=30, 622 evaluated, 467 expanded, 30 reopened, t=199.09s]
Best heuristic value: 396/390 [g=31, 623 evaluated, 468 expanded, 30 reopened, t=199.09s]
Best heuristic value: 394/390 [g=33, 632 evaluated, 475 expanded, 30 reopened, t=199.09s]
Best heuristic value: 394/389 [g=35, 644 evaluated, 485 expanded, 30 reopened, t=199.09s]
Best heuristic value: 392/389 [g=40, 691 evaluated, 521 expanded, 30 reopened, t=199.1s]
Best heuristic value: 392/385 [g=43, 709 evaluated, 532 expanded, 30 reopened, t=199.1s]
Best heuristic value: 379/371 [g=49, 1346 evaluated, 995 expanded, 50 reopened, t=199.18s]
Best heuristic value: 375/371 [g=50, 1348 evaluated, 996 expanded, 50 reopened, t=199.18s]
Best heuristic value: 374/371 [g=54, 1355 evaluated, 1002 expanded, 50 reopened, t=199.18s]
Best heuristic value: 374/368 [g=55, 1356 evaluated, 1003 expanded, 50 reopened, t=199.18s]
Best heuristic value: 373/368 [g=57, 1364 evaluated, 1010 expanded, 50 reopened, t=199.18s]
Best heuristic value: 371/368 [g=60, 1381 evaluated, 1022 expanded, 50 reopened, t=199.18s]
Best heuristic value: 371/364 [g=63, 1389 evaluated, 1028 expanded, 50 reopened, t=199.18s]
Best heuristic value: 370/364 [g=70, 1479 evaluated, 1095 expanded, 58 reopened, t=199.2s]
Best heuristic value: 363/354 [g=72, 3464 evaluated, 2519 expanded, 206 reopened, t=199.45s]
Best heuristic value: 360/354 [g=73, 3465 evaluated, 2520 expanded, 206 reopened, t=199.45s]
Best heuristic value: 358/354 [g=74, 3466 evaluated, 2521 expanded, 206 reopened, t=199.45s]
Best heuristic value: 357/354 [g=79, 3493 evaluated, 2543 expanded, 206 reopened, t=199.46s]
Best heuristic value: 357/350 [g=80, 3501 evaluated, 2550 expanded, 206 reopened, t=199.46s]
Best heuristic value: 356/350 [g=83, 3539 evaluated, 2579 expanded, 206 reopened, t=199.46s]
Best heuristic value: 354/350 [g=72, 4533 evaluated, 3298 expanded, 254 reopened, t=199.59s]
Best heuristic value: 354/349 [g=76, 4536 evaluated, 3301 expanded, 254 reopened, t=199.59s]
Best heuristic value: 352/349 [g=78, 4543 evaluated, 3307 expanded, 254 reopened, t=199.59s]
Best heuristic value: 350/349 [g=81, 4554 evaluated, 3316 expanded, 254 reopened, t=199.59s]
Best heuristic value: 350/343 [g=84, 4569 evaluated, 3326 expanded, 254 reopened, t=199.59s]
Best heuristic value: 349/343 [g=91, 4654 evaluated, 3389 expanded, 260 reopened, t=199.6s]
Best heuristic value: 335/324 [g=103, 5021 evaluated, 3642 expanded, 283 reopened, t=199.65s]
Best heuristic value: 332/324 [g=104, 5023 evaluated, 3643 expanded, 283 reopened, t=199.65s]
Best heuristic value: 331/324 [g=104, 5024 evaluated, 3644 expanded, 283 reopened, t=199.65s]
Best heuristic value: 329/324 [g=109, 5034 evaluated, 3654 expanded, 283 reopened, t=199.65s]
Best heuristic value: 328/324 [g=113, 5058 evaluated, 3670 expanded, 283 reopened, t=199.65s]
Best heuristic value: 328/322 [g=114, 5059 evaluated, 3671 expanded, 283 reopened, t=199.66s]
Best heuristic value: 327/322 [g=116, 8344 evaluated, 6025 expanded, 536 reopened, t=200.08s]
Best heuristic value: 321/310 [g=120, 8911 evaluated, 6480 expanded, 746 reopened, t=200.16s]
Best heuristic value: 318/310 [g=121, 8912 evaluated, 6481 expanded, 746 reopened, t=200.16s]
Best heuristic value: 316/310 [g=122, 8913 evaluated, 6482 expanded, 746 reopened, t=200.16s]
Best heuristic value: 315/310 [g=126, 8927 evaluated, 6496 expanded, 746 reopened, t=200.16s]
Best heuristic value: 314/310 [g=130, 8950 evaluated, 6511 expanded, 746 reopened, t=200.17s]
Best heuristic value: 314/308 [g=131, 8951 evaluated, 6512 expanded, 746 reopened, t=200.17s]
Best heuristic value: 313/308 [g=135, 12722 evaluated, 9346 expanded, 1014 reopened, t=200.69s]
Best heuristic value: 312/303 [g=124, 15456 evaluated, 11271 expanded, 1710 reopened, t=201.12s]
Best heuristic value: 309/303 [g=125, 15458 evaluated, 11272 expanded, 1710 reopened, t=201.12s]
Best heuristic value: 308/303 [g=125, 15459 evaluated, 11273 expanded, 1710 reopened, t=201.12s]
Best heuristic value: 306/303 [g=130, 15468 evaluated, 11282 expanded, 1710 reopened, t=201.12s]
Best heuristic value: 305/303 [g=134, 15486 evaluated, 11292 expanded, 1710 reopened, t=201.13s]
Best heuristic value: 305/301 [g=135, 15487 evaluated, 11293 expanded, 1710 reopened, t=201.13s]
Best heuristic value: 304/301 [g=139, 15514 evaluated, 11309 expanded, 1711 reopened, t=201.13s]
Best heuristic value: 298/289 [g=141, 15528 evaluated, 11319 expanded, 1711 reopened, t=201.13s]
Best heuristic value: 295/289 [g=142, 15529 evaluated, 11320 expanded, 1711 reopened, t=201.13s]
Best heuristic value: 293/289 [g=143, 15530 evaluated, 11321 expanded, 1711 reopened, t=201.13s]
Best heuristic value: 292/289 [g=147, 15543 evaluated, 11334 expanded, 1711 reopened, t=201.14s]
Best heuristic value: 291/289 [g=151, 15562 evaluated, 11345 expanded, 1711 reopened, t=201.14s]
Best heuristic value: 291/287 [g=152, 15563 evaluated, 11346 expanded, 1711 reopened, t=201.14s]
Best heuristic value: 290/287 [g=156, 15598 evaluated, 11368 expanded, 1714 reopened, t=201.14s]
Best heuristic value: 280/273 [g=169, 17874 evaluated, 13041 expanded, 2196 reopened, t=201.52s]
Best heuristic value: 278/273 [g=170, 17875 evaluated, 13042 expanded, 2196 reopened, t=201.52s]
Best heuristic value: 277/273 [g=170, 17877 evaluated, 13044 expanded, 2196 reopened, t=201.52s]
Best heuristic value: 276/273 [g=172, 17892 evaluated, 13057 expanded, 2196 reopened, t=201.52s]
Best heuristic value: 269/260 [g=172, 32461 evaluated, 24352 expanded, 7729 reopened, t=203.64s]
Best heuristic value: 266/260 [g=173, 32462 evaluated, 24353 expanded, 7729 reopened, t=203.64s]
Best heuristic value: 264/260 [g=174, 32463 evaluated, 24354 expanded, 7729 reopened, t=203.64s]
Best heuristic value: 263/260 [g=176, 32471 evaluated, 24362 expanded, 7729 reopened, t=203.64s]
Best heuristic value: 263/259 [g=177, 32472 evaluated, 24363 expanded, 7729 reopened, t=203.64s]
Best heuristic value: 261/259 [g=178, 32475 evaluated, 24366 expanded, 7729 reopened, t=203.64s]
Best heuristic value: 260/259 [g=182, 32491 evaluated, 24374 expanded, 7729 reopened, t=203.64s]
Best heuristic value: 260/256 [g=183, 32492 evaluated, 24375 expanded, 7729 reopened, t=203.64s]
Best heuristic value: 259/256 [g=187, 32533 evaluated, 24402 expanded, 7733 reopened, t=203.65s]
Best heuristic value: 249/242 [g=200, 32581 evaluated, 24438 expanded, 7737 reopened, t=203.66s]
Best heuristic value: 247/242 [g=201, 32582 evaluated, 24439 expanded, 7737 reopened, t=203.66s]
Best heuristic value: 246/242 [g=201, 32584 evaluated, 24441 expanded, 7737 reopened, t=203.66s]
Best heuristic value: 245/242 [g=203, 32599 evaluated, 24454 expanded, 7737 reopened, t=203.66s]
Best heuristic value: 242/237 [g=198, 43274 evaluated, 32053 expanded, 8696 reopened, t=205.11s]
Best heuristic value: 238/237 [g=199, 43276 evaluated, 32054 expanded, 8696 reopened, t=205.11s]
Best heuristic value: 237/237 [g=203, 43282 evaluated, 32059 expanded, 8696 reopened, t=205.11s]
Best heuristic value: 237/234 [g=204, 43283 evaluated, 32060 expanded, 8696 reopened, t=205.11s]
Best heuristic value: 236/234 [g=208, 43307 evaluated, 32077 expanded, 8696 reopened, t=205.11s]
Best heuristic value: 226/220 [g=221, 43946 evaluated, 32633 expanded, 8820 reopened, t=205.2s]
Best heuristic value: 225/220 [g=222, 43947 evaluated, 32634 expanded, 8820 reopened, t=205.2s]
Best heuristic value: 223/220 [g=222, 43948 evaluated, 32635 expanded, 8820 reopened, t=205.2s]
Best heuristic value: 222/220 [g=224, 43964 evaluated, 32649 expanded, 8820 reopened, t=205.21s]
Best heuristic value: 219/216 [g=219, 44034 evaluated, 32701 expanded, 8820 reopened, t=205.22s]
Best heuristic value: 215/216 [g=220, 44036 evaluated, 32702 expanded, 8820 reopened, t=205.22s]
Best heuristic value: 214/216 [g=224, 44040 evaluated, 32705 expanded, 8820 reopened, t=205.22s]
Best heuristic value: 214/213 [g=225, 44041 evaluated, 32706 expanded, 8820 reopened, t=205.22s]
Best heuristic value: 213/213 [g=229, 44055 evaluated, 32716 expanded, 8820 reopened, t=205.22s]
Best heuristic value: 203/199 [g=242, 44063 evaluated, 32721 expanded, 8820 reopened, t=205.22s]
Best heuristic value: 202/199 [g=243, 44064 evaluated, 32722 expanded, 8820 reopened, t=205.22s]
Best heuristic value: 200/199 [g=243, 44065 evaluated, 32723 expanded, 8820 reopened, t=205.22s]
Best heuristic value: 199/199 [g=245, 44072 evaluated, 32730 expanded, 8820 reopened, t=205.22s]
Best heuristic value: 199/195 [g=249, 95482 evaluated, 72562 expanded, 16596 reopened, t=212.25s]
Best heuristic value: 197/195 [g=251, 95484 evaluated, 72564 expanded, 16596 reopened, t=212.25s]
Best heuristic value: 195/195 [g=252, 95485 evaluated, 72565 expanded, 16596 reopened, t=212.25s]
Best heuristic value: 194/195 [g=253, 95490 evaluated, 72570 expanded, 16596 reopened, t=212.26s]
Best heuristic value: 194/190 [g=251, 142581 evaluated, 105303 expanded, 23157 reopened, t=218.84s]
Best heuristic value: 190/190 [g=252, 142583 evaluated, 105304 expanded, 23157 reopened, t=218.84s]
Best heuristic value: 189/190 [g=255, 142587 evaluated, 105308 expanded, 23157 reopened, t=218.84s]
Best heuristic value: 189/186 [g=261, 142606 evaluated, 105320 expanded, 23157 reopened, t=218.85s]
Best heuristic value: 180/176 [g=268, 142641 evaluated, 105344 expanded, 23157 reopened, t=218.85s]
Best heuristic value: 178/176 [g=269, 142642 evaluated, 105345 expanded, 23157 reopened, t=218.85s]
Best heuristic value: 176/176 [g=270, 142643 evaluated, 105346 expanded, 23157 reopened, t=218.85s]
Best heuristic value: 175/176 [g=271, 142649 evaluated, 105352 expanded, 23157 reopened, t=218.85s]
Best heuristic value: 175/172 [g=278, 142669 evaluated, 105365 expanded, 23157 reopened, t=218.85s]
Best heuristic value: 174/172 [g=280, 148295 evaluated, 109277 expanded, 23721 reopened, t=219.64s]
Best heuristic value: 173/172 [g=283, 164630 evaluated, 120530 expanded, 25852 reopened, t=221.98s]
Best heuristic value: 162/156 [g=296, 225558 evaluated, 162020 expanded, 32155 reopened, t=231.08s]
Best heuristic value: 159/156 [g=297, 225559 evaluated, 162021 expanded, 32155 reopened, t=231.08s]
Best heuristic value: 158/156 [g=298, 225563 evaluated, 162025 expanded, 32155 reopened, t=231.08s]
Best heuristic value: 157/156 [g=299, 225569 evaluated, 162030 expanded, 32155 reopened, t=231.09s]
Best heuristic value: 151/147 [g=299, 264152 evaluated, 189675 expanded, 39529 reopened, t=237.25s]
Best heuristic value: 149/147 [g=300, 264153 evaluated, 189676 expanded, 39529 reopened, t=237.25s]
Best heuristic value: 147/147 [g=301, 264154 evaluated, 189677 expanded, 39529 reopened, t=237.25s]
Best heuristic value: 145/147 [g=300, 264155 evaluated, 189678 expanded, 39529 reopened, t=237.25s]
Best heuristic value: 145/146 [g=304, 264161 evaluated, 189684 expanded, 39529 reopened, t=237.25s]
Best heuristic value: 144/141 [g=309, 264178 evaluated, 189694 expanded, 39529 reopened, t=237.25s]
Best heuristic value: 142/141 [g=314, 264199 evaluated, 189709 expanded, 39532 reopened, t=237.25s]
Best heuristic value: 131/125 [g=327, 264232 evaluated, 189732 expanded, 39532 reopened, t=237.26s]
Best heuristic value: 128/125 [g=328, 264233 evaluated, 189733 expanded, 39532 reopened, t=237.26s]
Best heuristic value: 127/125 [g=329, 264238 evaluated, 189738 expanded, 39532 reopened, t=237.26s]
Best heuristic value: 126/125 [g=330, 264243 evaluated, 189742 expanded, 39532 reopened, t=237.26s]
Best heuristic value: 124/125 [g=321, 354156 evaluated, 256736 expanded, 58332 reopened, t=251.18s]
Best heuristic value: 122/125 [g=327, 354422 evaluated, 256957 expanded, 58334 reopened, t=251.22s]
Best heuristic value: 122/122 [g=328, 354423 evaluated, 256958 expanded, 58334 reopened, t=251.22s]
Best heuristic value: 121/122 [g=331, 354428 evaluated, 256961 expanded, 58334 reopened, t=251.22s]
Best heuristic value: 121/121 [g=332, 354430 evaluated, 256963 expanded, 58334 reopened, t=251.22s]
Best heuristic value: 103/103 [g=346, 354445 evaluated, 256971 expanded, 58334 reopened, t=251.23s]
Best heuristic value: 101/103 [g=347, 354447 evaluated, 256972 expanded, 58334 reopened, t=251.23s]
Best heuristic value: 98/101 [g=351, 354450 evaluated, 256974 expanded, 58334 reopened, t=251.23s]
Best heuristic value: 98/98 [g=352, 354451 evaluated, 256975 expanded, 58334 reopened, t=251.23s]
Best heuristic value: 96/98 [g=356, 354460 evaluated, 256981 expanded, 58334 reopened, t=251.23s]
Best heuristic value: 85/82 [g=369, 354468 evaluated, 256986 expanded, 58334 reopened, t=251.23s]
Best heuristic value: 83/82 [g=370, 354469 evaluated, 256987 expanded, 58334 reopened, t=251.23s]
Best heuristic value: 81/82 [g=371, 354470 evaluated, 256988 expanded, 58334 reopened, t=251.23s]
Best heuristic value: 80/82 [g=372, 354473 evaluated, 256991 expanded, 58334 reopened, t=251.23s]
Best heuristic value: 51/53 [g=400, 354484 evaluated, 256999 expanded, 58334 reopened, t=251.23s]
Best heuristic value: 49/52 [g=401, 354486 evaluated, 257001 expanded, 58334 reopened, t=251.23s]
Best heuristic value: 49/49 [g=403, 354487 evaluated, 257002 expanded, 58334 reopened, t=251.23s]
Best heuristic value: 47/47 [g=404, 354488 evaluated, 257003 expanded, 58334 reopened, t=251.23s]
Best heuristic value: 8/8 [g=443, 430085 evaluated, 317290 expanded, 76056 reopened, t=262.85s]
Best heuristic value: 6/6 [g=444, 430086 evaluated, 317291 expanded, 76056 reopened, t=262.85s]
Best heuristic value: 4/4 [g=445, 430087 evaluated, 317292 expanded, 76056 reopened, t=262.85s]
Best heuristic value: 2/2 [g=446, 430088 evaluated, 317293 expanded, 76056 reopened, t=262.85s]
Completely explored state space -- no solution!
Actual search time: 86.43s [t=285.44s]
Initial state h value: 423/417.
Expanded 405336 state(s).
Reopened 90345 state(s).
Evaluated 548321 state(s).
Evaluations: 1096642
Generated 1187712 state(s).
Dead ends: 142985 state(s).
Best solution cost so far: 447
No solution found - keep searching
Actual search time: 285.42s [t=285.44s]
Cumulative statistics:
Expanded 1461241 state(s).
Reopened 768307 state(s).
Evaluated 1773596 state(s).
Evaluations: 3547192
Generated 4230518 state(s).
Dead ends: 0 state(s).
Search time: 285.42s
Total time: 285.44s
Solution found.
Peak memory: 150456 KB
